# ali-to-post "ark:gunzip -c exp2/tri3a_ali/pre_ali.25.gz|" ark:- | weight-silence-post 0.0 1:2:3:4:5:6:7:8:9:10:11:12:13:14:15:16:17:18:19:20 exp2/tri3a/final.mdl ark:- ark:- | gmm-est-fmllr --fmllr-update-type=full --spk2utt=ark:data/st_ihm_all/train/split30/25/spk2utt exp2/tri3a/final.mdl "ark,s,cs:apply-cmvn  --utt2spk=ark:data/st_ihm_all/train/split30/25/utt2spk scp:data/st_ihm_all/train/split30/25/cmvn.scp scp:data/st_ihm_all/train/split30/25/feats.scp ark:- | splice-feats --left-context=3 --right-context=3 ark:- ark:- | transform-feats exp2/tri3a/final.mat ark:- ark:- |" ark,s,cs:- ark:exp2/tri3a_ali/trans.25 
# Started at Thu Nov  1 01:42:31 EDT 2018
#
weight-silence-post 0.0 1:2:3:4:5:6:7:8:9:10:11:12:13:14:15:16:17:18:19:20 exp2/tri3a/final.mdl ark:- ark:- 
ali-to-post 'ark:gunzip -c exp2/tri3a_ali/pre_ali.25.gz|' ark:- 
gmm-est-fmllr --fmllr-update-type=full --spk2utt=ark:data/st_ihm_all/train/split30/25/spk2utt exp2/tri3a/final.mdl 'ark,s,cs:apply-cmvn  --utt2spk=ark:data/st_ihm_all/train/split30/25/utt2spk scp:data/st_ihm_all/train/split30/25/cmvn.scp scp:data/st_ihm_all/train/split30/25/feats.scp ark:- | splice-feats --left-context=3 --right-context=3 ark:- ark:- | transform-feats exp2/tri3a/final.mat ark:- ark:- |' ark,s,cs:- ark:exp2/tri3a_ali/trans.25 
transform-feats exp2/tri3a/final.mat ark:- ark:- 
splice-feats --left-context=3 --right-context=3 ark:- ark:- 
apply-cmvn --utt2spk=ark:data/st_ihm_all/train/split30/25/utt2spk scp:data/st_ihm_all/train/split30/25/cmvn.scp scp:data/st_ihm_all/train/split30/25/feats.scp ark:- 
LOG (gmm-est-fmllr[5.4.105~1-4fda]:ComputeFmllrMatrixDiagGmmFull():fmllr-diag-gmm.cc:262) fMLLR objf improvement is 2.75119 per frame over 1734 frames.
LOG (gmm-est-fmllr[5.4.105~1-4fda]:main():gmm-est-fmllr.cc:143) For speaker AMI_TS3006a_H02_MTD022ID-10, auxf-impr from fMLLR is 2.75119, over 1734 frames.
LOG (gmm-est-fmllr[5.4.105~1-4fda]:ComputeFmllrMatrixDiagGmmFull():fmllr-diag-gmm.cc:262) fMLLR objf improvement is 3.35675 per frame over 1452 frames.
LOG (gmm-est-fmllr[5.4.105~1-4fda]:main():gmm-est-fmllr.cc:143) For speaker AMI_TS3006a_H03_MTD024ME-01, auxf-impr from fMLLR is 3.35675, over 1452 frames.
LOG (gmm-est-fmllr[5.4.105~1-4fda]:ComputeFmllrMatrixDiagGmmFull():fmllr-diag-gmm.cc:262) fMLLR objf improvement is 3.2086 per frame over 1663 frames.
LOG (gmm-est-fmllr[5.4.105~1-4fda]:main():gmm-est-fmllr.cc:143) For speaker AMI_TS3006a_H03_MTD024ME-02, auxf-impr from fMLLR is 3.2086, over 1663 frames.
LOG (gmm-est-fmllr[5.4.105~1-4fda]:ComputeFmllrMatrixDiagGmmFull():fmllr-diag-gmm.cc:262) fMLLR objf improvement is 3.87808 per frame over 1564 frames.
LOG (gmm-est-fmllr[5.4.105~1-4fda]:main():gmm-est-fmllr.cc:143) For speaker AMI_TS3006a_H03_MTD024ME-03, auxf-impr from fMLLR is 3.87808, over 1564 frames.
LOG (gmm-est-fmllr[5.4.105~1-4fda]:ComputeFmllrMatrixDiagGmmFull():fmllr-diag-gmm.cc:262) fMLLR objf improvement is 2.85335 per frame over 1876 frames.
LOG (gmm-est-fmllr[5.4.105~1-4fda]:main():gmm-est-fmllr.cc:143) For speaker AMI_TS3006a_H03_MTD024ME-04, auxf-impr from fMLLR is 2.85335, over 1876 frames.
LOG (gmm-est-fmllr[5.4.105~1-4fda]:ComputeFmllrMatrixDiagGmmFull():fmllr-diag-gmm.cc:262) fMLLR objf improvement is 2.50177 per frame over 2218 frames.
LOG (gmm-est-fmllr[5.4.105~1-4fda]:main():gmm-est-fmllr.cc:143) For speaker AMI_TS3006a_H03_MTD024ME-05, auxf-impr from fMLLR is 2.50177, over 2218 frames.
LOG (gmm-est-fmllr[5.4.105~1-4fda]:ComputeFmllrMatrixDiagGmmFull():fmllr-diag-gmm.cc:262) fMLLR objf improvement is 2.45602 per frame over 2242 frames.
LOG (gmm-est-fmllr[5.4.105~1-4fda]:main():gmm-est-fmllr.cc:143) For speaker AMI_TS3006a_H03_MTD024ME-06, auxf-impr from fMLLR is 2.45602, over 2242 frames.
LOG (gmm-est-fmllr[5.4.105~1-4fda]:ComputeFmllrMatrixDiagGmmFull():fmllr-diag-gmm.cc:262) fMLLR objf improvement is 2.37858 per frame over 2388 frames.
LOG (gmm-est-fmllr[5.4.105~1-4fda]:main():gmm-est-fmllr.cc:143) For speaker AMI_TS3006a_H03_MTD024ME-07, auxf-impr from fMLLR is 2.37858, over 2388 frames.
LOG (gmm-est-fmllr[5.4.105~1-4fda]:ComputeFmllrMatrixDiagGmmFull():fmllr-diag-gmm.cc:262) fMLLR objf improvement is 2.42689 per frame over 2157 frames.
LOG (gmm-est-fmllr[5.4.105~1-4fda]:main():gmm-est-fmllr.cc:143) For speaker AMI_TS3006a_H03_MTD024ME-08, auxf-impr from fMLLR is 2.42689, over 2157 frames.
LOG (gmm-est-fmllr[5.4.105~1-4fda]:ComputeFmllrMatrixDiagGmmFull():fmllr-diag-gmm.cc:262) fMLLR objf improvement is 2.46644 per frame over 2223 frames.
LOG (gmm-est-fmllr[5.4.105~1-4fda]:main():gmm-est-fmllr.cc:143) For speaker AMI_TS3006a_H03_MTD024ME-09, auxf-impr from fMLLR is 2.46644, over 2223 frames.
LOG (gmm-est-fmllr[5.4.105~1-4fda]:ComputeFmllrMatrixDiagGmmFull():fmllr-diag-gmm.cc:262) fMLLR objf improvement is 3.46921 per frame over 1249 frames.
LOG (gmm-est-fmllr[5.4.105~1-4fda]:main():gmm-est-fmllr.cc:143) For speaker AMI_TS3006a_H03_MTD024ME-10, auxf-impr from fMLLR is 3.46921, over 1249 frames.
LOG (gmm-est-fmllr[5.4.105~1-4fda]:ComputeFmllrMatrixDiagGmmFull():fmllr-diag-gmm.cc:262) fMLLR objf improvement is 2.26657 per frame over 2056 frames.
LOG (gmm-est-fmllr[5.4.105~1-4fda]:main():gmm-est-fmllr.cc:143) For speaker AMI_TS3006b_H00_MTD021PM-01, auxf-impr from fMLLR is 2.26657, over 2056 frames.
LOG (gmm-est-fmllr[5.4.105~1-4fda]:ComputeFmllrMatrixDiagGmmFull():fmllr-diag-gmm.cc:262) fMLLR objf improvement is 2.60975 per frame over 1769 frames.
LOG (gmm-est-fmllr[5.4.105~1-4fda]:main():gmm-est-fmllr.cc:143) For speaker AMI_TS3006b_H00_MTD021PM-02, auxf-impr from fMLLR is 2.60975, over 1769 frames.
LOG (gmm-est-fmllr[5.4.105~1-4fda]:ComputeFmllrMatrixDiagGmmFull():fmllr-diag-gmm.cc:262) fMLLR objf improvement is 2.37937 per frame over 2268 frames.
LOG (gmm-est-fmllr[5.4.105~1-4fda]:main():gmm-est-fmllr.cc:143) For speaker AMI_TS3006b_H00_MTD021PM-03, auxf-impr from fMLLR is 2.37937, over 2268 frames.
LOG (gmm-est-fmllr[5.4.105~1-4fda]:ComputeFmllrMatrixDiagGmmFull():fmllr-diag-gmm.cc:262) fMLLR objf improvement is 3.01044 per frame over 1419 frames.
LOG (gmm-est-fmllr[5.4.105~1-4fda]:main():gmm-est-fmllr.cc:143) For speaker AMI_TS3006b_H00_MTD021PM-04, auxf-impr from fMLLR is 3.01044, over 1419 frames.
LOG (gmm-est-fmllr[5.4.105~1-4fda]:ComputeFmllrMatrixDiagGmmFull():fmllr-diag-gmm.cc:262) fMLLR objf improvement is 2.40932 per frame over 2145 frames.
LOG (gmm-est-fmllr[5.4.105~1-4fda]:main():gmm-est-fmllr.cc:143) For speaker AMI_TS3006b_H00_MTD021PM-05, auxf-impr from fMLLR is 2.40932, over 2145 frames.
LOG (gmm-est-fmllr[5.4.105~1-4fda]:ComputeFmllrMatrixDiagGmmFull():fmllr-diag-gmm.cc:262) fMLLR objf improvement is 2.49091 per frame over 1840 frames.
LOG (gmm-est-fmllr[5.4.105~1-4fda]:main():gmm-est-fmllr.cc:143) For speaker AMI_TS3006b_H00_MTD021PM-06, auxf-impr from fMLLR is 2.49091, over 1840 frames.
LOG (gmm-est-fmllr[5.4.105~1-4fda]:ComputeFmllrMatrixDiagGmmFull():fmllr-diag-gmm.cc:262) fMLLR objf improvement is 2.77611 per frame over 1922 frames.
LOG (gmm-est-fmllr[5.4.105~1-4fda]:main():gmm-est-fmllr.cc:143) For speaker AMI_TS3006b_H00_MTD021PM-07, auxf-impr from fMLLR is 2.77611, over 1922 frames.
LOG (gmm-est-fmllr[5.4.105~1-4fda]:ComputeFmllrMatrixDiagGmmFull():fmllr-diag-gmm.cc:262) fMLLR objf improvement is 2.29654 per frame over 2127 frames.
LOG (gmm-est-fmllr[5.4.105~1-4fda]:main():gmm-est-fmllr.cc:143) For speaker AMI_TS3006b_H00_MTD021PM-08, auxf-impr from fMLLR is 2.29654, over 2127 frames.
LOG (gmm-est-fmllr[5.4.105~1-4fda]:ComputeFmllrMatrixDiagGmmFull():fmllr-diag-gmm.cc:262) fMLLR objf improvement is 2.53109 per frame over 1729 frames.
LOG (gmm-est-fmllr[5.4.105~1-4fda]:main():gmm-est-fmllr.cc:143) For speaker AMI_TS3006b_H00_MTD021PM-09, auxf-impr from fMLLR is 2.53109, over 1729 frames.
LOG (gmm-est-fmllr[5.4.105~1-4fda]:ComputeFmllrMatrixDiagGmmFull():fmllr-diag-gmm.cc:262) fMLLR objf improvement is 2.42363 per frame over 1930 frames.
LOG (gmm-est-fmllr[5.4.105~1-4fda]:main():gmm-est-fmllr.cc:143) For speaker AMI_TS3006b_H00_MTD021PM-10, auxf-impr from fMLLR is 2.42363, over 1930 frames.
LOG (gmm-est-fmllr[5.4.105~1-4fda]:ComputeFmllrMatrixDiagGmmFull():fmllr-diag-gmm.cc:262) fMLLR objf improvement is 2.10922 per frame over 2225 frames.
LOG (gmm-est-fmllr[5.4.105~1-4fda]:main():gmm-est-fmllr.cc:143) For speaker AMI_TS3006b_H00_MTD021PM-11, auxf-impr from fMLLR is 2.10922, over 2225 frames.
LOG (gmm-est-fmllr[5.4.105~1-4fda]:ComputeFmllrMatrixDiagGmmFull():fmllr-diag-gmm.cc:262) fMLLR objf improvement is 2.26001 per frame over 2285 frames.
LOG (gmm-est-fmllr[5.4.105~1-4fda]:main():gmm-est-fmllr.cc:143) For speaker AMI_TS3006b_H00_MTD021PM-12, auxf-impr from fMLLR is 2.26001, over 2285 frames.
LOG (gmm-est-fmllr[5.4.105~1-4fda]:ComputeFmllrMatrixDiagGmmFull():fmllr-diag-gmm.cc:262) fMLLR objf improvement is 2.21322 per frame over 2462 frames.
LOG (gmm-est-fmllr[5.4.105~1-4fda]:main():gmm-est-fmllr.cc:143) For speaker AMI_TS3006b_H00_MTD021PM-13, auxf-impr from fMLLR is 2.21322, over 2462 frames.
LOG (gmm-est-fmllr[5.4.105~1-4fda]:ComputeFmllrMatrixDiagGmmFull():fmllr-diag-gmm.cc:262) fMLLR objf improvement is 2.51383 per frame over 1881 frames.
LOG (gmm-est-fmllr[5.4.105~1-4fda]:main():gmm-est-fmllr.cc:143) For speaker AMI_TS3006b_H00_MTD021PM-14, auxf-impr from fMLLR is 2.51383, over 1881 frames.
LOG (gmm-est-fmllr[5.4.105~1-4fda]:ComputeFmllrMatrixDiagGmmFull():fmllr-diag-gmm.cc:262) fMLLR objf improvement is 2.09258 per frame over 2052 frames.
LOG (gmm-est-fmllr[5.4.105~1-4fda]:main():gmm-est-fmllr.cc:143) For speaker AMI_TS3006b_H00_MTD021PM-15, auxf-impr from fMLLR is 2.09258, over 2052 frames.
LOG (gmm-est-fmllr[5.4.105~1-4fda]:ComputeFmllrMatrixDiagGmmFull():fmllr-diag-gmm.cc:262) fMLLR objf improvement is 2.78603 per frame over 1804 frames.
LOG (gmm-est-fmllr[5.4.105~1-4fda]:main():gmm-est-fmllr.cc:143) For speaker AMI_TS3006b_H00_MTD021PM-16, auxf-impr from fMLLR is 2.78603, over 1804 frames.
LOG (gmm-est-fmllr[5.4.105~1-4fda]:ComputeFmllrMatrixDiagGmmFull():fmllr-diag-gmm.cc:262) fMLLR objf improvement is 2.96309 per frame over 1446 frames.
LOG (gmm-est-fmllr[5.4.105~1-4fda]:main():gmm-est-fmllr.cc:143) For speaker AMI_TS3006b_H00_MTD021PM-17, auxf-impr from fMLLR is 2.96309, over 1446 frames.
LOG (gmm-est-fmllr[5.4.105~1-4fda]:ComputeFmllrMatrixDiagGmmFull():fmllr-diag-gmm.cc:262) fMLLR objf improvement is 2.47026 per frame over 2287 frames.
LOG (gmm-est-fmllr[5.4.105~1-4fda]:main():gmm-est-fmllr.cc:143) For speaker AMI_TS3006b_H00_MTD021PM-18, auxf-impr from fMLLR is 2.47026, over 2287 frames.
LOG (gmm-est-fmllr[5.4.105~1-4fda]:ComputeFmllrMatrixDiagGmmFull():fmllr-diag-gmm.cc:262) fMLLR objf improvement is 2.33329 per frame over 2221 frames.
LOG (gmm-est-fmllr[5.4.105~1-4fda]:main():gmm-est-fmllr.cc:143) For speaker AMI_TS3006b_H00_MTD021PM-19, auxf-impr from fMLLR is 2.33329, over 2221 frames.
LOG (gmm-est-fmllr[5.4.105~1-4fda]:ComputeFmllrMatrixDiagGmmFull():fmllr-diag-gmm.cc:262) fMLLR objf improvement is 2.17886 per frame over 2209 frames.
LOG (gmm-est-fmllr[5.4.105~1-4fda]:main():gmm-est-fmllr.cc:143) For speaker AMI_TS3006b_H00_MTD021PM-20, auxf-impr from fMLLR is 2.17886, over 2209 frames.
LOG (gmm-est-fmllr[5.4.105~1-4fda]:ComputeFmllrMatrixDiagGmmFull():fmllr-diag-gmm.cc:262) fMLLR objf improvement is 2.00342 per frame over 2361 frames.
LOG (gmm-est-fmllr[5.4.105~1-4fda]:main():gmm-est-fmllr.cc:143) For speaker AMI_TS3006b_H00_MTD021PM-21, auxf-impr from fMLLR is 2.00342, over 2361 frames.
LOG (gmm-est-fmllr[5.4.105~1-4fda]:ComputeFmllrMatrixDiagGmmFull():fmllr-diag-gmm.cc:262) fMLLR objf improvement is 2.46997 per frame over 1812 frames.
LOG (gmm-est-fmllr[5.4.105~1-4fda]:main():gmm-est-fmllr.cc:143) For speaker AMI_TS3006b_H00_MTD021PM-22, auxf-impr from fMLLR is 2.46997, over 1812 frames.
LOG (gmm-est-fmllr[5.4.105~1-4fda]:ComputeFmllrMatrixDiagGmmFull():fmllr-diag-gmm.cc:262) fMLLR objf improvement is 2.22111 per frame over 2106 frames.
LOG (gmm-est-fmllr[5.4.105~1-4fda]:main():gmm-est-fmllr.cc:143) For speaker AMI_TS3006b_H00_MTD021PM-23, auxf-impr from fMLLR is 2.22111, over 2106 frames.
LOG (gmm-est-fmllr[5.4.105~1-4fda]:ComputeFmllrMatrixDiagGmmFull():fmllr-diag-gmm.cc:262) fMLLR objf improvement is 2.79602 per frame over 1841 frames.
LOG (gmm-est-fmllr[5.4.105~1-4fda]:main():gmm-est-fmllr.cc:143) For speaker AMI_TS3006b_H00_MTD021PM-24, auxf-impr from fMLLR is 2.79602, over 1841 frames.
LOG (gmm-est-fmllr[5.4.105~1-4fda]:ComputeFmllrMatrixDiagGmmFull():fmllr-diag-gmm.cc:262) fMLLR objf improvement is 3.2921 per frame over 1603 frames.
LOG (gmm-est-fmllr[5.4.105~1-4fda]:main():gmm-est-fmllr.cc:143) For speaker AMI_TS3006b_H01_MTD023UID-01, auxf-impr from fMLLR is 3.2921, over 1603 frames.
LOG (gmm-est-fmllr[5.4.105~1-4fda]:ComputeFmllrMatrixDiagGmmFull():fmllr-diag-gmm.cc:262) fMLLR objf improvement is 2.7767 per frame over 1792 frames.
LOG (gmm-est-fmllr[5.4.105~1-4fda]:main():gmm-est-fmllr.cc:143) For speaker AMI_TS3006b_H01_MTD023UID-02, auxf-impr from fMLLR is 2.7767, over 1792 frames.
LOG (gmm-est-fmllr[5.4.105~1-4fda]:ComputeFmllrMatrixDiagGmmFull():fmllr-diag-gmm.cc:262) fMLLR objf improvement is 2.6708 per frame over 2104 frames.
LOG (gmm-est-fmllr[5.4.105~1-4fda]:main():gmm-est-fmllr.cc:143) For speaker AMI_TS3006b_H01_MTD023UID-03, auxf-impr from fMLLR is 2.6708, over 2104 frames.
LOG (gmm-est-fmllr[5.4.105~1-4fda]:ComputeFmllrMatrixDiagGmmFull():fmllr-diag-gmm.cc:262) fMLLR objf improvement is 2.89342 per frame over 2024 frames.
LOG (gmm-est-fmllr[5.4.105~1-4fda]:main():gmm-est-fmllr.cc:143) For speaker AMI_TS3006b_H01_MTD023UID-04, auxf-impr from fMLLR is 2.89342, over 2024 frames.
LOG (gmm-est-fmllr[5.4.105~1-4fda]:ComputeFmllrMatrixDiagGmmFull():fmllr-diag-gmm.cc:262) fMLLR objf improvement is 2.36387 per frame over 2149 frames.
LOG (gmm-est-fmllr[5.4.105~1-4fda]:main():gmm-est-fmllr.cc:143) For speaker AMI_TS3006b_H01_MTD023UID-05, auxf-impr from fMLLR is 2.36387, over 2149 frames.
LOG (gmm-est-fmllr[5.4.105~1-4fda]:ComputeFmllrMatrixDiagGmmFull():fmllr-diag-gmm.cc:262) fMLLR objf improvement is 2.51732 per frame over 1924 frames.
LOG (gmm-est-fmllr[5.4.105~1-4fda]:main():gmm-est-fmllr.cc:143) For speaker AMI_TS3006b_H01_MTD023UID-06, auxf-impr from fMLLR is 2.51732, over 1924 frames.
LOG (gmm-est-fmllr[5.4.105~1-4fda]:ComputeFmllrMatrixDiagGmmFull():fmllr-diag-gmm.cc:262) fMLLR objf improvement is 3.21707 per frame over 1804 frames.
LOG (gmm-est-fmllr[5.4.105~1-4fda]:main():gmm-est-fmllr.cc:143) For speaker AMI_TS3006b_H01_MTD023UID-07, auxf-impr from fMLLR is 3.21707, over 1804 frames.
LOG (gmm-est-fmllr[5.4.105~1-4fda]:ComputeFmllrMatrixDiagGmmFull():fmllr-diag-gmm.cc:262) fMLLR objf improvement is 2.86967 per frame over 2280 frames.
LOG (gmm-est-fmllr[5.4.105~1-4fda]:main():gmm-est-fmllr.cc:143) For speaker AMI_TS3006b_H01_MTD023UID-08, auxf-impr from fMLLR is 2.86967, over 2280 frames.
LOG (gmm-est-fmllr[5.4.105~1-4fda]:ComputeFmllrMatrixDiagGmmFull():fmllr-diag-gmm.cc:262) fMLLR objf improvement is 2.53873 per frame over 1926 frames.
LOG (gmm-est-fmllr[5.4.105~1-4fda]:main():gmm-est-fmllr.cc:143) For speaker AMI_TS3006b_H01_MTD023UID-09, auxf-impr from fMLLR is 2.53873, over 1926 frames.
LOG (gmm-est-fmllr[5.4.105~1-4fda]:ComputeFmllrMatrixDiagGmmFull():fmllr-diag-gmm.cc:262) fMLLR objf improvement is 2.77194 per frame over 2258 frames.
LOG (gmm-est-fmllr[5.4.105~1-4fda]:main():gmm-est-fmllr.cc:143) For speaker AMI_TS3006b_H01_MTD023UID-10, auxf-impr from fMLLR is 2.77194, over 2258 frames.
LOG (gmm-est-fmllr[5.4.105~1-4fda]:ComputeFmllrMatrixDiagGmmFull():fmllr-diag-gmm.cc:262) fMLLR objf improvement is 3.30017 per frame over 1939 frames.
LOG (gmm-est-fmllr[5.4.105~1-4fda]:main():gmm-est-fmllr.cc:143) For speaker AMI_TS3006b_H01_MTD023UID-11, auxf-impr from fMLLR is 3.30017, over 1939 frames.
LOG (gmm-est-fmllr[5.4.105~1-4fda]:ComputeFmllrMatrixDiagGmmFull():fmllr-diag-gmm.cc:262) fMLLR objf improvement is 2.82802 per frame over 1992 frames.
LOG (gmm-est-fmllr[5.4.105~1-4fda]:main():gmm-est-fmllr.cc:143) For speaker AMI_TS3006b_H01_MTD023UID-12, auxf-impr from fMLLR is 2.82802, over 1992 frames.
LOG (gmm-est-fmllr[5.4.105~1-4fda]:ComputeFmllrMatrixDiagGmmFull():fmllr-diag-gmm.cc:262) fMLLR objf improvement is 2.59386 per frame over 2075 frames.
LOG (gmm-est-fmllr[5.4.105~1-4fda]:main():gmm-est-fmllr.cc:143) For speaker AMI_TS3006b_H01_MTD023UID-13, auxf-impr from fMLLR is 2.59386, over 2075 frames.
LOG (gmm-est-fmllr[5.4.105~1-4fda]:ComputeFmllrMatrixDiagGmmFull():fmllr-diag-gmm.cc:262) fMLLR objf improvement is 3.2526 per frame over 2179 frames.
LOG (gmm-est-fmllr[5.4.105~1-4fda]:main():gmm-est-fmllr.cc:143) For speaker AMI_TS3006b_H01_MTD023UID-14, auxf-impr from fMLLR is 3.2526, over 2179 frames.
LOG (gmm-est-fmllr[5.4.105~1-4fda]:ComputeFmllrMatrixDiagGmmFull():fmllr-diag-gmm.cc:262) fMLLR objf improvement is 2.90212 per frame over 1949 frames.
LOG (gmm-est-fmllr[5.4.105~1-4fda]:main():gmm-est-fmllr.cc:143) For speaker AMI_TS3006b_H01_MTD023UID-15, auxf-impr from fMLLR is 2.90212, over 1949 frames.
WARNING (gmm-est-fmllr[5.4.105~1-4fda]:Update():fmllr-diag-gmm.cc:162) Not updating fMLLR since below min-count: count is 344
LOG (gmm-est-fmllr[5.4.105~1-4fda]:main():gmm-est-fmllr.cc:143) For speaker AMI_TS3006b_H01_MTD023UID-16, auxf-impr from fMLLR is 0, over 344 frames.
LOG (gmm-est-fmllr[5.4.105~1-4fda]:ComputeFmllrMatrixDiagGmmFull():fmllr-diag-gmm.cc:262) fMLLR objf improvement is 2.49239 per frame over 2079 frames.
LOG (gmm-est-fmllr[5.4.105~1-4fda]:main():gmm-est-fmllr.cc:143) For speaker AMI_TS3006b_H02_MTD022ID-01, auxf-impr from fMLLR is 2.49239, over 2079 frames.
LOG (gmm-est-fmllr[5.4.105~1-4fda]:ComputeFmllrMatrixDiagGmmFull():fmllr-diag-gmm.cc:262) fMLLR objf improvement is 5.70701 per frame over 898 frames.
LOG (gmm-est-fmllr[5.4.105~1-4fda]:main():gmm-est-fmllr.cc:143) For speaker AMI_TS3006b_H02_MTD022ID-02, auxf-impr from fMLLR is 5.70701, over 898 frames.
LOG (gmm-est-fmllr[5.4.105~1-4fda]:ComputeFmllrMatrixDiagGmmFull():fmllr-diag-gmm.cc:262) fMLLR objf improvement is 2.51357 per frame over 2293 frames.
LOG (gmm-est-fmllr[5.4.105~1-4fda]:main():gmm-est-fmllr.cc:143) For speaker AMI_TS3006b_H02_MTD022ID-03, auxf-impr from fMLLR is 2.51357, over 2293 frames.
LOG (gmm-est-fmllr[5.4.105~1-4fda]:ComputeFmllrMatrixDiagGmmFull():fmllr-diag-gmm.cc:262) fMLLR objf improvement is 2.20086 per frame over 1937 frames.
LOG (gmm-est-fmllr[5.4.105~1-4fda]:main():gmm-est-fmllr.cc:143) For speaker AMI_TS3006b_H02_MTD022ID-04, auxf-impr from fMLLR is 2.20086, over 1937 frames.
LOG (gmm-est-fmllr[5.4.105~1-4fda]:ComputeFmllrMatrixDiagGmmFull():fmllr-diag-gmm.cc:262) fMLLR objf improvement is 2.55525 per frame over 1900 frames.
LOG (gmm-est-fmllr[5.4.105~1-4fda]:main():gmm-est-fmllr.cc:143) For speaker AMI_TS3006b_H02_MTD022ID-05, auxf-impr from fMLLR is 2.55525, over 1900 frames.
LOG (gmm-est-fmllr[5.4.105~1-4fda]:ComputeFmllrMatrixDiagGmmFull():fmllr-diag-gmm.cc:262) fMLLR objf improvement is 2.48567 per frame over 2136 frames.
LOG (gmm-est-fmllr[5.4.105~1-4fda]:main():gmm-est-fmllr.cc:143) For speaker AMI_TS3006b_H02_MTD022ID-06, auxf-impr from fMLLR is 2.48567, over 2136 frames.
LOG (gmm-est-fmllr[5.4.105~1-4fda]:ComputeFmllrMatrixDiagGmmFull():fmllr-diag-gmm.cc:262) fMLLR objf improvement is 2.54731 per frame over 2015 frames.
LOG (gmm-est-fmllr[5.4.105~1-4fda]:main():gmm-est-fmllr.cc:143) For speaker AMI_TS3006b_H02_MTD022ID-07, auxf-impr from fMLLR is 2.54731, over 2015 frames.
LOG (gmm-est-fmllr[5.4.105~1-4fda]:ComputeFmllrMatrixDiagGmmFull():fmllr-diag-gmm.cc:262) fMLLR objf improvement is 3.06075 per frame over 1524 frames.
LOG (gmm-est-fmllr[5.4.105~1-4fda]:main():gmm-est-fmllr.cc:143) For speaker AMI_TS3006b_H02_MTD022ID-08, auxf-impr from fMLLR is 3.06075, over 1524 frames.
LOG (gmm-est-fmllr[5.4.105~1-4fda]:ComputeFmllrMatrixDiagGmmFull():fmllr-diag-gmm.cc:262) fMLLR objf improvement is 2.54311 per frame over 2017 frames.
LOG (gmm-est-fmllr[5.4.105~1-4fda]:main():gmm-est-fmllr.cc:143) For speaker AMI_TS3006b_H02_MTD022ID-09, auxf-impr from fMLLR is 2.54311, over 2017 frames.
LOG (gmm-est-fmllr[5.4.105~1-4fda]:ComputeFmllrMatrixDiagGmmFull():fmllr-diag-gmm.cc:262) fMLLR objf improvement is 2.48339 per frame over 2060 frames.
LOG (gmm-est-fmllr[5.4.105~1-4fda]:main():gmm-est-fmllr.cc:143) For speaker AMI_TS3006b_H02_MTD022ID-10, auxf-impr from fMLLR is 2.48339, over 2060 frames.
LOG (gmm-est-fmllr[5.4.105~1-4fda]:ComputeFmllrMatrixDiagGmmFull():fmllr-diag-gmm.cc:262) fMLLR objf improvement is 2.68229 per frame over 1844 frames.
LOG (gmm-est-fmllr[5.4.105~1-4fda]:main():gmm-est-fmllr.cc:143) For speaker AMI_TS3006b_H02_MTD022ID-11, auxf-impr from fMLLR is 2.68229, over 1844 frames.
LOG (gmm-est-fmllr[5.4.105~1-4fda]:ComputeFmllrMatrixDiagGmmFull():fmllr-diag-gmm.cc:262) fMLLR objf improvement is 2.67169 per frame over 1863 frames.
LOG (gmm-est-fmllr[5.4.105~1-4fda]:main():gmm-est-fmllr.cc:143) For speaker AMI_TS3006b_H02_MTD022ID-12, auxf-impr from fMLLR is 2.67169, over 1863 frames.
LOG (gmm-est-fmllr[5.4.105~1-4fda]:ComputeFmllrMatrixDiagGmmFull():fmllr-diag-gmm.cc:262) fMLLR objf improvement is 2.5721 per frame over 2248 frames.
LOG (gmm-est-fmllr[5.4.105~1-4fda]:main():gmm-est-fmllr.cc:143) For speaker AMI_TS3006b_H02_MTD022ID-13, auxf-impr from fMLLR is 2.5721, over 2248 frames.
LOG (gmm-est-fmllr[5.4.105~1-4fda]:ComputeFmllrMatrixDiagGmmFull():fmllr-diag-gmm.cc:262) fMLLR objf improvement is 2.38118 per frame over 2126 frames.
LOG (gmm-est-fmllr[5.4.105~1-4fda]:main():gmm-est-fmllr.cc:143) For speaker AMI_TS3006b_H02_MTD022ID-14, auxf-impr from fMLLR is 2.38118, over 2126 frames.
LOG (gmm-est-fmllr[5.4.105~1-4fda]:ComputeFmllrMatrixDiagGmmFull():fmllr-diag-gmm.cc:262) fMLLR objf improvement is 2.43748 per frame over 2202 frames.
LOG (gmm-est-fmllr[5.4.105~1-4fda]:main():gmm-est-fmllr.cc:143) For speaker AMI_TS3006b_H02_MTD022ID-15, auxf-impr from fMLLR is 2.43748, over 2202 frames.
LOG (gmm-est-fmllr[5.4.105~1-4fda]:ComputeFmllrMatrixDiagGmmFull():fmllr-diag-gmm.cc:262) fMLLR objf improvement is 2.52784 per frame over 2110 frames.
LOG (gmm-est-fmllr[5.4.105~1-4fda]:main():gmm-est-fmllr.cc:143) For speaker AMI_TS3006b_H02_MTD022ID-16, auxf-impr from fMLLR is 2.52784, over 2110 frames.
LOG (gmm-est-fmllr[5.4.105~1-4fda]:ComputeFmllrMatrixDiagGmmFull():fmllr-diag-gmm.cc:262) fMLLR objf improvement is 2.73028 per frame over 1948 frames.
LOG (gmm-est-fmllr[5.4.105~1-4fda]:main():gmm-est-fmllr.cc:143) For speaker AMI_TS3006b_H02_MTD022ID-17, auxf-impr from fMLLR is 2.73028, over 1948 frames.
LOG (gmm-est-fmllr[5.4.105~1-4fda]:ComputeFmllrMatrixDiagGmmFull():fmllr-diag-gmm.cc:262) fMLLR objf improvement is 2.33057 per frame over 1940 frames.
LOG (gmm-est-fmllr[5.4.105~1-4fda]:main():gmm-est-fmllr.cc:143) For speaker AMI_TS3006b_H02_MTD022ID-18, auxf-impr from fMLLR is 2.33057, over 1940 frames.
LOG (gmm-est-fmllr[5.4.105~1-4fda]:ComputeFmllrMatrixDiagGmmFull():fmllr-diag-gmm.cc:262) fMLLR objf improvement is 3.14223 per frame over 1755 frames.
LOG (gmm-est-fmllr[5.4.105~1-4fda]:main():gmm-est-fmllr.cc:143) For speaker AMI_TS3006b_H03_MTD024ME-01, auxf-impr from fMLLR is 3.14223, over 1755 frames.
LOG (gmm-est-fmllr[5.4.105~1-4fda]:ComputeFmllrMatrixDiagGmmFull():fmllr-diag-gmm.cc:262) fMLLR objf improvement is 2.6728 per frame over 2339 frames.
LOG (gmm-est-fmllr[5.4.105~1-4fda]:main():gmm-est-fmllr.cc:143) For speaker AMI_TS3006b_H03_MTD024ME-02, auxf-impr from fMLLR is 2.6728, over 2339 frames.
LOG (gmm-est-fmllr[5.4.105~1-4fda]:ComputeFmllrMatrixDiagGmmFull():fmllr-diag-gmm.cc:262) fMLLR objf improvement is 2.3707 per frame over 2231 frames.
LOG (gmm-est-fmllr[5.4.105~1-4fda]:main():gmm-est-fmllr.cc:143) For speaker AMI_TS3006b_H03_MTD024ME-03, auxf-impr from fMLLR is 2.3707, over 2231 frames.
LOG (gmm-est-fmllr[5.4.105~1-4fda]:ComputeFmllrMatrixDiagGmmFull():fmllr-diag-gmm.cc:262) fMLLR objf improvement is 2.54315 per frame over 2204 frames.
LOG (gmm-est-fmllr[5.4.105~1-4fda]:main():gmm-est-fmllr.cc:143) For speaker AMI_TS3006b_H03_MTD024ME-04, auxf-impr from fMLLR is 2.54315, over 2204 frames.
LOG (gmm-est-fmllr[5.4.105~1-4fda]:ComputeFmllrMatrixDiagGmmFull():fmllr-diag-gmm.cc:262) fMLLR objf improvement is 2.36129 per frame over 2098 frames.
LOG (gmm-est-fmllr[5.4.105~1-4fda]:main():gmm-est-fmllr.cc:143) For speaker AMI_TS3006b_H03_MTD024ME-05, auxf-impr from fMLLR is 2.36129, over 2098 frames.
LOG (gmm-est-fmllr[5.4.105~1-4fda]:ComputeFmllrMatrixDiagGmmFull():fmllr-diag-gmm.cc:262) fMLLR objf improvement is 2.39985 per frame over 2394 frames.
LOG (gmm-est-fmllr[5.4.105~1-4fda]:main():gmm-est-fmllr.cc:143) For speaker AMI_TS3006b_H03_MTD024ME-06, auxf-impr from fMLLR is 2.39985, over 2394 frames.
LOG (gmm-est-fmllr[5.4.105~1-4fda]:ComputeFmllrMatrixDiagGmmFull():fmllr-diag-gmm.cc:262) fMLLR objf improvement is 2.55426 per frame over 1752 frames.
LOG (gmm-est-fmllr[5.4.105~1-4fda]:main():gmm-est-fmllr.cc:143) For speaker AMI_TS3006b_H03_MTD024ME-07, auxf-impr from fMLLR is 2.55426, over 1752 frames.
LOG (gmm-est-fmllr[5.4.105~1-4fda]:ComputeFmllrMatrixDiagGmmFull():fmllr-diag-gmm.cc:262) fMLLR objf improvement is 2.29507 per frame over 2234 frames.
LOG (gmm-est-fmllr[5.4.105~1-4fda]:main():gmm-est-fmllr.cc:143) For speaker AMI_TS3006b_H03_MTD024ME-08, auxf-impr from fMLLR is 2.29507, over 2234 frames.
LOG (gmm-est-fmllr[5.4.105~1-4fda]:ComputeFmllrMatrixDiagGmmFull():fmllr-diag-gmm.cc:262) fMLLR objf improvement is 2.85284 per frame over 1879 frames.
LOG (gmm-est-fmllr[5.4.105~1-4fda]:main():gmm-est-fmllr.cc:143) For speaker AMI_TS3006b_H03_MTD024ME-09, auxf-impr from fMLLR is 2.85284, over 1879 frames.
LOG (gmm-est-fmllr[5.4.105~1-4fda]:ComputeFmllrMatrixDiagGmmFull():fmllr-diag-gmm.cc:262) fMLLR objf improvement is 2.79474 per frame over 2253 frames.
LOG (gmm-est-fmllr[5.4.105~1-4fda]:main():gmm-est-fmllr.cc:143) For speaker AMI_TS3006b_H03_MTD024ME-10, auxf-impr from fMLLR is 2.79474, over 2253 frames.
LOG (gmm-est-fmllr[5.4.105~1-4fda]:ComputeFmllrMatrixDiagGmmFull():fmllr-diag-gmm.cc:262) fMLLR objf improvement is 3.12131 per frame over 1678 frames.
LOG (gmm-est-fmllr[5.4.105~1-4fda]:main():gmm-est-fmllr.cc:143) For speaker AMI_TS3006b_H03_MTD024ME-11, auxf-impr from fMLLR is 3.12131, over 1678 frames.
LOG (gmm-est-fmllr[5.4.105~1-4fda]:ComputeFmllrMatrixDiagGmmFull():fmllr-diag-gmm.cc:262) fMLLR objf improvement is 2.58066 per frame over 2019 frames.
LOG (gmm-est-fmllr[5.4.105~1-4fda]:main():gmm-est-fmllr.cc:143) For speaker AMI_TS3006b_H03_MTD024ME-12, auxf-impr from fMLLR is 2.58066, over 2019 frames.
LOG (gmm-est-fmllr[5.4.105~1-4fda]:ComputeFmllrMatrixDiagGmmFull():fmllr-diag-gmm.cc:262) fMLLR objf improvement is 2.5838 per frame over 2184 frames.
LOG (gmm-est-fmllr[5.4.105~1-4fda]:main():gmm-est-fmllr.cc:143) For speaker AMI_TS3006b_H03_MTD024ME-13, auxf-impr from fMLLR is 2.5838, over 2184 frames.
LOG (gmm-est-fmllr[5.4.105~1-4fda]:ComputeFmllrMatrixDiagGmmFull():fmllr-diag-gmm.cc:262) fMLLR objf improvement is 2.97707 per frame over 2005 frames.
LOG (gmm-est-fmllr[5.4.105~1-4fda]:main():gmm-est-fmllr.cc:143) For speaker AMI_TS3006b_H03_MTD024ME-14, auxf-impr from fMLLR is 2.97707, over 2005 frames.
LOG (gmm-est-fmllr[5.4.105~1-4fda]:ComputeFmllrMatrixDiagGmmFull():fmllr-diag-gmm.cc:262) fMLLR objf improvement is 2.64606 per frame over 2147 frames.
LOG (gmm-est-fmllr[5.4.105~1-4fda]:main():gmm-est-fmllr.cc:143) For speaker AMI_TS3006b_H03_MTD024ME-15, auxf-impr from fMLLR is 2.64606, over 2147 frames.
LOG (gmm-est-fmllr[5.4.105~1-4fda]:ComputeFmllrMatrixDiagGmmFull():fmllr-diag-gmm.cc:262) fMLLR objf improvement is 2.99666 per frame over 1893 frames.
LOG (gmm-est-fmllr[5.4.105~1-4fda]:main():gmm-est-fmllr.cc:143) For speaker AMI_TS3006b_H03_MTD024ME-16, auxf-impr from fMLLR is 2.99666, over 1893 frames.
LOG (gmm-est-fmllr[5.4.105~1-4fda]:ComputeFmllrMatrixDiagGmmFull():fmllr-diag-gmm.cc:262) fMLLR objf improvement is 3.29233 per frame over 1716 frames.
LOG (gmm-est-fmllr[5.4.105~1-4fda]:main():gmm-est-fmllr.cc:143) For speaker AMI_TS3006b_H03_MTD024ME-17, auxf-impr from fMLLR is 3.29233, over 1716 frames.
LOG (gmm-est-fmllr[5.4.105~1-4fda]:ComputeFmllrMatrixDiagGmmFull():fmllr-diag-gmm.cc:262) fMLLR objf improvement is 2.43204 per frame over 2034 frames.
LOG (gmm-est-fmllr[5.4.105~1-4fda]:main():gmm-est-fmllr.cc:143) For speaker AMI_TS3006b_H03_MTD024ME-18, auxf-impr from fMLLR is 2.43204, over 2034 frames.
LOG (gmm-est-fmllr[5.4.105~1-4fda]:ComputeFmllrMatrixDiagGmmFull():fmllr-diag-gmm.cc:262) fMLLR objf improvement is 3.26272 per frame over 2027 frames.
LOG (gmm-est-fmllr[5.4.105~1-4fda]:main():gmm-est-fmllr.cc:143) For speaker AMI_TS3006b_H03_MTD024ME-19, auxf-impr from fMLLR is 3.26272, over 2027 frames.
LOG (gmm-est-fmllr[5.4.105~1-4fda]:ComputeFmllrMatrixDiagGmmFull():fmllr-diag-gmm.cc:262) fMLLR objf improvement is 2.34968 per frame over 2233 frames.
LOG (gmm-est-fmllr[5.4.105~1-4fda]:main():gmm-est-fmllr.cc:143) For speaker AMI_TS3006b_H03_MTD024ME-20, auxf-impr from fMLLR is 2.34968, over 2233 frames.
LOG (gmm-est-fmllr[5.4.105~1-4fda]:ComputeFmllrMatrixDiagGmmFull():fmllr-diag-gmm.cc:262) fMLLR objf improvement is 2.53862 per frame over 1879 frames.
LOG (gmm-est-fmllr[5.4.105~1-4fda]:main():gmm-est-fmllr.cc:143) For speaker AMI_TS3006b_H03_MTD024ME-21, auxf-impr from fMLLR is 2.53862, over 1879 frames.
LOG (gmm-est-fmllr[5.4.105~1-4fda]:ComputeFmllrMatrixDiagGmmFull():fmllr-diag-gmm.cc:262) fMLLR objf improvement is 2.26481 per frame over 2249 frames.
LOG (gmm-est-fmllr[5.4.105~1-4fda]:main():gmm-est-fmllr.cc:143) For speaker AMI_TS3006b_H03_MTD024ME-22, auxf-impr from fMLLR is 2.26481, over 2249 frames.
LOG (gmm-est-fmllr[5.4.105~1-4fda]:ComputeFmllrMatrixDiagGmmFull():fmllr-diag-gmm.cc:262) fMLLR objf improvement is 2.47374 per frame over 2098 frames.
LOG (gmm-est-fmllr[5.4.105~1-4fda]:main():gmm-est-fmllr.cc:143) For speaker AMI_TS3006b_H03_MTD024ME-23, auxf-impr from fMLLR is 2.47374, over 2098 frames.
LOG (gmm-est-fmllr[5.4.105~1-4fda]:ComputeFmllrMatrixDiagGmmFull():fmllr-diag-gmm.cc:262) fMLLR objf improvement is 2.47607 per frame over 2052 frames.
LOG (gmm-est-fmllr[5.4.105~1-4fda]:main():gmm-est-fmllr.cc:143) For speaker AMI_TS3006b_H03_MTD024ME-24, auxf-impr from fMLLR is 2.47607, over 2052 frames.
LOG (gmm-est-fmllr[5.4.105~1-4fda]:ComputeFmllrMatrixDiagGmmFull():fmllr-diag-gmm.cc:262) fMLLR objf improvement is 3.32808 per frame over 1493 frames.
LOG (gmm-est-fmllr[5.4.105~1-4fda]:main():gmm-est-fmllr.cc:143) For speaker AMI_TS3006b_H03_MTD024ME-25, auxf-impr from fMLLR is 3.32808, over 1493 frames.
LOG (gmm-est-fmllr[5.4.105~1-4fda]:ComputeFmllrMatrixDiagGmmFull():fmllr-diag-gmm.cc:262) fMLLR objf improvement is 2.5294 per frame over 2201 frames.
LOG (gmm-est-fmllr[5.4.105~1-4fda]:main():gmm-est-fmllr.cc:143) For speaker AMI_TS3006b_H03_MTD024ME-26, auxf-impr from fMLLR is 2.5294, over 2201 frames.
LOG (gmm-est-fmllr[5.4.105~1-4fda]:ComputeFmllrMatrixDiagGmmFull():fmllr-diag-gmm.cc:262) fMLLR objf improvement is 2.31281 per frame over 2006 frames.
LOG (gmm-est-fmllr[5.4.105~1-4fda]:main():gmm-est-fmllr.cc:143) For speaker AMI_TS3006b_H03_MTD024ME-27, auxf-impr from fMLLR is 2.31281, over 2006 frames.
LOG (gmm-est-fmllr[5.4.105~1-4fda]:ComputeFmllrMatrixDiagGmmFull():fmllr-diag-gmm.cc:262) fMLLR objf improvement is 2.93365 per frame over 1847 frames.
LOG (gmm-est-fmllr[5.4.105~1-4fda]:main():gmm-est-fmllr.cc:143) For speaker AMI_TS3006b_H03_MTD024ME-28, auxf-impr from fMLLR is 2.93365, over 1847 frames.
LOG (gmm-est-fmllr[5.4.105~1-4fda]:ComputeFmllrMatrixDiagGmmFull():fmllr-diag-gmm.cc:262) fMLLR objf improvement is 2.54348 per frame over 2135 frames.
LOG (gmm-est-fmllr[5.4.105~1-4fda]:main():gmm-est-fmllr.cc:143) For speaker AMI_TS3006b_H03_MTD024ME-29, auxf-impr from fMLLR is 2.54348, over 2135 frames.
LOG (gmm-est-fmllr[5.4.105~1-4fda]:ComputeFmllrMatrixDiagGmmFull():fmllr-diag-gmm.cc:262) fMLLR objf improvement is 2.38151 per frame over 2043 frames.
LOG (gmm-est-fmllr[5.4.105~1-4fda]:main():gmm-est-fmllr.cc:143) For speaker AMI_TS3006b_H03_MTD024ME-30, auxf-impr from fMLLR is 2.38151, over 2043 frames.
LOG (gmm-est-fmllr[5.4.105~1-4fda]:ComputeFmllrMatrixDiagGmmFull():fmllr-diag-gmm.cc:262) fMLLR objf improvement is 3.17608 per frame over 1601 frames.
LOG (gmm-est-fmllr[5.4.105~1-4fda]:main():gmm-est-fmllr.cc:143) For speaker AMI_TS3006b_H03_MTD024ME-31, auxf-impr from fMLLR is 3.17608, over 1601 frames.
LOG (gmm-est-fmllr[5.4.105~1-4fda]:ComputeFmllrMatrixDiagGmmFull():fmllr-diag-gmm.cc:262) fMLLR objf improvement is 2.79106 per frame over 2013 frames.
LOG (gmm-est-fmllr[5.4.105~1-4fda]:main():gmm-est-fmllr.cc:143) For speaker AMI_TS3006b_H03_MTD024ME-32, auxf-impr from fMLLR is 2.79106, over 2013 frames.
LOG (gmm-est-fmllr[5.4.105~1-4fda]:ComputeFmllrMatrixDiagGmmFull():fmllr-diag-gmm.cc:262) fMLLR objf improvement is 2.70841 per frame over 2361 frames.
LOG (gmm-est-fmllr[5.4.105~1-4fda]:main():gmm-est-fmllr.cc:143) For speaker AMI_TS3006b_H03_MTD024ME-33, auxf-impr from fMLLR is 2.70841, over 2361 frames.
LOG (gmm-est-fmllr[5.4.105~1-4fda]:ComputeFmllrMatrixDiagGmmFull():fmllr-diag-gmm.cc:262) fMLLR objf improvement is 2.7005 per frame over 2114 frames.
LOG (gmm-est-fmllr[5.4.105~1-4fda]:main():gmm-est-fmllr.cc:143) For speaker AMI_TS3006b_H03_MTD024ME-34, auxf-impr from fMLLR is 2.7005, over 2114 frames.
LOG (gmm-est-fmllr[5.4.105~1-4fda]:ComputeFmllrMatrixDiagGmmFull():fmllr-diag-gmm.cc:262) fMLLR objf improvement is 2.68891 per frame over 2131 frames.
LOG (gmm-est-fmllr[5.4.105~1-4fda]:main():gmm-est-fmllr.cc:143) For speaker AMI_TS3006b_H03_MTD024ME-35, auxf-impr from fMLLR is 2.68891, over 2131 frames.
LOG (gmm-est-fmllr[5.4.105~1-4fda]:ComputeFmllrMatrixDiagGmmFull():fmllr-diag-gmm.cc:262) fMLLR objf improvement is 2.54371 per frame over 2007 frames.
LOG (gmm-est-fmllr[5.4.105~1-4fda]:main():gmm-est-fmllr.cc:143) For speaker AMI_TS3006b_H03_MTD024ME-36, auxf-impr from fMLLR is 2.54371, over 2007 frames.
LOG (gmm-est-fmllr[5.4.105~1-4fda]:ComputeFmllrMatrixDiagGmmFull():fmllr-diag-gmm.cc:262) fMLLR objf improvement is 2.48778 per frame over 2166 frames.
LOG (gmm-est-fmllr[5.4.105~1-4fda]:main():gmm-est-fmllr.cc:143) For speaker AMI_TS3006b_H03_MTD024ME-37, auxf-impr from fMLLR is 2.48778, over 2166 frames.
LOG (gmm-est-fmllr[5.4.105~1-4fda]:ComputeFmllrMatrixDiagGmmFull():fmllr-diag-gmm.cc:262) fMLLR objf improvement is 2.15439 per frame over 1870 frames.
LOG (gmm-est-fmllr[5.4.105~1-4fda]:main():gmm-est-fmllr.cc:143) For speaker AMI_TS3006b_H03_MTD024ME-38, auxf-impr from fMLLR is 2.15439, over 1870 frames.
WARNING (gmm-est-fmllr[5.4.105~1-4fda]:Update():fmllr-diag-gmm.cc:162) Not updating fMLLR since below min-count: count is 413
LOG (gmm-est-fmllr[5.4.105~1-4fda]:main():gmm-est-fmllr.cc:143) For speaker AMI_TS3006b_H03_MTD024ME-39, auxf-impr from fMLLR is 0, over 413 frames.
LOG (gmm-est-fmllr[5.4.105~1-4fda]:ComputeFmllrMatrixDiagGmmFull():fmllr-diag-gmm.cc:262) fMLLR objf improvement is 3.06202 per frame over 1350 frames.
LOG (gmm-est-fmllr[5.4.105~1-4fda]:main():gmm-est-fmllr.cc:143) For speaker AMI_TS3006c_H00_MTD021PM-01, auxf-impr from fMLLR is 3.06202, over 1350 frames.
LOG (gmm-est-fmllr[5.4.105~1-4fda]:ComputeFmllrMatrixDiagGmmFull():fmllr-diag-gmm.cc:262) fMLLR objf improvement is 2.34309 per frame over 1929 frames.
LOG (gmm-est-fmllr[5.4.105~1-4fda]:main():gmm-est-fmllr.cc:143) For speaker AMI_TS3006c_H00_MTD021PM-02, auxf-impr from fMLLR is 2.34309, over 1929 frames.
LOG (gmm-est-fmllr[5.4.105~1-4fda]:ComputeFmllrMatrixDiagGmmFull():fmllr-diag-gmm.cc:262) fMLLR objf improvement is 2.85578 per frame over 1533 frames.
LOG (gmm-est-fmllr[5.4.105~1-4fda]:main():gmm-est-fmllr.cc:143) For speaker AMI_TS3006c_H00_MTD021PM-03, auxf-impr from fMLLR is 2.85578, over 1533 frames.
LOG (gmm-est-fmllr[5.4.105~1-4fda]:ComputeFmllrMatrixDiagGmmFull():fmllr-diag-gmm.cc:262) fMLLR objf improvement is 2.31924 per frame over 2212 frames.
LOG (gmm-est-fmllr[5.4.105~1-4fda]:main():gmm-est-fmllr.cc:143) For speaker AMI_TS3006c_H00_MTD021PM-04, auxf-impr from fMLLR is 2.31924, over 2212 frames.
LOG (gmm-est-fmllr[5.4.105~1-4fda]:ComputeFmllrMatrixDiagGmmFull():fmllr-diag-gmm.cc:262) fMLLR objf improvement is 2.32302 per frame over 1983 frames.
LOG (gmm-est-fmllr[5.4.105~1-4fda]:main():gmm-est-fmllr.cc:143) For speaker AMI_TS3006c_H00_MTD021PM-05, auxf-impr from fMLLR is 2.32302, over 1983 frames.
LOG (gmm-est-fmllr[5.4.105~1-4fda]:ComputeFmllrMatrixDiagGmmFull():fmllr-diag-gmm.cc:262) fMLLR objf improvement is 2.17077 per frame over 2276 frames.
LOG (gmm-est-fmllr[5.4.105~1-4fda]:main():gmm-est-fmllr.cc:143) For speaker AMI_TS3006c_H00_MTD021PM-06, auxf-impr from fMLLR is 2.17077, over 2276 frames.
LOG (gmm-est-fmllr[5.4.105~1-4fda]:ComputeFmllrMatrixDiagGmmFull():fmllr-diag-gmm.cc:262) fMLLR objf improvement is 2.98359 per frame over 1439 frames.
LOG (gmm-est-fmllr[5.4.105~1-4fda]:main():gmm-est-fmllr.cc:143) For speaker AMI_TS3006c_H00_MTD021PM-07, auxf-impr from fMLLR is 2.98359, over 1439 frames.
LOG (gmm-est-fmllr[5.4.105~1-4fda]:ComputeFmllrMatrixDiagGmmFull():fmllr-diag-gmm.cc:262) fMLLR objf improvement is 2.61893 per frame over 2324 frames.
LOG (gmm-est-fmllr[5.4.105~1-4fda]:main():gmm-est-fmllr.cc:143) For speaker AMI_TS3006c_H00_MTD021PM-08, auxf-impr from fMLLR is 2.61893, over 2324 frames.
LOG (gmm-est-fmllr[5.4.105~1-4fda]:ComputeFmllrMatrixDiagGmmFull():fmllr-diag-gmm.cc:262) fMLLR objf improvement is 2.46394 per frame over 2018 frames.
LOG (gmm-est-fmllr[5.4.105~1-4fda]:main():gmm-est-fmllr.cc:143) For speaker AMI_TS3006c_H00_MTD021PM-09, auxf-impr from fMLLR is 2.46394, over 2018 frames.
LOG (gmm-est-fmllr[5.4.105~1-4fda]:ComputeFmllrMatrixDiagGmmFull():fmllr-diag-gmm.cc:262) fMLLR objf improvement is 2.48463 per frame over 2602 frames.
LOG (gmm-est-fmllr[5.4.105~1-4fda]:main():gmm-est-fmllr.cc:143) For speaker AMI_TS3006c_H00_MTD021PM-10, auxf-impr from fMLLR is 2.48463, over 2602 frames.
LOG (gmm-est-fmllr[5.4.105~1-4fda]:ComputeFmllrMatrixDiagGmmFull():fmllr-diag-gmm.cc:262) fMLLR objf improvement is 2.92739 per frame over 1489 frames.
LOG (gmm-est-fmllr[5.4.105~1-4fda]:main():gmm-est-fmllr.cc:143) For speaker AMI_TS3006c_H00_MTD021PM-11, auxf-impr from fMLLR is 2.92739, over 1489 frames.
LOG (gmm-est-fmllr[5.4.105~1-4fda]:ComputeFmllrMatrixDiagGmmFull():fmllr-diag-gmm.cc:262) fMLLR objf improvement is 2.63925 per frame over 1923 frames.
LOG (gmm-est-fmllr[5.4.105~1-4fda]:main():gmm-est-fmllr.cc:143) For speaker AMI_TS3006c_H00_MTD021PM-12, auxf-impr from fMLLR is 2.63925, over 1923 frames.
LOG (gmm-est-fmllr[5.4.105~1-4fda]:ComputeFmllrMatrixDiagGmmFull():fmllr-diag-gmm.cc:262) fMLLR objf improvement is 2.80589 per frame over 2145 frames.
LOG (gmm-est-fmllr[5.4.105~1-4fda]:main():gmm-est-fmllr.cc:143) For speaker AMI_TS3006c_H00_MTD021PM-13, auxf-impr from fMLLR is 2.80589, over 2145 frames.
LOG (gmm-est-fmllr[5.4.105~1-4fda]:ComputeFmllrMatrixDiagGmmFull():fmllr-diag-gmm.cc:262) fMLLR objf improvement is 2.33888 per frame over 2160 frames.
LOG (gmm-est-fmllr[5.4.105~1-4fda]:main():gmm-est-fmllr.cc:143) For speaker AMI_TS3006c_H00_MTD021PM-14, auxf-impr from fMLLR is 2.33888, over 2160 frames.
LOG (gmm-est-fmllr[5.4.105~1-4fda]:ComputeFmllrMatrixDiagGmmFull():fmllr-diag-gmm.cc:262) fMLLR objf improvement is 2.21726 per frame over 2161 frames.
LOG (gmm-est-fmllr[5.4.105~1-4fda]:main():gmm-est-fmllr.cc:143) For speaker AMI_TS3006c_H00_MTD021PM-15, auxf-impr from fMLLR is 2.21726, over 2161 frames.
LOG (gmm-est-fmllr[5.4.105~1-4fda]:ComputeFmllrMatrixDiagGmmFull():fmllr-diag-gmm.cc:262) fMLLR objf improvement is 2.97392 per frame over 1762 frames.
LOG (gmm-est-fmllr[5.4.105~1-4fda]:main():gmm-est-fmllr.cc:143) For speaker AMI_TS3006c_H00_MTD021PM-16, auxf-impr from fMLLR is 2.97392, over 1762 frames.
LOG (gmm-est-fmllr[5.4.105~1-4fda]:ComputeFmllrMatrixDiagGmmFull():fmllr-diag-gmm.cc:262) fMLLR objf improvement is 2.49822 per frame over 2156 frames.
LOG (gmm-est-fmllr[5.4.105~1-4fda]:main():gmm-est-fmllr.cc:143) For speaker AMI_TS3006c_H00_MTD021PM-17, auxf-impr from fMLLR is 2.49822, over 2156 frames.
LOG (gmm-est-fmllr[5.4.105~1-4fda]:ComputeFmllrMatrixDiagGmmFull():fmllr-diag-gmm.cc:262) fMLLR objf improvement is 2.08705 per frame over 1914 frames.
LOG (gmm-est-fmllr[5.4.105~1-4fda]:main():gmm-est-fmllr.cc:143) For speaker AMI_TS3006c_H00_MTD021PM-18, auxf-impr from fMLLR is 2.08705, over 1914 frames.
LOG (gmm-est-fmllr[5.4.105~1-4fda]:ComputeFmllrMatrixDiagGmmFull():fmllr-diag-gmm.cc:262) fMLLR objf improvement is 3.38721 per frame over 1208 frames.
LOG (gmm-est-fmllr[5.4.105~1-4fda]:main():gmm-est-fmllr.cc:143) For speaker AMI_TS3006c_H00_MTD021PM-19, auxf-impr from fMLLR is 3.38721, over 1208 frames.
LOG (gmm-est-fmllr[5.4.105~1-4fda]:ComputeFmllrMatrixDiagGmmFull():fmllr-diag-gmm.cc:262) fMLLR objf improvement is 3.23367 per frame over 1570 frames.
LOG (gmm-est-fmllr[5.4.105~1-4fda]:main():gmm-est-fmllr.cc:143) For speaker AMI_TS3006c_H01_MTD023UID-01, auxf-impr from fMLLR is 3.23367, over 1570 frames.
LOG (gmm-est-fmllr[5.4.105~1-4fda]:ComputeFmllrMatrixDiagGmmFull():fmllr-diag-gmm.cc:262) fMLLR objf improvement is 2.65365 per frame over 2007 frames.
LOG (gmm-est-fmllr[5.4.105~1-4fda]:main():gmm-est-fmllr.cc:143) For speaker AMI_TS3006c_H01_MTD023UID-02, auxf-impr from fMLLR is 2.65365, over 2007 frames.
LOG (gmm-est-fmllr[5.4.105~1-4fda]:ComputeFmllrMatrixDiagGmmFull():fmllr-diag-gmm.cc:262) fMLLR objf improvement is 2.53521 per frame over 1931 frames.
LOG (gmm-est-fmllr[5.4.105~1-4fda]:main():gmm-est-fmllr.cc:143) For speaker AMI_TS3006c_H01_MTD023UID-03, auxf-impr from fMLLR is 2.53521, over 1931 frames.
LOG (gmm-est-fmllr[5.4.105~1-4fda]:ComputeFmllrMatrixDiagGmmFull():fmllr-diag-gmm.cc:262) fMLLR objf improvement is 2.81822 per frame over 2065 frames.
LOG (gmm-est-fmllr[5.4.105~1-4fda]:main():gmm-est-fmllr.cc:143) For speaker AMI_TS3006c_H01_MTD023UID-04, auxf-impr from fMLLR is 2.81822, over 2065 frames.
LOG (gmm-est-fmllr[5.4.105~1-4fda]:ComputeFmllrMatrixDiagGmmFull():fmllr-diag-gmm.cc:262) fMLLR objf improvement is 2.61822 per frame over 2036 frames.
LOG (gmm-est-fmllr[5.4.105~1-4fda]:main():gmm-est-fmllr.cc:143) For speaker AMI_TS3006c_H01_MTD023UID-05, auxf-impr from fMLLR is 2.61822, over 2036 frames.
LOG (gmm-est-fmllr[5.4.105~1-4fda]:ComputeFmllrMatrixDiagGmmFull():fmllr-diag-gmm.cc:262) fMLLR objf improvement is 2.59283 per frame over 1961 frames.
LOG (gmm-est-fmllr[5.4.105~1-4fda]:main():gmm-est-fmllr.cc:143) For speaker AMI_TS3006c_H01_MTD023UID-06, auxf-impr from fMLLR is 2.59283, over 1961 frames.
LOG (gmm-est-fmllr[5.4.105~1-4fda]:ComputeFmllrMatrixDiagGmmFull():fmllr-diag-gmm.cc:262) fMLLR objf improvement is 2.38623 per frame over 2160 frames.
LOG (gmm-est-fmllr[5.4.105~1-4fda]:main():gmm-est-fmllr.cc:143) For speaker AMI_TS3006c_H01_MTD023UID-07, auxf-impr from fMLLR is 2.38623, over 2160 frames.
LOG (gmm-est-fmllr[5.4.105~1-4fda]:ComputeFmllrMatrixDiagGmmFull():fmllr-diag-gmm.cc:262) fMLLR objf improvement is 2.92902 per frame over 2446 frames.
LOG (gmm-est-fmllr[5.4.105~1-4fda]:main():gmm-est-fmllr.cc:143) For speaker AMI_TS3006c_H01_MTD023UID-08, auxf-impr from fMLLR is 2.92902, over 2446 frames.
LOG (gmm-est-fmllr[5.4.105~1-4fda]:ComputeFmllrMatrixDiagGmmFull():fmllr-diag-gmm.cc:262) fMLLR objf improvement is 2.2429 per frame over 2123 frames.
LOG (gmm-est-fmllr[5.4.105~1-4fda]:main():gmm-est-fmllr.cc:143) For speaker AMI_TS3006c_H01_MTD023UID-09, auxf-impr from fMLLR is 2.2429, over 2123 frames.
LOG (gmm-est-fmllr[5.4.105~1-4fda]:ComputeFmllrMatrixDiagGmmFull():fmllr-diag-gmm.cc:262) fMLLR objf improvement is 2.83774 per frame over 1861 frames.
LOG (gmm-est-fmllr[5.4.105~1-4fda]:main():gmm-est-fmllr.cc:143) For speaker AMI_TS3006c_H01_MTD023UID-10, auxf-impr from fMLLR is 2.83774, over 1861 frames.
LOG (gmm-est-fmllr[5.4.105~1-4fda]:ComputeFmllrMatrixDiagGmmFull():fmllr-diag-gmm.cc:262) fMLLR objf improvement is 2.59587 per frame over 2084 frames.
LOG (gmm-est-fmllr[5.4.105~1-4fda]:main():gmm-est-fmllr.cc:143) For speaker AMI_TS3006c_H01_MTD023UID-11, auxf-impr from fMLLR is 2.59587, over 2084 frames.
LOG (gmm-est-fmllr[5.4.105~1-4fda]:ComputeFmllrMatrixDiagGmmFull():fmllr-diag-gmm.cc:262) fMLLR objf improvement is 2.59466 per frame over 2334 frames.
LOG (gmm-est-fmllr[5.4.105~1-4fda]:main():gmm-est-fmllr.cc:143) For speaker AMI_TS3006c_H01_MTD023UID-12, auxf-impr from fMLLR is 2.59466, over 2334 frames.
LOG (gmm-est-fmllr[5.4.105~1-4fda]:ComputeFmllrMatrixDiagGmmFull():fmllr-diag-gmm.cc:262) fMLLR objf improvement is 2.81727 per frame over 1842 frames.
LOG (gmm-est-fmllr[5.4.105~1-4fda]:main():gmm-est-fmllr.cc:143) For speaker AMI_TS3006c_H01_MTD023UID-13, auxf-impr from fMLLR is 2.81727, over 1842 frames.
LOG (gmm-est-fmllr[5.4.105~1-4fda]:ComputeFmllrMatrixDiagGmmFull():fmllr-diag-gmm.cc:262) fMLLR objf improvement is 2.92797 per frame over 1734 frames.
LOG (gmm-est-fmllr[5.4.105~1-4fda]:main():gmm-est-fmllr.cc:143) For speaker AMI_TS3006c_H01_MTD023UID-14, auxf-impr from fMLLR is 2.92797, over 1734 frames.
LOG (gmm-est-fmllr[5.4.105~1-4fda]:ComputeFmllrMatrixDiagGmmFull():fmllr-diag-gmm.cc:262) fMLLR objf improvement is 2.65067 per frame over 2268 frames.
LOG (gmm-est-fmllr[5.4.105~1-4fda]:main():gmm-est-fmllr.cc:143) For speaker AMI_TS3006c_H01_MTD023UID-15, auxf-impr from fMLLR is 2.65067, over 2268 frames.
LOG (gmm-est-fmllr[5.4.105~1-4fda]:ComputeFmllrMatrixDiagGmmFull():fmllr-diag-gmm.cc:262) fMLLR objf improvement is 2.49809 per frame over 2131 frames.
LOG (gmm-est-fmllr[5.4.105~1-4fda]:main():gmm-est-fmllr.cc:143) For speaker AMI_TS3006c_H01_MTD023UID-16, auxf-impr from fMLLR is 2.49809, over 2131 frames.
WARNING (gmm-est-fmllr[5.4.105~1-4fda]:main():gmm-est-fmllr.cc:118) Did not find posteriors for utterance AMI_TS3006c_H01_MTD023UID_0248533_0248581
LOG (gmm-est-fmllr[5.4.105~1-4fda]:ComputeFmllrMatrixDiagGmmFull():fmllr-diag-gmm.cc:262) fMLLR objf improvement is 2.99622 per frame over 1634 frames.
LOG (gmm-est-fmllr[5.4.105~1-4fda]:main():gmm-est-fmllr.cc:143) For speaker AMI_TS3006c_H01_MTD023UID-17, auxf-impr from fMLLR is 2.99622, over 1634 frames.
LOG (gmm-est-fmllr[5.4.105~1-4fda]:ComputeFmllrMatrixDiagGmmFull():fmllr-diag-gmm.cc:262) fMLLR objf improvement is 4.99156 per frame over 722 frames.
LOG (gmm-est-fmllr[5.4.105~1-4fda]:main():gmm-est-fmllr.cc:143) For speaker AMI_TS3006c_H01_MTD023UID-18, auxf-impr from fMLLR is 4.99156, over 722 frames.
LOG (gmm-est-fmllr[5.4.105~1-4fda]:ComputeFmllrMatrixDiagGmmFull():fmllr-diag-gmm.cc:262) fMLLR objf improvement is 3.68855 per frame over 1347 frames.
LOG (gmm-est-fmllr[5.4.105~1-4fda]:main():gmm-est-fmllr.cc:143) For speaker AMI_TS3006c_H02_MTD022ID-01, auxf-impr from fMLLR is 3.68855, over 1347 frames.
LOG (gmm-est-fmllr[5.4.105~1-4fda]:ComputeFmllrMatrixDiagGmmFull():fmllr-diag-gmm.cc:262) fMLLR objf improvement is 2.63803 per frame over 1925 frames.
LOG (gmm-est-fmllr[5.4.105~1-4fda]:main():gmm-est-fmllr.cc:143) For speaker AMI_TS3006c_H02_MTD022ID-02, auxf-impr from fMLLR is 2.63803, over 1925 frames.
LOG (gmm-est-fmllr[5.4.105~1-4fda]:ComputeFmllrMatrixDiagGmmFull():fmllr-diag-gmm.cc:262) fMLLR objf improvement is 2.27712 per frame over 2309 frames.
LOG (gmm-est-fmllr[5.4.105~1-4fda]:main():gmm-est-fmllr.cc:143) For speaker AMI_TS3006c_H02_MTD022ID-03, auxf-impr from fMLLR is 2.27712, over 2309 frames.
LOG (gmm-est-fmllr[5.4.105~1-4fda]:ComputeFmllrMatrixDiagGmmFull():fmllr-diag-gmm.cc:262) fMLLR objf improvement is 2.66028 per frame over 2019 frames.
LOG (gmm-est-fmllr[5.4.105~1-4fda]:main():gmm-est-fmllr.cc:143) For speaker AMI_TS3006c_H02_MTD022ID-04, auxf-impr from fMLLR is 2.66028, over 2019 frames.
LOG (gmm-est-fmllr[5.4.105~1-4fda]:ComputeFmllrMatrixDiagGmmFull():fmllr-diag-gmm.cc:262) fMLLR objf improvement is 2.32938 per frame over 2259 frames.
LOG (gmm-est-fmllr[5.4.105~1-4fda]:main():gmm-est-fmllr.cc:143) For speaker AMI_TS3006c_H02_MTD022ID-05, auxf-impr from fMLLR is 2.32938, over 2259 frames.
LOG (gmm-est-fmllr[5.4.105~1-4fda]:ComputeFmllrMatrixDiagGmmFull():fmllr-diag-gmm.cc:262) fMLLR objf improvement is 2.13636 per frame over 2347 frames.
LOG (gmm-est-fmllr[5.4.105~1-4fda]:main():gmm-est-fmllr.cc:143) For speaker AMI_TS3006c_H02_MTD022ID-06, auxf-impr from fMLLR is 2.13636, over 2347 frames.
LOG (gmm-est-fmllr[5.4.105~1-4fda]:ComputeFmllrMatrixDiagGmmFull():fmllr-diag-gmm.cc:262) fMLLR objf improvement is 2.17697 per frame over 2354 frames.
LOG (gmm-est-fmllr[5.4.105~1-4fda]:main():gmm-est-fmllr.cc:143) For speaker AMI_TS3006c_H02_MTD022ID-07, auxf-impr from fMLLR is 2.17697, over 2354 frames.
LOG (gmm-est-fmllr[5.4.105~1-4fda]:ComputeFmllrMatrixDiagGmmFull():fmllr-diag-gmm.cc:262) fMLLR objf improvement is 2.61698 per frame over 2220 frames.
LOG (gmm-est-fmllr[5.4.105~1-4fda]:main():gmm-est-fmllr.cc:143) For speaker AMI_TS3006c_H02_MTD022ID-08, auxf-impr from fMLLR is 2.61698, over 2220 frames.
LOG (gmm-est-fmllr[5.4.105~1-4fda]:ComputeFmllrMatrixDiagGmmFull():fmllr-diag-gmm.cc:262) fMLLR objf improvement is 2.4734 per frame over 2205 frames.
LOG (gmm-est-fmllr[5.4.105~1-4fda]:main():gmm-est-fmllr.cc:143) For speaker AMI_TS3006c_H02_MTD022ID-09, auxf-impr from fMLLR is 2.4734, over 2205 frames.
LOG (gmm-est-fmllr[5.4.105~1-4fda]:ComputeFmllrMatrixDiagGmmFull():fmllr-diag-gmm.cc:262) fMLLR objf improvement is 2.50154 per frame over 1758 frames.
LOG (gmm-est-fmllr[5.4.105~1-4fda]:main():gmm-est-fmllr.cc:143) For speaker AMI_TS3006c_H02_MTD022ID-10, auxf-impr from fMLLR is 2.50154, over 1758 frames.
LOG (gmm-est-fmllr[5.4.105~1-4fda]:ComputeFmllrMatrixDiagGmmFull():fmllr-diag-gmm.cc:262) fMLLR objf improvement is 2.77942 per frame over 2121 frames.
LOG (gmm-est-fmllr[5.4.105~1-4fda]:main():gmm-est-fmllr.cc:143) For speaker AMI_TS3006c_H02_MTD022ID-11, auxf-impr from fMLLR is 2.77942, over 2121 frames.
LOG (gmm-est-fmllr[5.4.105~1-4fda]:ComputeFmllrMatrixDiagGmmFull():fmllr-diag-gmm.cc:262) fMLLR objf improvement is 2.09287 per frame over 2187 frames.
LOG (gmm-est-fmllr[5.4.105~1-4fda]:main():gmm-est-fmllr.cc:143) For speaker AMI_TS3006c_H02_MTD022ID-12, auxf-impr from fMLLR is 2.09287, over 2187 frames.
LOG (gmm-est-fmllr[5.4.105~1-4fda]:ComputeFmllrMatrixDiagGmmFull():fmllr-diag-gmm.cc:262) fMLLR objf improvement is 2.5458 per frame over 2466 frames.
LOG (gmm-est-fmllr[5.4.105~1-4fda]:main():gmm-est-fmllr.cc:143) For speaker AMI_TS3006c_H02_MTD022ID-13, auxf-impr from fMLLR is 2.5458, over 2466 frames.
LOG (gmm-est-fmllr[5.4.105~1-4fda]:ComputeFmllrMatrixDiagGmmFull():fmllr-diag-gmm.cc:262) fMLLR objf improvement is 2.47577 per frame over 2376 frames.
LOG (gmm-est-fmllr[5.4.105~1-4fda]:main():gmm-est-fmllr.cc:143) For speaker AMI_TS3006c_H02_MTD022ID-14, auxf-impr from fMLLR is 2.47577, over 2376 frames.
LOG (gmm-est-fmllr[5.4.105~1-4fda]:ComputeFmllrMatrixDiagGmmFull():fmllr-diag-gmm.cc:262) fMLLR objf improvement is 2.44107 per frame over 2457 frames.
LOG (gmm-est-fmllr[5.4.105~1-4fda]:main():gmm-est-fmllr.cc:143) For speaker AMI_TS3006c_H02_MTD022ID-15, auxf-impr from fMLLR is 2.44107, over 2457 frames.
LOG (gmm-est-fmllr[5.4.105~1-4fda]:ComputeFmllrMatrixDiagGmmFull():fmllr-diag-gmm.cc:262) fMLLR objf improvement is 2.58847 per frame over 1758 frames.
LOG (gmm-est-fmllr[5.4.105~1-4fda]:main():gmm-est-fmllr.cc:143) For speaker AMI_TS3006c_H02_MTD022ID-16, auxf-impr from fMLLR is 2.58847, over 1758 frames.
LOG (gmm-est-fmllr[5.4.105~1-4fda]:ComputeFmllrMatrixDiagGmmFull():fmllr-diag-gmm.cc:262) fMLLR objf improvement is 2.29884 per frame over 2155 frames.
LOG (gmm-est-fmllr[5.4.105~1-4fda]:main():gmm-est-fmllr.cc:143) For speaker AMI_TS3006c_H02_MTD022ID-17, auxf-impr from fMLLR is 2.29884, over 2155 frames.
LOG (gmm-est-fmllr[5.4.105~1-4fda]:ComputeFmllrMatrixDiagGmmFull():fmllr-diag-gmm.cc:262) fMLLR objf improvement is 2.01609 per frame over 2027 frames.
LOG (gmm-est-fmllr[5.4.105~1-4fda]:main():gmm-est-fmllr.cc:143) For speaker AMI_TS3006c_H02_MTD022ID-18, auxf-impr from fMLLR is 2.01609, over 2027 frames.
LOG (gmm-est-fmllr[5.4.105~1-4fda]:ComputeFmllrMatrixDiagGmmFull():fmllr-diag-gmm.cc:262) fMLLR objf improvement is 2.22231 per frame over 2146 frames.
LOG (gmm-est-fmllr[5.4.105~1-4fda]:main():gmm-est-fmllr.cc:143) For speaker AMI_TS3006c_H02_MTD022ID-19, auxf-impr from fMLLR is 2.22231, over 2146 frames.
LOG (gmm-est-fmllr[5.4.105~1-4fda]:ComputeFmllrMatrixDiagGmmFull():fmllr-diag-gmm.cc:262) fMLLR objf improvement is 2.28928 per frame over 1777 frames.
LOG (gmm-est-fmllr[5.4.105~1-4fda]:main():gmm-est-fmllr.cc:143) For speaker AMI_TS3006c_H02_MTD022ID-20, auxf-impr from fMLLR is 2.28928, over 1777 frames.
LOG (gmm-est-fmllr[5.4.105~1-4fda]:ComputeFmllrMatrixDiagGmmFull():fmllr-diag-gmm.cc:262) fMLLR objf improvement is 2.67372 per frame over 1645 frames.
LOG (gmm-est-fmllr[5.4.105~1-4fda]:main():gmm-est-fmllr.cc:143) For speaker AMI_TS3006c_H02_MTD022ID-21, auxf-impr from fMLLR is 2.67372, over 1645 frames.
LOG (gmm-est-fmllr[5.4.105~1-4fda]:ComputeFmllrMatrixDiagGmmFull():fmllr-diag-gmm.cc:262) fMLLR objf improvement is 2.31113 per frame over 2400 frames.
LOG (gmm-est-fmllr[5.4.105~1-4fda]:main():gmm-est-fmllr.cc:143) For speaker AMI_TS3006c_H02_MTD022ID-22, auxf-impr from fMLLR is 2.31113, over 2400 frames.
LOG (gmm-est-fmllr[5.4.105~1-4fda]:ComputeFmllrMatrixDiagGmmFull():fmllr-diag-gmm.cc:262) fMLLR objf improvement is 2.1991 per frame over 1954 frames.
LOG (gmm-est-fmllr[5.4.105~1-4fda]:main():gmm-est-fmllr.cc:143) For speaker AMI_TS3006c_H02_MTD022ID-23, auxf-impr from fMLLR is 2.1991, over 1954 frames.
LOG (gmm-est-fmllr[5.4.105~1-4fda]:ComputeFmllrMatrixDiagGmmFull():fmllr-diag-gmm.cc:262) fMLLR objf improvement is 2.19306 per frame over 2285 frames.
LOG (gmm-est-fmllr[5.4.105~1-4fda]:main():gmm-est-fmllr.cc:143) For speaker AMI_TS3006c_H02_MTD022ID-24, auxf-impr from fMLLR is 2.19306, over 2285 frames.
LOG (gmm-est-fmllr[5.4.105~1-4fda]:ComputeFmllrMatrixDiagGmmFull():fmllr-diag-gmm.cc:262) fMLLR objf improvement is 2.74448 per frame over 2368 frames.
LOG (gmm-est-fmllr[5.4.105~1-4fda]:main():gmm-est-fmllr.cc:143) For speaker AMI_TS3006c_H02_MTD022ID-25, auxf-impr from fMLLR is 2.74448, over 2368 frames.
LOG (gmm-est-fmllr[5.4.105~1-4fda]:ComputeFmllrMatrixDiagGmmFull():fmllr-diag-gmm.cc:262) fMLLR objf improvement is 2.37986 per frame over 2113 frames.
LOG (gmm-est-fmllr[5.4.105~1-4fda]:main():gmm-est-fmllr.cc:143) For speaker AMI_TS3006c_H02_MTD022ID-26, auxf-impr from fMLLR is 2.37986, over 2113 frames.
LOG (gmm-est-fmllr[5.4.105~1-4fda]:ComputeFmllrMatrixDiagGmmFull():fmllr-diag-gmm.cc:262) fMLLR objf improvement is 2.29634 per frame over 2123 frames.
LOG (gmm-est-fmllr[5.4.105~1-4fda]:main():gmm-est-fmllr.cc:143) For speaker AMI_TS3006c_H02_MTD022ID-27, auxf-impr from fMLLR is 2.29634, over 2123 frames.
LOG (gmm-est-fmllr[5.4.105~1-4fda]:ComputeFmllrMatrixDiagGmmFull():fmllr-diag-gmm.cc:262) fMLLR objf improvement is 2.1667 per frame over 2267 frames.
LOG (gmm-est-fmllr[5.4.105~1-4fda]:main():gmm-est-fmllr.cc:143) For speaker AMI_TS3006c_H02_MTD022ID-28, auxf-impr from fMLLR is 2.1667, over 2267 frames.
LOG (gmm-est-fmllr[5.4.105~1-4fda]:ComputeFmllrMatrixDiagGmmFull():fmllr-diag-gmm.cc:262) fMLLR objf improvement is 2.63457 per frame over 1821 frames.
LOG (gmm-est-fmllr[5.4.105~1-4fda]:main():gmm-est-fmllr.cc:143) For speaker AMI_TS3006c_H02_MTD022ID-29, auxf-impr from fMLLR is 2.63457, over 1821 frames.
LOG (gmm-est-fmllr[5.4.105~1-4fda]:ComputeFmllrMatrixDiagGmmFull():fmllr-diag-gmm.cc:262) fMLLR objf improvement is 2.69616 per frame over 2228 frames.
LOG (gmm-est-fmllr[5.4.105~1-4fda]:main():gmm-est-fmllr.cc:143) For speaker AMI_TS3006c_H02_MTD022ID-30, auxf-impr from fMLLR is 2.69616, over 2228 frames.
LOG (gmm-est-fmllr[5.4.105~1-4fda]:ComputeFmllrMatrixDiagGmmFull():fmllr-diag-gmm.cc:262) fMLLR objf improvement is 2.31204 per frame over 2058 frames.
LOG (gmm-est-fmllr[5.4.105~1-4fda]:main():gmm-est-fmllr.cc:143) For speaker AMI_TS3006c_H02_MTD022ID-31, auxf-impr from fMLLR is 2.31204, over 2058 frames.
LOG (gmm-est-fmllr[5.4.105~1-4fda]:ComputeFmllrMatrixDiagGmmFull():fmllr-diag-gmm.cc:262) fMLLR objf improvement is 2.37559 per frame over 2029 frames.
LOG (gmm-est-fmllr[5.4.105~1-4fda]:main():gmm-est-fmllr.cc:143) For speaker AMI_TS3006c_H02_MTD022ID-32, auxf-impr from fMLLR is 2.37559, over 2029 frames.
LOG (gmm-est-fmllr[5.4.105~1-4fda]:ComputeFmllrMatrixDiagGmmFull():fmllr-diag-gmm.cc:262) fMLLR objf improvement is 2.50551 per frame over 1738 frames.
LOG (gmm-est-fmllr[5.4.105~1-4fda]:main():gmm-est-fmllr.cc:143) For speaker AMI_TS3006c_H02_MTD022ID-33, auxf-impr from fMLLR is 2.50551, over 1738 frames.
LOG (gmm-est-fmllr[5.4.105~1-4fda]:ComputeFmllrMatrixDiagGmmFull():fmllr-diag-gmm.cc:262) fMLLR objf improvement is 2.34829 per frame over 1999 frames.
LOG (gmm-est-fmllr[5.4.105~1-4fda]:main():gmm-est-fmllr.cc:143) For speaker AMI_TS3006c_H02_MTD022ID-34, auxf-impr from fMLLR is 2.34829, over 1999 frames.
LOG (gmm-est-fmllr[5.4.105~1-4fda]:ComputeFmllrMatrixDiagGmmFull():fmllr-diag-gmm.cc:262) fMLLR objf improvement is 2.7391 per frame over 2075 frames.
LOG (gmm-est-fmllr[5.4.105~1-4fda]:main():gmm-est-fmllr.cc:143) For speaker AMI_TS3006c_H02_MTD022ID-35, auxf-impr from fMLLR is 2.7391, over 2075 frames.
LOG (gmm-est-fmllr[5.4.105~1-4fda]:ComputeFmllrMatrixDiagGmmFull():fmllr-diag-gmm.cc:262) fMLLR objf improvement is 2.65118 per frame over 1624 frames.
LOG (gmm-est-fmllr[5.4.105~1-4fda]:main():gmm-est-fmllr.cc:143) For speaker AMI_TS3006c_H02_MTD022ID-36, auxf-impr from fMLLR is 2.65118, over 1624 frames.
LOG (gmm-est-fmllr[5.4.105~1-4fda]:ComputeFmllrMatrixDiagGmmFull():fmllr-diag-gmm.cc:262) fMLLR objf improvement is 4.77647 per frame over 592 frames.
LOG (gmm-est-fmllr[5.4.105~1-4fda]:main():gmm-est-fmllr.cc:143) For speaker AMI_TS3006c_H02_MTD022ID-37, auxf-impr from fMLLR is 4.77647, over 592 frames.
LOG (gmm-est-fmllr[5.4.105~1-4fda]:ComputeFmllrMatrixDiagGmmFull():fmllr-diag-gmm.cc:262) fMLLR objf improvement is 3.68646 per frame over 1451 frames.
LOG (gmm-est-fmllr[5.4.105~1-4fda]:main():gmm-est-fmllr.cc:143) For speaker AMI_TS3006c_H03_MTD024ME-01, auxf-impr from fMLLR is 3.68646, over 1451 frames.
LOG (gmm-est-fmllr[5.4.105~1-4fda]:ComputeFmllrMatrixDiagGmmFull():fmllr-diag-gmm.cc:262) fMLLR objf improvement is 2.62911 per frame over 1954 frames.
LOG (gmm-est-fmllr[5.4.105~1-4fda]:main():gmm-est-fmllr.cc:143) For speaker AMI_TS3006c_H03_MTD024ME-02, auxf-impr from fMLLR is 2.62911, over 1954 frames.
LOG (gmm-est-fmllr[5.4.105~1-4fda]:ComputeFmllrMatrixDiagGmmFull():fmllr-diag-gmm.cc:262) fMLLR objf improvement is 2.48275 per frame over 2418 frames.
LOG (gmm-est-fmllr[5.4.105~1-4fda]:main():gmm-est-fmllr.cc:143) For speaker AMI_TS3006c_H03_MTD024ME-03, auxf-impr from fMLLR is 2.48275, over 2418 frames.
LOG (gmm-est-fmllr[5.4.105~1-4fda]:ComputeFmllrMatrixDiagGmmFull():fmllr-diag-gmm.cc:262) fMLLR objf improvement is 2.1712 per frame over 2339 frames.
LOG (gmm-est-fmllr[5.4.105~1-4fda]:main():gmm-est-fmllr.cc:143) For speaker AMI_TS3006c_H03_MTD024ME-04, auxf-impr from fMLLR is 2.1712, over 2339 frames.
LOG (gmm-est-fmllr[5.4.105~1-4fda]:ComputeFmllrMatrixDiagGmmFull():fmllr-diag-gmm.cc:262) fMLLR objf improvement is 2.59386 per frame over 2381 frames.
LOG (gmm-est-fmllr[5.4.105~1-4fda]:main():gmm-est-fmllr.cc:143) For speaker AMI_TS3006c_H03_MTD024ME-05, auxf-impr from fMLLR is 2.59386, over 2381 frames.
LOG (gmm-est-fmllr[5.4.105~1-4fda]:ComputeFmllrMatrixDiagGmmFull():fmllr-diag-gmm.cc:262) fMLLR objf improvement is 2.69199 per frame over 2013 frames.
LOG (gmm-est-fmllr[5.4.105~1-4fda]:main():gmm-est-fmllr.cc:143) For speaker AMI_TS3006c_H03_MTD024ME-06, auxf-impr from fMLLR is 2.69199, over 2013 frames.
LOG (gmm-est-fmllr[5.4.105~1-4fda]:ComputeFmllrMatrixDiagGmmFull():fmllr-diag-gmm.cc:262) fMLLR objf improvement is 2.7442 per frame over 1958 frames.
LOG (gmm-est-fmllr[5.4.105~1-4fda]:main():gmm-est-fmllr.cc:143) For speaker AMI_TS3006c_H03_MTD024ME-07, auxf-impr from fMLLR is 2.7442, over 1958 frames.
LOG (gmm-est-fmllr[5.4.105~1-4fda]:ComputeFmllrMatrixDiagGmmFull():fmllr-diag-gmm.cc:262) fMLLR objf improvement is 2.80413 per frame over 1959 frames.
LOG (gmm-est-fmllr[5.4.105~1-4fda]:main():gmm-est-fmllr.cc:143) For speaker AMI_TS3006c_H03_MTD024ME-08, auxf-impr from fMLLR is 2.80413, over 1959 frames.
LOG (gmm-est-fmllr[5.4.105~1-4fda]:ComputeFmllrMatrixDiagGmmFull():fmllr-diag-gmm.cc:262) fMLLR objf improvement is 2.1691 per frame over 2123 frames.
LOG (gmm-est-fmllr[5.4.105~1-4fda]:main():gmm-est-fmllr.cc:143) For speaker AMI_TS3006c_H03_MTD024ME-09, auxf-impr from fMLLR is 2.1691, over 2123 frames.
LOG (gmm-est-fmllr[5.4.105~1-4fda]:ComputeFmllrMatrixDiagGmmFull():fmllr-diag-gmm.cc:262) fMLLR objf improvement is 2.99003 per frame over 1698 frames.
LOG (gmm-est-fmllr[5.4.105~1-4fda]:main():gmm-est-fmllr.cc:143) For speaker AMI_TS3006c_H03_MTD024ME-10, auxf-impr from fMLLR is 2.99003, over 1698 frames.
LOG (gmm-est-fmllr[5.4.105~1-4fda]:ComputeFmllrMatrixDiagGmmFull():fmllr-diag-gmm.cc:262) fMLLR objf improvement is 2.42213 per frame over 2152 frames.
LOG (gmm-est-fmllr[5.4.105~1-4fda]:main():gmm-est-fmllr.cc:143) For speaker AMI_TS3006c_H03_MTD024ME-11, auxf-impr from fMLLR is 2.42213, over 2152 frames.
LOG (gmm-est-fmllr[5.4.105~1-4fda]:ComputeFmllrMatrixDiagGmmFull():fmllr-diag-gmm.cc:262) fMLLR objf improvement is 2.33582 per frame over 1968 frames.
LOG (gmm-est-fmllr[5.4.105~1-4fda]:main():gmm-est-fmllr.cc:143) For speaker AMI_TS3006c_H03_MTD024ME-12, auxf-impr from fMLLR is 2.33582, over 1968 frames.
LOG (gmm-est-fmllr[5.4.105~1-4fda]:ComputeFmllrMatrixDiagGmmFull():fmllr-diag-gmm.cc:262) fMLLR objf improvement is 2.7257 per frame over 2271 frames.
LOG (gmm-est-fmllr[5.4.105~1-4fda]:main():gmm-est-fmllr.cc:143) For speaker AMI_TS3006c_H03_MTD024ME-13, auxf-impr from fMLLR is 2.7257, over 2271 frames.
LOG (gmm-est-fmllr[5.4.105~1-4fda]:ComputeFmllrMatrixDiagGmmFull():fmllr-diag-gmm.cc:262) fMLLR objf improvement is 3.21131 per frame over 2258 frames.
LOG (gmm-est-fmllr[5.4.105~1-4fda]:main():gmm-est-fmllr.cc:143) For speaker AMI_TS3006c_H03_MTD024ME-14, auxf-impr from fMLLR is 3.21131, over 2258 frames.
LOG (gmm-est-fmllr[5.4.105~1-4fda]:ComputeFmllrMatrixDiagGmmFull():fmllr-diag-gmm.cc:262) fMLLR objf improvement is 2.51577 per frame over 1958 frames.
LOG (gmm-est-fmllr[5.4.105~1-4fda]:main():gmm-est-fmllr.cc:143) For speaker AMI_TS3006c_H03_MTD024ME-15, auxf-impr from fMLLR is 2.51577, over 1958 frames.
LOG (gmm-est-fmllr[5.4.105~1-4fda]:ComputeFmllrMatrixDiagGmmFull():fmllr-diag-gmm.cc:262) fMLLR objf improvement is 2.6436 per frame over 2292 frames.
LOG (gmm-est-fmllr[5.4.105~1-4fda]:main():gmm-est-fmllr.cc:143) For speaker AMI_TS3006c_H03_MTD024ME-16, auxf-impr from fMLLR is 2.6436, over 2292 frames.
LOG (gmm-est-fmllr[5.4.105~1-4fda]:ComputeFmllrMatrixDiagGmmFull():fmllr-diag-gmm.cc:262) fMLLR objf improvement is 2.56355 per frame over 1922 frames.
LOG (gmm-est-fmllr[5.4.105~1-4fda]:main():gmm-est-fmllr.cc:143) For speaker AMI_TS3006c_H03_MTD024ME-17, auxf-impr from fMLLR is 2.56355, over 1922 frames.
LOG (gmm-est-fmllr[5.4.105~1-4fda]:ComputeFmllrMatrixDiagGmmFull():fmllr-diag-gmm.cc:262) fMLLR objf improvement is 2.57071 per frame over 2135 frames.
LOG (gmm-est-fmllr[5.4.105~1-4fda]:main():gmm-est-fmllr.cc:143) For speaker AMI_TS3006c_H03_MTD024ME-18, auxf-impr from fMLLR is 2.57071, over 2135 frames.
LOG (gmm-est-fmllr[5.4.105~1-4fda]:ComputeFmllrMatrixDiagGmmFull():fmllr-diag-gmm.cc:262) fMLLR objf improvement is 2.39804 per frame over 1921 frames.
LOG (gmm-est-fmllr[5.4.105~1-4fda]:main():gmm-est-fmllr.cc:143) For speaker AMI_TS3006c_H03_MTD024ME-19, auxf-impr from fMLLR is 2.39804, over 1921 frames.
LOG (gmm-est-fmllr[5.4.105~1-4fda]:ComputeFmllrMatrixDiagGmmFull():fmllr-diag-gmm.cc:262) fMLLR objf improvement is 2.56568 per frame over 2214 frames.
LOG (gmm-est-fmllr[5.4.105~1-4fda]:main():gmm-est-fmllr.cc:143) For speaker AMI_TS3006c_H03_MTD024ME-20, auxf-impr from fMLLR is 2.56568, over 2214 frames.
LOG (gmm-est-fmllr[5.4.105~1-4fda]:ComputeFmllrMatrixDiagGmmFull():fmllr-diag-gmm.cc:262) fMLLR objf improvement is 2.78236 per frame over 1994 frames.
LOG (gmm-est-fmllr[5.4.105~1-4fda]:main():gmm-est-fmllr.cc:143) For speaker AMI_TS3006c_H03_MTD024ME-21, auxf-impr from fMLLR is 2.78236, over 1994 frames.
LOG (gmm-est-fmllr[5.4.105~1-4fda]:ComputeFmllrMatrixDiagGmmFull():fmllr-diag-gmm.cc:262) fMLLR objf improvement is 2.56363 per frame over 1915 frames.
LOG (gmm-est-fmllr[5.4.105~1-4fda]:main():gmm-est-fmllr.cc:143) For speaker AMI_TS3006c_H03_MTD024ME-22, auxf-impr from fMLLR is 2.56363, over 1915 frames.
LOG (gmm-est-fmllr[5.4.105~1-4fda]:ComputeFmllrMatrixDiagGmmFull():fmllr-diag-gmm.cc:262) fMLLR objf improvement is 2.5419 per frame over 1954 frames.
LOG (gmm-est-fmllr[5.4.105~1-4fda]:main():gmm-est-fmllr.cc:143) For speaker AMI_TS3006c_H03_MTD024ME-23, auxf-impr from fMLLR is 2.5419, over 1954 frames.
LOG (gmm-est-fmllr[5.4.105~1-4fda]:ComputeFmllrMatrixDiagGmmFull():fmllr-diag-gmm.cc:262) fMLLR objf improvement is 2.46208 per frame over 2270 frames.
LOG (gmm-est-fmllr[5.4.105~1-4fda]:main():gmm-est-fmllr.cc:143) For speaker AMI_TS3006c_H03_MTD024ME-24, auxf-impr from fMLLR is 2.46208, over 2270 frames.
LOG (gmm-est-fmllr[5.4.105~1-4fda]:ComputeFmllrMatrixDiagGmmFull():fmllr-diag-gmm.cc:262) fMLLR objf improvement is 3.12392 per frame over 1592 frames.
LOG (gmm-est-fmllr[5.4.105~1-4fda]:main():gmm-est-fmllr.cc:143) For speaker AMI_TS3006c_H03_MTD024ME-25, auxf-impr from fMLLR is 3.12392, over 1592 frames.
LOG (gmm-est-fmllr[5.4.105~1-4fda]:ComputeFmllrMatrixDiagGmmFull():fmllr-diag-gmm.cc:262) fMLLR objf improvement is 2.5361 per frame over 1737 frames.
LOG (gmm-est-fmllr[5.4.105~1-4fda]:main():gmm-est-fmllr.cc:143) For speaker AMI_TS3006c_H03_MTD024ME-26, auxf-impr from fMLLR is 2.5361, over 1737 frames.
LOG (gmm-est-fmllr[5.4.105~1-4fda]:ComputeFmllrMatrixDiagGmmFull():fmllr-diag-gmm.cc:262) fMLLR objf improvement is 2.66138 per frame over 2105 frames.
LOG (gmm-est-fmllr[5.4.105~1-4fda]:main():gmm-est-fmllr.cc:143) For speaker AMI_TS3006c_H03_MTD024ME-27, auxf-impr from fMLLR is 2.66138, over 2105 frames.
LOG (gmm-est-fmllr[5.4.105~1-4fda]:ComputeFmllrMatrixDiagGmmFull():fmllr-diag-gmm.cc:262) fMLLR objf improvement is 5.01504 per frame over 586 frames.
LOG (gmm-est-fmllr[5.4.105~1-4fda]:main():gmm-est-fmllr.cc:143) For speaker AMI_TS3006c_H03_MTD024ME-28, auxf-impr from fMLLR is 5.01504, over 586 frames.
LOG (gmm-est-fmllr[5.4.105~1-4fda]:ComputeFmllrMatrixDiagGmmFull():fmllr-diag-gmm.cc:262) fMLLR objf improvement is 2.4526 per frame over 2311 frames.
LOG (gmm-est-fmllr[5.4.105~1-4fda]:main():gmm-est-fmllr.cc:143) For speaker AMI_TS3006d_H00_MTD021PM-01, auxf-impr from fMLLR is 2.4526, over 2311 frames.
LOG (gmm-est-fmllr[5.4.105~1-4fda]:ComputeFmllrMatrixDiagGmmFull():fmllr-diag-gmm.cc:262) fMLLR objf improvement is 2.15436 per frame over 2195 frames.
LOG (gmm-est-fmllr[5.4.105~1-4fda]:main():gmm-est-fmllr.cc:143) For speaker AMI_TS3006d_H00_MTD021PM-02, auxf-impr from fMLLR is 2.15436, over 2195 frames.
LOG (gmm-est-fmllr[5.4.105~1-4fda]:ComputeFmllrMatrixDiagGmmFull():fmllr-diag-gmm.cc:262) fMLLR objf improvement is 2.5928 per frame over 1870 frames.
LOG (gmm-est-fmllr[5.4.105~1-4fda]:main():gmm-est-fmllr.cc:143) For speaker AMI_TS3006d_H00_MTD021PM-03, auxf-impr from fMLLR is 2.5928, over 1870 frames.
LOG (gmm-est-fmllr[5.4.105~1-4fda]:ComputeFmllrMatrixDiagGmmFull():fmllr-diag-gmm.cc:262) fMLLR objf improvement is 2.60791 per frame over 2029 frames.
LOG (gmm-est-fmllr[5.4.105~1-4fda]:main():gmm-est-fmllr.cc:143) For speaker AMI_TS3006d_H00_MTD021PM-04, auxf-impr from fMLLR is 2.60791, over 2029 frames.
LOG (gmm-est-fmllr[5.4.105~1-4fda]:ComputeFmllrMatrixDiagGmmFull():fmllr-diag-gmm.cc:262) fMLLR objf improvement is 2.20305 per frame over 1981 frames.
LOG (gmm-est-fmllr[5.4.105~1-4fda]:main():gmm-est-fmllr.cc:143) For speaker AMI_TS3006d_H00_MTD021PM-05, auxf-impr from fMLLR is 2.20305, over 1981 frames.
LOG (gmm-est-fmllr[5.4.105~1-4fda]:ComputeFmllrMatrixDiagGmmFull():fmllr-diag-gmm.cc:262) fMLLR objf improvement is 2.14302 per frame over 2084 frames.
LOG (gmm-est-fmllr[5.4.105~1-4fda]:main():gmm-est-fmllr.cc:143) For speaker AMI_TS3006d_H00_MTD021PM-06, auxf-impr from fMLLR is 2.14302, over 2084 frames.
LOG (gmm-est-fmllr[5.4.105~1-4fda]:ComputeFmllrMatrixDiagGmmFull():fmllr-diag-gmm.cc:262) fMLLR objf improvement is 2.49364 per frame over 2147 frames.
LOG (gmm-est-fmllr[5.4.105~1-4fda]:main():gmm-est-fmllr.cc:143) For speaker AMI_TS3006d_H00_MTD021PM-07, auxf-impr from fMLLR is 2.49364, over 2147 frames.
LOG (gmm-est-fmllr[5.4.105~1-4fda]:ComputeFmllrMatrixDiagGmmFull():fmllr-diag-gmm.cc:262) fMLLR objf improvement is 2.02479 per frame over 2120 frames.
LOG (gmm-est-fmllr[5.4.105~1-4fda]:main():gmm-est-fmllr.cc:143) For speaker AMI_TS3006d_H00_MTD021PM-08, auxf-impr from fMLLR is 2.02479, over 2120 frames.
LOG (gmm-est-fmllr[5.4.105~1-4fda]:ComputeFmllrMatrixDiagGmmFull():fmllr-diag-gmm.cc:262) fMLLR objf improvement is 2.60729 per frame over 1933 frames.
LOG (gmm-est-fmllr[5.4.105~1-4fda]:main():gmm-est-fmllr.cc:143) For speaker AMI_TS3006d_H00_MTD021PM-09, auxf-impr from fMLLR is 2.60729, over 1933 frames.
LOG (gmm-est-fmllr[5.4.105~1-4fda]:ComputeFmllrMatrixDiagGmmFull():fmllr-diag-gmm.cc:262) fMLLR objf improvement is 2.8389 per frame over 1974 frames.
LOG (gmm-est-fmllr[5.4.105~1-4fda]:main():gmm-est-fmllr.cc:143) For speaker AMI_TS3006d_H00_MTD021PM-10, auxf-impr from fMLLR is 2.8389, over 1974 frames.
LOG (gmm-est-fmllr[5.4.105~1-4fda]:ComputeFmllrMatrixDiagGmmFull():fmllr-diag-gmm.cc:262) fMLLR objf improvement is 5.19917 per frame over 739 frames.
LOG (gmm-est-fmllr[5.4.105~1-4fda]:main():gmm-est-fmllr.cc:143) For speaker AMI_TS3006d_H00_MTD021PM-11, auxf-impr from fMLLR is 5.19917, over 739 frames.
LOG (gmm-est-fmllr[5.4.105~1-4fda]:ComputeFmllrMatrixDiagGmmFull():fmllr-diag-gmm.cc:262) fMLLR objf improvement is 2.47596 per frame over 2352 frames.
LOG (gmm-est-fmllr[5.4.105~1-4fda]:main():gmm-est-fmllr.cc:143) For speaker AMI_TS3006d_H00_MTD021PM-12, auxf-impr from fMLLR is 2.47596, over 2352 frames.
LOG (gmm-est-fmllr[5.4.105~1-4fda]:ComputeFmllrMatrixDiagGmmFull():fmllr-diag-gmm.cc:262) fMLLR objf improvement is 2.59961 per frame over 1809 frames.
LOG (gmm-est-fmllr[5.4.105~1-4fda]:main():gmm-est-fmllr.cc:143) For speaker AMI_TS3006d_H00_MTD021PM-13, auxf-impr from fMLLR is 2.59961, over 1809 frames.
LOG (gmm-est-fmllr[5.4.105~1-4fda]:ComputeFmllrMatrixDiagGmmFull():fmllr-diag-gmm.cc:262) fMLLR objf improvement is 3.55587 per frame over 1377 frames.
LOG (gmm-est-fmllr[5.4.105~1-4fda]:main():gmm-est-fmllr.cc:143) For speaker AMI_TS3006d_H00_MTD021PM-14, auxf-impr from fMLLR is 3.55587, over 1377 frames.
LOG (gmm-est-fmllr[5.4.105~1-4fda]:ComputeFmllrMatrixDiagGmmFull():fmllr-diag-gmm.cc:262) fMLLR objf improvement is 2.57349 per frame over 1798 frames.
LOG (gmm-est-fmllr[5.4.105~1-4fda]:main():gmm-est-fmllr.cc:143) For speaker AMI_TS3006d_H00_MTD021PM-15, auxf-impr from fMLLR is 2.57349, over 1798 frames.
LOG (gmm-est-fmllr[5.4.105~1-4fda]:ComputeFmllrMatrixDiagGmmFull():fmllr-diag-gmm.cc:262) fMLLR objf improvement is 3.8776 per frame over 1144 frames.
LOG (gmm-est-fmllr[5.4.105~1-4fda]:main():gmm-est-fmllr.cc:143) For speaker AMI_TS3006d_H00_MTD021PM-16, auxf-impr from fMLLR is 3.8776, over 1144 frames.
LOG (gmm-est-fmllr[5.4.105~1-4fda]:ComputeFmllrMatrixDiagGmmFull():fmllr-diag-gmm.cc:262) fMLLR objf improvement is 2.62859 per frame over 1611 frames.
LOG (gmm-est-fmllr[5.4.105~1-4fda]:main():gmm-est-fmllr.cc:143) For speaker AMI_TS3006d_H00_MTD021PM-17, auxf-impr from fMLLR is 2.62859, over 1611 frames.
LOG (gmm-est-fmllr[5.4.105~1-4fda]:ComputeFmllrMatrixDiagGmmFull():fmllr-diag-gmm.cc:262) fMLLR objf improvement is 3.08459 per frame over 1309 frames.
LOG (gmm-est-fmllr[5.4.105~1-4fda]:main():gmm-est-fmllr.cc:143) For speaker AMI_TS3006d_H00_MTD021PM-18, auxf-impr from fMLLR is 3.08459, over 1309 frames.
LOG (gmm-est-fmllr[5.4.105~1-4fda]:ComputeFmllrMatrixDiagGmmFull():fmllr-diag-gmm.cc:262) fMLLR objf improvement is 2.91238 per frame over 1510 frames.
LOG (gmm-est-fmllr[5.4.105~1-4fda]:main():gmm-est-fmllr.cc:143) For speaker AMI_TS3006d_H00_MTD021PM-19, auxf-impr from fMLLR is 2.91238, over 1510 frames.
LOG (gmm-est-fmllr[5.4.105~1-4fda]:ComputeFmllrMatrixDiagGmmFull():fmllr-diag-gmm.cc:262) fMLLR objf improvement is 3.59035 per frame over 1242 frames.
LOG (gmm-est-fmllr[5.4.105~1-4fda]:main():gmm-est-fmllr.cc:143) For speaker AMI_TS3006d_H00_MTD021PM-20, auxf-impr from fMLLR is 3.59035, over 1242 frames.
LOG (gmm-est-fmllr[5.4.105~1-4fda]:ComputeFmllrMatrixDiagGmmFull():fmllr-diag-gmm.cc:262) fMLLR objf improvement is 2.92427 per frame over 1857 frames.
LOG (gmm-est-fmllr[5.4.105~1-4fda]:main():gmm-est-fmllr.cc:143) For speaker AMI_TS3006d_H00_MTD021PM-21, auxf-impr from fMLLR is 2.92427, over 1857 frames.
LOG (gmm-est-fmllr[5.4.105~1-4fda]:ComputeFmllrMatrixDiagGmmFull():fmllr-diag-gmm.cc:262) fMLLR objf improvement is 3.29829 per frame over 1801 frames.
LOG (gmm-est-fmllr[5.4.105~1-4fda]:main():gmm-est-fmllr.cc:143) For speaker AMI_TS3006d_H00_MTD021PM-22, auxf-impr from fMLLR is 3.29829, over 1801 frames.
LOG (gmm-est-fmllr[5.4.105~1-4fda]:ComputeFmllrMatrixDiagGmmFull():fmllr-diag-gmm.cc:262) fMLLR objf improvement is 2.87351 per frame over 1461 frames.
LOG (gmm-est-fmllr[5.4.105~1-4fda]:main():gmm-est-fmllr.cc:143) For speaker AMI_TS3006d_H00_MTD021PM-23, auxf-impr from fMLLR is 2.87351, over 1461 frames.
LOG (gmm-est-fmllr[5.4.105~1-4fda]:ComputeFmllrMatrixDiagGmmFull():fmllr-diag-gmm.cc:262) fMLLR objf improvement is 2.42656 per frame over 2038 frames.
LOG (gmm-est-fmllr[5.4.105~1-4fda]:main():gmm-est-fmllr.cc:143) For speaker AMI_TS3006d_H00_MTD021PM-24, auxf-impr from fMLLR is 2.42656, over 2038 frames.
LOG (gmm-est-fmllr[5.4.105~1-4fda]:ComputeFmllrMatrixDiagGmmFull():fmllr-diag-gmm.cc:262) fMLLR objf improvement is 2.56935 per frame over 2122 frames.
LOG (gmm-est-fmllr[5.4.105~1-4fda]:main():gmm-est-fmllr.cc:143) For speaker AMI_TS3006d_H00_MTD021PM-25, auxf-impr from fMLLR is 2.56935, over 2122 frames.
LOG (gmm-est-fmllr[5.4.105~1-4fda]:ComputeFmllrMatrixDiagGmmFull():fmllr-diag-gmm.cc:262) fMLLR objf improvement is 3.54085 per frame over 1376 frames.
LOG (gmm-est-fmllr[5.4.105~1-4fda]:main():gmm-est-fmllr.cc:143) For speaker AMI_TS3006d_H00_MTD021PM-26, auxf-impr from fMLLR is 3.54085, over 1376 frames.
LOG (gmm-est-fmllr[5.4.105~1-4fda]:ComputeFmllrMatrixDiagGmmFull():fmllr-diag-gmm.cc:262) fMLLR objf improvement is 4.095 per frame over 1175 frames.
LOG (gmm-est-fmllr[5.4.105~1-4fda]:main():gmm-est-fmllr.cc:143) For speaker AMI_TS3006d_H00_MTD021PM-27, auxf-impr from fMLLR is 4.095, over 1175 frames.
LOG (gmm-est-fmllr[5.4.105~1-4fda]:ComputeFmllrMatrixDiagGmmFull():fmllr-diag-gmm.cc:262) fMLLR objf improvement is 2.4242 per frame over 2421 frames.
LOG (gmm-est-fmllr[5.4.105~1-4fda]:main():gmm-est-fmllr.cc:143) For speaker AMI_TS3006d_H00_MTD021PM-28, auxf-impr from fMLLR is 2.4242, over 2421 frames.
LOG (gmm-est-fmllr[5.4.105~1-4fda]:ComputeFmllrMatrixDiagGmmFull():fmllr-diag-gmm.cc:262) fMLLR objf improvement is 2.19001 per frame over 2354 frames.
LOG (gmm-est-fmllr[5.4.105~1-4fda]:main():gmm-est-fmllr.cc:143) For speaker AMI_TS3006d_H00_MTD021PM-29, auxf-impr from fMLLR is 2.19001, over 2354 frames.
LOG (gmm-est-fmllr[5.4.105~1-4fda]:ComputeFmllrMatrixDiagGmmFull():fmllr-diag-gmm.cc:262) fMLLR objf improvement is 2.45174 per frame over 1855 frames.
LOG (gmm-est-fmllr[5.4.105~1-4fda]:main():gmm-est-fmllr.cc:143) For speaker AMI_TS3006d_H00_MTD021PM-30, auxf-impr from fMLLR is 2.45174, over 1855 frames.
WARNING (gmm-est-fmllr[5.4.105~1-4fda]:Update():fmllr-diag-gmm.cc:162) Not updating fMLLR since below min-count: count is 492
LOG (gmm-est-fmllr[5.4.105~1-4fda]:main():gmm-est-fmllr.cc:143) For speaker AMI_TS3006d_H00_MTD021PM-31, auxf-impr from fMLLR is 0, over 492 frames.
LOG (gmm-est-fmllr[5.4.105~1-4fda]:ComputeFmllrMatrixDiagGmmFull():fmllr-diag-gmm.cc:262) fMLLR objf improvement is 2.8765 per frame over 2108 frames.
LOG (gmm-est-fmllr[5.4.105~1-4fda]:main():gmm-est-fmllr.cc:143) For speaker AMI_TS3006d_H01_MTD023UID-01, auxf-impr from fMLLR is 2.8765, over 2108 frames.
LOG (gmm-est-fmllr[5.4.105~1-4fda]:ComputeFmllrMatrixDiagGmmFull():fmllr-diag-gmm.cc:262) fMLLR objf improvement is 2.88672 per frame over 2032 frames.
LOG (gmm-est-fmllr[5.4.105~1-4fda]:main():gmm-est-fmllr.cc:143) For speaker AMI_TS3006d_H01_MTD023UID-02, auxf-impr from fMLLR is 2.88672, over 2032 frames.
LOG (gmm-est-fmllr[5.4.105~1-4fda]:ComputeFmllrMatrixDiagGmmFull():fmllr-diag-gmm.cc:262) fMLLR objf improvement is 2.64988 per frame over 2174 frames.
LOG (gmm-est-fmllr[5.4.105~1-4fda]:main():gmm-est-fmllr.cc:143) For speaker AMI_TS3006d_H01_MTD023UID-03, auxf-impr from fMLLR is 2.64988, over 2174 frames.
LOG (gmm-est-fmllr[5.4.105~1-4fda]:ComputeFmllrMatrixDiagGmmFull():fmllr-diag-gmm.cc:262) fMLLR objf improvement is 2.58919 per frame over 1905 frames.
LOG (gmm-est-fmllr[5.4.105~1-4fda]:main():gmm-est-fmllr.cc:143) For speaker AMI_TS3006d_H01_MTD023UID-04, auxf-impr from fMLLR is 2.58919, over 1905 frames.
LOG (gmm-est-fmllr[5.4.105~1-4fda]:ComputeFmllrMatrixDiagGmmFull():fmllr-diag-gmm.cc:262) fMLLR objf improvement is 2.2776 per frame over 2091 frames.
LOG (gmm-est-fmllr[5.4.105~1-4fda]:main():gmm-est-fmllr.cc:143) For speaker AMI_TS3006d_H01_MTD023UID-05, auxf-impr from fMLLR is 2.2776, over 2091 frames.
LOG (gmm-est-fmllr[5.4.105~1-4fda]:ComputeFmllrMatrixDiagGmmFull():fmllr-diag-gmm.cc:262) fMLLR objf improvement is 2.34246 per frame over 2060 frames.
LOG (gmm-est-fmllr[5.4.105~1-4fda]:main():gmm-est-fmllr.cc:143) For speaker AMI_TS3006d_H01_MTD023UID-06, auxf-impr from fMLLR is 2.34246, over 2060 frames.
LOG (gmm-est-fmllr[5.4.105~1-4fda]:ComputeFmllrMatrixDiagGmmFull():fmllr-diag-gmm.cc:262) fMLLR objf improvement is 3.19504 per frame over 1597 frames.
LOG (gmm-est-fmllr[5.4.105~1-4fda]:main():gmm-est-fmllr.cc:143) For speaker AMI_TS3006d_H01_MTD023UID-07, auxf-impr from fMLLR is 3.19504, over 1597 frames.
LOG (gmm-est-fmllr[5.4.105~1-4fda]:ComputeFmllrMatrixDiagGmmFull():fmllr-diag-gmm.cc:262) fMLLR objf improvement is 2.27212 per frame over 2148 frames.
LOG (gmm-est-fmllr[5.4.105~1-4fda]:main():gmm-est-fmllr.cc:143) For speaker AMI_TS3006d_H01_MTD023UID-08, auxf-impr from fMLLR is 2.27212, over 2148 frames.
LOG (gmm-est-fmllr[5.4.105~1-4fda]:ComputeFmllrMatrixDiagGmmFull():fmllr-diag-gmm.cc:262) fMLLR objf improvement is 3.42743 per frame over 1223 frames.
LOG (gmm-est-fmllr[5.4.105~1-4fda]:main():gmm-est-fmllr.cc:143) For speaker AMI_TS3006d_H01_MTD023UID-09, auxf-impr from fMLLR is 3.42743, over 1223 frames.
LOG (gmm-est-fmllr[5.4.105~1-4fda]:ComputeFmllrMatrixDiagGmmFull():fmllr-diag-gmm.cc:262) fMLLR objf improvement is 2.70985 per frame over 1955 frames.
LOG (gmm-est-fmllr[5.4.105~1-4fda]:main():gmm-est-fmllr.cc:143) For speaker AMI_TS3006d_H01_MTD023UID-10, auxf-impr from fMLLR is 2.70985, over 1955 frames.
LOG (gmm-est-fmllr[5.4.105~1-4fda]:ComputeFmllrMatrixDiagGmmFull():fmllr-diag-gmm.cc:262) fMLLR objf improvement is 2.93368 per frame over 2006 frames.
LOG (gmm-est-fmllr[5.4.105~1-4fda]:main():gmm-est-fmllr.cc:143) For speaker AMI_TS3006d_H01_MTD023UID-11, auxf-impr from fMLLR is 2.93368, over 2006 frames.
LOG (gmm-est-fmllr[5.4.105~1-4fda]:ComputeFmllrMatrixDiagGmmFull():fmllr-diag-gmm.cc:262) fMLLR objf improvement is 3.15249 per frame over 1558 frames.
LOG (gmm-est-fmllr[5.4.105~1-4fda]:main():gmm-est-fmllr.cc:143) For speaker AMI_TS3006d_H01_MTD023UID-12, auxf-impr from fMLLR is 3.15249, over 1558 frames.
LOG (gmm-est-fmllr[5.4.105~1-4fda]:ComputeFmllrMatrixDiagGmmFull():fmllr-diag-gmm.cc:262) fMLLR objf improvement is 3.08228 per frame over 1601 frames.
LOG (gmm-est-fmllr[5.4.105~1-4fda]:main():gmm-est-fmllr.cc:143) For speaker AMI_TS3006d_H01_MTD023UID-13, auxf-impr from fMLLR is 3.08228, over 1601 frames.
LOG (gmm-est-fmllr[5.4.105~1-4fda]:ComputeFmllrMatrixDiagGmmFull():fmllr-diag-gmm.cc:262) fMLLR objf improvement is 2.42973 per frame over 1977 frames.
LOG (gmm-est-fmllr[5.4.105~1-4fda]:main():gmm-est-fmllr.cc:143) For speaker AMI_TS3006d_H01_MTD023UID-14, auxf-impr from fMLLR is 2.42973, over 1977 frames.
LOG (gmm-est-fmllr[5.4.105~1-4fda]:ComputeFmllrMatrixDiagGmmFull():fmllr-diag-gmm.cc:262) fMLLR objf improvement is 2.56788 per frame over 1912 frames.
LOG (gmm-est-fmllr[5.4.105~1-4fda]:main():gmm-est-fmllr.cc:143) For speaker AMI_TS3006d_H01_MTD023UID-15, auxf-impr from fMLLR is 2.56788, over 1912 frames.
LOG (gmm-est-fmllr[5.4.105~1-4fda]:ComputeFmllrMatrixDiagGmmFull():fmllr-diag-gmm.cc:262) fMLLR objf improvement is 4.22357 per frame over 823 frames.
LOG (gmm-est-fmllr[5.4.105~1-4fda]:main():gmm-est-fmllr.cc:143) For speaker AMI_TS3006d_H01_MTD023UID-16, auxf-impr from fMLLR is 4.22357, over 823 frames.
LOG (gmm-est-fmllr[5.4.105~1-4fda]:ComputeFmllrMatrixDiagGmmFull():fmllr-diag-gmm.cc:262) fMLLR objf improvement is 2.22065 per frame over 2408 frames.
LOG (gmm-est-fmllr[5.4.105~1-4fda]:main():gmm-est-fmllr.cc:143) For speaker AMI_TS3006d_H02_MTD022ID-01, auxf-impr from fMLLR is 2.22065, over 2408 frames.
LOG (gmm-est-fmllr[5.4.105~1-4fda]:ComputeFmllrMatrixDiagGmmFull():fmllr-diag-gmm.cc:262) fMLLR objf improvement is 2.20373 per frame over 2482 frames.
LOG (gmm-est-fmllr[5.4.105~1-4fda]:main():gmm-est-fmllr.cc:143) For speaker AMI_TS3006d_H02_MTD022ID-02, auxf-impr from fMLLR is 2.20373, over 2482 frames.
LOG (gmm-est-fmllr[5.4.105~1-4fda]:ComputeFmllrMatrixDiagGmmFull():fmllr-diag-gmm.cc:262) fMLLR objf improvement is 2.15655 per frame over 2386 frames.
LOG (gmm-est-fmllr[5.4.105~1-4fda]:main():gmm-est-fmllr.cc:143) For speaker AMI_TS3006d_H02_MTD022ID-03, auxf-impr from fMLLR is 2.15655, over 2386 frames.
LOG (gmm-est-fmllr[5.4.105~1-4fda]:ComputeFmllrMatrixDiagGmmFull():fmllr-diag-gmm.cc:262) fMLLR objf improvement is 2.60434 per frame over 2160 frames.
LOG (gmm-est-fmllr[5.4.105~1-4fda]:main():gmm-est-fmllr.cc:143) For speaker AMI_TS3006d_H02_MTD022ID-04, auxf-impr from fMLLR is 2.60434, over 2160 frames.
LOG (gmm-est-fmllr[5.4.105~1-4fda]:ComputeFmllrMatrixDiagGmmFull():fmllr-diag-gmm.cc:262) fMLLR objf improvement is 2.10318 per frame over 2230 frames.
LOG (gmm-est-fmllr[5.4.105~1-4fda]:main():gmm-est-fmllr.cc:143) For speaker AMI_TS3006d_H02_MTD022ID-05, auxf-impr from fMLLR is 2.10318, over 2230 frames.
LOG (gmm-est-fmllr[5.4.105~1-4fda]:ComputeFmllrMatrixDiagGmmFull():fmllr-diag-gmm.cc:262) fMLLR objf improvement is 2.54452 per frame over 2246 frames.
LOG (gmm-est-fmllr[5.4.105~1-4fda]:main():gmm-est-fmllr.cc:143) For speaker AMI_TS3006d_H02_MTD022ID-06, auxf-impr from fMLLR is 2.54452, over 2246 frames.
LOG (gmm-est-fmllr[5.4.105~1-4fda]:ComputeFmllrMatrixDiagGmmFull():fmllr-diag-gmm.cc:262) fMLLR objf improvement is 2.87247 per frame over 2047 frames.
LOG (gmm-est-fmllr[5.4.105~1-4fda]:main():gmm-est-fmllr.cc:143) For speaker AMI_TS3006d_H02_MTD022ID-07, auxf-impr from fMLLR is 2.87247, over 2047 frames.
LOG (gmm-est-fmllr[5.4.105~1-4fda]:ComputeFmllrMatrixDiagGmmFull():fmllr-diag-gmm.cc:262) fMLLR objf improvement is 2.85452 per frame over 1818 frames.
LOG (gmm-est-fmllr[5.4.105~1-4fda]:main():gmm-est-fmllr.cc:143) For speaker AMI_TS3006d_H02_MTD022ID-08, auxf-impr from fMLLR is 2.85452, over 1818 frames.
LOG (gmm-est-fmllr[5.4.105~1-4fda]:ComputeFmllrMatrixDiagGmmFull():fmllr-diag-gmm.cc:262) fMLLR objf improvement is 2.49242 per frame over 2098 frames.
LOG (gmm-est-fmllr[5.4.105~1-4fda]:main():gmm-est-fmllr.cc:143) For speaker AMI_TS3006d_H02_MTD022ID-09, auxf-impr from fMLLR is 2.49242, over 2098 frames.
LOG (gmm-est-fmllr[5.4.105~1-4fda]:ComputeFmllrMatrixDiagGmmFull():fmllr-diag-gmm.cc:262) fMLLR objf improvement is 2.59697 per frame over 1952 frames.
LOG (gmm-est-fmllr[5.4.105~1-4fda]:main():gmm-est-fmllr.cc:143) For speaker AMI_TS3006d_H02_MTD022ID-10, auxf-impr from fMLLR is 2.59697, over 1952 frames.
LOG (gmm-est-fmllr[5.4.105~1-4fda]:ComputeFmllrMatrixDiagGmmFull():fmllr-diag-gmm.cc:262) fMLLR objf improvement is 3.19009 per frame over 1762 frames.
LOG (gmm-est-fmllr[5.4.105~1-4fda]:main():gmm-est-fmllr.cc:143) For speaker AMI_TS3006d_H02_MTD022ID-11, auxf-impr from fMLLR is 3.19009, over 1762 frames.
LOG (gmm-est-fmllr[5.4.105~1-4fda]:ComputeFmllrMatrixDiagGmmFull():fmllr-diag-gmm.cc:262) fMLLR objf improvement is 2.15563 per frame over 2374 frames.
LOG (gmm-est-fmllr[5.4.105~1-4fda]:main():gmm-est-fmllr.cc:143) For speaker AMI_TS3006d_H02_MTD022ID-12, auxf-impr from fMLLR is 2.15563, over 2374 frames.
LOG (gmm-est-fmllr[5.4.105~1-4fda]:ComputeFmllrMatrixDiagGmmFull():fmllr-diag-gmm.cc:262) fMLLR objf improvement is 2.346 per frame over 2086 frames.
LOG (gmm-est-fmllr[5.4.105~1-4fda]:main():gmm-est-fmllr.cc:143) For speaker AMI_TS3006d_H02_MTD022ID-13, auxf-impr from fMLLR is 2.346, over 2086 frames.
LOG (gmm-est-fmllr[5.4.105~1-4fda]:ComputeFmllrMatrixDiagGmmFull():fmllr-diag-gmm.cc:262) fMLLR objf improvement is 2.47915 per frame over 1689 frames.
LOG (gmm-est-fmllr[5.4.105~1-4fda]:main():gmm-est-fmllr.cc:143) For speaker AMI_TS3006d_H02_MTD022ID-14, auxf-impr from fMLLR is 2.47915, over 1689 frames.
LOG (gmm-est-fmllr[5.4.105~1-4fda]:ComputeFmllrMatrixDiagGmmFull():fmllr-diag-gmm.cc:262) fMLLR objf improvement is 2.3625 per frame over 2174 frames.
LOG (gmm-est-fmllr[5.4.105~1-4fda]:main():gmm-est-fmllr.cc:143) For speaker AMI_TS3006d_H02_MTD022ID-15, auxf-impr from fMLLR is 2.3625, over 2174 frames.
LOG (gmm-est-fmllr[5.4.105~1-4fda]:ComputeFmllrMatrixDiagGmmFull():fmllr-diag-gmm.cc:262) fMLLR objf improvement is 2.40707 per frame over 2178 frames.
LOG (gmm-est-fmllr[5.4.105~1-4fda]:main():gmm-est-fmllr.cc:143) For speaker AMI_TS3006d_H02_MTD022ID-16, auxf-impr from fMLLR is 2.40707, over 2178 frames.
LOG (gmm-est-fmllr[5.4.105~1-4fda]:ComputeFmllrMatrixDiagGmmFull():fmllr-diag-gmm.cc:262) fMLLR objf improvement is 2.21469 per frame over 2401 frames.
LOG (gmm-est-fmllr[5.4.105~1-4fda]:main():gmm-est-fmllr.cc:143) For speaker AMI_TS3006d_H02_MTD022ID-17, auxf-impr from fMLLR is 2.21469, over 2401 frames.
LOG (gmm-est-fmllr[5.4.105~1-4fda]:ComputeFmllrMatrixDiagGmmFull():fmllr-diag-gmm.cc:262) fMLLR objf improvement is 3.03868 per frame over 1751 frames.
LOG (gmm-est-fmllr[5.4.105~1-4fda]:main():gmm-est-fmllr.cc:143) For speaker AMI_TS3006d_H02_MTD022ID-18, auxf-impr from fMLLR is 3.03868, over 1751 frames.
LOG (gmm-est-fmllr[5.4.105~1-4fda]:ComputeFmllrMatrixDiagGmmFull():fmllr-diag-gmm.cc:262) fMLLR objf improvement is 2.36286 per frame over 2089 frames.
LOG (gmm-est-fmllr[5.4.105~1-4fda]:main():gmm-est-fmllr.cc:143) For speaker AMI_TS3006d_H02_MTD022ID-19, auxf-impr from fMLLR is 2.36286, over 2089 frames.
LOG (gmm-est-fmllr[5.4.105~1-4fda]:ComputeFmllrMatrixDiagGmmFull():fmllr-diag-gmm.cc:262) fMLLR objf improvement is 2.53942 per frame over 2123 frames.
LOG (gmm-est-fmllr[5.4.105~1-4fda]:main():gmm-est-fmllr.cc:143) For speaker AMI_TS3006d_H02_MTD022ID-20, auxf-impr from fMLLR is 2.53942, over 2123 frames.
LOG (gmm-est-fmllr[5.4.105~1-4fda]:ComputeFmllrMatrixDiagGmmFull():fmllr-diag-gmm.cc:262) fMLLR objf improvement is 2.32936 per frame over 2083 frames.
LOG (gmm-est-fmllr[5.4.105~1-4fda]:main():gmm-est-fmllr.cc:143) For speaker AMI_TS3006d_H02_MTD022ID-21, auxf-impr from fMLLR is 2.32936, over 2083 frames.
LOG (gmm-est-fmllr[5.4.105~1-4fda]:ComputeFmllrMatrixDiagGmmFull():fmllr-diag-gmm.cc:262) fMLLR objf improvement is 3.06872 per frame over 1782 frames.
LOG (gmm-est-fmllr[5.4.105~1-4fda]:main():gmm-est-fmllr.cc:143) For speaker AMI_TS3006d_H02_MTD022ID-22, auxf-impr from fMLLR is 3.06872, over 1782 frames.
LOG (gmm-est-fmllr[5.4.105~1-4fda]:ComputeFmllrMatrixDiagGmmFull():fmllr-diag-gmm.cc:262) fMLLR objf improvement is 2.24287 per frame over 2345 frames.
LOG (gmm-est-fmllr[5.4.105~1-4fda]:main():gmm-est-fmllr.cc:143) For speaker AMI_TS3006d_H02_MTD022ID-23, auxf-impr from fMLLR is 2.24287, over 2345 frames.
LOG (gmm-est-fmllr[5.4.105~1-4fda]:ComputeFmllrMatrixDiagGmmFull():fmllr-diag-gmm.cc:262) fMLLR objf improvement is 2.81262 per frame over 1888 frames.
LOG (gmm-est-fmllr[5.4.105~1-4fda]:main():gmm-est-fmllr.cc:143) For speaker AMI_TS3006d_H02_MTD022ID-24, auxf-impr from fMLLR is 2.81262, over 1888 frames.
LOG (gmm-est-fmllr[5.4.105~1-4fda]:ComputeFmllrMatrixDiagGmmFull():fmllr-diag-gmm.cc:262) fMLLR objf improvement is 2.7018 per frame over 2263 frames.
LOG (gmm-est-fmllr[5.4.105~1-4fda]:main():gmm-est-fmllr.cc:143) For speaker AMI_TS3006d_H02_MTD022ID-25, auxf-impr from fMLLR is 2.7018, over 2263 frames.
LOG (gmm-est-fmllr[5.4.105~1-4fda]:ComputeFmllrMatrixDiagGmmFull():fmllr-diag-gmm.cc:262) fMLLR objf improvement is 2.70167 per frame over 1338 frames.
LOG (gmm-est-fmllr[5.4.105~1-4fda]:main():gmm-est-fmllr.cc:143) For speaker AMI_TS3006d_H02_MTD022ID-26, auxf-impr from fMLLR is 2.70167, over 1338 frames.
LOG (gmm-est-fmllr[5.4.105~1-4fda]:ComputeFmllrMatrixDiagGmmFull():fmllr-diag-gmm.cc:262) fMLLR objf improvement is 2.50357 per frame over 2075 frames.
LOG (gmm-est-fmllr[5.4.105~1-4fda]:main():gmm-est-fmllr.cc:143) For speaker AMI_TS3006d_H03_MTD024ME-01, auxf-impr from fMLLR is 2.50357, over 2075 frames.
LOG (gmm-est-fmllr[5.4.105~1-4fda]:ComputeFmllrMatrixDiagGmmFull():fmllr-diag-gmm.cc:262) fMLLR objf improvement is 2.36581 per frame over 2537 frames.
LOG (gmm-est-fmllr[5.4.105~1-4fda]:main():gmm-est-fmllr.cc:143) For speaker AMI_TS3006d_H03_MTD024ME-02, auxf-impr from fMLLR is 2.36581, over 2537 frames.
LOG (gmm-est-fmllr[5.4.105~1-4fda]:ComputeFmllrMatrixDiagGmmFull():fmllr-diag-gmm.cc:262) fMLLR objf improvement is 2.16743 per frame over 2423 frames.
LOG (gmm-est-fmllr[5.4.105~1-4fda]:main():gmm-est-fmllr.cc:143) For speaker AMI_TS3006d_H03_MTD024ME-03, auxf-impr from fMLLR is 2.16743, over 2423 frames.
LOG (gmm-est-fmllr[5.4.105~1-4fda]:ComputeFmllrMatrixDiagGmmFull():fmllr-diag-gmm.cc:262) fMLLR objf improvement is 2.24507 per frame over 2299 frames.
LOG (gmm-est-fmllr[5.4.105~1-4fda]:main():gmm-est-fmllr.cc:143) For speaker AMI_TS3006d_H03_MTD024ME-04, auxf-impr from fMLLR is 2.24507, over 2299 frames.
LOG (gmm-est-fmllr[5.4.105~1-4fda]:ComputeFmllrMatrixDiagGmmFull():fmllr-diag-gmm.cc:262) fMLLR objf improvement is 2.29007 per frame over 2166 frames.
LOG (gmm-est-fmllr[5.4.105~1-4fda]:main():gmm-est-fmllr.cc:143) For speaker AMI_TS3006d_H03_MTD024ME-05, auxf-impr from fMLLR is 2.29007, over 2166 frames.
LOG (gmm-est-fmllr[5.4.105~1-4fda]:ComputeFmllrMatrixDiagGmmFull():fmllr-diag-gmm.cc:262) fMLLR objf improvement is 2.03241 per frame over 2426 frames.
LOG (gmm-est-fmllr[5.4.105~1-4fda]:main():gmm-est-fmllr.cc:143) For speaker AMI_TS3006d_H03_MTD024ME-06, auxf-impr from fMLLR is 2.03241, over 2426 frames.
LOG (gmm-est-fmllr[5.4.105~1-4fda]:ComputeFmllrMatrixDiagGmmFull():fmllr-diag-gmm.cc:262) fMLLR objf improvement is 2.03977 per frame over 2088 frames.
LOG (gmm-est-fmllr[5.4.105~1-4fda]:main():gmm-est-fmllr.cc:143) For speaker AMI_TS3006d_H03_MTD024ME-07, auxf-impr from fMLLR is 2.03977, over 2088 frames.
LOG (gmm-est-fmllr[5.4.105~1-4fda]:ComputeFmllrMatrixDiagGmmFull():fmllr-diag-gmm.cc:262) fMLLR objf improvement is 2.19493 per frame over 2028 frames.
LOG (gmm-est-fmllr[5.4.105~1-4fda]:main():gmm-est-fmllr.cc:143) For speaker AMI_TS3006d_H03_MTD024ME-08, auxf-impr from fMLLR is 2.19493, over 2028 frames.
LOG (gmm-est-fmllr[5.4.105~1-4fda]:ComputeFmllrMatrixDiagGmmFull():fmllr-diag-gmm.cc:262) fMLLR objf improvement is 2.45751 per frame over 2293 frames.
LOG (gmm-est-fmllr[5.4.105~1-4fda]:main():gmm-est-fmllr.cc:143) For speaker AMI_TS3006d_H03_MTD024ME-09, auxf-impr from fMLLR is 2.45751, over 2293 frames.
LOG (gmm-est-fmllr[5.4.105~1-4fda]:ComputeFmllrMatrixDiagGmmFull():fmllr-diag-gmm.cc:262) fMLLR objf improvement is 2.21429 per frame over 2126 frames.
LOG (gmm-est-fmllr[5.4.105~1-4fda]:main():gmm-est-fmllr.cc:143) For speaker AMI_TS3006d_H03_MTD024ME-10, auxf-impr from fMLLR is 2.21429, over 2126 frames.
LOG (gmm-est-fmllr[5.4.105~1-4fda]:ComputeFmllrMatrixDiagGmmFull():fmllr-diag-gmm.cc:262) fMLLR objf improvement is 2.44611 per frame over 2230 frames.
LOG (gmm-est-fmllr[5.4.105~1-4fda]:main():gmm-est-fmllr.cc:143) For speaker AMI_TS3006d_H03_MTD024ME-11, auxf-impr from fMLLR is 2.44611, over 2230 frames.
LOG (gmm-est-fmllr[5.4.105~1-4fda]:ComputeFmllrMatrixDiagGmmFull():fmllr-diag-gmm.cc:262) fMLLR objf improvement is 2.51101 per frame over 2151 frames.
LOG (gmm-est-fmllr[5.4.105~1-4fda]:main():gmm-est-fmllr.cc:143) For speaker AMI_TS3006d_H03_MTD024ME-12, auxf-impr from fMLLR is 2.51101, over 2151 frames.
LOG (gmm-est-fmllr[5.4.105~1-4fda]:ComputeFmllrMatrixDiagGmmFull():fmllr-diag-gmm.cc:262) fMLLR objf improvement is 2.579 per frame over 1852 frames.
LOG (gmm-est-fmllr[5.4.105~1-4fda]:main():gmm-est-fmllr.cc:143) For speaker AMI_TS3006d_H03_MTD024ME-13, auxf-impr from fMLLR is 2.579, over 1852 frames.
LOG (gmm-est-fmllr[5.4.105~1-4fda]:ComputeFmllrMatrixDiagGmmFull():fmllr-diag-gmm.cc:262) fMLLR objf improvement is 2.31854 per frame over 2242 frames.
LOG (gmm-est-fmllr[5.4.105~1-4fda]:main():gmm-est-fmllr.cc:143) For speaker AMI_TS3006d_H03_MTD024ME-14, auxf-impr from fMLLR is 2.31854, over 2242 frames.
LOG (gmm-est-fmllr[5.4.105~1-4fda]:ComputeFmllrMatrixDiagGmmFull():fmllr-diag-gmm.cc:262) fMLLR objf improvement is 2.76864 per frame over 2150 frames.
LOG (gmm-est-fmllr[5.4.105~1-4fda]:main():gmm-est-fmllr.cc:143) For speaker AMI_TS3006d_H03_MTD024ME-15, auxf-impr from fMLLR is 2.76864, over 2150 frames.
LOG (gmm-est-fmllr[5.4.105~1-4fda]:ComputeFmllrMatrixDiagGmmFull():fmllr-diag-gmm.cc:262) fMLLR objf improvement is 2.4993 per frame over 2448 frames.
LOG (gmm-est-fmllr[5.4.105~1-4fda]:main():gmm-est-fmllr.cc:143) For speaker AMI_TS3006d_H03_MTD024ME-16, auxf-impr from fMLLR is 2.4993, over 2448 frames.
LOG (gmm-est-fmllr[5.4.105~1-4fda]:ComputeFmllrMatrixDiagGmmFull():fmllr-diag-gmm.cc:262) fMLLR objf improvement is 2.68364 per frame over 1895 frames.
LOG (gmm-est-fmllr[5.4.105~1-4fda]:main():gmm-est-fmllr.cc:143) For speaker AMI_TS3006d_H03_MTD024ME-17, auxf-impr from fMLLR is 2.68364, over 1895 frames.
LOG (ali-to-post[5.4.105~1-4fda]:main():ali-to-post.cc:73) Converted 4117 alignments.
LOG (gmm-est-fmllr[5.4.105~1-4fda]:ComputeFmllrMatrixDiagGmmFull():fmllr-diag-gmm.cc:262) fMLLR objf improvement is 3.14319 per frame over 1550 frames.
LOG (gmm-est-fmllr[5.4.105~1-4fda]:main():gmm-est-fmllr.cc:143) For speaker AMI_TS3006d_H03_MTD024ME-18, auxf-impr from fMLLR is 3.14319, over 1550 frames.
LOG (gmm-est-fmllr[5.4.105~1-4fda]:ComputeFmllrMatrixDiagGmmFull():fmllr-diag-gmm.cc:262) fMLLR objf improvement is 2.38742 per frame over 2066 frames.
LOG (gmm-est-fmllr[5.4.105~1-4fda]:main():gmm-est-fmllr.cc:143) For speaker AMI_TS3006d_H03_MTD024ME-19, auxf-impr from fMLLR is 2.38742, over 2066 frames.
LOG (weight-silence-post[5.4.105~1-4fda]:main():weight-silence-post.cc:95) Done 4117 posteriors.
LOG (gmm-est-fmllr[5.4.105~1-4fda]:ComputeFmllrMatrixDiagGmmFull():fmllr-diag-gmm.cc:262) fMLLR objf improvement is 2.65203 per frame over 2141 frames.
LOG (gmm-est-fmllr[5.4.105~1-4fda]:main():gmm-est-fmllr.cc:143) For speaker AMI_TS3006d_H03_MTD024ME-20, auxf-impr from fMLLR is 2.65203, over 2141 frames.
LOG (apply-cmvn[5.4.105~1-4fda]:main():apply-cmvn.cc:162) Applied cepstral mean normalization to 4118 utterances, errors on 0
LOG (transform-feats[5.4.105~1-4fda]:main():transform-feats.cc:158) Overall average [pseudo-]logdet is -92.7184 over 824972 frames.
LOG (transform-feats[5.4.105~1-4fda]:main():transform-feats.cc:161) Applied transform to 4118 utterances; 0 had errors.
LOG (gmm-est-fmllr[5.4.105~1-4fda]:ComputeFmllrMatrixDiagGmmFull():fmllr-diag-gmm.cc:262) fMLLR objf improvement is 2.44677 per frame over 1811 frames.
LOG (gmm-est-fmllr[5.4.105~1-4fda]:main():gmm-est-fmllr.cc:143) For speaker AMI_TS3006d_H03_MTD024ME-21, auxf-impr from fMLLR is 2.44677, over 1811 frames.
LOG (gmm-est-fmllr[5.4.105~1-4fda]:main():gmm-est-fmllr.cc:188) Done 4117 files, 1 with no posts, 0 with other errors.
LOG (gmm-est-fmllr[5.4.105~1-4fda]:main():gmm-est-fmllr.cc:190) Overall fMLLR auxf impr per frame is 2.59205 over 597569 frames.
# Accounting: time=103 threads=1
# Ended (code 0) at Thu Nov  1 01:44:14 EDT 2018, elapsed time 103 seconds
