# gmm-acc-stats-ali exp2/tri1/17.mdl "ark,s,cs:apply-cmvn  --utt2spk=ark:data/st_ihm_all/train/split30/7/utt2spk scp:data/st_ihm_all/train/split30/7/cmvn.scp scp:data/st_ihm_all/train/split30/7/feats.scp ark:- | add-deltas  ark:- ark:- |" "ark,s,cs:gunzip -c exp2/tri1/ali.7.gz|" exp2/tri1/17.7.acc 
# Started at Wed Oct 31 22:48:18 EDT 2018
#
gmm-acc-stats-ali exp2/tri1/17.mdl 'ark,s,cs:apply-cmvn  --utt2spk=ark:data/st_ihm_all/train/split30/7/utt2spk scp:data/st_ihm_all/train/split30/7/cmvn.scp scp:data/st_ihm_all/train/split30/7/feats.scp ark:- | add-deltas  ark:- ark:- |' 'ark,s,cs:gunzip -c exp2/tri1/ali.7.gz|' exp2/tri1/17.7.acc 
add-deltas ark:- ark:- 
apply-cmvn --utt2spk=ark:data/st_ihm_all/train/split30/7/utt2spk scp:data/st_ihm_all/train/split30/7/cmvn.scp scp:data/st_ihm_all/train/split30/7/feats.scp ark:- 
LOG (gmm-acc-stats-ali[5.4.105~1-4fda]:main():gmm-acc-stats-ali.cc:105) Processed 50 utterances; for utterance AMI_EN2006b_H01_FEE087_0075191_0075277 avg. like is -100.228 over 84 frames.
LOG (gmm-acc-stats-ali[5.4.105~1-4fda]:main():gmm-acc-stats-ali.cc:105) Processed 100 utterances; for utterance AMI_EN2006b_H01_FEE087_0096280_0096393 avg. like is -98.8329 over 111 frames.
LOG (gmm-acc-stats-ali[5.4.105~1-4fda]:main():gmm-acc-stats-ali.cc:105) Processed 150 utterances; for utterance AMI_EN2006b_H01_FEE087_0120096_0120165 avg. like is -94.8713 over 67 frames.
LOG (gmm-acc-stats-ali[5.4.105~1-4fda]:main():gmm-acc-stats-ali.cc:105) Processed 200 utterances; for utterance AMI_EN2006b_H01_FEE087_0143747_0143967 avg. like is -102.436 over 218 frames.
LOG (gmm-acc-stats-ali[5.4.105~1-4fda]:main():gmm-acc-stats-ali.cc:105) Processed 250 utterances; for utterance AMI_EN2006b_H01_FEE087_0169880_0170054 avg. like is -105.136 over 172 frames.
LOG (gmm-acc-stats-ali[5.4.105~1-4fda]:main():gmm-acc-stats-ali.cc:105) Processed 300 utterances; for utterance AMI_EN2006b_H01_FEE087_0192712_0192911 avg. like is -100.79 over 197 frames.
LOG (gmm-acc-stats-ali[5.4.105~1-4fda]:main():gmm-acc-stats-ali.cc:105) Processed 350 utterances; for utterance AMI_EN2006b_H01_FEE087_0217698_0218042 avg. like is -97.9119 over 342 frames.
WARNING (gmm-acc-stats-ali[5.4.105~1-4fda]:main():gmm-acc-stats-ali.cc:79) No alignment for utterance AMI_EN2006b_H01_FEE087_0220241_0220257
LOG (gmm-acc-stats-ali[5.4.105~1-4fda]:main():gmm-acc-stats-ali.cc:105) Processed 400 utterances; for utterance AMI_EN2006b_H01_FEE087_0247940_0248292 avg. like is -107.634 over 350 frames.
LOG (gmm-acc-stats-ali[5.4.105~1-4fda]:main():gmm-acc-stats-ali.cc:105) Processed 450 utterances; for utterance AMI_EN2006b_H01_FEE087_0276226_0276577 avg. like is -98.1019 over 349 frames.
LOG (gmm-acc-stats-ali[5.4.105~1-4fda]:main():gmm-acc-stats-ali.cc:105) Processed 500 utterances; for utterance AMI_EN2006b_H02_FEE088_0005109_0005228 avg. like is -96.8566 over 117 frames.
LOG (gmm-acc-stats-ali[5.4.105~1-4fda]:main():gmm-acc-stats-ali.cc:105) Processed 550 utterances; for utterance AMI_EN2006b_H02_FEE088_0032499_0032827 avg. like is -90.604 over 326 frames.
WARNING (gmm-acc-stats-ali[5.4.105~1-4fda]:main():gmm-acc-stats-ali.cc:79) No alignment for utterance AMI_EN2006b_H02_FEE088_0047563_0047697
LOG (gmm-acc-stats-ali[5.4.105~1-4fda]:main():gmm-acc-stats-ali.cc:105) Processed 600 utterances; for utterance AMI_EN2006b_H02_FEE088_0060362_0060383 avg. like is -96.6193 over 19 frames.
LOG (gmm-acc-stats-ali[5.4.105~1-4fda]:main():gmm-acc-stats-ali.cc:105) Processed 650 utterances; for utterance AMI_EN2006b_H02_FEE088_0086353_0086627 avg. like is -89.2325 over 272 frames.
LOG (gmm-acc-stats-ali[5.4.105~1-4fda]:main():gmm-acc-stats-ali.cc:105) Processed 700 utterances; for utterance AMI_EN2006b_H02_FEE088_0108109_0108182 avg. like is -96.7963 over 71 frames.
LOG (gmm-acc-stats-ali[5.4.105~1-4fda]:main():gmm-acc-stats-ali.cc:105) Processed 750 utterances; for utterance AMI_EN2006b_H02_FEE088_0132598_0133041 avg. like is -99.6049 over 441 frames.
WARNING (gmm-acc-stats-ali[5.4.105~1-4fda]:main():gmm-acc-stats-ali.cc:79) No alignment for utterance AMI_EN2006b_H02_FEE088_0153863_0153998
LOG (gmm-acc-stats-ali[5.4.105~1-4fda]:main():gmm-acc-stats-ali.cc:105) Processed 800 utterances; for utterance AMI_EN2006b_H02_FEE088_0160377_0160413 avg. like is -104.3 over 34 frames.
LOG (gmm-acc-stats-ali[5.4.105~1-4fda]:main():gmm-acc-stats-ali.cc:105) Processed 850 utterances; for utterance AMI_EN2006b_H02_FEE088_0188584_0188615 avg. like is -98.6246 over 29 frames.
LOG (gmm-acc-stats-ali[5.4.105~1-4fda]:main():gmm-acc-stats-ali.cc:105) Processed 900 utterances; for utterance AMI_EN2006b_H02_FEE088_0213100_0213271 avg. like is -92.6374 over 169 frames.
LOG (gmm-acc-stats-ali[5.4.105~1-4fda]:main():gmm-acc-stats-ali.cc:105) Processed 950 utterances; for utterance AMI_EN2006b_H02_FEE088_0238771_0238940 avg. like is -97.045 over 167 frames.
LOG (gmm-acc-stats-ali[5.4.105~1-4fda]:main():gmm-acc-stats-ali.cc:105) Processed 1000 utterances; for utterance AMI_EN2006b_H02_FEE088_0272769_0272842 avg. like is -91.1849 over 71 frames.
LOG (gmm-acc-stats-ali[5.4.105~1-4fda]:main():gmm-acc-stats-ali.cc:105) Processed 1050 utterances; for utterance AMI_EN2006b_H02_FEE088_0295813_0295875 avg. like is -101.803 over 60 frames.
LOG (gmm-acc-stats-ali[5.4.105~1-4fda]:main():gmm-acc-stats-ali.cc:105) Processed 1100 utterances; for utterance AMI_EN2006b_H03_MEO086_0170100_0170239 avg. like is -91.0516 over 137 frames.
LOG (gmm-acc-stats-ali[5.4.105~1-4fda]:main():gmm-acc-stats-ali.cc:105) Processed 1150 utterances; for utterance AMI_EN2009b_H00_MEE095_0010842_0011057 avg. like is -102.223 over 213 frames.
LOG (gmm-acc-stats-ali[5.4.105~1-4fda]:main():gmm-acc-stats-ali.cc:105) Processed 1200 utterances; for utterance AMI_EN2009b_H00_MEE095_0045304_0045772 avg. like is -97.6448 over 466 frames.
LOG (gmm-acc-stats-ali[5.4.105~1-4fda]:main():gmm-acc-stats-ali.cc:105) Processed 1250 utterances; for utterance AMI_EN2009b_H00_MEE095_0086730_0087267 avg. like is -99.0676 over 535 frames.
LOG (gmm-acc-stats-ali[5.4.105~1-4fda]:main():gmm-acc-stats-ali.cc:105) Processed 1300 utterances; for utterance AMI_EN2009b_H00_MEE095_0139368_0139442 avg. like is -99.7689 over 72 frames.
LOG (gmm-acc-stats-ali[5.4.105~1-4fda]:main():gmm-acc-stats-ali.cc:105) Processed 1350 utterances; for utterance AMI_EN2009b_H00_MEE095_0210952_0211021 avg. like is -94.545 over 67 frames.
LOG (gmm-acc-stats-ali[5.4.105~1-4fda]:main():gmm-acc-stats-ali.cc:105) Processed 1400 utterances; for utterance AMI_EN2009b_H01_FEE083_0011813_0012139 avg. like is -95.7916 over 324 frames.
LOG (gmm-acc-stats-ali[5.4.105~1-4fda]:main():gmm-acc-stats-ali.cc:105) Processed 1450 utterances; for utterance AMI_EN2009b_H01_FEE083_0034120_0034466 avg. like is -109.371 over 344 frames.
LOG (gmm-acc-stats-ali[5.4.105~1-4fda]:main():gmm-acc-stats-ali.cc:105) Processed 1500 utterances; for utterance AMI_EN2009b_H01_FEE083_0062566_0062778 avg. like is -98.6917 over 210 frames.
WARNING (gmm-acc-stats-ali[5.4.105~1-4fda]:main():gmm-acc-stats-ali.cc:79) No alignment for utterance AMI_EN2009b_H01_FEE083_0085770_0086449
LOG (gmm-acc-stats-ali[5.4.105~1-4fda]:main():gmm-acc-stats-ali.cc:105) Processed 1550 utterances; for utterance AMI_EN2009b_H01_FEE083_0086449_0086788 avg. like is -90.9168 over 337 frames.
LOG (gmm-acc-stats-ali[5.4.105~1-4fda]:main():gmm-acc-stats-ali.cc:105) Processed 1600 utterances; for utterance AMI_EN2009b_H01_FEE083_0113024_0113097 avg. like is -86.1595 over 71 frames.
LOG (gmm-acc-stats-ali[5.4.105~1-4fda]:main():gmm-acc-stats-ali.cc:105) Processed 1650 utterances; for utterance AMI_EN2009b_H01_FEE083_0141381_0141411 avg. like is -91.8366 over 28 frames.
LOG (gmm-acc-stats-ali[5.4.105~1-4fda]:main():gmm-acc-stats-ali.cc:105) Processed 1700 utterances; for utterance AMI_EN2009b_H01_FEE083_0170321_0170502 avg. like is -102.484 over 179 frames.
LOG (gmm-acc-stats-ali[5.4.105~1-4fda]:main():gmm-acc-stats-ali.cc:105) Processed 1750 utterances; for utterance AMI_EN2009b_H01_FEE083_0193387_0193431 avg. like is -110.006 over 42 frames.
WARNING (gmm-acc-stats-ali[5.4.105~1-4fda]:main():gmm-acc-stats-ali.cc:79) No alignment for utterance AMI_EN2009b_H01_FEE083_0206275_0206485
LOG (gmm-acc-stats-ali[5.4.105~1-4fda]:main():gmm-acc-stats-ali.cc:105) Processed 1800 utterances; for utterance AMI_EN2009b_H01_FEE083_0217902_0218042 avg. like is -105.547 over 138 frames.
LOG (gmm-acc-stats-ali[5.4.105~1-4fda]:main():gmm-acc-stats-ali.cc:105) Processed 1850 utterances; for utterance AMI_EN2009b_H02_MEE094_0023194_0023598 avg. like is -103.312 over 402 frames.
LOG (gmm-acc-stats-ali[5.4.105~1-4fda]:main():gmm-acc-stats-ali.cc:105) Processed 1900 utterances; for utterance AMI_EN2009b_H02_MEE094_0061075_0062046 avg. like is -96.247 over 969 frames.
LOG (gmm-acc-stats-ali[5.4.105~1-4fda]:main():gmm-acc-stats-ali.cc:105) Processed 1950 utterances; for utterance AMI_EN2009b_H02_MEE094_0097955_0098055 avg. like is -94.4389 over 98 frames.
LOG (gmm-acc-stats-ali[5.4.105~1-4fda]:main():gmm-acc-stats-ali.cc:105) Processed 2000 utterances; for utterance AMI_EN2009b_H02_MEE094_0139671_0139734 avg. like is -100.65 over 61 frames.
LOG (gmm-acc-stats-ali[5.4.105~1-4fda]:main():gmm-acc-stats-ali.cc:105) Processed 2050 utterances; for utterance AMI_EN2009b_H02_MEE094_0162360_0163096 avg. like is -91.9837 over 734 frames.
LOG (gmm-acc-stats-ali[5.4.105~1-4fda]:main():gmm-acc-stats-ali.cc:105) Processed 2100 utterances; for utterance AMI_EN2009b_H02_MEE094_0195709_0196073 avg. like is -93.2427 over 362 frames.
LOG (gmm-acc-stats-ali[5.4.105~1-4fda]:main():gmm-acc-stats-ali.cc:105) Processed 2150 utterances; for utterance AMI_EN2009c_H00_MEE095_0002689_0003198 avg. like is -105.624 over 507 frames.
LOG (gmm-acc-stats-ali[5.4.105~1-4fda]:main():gmm-acc-stats-ali.cc:105) Processed 2200 utterances; for utterance AMI_EN2009c_H00_MEE095_0033486_0034294 avg. like is -104.43 over 806 frames.
LOG (gmm-acc-stats-ali[5.4.105~1-4fda]:main():gmm-acc-stats-ali.cc:105) Processed 2250 utterances; for utterance AMI_EN2009c_H00_MEE095_0087594_0088068 avg. like is -97.529 over 472 frames.
LOG (gmm-acc-stats-ali[5.4.105~1-4fda]:main():gmm-acc-stats-ali.cc:105) Processed 2300 utterances; for utterance AMI_EN2009c_H00_MEE095_0156003_0156145 avg. like is -96.0371 over 140 frames.
LOG (gmm-acc-stats-ali[5.4.105~1-4fda]:main():gmm-acc-stats-ali.cc:105) Processed 2350 utterances; for utterance AMI_EN2009c_H00_MEE095_0183597_0183697 avg. like is -90.1623 over 98 frames.
LOG (gmm-acc-stats-ali[5.4.105~1-4fda]:main():gmm-acc-stats-ali.cc:105) Processed 2400 utterances; for utterance AMI_EN2009c_H00_MEE095_0232333_0232444 avg. like is -93.5631 over 109 frames.
LOG (gmm-acc-stats-ali[5.4.105~1-4fda]:main():gmm-acc-stats-ali.cc:105) Processed 2450 utterances; for utterance AMI_EN2009c_H00_MEE095_0272716_0272852 avg. like is -99.9472 over 134 frames.
WARNING (gmm-acc-stats-ali[5.4.105~1-4fda]:main():gmm-acc-stats-ali.cc:79) No alignment for utterance AMI_EN2009c_H01_FEE083_0002392_0002574
LOG (gmm-acc-stats-ali[5.4.105~1-4fda]:main():gmm-acc-stats-ali.cc:105) Processed 2500 utterances; for utterance AMI_EN2009c_H01_FEE083_0004413_0004474 avg. like is -107.738 over 59 frames.
LOG (gmm-acc-stats-ali[5.4.105~1-4fda]:main():gmm-acc-stats-ali.cc:105) Processed 2550 utterances; for utterance AMI_EN2009c_H01_FEE083_0031656_0032164 avg. like is -99.3598 over 506 frames.
WARNING (gmm-acc-stats-ali[5.4.105~1-4fda]:main():gmm-acc-stats-ali.cc:79) No alignment for utterance AMI_EN2009c_H01_FEE083_0032951_0033424
LOG (gmm-acc-stats-ali[5.4.105~1-4fda]:main():gmm-acc-stats-ali.cc:105) Processed 2600 utterances; for utterance AMI_EN2009c_H01_FEE083_0058174_0058239 avg. like is -101.273 over 63 frames.
WARNING (gmm-acc-stats-ali[5.4.105~1-4fda]:main():gmm-acc-stats-ali.cc:79) No alignment for utterance AMI_EN2009c_H01_FEE083_0069047_0069142
LOG (gmm-acc-stats-ali[5.4.105~1-4fda]:main():gmm-acc-stats-ali.cc:105) Processed 2650 utterances; for utterance AMI_EN2009c_H01_FEE083_0085052_0085084 avg. like is -96.6737 over 30 frames.
LOG (gmm-acc-stats-ali[5.4.105~1-4fda]:main():gmm-acc-stats-ali.cc:105) Processed 2700 utterances; for utterance AMI_EN2009c_H01_FEE083_0110275_0110867 avg. like is -92.6699 over 590 frames.
LOG (gmm-acc-stats-ali[5.4.105~1-4fda]:main():gmm-acc-stats-ali.cc:105) Processed 2750 utterances; for utterance AMI_EN2009c_H01_FEE083_0133007_0133296 avg. like is -97.911 over 287 frames.
WARNING (gmm-acc-stats-ali[5.4.105~1-4fda]:main():gmm-acc-stats-ali.cc:79) No alignment for utterance AMI_EN2009c_H01_FEE083_0158633_0158872
LOG (gmm-acc-stats-ali[5.4.105~1-4fda]:main():gmm-acc-stats-ali.cc:105) Processed 2800 utterances; for utterance AMI_EN2009c_H01_FEE083_0161471_0161691 avg. like is -95.7019 over 218 frames.
LOG (gmm-acc-stats-ali[5.4.105~1-4fda]:main():gmm-acc-stats-ali.cc:105) Processed 2850 utterances; for utterance AMI_EN2009c_H01_FEE083_0185285_0185561 avg. like is -99.6399 over 274 frames.
WARNING (gmm-acc-stats-ali[5.4.105~1-4fda]:main():gmm-acc-stats-ali.cc:79) No alignment for utterance AMI_EN2009c_H01_FEE083_0186978_0187151
LOG (gmm-acc-stats-ali[5.4.105~1-4fda]:main():gmm-acc-stats-ali.cc:105) Processed 2900 utterances; for utterance AMI_EN2009c_H01_FEE083_0207254_0207644 avg. like is -100.179 over 388 frames.
LOG (gmm-acc-stats-ali[5.4.105~1-4fda]:main():gmm-acc-stats-ali.cc:105) Processed 2950 utterances; for utterance AMI_EN2009c_H01_FEE083_0242944_0243116 avg. like is -86.9632 over 170 frames.
LOG (gmm-acc-stats-ali[5.4.105~1-4fda]:main():gmm-acc-stats-ali.cc:105) Processed 3000 utterances; for utterance AMI_EN2009c_H01_FEE083_0282473_0282497 avg. like is -96.7295 over 22 frames.
LOG (gmm-acc-stats-ali[5.4.105~1-4fda]:main():gmm-acc-stats-ali.cc:105) Processed 3050 utterances; for utterance AMI_EN2009c_H02_MEE094_0044827_0045530 avg. like is -95.6261 over 701 frames.
LOG (gmm-acc-stats-ali[5.4.105~1-4fda]:main():gmm-acc-stats-ali.cc:105) Processed 3100 utterances; for utterance AMI_EN2009c_H02_MEE094_0081017_0081515 avg. like is -102.353 over 496 frames.
LOG (gmm-acc-stats-ali[5.4.105~1-4fda]:main():gmm-acc-stats-ali.cc:105) Processed 3150 utterances; for utterance AMI_EN2009c_H02_MEE094_0126080_0126117 avg. like is -105.037 over 35 frames.
LOG (gmm-acc-stats-ali[5.4.105~1-4fda]:main():gmm-acc-stats-ali.cc:105) Processed 3200 utterances; for utterance AMI_EN2009c_H02_MEE094_0161625_0161653 avg. like is -99.8268 over 26 frames.
LOG (gmm-acc-stats-ali[5.4.105~1-4fda]:main():gmm-acc-stats-ali.cc:105) Processed 3250 utterances; for utterance AMI_EN2009c_H02_MEE094_0200000_0200059 avg. like is -99.3458 over 57 frames.
LOG (gmm-acc-stats-ali[5.4.105~1-4fda]:main():gmm-acc-stats-ali.cc:105) Processed 3300 utterances; for utterance AMI_EN2009c_H02_MEE094_0229379_0229479 avg. like is -96.9073 over 98 frames.
LOG (gmm-acc-stats-ali[5.4.105~1-4fda]:main():gmm-acc-stats-ali.cc:105) Processed 3350 utterances; for utterance AMI_EN2009c_H02_MEE094_0266519_0267146 avg. like is -97.4397 over 625 frames.
LOG (gmm-acc-stats-ali[5.4.105~1-4fda]:main():gmm-acc-stats-ali.cc:105) Processed 3400 utterances; for utterance AMI_EN2009d_H00_FEE083_0002079_0003090 avg. like is -100.041 over 1009 frames.
LOG (gmm-acc-stats-ali[5.4.105~1-4fda]:main():gmm-acc-stats-ali.cc:105) Processed 3450 utterances; for utterance AMI_EN2009d_H00_FEE083_0029124_0029355 avg. like is -102.826 over 229 frames.
LOG (gmm-acc-stats-ali[5.4.105~1-4fda]:main():gmm-acc-stats-ali.cc:105) Processed 3500 utterances; for utterance AMI_EN2009d_H00_FEE083_0069207_0069301 avg. like is -97.7348 over 92 frames.
WARNING (gmm-acc-stats-ali[5.4.105~1-4fda]:main():gmm-acc-stats-ali.cc:79) No alignment for utterance AMI_EN2009d_H00_FEE083_0074644_0074769
LOG (gmm-acc-stats-ali[5.4.105~1-4fda]:main():gmm-acc-stats-ali.cc:105) Processed 3550 utterances; for utterance AMI_EN2009d_H00_FEE083_0101753_0101972 avg. like is -99.9837 over 217 frames.
LOG (gmm-acc-stats-ali[5.4.105~1-4fda]:main():gmm-acc-stats-ali.cc:105) Processed 3600 utterances; for utterance AMI_EN2009d_H00_FEE083_0135398_0136129 avg. like is -104.387 over 729 frames.
WARNING (gmm-acc-stats-ali[5.4.105~1-4fda]:main():gmm-acc-stats-ali.cc:79) No alignment for utterance AMI_EN2009d_H00_FEE083_0162308_0162484
LOG (gmm-acc-stats-ali[5.4.105~1-4fda]:main():gmm-acc-stats-ali.cc:105) Processed 3650 utterances; for utterance AMI_EN2009d_H00_FEE083_0181888_0181934 avg. like is -99.6873 over 44 frames.
WARNING (gmm-acc-stats-ali[5.4.105~1-4fda]:main():gmm-acc-stats-ali.cc:79) No alignment for utterance AMI_EN2009d_H00_FEE083_0207344_0207544
LOG (gmm-acc-stats-ali[5.4.105~1-4fda]:main():gmm-acc-stats-ali.cc:105) Processed 3700 utterances; for utterance AMI_EN2009d_H00_FEE083_0207544_0207860 avg. like is -108.432 over 314 frames.
WARNING (gmm-acc-stats-ali[5.4.105~1-4fda]:main():gmm-acc-stats-ali.cc:79) No alignment for utterance AMI_EN2009d_H00_FEE083_0242533_0242885
LOG (gmm-acc-stats-ali[5.4.105~1-4fda]:main():gmm-acc-stats-ali.cc:105) Processed 3750 utterances; for utterance AMI_EN2009d_H00_FEE083_0252648_0252673 avg. like is -88.3716 over 23 frames.
LOG (gmm-acc-stats-ali[5.4.105~1-4fda]:main():gmm-acc-stats-ali.cc:105) Processed 3800 utterances; for utterance AMI_EN2009d_H00_FEE083_0290854_0290881 avg. like is -101.891 over 25 frames.
LOG (gmm-acc-stats-ali[5.4.105~1-4fda]:main():gmm-acc-stats-ali.cc:105) Processed 3850 utterances; for utterance AMI_EN2009d_H00_FEE083_0329070_0329223 avg. like is -104.353 over 151 frames.
LOG (gmm-acc-stats-ali[5.4.105~1-4fda]:main():gmm-acc-stats-ali.cc:105) Processed 3900 utterances; for utterance AMI_EN2009d_H00_FEE083_0370202_0370504 avg. like is -106.428 over 300 frames.
LOG (apply-cmvn[5.4.105~1-4fda]:main():apply-cmvn.cc:162) Applied cepstral mean normalization to 3967 utterances, errors on 0
LOG (gmm-acc-stats-ali[5.4.105~1-4fda]:main():gmm-acc-stats-ali.cc:105) Processed 3950 utterances; for utterance AMI_EN2009d_H00_FEE083_0409463_0409511 avg. like is -104.025 over 46 frames.
LOG (gmm-acc-stats-ali[5.4.105~1-4fda]:main():gmm-acc-stats-ali.cc:112) Done 3953 files, 14 with errors.
LOG (gmm-acc-stats-ali[5.4.105~1-4fda]:main():gmm-acc-stats-ali.cc:115) Overall avg like per frame (Gaussian only) = -98.547 over 920479 frames.
LOG (gmm-acc-stats-ali[5.4.105~1-4fda]:main():gmm-acc-stats-ali.cc:123) Written accs.
# Accounting: time=17 threads=1
# Ended (code 0) at Wed Oct 31 22:48:35 EDT 2018, elapsed time 17 seconds
