# gmm-acc-stats-ali exp2/tri1/15.mdl "ark,s,cs:apply-cmvn  --utt2spk=ark:data/st_ihm_all/train/split30/30/utt2spk scp:data/st_ihm_all/train/split30/30/cmvn.scp scp:data/st_ihm_all/train/split30/30/feats.scp ark:- | add-deltas  ark:- ark:- |" "ark,s,cs:gunzip -c exp2/tri1/ali.30.gz|" exp2/tri1/15.30.acc 
# Started at Wed Oct 31 22:47:12 EDT 2018
#
gmm-acc-stats-ali exp2/tri1/15.mdl 'ark,s,cs:apply-cmvn  --utt2spk=ark:data/st_ihm_all/train/split30/30/utt2spk scp:data/st_ihm_all/train/split30/30/cmvn.scp scp:data/st_ihm_all/train/split30/30/feats.scp ark:- | add-deltas  ark:- ark:- |' 'ark,s,cs:gunzip -c exp2/tri1/ali.30.gz|' exp2/tri1/15.30.acc 
apply-cmvn --utt2spk=ark:data/st_ihm_all/train/split30/30/utt2spk scp:data/st_ihm_all/train/split30/30/cmvn.scp scp:data/st_ihm_all/train/split30/30/feats.scp ark:- 
add-deltas ark:- ark:- 
LOG (gmm-acc-stats-ali[5.4.105~1-4fda]:main():gmm-acc-stats-ali.cc:105) Processed 50 utterances; for utterance AMI_TS3011d_H01_MTD043UID_0188667_0188691 avg. like is -94.5791 over 22 frames.
LOG (gmm-acc-stats-ali[5.4.105~1-4fda]:main():gmm-acc-stats-ali.cc:105) Processed 100 utterances; for utterance AMI_TS3011d_H02_MTD042ID_0058526_0058847 avg. like is -91.9583 over 319 frames.
LOG (gmm-acc-stats-ali[5.4.105~1-4fda]:main():gmm-acc-stats-ali.cc:105) Processed 150 utterances; for utterance AMI_TS3011d_H02_MTD042ID_0097896_0098653 avg. like is -90.9313 over 755 frames.
LOG (gmm-acc-stats-ali[5.4.105~1-4fda]:main():gmm-acc-stats-ali.cc:105) Processed 200 utterances; for utterance AMI_TS3011d_H02_MTD042ID_0129871_0130008 avg. like is -93.0506 over 135 frames.
LOG (gmm-acc-stats-ali[5.4.105~1-4fda]:main():gmm-acc-stats-ali.cc:105) Processed 250 utterances; for utterance AMI_TS3011d_H02_MTD042ID_0165397_0165516 avg. like is -92.3362 over 117 frames.
LOG (gmm-acc-stats-ali[5.4.105~1-4fda]:main():gmm-acc-stats-ali.cc:105) Processed 300 utterances; for utterance AMI_TS3011d_H02_MTD042ID_0200924_0200962 avg. like is -94.572 over 36 frames.
LOG (gmm-acc-stats-ali[5.4.105~1-4fda]:main():gmm-acc-stats-ali.cc:105) Processed 350 utterances; for utterance AMI_TS3011d_H03_MTD044ME_0106728_0106801 avg. like is -96.4658 over 71 frames.
LOG (gmm-acc-stats-ali[5.4.105~1-4fda]:main():gmm-acc-stats-ali.cc:105) Processed 400 utterances; for utterance AMI_TS3012a_H00_MTD045PM_0004440_0004673 avg. like is -91.4159 over 231 frames.
LOG (gmm-acc-stats-ali[5.4.105~1-4fda]:main():gmm-acc-stats-ali.cc:105) Processed 450 utterances; for utterance AMI_TS3012a_H00_MTD045PM_0023480_0023912 avg. like is -91.8041 over 430 frames.
LOG (gmm-acc-stats-ali[5.4.105~1-4fda]:main():gmm-acc-stats-ali.cc:105) Processed 500 utterances; for utterance AMI_TS3012a_H00_MTD045PM_0063641_0063812 avg. like is -95.5828 over 169 frames.
LOG (gmm-acc-stats-ali[5.4.105~1-4fda]:main():gmm-acc-stats-ali.cc:105) Processed 550 utterances; for utterance AMI_TS3012a_H01_MTD047UID_0004504_0004797 avg. like is -94.6957 over 291 frames.
LOG (gmm-acc-stats-ali[5.4.105~1-4fda]:main():gmm-acc-stats-ali.cc:105) Processed 600 utterances; for utterance AMI_TS3012a_H02_MTD046ID_0037480_0037516 avg. like is -83.2224 over 34 frames.
LOG (gmm-acc-stats-ali[5.4.105~1-4fda]:main():gmm-acc-stats-ali.cc:105) Processed 650 utterances; for utterance AMI_TS3012a_H03_MTD048ME_0037690_0037729 avg. like is -89.1526 over 37 frames.
LOG (gmm-acc-stats-ali[5.4.105~1-4fda]:main():gmm-acc-stats-ali.cc:105) Processed 700 utterances; for utterance AMI_TS3012b_H00_MTD045PM_0003979_0004132 avg. like is -95.9027 over 151 frames.
LOG (gmm-acc-stats-ali[5.4.105~1-4fda]:main():gmm-acc-stats-ali.cc:105) Processed 750 utterances; for utterance AMI_TS3012b_H00_MTD045PM_0049209_0049230 avg. like is -96.9639 over 19 frames.
LOG (gmm-acc-stats-ali[5.4.105~1-4fda]:main():gmm-acc-stats-ali.cc:105) Processed 800 utterances; for utterance AMI_TS3012b_H00_MTD045PM_0083912_0084195 avg. like is -92.1241 over 281 frames.
LOG (gmm-acc-stats-ali[5.4.105~1-4fda]:main():gmm-acc-stats-ali.cc:105) Processed 850 utterances; for utterance AMI_TS3012b_H00_MTD045PM_0106206_0106258 avg. like is -98.5101 over 50 frames.
LOG (gmm-acc-stats-ali[5.4.105~1-4fda]:main():gmm-acc-stats-ali.cc:105) Processed 900 utterances; for utterance AMI_TS3012b_H00_MTD045PM_0132748_0132827 avg. like is -95.3598 over 77 frames.
LOG (gmm-acc-stats-ali[5.4.105~1-4fda]:main():gmm-acc-stats-ali.cc:105) Processed 950 utterances; for utterance AMI_TS3012b_H00_MTD045PM_0155316_0155834 avg. like is -98.2609 over 516 frames.
LOG (gmm-acc-stats-ali[5.4.105~1-4fda]:main():gmm-acc-stats-ali.cc:105) Processed 1000 utterances; for utterance AMI_TS3012b_H00_MTD045PM_0177751_0177831 avg. like is -93.6232 over 78 frames.
LOG (gmm-acc-stats-ali[5.4.105~1-4fda]:main():gmm-acc-stats-ali.cc:105) Processed 1050 utterances; for utterance AMI_TS3012b_H00_MTD045PM_0204890_0205103 avg. like is -96.5786 over 211 frames.
LOG (gmm-acc-stats-ali[5.4.105~1-4fda]:main():gmm-acc-stats-ali.cc:105) Processed 1100 utterances; for utterance AMI_TS3012b_H00_MTD045PM_0228581_0228802 avg. like is -98.5438 over 219 frames.
LOG (gmm-acc-stats-ali[5.4.105~1-4fda]:main():gmm-acc-stats-ali.cc:105) Processed 1150 utterances; for utterance AMI_TS3012b_H01_MTD047UID_0042181_0042327 avg. like is -94.1417 over 144 frames.
LOG (gmm-acc-stats-ali[5.4.105~1-4fda]:main():gmm-acc-stats-ali.cc:105) Processed 1200 utterances; for utterance AMI_TS3012b_H01_MTD047UID_0122556_0122590 avg. like is -91.8566 over 32 frames.
LOG (gmm-acc-stats-ali[5.4.105~1-4fda]:main():gmm-acc-stats-ali.cc:105) Processed 1250 utterances; for utterance AMI_TS3012b_H01_MTD047UID_0183663_0183778 avg. like is -100.229 over 113 frames.
LOG (gmm-acc-stats-ali[5.4.105~1-4fda]:main():gmm-acc-stats-ali.cc:105) Processed 1300 utterances; for utterance AMI_TS3012b_H02_MTD046ID_0057104_0057384 avg. like is -90.7974 over 278 frames.
LOG (gmm-acc-stats-ali[5.4.105~1-4fda]:main():gmm-acc-stats-ali.cc:105) Processed 1350 utterances; for utterance AMI_TS3012b_H02_MTD046ID_0091890_0091919 avg. like is -94.0437 over 27 frames.
LOG (gmm-acc-stats-ali[5.4.105~1-4fda]:main():gmm-acc-stats-ali.cc:105) Processed 1400 utterances; for utterance AMI_TS3012b_H02_MTD046ID_0130960_0131041 avg. like is -90.6844 over 79 frames.
LOG (gmm-acc-stats-ali[5.4.105~1-4fda]:main():gmm-acc-stats-ali.cc:105) Processed 1450 utterances; for utterance AMI_TS3012b_H02_MTD046ID_0172191_0172286 avg. like is -97.9142 over 93 frames.
LOG (gmm-acc-stats-ali[5.4.105~1-4fda]:main():gmm-acc-stats-ali.cc:105) Processed 1500 utterances; for utterance AMI_TS3012b_H02_MTD046ID_0206390_0206459 avg. like is -91.5344 over 67 frames.
LOG (gmm-acc-stats-ali[5.4.105~1-4fda]:main():gmm-acc-stats-ali.cc:105) Processed 1550 utterances; for utterance AMI_TS3012b_H02_MTD046ID_0239707_0240206 avg. like is -94.1675 over 497 frames.
LOG (gmm-acc-stats-ali[5.4.105~1-4fda]:main():gmm-acc-stats-ali.cc:105) Processed 1600 utterances; for utterance AMI_TS3012b_H03_MTD048ME_0032267_0033165 avg. like is -92.1888 over 896 frames.
LOG (gmm-acc-stats-ali[5.4.105~1-4fda]:main():gmm-acc-stats-ali.cc:105) Processed 1650 utterances; for utterance AMI_TS3012b_H03_MTD048ME_0111713_0111778 avg. like is -93.7946 over 63 frames.
LOG (gmm-acc-stats-ali[5.4.105~1-4fda]:main():gmm-acc-stats-ali.cc:105) Processed 1700 utterances; for utterance AMI_TS3012b_H03_MTD048ME_0169568_0169591 avg. like is -101.655 over 21 frames.
LOG (gmm-acc-stats-ali[5.4.105~1-4fda]:main():gmm-acc-stats-ali.cc:105) Processed 1750 utterances; for utterance AMI_TS3012b_H03_MTD048ME_0204834_0204884 avg. like is -93.3769 over 48 frames.
LOG (gmm-acc-stats-ali[5.4.105~1-4fda]:main():gmm-acc-stats-ali.cc:105) Processed 1800 utterances; for utterance AMI_TS3012c_H00_MTD045PM_0005895_0005955 avg. like is -94.3796 over 58 frames.
LOG (gmm-acc-stats-ali[5.4.105~1-4fda]:main():gmm-acc-stats-ali.cc:105) Processed 1850 utterances; for utterance AMI_TS3012c_H00_MTD045PM_0031477_0031797 avg. like is -98.431 over 318 frames.
LOG (gmm-acc-stats-ali[5.4.105~1-4fda]:main():gmm-acc-stats-ali.cc:105) Processed 1900 utterances; for utterance AMI_TS3012c_H00_MTD045PM_0053270_0053380 avg. like is -95.5549 over 108 frames.
LOG (gmm-acc-stats-ali[5.4.105~1-4fda]:main():gmm-acc-stats-ali.cc:105) Processed 1950 utterances; for utterance AMI_TS3012c_H00_MTD045PM_0074947_0075157 avg. like is -95.1412 over 208 frames.
LOG (gmm-acc-stats-ali[5.4.105~1-4fda]:main():gmm-acc-stats-ali.cc:105) Processed 2000 utterances; for utterance AMI_TS3012c_H00_MTD045PM_0109945_0110188 avg. like is -97.2105 over 241 frames.
LOG (gmm-acc-stats-ali[5.4.105~1-4fda]:main():gmm-acc-stats-ali.cc:105) Processed 2050 utterances; for utterance AMI_TS3012c_H00_MTD045PM_0136862_0137002 avg. like is -89.7065 over 138 frames.
LOG (gmm-acc-stats-ali[5.4.105~1-4fda]:main():gmm-acc-stats-ali.cc:105) Processed 2100 utterances; for utterance AMI_TS3012c_H00_MTD045PM_0158939_0159008 avg. like is -96.5463 over 67 frames.
LOG (gmm-acc-stats-ali[5.4.105~1-4fda]:main():gmm-acc-stats-ali.cc:105) Processed 2150 utterances; for utterance AMI_TS3012c_H00_MTD045PM_0179615_0180055 avg. like is -87.7185 over 438 frames.
LOG (gmm-acc-stats-ali[5.4.105~1-4fda]:main():gmm-acc-stats-ali.cc:105) Processed 2200 utterances; for utterance AMI_TS3012c_H00_MTD045PM_0198647_0198733 avg. like is -93.6105 over 84 frames.
LOG (gmm-acc-stats-ali[5.4.105~1-4fda]:main():gmm-acc-stats-ali.cc:105) Processed 2250 utterances; for utterance AMI_TS3012c_H00_MTD045PM_0220453_0220483 avg. like is -98.5604 over 28 frames.
LOG (gmm-acc-stats-ali[5.4.105~1-4fda]:main():gmm-acc-stats-ali.cc:105) Processed 2300 utterances; for utterance AMI_TS3012c_H01_MTD047UID_0007591_0007640 avg. like is -96.6953 over 47 frames.
LOG (gmm-acc-stats-ali[5.4.105~1-4fda]:main():gmm-acc-stats-ali.cc:105) Processed 2350 utterances; for utterance AMI_TS3012c_H01_MTD047UID_0076796_0077065 avg. like is -94.3842 over 267 frames.
LOG (gmm-acc-stats-ali[5.4.105~1-4fda]:main():gmm-acc-stats-ali.cc:105) Processed 2400 utterances; for utterance AMI_TS3012c_H01_MTD047UID_0120276_0120408 avg. like is -97.6257 over 130 frames.
LOG (gmm-acc-stats-ali[5.4.105~1-4fda]:main():gmm-acc-stats-ali.cc:105) Processed 2450 utterances; for utterance AMI_TS3012c_H01_MTD047UID_0167028_0167054 avg. like is -101.531 over 24 frames.
LOG (gmm-acc-stats-ali[5.4.105~1-4fda]:main():gmm-acc-stats-ali.cc:105) Processed 2500 utterances; for utterance AMI_TS3012c_H01_MTD047UID_0223986_0224094 avg. like is -93.0194 over 106 frames.
LOG (gmm-acc-stats-ali[5.4.105~1-4fda]:main():gmm-acc-stats-ali.cc:105) Processed 2550 utterances; for utterance AMI_TS3012c_H02_MTD046ID_0027339_0027367 avg. like is -95.1512 over 26 frames.
LOG (gmm-acc-stats-ali[5.4.105~1-4fda]:main():gmm-acc-stats-ali.cc:105) Processed 2600 utterances; for utterance AMI_TS3012c_H02_MTD046ID_0043064_0043100 avg. like is -94.1456 over 34 frames.
LOG (gmm-acc-stats-ali[5.4.105~1-4fda]:main():gmm-acc-stats-ali.cc:105) Processed 2650 utterances; for utterance AMI_TS3012c_H02_MTD046ID_0059073_0059222 avg. like is -92.0448 over 147 frames.
LOG (gmm-acc-stats-ali[5.4.105~1-4fda]:main():gmm-acc-stats-ali.cc:105) Processed 2700 utterances; for utterance AMI_TS3012c_H02_MTD046ID_0120161_0120202 avg. like is -101.396 over 39 frames.
LOG (gmm-acc-stats-ali[5.4.105~1-4fda]:main():gmm-acc-stats-ali.cc:105) Processed 2750 utterances; for utterance AMI_TS3012c_H02_MTD046ID_0197698_0197726 avg. like is -81.197 over 26 frames.
LOG (gmm-acc-stats-ali[5.4.105~1-4fda]:main():gmm-acc-stats-ali.cc:105) Processed 2800 utterances; for utterance AMI_TS3012c_H02_MTD046ID_0226988_0227257 avg. like is -95.1164 over 267 frames.
LOG (gmm-acc-stats-ali[5.4.105~1-4fda]:main():gmm-acc-stats-ali.cc:105) Processed 2850 utterances; for utterance AMI_TS3012c_H03_MTD048ME_0018956_0019002 avg. like is -85.2597 over 44 frames.
LOG (gmm-acc-stats-ali[5.4.105~1-4fda]:main():gmm-acc-stats-ali.cc:105) Processed 2900 utterances; for utterance AMI_TS3012c_H03_MTD048ME_0069774_0069914 avg. like is -99.271 over 138 frames.
LOG (gmm-acc-stats-ali[5.4.105~1-4fda]:main():gmm-acc-stats-ali.cc:105) Processed 2950 utterances; for utterance AMI_TS3012c_H03_MTD048ME_0106277_0106534 avg. like is -91.1586 over 255 frames.
LOG (gmm-acc-stats-ali[5.4.105~1-4fda]:main():gmm-acc-stats-ali.cc:105) Processed 3000 utterances; for utterance AMI_TS3012c_H03_MTD048ME_0152022_0152068 avg. like is -89.0459 over 44 frames.
LOG (gmm-acc-stats-ali[5.4.105~1-4fda]:main():gmm-acc-stats-ali.cc:105) Processed 3050 utterances; for utterance AMI_TS3012c_H03_MTD048ME_0225194_0225469 avg. like is -93.1783 over 273 frames.
LOG (gmm-acc-stats-ali[5.4.105~1-4fda]:main():gmm-acc-stats-ali.cc:105) Processed 3100 utterances; for utterance AMI_TS3012d_H00_MTD045PM_0014019_0014169 avg. like is -93.0376 over 148 frames.
LOG (gmm-acc-stats-ali[5.4.105~1-4fda]:main():gmm-acc-stats-ali.cc:105) Processed 3150 utterances; for utterance AMI_TS3012d_H00_MTD045PM_0040698_0041103 avg. like is -94.3454 over 403 frames.
LOG (gmm-acc-stats-ali[5.4.105~1-4fda]:main():gmm-acc-stats-ali.cc:105) Processed 3200 utterances; for utterance AMI_TS3012d_H00_MTD045PM_0063595_0063916 avg. like is -91.5515 over 319 frames.
LOG (gmm-acc-stats-ali[5.4.105~1-4fda]:main():gmm-acc-stats-ali.cc:105) Processed 3250 utterances; for utterance AMI_TS3012d_H00_MTD045PM_0088796_0088849 avg. like is -98.2019 over 51 frames.
LOG (gmm-acc-stats-ali[5.4.105~1-4fda]:main():gmm-acc-stats-ali.cc:105) Processed 3300 utterances; for utterance AMI_TS3012d_H00_MTD045PM_0113761_0114441 avg. like is -93.9079 over 678 frames.
LOG (gmm-acc-stats-ali[5.4.105~1-4fda]:main():gmm-acc-stats-ali.cc:105) Processed 3350 utterances; for utterance AMI_TS3012d_H00_MTD045PM_0145704_0145736 avg. like is -96.5499 over 30 frames.
LOG (gmm-acc-stats-ali[5.4.105~1-4fda]:main():gmm-acc-stats-ali.cc:105) Processed 3400 utterances; for utterance AMI_TS3012d_H00_MTD045PM_0165568_0165624 avg. like is -101.714 over 54 frames.
LOG (gmm-acc-stats-ali[5.4.105~1-4fda]:main():gmm-acc-stats-ali.cc:105) Processed 3450 utterances; for utterance AMI_TS3012d_H00_MTD045PM_0190409_0190491 avg. like is -76.1163 over 80 frames.
LOG (gmm-acc-stats-ali[5.4.105~1-4fda]:main():gmm-acc-stats-ali.cc:105) Processed 3500 utterances; for utterance AMI_TS3012d_H01_MTD047UID_0019430_0019932 avg. like is -93.3768 over 500 frames.
LOG (gmm-acc-stats-ali[5.4.105~1-4fda]:main():gmm-acc-stats-ali.cc:105) Processed 3550 utterances; for utterance AMI_TS3012d_H01_MTD047UID_0106875_0106892 avg. like is -101.41 over 15 frames.
LOG (gmm-acc-stats-ali[5.4.105~1-4fda]:main():gmm-acc-stats-ali.cc:105) Processed 3600 utterances; for utterance AMI_TS3012d_H01_MTD047UID_0178747_0178942 avg. like is -95.5278 over 193 frames.
LOG (gmm-acc-stats-ali[5.4.105~1-4fda]:main():gmm-acc-stats-ali.cc:105) Processed 3650 utterances; for utterance AMI_TS3012d_H02_MTD046ID_0037378_0037487 avg. like is -92.838 over 107 frames.
LOG (gmm-acc-stats-ali[5.4.105~1-4fda]:main():gmm-acc-stats-ali.cc:105) Processed 3700 utterances; for utterance AMI_TS3012d_H02_MTD046ID_0074219_0074261 avg. like is -99.8935 over 40 frames.
LOG (gmm-acc-stats-ali[5.4.105~1-4fda]:main():gmm-acc-stats-ali.cc:105) Processed 3750 utterances; for utterance AMI_TS3012d_H02_MTD046ID_0137958_0138697 avg. like is -91.8082 over 737 frames.
LOG (gmm-acc-stats-ali[5.4.105~1-4fda]:main():gmm-acc-stats-ali.cc:105) Processed 3800 utterances; for utterance AMI_TS3012d_H02_MTD046ID_0174112_0174291 avg. like is -94.1149 over 177 frames.
LOG (gmm-acc-stats-ali[5.4.105~1-4fda]:main():gmm-acc-stats-ali.cc:105) Processed 3850 utterances; for utterance AMI_TS3012d_H02_MTD046ID_0217646_0217773 avg. like is -91.2143 over 125 frames.
LOG (gmm-acc-stats-ali[5.4.105~1-4fda]:main():gmm-acc-stats-ali.cc:105) Processed 3900 utterances; for utterance AMI_TS3012d_H03_MTD048ME_0052555_0052584 avg. like is -80.3829 over 27 frames.
LOG (gmm-acc-stats-ali[5.4.105~1-4fda]:main():gmm-acc-stats-ali.cc:105) Processed 3950 utterances; for utterance AMI_TS3012d_H03_MTD048ME_0094942_0095039 avg. like is -87.9659 over 95 frames.
LOG (gmm-acc-stats-ali[5.4.105~1-4fda]:main():gmm-acc-stats-ali.cc:105) Processed 4000 utterances; for utterance AMI_TS3012d_H03_MTD048ME_0117408_0117775 avg. like is -92.76 over 365 frames.
LOG (gmm-acc-stats-ali[5.4.105~1-4fda]:main():gmm-acc-stats-ali.cc:105) Processed 4050 utterances; for utterance AMI_TS3012d_H03_MTD048ME_0154718_0154810 avg. like is -91.8951 over 90 frames.
LOG (gmm-acc-stats-ali[5.4.105~1-4fda]:main():gmm-acc-stats-ali.cc:105) Processed 4100 utterances; for utterance AMI_TS3012d_H03_MTD048ME_0199970_0200015 avg. like is -103.239 over 43 frames.
LOG (apply-cmvn[5.4.105~1-4fda]:main():apply-cmvn.cc:162) Applied cepstral mean normalization to 4137 utterances, errors on 0
LOG (gmm-acc-stats-ali[5.4.105~1-4fda]:main():gmm-acc-stats-ali.cc:112) Done 4137 files, 0 with errors.
LOG (gmm-acc-stats-ali[5.4.105~1-4fda]:main():gmm-acc-stats-ali.cc:115) Overall avg like per frame (Gaussian only) = -93.792 over 865638 frames.
LOG (gmm-acc-stats-ali[5.4.105~1-4fda]:main():gmm-acc-stats-ali.cc:123) Written accs.
# Accounting: time=13 threads=1
# Ended (code 0) at Wed Oct 31 22:47:25 EDT 2018, elapsed time 13 seconds
