# gmm-acc-stats-ali exp2/tri1/25.mdl "ark,s,cs:apply-cmvn  --utt2spk=ark:data/st_ihm_all/train/split30/11/utt2spk scp:data/st_ihm_all/train/split30/11/cmvn.scp scp:data/st_ihm_all/train/split30/11/feats.scp ark:- | add-deltas  ark:- ark:- |" "ark,s,cs:gunzip -c exp2/tri1/ali.11.gz|" exp2/tri1/25.11.acc 
# Started at Wed Oct 31 23:02:45 EDT 2018
#
gmm-acc-stats-ali exp2/tri1/25.mdl 'ark,s,cs:apply-cmvn  --utt2spk=ark:data/st_ihm_all/train/split30/11/utt2spk scp:data/st_ihm_all/train/split30/11/cmvn.scp scp:data/st_ihm_all/train/split30/11/feats.scp ark:- | add-deltas  ark:- ark:- |' 'ark,s,cs:gunzip -c exp2/tri1/ali.11.gz|' exp2/tri1/25.11.acc 
apply-cmvn --utt2spk=ark:data/st_ihm_all/train/split30/11/utt2spk scp:data/st_ihm_all/train/split30/11/cmvn.scp scp:data/st_ihm_all/train/split30/11/feats.scp ark:- 
add-deltas ark:- ark:- 
LOG (gmm-acc-stats-ali[5.4.105~1-4fda]:main():gmm-acc-stats-ali.cc:105) Processed 50 utterances; for utterance AMI_ES2006d_H02_FEE021_0153587_0153812 avg. like is -97.9815 over 223 frames.
LOG (gmm-acc-stats-ali[5.4.105~1-4fda]:main():gmm-acc-stats-ali.cc:105) Processed 100 utterances; for utterance AMI_ES2006d_H02_FEE021_0178806_0178858 avg. like is -97.1001 over 50 frames.
LOG (gmm-acc-stats-ali[5.4.105~1-4fda]:main():gmm-acc-stats-ali.cc:105) Processed 150 utterances; for utterance AMI_ES2006d_H03_FEO023_0019377_0019789 avg. like is -94.6541 over 410 frames.
LOG (gmm-acc-stats-ali[5.4.105~1-4fda]:main():gmm-acc-stats-ali.cc:105) Processed 200 utterances; for utterance AMI_ES2006d_H03_FEO023_0065503_0065892 avg. like is -96.1395 over 387 frames.
LOG (gmm-acc-stats-ali[5.4.105~1-4fda]:main():gmm-acc-stats-ali.cc:105) Processed 250 utterances; for utterance AMI_ES2006d_H03_FEO023_0116894_0117102 avg. like is -96.6094 over 206 frames.
LOG (gmm-acc-stats-ali[5.4.105~1-4fda]:main():gmm-acc-stats-ali.cc:105) Processed 300 utterances; for utterance AMI_ES2006d_H03_FEO023_0174180_0174608 avg. like is -96.3316 over 426 frames.
LOG (gmm-acc-stats-ali[5.4.105~1-4fda]:main():gmm-acc-stats-ali.cc:105) Processed 350 utterances; for utterance AMI_ES2007a_H00_MEE025_0024906_0025051 avg. like is -87.5675 over 143 frames.
LOG (gmm-acc-stats-ali[5.4.105~1-4fda]:main():gmm-acc-stats-ali.cc:105) Processed 400 utterances; for utterance AMI_ES2007a_H00_MEE025_0069113_0069225 avg. like is -90.3824 over 110 frames.
LOG (gmm-acc-stats-ali[5.4.105~1-4fda]:main():gmm-acc-stats-ali.cc:105) Processed 450 utterances; for utterance AMI_ES2007a_H00_MEE025_0107981_0108026 avg. like is -97.2914 over 43 frames.
LOG (gmm-acc-stats-ali[5.4.105~1-4fda]:main():gmm-acc-stats-ali.cc:105) Processed 500 utterances; for utterance AMI_ES2007a_H01_FEO026_0051232_0051367 avg. like is -99.0728 over 133 frames.
WARNING (gmm-acc-stats-ali[5.4.105~1-4fda]:main():gmm-acc-stats-ali.cc:79) No alignment for utterance AMI_ES2007a_H01_FEO026_0120583_0120595
LOG (gmm-acc-stats-ali[5.4.105~1-4fda]:main():gmm-acc-stats-ali.cc:105) Processed 550 utterances; for utterance AMI_ES2007a_H02_MEE027_0038448_0038489 avg. like is -100.637 over 39 frames.
LOG (gmm-acc-stats-ali[5.4.105~1-4fda]:main():gmm-acc-stats-ali.cc:105) Processed 600 utterances; for utterance AMI_ES2007a_H02_MEE027_0100752_0100936 avg. like is -94.6615 over 182 frames.
LOG (gmm-acc-stats-ali[5.4.105~1-4fda]:main():gmm-acc-stats-ali.cc:105) Processed 650 utterances; for utterance AMI_ES2007a_H03_FEE028_0042761_0042912 avg. like is -96.9636 over 149 frames.
LOG (gmm-acc-stats-ali[5.4.105~1-4fda]:main():gmm-acc-stats-ali.cc:105) Processed 700 utterances; for utterance AMI_ES2007a_H03_FEE028_0106444_0106476 avg. like is -90.3854 over 30 frames.
LOG (gmm-acc-stats-ali[5.4.105~1-4fda]:main():gmm-acc-stats-ali.cc:105) Processed 750 utterances; for utterance AMI_ES2007b_H00_MEE025_0022863_0023664 avg. like is -96.6258 over 799 frames.
LOG (gmm-acc-stats-ali[5.4.105~1-4fda]:main():gmm-acc-stats-ali.cc:105) Processed 800 utterances; for utterance AMI_ES2007b_H00_MEE025_0087173_0087868 avg. like is -92.3888 over 693 frames.
LOG (gmm-acc-stats-ali[5.4.105~1-4fda]:main():gmm-acc-stats-ali.cc:105) Processed 850 utterances; for utterance AMI_ES2007b_H00_MEE025_0134634_0135083 avg. like is -94.2226 over 447 frames.
LOG (gmm-acc-stats-ali[5.4.105~1-4fda]:main():gmm-acc-stats-ali.cc:105) Processed 900 utterances; for utterance AMI_ES2007b_H00_MEE025_0161829_0161974 avg. like is -95.5493 over 143 frames.
LOG (gmm-acc-stats-ali[5.4.105~1-4fda]:main():gmm-acc-stats-ali.cc:105) Processed 950 utterances; for utterance AMI_ES2007b_H01_FEO026_0039967_0040142 avg. like is -98.4832 over 173 frames.
LOG (gmm-acc-stats-ali[5.4.105~1-4fda]:main():gmm-acc-stats-ali.cc:105) Processed 1000 utterances; for utterance AMI_ES2007b_H02_MEE027_0002530_0002671 avg. like is -93.0041 over 139 frames.
LOG (gmm-acc-stats-ali[5.4.105~1-4fda]:main():gmm-acc-stats-ali.cc:105) Processed 1050 utterances; for utterance AMI_ES2007b_H02_MEE027_0084110_0084681 avg. like is -92.0438 over 569 frames.
LOG (gmm-acc-stats-ali[5.4.105~1-4fda]:main():gmm-acc-stats-ali.cc:105) Processed 1100 utterances; for utterance AMI_ES2007b_H02_MEE027_0150560_0150579 avg. like is -102.764 over 17 frames.
LOG (gmm-acc-stats-ali[5.4.105~1-4fda]:main():gmm-acc-stats-ali.cc:105) Processed 1150 utterances; for utterance AMI_ES2007b_H03_FEE028_0084691_0084717 avg. like is -88.0858 over 24 frames.
LOG (gmm-acc-stats-ali[5.4.105~1-4fda]:main():gmm-acc-stats-ali.cc:105) Processed 1200 utterances; for utterance AMI_ES2007b_H03_FEE028_0126404_0126504 avg. like is -92.658 over 98 frames.
LOG (gmm-acc-stats-ali[5.4.105~1-4fda]:main():gmm-acc-stats-ali.cc:105) Processed 1250 utterances; for utterance AMI_ES2007c_H00_MEE025_0024987_0025825 avg. like is -90.4728 over 836 frames.
LOG (gmm-acc-stats-ali[5.4.105~1-4fda]:main():gmm-acc-stats-ali.cc:105) Processed 1300 utterances; for utterance AMI_ES2007c_H00_MEE025_0081140_0081316 avg. like is -95.2614 over 174 frames.
LOG (gmm-acc-stats-ali[5.4.105~1-4fda]:main():gmm-acc-stats-ali.cc:105) Processed 1350 utterances; for utterance AMI_ES2007c_H00_MEE025_0124635_0125505 avg. like is -91.8074 over 868 frames.
LOG (gmm-acc-stats-ali[5.4.105~1-4fda]:main():gmm-acc-stats-ali.cc:105) Processed 1400 utterances; for utterance AMI_ES2007c_H00_MEE025_0176090_0176375 avg. like is -97.3146 over 283 frames.
LOG (gmm-acc-stats-ali[5.4.105~1-4fda]:main():gmm-acc-stats-ali.cc:105) Processed 1450 utterances; for utterance AMI_ES2007c_H00_MEE025_0212665_0213421 avg. like is -91.1457 over 754 frames.
LOG (gmm-acc-stats-ali[5.4.105~1-4fda]:main():gmm-acc-stats-ali.cc:105) Processed 1500 utterances; for utterance AMI_ES2007c_H01_FEO026_0029545_0030032 avg. like is -94.1178 over 485 frames.
LOG (gmm-acc-stats-ali[5.4.105~1-4fda]:main():gmm-acc-stats-ali.cc:105) Processed 1550 utterances; for utterance AMI_ES2007c_H01_FEO026_0060592_0060771 avg. like is -101.636 over 177 frames.
LOG (gmm-acc-stats-ali[5.4.105~1-4fda]:main():gmm-acc-stats-ali.cc:105) Processed 1600 utterances; for utterance AMI_ES2007c_H01_FEO026_0153120_0153403 avg. like is -98.5693 over 281 frames.
LOG (gmm-acc-stats-ali[5.4.105~1-4fda]:main():gmm-acc-stats-ali.cc:105) Processed 1650 utterances; for utterance AMI_ES2007c_H02_MEE027_0076628_0077422 avg. like is -92.4561 over 792 frames.
LOG (gmm-acc-stats-ali[5.4.105~1-4fda]:main():gmm-acc-stats-ali.cc:105) Processed 1700 utterances; for utterance AMI_ES2007c_H02_MEE027_0111421_0112225 avg. like is -91.1209 over 802 frames.
LOG (gmm-acc-stats-ali[5.4.105~1-4fda]:main():gmm-acc-stats-ali.cc:105) Processed 1750 utterances; for utterance AMI_ES2007c_H02_MEE027_0160380_0160867 avg. like is -90.5881 over 485 frames.
LOG (gmm-acc-stats-ali[5.4.105~1-4fda]:main():gmm-acc-stats-ali.cc:105) Processed 1800 utterances; for utterance AMI_ES2007c_H02_MEE027_0232264_0232292 avg. like is -88.3533 over 26 frames.
LOG (gmm-acc-stats-ali[5.4.105~1-4fda]:main():gmm-acc-stats-ali.cc:105) Processed 1850 utterances; for utterance AMI_ES2007c_H03_FEE028_0107228_0107332 avg. like is -102.504 over 102 frames.
LOG (gmm-acc-stats-ali[5.4.105~1-4fda]:main():gmm-acc-stats-ali.cc:105) Processed 1900 utterances; for utterance AMI_ES2007c_H03_FEE028_0161632_0161963 avg. like is -94.9506 over 329 frames.
WARNING (gmm-acc-stats-ali[5.4.105~1-4fda]:main():gmm-acc-stats-ali.cc:79) No alignment for utterance AMI_ES2007c_H03_FEE028_0187304_0188086
LOG (gmm-acc-stats-ali[5.4.105~1-4fda]:main():gmm-acc-stats-ali.cc:105) Processed 1950 utterances; for utterance AMI_ES2007c_H03_FEE028_0194232_0194483 avg. like is -111.057 over 249 frames.
LOG (gmm-acc-stats-ali[5.4.105~1-4fda]:main():gmm-acc-stats-ali.cc:105) Processed 2000 utterances; for utterance AMI_ES2007d_H00_MEE025_0025182_0025506 avg. like is -94.6124 over 322 frames.
LOG (gmm-acc-stats-ali[5.4.105~1-4fda]:main():gmm-acc-stats-ali.cc:105) Processed 2050 utterances; for utterance AMI_ES2007d_H00_MEE025_0048760_0049305 avg. like is -95.0789 over 543 frames.
LOG (gmm-acc-stats-ali[5.4.105~1-4fda]:main():gmm-acc-stats-ali.cc:105) Processed 2100 utterances; for utterance AMI_ES2007d_H00_MEE025_0091727_0091907 avg. like is -94.4805 over 178 frames.
LOG (gmm-acc-stats-ali[5.4.105~1-4fda]:main():gmm-acc-stats-ali.cc:105) Processed 2150 utterances; for utterance AMI_ES2007d_H00_MEE025_0123202_0123277 avg. like is -90.8579 over 73 frames.
LOG (gmm-acc-stats-ali[5.4.105~1-4fda]:main():gmm-acc-stats-ali.cc:105) Processed 2200 utterances; for utterance AMI_ES2007d_H01_FEO026_0090693_0090745 avg. like is -120.329 over 50 frames.
LOG (gmm-acc-stats-ali[5.4.105~1-4fda]:main():gmm-acc-stats-ali.cc:105) Processed 2250 utterances; for utterance AMI_ES2007d_H02_MEE027_0032680_0032752 avg. like is -97.1753 over 70 frames.
LOG (gmm-acc-stats-ali[5.4.105~1-4fda]:main():gmm-acc-stats-ali.cc:105) Processed 2300 utterances; for utterance AMI_ES2007d_H02_MEE027_0092756_0093110 avg. like is -97.4153 over 352 frames.
LOG (gmm-acc-stats-ali[5.4.105~1-4fda]:main():gmm-acc-stats-ali.cc:105) Processed 2350 utterances; for utterance AMI_ES2007d_H03_FEE028_0024440_0024532 avg. like is -103.835 over 90 frames.
LOG (gmm-acc-stats-ali[5.4.105~1-4fda]:main():gmm-acc-stats-ali.cc:105) Processed 2400 utterances; for utterance AMI_ES2007d_H03_FEE028_0062725_0062814 avg. like is -98.095 over 87 frames.
WARNING (gmm-acc-stats-ali[5.4.105~1-4fda]:main():gmm-acc-stats-ali.cc:79) No alignment for utterance AMI_ES2007d_H03_FEE028_0087748_0087898
LOG (gmm-acc-stats-ali[5.4.105~1-4fda]:main():gmm-acc-stats-ali.cc:105) Processed 2450 utterances; for utterance AMI_ES2007d_H03_FEE028_0089979_0090024 avg. like is -84.7907 over 43 frames.
LOG (gmm-acc-stats-ali[5.4.105~1-4fda]:main():gmm-acc-stats-ali.cc:105) Processed 2500 utterances; for utterance AMI_ES2008a_H00_FEE029_0011273_0011718 avg. like is -102.542 over 443 frames.
LOG (gmm-acc-stats-ali[5.4.105~1-4fda]:main():gmm-acc-stats-ali.cc:105) Processed 2550 utterances; for utterance AMI_ES2008a_H00_FEE029_0074550_0074614 avg. like is -94.099 over 62 frames.
LOG (gmm-acc-stats-ali[5.4.105~1-4fda]:main():gmm-acc-stats-ali.cc:105) Processed 2600 utterances; for utterance AMI_ES2008a_H01_FEE030_0012482_0012879 avg. like is -96.9973 over 395 frames.
LOG (gmm-acc-stats-ali[5.4.105~1-4fda]:main():gmm-acc-stats-ali.cc:105) Processed 2650 utterances; for utterance AMI_ES2008a_H01_FEE030_0073950_0073991 avg. like is -99.024 over 39 frames.
LOG (gmm-acc-stats-ali[5.4.105~1-4fda]:main():gmm-acc-stats-ali.cc:105) Processed 2700 utterances; for utterance AMI_ES2008a_H02_MEE031_0070590_0070612 avg. like is -87.7807 over 20 frames.
LOG (gmm-acc-stats-ali[5.4.105~1-4fda]:main():gmm-acc-stats-ali.cc:105) Processed 2750 utterances; for utterance AMI_ES2008a_H03_FEE032_0063759_0063803 avg. like is -85.5825 over 42 frames.
LOG (gmm-acc-stats-ali[5.4.105~1-4fda]:main():gmm-acc-stats-ali.cc:105) Processed 2800 utterances; for utterance AMI_ES2008b_H00_FEE029_0022967_0023028 avg. like is -108.198 over 59 frames.
LOG (gmm-acc-stats-ali[5.4.105~1-4fda]:main():gmm-acc-stats-ali.cc:105) Processed 2850 utterances; for utterance AMI_ES2008b_H00_FEE029_0123009_0123208 avg. like is -94.1255 over 197 frames.
LOG (gmm-acc-stats-ali[5.4.105~1-4fda]:main():gmm-acc-stats-ali.cc:105) Processed 2900 utterances; for utterance AMI_ES2008b_H00_FEE029_0161008_0161098 avg. like is -108.998 over 88 frames.
LOG (gmm-acc-stats-ali[5.4.105~1-4fda]:main():gmm-acc-stats-ali.cc:105) Processed 2950 utterances; for utterance AMI_ES2008b_H00_FEE029_0194347_0194391 avg. like is -92.1995 over 42 frames.
LOG (gmm-acc-stats-ali[5.4.105~1-4fda]:main():gmm-acc-stats-ali.cc:105) Processed 3000 utterances; for utterance AMI_ES2008b_H00_FEE029_0222526_0222617 avg. like is -100.587 over 89 frames.
LOG (gmm-acc-stats-ali[5.4.105~1-4fda]:main():gmm-acc-stats-ali.cc:105) Processed 3050 utterances; for utterance AMI_ES2008b_H01_FEE030_0103747_0104459 avg. like is -95.7289 over 710 frames.
LOG (gmm-acc-stats-ali[5.4.105~1-4fda]:main():gmm-acc-stats-ali.cc:105) Processed 3100 utterances; for utterance AMI_ES2008b_H01_FEE030_0148043_0148065 avg. like is -89.2558 over 20 frames.
LOG (gmm-acc-stats-ali[5.4.105~1-4fda]:main():gmm-acc-stats-ali.cc:105) Processed 3150 utterances; for utterance AMI_ES2008b_H01_FEE030_0202647_0202874 avg. like is -91.7225 over 225 frames.
WARNING (gmm-acc-stats-ali[5.4.105~1-4fda]:main():gmm-acc-stats-ali.cc:79) No alignment for utterance AMI_ES2008b_H01_FEE030_0205575_0206198
LOG (gmm-acc-stats-ali[5.4.105~1-4fda]:main():gmm-acc-stats-ali.cc:105) Processed 3200 utterances; for utterance AMI_ES2008b_H02_MEE031_0065060_0065543 avg. like is -90.7302 over 481 frames.
LOG (gmm-acc-stats-ali[5.4.105~1-4fda]:main():gmm-acc-stats-ali.cc:105) Processed 3250 utterances; for utterance AMI_ES2008b_H02_MEE031_0133536_0133672 avg. like is -91.8603 over 134 frames.
LOG (gmm-acc-stats-ali[5.4.105~1-4fda]:main():gmm-acc-stats-ali.cc:105) Processed 3300 utterances; for utterance AMI_ES2008b_H02_MEE031_0203848_0204086 avg. like is -94.4118 over 236 frames.
LOG (gmm-acc-stats-ali[5.4.105~1-4fda]:main():gmm-acc-stats-ali.cc:105) Processed 3350 utterances; for utterance AMI_ES2008b_H03_FEE032_0040602_0041151 avg. like is -100.267 over 547 frames.
WARNING (gmm-acc-stats-ali[5.4.105~1-4fda]:main():gmm-acc-stats-ali.cc:79) No alignment for utterance AMI_ES2008b_H03_FEE032_0051702_0051723
LOG (gmm-acc-stats-ali[5.4.105~1-4fda]:main():gmm-acc-stats-ali.cc:105) Processed 3400 utterances; for utterance AMI_ES2008b_H03_FEE032_0166768_0166815 avg. like is -91.7117 over 45 frames.
LOG (gmm-acc-stats-ali[5.4.105~1-4fda]:main():gmm-acc-stats-ali.cc:105) Processed 3450 utterances; for utterance AMI_ES2008b_H03_FEE032_0221998_0222151 avg. like is -102.43 over 151 frames.
LOG (gmm-acc-stats-ali[5.4.105~1-4fda]:main():gmm-acc-stats-ali.cc:105) Processed 3500 utterances; for utterance AMI_ES2008c_H00_FEE029_0092978_0093487 avg. like is -100.137 over 507 frames.
LOG (gmm-acc-stats-ali[5.4.105~1-4fda]:main():gmm-acc-stats-ali.cc:105) Processed 3550 utterances; for utterance AMI_ES2008c_H00_FEE029_0153158_0153408 avg. like is -98.2581 over 248 frames.
LOG (gmm-acc-stats-ali[5.4.105~1-4fda]:main():gmm-acc-stats-ali.cc:105) Processed 3600 utterances; for utterance AMI_ES2008c_H00_FEE029_0197633_0197757 avg. like is -89.5721 over 122 frames.
LOG (gmm-acc-stats-ali[5.4.105~1-4fda]:main():gmm-acc-stats-ali.cc:105) Processed 3650 utterances; for utterance AMI_ES2008c_H01_FEE030_0028386_0028952 avg. like is -99.2012 over 564 frames.
LOG (gmm-acc-stats-ali[5.4.105~1-4fda]:main():gmm-acc-stats-ali.cc:105) Processed 3700 utterances; for utterance AMI_ES2008c_H01_FEE030_0050786_0050819 avg. like is -88.1277 over 31 frames.
LOG (gmm-acc-stats-ali[5.4.105~1-4fda]:main():gmm-acc-stats-ali.cc:105) Processed 3750 utterances; for utterance AMI_ES2008c_H01_FEE030_0141219_0141279 avg. like is -94.3291 over 58 frames.
LOG (gmm-acc-stats-ali[5.4.105~1-4fda]:main():gmm-acc-stats-ali.cc:105) Processed 3800 utterances; for utterance AMI_ES2008c_H01_FEE030_0167944_0168239 avg. like is -96.338 over 293 frames.
LOG (gmm-acc-stats-ali[5.4.105~1-4fda]:main():gmm-acc-stats-ali.cc:105) Processed 3850 utterances; for utterance AMI_ES2008c_H01_FEE030_0204270_0204316 avg. like is -96.5063 over 44 frames.
LOG (gmm-acc-stats-ali[5.4.105~1-4fda]:main():gmm-acc-stats-ali.cc:105) Processed 3900 utterances; for utterance AMI_ES2008c_H02_MEE031_0078396_0078925 avg. like is -92.0398 over 527 frames.
LOG (gmm-acc-stats-ali[5.4.105~1-4fda]:main():gmm-acc-stats-ali.cc:105) Processed 3950 utterances; for utterance AMI_ES2008c_H02_MEE031_0142223_0142738 avg. like is -90.3989 over 513 frames.
LOG (apply-cmvn[5.4.105~1-4fda]:main():apply-cmvn.cc:162) Applied cepstral mean normalization to 3988 utterances, errors on 0
LOG (gmm-acc-stats-ali[5.4.105~1-4fda]:main():gmm-acc-stats-ali.cc:112) Done 3983 files, 5 with errors.
LOG (gmm-acc-stats-ali[5.4.105~1-4fda]:main():gmm-acc-stats-ali.cc:115) Overall avg like per frame (Gaussian only) = -95.6953 over 1072710 frames.
LOG (gmm-acc-stats-ali[5.4.105~1-4fda]:main():gmm-acc-stats-ali.cc:123) Written accs.
# Accounting: time=24 threads=1
# Ended (code 0) at Wed Oct 31 23:03:09 EDT 2018, elapsed time 24 seconds
