# gmm-acc-stats-ali exp2/tri1/16.mdl "ark,s,cs:apply-cmvn  --utt2spk=ark:data/st_ihm_all/train/split30/21/utt2spk scp:data/st_ihm_all/train/split30/21/cmvn.scp scp:data/st_ihm_all/train/split30/21/feats.scp ark:- | add-deltas  ark:- ark:- |" "ark,s,cs:gunzip -c exp2/tri1/ali.21.gz|" exp2/tri1/16.21.acc 
# Started at Wed Oct 31 22:47:50 EDT 2018
#
gmm-acc-stats-ali exp2/tri1/16.mdl 'ark,s,cs:apply-cmvn  --utt2spk=ark:data/st_ihm_all/train/split30/21/utt2spk scp:data/st_ihm_all/train/split30/21/cmvn.scp scp:data/st_ihm_all/train/split30/21/feats.scp ark:- | add-deltas  ark:- ark:- |' 'ark,s,cs:gunzip -c exp2/tri1/ali.21.gz|' exp2/tri1/16.21.acc 
apply-cmvn --utt2spk=ark:data/st_ihm_all/train/split30/21/utt2spk scp:data/st_ihm_all/train/split30/21/cmvn.scp scp:data/st_ihm_all/train/split30/21/feats.scp ark:- 
add-deltas ark:- ark:- 
LOG (gmm-acc-stats-ali[5.4.105~1-4fda]:main():gmm-acc-stats-ali.cc:105) Processed 50 utterances; for utterance AMI_IS1002c_H03_MIE083_0093000_0093114 avg. like is -99.7843 over 112 frames.
LOG (gmm-acc-stats-ali[5.4.105~1-4fda]:main():gmm-acc-stats-ali.cc:105) Processed 100 utterances; for utterance AMI_IS1002c_H03_MIE083_0154128_0154483 avg. like is -98.8858 over 353 frames.
LOG (gmm-acc-stats-ali[5.4.105~1-4fda]:main():gmm-acc-stats-ali.cc:105) Processed 150 utterances; for utterance AMI_IS1002c_H03_MIE083_0198828_0198886 avg. like is -91.0345 over 56 frames.
LOG (gmm-acc-stats-ali[5.4.105~1-4fda]:main():gmm-acc-stats-ali.cc:105) Processed 200 utterances; for utterance AMI_IS1002d_H00_MIE080_0027366_0027427 avg. like is -99.5403 over 59 frames.
LOG (gmm-acc-stats-ali[5.4.105~1-4fda]:main():gmm-acc-stats-ali.cc:105) Processed 250 utterances; for utterance AMI_IS1002d_H00_MIE080_0081286_0082284 avg. like is -96.5421 over 996 frames.
LOG (gmm-acc-stats-ali[5.4.105~1-4fda]:main():gmm-acc-stats-ali.cc:105) Processed 300 utterances; for utterance AMI_IS1002d_H00_MIE080_0109895_0110116 avg. like is -100.472 over 219 frames.
LOG (gmm-acc-stats-ali[5.4.105~1-4fda]:main():gmm-acc-stats-ali.cc:105) Processed 350 utterances; for utterance AMI_IS1002d_H01_MIE029_0020769_0021618 avg. like is -92.0665 over 847 frames.
WARNING (gmm-acc-stats-ali[5.4.105~1-4fda]:main():gmm-acc-stats-ali.cc:79) No alignment for utterance AMI_IS1002d_H01_MIE029_0030327_0030395
LOG (gmm-acc-stats-ali[5.4.105~1-4fda]:main():gmm-acc-stats-ali.cc:105) Processed 400 utterances; for utterance AMI_IS1002d_H01_MIE029_0090512_0090889 avg. like is -100.941 over 375 frames.
LOG (gmm-acc-stats-ali[5.4.105~1-4fda]:main():gmm-acc-stats-ali.cc:105) Processed 450 utterances; for utterance AMI_IS1002d_H02_MIO026_0031408_0032260 avg. like is -106.702 over 850 frames.
LOG (gmm-acc-stats-ali[5.4.105~1-4fda]:main():gmm-acc-stats-ali.cc:105) Processed 500 utterances; for utterance AMI_IS1002d_H03_MIE083_0029200_0029304 avg. like is -99.0968 over 102 frames.
LOG (gmm-acc-stats-ali[5.4.105~1-4fda]:main():gmm-acc-stats-ali.cc:105) Processed 550 utterances; for utterance AMI_IS1002d_H03_MIE083_0067797_0068126 avg. like is -102.051 over 327 frames.
LOG (gmm-acc-stats-ali[5.4.105~1-4fda]:main():gmm-acc-stats-ali.cc:105) Processed 600 utterances; for utterance AMI_IS1003a_H00_FIO017_0011666_0012257 avg. like is -98.3311 over 589 frames.
LOG (gmm-acc-stats-ali[5.4.105~1-4fda]:main():gmm-acc-stats-ali.cc:105) Processed 650 utterances; for utterance AMI_IS1003a_H00_FIO017_0059186_0059528 avg. like is -104.999 over 340 frames.
LOG (gmm-acc-stats-ali[5.4.105~1-4fda]:main():gmm-acc-stats-ali.cc:105) Processed 700 utterances; for utterance AMI_IS1003a_H01_MIO035_0044397_0044442 avg. like is -89.6769 over 43 frames.
LOG (gmm-acc-stats-ali[5.4.105~1-4fda]:main():gmm-acc-stats-ali.cc:105) Processed 750 utterances; for utterance AMI_IS1003a_H02_MIO005_0019909_0019962 avg. like is -97.1548 over 51 frames.
LOG (gmm-acc-stats-ali[5.4.105~1-4fda]:main():gmm-acc-stats-ali.cc:105) Processed 800 utterances; for utterance AMI_IS1003a_H02_MIO005_0065657_0065930 avg. like is -99.7575 over 271 frames.
LOG (gmm-acc-stats-ali[5.4.105~1-4fda]:main():gmm-acc-stats-ali.cc:105) Processed 850 utterances; for utterance AMI_IS1003a_H03_MIO023_0040545_0041953 avg. like is -91.626 over 1406 frames.
LOG (gmm-acc-stats-ali[5.4.105~1-4fda]:main():gmm-acc-stats-ali.cc:105) Processed 900 utterances; for utterance AMI_IS1003b_H00_MIO023_0017530_0017804 avg. like is -90.3141 over 272 frames.
LOG (gmm-acc-stats-ali[5.4.105~1-4fda]:main():gmm-acc-stats-ali.cc:105) Processed 950 utterances; for utterance AMI_IS1003b_H00_MIO023_0087464_0088064 avg. like is -91.8803 over 598 frames.
LOG (gmm-acc-stats-ali[5.4.105~1-4fda]:main():gmm-acc-stats-ali.cc:105) Processed 1000 utterances; for utterance AMI_IS1003b_H00_MIO023_0151467_0151593 avg. like is -94.4103 over 124 frames.
LOG (gmm-acc-stats-ali[5.4.105~1-4fda]:main():gmm-acc-stats-ali.cc:105) Processed 1050 utterances; for utterance AMI_IS1003b_H01_MIO005_0048862_0048925 avg. like is -89.8821 over 61 frames.
LOG (gmm-acc-stats-ali[5.4.105~1-4fda]:main():gmm-acc-stats-ali.cc:105) Processed 1100 utterances; for utterance AMI_IS1003b_H01_MIO005_0112161_0112745 avg. like is -97.6637 over 582 frames.
WARNING (gmm-acc-stats-ali[5.4.105~1-4fda]:main():gmm-acc-stats-ali.cc:79) No alignment for utterance AMI_IS1003b_H02_FIO017_0011754_0012267
LOG (gmm-acc-stats-ali[5.4.105~1-4fda]:main():gmm-acc-stats-ali.cc:105) Processed 1150 utterances; for utterance AMI_IS1003b_H02_FIO017_0016531_0016626 avg. like is -87.3611 over 93 frames.
LOG (gmm-acc-stats-ali[5.4.105~1-4fda]:main():gmm-acc-stats-ali.cc:105) Processed 1200 utterances; for utterance AMI_IS1003b_H02_FIO017_0076413_0076540 avg. like is -98.8698 over 125 frames.
LOG (gmm-acc-stats-ali[5.4.105~1-4fda]:main():gmm-acc-stats-ali.cc:105) Processed 1250 utterances; for utterance AMI_IS1003b_H02_FIO017_0129682_0130072 avg. like is -90.2904 over 388 frames.
WARNING (gmm-acc-stats-ali[5.4.105~1-4fda]:main():gmm-acc-stats-ali.cc:79) No alignment for utterance AMI_IS1003b_H02_FIO017_0156088_0156957
LOG (gmm-acc-stats-ali[5.4.105~1-4fda]:main():gmm-acc-stats-ali.cc:105) Processed 1300 utterances; for utterance AMI_IS1003b_H02_FIO017_0160739_0161115 avg. like is -102.162 over 374 frames.
LOG (gmm-acc-stats-ali[5.4.105~1-4fda]:main():gmm-acc-stats-ali.cc:105) Processed 1350 utterances; for utterance AMI_IS1003b_H03_MIO035_0063379_0063413 avg. like is -94.5469 over 32 frames.
LOG (gmm-acc-stats-ali[5.4.105~1-4fda]:main():gmm-acc-stats-ali.cc:105) Processed 1400 utterances; for utterance AMI_IS1003b_H03_MIO035_0133445_0133501 avg. like is -88.1337 over 54 frames.
LOG (gmm-acc-stats-ali[5.4.105~1-4fda]:main():gmm-acc-stats-ali.cc:105) Processed 1450 utterances; for utterance AMI_IS1003c_H00_FIO017_0029520_0029708 avg. like is -108.368 over 186 frames.
LOG (gmm-acc-stats-ali[5.4.105~1-4fda]:main():gmm-acc-stats-ali.cc:105) Processed 1500 utterances; for utterance AMI_IS1003c_H00_FIO017_0061709_0061780 avg. like is -93.6191 over 69 frames.
LOG (gmm-acc-stats-ali[5.4.105~1-4fda]:main():gmm-acc-stats-ali.cc:105) Processed 1550 utterances; for utterance AMI_IS1003c_H00_FIO017_0114883_0114928 avg. like is -90.271 over 43 frames.
LOG (gmm-acc-stats-ali[5.4.105~1-4fda]:main():gmm-acc-stats-ali.cc:105) Processed 1600 utterances; for utterance AMI_IS1003c_H00_FIO017_0172065_0172140 avg. like is -102.393 over 73 frames.
LOG (gmm-acc-stats-ali[5.4.105~1-4fda]:main():gmm-acc-stats-ali.cc:105) Processed 1650 utterances; for utterance AMI_IS1003c_H01_MIO005_0051168_0051251 avg. like is -101.788 over 81 frames.
LOG (gmm-acc-stats-ali[5.4.105~1-4fda]:main():gmm-acc-stats-ali.cc:105) Processed 1700 utterances; for utterance AMI_IS1003c_H01_MIO005_0098220_0098333 avg. like is -103.117 over 111 frames.
LOG (gmm-acc-stats-ali[5.4.105~1-4fda]:main():gmm-acc-stats-ali.cc:105) Processed 1750 utterances; for utterance AMI_IS1003c_H01_MIO005_0139339_0139437 avg. like is -90.6162 over 96 frames.
LOG (gmm-acc-stats-ali[5.4.105~1-4fda]:main():gmm-acc-stats-ali.cc:105) Processed 1800 utterances; for utterance AMI_IS1003c_H01_MIO005_0171235_0171547 avg. like is -96.9794 over 310 frames.
LOG (gmm-acc-stats-ali[5.4.105~1-4fda]:main():gmm-acc-stats-ali.cc:105) Processed 1850 utterances; for utterance AMI_IS1003c_H02_MIO035_0028470_0029288 avg. like is -95.7421 over 816 frames.
LOG (gmm-acc-stats-ali[5.4.105~1-4fda]:main():gmm-acc-stats-ali.cc:105) Processed 1900 utterances; for utterance AMI_IS1003c_H02_MIO035_0059942_0059960 avg. like is -99.9493 over 16 frames.
LOG (gmm-acc-stats-ali[5.4.105~1-4fda]:main():gmm-acc-stats-ali.cc:105) Processed 1950 utterances; for utterance AMI_IS1003c_H02_MIO035_0109192_0109224 avg. like is -86.1163 over 30 frames.
LOG (gmm-acc-stats-ali[5.4.105~1-4fda]:main():gmm-acc-stats-ali.cc:105) Processed 2000 utterances; for utterance AMI_IS1003c_H03_MIO023_0045592_0045812 avg. like is -98.2462 over 218 frames.
LOG (gmm-acc-stats-ali[5.4.105~1-4fda]:main():gmm-acc-stats-ali.cc:105) Processed 2050 utterances; for utterance AMI_IS1003c_H03_MIO023_0112408_0112429 avg. like is -98.0945 over 19 frames.
LOG (gmm-acc-stats-ali[5.4.105~1-4fda]:main():gmm-acc-stats-ali.cc:105) Processed 2100 utterances; for utterance AMI_IS1003c_H03_MIO023_0155080_0155529 avg. like is -91.7725 over 447 frames.
LOG (gmm-acc-stats-ali[5.4.105~1-4fda]:main():gmm-acc-stats-ali.cc:105) Processed 2150 utterances; for utterance AMI_IS1003d_H00_FIO017_0049106_0049138 avg. like is -88.9726 over 30 frames.
LOG (gmm-acc-stats-ali[5.4.105~1-4fda]:main():gmm-acc-stats-ali.cc:105) Processed 2200 utterances; for utterance AMI_IS1003d_H00_FIO017_0085825_0086227 avg. like is -101.215 over 400 frames.
LOG (gmm-acc-stats-ali[5.4.105~1-4fda]:main():gmm-acc-stats-ali.cc:105) Processed 2250 utterances; for utterance AMI_IS1003d_H00_FIO017_0117849_0118134 avg. like is -95.4567 over 283 frames.
LOG (gmm-acc-stats-ali[5.4.105~1-4fda]:main():gmm-acc-stats-ali.cc:105) Processed 2300 utterances; for utterance AMI_IS1003d_H00_FIO017_0142919_0142950 avg. like is -92.0807 over 29 frames.
LOG (gmm-acc-stats-ali[5.4.105~1-4fda]:main():gmm-acc-stats-ali.cc:105) Processed 2350 utterances; for utterance AMI_IS1003d_H00_FIO017_0178150_0178785 avg. like is -95.4479 over 633 frames.
LOG (gmm-acc-stats-ali[5.4.105~1-4fda]:main():gmm-acc-stats-ali.cc:105) Processed 2400 utterances; for utterance AMI_IS1003d_H01_MIO005_0018083_0018195 avg. like is -102.386 over 110 frames.
LOG (gmm-acc-stats-ali[5.4.105~1-4fda]:main():gmm-acc-stats-ali.cc:105) Processed 2450 utterances; for utterance AMI_IS1003d_H01_MIO005_0054845_0054929 avg. like is -97.4477 over 82 frames.
LOG (gmm-acc-stats-ali[5.4.105~1-4fda]:main():gmm-acc-stats-ali.cc:105) Processed 2500 utterances; for utterance AMI_IS1003d_H01_MIO005_0083781_0083822 avg. like is -98.8546 over 39 frames.
LOG (gmm-acc-stats-ali[5.4.105~1-4fda]:main():gmm-acc-stats-ali.cc:105) Processed 2550 utterances; for utterance AMI_IS1003d_H01_MIO005_0120183_0120266 avg. like is -91.8184 over 81 frames.
LOG (gmm-acc-stats-ali[5.4.105~1-4fda]:main():gmm-acc-stats-ali.cc:105) Processed 2600 utterances; for utterance AMI_IS1003d_H01_MIO005_0153120_0153502 avg. like is -94.7479 over 380 frames.
LOG (gmm-acc-stats-ali[5.4.105~1-4fda]:main():gmm-acc-stats-ali.cc:105) Processed 2650 utterances; for utterance AMI_IS1003d_H01_MIO005_0186111_0186660 avg. like is -102.008 over 547 frames.
LOG (gmm-acc-stats-ali[5.4.105~1-4fda]:main():gmm-acc-stats-ali.cc:105) Processed 2700 utterances; for utterance AMI_IS1003d_H02_MIO035_0013752_0013780 avg. like is -99.6433 over 26 frames.
LOG (gmm-acc-stats-ali[5.4.105~1-4fda]:main():gmm-acc-stats-ali.cc:105) Processed 2750 utterances; for utterance AMI_IS1003d_H02_MIO035_0038426_0038449 avg. like is -101.53 over 21 frames.
LOG (gmm-acc-stats-ali[5.4.105~1-4fda]:main():gmm-acc-stats-ali.cc:105) Processed 2800 utterances; for utterance AMI_IS1003d_H02_MIO035_0076585_0076644 avg. like is -98.5627 over 57 frames.
LOG (gmm-acc-stats-ali[5.4.105~1-4fda]:main():gmm-acc-stats-ali.cc:105) Processed 2850 utterances; for utterance AMI_IS1003d_H02_MIO035_0105397_0105468 avg. like is -93.7936 over 69 frames.
LOG (gmm-acc-stats-ali[5.4.105~1-4fda]:main():gmm-acc-stats-ali.cc:105) Processed 2900 utterances; for utterance AMI_IS1003d_H02_MIO035_0164557_0164599 avg. like is -98.3059 over 40 frames.
LOG (gmm-acc-stats-ali[5.4.105~1-4fda]:main():gmm-acc-stats-ali.cc:105) Processed 2950 utterances; for utterance AMI_IS1003d_H02_MIO035_0202320_0202701 avg. like is -100.728 over 379 frames.
LOG (gmm-acc-stats-ali[5.4.105~1-4fda]:main():gmm-acc-stats-ali.cc:105) Processed 3000 utterances; for utterance AMI_IS1003d_H03_MIO023_0053472_0053636 avg. like is -99.8216 over 162 frames.
LOG (gmm-acc-stats-ali[5.4.105~1-4fda]:main():gmm-acc-stats-ali.cc:105) Processed 3050 utterances; for utterance AMI_IS1003d_H03_MIO023_0081755_0081866 avg. like is -98.6715 over 109 frames.
LOG (gmm-acc-stats-ali[5.4.105~1-4fda]:main():gmm-acc-stats-ali.cc:105) Processed 3100 utterances; for utterance AMI_IS1003d_H03_MIO023_0127230_0127266 avg. like is -89.9053 over 34 frames.
LOG (gmm-acc-stats-ali[5.4.105~1-4fda]:main():gmm-acc-stats-ali.cc:105) Processed 3150 utterances; for utterance AMI_IS1003d_H03_MIO023_0164511_0164931 avg. like is -92.382 over 418 frames.
LOG (gmm-acc-stats-ali[5.4.105~1-4fda]:main():gmm-acc-stats-ali.cc:105) Processed 3200 utterances; for utterance AMI_IS1003d_H03_MIO023_0206038_0206417 avg. like is -96.0521 over 377 frames.
LOG (gmm-acc-stats-ali[5.4.105~1-4fda]:main():gmm-acc-stats-ali.cc:105) Processed 3250 utterances; for utterance AMI_IS1004a_H00_MIO019_0066549_0067066 avg. like is -96.9713 over 515 frames.
LOG (gmm-acc-stats-ali[5.4.105~1-4fda]:main():gmm-acc-stats-ali.cc:105) Processed 3300 utterances; for utterance AMI_IS1004a_H01_MIE090_0076453_0076567 avg. like is -94.1584 over 112 frames.
LOG (gmm-acc-stats-ali[5.4.105~1-4fda]:main():gmm-acc-stats-ali.cc:105) Processed 3350 utterances; for utterance AMI_IS1004a_H02_MIO022_0072593_0072623 avg. like is -91.5428 over 28 frames.
LOG (gmm-acc-stats-ali[5.4.105~1-4fda]:main():gmm-acc-stats-ali.cc:105) Processed 3400 utterances; for utterance AMI_IS1004b_H00_MIO019_0019653_0019673 avg. like is -90.0747 over 18 frames.
LOG (gmm-acc-stats-ali[5.4.105~1-4fda]:main():gmm-acc-stats-ali.cc:105) Processed 3450 utterances; for utterance AMI_IS1004b_H00_MIO019_0071401_0071970 avg. like is -100.063 over 567 frames.
LOG (gmm-acc-stats-ali[5.4.105~1-4fda]:main():gmm-acc-stats-ali.cc:105) Processed 3500 utterances; for utterance AMI_IS1004b_H00_MIO019_0166789_0167805 avg. like is -95.5679 over 1014 frames.
LOG (gmm-acc-stats-ali[5.4.105~1-4fda]:main():gmm-acc-stats-ali.cc:105) Processed 3550 utterances; for utterance AMI_IS1004b_H00_MIO019_0207615_0208653 avg. like is -98.7214 over 1036 frames.
LOG (gmm-acc-stats-ali[5.4.105~1-4fda]:main():gmm-acc-stats-ali.cc:105) Processed 3600 utterances; for utterance AMI_IS1004b_H01_MIE090_0057554_0058254 avg. like is -92.992 over 698 frames.
LOG (gmm-acc-stats-ali[5.4.105~1-4fda]:main():gmm-acc-stats-ali.cc:105) Processed 3650 utterances; for utterance AMI_IS1004b_H01_MIE090_0094978_0095093 avg. like is -92.2604 over 113 frames.
LOG (gmm-acc-stats-ali[5.4.105~1-4fda]:main():gmm-acc-stats-ali.cc:105) Processed 3700 utterances; for utterance AMI_IS1004b_H01_MIE090_0123578_0124215 avg. like is -94.9617 over 635 frames.
LOG (gmm-acc-stats-ali[5.4.105~1-4fda]:main():gmm-acc-stats-ali.cc:105) Processed 3750 utterances; for utterance AMI_IS1004b_H01_MIE090_0194303_0194652 avg. like is -94.8857 over 347 frames.
LOG (gmm-acc-stats-ali[5.4.105~1-4fda]:main():gmm-acc-stats-ali.cc:105) Processed 3800 utterances; for utterance AMI_IS1004b_H02_MIO022_0092220_0092381 avg. like is -99.6622 over 159 frames.
LOG (gmm-acc-stats-ali[5.4.105~1-4fda]:main():gmm-acc-stats-ali.cc:105) Processed 3850 utterances; for utterance AMI_IS1004b_H02_MIO022_0146761_0146774 avg. like is -103.331 over 11 frames.
LOG (gmm-acc-stats-ali[5.4.105~1-4fda]:main():gmm-acc-stats-ali.cc:105) Processed 3900 utterances; for utterance AMI_IS1004b_H03_MIO047_0017146_0017358 avg. like is -93.7573 over 210 frames.
LOG (gmm-acc-stats-ali[5.4.105~1-4fda]:main():gmm-acc-stats-ali.cc:105) Processed 3950 utterances; for utterance AMI_IS1004b_H03_MIO047_0054501_0054533 avg. like is -105.637 over 30 frames.
LOG (gmm-acc-stats-ali[5.4.105~1-4fda]:main():gmm-acc-stats-ali.cc:105) Processed 4000 utterances; for utterance AMI_IS1004c_H00_MIO019_0003137_0003277 avg. like is -96.3616 over 138 frames.
LOG (gmm-acc-stats-ali[5.4.105~1-4fda]:main():gmm-acc-stats-ali.cc:105) Processed 4050 utterances; for utterance AMI_IS1004c_H00_MIO019_0062050_0062102 avg. like is -88.4394 over 50 frames.
LOG (apply-cmvn[5.4.105~1-4fda]:main():apply-cmvn.cc:162) Applied cepstral mean normalization to 4086 utterances, errors on 0
LOG (gmm-acc-stats-ali[5.4.105~1-4fda]:main():gmm-acc-stats-ali.cc:112) Done 4083 files, 3 with errors.
LOG (gmm-acc-stats-ali[5.4.105~1-4fda]:main():gmm-acc-stats-ali.cc:115) Overall avg like per frame (Gaussian only) = -96.459 over 1070889 frames.
LOG (gmm-acc-stats-ali[5.4.105~1-4fda]:main():gmm-acc-stats-ali.cc:123) Written accs.
# Accounting: time=19 threads=1
# Ended (code 0) at Wed Oct 31 22:48:09 EDT 2018, elapsed time 19 seconds
