# gmm-acc-stats-ali exp2/tri1/16.mdl "ark,s,cs:apply-cmvn  --utt2spk=ark:data/st_ihm_all/train/split30/16/utt2spk scp:data/st_ihm_all/train/split30/16/cmvn.scp scp:data/st_ihm_all/train/split30/16/feats.scp ark:- | add-deltas  ark:- ark:- |" "ark,s,cs:gunzip -c exp2/tri1/ali.16.gz|" exp2/tri1/16.16.acc 
# Started at Wed Oct 31 22:47:32 EDT 2018
#
gmm-acc-stats-ali exp2/tri1/16.mdl 'ark,s,cs:apply-cmvn  --utt2spk=ark:data/st_ihm_all/train/split30/16/utt2spk scp:data/st_ihm_all/train/split30/16/cmvn.scp scp:data/st_ihm_all/train/split30/16/feats.scp ark:- | add-deltas  ark:- ark:- |' 'ark,s,cs:gunzip -c exp2/tri1/ali.16.gz|' exp2/tri1/16.16.acc 
add-deltas ark:- ark:- 
apply-cmvn --utt2spk=ark:data/st_ihm_all/train/split30/16/utt2spk scp:data/st_ihm_all/train/split30/16/cmvn.scp scp:data/st_ihm_all/train/split30/16/feats.scp ark:- 
LOG (gmm-acc-stats-ali[5.4.105~1-4fda]:main():gmm-acc-stats-ali.cc:105) Processed 50 utterances; for utterance AMI_ES2016b_H02_MEE063_0080344_0080845 avg. like is -98.9301 over 499 frames.
LOG (gmm-acc-stats-ali[5.4.105~1-4fda]:main():gmm-acc-stats-ali.cc:105) Processed 100 utterances; for utterance AMI_ES2016b_H02_MEE063_0182079_0182670 avg. like is -98.7558 over 589 frames.
LOG (gmm-acc-stats-ali[5.4.105~1-4fda]:main():gmm-acc-stats-ali.cc:105) Processed 150 utterances; for utterance AMI_ES2016b_H03_FEE064_0026819_0026895 avg. like is -96.2023 over 74 frames.
LOG (gmm-acc-stats-ali[5.4.105~1-4fda]:main():gmm-acc-stats-ali.cc:105) Processed 200 utterances; for utterance AMI_ES2016b_H03_FEE064_0051410_0051526 avg. like is -88.7313 over 114 frames.
LOG (gmm-acc-stats-ali[5.4.105~1-4fda]:main():gmm-acc-stats-ali.cc:105) Processed 250 utterances; for utterance AMI_ES2016c_H00_MEE061_0005709_0005742 avg. like is -92.8696 over 31 frames.
LOG (gmm-acc-stats-ali[5.4.105~1-4fda]:main():gmm-acc-stats-ali.cc:105) Processed 300 utterances; for utterance AMI_ES2016c_H00_MEE061_0031777_0031825 avg. like is -89.3594 over 46 frames.
LOG (gmm-acc-stats-ali[5.4.105~1-4fda]:main():gmm-acc-stats-ali.cc:105) Processed 350 utterances; for utterance AMI_ES2016c_H00_MEE061_0187044_0187276 avg. like is -92.8694 over 230 frames.
LOG (gmm-acc-stats-ali[5.4.105~1-4fda]:main():gmm-acc-stats-ali.cc:105) Processed 400 utterances; for utterance AMI_ES2016c_H00_MEE061_0229790_0229975 avg. like is -91.3918 over 183 frames.
LOG (gmm-acc-stats-ali[5.4.105~1-4fda]:main():gmm-acc-stats-ali.cc:105) Processed 450 utterances; for utterance AMI_ES2016c_H01_MEO062_0116615_0116823 avg. like is -96.1114 over 206 frames.
LOG (gmm-acc-stats-ali[5.4.105~1-4fda]:main():gmm-acc-stats-ali.cc:105) Processed 500 utterances; for utterance AMI_ES2016c_H01_MEO062_0138991_0139149 avg. like is -90.3851 over 156 frames.
LOG (gmm-acc-stats-ali[5.4.105~1-4fda]:main():gmm-acc-stats-ali.cc:105) Processed 550 utterances; for utterance AMI_ES2016c_H01_MEO062_0170526_0170708 avg. like is -86.6106 over 180 frames.
LOG (gmm-acc-stats-ali[5.4.105~1-4fda]:main():gmm-acc-stats-ali.cc:105) Processed 600 utterances; for utterance AMI_ES2016c_H01_MEO062_0214185_0214238 avg. like is -95.2871 over 51 frames.
LOG (gmm-acc-stats-ali[5.4.105~1-4fda]:main():gmm-acc-stats-ali.cc:105) Processed 650 utterances; for utterance AMI_ES2016c_H02_MEE063_0084647_0085016 avg. like is -99.2719 over 367 frames.
LOG (gmm-acc-stats-ali[5.4.105~1-4fda]:main():gmm-acc-stats-ali.cc:105) Processed 700 utterances; for utterance AMI_ES2016c_H02_MEE063_0176236_0176463 avg. like is -100.158 over 225 frames.
LOG (gmm-acc-stats-ali[5.4.105~1-4fda]:main():gmm-acc-stats-ali.cc:105) Processed 750 utterances; for utterance AMI_ES2016c_H03_FEE064_0050573_0051043 avg. like is -92.7016 over 468 frames.
LOG (gmm-acc-stats-ali[5.4.105~1-4fda]:main():gmm-acc-stats-ali.cc:105) Processed 800 utterances; for utterance AMI_ES2016c_H03_FEE064_0196668_0196705 avg. like is -84.3994 over 35 frames.
LOG (gmm-acc-stats-ali[5.4.105~1-4fda]:main():gmm-acc-stats-ali.cc:105) Processed 850 utterances; for utterance AMI_ES2016d_H00_MEE061_0031935_0032028 avg. like is -91.4115 over 91 frames.
LOG (gmm-acc-stats-ali[5.4.105~1-4fda]:main():gmm-acc-stats-ali.cc:105) Processed 900 utterances; for utterance AMI_ES2016d_H00_MEE061_0084601_0084646 avg. like is -95.3729 over 43 frames.
LOG (gmm-acc-stats-ali[5.4.105~1-4fda]:main():gmm-acc-stats-ali.cc:105) Processed 950 utterances; for utterance AMI_ES2016d_H00_MEE061_0112118_0112227 avg. like is -100.563 over 107 frames.
LOG (gmm-acc-stats-ali[5.4.105~1-4fda]:main():gmm-acc-stats-ali.cc:105) Processed 1000 utterances; for utterance AMI_ES2016d_H00_MEE061_0140233_0140487 avg. like is -93.5905 over 252 frames.
LOG (gmm-acc-stats-ali[5.4.105~1-4fda]:main():gmm-acc-stats-ali.cc:105) Processed 1050 utterances; for utterance AMI_ES2016d_H01_MEO062_0030508_0030638 avg. like is -94.7839 over 128 frames.
LOG (gmm-acc-stats-ali[5.4.105~1-4fda]:main():gmm-acc-stats-ali.cc:105) Processed 1100 utterances; for utterance AMI_ES2016d_H01_MEO062_0075864_0075920 avg. like is -98.7171 over 54 frames.
LOG (gmm-acc-stats-ali[5.4.105~1-4fda]:main():gmm-acc-stats-ali.cc:105) Processed 1150 utterances; for utterance AMI_ES2016d_H01_MEO062_0125922_0126039 avg. like is -87.808 over 115 frames.
LOG (gmm-acc-stats-ali[5.4.105~1-4fda]:main():gmm-acc-stats-ali.cc:105) Processed 1200 utterances; for utterance AMI_ES2016d_H02_MEE063_0029951_0030033 avg. like is -100.632 over 80 frames.
LOG (gmm-acc-stats-ali[5.4.105~1-4fda]:main():gmm-acc-stats-ali.cc:105) Processed 1250 utterances; for utterance AMI_ES2016d_H02_MEE063_0075034_0075069 avg. like is -107.275 over 33 frames.
LOG (gmm-acc-stats-ali[5.4.105~1-4fda]:main():gmm-acc-stats-ali.cc:105) Processed 1300 utterances; for utterance AMI_ES2016d_H02_MEE063_0127902_0128018 avg. like is -96.1074 over 114 frames.
LOG (gmm-acc-stats-ali[5.4.105~1-4fda]:main():gmm-acc-stats-ali.cc:105) Processed 1350 utterances; for utterance AMI_ES2016d_H03_FEE064_0056184_0056332 avg. like is -92.8739 over 146 frames.
LOG (gmm-acc-stats-ali[5.4.105~1-4fda]:main():gmm-acc-stats-ali.cc:105) Processed 1400 utterances; for utterance AMI_ES2016d_H03_FEE064_0091810_0091897 avg. like is -88.6753 over 85 frames.
LOG (gmm-acc-stats-ali[5.4.105~1-4fda]:main():gmm-acc-stats-ali.cc:105) Processed 1450 utterances; for utterance AMI_IB4005_H00_FIE038_0010028_0010223 avg. like is -95.7907 over 193 frames.
LOG (gmm-acc-stats-ali[5.4.105~1-4fda]:main():gmm-acc-stats-ali.cc:105) Processed 1500 utterances; for utterance AMI_IB4005_H00_FIE038_0038557_0038967 avg. like is -95.9465 over 408 frames.
LOG (gmm-acc-stats-ali[5.4.105~1-4fda]:main():gmm-acc-stats-ali.cc:105) Processed 1550 utterances; for utterance AMI_IB4005_H00_FIE038_0107206_0107615 avg. like is -95.9606 over 407 frames.
LOG (gmm-acc-stats-ali[5.4.105~1-4fda]:main():gmm-acc-stats-ali.cc:105) Processed 1600 utterances; for utterance AMI_IB4005_H00_FIE038_0145328_0145549 avg. like is -102.163 over 219 frames.
LOG (gmm-acc-stats-ali[5.4.105~1-4fda]:main():gmm-acc-stats-ali.cc:105) Processed 1650 utterances; for utterance AMI_IB4005_H00_FIE038_0191559_0191586 avg. like is -88.6334 over 25 frames.
LOG (gmm-acc-stats-ali[5.4.105~1-4fda]:main():gmm-acc-stats-ali.cc:105) Processed 1700 utterances; for utterance AMI_IB4005_H01_MIE032_0037653_0037888 avg. like is -94.1252 over 233 frames.
LOG (gmm-acc-stats-ali[5.4.105~1-4fda]:main():gmm-acc-stats-ali.cc:105) Processed 1750 utterances; for utterance AMI_IB4005_H01_MIE032_0102426_0102507 avg. like is -94.0795 over 79 frames.
LOG (gmm-acc-stats-ali[5.4.105~1-4fda]:main():gmm-acc-stats-ali.cc:105) Processed 1800 utterances; for utterance AMI_IB4005_H01_MIE032_0163210_0163245 avg. like is -83.6562 over 33 frames.
LOG (gmm-acc-stats-ali[5.4.105~1-4fda]:main():gmm-acc-stats-ali.cc:105) Processed 1850 utterances; for utterance AMI_IB4005_H01_MIE032_0200979_0201029 avg. like is -101.024 over 48 frames.
LOG (gmm-acc-stats-ali[5.4.105~1-4fda]:main():gmm-acc-stats-ali.cc:105) Processed 1900 utterances; for utterance AMI_IB4005_H02_MIO036_0057754_0058516 avg. like is -95.0806 over 760 frames.
LOG (gmm-acc-stats-ali[5.4.105~1-4fda]:main():gmm-acc-stats-ali.cc:105) Processed 1950 utterances; for utterance AMI_IB4005_H02_MIO036_0083463_0083917 avg. like is -96.8686 over 452 frames.
LOG (gmm-acc-stats-ali[5.4.105~1-4fda]:main():gmm-acc-stats-ali.cc:105) Processed 2000 utterances; for utterance AMI_IB4005_H02_MIO036_0121773_0122308 avg. like is -96.2924 over 533 frames.
LOG (gmm-acc-stats-ali[5.4.105~1-4fda]:main():gmm-acc-stats-ali.cc:105) Processed 2050 utterances; for utterance AMI_IB4005_H02_MIO036_0147028_0147308 avg. like is -94.4592 over 278 frames.
LOG (gmm-acc-stats-ali[5.4.105~1-4fda]:main():gmm-acc-stats-ali.cc:105) Processed 2100 utterances; for utterance AMI_IB4005_H02_MIO036_0171802_0172355 avg. like is -96.4955 over 551 frames.
LOG (gmm-acc-stats-ali[5.4.105~1-4fda]:main():gmm-acc-stats-ali.cc:105) Processed 2150 utterances; for utterance AMI_IB4005_H02_MIO036_0199493_0200163 avg. like is -95.9224 over 668 frames.
LOG (gmm-acc-stats-ali[5.4.105~1-4fda]:main():gmm-acc-stats-ali.cc:105) Processed 2200 utterances; for utterance AMI_IB4005_H03_MIO078_0095758_0095774 avg. like is -84.4044 over 14 frames.
LOG (gmm-acc-stats-ali[5.4.105~1-4fda]:main():gmm-acc-stats-ali.cc:105) Processed 2250 utterances; for utterance AMI_IB4005_H03_MIO078_0139949_0140467 avg. like is -94.8653 over 516 frames.
LOG (gmm-acc-stats-ali[5.4.105~1-4fda]:main():gmm-acc-stats-ali.cc:105) Processed 2300 utterances; for utterance AMI_IN1001_H00_MIO024_0017123_0017807 avg. like is -92.7873 over 682 frames.
LOG (gmm-acc-stats-ali[5.4.105~1-4fda]:main():gmm-acc-stats-ali.cc:105) Processed 2350 utterances; for utterance AMI_IN1001_H00_MIO024_0049032_0049129 avg. like is -90.6735 over 95 frames.
LOG (gmm-acc-stats-ali[5.4.105~1-4fda]:main():gmm-acc-stats-ali.cc:105) Processed 2400 utterances; for utterance AMI_IN1001_H00_MIO024_0083232_0083846 avg. like is -95.7256 over 612 frames.
LOG (gmm-acc-stats-ali[5.4.105~1-4fda]:main():gmm-acc-stats-ali.cc:105) Processed 2450 utterances; for utterance AMI_IN1001_H00_MIO024_0119846_0119877 avg. like is -90.6534 over 29 frames.
LOG (gmm-acc-stats-ali[5.4.105~1-4fda]:main():gmm-acc-stats-ali.cc:105) Processed 2500 utterances; for utterance AMI_IN1001_H00_MIO024_0155425_0155682 avg. like is -91.1939 over 255 frames.
LOG (gmm-acc-stats-ali[5.4.105~1-4fda]:main():gmm-acc-stats-ali.cc:105) Processed 2550 utterances; for utterance AMI_IN1001_H00_MIO024_0198550_0198696 avg. like is -96.8902 over 144 frames.
LOG (gmm-acc-stats-ali[5.4.105~1-4fda]:main():gmm-acc-stats-ali.cc:105) Processed 2600 utterances; for utterance AMI_IN1001_H00_MIO024_0254709_0254831 avg. like is -93.4172 over 120 frames.
LOG (gmm-acc-stats-ali[5.4.105~1-4fda]:main():gmm-acc-stats-ali.cc:105) Processed 2650 utterances; for utterance AMI_IN1001_H00_MIO024_0300112_0301144 avg. like is -93.0829 over 1030 frames.
LOG (gmm-acc-stats-ali[5.4.105~1-4fda]:main():gmm-acc-stats-ali.cc:105) Processed 2700 utterances; for utterance AMI_IN1001_H01_MIO016_0012391_0013200 avg. like is -91.6064 over 807 frames.
LOG (gmm-acc-stats-ali[5.4.105~1-4fda]:main():gmm-acc-stats-ali.cc:105) Processed 2750 utterances; for utterance AMI_IN1001_H01_MIO016_0050178_0050212 avg. like is -91.1971 over 32 frames.
LOG (gmm-acc-stats-ali[5.4.105~1-4fda]:main():gmm-acc-stats-ali.cc:105) Processed 2800 utterances; for utterance AMI_IN1001_H01_MIO016_0097021_0097429 avg. like is -94.5852 over 406 frames.
LOG (gmm-acc-stats-ali[5.4.105~1-4fda]:main():gmm-acc-stats-ali.cc:105) Processed 2850 utterances; for utterance AMI_IN1001_H01_MIO016_0133726_0133836 avg. like is -80.5586 over 108 frames.
LOG (gmm-acc-stats-ali[5.4.105~1-4fda]:main():gmm-acc-stats-ali.cc:105) Processed 2900 utterances; for utterance AMI_IN1001_H01_MIO016_0176210_0176367 avg. like is -89.679 over 155 frames.
LOG (gmm-acc-stats-ali[5.4.105~1-4fda]:main():gmm-acc-stats-ali.cc:105) Processed 2950 utterances; for utterance AMI_IN1001_H01_MIO016_0205902_0207252 avg. like is -91.787 over 1348 frames.
LOG (gmm-acc-stats-ali[5.4.105~1-4fda]:main():gmm-acc-stats-ali.cc:105) Processed 3000 utterances; for utterance AMI_IN1001_H01_MIO016_0236838_0237037 avg. like is -87.0879 over 197 frames.
LOG (gmm-acc-stats-ali[5.4.105~1-4fda]:main():gmm-acc-stats-ali.cc:105) Processed 3050 utterances; for utterance AMI_IN1001_H01_MIO016_0276000_0277187 avg. like is -95.8017 over 1185 frames.
WARNING (gmm-acc-stats-ali[5.4.105~1-4fda]:main():gmm-acc-stats-ali.cc:79) No alignment for utterance AMI_IN1001_H01_MIO016_0287856_0288636
LOG (gmm-acc-stats-ali[5.4.105~1-4fda]:main():gmm-acc-stats-ali.cc:105) Processed 3100 utterances; for utterance AMI_IN1001_H01_MIO016_0310355_0310717 avg. like is -90.0606 over 360 frames.
LOG (gmm-acc-stats-ali[5.4.105~1-4fda]:main():gmm-acc-stats-ali.cc:105) Processed 3150 utterances; for utterance AMI_IN1001_H02_MIO066_0020762_0020817 avg. like is -93.6345 over 53 frames.
LOG (gmm-acc-stats-ali[5.4.105~1-4fda]:main():gmm-acc-stats-ali.cc:105) Processed 3200 utterances; for utterance AMI_IN1001_H02_MIO066_0070103_0070144 avg. like is -93.9248 over 39 frames.
LOG (gmm-acc-stats-ali[5.4.105~1-4fda]:main():gmm-acc-stats-ali.cc:105) Processed 3250 utterances; for utterance AMI_IN1001_H02_MIO066_0125492_0125527 avg. like is -85.8546 over 33 frames.
LOG (gmm-acc-stats-ali[5.4.105~1-4fda]:main():gmm-acc-stats-ali.cc:105) Processed 3300 utterances; for utterance AMI_IN1001_H02_MIO066_0164837_0164874 avg. like is -88.0748 over 35 frames.
LOG (gmm-acc-stats-ali[5.4.105~1-4fda]:main():gmm-acc-stats-ali.cc:105) Processed 3350 utterances; for utterance AMI_IN1001_H02_MIO066_0212540_0212719 avg. like is -99.3303 over 177 frames.
LOG (gmm-acc-stats-ali[5.4.105~1-4fda]:main():gmm-acc-stats-ali.cc:105) Processed 3400 utterances; for utterance AMI_IN1001_H02_MIO066_0234058_0234184 avg. like is -92.4274 over 124 frames.
LOG (gmm-acc-stats-ali[5.4.105~1-4fda]:main():gmm-acc-stats-ali.cc:105) Processed 3450 utterances; for utterance AMI_IN1001_H02_MIO066_0261719_0261959 avg. like is -99.6144 over 238 frames.
LOG (gmm-acc-stats-ali[5.4.105~1-4fda]:main():gmm-acc-stats-ali.cc:105) Processed 3500 utterances; for utterance AMI_IN1001_H02_MIO066_0292409_0292462 avg. like is -96.2565 over 51 frames.
LOG (gmm-acc-stats-ali[5.4.105~1-4fda]:main():gmm-acc-stats-ali.cc:105) Processed 3550 utterances; for utterance AMI_IN1001_H02_MIO066_0314621_0314663 avg. like is -79.8008 over 40 frames.
LOG (gmm-acc-stats-ali[5.4.105~1-4fda]:main():gmm-acc-stats-ali.cc:105) Processed 3600 utterances; for utterance AMI_IN1002_H00_MIO022_0056433_0056560 avg. like is -99.7358 over 125 frames.
LOG (gmm-acc-stats-ali[5.4.105~1-4fda]:main():gmm-acc-stats-ali.cc:105) Processed 3650 utterances; for utterance AMI_IN1002_H00_MIO022_0087378_0087648 avg. like is -99.137 over 268 frames.
LOG (gmm-acc-stats-ali[5.4.105~1-4fda]:main():gmm-acc-stats-ali.cc:105) Processed 3700 utterances; for utterance AMI_IN1002_H00_MIO022_0112934_0112955 avg. like is -94.9377 over 19 frames.
LOG (gmm-acc-stats-ali[5.4.105~1-4fda]:main():gmm-acc-stats-ali.cc:105) Processed 3750 utterances; for utterance AMI_IN1002_H00_MIO022_0153968_0153991 avg. like is -102.688 over 21 frames.
LOG (gmm-acc-stats-ali[5.4.105~1-4fda]:main():gmm-acc-stats-ali.cc:105) Processed 3800 utterances; for utterance AMI_IN1002_H00_MIO022_0187029_0187162 avg. like is -97.7745 over 131 frames.
LOG (gmm-acc-stats-ali[5.4.105~1-4fda]:main():gmm-acc-stats-ali.cc:105) Processed 3850 utterances; for utterance AMI_IN1002_H00_MIO022_0213615_0213873 avg. like is -100.107 over 256 frames.
LOG (gmm-acc-stats-ali[5.4.105~1-4fda]:main():gmm-acc-stats-ali.cc:105) Processed 3900 utterances; for utterance AMI_IN1002_H00_MIO022_0243850_0243912 avg. like is -95.3732 over 60 frames.
LOG (gmm-acc-stats-ali[5.4.105~1-4fda]:main():gmm-acc-stats-ali.cc:105) Processed 3950 utterances; for utterance AMI_IN1002_H01_MIO076_0045396_0046129 avg. like is -91.4339 over 731 frames.
LOG (gmm-acc-stats-ali[5.4.105~1-4fda]:main():gmm-acc-stats-ali.cc:105) Processed 4000 utterances; for utterance AMI_IN1002_H01_MIO076_0086525_0086562 avg. like is -91.4634 over 35 frames.
LOG (apply-cmvn[5.4.105~1-4fda]:main():apply-cmvn.cc:162) Applied cepstral mean normalization to 4044 utterances, errors on 0
LOG (gmm-acc-stats-ali[5.4.105~1-4fda]:main():gmm-acc-stats-ali.cc:112) Done 4043 files, 1 with errors.
LOG (gmm-acc-stats-ali[5.4.105~1-4fda]:main():gmm-acc-stats-ali.cc:115) Overall avg like per frame (Gaussian only) = -94.1849 over 1102853 frames.
LOG (gmm-acc-stats-ali[5.4.105~1-4fda]:main():gmm-acc-stats-ali.cc:123) Written accs.
# Accounting: time=19 threads=1
# Ended (code 0) at Wed Oct 31 22:47:51 EDT 2018, elapsed time 19 seconds
