# build-tree --verbose=1 --max-leaves=5000 --cluster-thresh=-1 exp2/tri1/treeacc data/lang_v1/phones/roots.int exp2/tri1/questions.qst data/lang_v1/topo exp2/tri1/tree 
# Started at Wed Oct 31 22:28:28 EDT 2018
#
build-tree --verbose=1 --max-leaves=5000 --cluster-thresh=-1 exp2/tri1/treeacc data/lang_v1/phones/roots.int exp2/tri1/questions.qst data/lang_v1/topo exp2/tri1/tree 
LOG (build-tree[5.4.105~1-4fda]:main():build-tree.cc:104) Number of separate statistics is 118273
LOG (build-tree[5.4.105~1-4fda]:BuildTree():build-tree.cc:161) BuildTree: before building trees, map has 43 leaves.
LOG (build-tree[5.4.105~1-4fda]:SplitDecisionTree():build-tree-utils.cc:577) DoDecisionTreeSplit: split 4957 times, #leaves now 5000
LOG (build-tree[5.4.105~1-4fda]:BuildTree():build-tree.cc:187) Setting clustering threshold to smallest split 1034.75
VLOG[1] (build-tree[5.4.105~1-4fda]:BuildTree():build-tree.cc:196) After decision tree split, num-leaves = 5000, like-impr = 3.32173 per frame over 3.1945e+07 frames.
VLOG[1] (build-tree[5.4.105~1-4fda]:BuildTree():build-tree.cc:200) Including just phones that were split, improvement is 3.32173 per frame over 3.1945e+07 frames.
LOG (build-tree[5.4.105~1-4fda]:BuildTree():build-tree.cc:215) BuildTree: removed 1161 leaves.
VLOG[1] (build-tree[5.4.105~1-4fda]:ClusterEventMapToNClustersRestrictedByMap():build-tree-utils.cc:916) Number of non-empty clusters in map = 41
VLOG[1] (build-tree[5.4.105~1-4fda]:ClusterEventMapToNClustersRestrictedByMap():build-tree-utils.cc:917) Number of non-empty clusters = 3837
LOG (build-tree[5.4.105~1-4fda]:BuildTree():build-tree.cc:231) BuildTree: Rounded num leaves to multiple of 8 by removing 7 leaves.
VLOG[1] (build-tree[5.4.105~1-4fda]:BuildTree():build-tree.cc:256) Objf change due to clustering -0.0240013 per frame.
VLOG[1] (build-tree[5.4.105~1-4fda]:BuildTree():build-tree.cc:259) Normalizing over only split phones, this is: -0.0240013 per frame.
VLOG[1] (build-tree[5.4.105~1-4fda]:BuildTree():build-tree.cc:262) Num-leaves is now 3832
VLOG[1] (build-tree[5.4.105~1-4fda]:main():build-tree.cc:143) For pdf-id 1, low count 0
VLOG[1] (build-tree[5.4.105~1-4fda]:main():build-tree.cc:143) For pdf-id 2, low count 0
VLOG[1] (build-tree[5.4.105~1-4fda]:main():build-tree.cc:143) For pdf-id 1744, low count 72
VLOG[1] (build-tree[5.4.105~1-4fda]:main():build-tree.cc:143) For pdf-id 2219, low count 56
WARNING (build-tree[5.4.105~1-4fda]:main():build-tree.cc:185) Saw no stats for following phones: 2 3 4 5 6 7 8 9 10 11 12 13 14 15 16 17 18 19 28 48 52 56 60 76 80 82 84 88 96 100 104 112 113 116 121 128 132 136 140 144 148 149 150 152 160 162 164 166 168 172 176 
LOG (build-tree[5.4.105~1-4fda]:main():build-tree.cc:189) Wrote tree
# Accounting: time=81 threads=1
# Ended (code 0) at Wed Oct 31 22:29:49 EDT 2018, elapsed time 81 seconds
