# compile-train-graphs --read-disambig-syms=data/lang_v1/phones/disambig.int exp2/tri1/tree exp2/tri1/1.mdl data/lang_v1/L.fst "ark:utils/sym2int.pl --map-oov 6 -f 2- data/lang_v1/words.txt < data/st_ihm_all/train/split30/3/text |" "ark:|gzip -c >exp2/tri1/fsts.3.gz" 
# Started at Wed Oct 31 22:30:02 EDT 2018
#
compile-train-graphs --read-disambig-syms=data/lang_v1/phones/disambig.int exp2/tri1/tree exp2/tri1/1.mdl data/lang_v1/L.fst 'ark:utils/sym2int.pl --map-oov 6 -f 2- data/lang_v1/words.txt < data/st_ihm_all/train/split30/3/text |' 'ark:|gzip -c >exp2/tri1/fsts.3.gz' 
sym2int.pl: replacing this with 6
sym2int.pl: replacing is with 6
sym2int.pl: replacing too with 6
sym2int.pl: replacing expensive with 6
sym2int.pl: replacing i with 6
sym2int.pl: replacing do with 6
sym2int.pl: replacing not with 6
sym2int.pl: replacing have with 6
sym2int.pl: replacing a with 6
sym2int.pl: replacing reservation with 6
sym2int.pl: replacing i with 6
sym2int.pl: replacing do with 6
sym2int.pl: replacing not with 6
sym2int.pl: replacing have with 6
sym2int.pl: replacing a with 6
sym2int.pl: replacing reservation with 6
sym2int.pl: replacing i with 6
sym2int.pl: replacing would with 6
sym2int.pl: replacing like with 6
sym2int.pl: replacing a with 6
sym2int.pl: not warning for OOVs any more times
** Replaced 19856 instances of OOVs with 6
LOG (compile-train-graphs[5.4.105~1-4fda]:main():compile-train-graphs.cc:147) compile-train-graphs: succeeded for 3944 graphs, failed for 0
# Accounting: time=39 threads=1
# Ended (code 0) at Wed Oct 31 22:30:41 EDT 2018, elapsed time 39 seconds
