# compile-train-graphs --read-disambig-syms=data/lang_v1/phones/disambig.int exp2/tri1/tree exp2/tri1/1.mdl data/lang_v1/L.fst "ark:utils/sym2int.pl --map-oov 6 -f 2- data/lang_v1/words.txt < data/st_ihm_all/train/split30/28/text |" "ark:|gzip -c >exp2/tri1/fsts.28.gz" 
# Started at Wed Oct 31 22:31:29 EDT 2018
#
compile-train-graphs --read-disambig-syms=data/lang_v1/phones/disambig.int exp2/tri1/tree exp2/tri1/1.mdl data/lang_v1/L.fst 'ark:utils/sym2int.pl --map-oov 6 -f 2- data/lang_v1/words.txt < data/st_ihm_all/train/split30/28/text |' 'ark:|gzip -c >exp2/tri1/fsts.28.gz' 
sym2int.pl: replacing RECOGNISABLE with 6
sym2int.pl: replacing LABELLING with 6
sym2int.pl: replacing RECOGNISABLE with 6
sym2int.pl: replacing LABELLING with 6
sym2int.pl: replacing N with 6
sym2int.pl: replacing SH with 6
sym2int.pl: replacing D with 6
sym2int.pl: replacing RECOGNISABLE with 6
sym2int.pl: replacing POWERPOINT with 6
sym2int.pl: replacing BLEEPS with 6
sym2int.pl: replacing SH with 6
sym2int.pl: replacing C with 6
sym2int.pl: replacing SH with 6
sym2int.pl: replacing C with 6
sym2int.pl: replacing Y with 6
sym2int.pl: replacing WHA with 6
sym2int.pl: replacing CENTRED with 6
sym2int.pl: replacing W with 6
sym2int.pl: replacing Y with 6
sym2int.pl: replacing F with 6
sym2int.pl: not warning for OOVs any more times
** Replaced 390 instances of OOVs with 6
LOG (compile-train-graphs[5.4.105~1-4fda]:main():compile-train-graphs.cc:147) compile-train-graphs: succeeded for 4138 graphs, failed for 0
# Accounting: time=65 threads=1
# Ended (code 0) at Wed Oct 31 22:32:34 EDT 2018, elapsed time 65 seconds
