# compile-train-graphs --read-disambig-syms=data/lang_v1/phones/disambig.int exp2/tri1/tree exp2/tri1/1.mdl data/lang_v1/L.fst "ark:utils/sym2int.pl --map-oov 6 -f 2- data/lang_v1/words.txt < data/st_ihm_all/train/split30/7/text |" "ark:|gzip -c >exp2/tri1/fsts.7.gz" 
# Started at Wed Oct 31 22:30:02 EDT 2018
#
compile-train-graphs --read-disambig-syms=data/lang_v1/phones/disambig.int exp2/tri1/tree exp2/tri1/1.mdl data/lang_v1/L.fst 'ark:utils/sym2int.pl --map-oov 6 -f 2- data/lang_v1/words.txt < data/st_ihm_all/train/split30/7/text |' 'ark:|gzip -c >exp2/tri1/fsts.7.gz' 
sym2int.pl: replacing LUMINOSITY with 6
sym2int.pl: replacing CONTINUA with 6
sym2int.pl: replacing SPECTRAL with 6
sym2int.pl: replacing TS with 6
sym2int.pl: replacing POLARIZATION'S with 6
sym2int.pl: replacing D with 6
sym2int.pl: replacing MODIFIER with 6
sym2int.pl: replacing BEC with 6
sym2int.pl: replacing PROTO with 6
sym2int.pl: replacing W with 6
sym2int.pl: replacing SPECTRAL with 6
sym2int.pl: replacing ALPHAS with 6
sym2int.pl: replacing ST with 6
sym2int.pl: replacing G with 6
sym2int.pl: replacing W with 6
sym2int.pl: replacing IONIZATION with 6
sym2int.pl: replacing PLATT'S with 6
sym2int.pl: replacing QUASARS with 6
sym2int.pl: replacing IONIZATION with 6
sym2int.pl: replacing IONIZATION with 6
sym2int.pl: not warning for OOVs any more times
** Replaced 666 instances of OOVs with 6
LOG (compile-train-graphs[5.4.105~1-4fda]:main():compile-train-graphs.cc:147) compile-train-graphs: succeeded for 3967 graphs, failed for 0
# Accounting: time=76 threads=1
# Ended (code 0) at Wed Oct 31 22:31:18 EDT 2018, elapsed time 76 seconds
