# gmm-est --mix-up=62000 --power=0.25 --write-occs=exp2/tri1/21.occs exp2/tri1/20.mdl "gmm-sum-accs - exp2/tri1/20.*.acc |" exp2/tri1/21.mdl 
# Started at Wed Oct 31 22:58:51 EDT 2018
#
gmm-est --mix-up=62000 --power=0.25 --write-occs=exp2/tri1/21.occs exp2/tri1/20.mdl 'gmm-sum-accs - exp2/tri1/20.*.acc |' exp2/tri1/21.mdl 
gmm-sum-accs - exp2/tri1/20.1.acc exp2/tri1/20.10.acc exp2/tri1/20.11.acc exp2/tri1/20.12.acc exp2/tri1/20.13.acc exp2/tri1/20.14.acc exp2/tri1/20.15.acc exp2/tri1/20.16.acc exp2/tri1/20.17.acc exp2/tri1/20.18.acc exp2/tri1/20.19.acc exp2/tri1/20.2.acc exp2/tri1/20.20.acc exp2/tri1/20.21.acc exp2/tri1/20.22.acc exp2/tri1/20.23.acc exp2/tri1/20.24.acc exp2/tri1/20.25.acc exp2/tri1/20.26.acc exp2/tri1/20.27.acc exp2/tri1/20.28.acc exp2/tri1/20.29.acc exp2/tri1/20.3.acc exp2/tri1/20.30.acc exp2/tri1/20.4.acc exp2/tri1/20.5.acc exp2/tri1/20.6.acc exp2/tri1/20.7.acc exp2/tri1/20.8.acc exp2/tri1/20.9.acc 
LOG (gmm-sum-accs[5.4.105~1-4fda]:main():gmm-sum-accs.cc:63) Summed 30 stats, total count 3.19324e+07, avg like/frame -96.0721
LOG (gmm-sum-accs[5.4.105~1-4fda]:main():gmm-sum-accs.cc:66) Total count of stats is 3.19324e+07
LOG (gmm-sum-accs[5.4.105~1-4fda]:main():gmm-sum-accs.cc:67) Written stats to -
LOG (gmm-est[5.4.105~1-4fda]:MleUpdate():transition-model.cc:517) TransitionModel::Update, objf change is 0.000613001 per frame over 3.19325e+07 frames. 
LOG (gmm-est[5.4.105~1-4fda]:MleUpdate():transition-model.cc:520) 111 probabilities floored, 6192 out of 13016 transition-states skipped due to insuffient data (it is normal to have some skipped.)
LOG (gmm-est[5.4.105~1-4fda]:main():gmm-est.cc:102) Transition model update: Overall 0.000613001 log-like improvement per frame over 3.19325e+07 frames.
WARNING (gmm-est[5.4.105~1-4fda]:MleDiagGmmUpdate():mle-diag-gmm.cc:365) Gaussian has too little data but not removing it because it is the last Gaussian: i = 0, occ = 0, weight = 1
WARNING (gmm-est[5.4.105~1-4fda]:MleDiagGmmUpdate():mle-diag-gmm.cc:365) Gaussian has too little data but not removing it because it is the last Gaussian: i = 0, occ = 0, weight = 1
LOG (gmm-est[5.4.105~1-4fda]:MleAmDiagGmmUpdate():mle-am-diag-gmm.cc:225) 0 variance elements floored in 0 Gaussians, out of 59000
LOG (gmm-est[5.4.105~1-4fda]:MleAmDiagGmmUpdate():mle-am-diag-gmm.cc:229) Removed 0 Gaussians due to counts < --min-gaussian-occupancy=10 and --remove-low-count-gaussians=true
LOG (gmm-est[5.4.105~1-4fda]:main():gmm-est.cc:113) GMM update: Overall 0.080012 objective function improvement per frame over 3.19324e+07 frames
LOG (gmm-est[5.4.105~1-4fda]:main():gmm-est.cc:116) GMM update: Overall avg like per frame = -96.0721 over 3.19324e+07 frames.
LOG (gmm-est[5.4.105~1-4fda]:SplitByCount():am-diag-gmm.cc:116) Split 3832 states with target = 62000, power = 0.25, perturb_factor = 0.01 and min_count = 20, split #Gauss from 59000 to 62000
LOG (gmm-est[5.4.105~1-4fda]:main():gmm-est.cc:146) Written model to exp2/tri1/21.mdl
# Accounting: time=8 threads=1
# Ended (code 0) at Wed Oct 31 22:58:59 EDT 2018, elapsed time 8 seconds
