# gmm-est --mix-up=29000 --power=0.25 --write-occs=exp2/tri1/10.occs exp2/tri1/9.mdl "gmm-sum-accs - exp2/tri1/9.*.acc |" exp2/tri1/10.mdl 
# Started at Wed Oct 31 22:36:58 EDT 2018
#
gmm-est --mix-up=29000 --power=0.25 --write-occs=exp2/tri1/10.occs exp2/tri1/9.mdl 'gmm-sum-accs - exp2/tri1/9.*.acc |' exp2/tri1/10.mdl 
gmm-sum-accs - exp2/tri1/9.1.acc exp2/tri1/9.10.acc exp2/tri1/9.11.acc exp2/tri1/9.12.acc exp2/tri1/9.13.acc exp2/tri1/9.14.acc exp2/tri1/9.15.acc exp2/tri1/9.16.acc exp2/tri1/9.17.acc exp2/tri1/9.18.acc exp2/tri1/9.19.acc exp2/tri1/9.2.acc exp2/tri1/9.20.acc exp2/tri1/9.21.acc exp2/tri1/9.22.acc exp2/tri1/9.23.acc exp2/tri1/9.24.acc exp2/tri1/9.25.acc exp2/tri1/9.26.acc exp2/tri1/9.27.acc exp2/tri1/9.28.acc exp2/tri1/9.29.acc exp2/tri1/9.3.acc exp2/tri1/9.30.acc exp2/tri1/9.4.acc exp2/tri1/9.5.acc exp2/tri1/9.6.acc exp2/tri1/9.7.acc exp2/tri1/9.8.acc exp2/tri1/9.9.acc 
LOG (gmm-sum-accs[5.4.105~1-4fda]:main():gmm-sum-accs.cc:63) Summed 30 stats, total count 3.19461e+07, avg like/frame -98.0082
LOG (gmm-sum-accs[5.4.105~1-4fda]:main():gmm-sum-accs.cc:66) Total count of stats is 3.19462e+07
LOG (gmm-sum-accs[5.4.105~1-4fda]:main():gmm-sum-accs.cc:67) Written stats to -
LOG (gmm-est[5.4.105~1-4fda]:MleUpdate():transition-model.cc:517) TransitionModel::Update, objf change is -1.53778e-11 per frame over 3.19461e+07 frames. 
LOG (gmm-est[5.4.105~1-4fda]:MleUpdate():transition-model.cc:520) 39 probabilities floored, 6167 out of 13016 transition-states skipped due to insuffient data (it is normal to have some skipped.)
LOG (gmm-est[5.4.105~1-4fda]:main():gmm-est.cc:102) Transition model update: Overall -1.53778e-11 log-like improvement per frame over 3.19461e+07 frames.
WARNING (gmm-est[5.4.105~1-4fda]:MleDiagGmmUpdate():mle-diag-gmm.cc:365) Gaussian has too little data but not removing it because it is the last Gaussian: i = 0, occ = 0, weight = 1
WARNING (gmm-est[5.4.105~1-4fda]:MleDiagGmmUpdate():mle-diag-gmm.cc:365) Gaussian has too little data but not removing it because it is the last Gaussian: i = 0, occ = 0, weight = 1
LOG (gmm-est[5.4.105~1-4fda]:MleAmDiagGmmUpdate():mle-am-diag-gmm.cc:225) 0 variance elements floored in 0 Gaussians, out of 26000
LOG (gmm-est[5.4.105~1-4fda]:MleAmDiagGmmUpdate():mle-am-diag-gmm.cc:229) Removed 0 Gaussians due to counts < --min-gaussian-occupancy=10 and --remove-low-count-gaussians=true
LOG (gmm-est[5.4.105~1-4fda]:main():gmm-est.cc:113) GMM update: Overall 0.13845 objective function improvement per frame over 3.19461e+07 frames
LOG (gmm-est[5.4.105~1-4fda]:main():gmm-est.cc:116) GMM update: Overall avg like per frame = -98.0082 over 3.19461e+07 frames.
LOG (gmm-est[5.4.105~1-4fda]:SplitByCount():am-diag-gmm.cc:116) Split 3832 states with target = 29000, power = 0.25, perturb_factor = 0.01 and min_count = 20, split #Gauss from 26000 to 29000
LOG (gmm-est[5.4.105~1-4fda]:main():gmm-est.cc:146) Written model to exp2/tri1/10.mdl
# Accounting: time=4 threads=1
# Ended (code 0) at Wed Oct 31 22:37:02 EDT 2018, elapsed time 4 seconds
