# gmm-est --mix-up=41000 --power=0.25 --write-occs=exp2/tri1/14.occs exp2/tri1/13.mdl "gmm-sum-accs - exp2/tri1/13.*.acc |" exp2/tri1/14.mdl 
# Started at Wed Oct 31 22:46:00 EDT 2018
#
gmm-est --mix-up=41000 --power=0.25 --write-occs=exp2/tri1/14.occs exp2/tri1/13.mdl 'gmm-sum-accs - exp2/tri1/13.*.acc |' exp2/tri1/14.mdl 
gmm-sum-accs - exp2/tri1/13.1.acc exp2/tri1/13.10.acc exp2/tri1/13.11.acc exp2/tri1/13.12.acc exp2/tri1/13.13.acc exp2/tri1/13.14.acc exp2/tri1/13.15.acc exp2/tri1/13.16.acc exp2/tri1/13.17.acc exp2/tri1/13.18.acc exp2/tri1/13.19.acc exp2/tri1/13.2.acc exp2/tri1/13.20.acc exp2/tri1/13.21.acc exp2/tri1/13.22.acc exp2/tri1/13.23.acc exp2/tri1/13.24.acc exp2/tri1/13.25.acc exp2/tri1/13.26.acc exp2/tri1/13.27.acc exp2/tri1/13.28.acc exp2/tri1/13.29.acc exp2/tri1/13.3.acc exp2/tri1/13.30.acc exp2/tri1/13.4.acc exp2/tri1/13.5.acc exp2/tri1/13.6.acc exp2/tri1/13.7.acc exp2/tri1/13.8.acc exp2/tri1/13.9.acc 
LOG (gmm-sum-accs[5.4.105~1-4fda]:main():gmm-sum-accs.cc:63) Summed 30 stats, total count 3.19361e+07, avg like/frame -96.8668
LOG (gmm-sum-accs[5.4.105~1-4fda]:main():gmm-sum-accs.cc:66) Total count of stats is 3.19361e+07
LOG (gmm-sum-accs[5.4.105~1-4fda]:main():gmm-sum-accs.cc:67) Written stats to -
LOG (gmm-est[5.4.105~1-4fda]:MleUpdate():transition-model.cc:517) TransitionModel::Update, objf change is -1.17432e-11 per frame over 3.19361e+07 frames. 
LOG (gmm-est[5.4.105~1-4fda]:MleUpdate():transition-model.cc:520) 106 probabilities floored, 6195 out of 13016 transition-states skipped due to insuffient data (it is normal to have some skipped.)
LOG (gmm-est[5.4.105~1-4fda]:main():gmm-est.cc:102) Transition model update: Overall -1.17432e-11 log-like improvement per frame over 3.19361e+07 frames.
WARNING (gmm-est[5.4.105~1-4fda]:MleDiagGmmUpdate():mle-diag-gmm.cc:365) Gaussian has too little data but not removing it because it is the last Gaussian: i = 0, occ = 0, weight = 1
WARNING (gmm-est[5.4.105~1-4fda]:MleDiagGmmUpdate():mle-diag-gmm.cc:365) Gaussian has too little data but not removing it because it is the last Gaussian: i = 0, occ = 0, weight = 1
LOG (gmm-est[5.4.105~1-4fda]:MleAmDiagGmmUpdate():mle-am-diag-gmm.cc:225) 0 variance elements floored in 0 Gaussians, out of 38000
LOG (gmm-est[5.4.105~1-4fda]:MleAmDiagGmmUpdate():mle-am-diag-gmm.cc:229) Removed 0 Gaussians due to counts < --min-gaussian-occupancy=10 and --remove-low-count-gaussians=true
LOG (gmm-est[5.4.105~1-4fda]:main():gmm-est.cc:113) GMM update: Overall 0.0624062 objective function improvement per frame over 3.19361e+07 frames
LOG (gmm-est[5.4.105~1-4fda]:main():gmm-est.cc:116) GMM update: Overall avg like per frame = -96.8668 over 3.19361e+07 frames.
LOG (gmm-est[5.4.105~1-4fda]:SplitByCount():am-diag-gmm.cc:116) Split 3832 states with target = 41000, power = 0.25, perturb_factor = 0.01 and min_count = 20, split #Gauss from 38000 to 41000
LOG (gmm-est[5.4.105~1-4fda]:main():gmm-est.cc:146) Written model to exp2/tri1/14.mdl
# Accounting: time=5 threads=1
# Ended (code 0) at Wed Oct 31 22:46:05 EDT 2018, elapsed time 5 seconds
