# gmm-est --mix-up=80000 --power=0.25 --write-occs=exp2/tri1/28.occs exp2/tri1/27.mdl "gmm-sum-accs - exp2/tri1/27.*.acc |" exp2/tri1/28.mdl 
# Started at Wed Oct 31 23:05:41 EDT 2018
#
gmm-est --mix-up=80000 --power=0.25 --write-occs=exp2/tri1/28.occs exp2/tri1/27.mdl 'gmm-sum-accs - exp2/tri1/27.*.acc |' exp2/tri1/28.mdl 
gmm-sum-accs - exp2/tri1/27.1.acc exp2/tri1/27.10.acc exp2/tri1/27.11.acc exp2/tri1/27.12.acc exp2/tri1/27.13.acc exp2/tri1/27.14.acc exp2/tri1/27.15.acc exp2/tri1/27.16.acc exp2/tri1/27.17.acc exp2/tri1/27.18.acc exp2/tri1/27.19.acc exp2/tri1/27.2.acc exp2/tri1/27.20.acc exp2/tri1/27.21.acc exp2/tri1/27.22.acc exp2/tri1/27.23.acc exp2/tri1/27.24.acc exp2/tri1/27.25.acc exp2/tri1/27.26.acc exp2/tri1/27.27.acc exp2/tri1/27.28.acc exp2/tri1/27.29.acc exp2/tri1/27.3.acc exp2/tri1/27.30.acc exp2/tri1/27.4.acc exp2/tri1/27.5.acc exp2/tri1/27.6.acc exp2/tri1/27.7.acc exp2/tri1/27.8.acc exp2/tri1/27.9.acc 
LOG (gmm-sum-accs[5.4.105~1-4fda]:main():gmm-sum-accs.cc:63) Summed 30 stats, total count 3.19324e+07, avg like/frame -95.6226
LOG (gmm-sum-accs[5.4.105~1-4fda]:main():gmm-sum-accs.cc:66) Total count of stats is 3.19324e+07
LOG (gmm-sum-accs[5.4.105~1-4fda]:main():gmm-sum-accs.cc:67) Written stats to -
LOG (gmm-est[5.4.105~1-4fda]:MleUpdate():transition-model.cc:517) TransitionModel::Update, objf change is 0 per frame over 3.19325e+07 frames. 
LOG (gmm-est[5.4.105~1-4fda]:MleUpdate():transition-model.cc:520) 111 probabilities floored, 6192 out of 13016 transition-states skipped due to insuffient data (it is normal to have some skipped.)
LOG (gmm-est[5.4.105~1-4fda]:main():gmm-est.cc:102) Transition model update: Overall 0 log-like improvement per frame over 3.19325e+07 frames.
WARNING (gmm-est[5.4.105~1-4fda]:MleDiagGmmUpdate():mle-diag-gmm.cc:365) Gaussian has too little data but not removing it because it is the last Gaussian: i = 0, occ = 0, weight = 1
WARNING (gmm-est[5.4.105~1-4fda]:MleDiagGmmUpdate():mle-diag-gmm.cc:365) Gaussian has too little data but not removing it because it is the last Gaussian: i = 0, occ = 0, weight = 1
LOG (gmm-est[5.4.105~1-4fda]:MleAmDiagGmmUpdate():mle-am-diag-gmm.cc:225) 1 variance elements floored in 1 Gaussians, out of 80000
LOG (gmm-est[5.4.105~1-4fda]:MleAmDiagGmmUpdate():mle-am-diag-gmm.cc:229) Removed 0 Gaussians due to counts < --min-gaussian-occupancy=10 and --remove-low-count-gaussians=true
LOG (gmm-est[5.4.105~1-4fda]:main():gmm-est.cc:113) GMM update: Overall 0.0240007 objective function improvement per frame over 3.19324e+07 frames
LOG (gmm-est[5.4.105~1-4fda]:main():gmm-est.cc:116) GMM update: Overall avg like per frame = -95.6226 over 3.19324e+07 frames.
LOG (gmm-est[5.4.105~1-4fda]:SplitByCount():am-diag-gmm.cc:116) Split 3832 states with target = 80000, power = 0.25, perturb_factor = 0.01 and min_count = 20, split #Gauss from 80000 to 80000
LOG (gmm-est[5.4.105~1-4fda]:main():gmm-est.cc:146) Written model to exp2/tri1/28.mdl
# Accounting: time=8 threads=1
# Ended (code 0) at Wed Oct 31 23:05:50 EDT 2018, elapsed time 8 seconds
