# compute-mfcc-feats --verbose=2 --config=conf/mfcc.conf scp,p:data/psGerman/all/log/wav_all.1.scp ark:- | copy-feats --compress=true ark:- ark,scp:/home/mxq486/kaldi-trunk/egs/ami/s5/data/psGerman/all/data/raw_mfcc_all.1.ark,/home/mxq486/kaldi-trunk/egs/ami/s5/data/psGerman/all/data/raw_mfcc_all.1.scp 
# Started at Tue Nov 29 15:46:01 GMT 2016
#
copy-feats --compress=true ark:- ark,scp:/home/mxq486/kaldi-trunk/egs/ami/s5/data/psGerman/all/data/raw_mfcc_all.1.ark,/home/mxq486/kaldi-trunk/egs/ami/s5/data/psGerman/all/data/raw_mfcc_all.1.scp 
compute-mfcc-feats --verbose=2 --config=conf/mfcc.conf scp,p:data/psGerman/all/log/wav_all.1.scp ark:- 
VLOG[2] (compute-mfcc-feats:main():compute-mfcc-feats.cc:178) Processed features for key m002T113
VLOG[2] (compute-mfcc-feats:main():compute-mfcc-feats.cc:178) Processed features for key m002T114
VLOG[2] (compute-mfcc-feats:main():compute-mfcc-feats.cc:178) Processed features for key m002T115
VLOG[2] (compute-mfcc-feats:main():compute-mfcc-feats.cc:178) Processed features for key m005T110
VLOG[2] (compute-mfcc-feats:main():compute-mfcc-feats.cc:178) Processed features for key m005T111
VLOG[2] (compute-mfcc-feats:main():compute-mfcc-feats.cc:178) Processed features for key m005T112
VLOG[2] (compute-mfcc-feats:main():compute-mfcc-feats.cc:178) Processed features for key m007T116
VLOG[2] (compute-mfcc-feats:main():compute-mfcc-feats.cc:178) Processed features for key m007T117
VLOG[2] (compute-mfcc-feats:main():compute-mfcc-feats.cc:178) Processed features for key m007T118
LOG (compute-mfcc-feats:main():compute-mfcc-feats.cc:177) Processed 10 utterances
VLOG[2] (compute-mfcc-feats:main():compute-mfcc-feats.cc:178) Processed features for key m008T107
VLOG[2] (compute-mfcc-feats:main():compute-mfcc-feats.cc:178) Processed features for key m008T109
VLOG[2] (compute-mfcc-feats:main():compute-mfcc-feats.cc:178) Processed features for key m009T145
VLOG[2] (compute-mfcc-feats:main():compute-mfcc-feats.cc:178) Processed features for key m009T146
VLOG[2] (compute-mfcc-feats:main():compute-mfcc-feats.cc:178) Processed features for key m011T122
VLOG[2] (compute-mfcc-feats:main():compute-mfcc-feats.cc:178) Processed features for key m011T123
VLOG[2] (compute-mfcc-feats:main():compute-mfcc-feats.cc:178) Processed features for key m011T124
VLOG[2] (compute-mfcc-feats:main():compute-mfcc-feats.cc:178) Processed features for key m013T110
VLOG[2] (compute-mfcc-feats:main():compute-mfcc-feats.cc:178) Processed features for key m013T111
VLOG[2] (compute-mfcc-feats:main():compute-mfcc-feats.cc:178) Processed features for key m013T112
LOG (compute-mfcc-feats:main():compute-mfcc-feats.cc:177) Processed 20 utterances
VLOG[2] (compute-mfcc-feats:main():compute-mfcc-feats.cc:178) Processed features for key m013T113
VLOG[2] (compute-mfcc-feats:main():compute-mfcc-feats.cc:178) Processed features for key m013T114
VLOG[2] (compute-mfcc-feats:main():compute-mfcc-feats.cc:178) Processed features for key m013T115
VLOG[2] (compute-mfcc-feats:main():compute-mfcc-feats.cc:178) Processed features for key m019T110
VLOG[2] (compute-mfcc-feats:main():compute-mfcc-feats.cc:178) Processed features for key m019T111
VLOG[2] (compute-mfcc-feats:main():compute-mfcc-feats.cc:178) Processed features for key m019T112
VLOG[2] (compute-mfcc-feats:main():compute-mfcc-feats.cc:178) Processed features for key m021T119
VLOG[2] (compute-mfcc-feats:main():compute-mfcc-feats.cc:178) Processed features for key m021T120
VLOG[2] (compute-mfcc-feats:main():compute-mfcc-feats.cc:178) Processed features for key m021T121
VLOG[2] (compute-mfcc-feats:main():compute-mfcc-feats.cc:178) Processed features for key m023T107
LOG (compute-mfcc-feats:main():compute-mfcc-feats.cc:177) Processed 30 utterances
VLOG[2] (compute-mfcc-feats:main():compute-mfcc-feats.cc:178) Processed features for key m023T108
VLOG[2] (compute-mfcc-feats:main():compute-mfcc-feats.cc:178) Processed features for key m023T109
VLOG[2] (compute-mfcc-feats:main():compute-mfcc-feats.cc:178) Processed features for key m025T116
VLOG[2] (compute-mfcc-feats:main():compute-mfcc-feats.cc:178) Processed features for key m025T117
VLOG[2] (compute-mfcc-feats:main():compute-mfcc-feats.cc:178) Processed features for key m025T118
VLOG[2] (compute-mfcc-feats:main():compute-mfcc-feats.cc:178) Processed features for key m025T119
VLOG[2] (compute-mfcc-feats:main():compute-mfcc-feats.cc:178) Processed features for key m025T120
VLOG[2] (compute-mfcc-feats:main():compute-mfcc-feats.cc:178) Processed features for key m025T121
VLOG[2] (compute-mfcc-feats:main():compute-mfcc-feats.cc:178) Processed features for key m027T145
VLOG[2] (compute-mfcc-feats:main():compute-mfcc-feats.cc:178) Processed features for key m027T146
LOG (compute-mfcc-feats:main():compute-mfcc-feats.cc:177) Processed 40 utterances
VLOG[2] (compute-mfcc-feats:main():compute-mfcc-feats.cc:178) Processed features for key m029T113
VLOG[2] (compute-mfcc-feats:main():compute-mfcc-feats.cc:178) Processed features for key m029T114
VLOG[2] (compute-mfcc-feats:main():compute-mfcc-feats.cc:178) Processed features for key m029T115
VLOG[2] (compute-mfcc-feats:main():compute-mfcc-feats.cc:178) Processed features for key m030T145
VLOG[2] (compute-mfcc-feats:main():compute-mfcc-feats.cc:178) Processed features for key m030T146
VLOG[2] (compute-mfcc-feats:main():compute-mfcc-feats.cc:178) Processed features for key m031T116
VLOG[2] (compute-mfcc-feats:main():compute-mfcc-feats.cc:178) Processed features for key m031T117
VLOG[2] (compute-mfcc-feats:main():compute-mfcc-feats.cc:178) Processed features for key m031T118
VLOG[2] (compute-mfcc-feats:main():compute-mfcc-feats.cc:178) Processed features for key m101T137
VLOG[2] (compute-mfcc-feats:main():compute-mfcc-feats.cc:178) Processed features for key m101T138
LOG (compute-mfcc-feats:main():compute-mfcc-feats.cc:177) Processed 50 utterances
VLOG[2] (compute-mfcc-feats:main():compute-mfcc-feats.cc:178) Processed features for key m101T139
VLOG[2] (compute-mfcc-feats:main():compute-mfcc-feats.cc:178) Processed features for key m101T140
VLOG[2] (compute-mfcc-feats:main():compute-mfcc-feats.cc:178) Processed features for key m101T141
VLOG[2] (compute-mfcc-feats:main():compute-mfcc-feats.cc:178) Processed features for key m101T142
VLOG[2] (compute-mfcc-feats:main():compute-mfcc-feats.cc:178) Processed features for key m101T143
VLOG[2] (compute-mfcc-feats:main():compute-mfcc-feats.cc:178) Processed features for key m101T144
VLOG[2] (compute-mfcc-feats:main():compute-mfcc-feats.cc:178) Processed features for key m102T137
VLOG[2] (compute-mfcc-feats:main():compute-mfcc-feats.cc:178) Processed features for key m102T138
VLOG[2] (compute-mfcc-feats:main():compute-mfcc-feats.cc:178) Processed features for key m102T139
VLOG[2] (compute-mfcc-feats:main():compute-mfcc-feats.cc:178) Processed features for key m102T140
LOG (compute-mfcc-feats:main():compute-mfcc-feats.cc:177) Processed 60 utterances
VLOG[2] (compute-mfcc-feats:main():compute-mfcc-feats.cc:178) Processed features for key m102T141
VLOG[2] (compute-mfcc-feats:main():compute-mfcc-feats.cc:178) Processed features for key m102T142
VLOG[2] (compute-mfcc-feats:main():compute-mfcc-feats.cc:178) Processed features for key m102T143
VLOG[2] (compute-mfcc-feats:main():compute-mfcc-feats.cc:178) Processed features for key m102T144
VLOG[2] (compute-mfcc-feats:main():compute-mfcc-feats.cc:178) Processed features for key m103T137
VLOG[2] (compute-mfcc-feats:main():compute-mfcc-feats.cc:178) Processed features for key m103T138
VLOG[2] (compute-mfcc-feats:main():compute-mfcc-feats.cc:178) Processed features for key m103T139
VLOG[2] (compute-mfcc-feats:main():compute-mfcc-feats.cc:178) Processed features for key m103T140
VLOG[2] (compute-mfcc-feats:main():compute-mfcc-feats.cc:178) Processed features for key m103T141
VLOG[2] (compute-mfcc-feats:main():compute-mfcc-feats.cc:178) Processed features for key m103T142
LOG (compute-mfcc-feats:main():compute-mfcc-feats.cc:177) Processed 70 utterances
VLOG[2] (compute-mfcc-feats:main():compute-mfcc-feats.cc:178) Processed features for key m103T143
VLOG[2] (compute-mfcc-feats:main():compute-mfcc-feats.cc:178) Processed features for key m103T144
VLOG[2] (compute-mfcc-feats:main():compute-mfcc-feats.cc:178) Processed features for key m103T145
VLOG[2] (compute-mfcc-feats:main():compute-mfcc-feats.cc:178) Processed features for key m103T146
VLOG[2] (compute-mfcc-feats:main():compute-mfcc-feats.cc:178) Processed features for key m204T037
VLOG[2] (compute-mfcc-feats:main():compute-mfcc-feats.cc:178) Processed features for key m210T041
VLOG[2] (compute-mfcc-feats:main():compute-mfcc-feats.cc:178) Processed features for key m210T042
VLOG[2] (compute-mfcc-feats:main():compute-mfcc-feats.cc:178) Processed features for key m210T043
VLOG[2] (compute-mfcc-feats:main():compute-mfcc-feats.cc:178) Processed features for key m210T044
VLOG[2] (compute-mfcc-feats:main():compute-mfcc-feats.cc:178) Processed features for key m210T045
LOG (compute-mfcc-feats:main():compute-mfcc-feats.cc:177) Processed 80 utterances
VLOG[2] (compute-mfcc-feats:main():compute-mfcc-feats.cc:178) Processed features for key m210T046
VLOG[2] (compute-mfcc-feats:main():compute-mfcc-feats.cc:178) Processed features for key m211T041
VLOG[2] (compute-mfcc-feats:main():compute-mfcc-feats.cc:178) Processed features for key m211T042
VLOG[2] (compute-mfcc-feats:main():compute-mfcc-feats.cc:178) Processed features for key m211T043
VLOG[2] (compute-mfcc-feats:main():compute-mfcc-feats.cc:178) Processed features for key m211T044
VLOG[2] (compute-mfcc-feats:main():compute-mfcc-feats.cc:178) Processed features for key m211T045
VLOG[2] (compute-mfcc-feats:main():compute-mfcc-feats.cc:178) Processed features for key m211T046
VLOG[2] (compute-mfcc-feats:main():compute-mfcc-feats.cc:178) Processed features for key m211T051
VLOG[2] (compute-mfcc-feats:main():compute-mfcc-feats.cc:178) Processed features for key m217T033
VLOG[2] (compute-mfcc-feats:main():compute-mfcc-feats.cc:178) Processed features for key m217T041
LOG (compute-mfcc-feats:main():compute-mfcc-feats.cc:177) Processed 90 utterances
VLOG[2] (compute-mfcc-feats:main():compute-mfcc-feats.cc:178) Processed features for key m217T042
VLOG[2] (compute-mfcc-feats:main():compute-mfcc-feats.cc:178) Processed features for key m217T043
VLOG[2] (compute-mfcc-feats:main():compute-mfcc-feats.cc:178) Processed features for key m217T044
VLOG[2] (compute-mfcc-feats:main():compute-mfcc-feats.cc:178) Processed features for key m217T045
VLOG[2] (compute-mfcc-feats:main():compute-mfcc-feats.cc:178) Processed features for key m217T046
VLOG[2] (compute-mfcc-feats:main():compute-mfcc-feats.cc:178) Processed features for key m218T034
VLOG[2] (compute-mfcc-feats:main():compute-mfcc-feats.cc:178) Processed features for key m218T041
VLOG[2] (compute-mfcc-feats:main():compute-mfcc-feats.cc:178) Processed features for key m218T042
VLOG[2] (compute-mfcc-feats:main():compute-mfcc-feats.cc:178) Processed features for key m218T043
VLOG[2] (compute-mfcc-feats:main():compute-mfcc-feats.cc:178) Processed features for key m218T044
LOG (compute-mfcc-feats:main():compute-mfcc-feats.cc:177) Processed 100 utterances
VLOG[2] (compute-mfcc-feats:main():compute-mfcc-feats.cc:178) Processed features for key m218T045
VLOG[2] (compute-mfcc-feats:main():compute-mfcc-feats.cc:178) Processed features for key m218T046
VLOG[2] (compute-mfcc-feats:main():compute-mfcc-feats.cc:178) Processed features for key m219T041
VLOG[2] (compute-mfcc-feats:main():compute-mfcc-feats.cc:178) Processed features for key m219T042
VLOG[2] (compute-mfcc-feats:main():compute-mfcc-feats.cc:178) Processed features for key m220T038
VLOG[2] (compute-mfcc-feats:main():compute-mfcc-feats.cc:178) Processed features for key m220T041
VLOG[2] (compute-mfcc-feats:main():compute-mfcc-feats.cc:178) Processed features for key m220T042
VLOG[2] (compute-mfcc-feats:main():compute-mfcc-feats.cc:178) Processed features for key m220T043
VLOG[2] (compute-mfcc-feats:main():compute-mfcc-feats.cc:178) Processed features for key m220T044
VLOG[2] (compute-mfcc-feats:main():compute-mfcc-feats.cc:178) Processed features for key m220T045
LOG (compute-mfcc-feats:main():compute-mfcc-feats.cc:177) Processed 110 utterances
VLOG[2] (compute-mfcc-feats:main():compute-mfcc-feats.cc:178) Processed features for key m220T046
VLOG[2] (compute-mfcc-feats:main():compute-mfcc-feats.cc:178) Processed features for key m221T041
VLOG[2] (compute-mfcc-feats:main():compute-mfcc-feats.cc:178) Processed features for key m221T042
VLOG[2] (compute-mfcc-feats:main():compute-mfcc-feats.cc:178) Processed features for key m221T043
VLOG[2] (compute-mfcc-feats:main():compute-mfcc-feats.cc:178) Processed features for key m221T044
VLOG[2] (compute-mfcc-feats:main():compute-mfcc-feats.cc:178) Processed features for key m221T045
VLOG[2] (compute-mfcc-feats:main():compute-mfcc-feats.cc:178) Processed features for key m221T046
VLOG[2] (compute-mfcc-feats:main():compute-mfcc-feats.cc:178) Processed features for key w001T145
VLOG[2] (compute-mfcc-feats:main():compute-mfcc-feats.cc:178) Processed features for key w001T146
VLOG[2] (compute-mfcc-feats:main():compute-mfcc-feats.cc:178) Processed features for key w003T145
LOG (compute-mfcc-feats:main():compute-mfcc-feats.cc:177) Processed 120 utterances
VLOG[2] (compute-mfcc-feats:main():compute-mfcc-feats.cc:178) Processed features for key w003T146
VLOG[2] (compute-mfcc-feats:main():compute-mfcc-feats.cc:178) Processed features for key w004T124
VLOG[2] (compute-mfcc-feats:main():compute-mfcc-feats.cc:178) Processed features for key w004T125
VLOG[2] (compute-mfcc-feats:main():compute-mfcc-feats.cc:178) Processed features for key w004T126
VLOG[2] (compute-mfcc-feats:main():compute-mfcc-feats.cc:178) Processed features for key w006T107
VLOG[2] (compute-mfcc-feats:main():compute-mfcc-feats.cc:178) Processed features for key w006T108
VLOG[2] (compute-mfcc-feats:main():compute-mfcc-feats.cc:178) Processed features for key w006T109
VLOG[2] (compute-mfcc-feats:main():compute-mfcc-feats.cc:178) Processed features for key w006T119
VLOG[2] (compute-mfcc-feats:main():compute-mfcc-feats.cc:178) Processed features for key w006T120
VLOG[2] (compute-mfcc-feats:main():compute-mfcc-feats.cc:178) Processed features for key w006T121
LOG (compute-mfcc-feats:main():compute-mfcc-feats.cc:177) Processed 130 utterances
VLOG[2] (compute-mfcc-feats:main():compute-mfcc-feats.cc:178) Processed features for key w010T145
VLOG[2] (compute-mfcc-feats:main():compute-mfcc-feats.cc:178) Processed features for key w010T146
VLOG[2] (compute-mfcc-feats:main():compute-mfcc-feats.cc:178) Processed features for key w014T145
VLOG[2] (compute-mfcc-feats:main():compute-mfcc-feats.cc:178) Processed features for key w014T146
VLOG[2] (compute-mfcc-feats:main():compute-mfcc-feats.cc:178) Processed features for key w016T107
VLOG[2] (compute-mfcc-feats:main():compute-mfcc-feats.cc:178) Processed features for key w016T108
VLOG[2] (compute-mfcc-feats:main():compute-mfcc-feats.cc:178) Processed features for key w016T109
VLOG[2] (compute-mfcc-feats:main():compute-mfcc-feats.cc:178) Processed features for key w018T111
VLOG[2] (compute-mfcc-feats:main():compute-mfcc-feats.cc:178) Processed features for key w018T112
VLOG[2] (compute-mfcc-feats:main():compute-mfcc-feats.cc:178) Processed features for key w018T113
LOG (compute-mfcc-feats:main():compute-mfcc-feats.cc:177) Processed 140 utterances
VLOG[2] (compute-mfcc-feats:main():compute-mfcc-feats.cc:178) Processed features for key w018T114
VLOG[2] (compute-mfcc-feats:main():compute-mfcc-feats.cc:178) Processed features for key w018T115
VLOG[2] (compute-mfcc-feats:main():compute-mfcc-feats.cc:178) Processed features for key w018T116
VLOG[2] (compute-mfcc-feats:main():compute-mfcc-feats.cc:178) Processed features for key w020T107
VLOG[2] (compute-mfcc-feats:main():compute-mfcc-feats.cc:178) Processed features for key w020T108
VLOG[2] (compute-mfcc-feats:main():compute-mfcc-feats.cc:178) Processed features for key w020T109
VLOG[2] (compute-mfcc-feats:main():compute-mfcc-feats.cc:178) Processed features for key w020T110
VLOG[2] (compute-mfcc-feats:main():compute-mfcc-feats.cc:178) Processed features for key w022T107
VLOG[2] (compute-mfcc-feats:main():compute-mfcc-feats.cc:178) Processed features for key w022T117
VLOG[2] (compute-mfcc-feats:main():compute-mfcc-feats.cc:178) Processed features for key w022T118
LOG (compute-mfcc-feats:main():compute-mfcc-feats.cc:177) Processed 150 utterances
VLOG[2] (compute-mfcc-feats:main():compute-mfcc-feats.cc:178) Processed features for key w022T119
VLOG[2] (compute-mfcc-feats:main():compute-mfcc-feats.cc:178) Processed features for key w022T120
VLOG[2] (compute-mfcc-feats:main():compute-mfcc-feats.cc:178) Processed features for key w022T121
VLOG[2] (compute-mfcc-feats:main():compute-mfcc-feats.cc:178) Processed features for key w024T110
VLOG[2] (compute-mfcc-feats:main():compute-mfcc-feats.cc:178) Processed features for key w024T111
VLOG[2] (compute-mfcc-feats:main():compute-mfcc-feats.cc:178) Processed features for key w024T112
VLOG[2] (compute-mfcc-feats:main():compute-mfcc-feats.cc:178) Processed features for key w024T113
VLOG[2] (compute-mfcc-feats:main():compute-mfcc-feats.cc:178) Processed features for key w024T114
VLOG[2] (compute-mfcc-feats:main():compute-mfcc-feats.cc:178) Processed features for key w024T115
VLOG[2] (compute-mfcc-feats:main():compute-mfcc-feats.cc:178) Processed features for key w028T145
LOG (compute-mfcc-feats:main():compute-mfcc-feats.cc:177) Processed 160 utterances
VLOG[2] (compute-mfcc-feats:main():compute-mfcc-feats.cc:178) Processed features for key w028T146
VLOG[2] (compute-mfcc-feats:main():compute-mfcc-feats.cc:178) Processed features for key w032T116
VLOG[2] (compute-mfcc-feats:main():compute-mfcc-feats.cc:178) Processed features for key w032T117
VLOG[2] (compute-mfcc-feats:main():compute-mfcc-feats.cc:178) Processed features for key w032T118
VLOG[2] (compute-mfcc-feats:main():compute-mfcc-feats.cc:178) Processed features for key w032T119
VLOG[2] (compute-mfcc-feats:main():compute-mfcc-feats.cc:178) Processed features for key w032T120
VLOG[2] (compute-mfcc-feats:main():compute-mfcc-feats.cc:178) Processed features for key w032T121
VLOG[2] (compute-mfcc-feats:main():compute-mfcc-feats.cc:178) Processed features for key w104T137
VLOG[2] (compute-mfcc-feats:main():compute-mfcc-feats.cc:178) Processed features for key w104T138
VLOG[2] (compute-mfcc-feats:main():compute-mfcc-feats.cc:178) Processed features for key w104T139
LOG (compute-mfcc-feats:main():compute-mfcc-feats.cc:177) Processed 170 utterances
VLOG[2] (compute-mfcc-feats:main():compute-mfcc-feats.cc:178) Processed features for key w104T140
VLOG[2] (compute-mfcc-feats:main():compute-mfcc-feats.cc:178) Processed features for key w104T141
VLOG[2] (compute-mfcc-feats:main():compute-mfcc-feats.cc:178) Processed features for key w104T142
VLOG[2] (compute-mfcc-feats:main():compute-mfcc-feats.cc:178) Processed features for key w104T143
VLOG[2] (compute-mfcc-feats:main():compute-mfcc-feats.cc:178) Processed features for key w104T144
VLOG[2] (compute-mfcc-feats:main():compute-mfcc-feats.cc:178) Processed features for key w201T039
VLOG[2] (compute-mfcc-feats:main():compute-mfcc-feats.cc:178) Processed features for key w202T040
VLOG[2] (compute-mfcc-feats:main():compute-mfcc-feats.cc:178) Processed features for key w202T041
VLOG[2] (compute-mfcc-feats:main():compute-mfcc-feats.cc:178) Processed features for key w203T037
VLOG[2] (compute-mfcc-feats:main():compute-mfcc-feats.cc:178) Processed features for key w203T038
LOG (compute-mfcc-feats:main():compute-mfcc-feats.cc:177) Processed 180 utterances
VLOG[2] (compute-mfcc-feats:main():compute-mfcc-feats.cc:178) Processed features for key w205T035
VLOG[2] (compute-mfcc-feats:main():compute-mfcc-feats.cc:178) Processed features for key w206T036
VLOG[2] (compute-mfcc-feats:main():compute-mfcc-feats.cc:178) Processed features for key w207T040
VLOG[2] (compute-mfcc-feats:main():compute-mfcc-feats.cc:178) Processed features for key w207T047
VLOG[2] (compute-mfcc-feats:main():compute-mfcc-feats.cc:178) Processed features for key w208T043
VLOG[2] (compute-mfcc-feats:main():compute-mfcc-feats.cc:178) Processed features for key w208T050
VLOG[2] (compute-mfcc-feats:main():compute-mfcc-feats.cc:178) Processed features for key w209T041
VLOG[2] (compute-mfcc-feats:main():compute-mfcc-feats.cc:178) Processed features for key w209T052
VLOG[2] (compute-mfcc-feats:main():compute-mfcc-feats.cc:178) Processed features for key w212T041
VLOG[2] (compute-mfcc-feats:main():compute-mfcc-feats.cc:178) Processed features for key w212T042
LOG (compute-mfcc-feats:main():compute-mfcc-feats.cc:177) Processed 190 utterances
VLOG[2] (compute-mfcc-feats:main():compute-mfcc-feats.cc:178) Processed features for key w212T043
VLOG[2] (compute-mfcc-feats:main():compute-mfcc-feats.cc:178) Processed features for key w212T044
VLOG[2] (compute-mfcc-feats:main():compute-mfcc-feats.cc:178) Processed features for key w212T045
VLOG[2] (compute-mfcc-feats:main():compute-mfcc-feats.cc:178) Processed features for key w212T046
VLOG[2] (compute-mfcc-feats:main():compute-mfcc-feats.cc:178) Processed features for key w213T041
VLOG[2] (compute-mfcc-feats:main():compute-mfcc-feats.cc:178) Processed features for key w213T042
VLOG[2] (compute-mfcc-feats:main():compute-mfcc-feats.cc:178) Processed features for key w213T043
VLOG[2] (compute-mfcc-feats:main():compute-mfcc-feats.cc:178) Processed features for key w213T044
VLOG[2] (compute-mfcc-feats:main():compute-mfcc-feats.cc:178) Processed features for key w213T045
VLOG[2] (compute-mfcc-feats:main():compute-mfcc-feats.cc:178) Processed features for key w213T046
LOG (compute-mfcc-feats:main():compute-mfcc-feats.cc:177) Processed 200 utterances
VLOG[2] (compute-mfcc-feats:main():compute-mfcc-feats.cc:178) Processed features for key w213T047
VLOG[2] (compute-mfcc-feats:main():compute-mfcc-feats.cc:178) Processed features for key w214T048
VLOG[2] (compute-mfcc-feats:main():compute-mfcc-feats.cc:178) Processed features for key w215T038
VLOG[2] (compute-mfcc-feats:main():compute-mfcc-feats.cc:178) Processed features for key w216T035
VLOG[2] (compute-mfcc-feats:main():compute-mfcc-feats.cc:178) Processed features for key w216T036
VLOG[2] (compute-mfcc-feats:main():compute-mfcc-feats.cc:178) Processed features for key w222T041
VLOG[2] (compute-mfcc-feats:main():compute-mfcc-feats.cc:178) Processed features for key w222T042
VLOG[2] (compute-mfcc-feats:main():compute-mfcc-feats.cc:178) Processed features for key w222T043
VLOG[2] (compute-mfcc-feats:main():compute-mfcc-feats.cc:178) Processed features for key w222T044
VLOG[2] (compute-mfcc-feats:main():compute-mfcc-feats.cc:178) Processed features for key w222T045
LOG (compute-mfcc-feats:main():compute-mfcc-feats.cc:177) Processed 210 utterances
VLOG[2] (compute-mfcc-feats:main():compute-mfcc-feats.cc:178) Processed features for key w222T046
VLOG[2] (compute-mfcc-feats:main():compute-mfcc-feats.cc:178) Processed features for key w222T051
VLOG[2] (compute-mfcc-feats:main():compute-mfcc-feats.cc:178) Processed features for key w223T041
VLOG[2] (compute-mfcc-feats:main():compute-mfcc-feats.cc:178) Processed features for key w223T042
VLOG[2] (compute-mfcc-feats:main():compute-mfcc-feats.cc:178) Processed features for key w223T043
VLOG[2] (compute-mfcc-feats:main():compute-mfcc-feats.cc:178) Processed features for key w223T044
VLOG[2] (compute-mfcc-feats:main():compute-mfcc-feats.cc:178) Processed features for key w223T045
VLOG[2] (compute-mfcc-feats:main():compute-mfcc-feats.cc:178) Processed features for key w223T046
VLOG[2] (compute-mfcc-feats:main():compute-mfcc-feats.cc:178) Processed features for key w224T041
VLOG[2] (compute-mfcc-feats:main():compute-mfcc-feats.cc:178) Processed features for key w224T042
LOG (compute-mfcc-feats:main():compute-mfcc-feats.cc:177) Processed 220 utterances
VLOG[2] (compute-mfcc-feats:main():compute-mfcc-feats.cc:178) Processed features for key w224T043
VLOG[2] (compute-mfcc-feats:main():compute-mfcc-feats.cc:178) Processed features for key w224T044
VLOG[2] (compute-mfcc-feats:main():compute-mfcc-feats.cc:178) Processed features for key w224T045
VLOG[2] (compute-mfcc-feats:main():compute-mfcc-feats.cc:178) Processed features for key w224T046
VLOG[2] (compute-mfcc-feats:main():compute-mfcc-feats.cc:178) Processed features for key w225T041
VLOG[2] (compute-mfcc-feats:main():compute-mfcc-feats.cc:178) Processed features for key w225T042
VLOG[2] (compute-mfcc-feats:main():compute-mfcc-feats.cc:178) Processed features for key w225T043
VLOG[2] (compute-mfcc-feats:main():compute-mfcc-feats.cc:178) Processed features for key w225T044
VLOG[2] (compute-mfcc-feats:main():compute-mfcc-feats.cc:178) Processed features for key w225T045
VLOG[2] (compute-mfcc-feats:main():compute-mfcc-feats.cc:178) Processed features for key w225T046
LOG (compute-mfcc-feats:main():compute-mfcc-feats.cc:181)  Done 229 out of 229 utterances.
LOG (copy-feats:main():copy-feats.cc:100) Copied 229 feature matrices.
# Accounting: time=45 threads=1
# Ended (code 0) at Tue Nov 29 15:46:46 GMT 2016, elapsed time 45 seconds
