# gmm-acc-stats-ali exp2/tri3a/13.mdl "ark,s,cs:apply-cmvn  --utt2spk=ark:data/st_ihm_all/train/split30/6/utt2spk scp:data/st_ihm_all/train/split30/6/cmvn.scp scp:data/st_ihm_all/train/split30/6/feats.scp ark:- | splice-feats --left-context=3 --right-context=3 ark:- ark:- | transform-feats exp2/tri3a/12.mat ark:- ark:- |" "ark,s,cs:gunzip -c exp2/tri3a/ali.6.gz|" exp2/tri3a/13.6.acc 
# Started at Thu Nov  1 00:55:27 EDT 2018
#
gmm-acc-stats-ali exp2/tri3a/13.mdl 'ark,s,cs:apply-cmvn  --utt2spk=ark:data/st_ihm_all/train/split30/6/utt2spk scp:data/st_ihm_all/train/split30/6/cmvn.scp scp:data/st_ihm_all/train/split30/6/feats.scp ark:- | splice-feats --left-context=3 --right-context=3 ark:- ark:- | transform-feats exp2/tri3a/12.mat ark:- ark:- |' 'ark,s,cs:gunzip -c exp2/tri3a/ali.6.gz|' exp2/tri3a/13.6.acc 
apply-cmvn --utt2spk=ark:data/st_ihm_all/train/split30/6/utt2spk scp:data/st_ihm_all/train/split30/6/cmvn.scp scp:data/st_ihm_all/train/split30/6/feats.scp ark:- 
transform-feats exp2/tri3a/12.mat ark:- ark:- 
splice-feats --left-context=3 --right-context=3 ark:- ark:- 
LOG (gmm-acc-stats-ali[5.4.105~1-4fda]:main():gmm-acc-stats-ali.cc:105) Processed 50 utterances; for utterance AMI_EN2004a_H02_FEO079_0101744_0101773 avg. like is -39.9107 over 27 frames.
LOG (gmm-acc-stats-ali[5.4.105~1-4fda]:main():gmm-acc-stats-ali.cc:105) Processed 100 utterances; for utterance AMI_EN2004a_H02_FEO079_0145278_0145407 avg. like is -55.2803 over 127 frames.
LOG (gmm-acc-stats-ali[5.4.105~1-4fda]:main():gmm-acc-stats-ali.cc:105) Processed 150 utterances; for utterance AMI_EN2004a_H02_FEO079_0184334_0184622 avg. like is -49.0225 over 286 frames.
LOG (gmm-acc-stats-ali[5.4.105~1-4fda]:main():gmm-acc-stats-ali.cc:105) Processed 200 utterances; for utterance AMI_EN2004a_H02_FEO079_0237180_0237248 avg. like is -47.418 over 66 frames.
LOG (gmm-acc-stats-ali[5.4.105~1-4fda]:main():gmm-acc-stats-ali.cc:105) Processed 250 utterances; for utterance AMI_EN2004a_H02_FEO079_0298975_0299009 avg. like is -57.5702 over 32 frames.
LOG (gmm-acc-stats-ali[5.4.105~1-4fda]:main():gmm-acc-stats-ali.cc:105) Processed 300 utterances; for utterance AMI_EN2004a_H03_FEE081_0050058_0050088 avg. like is -38.5014 over 28 frames.
LOG (gmm-acc-stats-ali[5.4.105~1-4fda]:main():gmm-acc-stats-ali.cc:105) Processed 350 utterances; for utterance AMI_EN2004a_H03_FEE081_0192313_0192711 avg. like is -58.8642 over 396 frames.
LOG (gmm-acc-stats-ali[5.4.105~1-4fda]:main():gmm-acc-stats-ali.cc:105) Processed 400 utterances; for utterance AMI_EN2004a_H03_FEE081_0246927_0246959 avg. like is -49.322 over 30 frames.
LOG (gmm-acc-stats-ali[5.4.105~1-4fda]:main():gmm-acc-stats-ali.cc:105) Processed 450 utterances; for utterance AMI_EN2004a_H03_FEE081_0331823_0331926 avg. like is -49.1218 over 101 frames.
WARNING (gmm-acc-stats-ali[5.4.105~1-4fda]:main():gmm-acc-stats-ali.cc:79) No alignment for utterance AMI_EN2005a_H00_MEO082_0040876_0042313
LOG (gmm-acc-stats-ali[5.4.105~1-4fda]:main():gmm-acc-stats-ali.cc:105) Processed 500 utterances; for utterance AMI_EN2005a_H00_MEO082_0042313_0043884 avg. like is -54.6128 over 1569 frames.
LOG (gmm-acc-stats-ali[5.4.105~1-4fda]:main():gmm-acc-stats-ali.cc:105) Processed 550 utterances; for utterance AMI_EN2005a_H00_MEO082_0070076_0070658 avg. like is -51.532 over 580 frames.
LOG (gmm-acc-stats-ali[5.4.105~1-4fda]:main():gmm-acc-stats-ali.cc:105) Processed 600 utterances; for utterance AMI_EN2005a_H00_MEO082_0147420_0147451 avg. like is -39.7606 over 29 frames.
LOG (gmm-acc-stats-ali[5.4.105~1-4fda]:main():gmm-acc-stats-ali.cc:105) Processed 650 utterances; for utterance AMI_EN2005a_H00_MEO082_0188536_0189113 avg. like is -51.1667 over 575 frames.
LOG (gmm-acc-stats-ali[5.4.105~1-4fda]:main():gmm-acc-stats-ali.cc:105) Processed 700 utterances; for utterance AMI_EN2005a_H00_MEO082_0223467_0223548 avg. like is -45.2607 over 79 frames.
LOG (gmm-acc-stats-ali[5.4.105~1-4fda]:main():gmm-acc-stats-ali.cc:105) Processed 750 utterances; for utterance AMI_EN2005a_H00_MEO082_0257307_0257517 avg. like is -46.8039 over 208 frames.
LOG (gmm-acc-stats-ali[5.4.105~1-4fda]:main():gmm-acc-stats-ali.cc:105) Processed 800 utterances; for utterance AMI_EN2005a_H00_MEO082_0307549_0307591 avg. like is -48.5469 over 40 frames.
LOG (gmm-acc-stats-ali[5.4.105~1-4fda]:main():gmm-acc-stats-ali.cc:105) Processed 850 utterances; for utterance AMI_EN2005a_H00_MEO082_0410007_0410050 avg. like is -49.1204 over 41 frames.
LOG (gmm-acc-stats-ali[5.4.105~1-4fda]:main():gmm-acc-stats-ali.cc:105) Processed 900 utterances; for utterance AMI_EN2005a_H00_MEO082_0482741_0482795 avg. like is -42.019 over 52 frames.
LOG (gmm-acc-stats-ali[5.4.105~1-4fda]:main():gmm-acc-stats-ali.cc:105) Processed 950 utterances; for utterance AMI_EN2005a_H01_FEE083_0045110_0045349 avg. like is -52.3478 over 237 frames.
LOG (gmm-acc-stats-ali[5.4.105~1-4fda]:main():gmm-acc-stats-ali.cc:105) Processed 1000 utterances; for utterance AMI_EN2005a_H01_FEE083_0091568_0091595 avg. like is -51.6434 over 25 frames.
WARNING (gmm-acc-stats-ali[5.4.105~1-4fda]:main():gmm-acc-stats-ali.cc:79) No alignment for utterance AMI_EN2005a_H01_FEE083_0103206_0103373
LOG (gmm-acc-stats-ali[5.4.105~1-4fda]:main():gmm-acc-stats-ali.cc:105) Processed 1050 utterances; for utterance AMI_EN2005a_H01_FEE083_0142588_0142961 avg. like is -57.2268 over 371 frames.
LOG (gmm-acc-stats-ali[5.4.105~1-4fda]:main():gmm-acc-stats-ali.cc:105) Processed 1100 utterances; for utterance AMI_EN2005a_H01_FEE083_0195739_0197278 avg. like is -49.0396 over 1537 frames.
LOG (gmm-acc-stats-ali[5.4.105~1-4fda]:main():gmm-acc-stats-ali.cc:105) Processed 1150 utterances; for utterance AMI_EN2005a_H01_FEE083_0245261_0245331 avg. like is -50.2742 over 68 frames.
LOG (gmm-acc-stats-ali[5.4.105~1-4fda]:main():gmm-acc-stats-ali.cc:105) Processed 1200 utterances; for utterance AMI_EN2005a_H01_FEE083_0298422_0298518 avg. like is -47.1702 over 94 frames.
LOG (gmm-acc-stats-ali[5.4.105~1-4fda]:main():gmm-acc-stats-ali.cc:105) Processed 1250 utterances; for utterance AMI_EN2005a_H01_FEE083_0343230_0343268 avg. like is -41.6325 over 36 frames.
LOG (gmm-acc-stats-ali[5.4.105~1-4fda]:main():gmm-acc-stats-ali.cc:105) Processed 1300 utterances; for utterance AMI_EN2005a_H01_FEE083_0383763_0384001 avg. like is -52.2782 over 236 frames.
LOG (gmm-acc-stats-ali[5.4.105~1-4fda]:main():gmm-acc-stats-ali.cc:105) Processed 1350 utterances; for utterance AMI_EN2005a_H01_FEE083_0417560_0417691 avg. like is -54.149 over 129 frames.
LOG (gmm-acc-stats-ali[5.4.105~1-4fda]:main():gmm-acc-stats-ali.cc:105) Processed 1400 utterances; for utterance AMI_EN2005a_H01_FEE083_0448742_0448929 avg. like is -52.2573 over 185 frames.
LOG (gmm-acc-stats-ali[5.4.105~1-4fda]:main():gmm-acc-stats-ali.cc:105) Processed 1450 utterances; for utterance AMI_EN2005a_H01_FEE083_0483879_0484024 avg. like is -54.9043 over 143 frames.
LOG (gmm-acc-stats-ali[5.4.105~1-4fda]:main():gmm-acc-stats-ali.cc:105) Processed 1500 utterances; for utterance AMI_EN2005a_H01_FEE083_0521356_0521727 avg. like is -49.4006 over 369 frames.
LOG (gmm-acc-stats-ali[5.4.105~1-4fda]:main():gmm-acc-stats-ali.cc:105) Processed 1550 utterances; for utterance AMI_EN2005a_H02_FEO084_0491395_0491988 avg. like is -54.673 over 591 frames.
LOG (gmm-acc-stats-ali[5.4.105~1-4fda]:main():gmm-acc-stats-ali.cc:105) Processed 1600 utterances; for utterance AMI_EN2005a_H03_FEE085_0067852_0068578 avg. like is -50.7643 over 724 frames.
LOG (gmm-acc-stats-ali[5.4.105~1-4fda]:main():gmm-acc-stats-ali.cc:105) Processed 1650 utterances; for utterance AMI_EN2005a_H03_FEE085_0124327_0124611 avg. like is -54.4325 over 282 frames.
LOG (gmm-acc-stats-ali[5.4.105~1-4fda]:main():gmm-acc-stats-ali.cc:105) Processed 1700 utterances; for utterance AMI_EN2005a_H03_FEE085_0238623_0239073 avg. like is -58.7772 over 448 frames.
LOG (gmm-acc-stats-ali[5.4.105~1-4fda]:main():gmm-acc-stats-ali.cc:105) Processed 1750 utterances; for utterance AMI_EN2005a_H03_FEE085_0275090_0275600 avg. like is -54.5504 over 508 frames.
LOG (gmm-acc-stats-ali[5.4.105~1-4fda]:main():gmm-acc-stats-ali.cc:105) Processed 1800 utterances; for utterance AMI_EN2005a_H03_FEE085_0340418_0340831 avg. like is -50.6233 over 411 frames.
LOG (gmm-acc-stats-ali[5.4.105~1-4fda]:main():gmm-acc-stats-ali.cc:105) Processed 1850 utterances; for utterance AMI_EN2005a_H03_FEE085_0377726_0378223 avg. like is -51.1749 over 495 frames.
LOG (gmm-acc-stats-ali[5.4.105~1-4fda]:main():gmm-acc-stats-ali.cc:105) Processed 1900 utterances; for utterance AMI_EN2005a_H03_FEE085_0409282_0410013 avg. like is -49.7422 over 729 frames.
LOG (gmm-acc-stats-ali[5.4.105~1-4fda]:main():gmm-acc-stats-ali.cc:105) Processed 1950 utterances; for utterance AMI_EN2005a_H03_FEE085_0449928_0450059 avg. like is -52.1331 over 129 frames.
LOG (gmm-acc-stats-ali[5.4.105~1-4fda]:main():gmm-acc-stats-ali.cc:105) Processed 2000 utterances; for utterance AMI_EN2005a_H03_FEE085_0481535_0482010 avg. like is -53.6587 over 473 frames.
LOG (gmm-acc-stats-ali[5.4.105~1-4fda]:main():gmm-acc-stats-ali.cc:105) Processed 2050 utterances; for utterance AMI_EN2005a_H03_FEE085_0522955_0522992 avg. like is -57.6165 over 35 frames.
LOG (gmm-acc-stats-ali[5.4.105~1-4fda]:main():gmm-acc-stats-ali.cc:105) Processed 2100 utterances; for utterance AMI_EN2006a_H00_MEE089_0022948_0022989 avg. like is -50.5936 over 39 frames.
LOG (gmm-acc-stats-ali[5.4.105~1-4fda]:main():gmm-acc-stats-ali.cc:105) Processed 2150 utterances; for utterance AMI_EN2006a_H00_MEE089_0093722_0093892 avg. like is -54.572 over 168 frames.
LOG (gmm-acc-stats-ali[5.4.105~1-4fda]:main():gmm-acc-stats-ali.cc:105) Processed 2200 utterances; for utterance AMI_EN2006a_H00_MEE089_0150097_0150255 avg. like is -47.1581 over 156 frames.
LOG (gmm-acc-stats-ali[5.4.105~1-4fda]:main():gmm-acc-stats-ali.cc:105) Processed 2250 utterances; for utterance AMI_EN2006a_H00_MEE089_0224490_0224683 avg. like is -46.0044 over 191 frames.
LOG (gmm-acc-stats-ali[5.4.105~1-4fda]:main():gmm-acc-stats-ali.cc:105) Processed 2300 utterances; for utterance AMI_EN2006a_H00_MEE089_0309567_0309755 avg. like is -45.959 over 186 frames.
LOG (gmm-acc-stats-ali[5.4.105~1-4fda]:main():gmm-acc-stats-ali.cc:105) Processed 2350 utterances; for utterance AMI_EN2006a_H01_FEE087_0009306_0009364 avg. like is -46.4782 over 56 frames.
WARNING (gmm-acc-stats-ali[5.4.105~1-4fda]:main():gmm-acc-stats-ali.cc:79) No alignment for utterance AMI_EN2006a_H01_FEE087_0011765_0011956
WARNING (gmm-acc-stats-ali[5.4.105~1-4fda]:main():gmm-acc-stats-ali.cc:79) No alignment for utterance AMI_EN2006a_H01_FEE087_0026024_0026150
LOG (gmm-acc-stats-ali[5.4.105~1-4fda]:main():gmm-acc-stats-ali.cc:105) Processed 2400 utterances; for utterance AMI_EN2006a_H01_FEE087_0032389_0032400 avg. like is -64.8738 over 9 frames.
LOG (gmm-acc-stats-ali[5.4.105~1-4fda]:main():gmm-acc-stats-ali.cc:105) Processed 2450 utterances; for utterance AMI_EN2006a_H01_FEE087_0056670_0056784 avg. like is -57.3687 over 112 frames.
LOG (gmm-acc-stats-ali[5.4.105~1-4fda]:main():gmm-acc-stats-ali.cc:105) Processed 2500 utterances; for utterance AMI_EN2006a_H01_FEE087_0085257_0085356 avg. like is -49.5555 over 97 frames.
LOG (gmm-acc-stats-ali[5.4.105~1-4fda]:main():gmm-acc-stats-ali.cc:105) Processed 2550 utterances; for utterance AMI_EN2006a_H01_FEE087_0113893_0114436 avg. like is -46.6658 over 541 frames.
LOG (gmm-acc-stats-ali[5.4.105~1-4fda]:main():gmm-acc-stats-ali.cc:105) Processed 2600 utterances; for utterance AMI_EN2006a_H01_FEE087_0144898_0145027 avg. like is -56.1885 over 127 frames.
LOG (gmm-acc-stats-ali[5.4.105~1-4fda]:main():gmm-acc-stats-ali.cc:105) Processed 2650 utterances; for utterance AMI_EN2006a_H01_FEE087_0176572_0176793 avg. like is -51.1363 over 219 frames.
LOG (gmm-acc-stats-ali[5.4.105~1-4fda]:main():gmm-acc-stats-ali.cc:105) Processed 2700 utterances; for utterance AMI_EN2006a_H01_FEE087_0206423_0206505 avg. like is -42.2857 over 80 frames.
LOG (gmm-acc-stats-ali[5.4.105~1-4fda]:main():gmm-acc-stats-ali.cc:105) Processed 2750 utterances; for utterance AMI_EN2006a_H01_FEE087_0234321_0234445 avg. like is -57.6303 over 122 frames.
LOG (gmm-acc-stats-ali[5.4.105~1-4fda]:main():gmm-acc-stats-ali.cc:105) Processed 2800 utterances; for utterance AMI_EN2006a_H01_FEE087_0260825_0260850 avg. like is -44.2357 over 23 frames.
LOG (gmm-acc-stats-ali[5.4.105~1-4fda]:main():gmm-acc-stats-ali.cc:105) Processed 2850 utterances; for utterance AMI_EN2006a_H01_FEE087_0291081_0291170 avg. like is -56.8736 over 87 frames.
LOG (gmm-acc-stats-ali[5.4.105~1-4fda]:main():gmm-acc-stats-ali.cc:105) Processed 2900 utterances; for utterance AMI_EN2006a_H01_FEE087_0323253_0323441 avg. like is -52.7101 over 186 frames.
WARNING (gmm-acc-stats-ali[5.4.105~1-4fda]:main():gmm-acc-stats-ali.cc:79) No alignment for utterance AMI_EN2006a_H01_FEE087_0343007_0343111
LOG (gmm-acc-stats-ali[5.4.105~1-4fda]:main():gmm-acc-stats-ali.cc:105) Processed 2950 utterances; for utterance AMI_EN2006a_H01_FEE087_0350129_0350506 avg. like is -52.916 over 375 frames.
LOG (gmm-acc-stats-ali[5.4.105~1-4fda]:main():gmm-acc-stats-ali.cc:105) Processed 3000 utterances; for utterance AMI_EN2006a_H02_FEE088_0033589_0033709 avg. like is -59.694 over 118 frames.
LOG (gmm-acc-stats-ali[5.4.105~1-4fda]:main():gmm-acc-stats-ali.cc:105) Processed 3050 utterances; for utterance AMI_EN2006a_H02_FEE088_0058057_0058073 avg. like is -53.0373 over 14 frames.
LOG (gmm-acc-stats-ali[5.4.105~1-4fda]:main():gmm-acc-stats-ali.cc:105) Processed 3100 utterances; for utterance AMI_EN2006a_H02_FEE088_0090028_0090129 avg. like is -53.2303 over 99 frames.
LOG (gmm-acc-stats-ali[5.4.105~1-4fda]:main():gmm-acc-stats-ali.cc:105) Processed 3150 utterances; for utterance AMI_EN2006a_H02_FEE088_0116983_0117033 avg. like is -60.8004 over 48 frames.
LOG (gmm-acc-stats-ali[5.4.105~1-4fda]:main():gmm-acc-stats-ali.cc:105) Processed 3200 utterances; for utterance AMI_EN2006a_H02_FEE088_0149264_0149468 avg. like is -47.0536 over 202 frames.
LOG (gmm-acc-stats-ali[5.4.105~1-4fda]:main():gmm-acc-stats-ali.cc:105) Processed 3250 utterances; for utterance AMI_EN2006a_H02_FEE088_0179223_0179316 avg. like is -54.3261 over 91 frames.
WARNING (gmm-acc-stats-ali[5.4.105~1-4fda]:main():gmm-acc-stats-ali.cc:79) No alignment for utterance AMI_EN2006a_H02_FEE088_0216223_0216257
LOG (gmm-acc-stats-ali[5.4.105~1-4fda]:main():gmm-acc-stats-ali.cc:105) Processed 3300 utterances; for utterance AMI_EN2006a_H02_FEE088_0220344_0220373 avg. like is -33.5413 over 27 frames.
LOG (gmm-acc-stats-ali[5.4.105~1-4fda]:main():gmm-acc-stats-ali.cc:105) Processed 3350 utterances; for utterance AMI_EN2006a_H02_FEE088_0244988_0245026 avg. like is -51.2796 over 36 frames.
LOG (gmm-acc-stats-ali[5.4.105~1-4fda]:main():gmm-acc-stats-ali.cc:105) Processed 3400 utterances; for utterance AMI_EN2006a_H02_FEE088_0273501_0273617 avg. like is -58.7253 over 114 frames.
LOG (gmm-acc-stats-ali[5.4.105~1-4fda]:main():gmm-acc-stats-ali.cc:105) Processed 3450 utterances; for utterance AMI_EN2006a_H02_FEE088_0300582_0300763 avg. like is -50.2579 over 179 frames.
LOG (gmm-acc-stats-ali[5.4.105~1-4fda]:main():gmm-acc-stats-ali.cc:105) Processed 3500 utterances; for utterance AMI_EN2006a_H02_FEE088_0323462_0323552 avg. like is -53.7528 over 88 frames.
WARNING (gmm-acc-stats-ali[5.4.105~1-4fda]:main():gmm-acc-stats-ali.cc:79) No alignment for utterance AMI_EN2006a_H02_FEE088_0325532_0325633
LOG (gmm-acc-stats-ali[5.4.105~1-4fda]:main():gmm-acc-stats-ali.cc:105) Processed 3550 utterances; for utterance AMI_EN2006a_H02_FEE088_0350068_0350152 avg. like is -57.6642 over 82 frames.
WARNING (gmm-acc-stats-ali[5.4.105~1-4fda]:main():gmm-acc-stats-ali.cc:79) No alignment for utterance AMI_EN2006a_H03_MEO086_0011841_0012241
WARNING (gmm-acc-stats-ali[5.4.105~1-4fda]:main():gmm-acc-stats-ali.cc:79) No alignment for utterance AMI_EN2006a_H03_MEO086_0026877_0027019
LOG (gmm-acc-stats-ali[5.4.105~1-4fda]:main():gmm-acc-stats-ali.cc:105) Processed 3600 utterances; for utterance AMI_EN2006a_H03_MEO086_0129727_0129822 avg. like is -44.6997 over 93 frames.
LOG (gmm-acc-stats-ali[5.4.105~1-4fda]:main():gmm-acc-stats-ali.cc:105) Processed 3650 utterances; for utterance AMI_EN2006b_H00_MEE089_0019333_0019422 avg. like is -52.2529 over 87 frames.
LOG (gmm-acc-stats-ali[5.4.105~1-4fda]:main():gmm-acc-stats-ali.cc:105) Processed 3700 utterances; for utterance AMI_EN2006b_H00_MEE089_0077441_0077503 avg. like is -55.6744 over 60 frames.
LOG (gmm-acc-stats-ali[5.4.105~1-4fda]:main():gmm-acc-stats-ali.cc:105) Processed 3750 utterances; for utterance AMI_EN2006b_H00_MEE089_0164169_0164216 avg. like is -44.957 over 45 frames.
LOG (gmm-acc-stats-ali[5.4.105~1-4fda]:main():gmm-acc-stats-ali.cc:105) Processed 3800 utterances; for utterance AMI_EN2006b_H00_MEE089_0225409_0226054 avg. like is -47.4478 over 643 frames.
LOG (gmm-acc-stats-ali[5.4.105~1-4fda]:main():gmm-acc-stats-ali.cc:105) Processed 3850 utterances; for utterance AMI_EN2006b_H01_FEE087_0000504_0000833 avg. like is -57.0818 over 327 frames.
LOG (gmm-acc-stats-ali[5.4.105~1-4fda]:main():gmm-acc-stats-ali.cc:105) Processed 3900 utterances; for utterance AMI_EN2006b_H01_FEE087_0027779_0028050 avg. like is -49.0756 over 269 frames.
LOG (apply-cmvn[5.4.105~1-4fda]:main():apply-cmvn.cc:162) Applied cepstral mean normalization to 3954 utterances, errors on 0
LOG (transform-feats[5.4.105~1-4fda]:main():transform-feats.cc:158) Overall average [pseudo-]logdet is -92.7184 over 969621 frames.
LOG (transform-feats[5.4.105~1-4fda]:main():transform-feats.cc:161) Applied transform to 3954 utterances; 0 had errors.
LOG (gmm-acc-stats-ali[5.4.105~1-4fda]:main():gmm-acc-stats-ali.cc:112) Done 3945 files, 9 with errors.
LOG (gmm-acc-stats-ali[5.4.105~1-4fda]:main():gmm-acc-stats-ali.cc:115) Overall avg like per frame (Gaussian only) = -51.7125 over 966937 frames.
LOG (gmm-acc-stats-ali[5.4.105~1-4fda]:main():gmm-acc-stats-ali.cc:123) Written accs.
# Accounting: time=16 threads=1
# Ended (code 0) at Thu Nov  1 00:55:43 EDT 2018, elapsed time 16 seconds
