# gmm-acc-stats-ali exp2/tri3a/7.mdl "ark,s,cs:apply-cmvn  --utt2spk=ark:data/st_ihm_all/train/split30/24/utt2spk scp:data/st_ihm_all/train/split30/24/cmvn.scp scp:data/st_ihm_all/train/split30/24/feats.scp ark:- | splice-feats --left-context=3 --right-context=3 ark:- ark:- | transform-feats exp2/tri3a/6.mat ark:- ark:- |" "ark,s,cs:gunzip -c exp2/tri3a/ali.24.gz|" exp2/tri3a/7.24.acc 
# Started at Thu Nov  1 00:45:08 EDT 2018
#
gmm-acc-stats-ali exp2/tri3a/7.mdl 'ark,s,cs:apply-cmvn  --utt2spk=ark:data/st_ihm_all/train/split30/24/utt2spk scp:data/st_ihm_all/train/split30/24/cmvn.scp scp:data/st_ihm_all/train/split30/24/feats.scp ark:- | splice-feats --left-context=3 --right-context=3 ark:- ark:- | transform-feats exp2/tri3a/6.mat ark:- ark:- |' 'ark,s,cs:gunzip -c exp2/tri3a/ali.24.gz|' exp2/tri3a/7.24.acc 
transform-feats exp2/tri3a/6.mat ark:- ark:- 
splice-feats --left-context=3 --right-context=3 ark:- ark:- 
apply-cmvn --utt2spk=ark:data/st_ihm_all/train/split30/24/utt2spk scp:data/st_ihm_all/train/split30/24/cmvn.scp scp:data/st_ihm_all/train/split30/24/feats.scp ark:- 
LOG (gmm-acc-stats-ali[5.4.105~1-4fda]:main():gmm-acc-stats-ali.cc:105) Processed 50 utterances; for utterance AMI_TS3005a_H03_MTD020ME_0050025_0050099 avg. like is -34.5346 over 72 frames.
LOG (gmm-acc-stats-ali[5.4.105~1-4fda]:main():gmm-acc-stats-ali.cc:105) Processed 100 utterances; for utterance AMI_TS3005a_H03_MTD020ME_0099086_0099129 avg. like is -53.2717 over 41 frames.
LOG (gmm-acc-stats-ali[5.4.105~1-4fda]:main():gmm-acc-stats-ali.cc:105) Processed 150 utterances; for utterance AMI_TS3005b_H00_MTD017PM_0011817_0012615 avg. like is -46.2487 over 796 frames.
LOG (gmm-acc-stats-ali[5.4.105~1-4fda]:main():gmm-acc-stats-ali.cc:105) Processed 200 utterances; for utterance AMI_TS3005b_H00_MTD017PM_0123549_0123578 avg. like is -45.0593 over 27 frames.
LOG (gmm-acc-stats-ali[5.4.105~1-4fda]:main():gmm-acc-stats-ali.cc:105) Processed 250 utterances; for utterance AMI_TS3005b_H00_MTD017PM_0209071_0209114 avg. like is -48.0859 over 41 frames.
LOG (gmm-acc-stats-ali[5.4.105~1-4fda]:main():gmm-acc-stats-ali.cc:105) Processed 300 utterances; for utterance AMI_TS3005b_H01_FTD019UID_0044682_0044814 avg. like is -54.404 over 130 frames.
LOG (gmm-acc-stats-ali[5.4.105~1-4fda]:main():gmm-acc-stats-ali.cc:105) Processed 350 utterances; for utterance AMI_TS3005b_H01_FTD019UID_0103074_0103122 avg. like is -51.6316 over 46 frames.
LOG (gmm-acc-stats-ali[5.4.105~1-4fda]:main():gmm-acc-stats-ali.cc:105) Processed 400 utterances; for utterance AMI_TS3005b_H01_FTD019UID_0137822_0137903 avg. like is -55.6218 over 79 frames.
WARNING (gmm-acc-stats-ali[5.4.105~1-4fda]:main():gmm-acc-stats-ali.cc:79) No alignment for utterance AMI_TS3005b_H01_FTD019UID_0165561_0165839
LOG (gmm-acc-stats-ali[5.4.105~1-4fda]:main():gmm-acc-stats-ali.cc:105) Processed 450 utterances; for utterance AMI_TS3005b_H01_FTD019UID_0174630_0174650 avg. like is -42.633 over 18 frames.
LOG (gmm-acc-stats-ali[5.4.105~1-4fda]:main():gmm-acc-stats-ali.cc:105) Processed 500 utterances; for utterance AMI_TS3005b_H01_FTD019UID_0203717_0203750 avg. like is -45.5272 over 31 frames.
LOG (gmm-acc-stats-ali[5.4.105~1-4fda]:main():gmm-acc-stats-ali.cc:105) Processed 550 utterances; for utterance AMI_TS3005b_H01_FTD019UID_0229514_0229592 avg. like is -56.5354 over 76 frames.
LOG (gmm-acc-stats-ali[5.4.105~1-4fda]:main():gmm-acc-stats-ali.cc:105) Processed 600 utterances; for utterance AMI_TS3005b_H02_MTD018ID_0032697_0032784 avg. like is -56.3196 over 85 frames.
LOG (gmm-acc-stats-ali[5.4.105~1-4fda]:main():gmm-acc-stats-ali.cc:105) Processed 650 utterances; for utterance AMI_TS3005b_H02_MTD018ID_0110553_0111068 avg. like is -45.0635 over 513 frames.
LOG (gmm-acc-stats-ali[5.4.105~1-4fda]:main():gmm-acc-stats-ali.cc:105) Processed 700 utterances; for utterance AMI_TS3005b_H02_MTD018ID_0143899_0143964 avg. like is -45.7771 over 63 frames.
LOG (gmm-acc-stats-ali[5.4.105~1-4fda]:main():gmm-acc-stats-ali.cc:105) Processed 750 utterances; for utterance AMI_TS3005b_H02_MTD018ID_0172036_0172080 avg. like is -51.3676 over 42 frames.
LOG (gmm-acc-stats-ali[5.4.105~1-4fda]:main():gmm-acc-stats-ali.cc:105) Processed 800 utterances; for utterance AMI_TS3005b_H02_MTD018ID_0210500_0210683 avg. like is -56.8527 over 181 frames.
LOG (gmm-acc-stats-ali[5.4.105~1-4fda]:main():gmm-acc-stats-ali.cc:105) Processed 850 utterances; for utterance AMI_TS3005b_H03_MTD020ME_0066425_0067472 avg. like is -51.369 over 1045 frames.
LOG (gmm-acc-stats-ali[5.4.105~1-4fda]:main():gmm-acc-stats-ali.cc:105) Processed 900 utterances; for utterance AMI_TS3005b_H03_MTD020ME_0098499_0098613 avg. like is -51.3328 over 112 frames.
LOG (gmm-acc-stats-ali[5.4.105~1-4fda]:main():gmm-acc-stats-ali.cc:105) Processed 950 utterances; for utterance AMI_TS3005b_H03_MTD020ME_0132354_0132381 avg. like is -54.0599 over 25 frames.
LOG (gmm-acc-stats-ali[5.4.105~1-4fda]:main():gmm-acc-stats-ali.cc:105) Processed 1000 utterances; for utterance AMI_TS3005b_H03_MTD020ME_0157583_0157600 avg. like is -60.7324 over 15 frames.
LOG (gmm-acc-stats-ali[5.4.105~1-4fda]:main():gmm-acc-stats-ali.cc:105) Processed 1050 utterances; for utterance AMI_TS3005b_H03_MTD020ME_0180309_0180437 avg. like is -48.74 over 126 frames.
LOG (gmm-acc-stats-ali[5.4.105~1-4fda]:main():gmm-acc-stats-ali.cc:105) Processed 1100 utterances; for utterance AMI_TS3005b_H03_MTD020ME_0206959_0207062 avg. like is -44.8381 over 101 frames.
LOG (gmm-acc-stats-ali[5.4.105~1-4fda]:main():gmm-acc-stats-ali.cc:105) Processed 1150 utterances; for utterance AMI_TS3005b_H03_MTD020ME_0235567_0235589 avg. like is -59.3211 over 20 frames.
LOG (gmm-acc-stats-ali[5.4.105~1-4fda]:main():gmm-acc-stats-ali.cc:105) Processed 1200 utterances; for utterance AMI_TS3005c_H00_MTD017PM_0149222_0149416 avg. like is -47.8769 over 192 frames.
LOG (gmm-acc-stats-ali[5.4.105~1-4fda]:main():gmm-acc-stats-ali.cc:105) Processed 1250 utterances; for utterance AMI_TS3005c_H00_MTD017PM_0225377_0225854 avg. like is -49.3254 over 475 frames.
LOG (gmm-acc-stats-ali[5.4.105~1-4fda]:main():gmm-acc-stats-ali.cc:105) Processed 1300 utterances; for utterance AMI_TS3005c_H01_FTD019UID_0078687_0079494 avg. like is -53.7159 over 805 frames.
WARNING (gmm-acc-stats-ali[5.4.105~1-4fda]:main():gmm-acc-stats-ali.cc:79) No alignment for utterance AMI_TS3005c_H01_FTD019UID_0080031_0080370
LOG (gmm-acc-stats-ali[5.4.105~1-4fda]:main():gmm-acc-stats-ali.cc:105) Processed 1350 utterances; for utterance AMI_TS3005c_H01_FTD019UID_0120020_0120047 avg. like is -47.825 over 25 frames.
LOG (gmm-acc-stats-ali[5.4.105~1-4fda]:main():gmm-acc-stats-ali.cc:105) Processed 1400 utterances; for utterance AMI_TS3005c_H01_FTD019UID_0169844_0169956 avg. like is -46.7023 over 110 frames.
WARNING (gmm-acc-stats-ali[5.4.105~1-4fda]:main():gmm-acc-stats-ali.cc:79) No alignment for utterance AMI_TS3005c_H01_FTD019UID_0177984_0178332
LOG (gmm-acc-stats-ali[5.4.105~1-4fda]:main():gmm-acc-stats-ali.cc:105) Processed 1450 utterances; for utterance AMI_TS3005c_H01_FTD019UID_0200818_0200910 avg. like is -51.019 over 90 frames.
LOG (gmm-acc-stats-ali[5.4.105~1-4fda]:main():gmm-acc-stats-ali.cc:105) Processed 1500 utterances; for utterance AMI_TS3005c_H01_FTD019UID_0235244_0235288 avg. like is -53.8043 over 42 frames.
LOG (gmm-acc-stats-ali[5.4.105~1-4fda]:main():gmm-acc-stats-ali.cc:105) Processed 1550 utterances; for utterance AMI_TS3005c_H02_MTD018ID_0048840_0050269 avg. like is -47.5919 over 1427 frames.
LOG (gmm-acc-stats-ali[5.4.105~1-4fda]:main():gmm-acc-stats-ali.cc:105) Processed 1600 utterances; for utterance AMI_TS3005c_H02_MTD018ID_0110444_0110675 avg. like is -55.3824 over 229 frames.
LOG (gmm-acc-stats-ali[5.4.105~1-4fda]:main():gmm-acc-stats-ali.cc:105) Processed 1650 utterances; for utterance AMI_TS3005c_H02_MTD018ID_0141727_0142079 avg. like is -50.2446 over 350 frames.
LOG (gmm-acc-stats-ali[5.4.105~1-4fda]:main():gmm-acc-stats-ali.cc:105) Processed 1700 utterances; for utterance AMI_TS3005c_H02_MTD018ID_0170175_0170429 avg. like is -47.4152 over 252 frames.
LOG (gmm-acc-stats-ali[5.4.105~1-4fda]:main():gmm-acc-stats-ali.cc:105) Processed 1750 utterances; for utterance AMI_TS3005c_H02_MTD018ID_0212536_0212617 avg. like is -52.3141 over 79 frames.
LOG (gmm-acc-stats-ali[5.4.105~1-4fda]:main():gmm-acc-stats-ali.cc:105) Processed 1800 utterances; for utterance AMI_TS3005c_H03_MTD020ME_0044835_0044911 avg. like is -55.2635 over 74 frames.
WARNING (gmm-acc-stats-ali[5.4.105~1-4fda]:main():gmm-acc-stats-ali.cc:79) No alignment for utterance AMI_TS3005c_H03_MTD020ME_0100543_0100554
LOG (gmm-acc-stats-ali[5.4.105~1-4fda]:main():gmm-acc-stats-ali.cc:105) Processed 1850 utterances; for utterance AMI_TS3005c_H03_MTD020ME_0108754_0108830 avg. like is -54.8585 over 74 frames.
LOG (gmm-acc-stats-ali[5.4.105~1-4fda]:main():gmm-acc-stats-ali.cc:105) Processed 1900 utterances; for utterance AMI_TS3005c_H03_MTD020ME_0139259_0139423 avg. like is -47.6905 over 162 frames.
LOG (gmm-acc-stats-ali[5.4.105~1-4fda]:main():gmm-acc-stats-ali.cc:105) Processed 1950 utterances; for utterance AMI_TS3005c_H03_MTD020ME_0175850_0175897 avg. like is -58.6056 over 45 frames.
LOG (gmm-acc-stats-ali[5.4.105~1-4fda]:main():gmm-acc-stats-ali.cc:105) Processed 2000 utterances; for utterance AMI_TS3005c_H03_MTD020ME_0205980_0205994 avg. like is -57.2136 over 12 frames.
LOG (gmm-acc-stats-ali[5.4.105~1-4fda]:main():gmm-acc-stats-ali.cc:105) Processed 2050 utterances; for utterance AMI_TS3005d_H00_MTD017PM_0000149_0000199 avg. like is -57.9167 over 48 frames.
LOG (gmm-acc-stats-ali[5.4.105~1-4fda]:main():gmm-acc-stats-ali.cc:105) Processed 2100 utterances; for utterance AMI_TS3005d_H00_MTD017PM_0058737_0058884 avg. like is -54.5824 over 145 frames.
LOG (gmm-acc-stats-ali[5.4.105~1-4fda]:main():gmm-acc-stats-ali.cc:105) Processed 2150 utterances; for utterance AMI_TS3005d_H00_MTD017PM_0098964_0099029 avg. like is -59.9461 over 63 frames.
LOG (gmm-acc-stats-ali[5.4.105~1-4fda]:main():gmm-acc-stats-ali.cc:105) Processed 2200 utterances; for utterance AMI_TS3005d_H00_MTD017PM_0132554_0132658 avg. like is -52.5635 over 102 frames.
LOG (gmm-acc-stats-ali[5.4.105~1-4fda]:main():gmm-acc-stats-ali.cc:105) Processed 2250 utterances; for utterance AMI_TS3005d_H00_MTD017PM_0186359_0186441 avg. like is -49.3981 over 80 frames.
LOG (gmm-acc-stats-ali[5.4.105~1-4fda]:main():gmm-acc-stats-ali.cc:105) Processed 2300 utterances; for utterance AMI_TS3005d_H00_MTD017PM_0208444_0208460 avg. like is -47.9051 over 14 frames.
LOG (gmm-acc-stats-ali[5.4.105~1-4fda]:main():gmm-acc-stats-ali.cc:105) Processed 2350 utterances; for utterance AMI_TS3005d_H00_MTD017PM_0249002_0249136 avg. like is -48.1465 over 132 frames.
LOG (gmm-acc-stats-ali[5.4.105~1-4fda]:main():gmm-acc-stats-ali.cc:105) Processed 2400 utterances; for utterance AMI_TS3005d_H01_FTD019UID_0026156_0026487 avg. like is -50.6061 over 329 frames.
LOG (gmm-acc-stats-ali[5.4.105~1-4fda]:main():gmm-acc-stats-ali.cc:105) Processed 2450 utterances; for utterance AMI_TS3005d_H01_FTD019UID_0054483_0054514 avg. like is -43.4861 over 29 frames.
LOG (gmm-acc-stats-ali[5.4.105~1-4fda]:main():gmm-acc-stats-ali.cc:105) Processed 2500 utterances; for utterance AMI_TS3005d_H01_FTD019UID_0078746_0079094 avg. like is -63.7349 over 346 frames.
WARNING (gmm-acc-stats-ali[5.4.105~1-4fda]:main():gmm-acc-stats-ali.cc:79) No alignment for utterance AMI_TS3005d_H01_FTD019UID_0091698_0091868
WARNING (gmm-acc-stats-ali[5.4.105~1-4fda]:main():gmm-acc-stats-ali.cc:79) No alignment for utterance AMI_TS3005d_H01_FTD019UID_0094027_0094272
LOG (gmm-acc-stats-ali[5.4.105~1-4fda]:main():gmm-acc-stats-ali.cc:105) Processed 2550 utterances; for utterance AMI_TS3005d_H01_FTD019UID_0097436_0097607 avg. like is -61.0575 over 169 frames.
LOG (gmm-acc-stats-ali[5.4.105~1-4fda]:main():gmm-acc-stats-ali.cc:105) Processed 2600 utterances; for utterance AMI_TS3005d_H01_FTD019UID_0121801_0121879 avg. like is -54.5666 over 76 frames.
LOG (gmm-acc-stats-ali[5.4.105~1-4fda]:main():gmm-acc-stats-ali.cc:105) Processed 2650 utterances; for utterance AMI_TS3005d_H01_FTD019UID_0141810_0141861 avg. like is -60.502 over 49 frames.
WARNING (gmm-acc-stats-ali[5.4.105~1-4fda]:main():gmm-acc-stats-ali.cc:79) No alignment for utterance AMI_TS3005d_H01_FTD019UID_0145908_0146126
WARNING (gmm-acc-stats-ali[5.4.105~1-4fda]:main():gmm-acc-stats-ali.cc:79) No alignment for utterance AMI_TS3005d_H01_FTD019UID_0154438_0154716
LOG (gmm-acc-stats-ali[5.4.105~1-4fda]:main():gmm-acc-stats-ali.cc:105) Processed 2700 utterances; for utterance AMI_TS3005d_H01_FTD019UID_0162478_0162729 avg. like is -65.4031 over 249 frames.
WARNING (gmm-acc-stats-ali[5.4.105~1-4fda]:main():gmm-acc-stats-ali.cc:79) No alignment for utterance AMI_TS3005d_H01_FTD019UID_0162729_0162854
WARNING (gmm-acc-stats-ali[5.4.105~1-4fda]:main():gmm-acc-stats-ali.cc:79) No alignment for utterance AMI_TS3005d_H01_FTD019UID_0164037_0164207
WARNING (gmm-acc-stats-ali[5.4.105~1-4fda]:main():gmm-acc-stats-ali.cc:79) No alignment for utterance AMI_TS3005d_H01_FTD019UID_0172774_0172958
LOG (gmm-acc-stats-ali[5.4.105~1-4fda]:main():gmm-acc-stats-ali.cc:105) Processed 2750 utterances; for utterance AMI_TS3005d_H01_FTD019UID_0186527_0186659 avg. like is -65.3072 over 130 frames.
WARNING (gmm-acc-stats-ali[5.4.105~1-4fda]:main():gmm-acc-stats-ali.cc:79) No alignment for utterance AMI_TS3005d_H01_FTD019UID_0206001_0206223
WARNING (gmm-acc-stats-ali[5.4.105~1-4fda]:main():gmm-acc-stats-ali.cc:79) No alignment for utterance AMI_TS3005d_H01_FTD019UID_0212778_0213046
LOG (gmm-acc-stats-ali[5.4.105~1-4fda]:main():gmm-acc-stats-ali.cc:105) Processed 2800 utterances; for utterance AMI_TS3005d_H01_FTD019UID_0214998_0215102 avg. like is -61.4828 over 102 frames.
LOG (gmm-acc-stats-ali[5.4.105~1-4fda]:main():gmm-acc-stats-ali.cc:105) Processed 2850 utterances; for utterance AMI_TS3005d_H01_FTD019UID_0239867_0239973 avg. like is -53.2056 over 104 frames.
WARNING (gmm-acc-stats-ali[5.4.105~1-4fda]:main():gmm-acc-stats-ali.cc:79) No alignment for utterance AMI_TS3005d_H01_FTD019UID_0254610_0254748
LOG (gmm-acc-stats-ali[5.4.105~1-4fda]:main():gmm-acc-stats-ali.cc:105) Processed 2900 utterances; for utterance AMI_TS3005d_H02_MTD018ID_0011981_0012227 avg. like is -52.3132 over 244 frames.
LOG (gmm-acc-stats-ali[5.4.105~1-4fda]:main():gmm-acc-stats-ali.cc:105) Processed 2950 utterances; for utterance AMI_TS3005d_H02_MTD018ID_0047830_0047989 avg. like is -49.371 over 157 frames.
LOG (gmm-acc-stats-ali[5.4.105~1-4fda]:main():gmm-acc-stats-ali.cc:105) Processed 3000 utterances; for utterance AMI_TS3005d_H02_MTD018ID_0078305_0079048 avg. like is -50.9098 over 741 frames.
LOG (gmm-acc-stats-ali[5.4.105~1-4fda]:main():gmm-acc-stats-ali.cc:105) Processed 3050 utterances; for utterance AMI_TS3005d_H02_MTD018ID_0106329_0106419 avg. like is -56.2024 over 88 frames.
LOG (gmm-acc-stats-ali[5.4.105~1-4fda]:main():gmm-acc-stats-ali.cc:105) Processed 3100 utterances; for utterance AMI_TS3005d_H02_MTD018ID_0143857_0143948 avg. like is -44.4436 over 89 frames.
LOG (gmm-acc-stats-ali[5.4.105~1-4fda]:main():gmm-acc-stats-ali.cc:105) Processed 3150 utterances; for utterance AMI_TS3005d_H02_MTD018ID_0167984_0168269 avg. like is -51.7472 over 283 frames.
LOG (gmm-acc-stats-ali[5.4.105~1-4fda]:main():gmm-acc-stats-ali.cc:105) Processed 3200 utterances; for utterance AMI_TS3005d_H02_MTD018ID_0211196_0211258 avg. like is -49.5085 over 60 frames.
LOG (gmm-acc-stats-ali[5.4.105~1-4fda]:main():gmm-acc-stats-ali.cc:105) Processed 3250 utterances; for utterance AMI_TS3005d_H02_MTD018ID_0248171_0248216 avg. like is -52.5098 over 43 frames.
LOG (gmm-acc-stats-ali[5.4.105~1-4fda]:main():gmm-acc-stats-ali.cc:105) Processed 3300 utterances; for utterance AMI_TS3005d_H03_MTD020ME_0041992_0042354 avg. like is -49.1148 over 360 frames.
LOG (gmm-acc-stats-ali[5.4.105~1-4fda]:main():gmm-acc-stats-ali.cc:105) Processed 3350 utterances; for utterance AMI_TS3005d_H03_MTD020ME_0070136_0070224 avg. like is -49.8398 over 86 frames.
LOG (gmm-acc-stats-ali[5.4.105~1-4fda]:main():gmm-acc-stats-ali.cc:105) Processed 3400 utterances; for utterance AMI_TS3005d_H03_MTD020ME_0098449_0098472 avg. like is -50.8474 over 21 frames.
LOG (gmm-acc-stats-ali[5.4.105~1-4fda]:main():gmm-acc-stats-ali.cc:105) Processed 3450 utterances; for utterance AMI_TS3005d_H03_MTD020ME_0121525_0122194 avg. like is -50.3237 over 667 frames.
LOG (gmm-acc-stats-ali[5.4.105~1-4fda]:main():gmm-acc-stats-ali.cc:105) Processed 3500 utterances; for utterance AMI_TS3005d_H03_MTD020ME_0144916_0145028 avg. like is -52.9585 over 110 frames.
LOG (gmm-acc-stats-ali[5.4.105~1-4fda]:main():gmm-acc-stats-ali.cc:105) Processed 3550 utterances; for utterance AMI_TS3005d_H03_MTD020ME_0170042_0170329 avg. like is -53.1552 over 285 frames.
LOG (gmm-acc-stats-ali[5.4.105~1-4fda]:main():gmm-acc-stats-ali.cc:105) Processed 3600 utterances; for utterance AMI_TS3005d_H03_MTD020ME_0222729_0222748 avg. like is -49.9785 over 17 frames.
LOG (gmm-acc-stats-ali[5.4.105~1-4fda]:main():gmm-acc-stats-ali.cc:105) Processed 3650 utterances; for utterance AMI_TS3005d_H03_MTD020ME_0247238_0247271 avg. like is -61.3565 over 31 frames.
LOG (gmm-acc-stats-ali[5.4.105~1-4fda]:main():gmm-acc-stats-ali.cc:105) Processed 3700 utterances; for utterance AMI_TS3006a_H00_MTD021PM_0020434_0020495 avg. like is -45.3714 over 59 frames.
LOG (gmm-acc-stats-ali[5.4.105~1-4fda]:main():gmm-acc-stats-ali.cc:105) Processed 3750 utterances; for utterance AMI_TS3006a_H00_MTD021PM_0045208_0045263 avg. like is -53.2669 over 53 frames.
LOG (gmm-acc-stats-ali[5.4.105~1-4fda]:main():gmm-acc-stats-ali.cc:105) Processed 3800 utterances; for utterance AMI_TS3006a_H00_MTD021PM_0071195_0071232 avg. like is -44.9557 over 35 frames.
LOG (gmm-acc-stats-ali[5.4.105~1-4fda]:main():gmm-acc-stats-ali.cc:105) Processed 3850 utterances; for utterance AMI_TS3006a_H00_MTD021PM_0101267_0101533 avg. like is -52.0794 over 264 frames.
LOG (gmm-acc-stats-ali[5.4.105~1-4fda]:main():gmm-acc-stats-ali.cc:105) Processed 3900 utterances; for utterance AMI_TS3006a_H01_MTD023UID_0004314_0004334 avg. like is -50.8218 over 18 frames.
LOG (gmm-acc-stats-ali[5.4.105~1-4fda]:main():gmm-acc-stats-ali.cc:105) Processed 3950 utterances; for utterance AMI_TS3006a_H01_MTD023UID_0079038_0079094 avg. like is -55.0573 over 54 frames.
LOG (gmm-acc-stats-ali[5.4.105~1-4fda]:main():gmm-acc-stats-ali.cc:105) Processed 4000 utterances; for utterance AMI_TS3006a_H02_MTD022ID_0035013_0035435 avg. like is -52.4988 over 420 frames.
LOG (gmm-acc-stats-ali[5.4.105~1-4fda]:main():gmm-acc-stats-ali.cc:105) Processed 4050 utterances; for utterance AMI_TS3006a_H02_MTD022ID_0067618_0067673 avg. like is -53.7789 over 53 frames.
LOG (apply-cmvn[5.4.105~1-4fda]:main():apply-cmvn.cc:162) Applied cepstral mean normalization to 4105 utterances, errors on 0
LOG (transform-feats[5.4.105~1-4fda]:main():transform-feats.cc:158) Overall average [pseudo-]logdet is -93.0009 over 862716 frames.
LOG (transform-feats[5.4.105~1-4fda]:main():transform-feats.cc:161) Applied transform to 4105 utterances; 0 had errors.
LOG (gmm-acc-stats-ali[5.4.105~1-4fda]:main():gmm-acc-stats-ali.cc:112) Done 4091 files, 14 with errors.
LOG (gmm-acc-stats-ali[5.4.105~1-4fda]:main():gmm-acc-stats-ali.cc:115) Overall avg like per frame (Gaussian only) = -51.789 over 859750 frames.
LOG (gmm-acc-stats-ali[5.4.105~1-4fda]:main():gmm-acc-stats-ali.cc:123) Written accs.
# Accounting: time=11 threads=1
# Ended (code 0) at Thu Nov  1 00:45:19 EDT 2018, elapsed time 11 seconds
