# gmm-acc-stats-ali exp2/tri3a/22.mdl "ark,s,cs:apply-cmvn  --utt2spk=ark:data/st_ihm_all/train/split30/11/utt2spk scp:data/st_ihm_all/train/split30/11/cmvn.scp scp:data/st_ihm_all/train/split30/11/feats.scp ark:- | splice-feats --left-context=3 --right-context=3 ark:- ark:- | transform-feats exp2/tri3a/12.mat ark:- ark:- |" "ark,s,cs:gunzip -c exp2/tri3a/ali.11.gz|" exp2/tri3a/22.11.acc 
# Started at Thu Nov  1 01:09:28 EDT 2018
#
gmm-acc-stats-ali exp2/tri3a/22.mdl 'ark,s,cs:apply-cmvn  --utt2spk=ark:data/st_ihm_all/train/split30/11/utt2spk scp:data/st_ihm_all/train/split30/11/cmvn.scp scp:data/st_ihm_all/train/split30/11/feats.scp ark:- | splice-feats --left-context=3 --right-context=3 ark:- ark:- | transform-feats exp2/tri3a/12.mat ark:- ark:- |' 'ark,s,cs:gunzip -c exp2/tri3a/ali.11.gz|' exp2/tri3a/22.11.acc 
apply-cmvn --utt2spk=ark:data/st_ihm_all/train/split30/11/utt2spk scp:data/st_ihm_all/train/split30/11/cmvn.scp scp:data/st_ihm_all/train/split30/11/feats.scp ark:- 
transform-feats exp2/tri3a/12.mat ark:- ark:- 
splice-feats --left-context=3 --right-context=3 ark:- ark:- 
LOG (gmm-acc-stats-ali[5.4.105~1-4fda]:main():gmm-acc-stats-ali.cc:105) Processed 50 utterances; for utterance AMI_ES2006d_H02_FEE021_0153587_0153812 avg. like is -52.3719 over 223 frames.
LOG (gmm-acc-stats-ali[5.4.105~1-4fda]:main():gmm-acc-stats-ali.cc:105) Processed 100 utterances; for utterance AMI_ES2006d_H02_FEE021_0178806_0178858 avg. like is -52.7115 over 50 frames.
LOG (gmm-acc-stats-ali[5.4.105~1-4fda]:main():gmm-acc-stats-ali.cc:105) Processed 150 utterances; for utterance AMI_ES2006d_H03_FEO023_0019377_0019789 avg. like is -48.0323 over 410 frames.
LOG (gmm-acc-stats-ali[5.4.105~1-4fda]:main():gmm-acc-stats-ali.cc:105) Processed 200 utterances; for utterance AMI_ES2006d_H03_FEO023_0065503_0065892 avg. like is -49.9531 over 387 frames.
LOG (gmm-acc-stats-ali[5.4.105~1-4fda]:main():gmm-acc-stats-ali.cc:105) Processed 250 utterances; for utterance AMI_ES2006d_H03_FEO023_0116894_0117102 avg. like is -49.8755 over 206 frames.
LOG (gmm-acc-stats-ali[5.4.105~1-4fda]:main():gmm-acc-stats-ali.cc:105) Processed 300 utterances; for utterance AMI_ES2006d_H03_FEO023_0174180_0174608 avg. like is -50.9164 over 426 frames.
LOG (gmm-acc-stats-ali[5.4.105~1-4fda]:main():gmm-acc-stats-ali.cc:105) Processed 350 utterances; for utterance AMI_ES2007a_H00_MEE025_0024906_0025051 avg. like is -40.4619 over 143 frames.
LOG (gmm-acc-stats-ali[5.4.105~1-4fda]:main():gmm-acc-stats-ali.cc:105) Processed 400 utterances; for utterance AMI_ES2007a_H00_MEE025_0069113_0069225 avg. like is -48.4592 over 110 frames.
LOG (gmm-acc-stats-ali[5.4.105~1-4fda]:main():gmm-acc-stats-ali.cc:105) Processed 450 utterances; for utterance AMI_ES2007a_H00_MEE025_0107981_0108026 avg. like is -51.2815 over 43 frames.
LOG (gmm-acc-stats-ali[5.4.105~1-4fda]:main():gmm-acc-stats-ali.cc:105) Processed 500 utterances; for utterance AMI_ES2007a_H01_FEO026_0051232_0051367 avg. like is -56.1595 over 133 frames.
WARNING (gmm-acc-stats-ali[5.4.105~1-4fda]:main():gmm-acc-stats-ali.cc:79) No alignment for utterance AMI_ES2007a_H01_FEO026_0120583_0120595
LOG (gmm-acc-stats-ali[5.4.105~1-4fda]:main():gmm-acc-stats-ali.cc:105) Processed 550 utterances; for utterance AMI_ES2007a_H02_MEE027_0038448_0038489 avg. like is -55.732 over 39 frames.
LOG (gmm-acc-stats-ali[5.4.105~1-4fda]:main():gmm-acc-stats-ali.cc:105) Processed 600 utterances; for utterance AMI_ES2007a_H02_MEE027_0100752_0100936 avg. like is -48.5767 over 182 frames.
LOG (gmm-acc-stats-ali[5.4.105~1-4fda]:main():gmm-acc-stats-ali.cc:105) Processed 650 utterances; for utterance AMI_ES2007a_H03_FEE028_0042761_0042912 avg. like is -52.0959 over 149 frames.
LOG (gmm-acc-stats-ali[5.4.105~1-4fda]:main():gmm-acc-stats-ali.cc:105) Processed 700 utterances; for utterance AMI_ES2007a_H03_FEE028_0106444_0106476 avg. like is -43.7926 over 30 frames.
WARNING (gmm-acc-stats-ali[5.4.105~1-4fda]:main():gmm-acc-stats-ali.cc:79) No alignment for utterance AMI_ES2007a_H03_FEE028_0115863_0116028
LOG (gmm-acc-stats-ali[5.4.105~1-4fda]:main():gmm-acc-stats-ali.cc:105) Processed 750 utterances; for utterance AMI_ES2007b_H00_MEE025_0023664_0024130 avg. like is -49.5207 over 464 frames.
LOG (gmm-acc-stats-ali[5.4.105~1-4fda]:main():gmm-acc-stats-ali.cc:105) Processed 800 utterances; for utterance AMI_ES2007b_H00_MEE025_0088480_0088528 avg. like is -43.61 over 46 frames.
LOG (gmm-acc-stats-ali[5.4.105~1-4fda]:main():gmm-acc-stats-ali.cc:105) Processed 850 utterances; for utterance AMI_ES2007b_H00_MEE025_0135083_0135350 avg. like is -58.0402 over 265 frames.
LOG (gmm-acc-stats-ali[5.4.105~1-4fda]:main():gmm-acc-stats-ali.cc:105) Processed 900 utterances; for utterance AMI_ES2007b_H00_MEE025_0161974_0162095 avg. like is -50.6788 over 119 frames.
LOG (gmm-acc-stats-ali[5.4.105~1-4fda]:main():gmm-acc-stats-ali.cc:105) Processed 950 utterances; for utterance AMI_ES2007b_H01_FEO026_0040523_0041182 avg. like is -49.2824 over 657 frames.
LOG (gmm-acc-stats-ali[5.4.105~1-4fda]:main():gmm-acc-stats-ali.cc:105) Processed 1000 utterances; for utterance AMI_ES2007b_H02_MEE027_0003349_0003361 avg. like is -66.868 over 10 frames.
LOG (gmm-acc-stats-ali[5.4.105~1-4fda]:main():gmm-acc-stats-ali.cc:105) Processed 1050 utterances; for utterance AMI_ES2007b_H02_MEE027_0084681_0085421 avg. like is -47.1876 over 738 frames.
LOG (gmm-acc-stats-ali[5.4.105~1-4fda]:main():gmm-acc-stats-ali.cc:105) Processed 1100 utterances; for utterance AMI_ES2007b_H02_MEE027_0150906_0150928 avg. like is -51.3004 over 20 frames.
LOG (gmm-acc-stats-ali[5.4.105~1-4fda]:main():gmm-acc-stats-ali.cc:105) Processed 1150 utterances; for utterance AMI_ES2007b_H03_FEE028_0096346_0096467 avg. like is -52.7283 over 119 frames.
LOG (gmm-acc-stats-ali[5.4.105~1-4fda]:main():gmm-acc-stats-ali.cc:105) Processed 1200 utterances; for utterance AMI_ES2007b_H03_FEE028_0126733_0126808 avg. like is -53.1446 over 73 frames.
LOG (gmm-acc-stats-ali[5.4.105~1-4fda]:main():gmm-acc-stats-ali.cc:105) Processed 1250 utterances; for utterance AMI_ES2007c_H00_MEE025_0026155_0026382 avg. like is -49.7141 over 225 frames.
LOG (gmm-acc-stats-ali[5.4.105~1-4fda]:main():gmm-acc-stats-ali.cc:105) Processed 1300 utterances; for utterance AMI_ES2007c_H00_MEE025_0082475_0082519 avg. like is -51.0269 over 42 frames.
LOG (gmm-acc-stats-ali[5.4.105~1-4fda]:main():gmm-acc-stats-ali.cc:105) Processed 1350 utterances; for utterance AMI_ES2007c_H00_MEE025_0125770_0125788 avg. like is -54.6386 over 16 frames.
LOG (gmm-acc-stats-ali[5.4.105~1-4fda]:main():gmm-acc-stats-ali.cc:105) Processed 1400 utterances; for utterance AMI_ES2007c_H00_MEE025_0176375_0176720 avg. like is -56.4766 over 343 frames.
LOG (gmm-acc-stats-ali[5.4.105~1-4fda]:main():gmm-acc-stats-ali.cc:105) Processed 1450 utterances; for utterance AMI_ES2007c_H00_MEE025_0213421_0213828 avg. like is -47.111 over 405 frames.
LOG (gmm-acc-stats-ali[5.4.105~1-4fda]:main():gmm-acc-stats-ali.cc:105) Processed 1500 utterances; for utterance AMI_ES2007c_H01_FEO026_0030032_0030613 avg. like is -52.9834 over 579 frames.
LOG (gmm-acc-stats-ali[5.4.105~1-4fda]:main():gmm-acc-stats-ali.cc:105) Processed 1550 utterances; for utterance AMI_ES2007c_H01_FEO026_0060771_0060948 avg. like is -54.9991 over 175 frames.
LOG (gmm-acc-stats-ali[5.4.105~1-4fda]:main():gmm-acc-stats-ali.cc:105) Processed 1600 utterances; for utterance AMI_ES2007c_H01_FEO026_0153403_0153622 avg. like is -58.3917 over 217 frames.
LOG (gmm-acc-stats-ali[5.4.105~1-4fda]:main():gmm-acc-stats-ali.cc:105) Processed 1650 utterances; for utterance AMI_ES2007c_H02_MEE027_0077563_0078302 avg. like is -47.5629 over 737 frames.
LOG (gmm-acc-stats-ali[5.4.105~1-4fda]:main():gmm-acc-stats-ali.cc:105) Processed 1700 utterances; for utterance AMI_ES2007c_H02_MEE027_0112225_0112923 avg. like is -45.8325 over 696 frames.
LOG (gmm-acc-stats-ali[5.4.105~1-4fda]:main():gmm-acc-stats-ali.cc:105) Processed 1750 utterances; for utterance AMI_ES2007c_H02_MEE027_0161630_0161806 avg. like is -47.7366 over 174 frames.
LOG (gmm-acc-stats-ali[5.4.105~1-4fda]:main():gmm-acc-stats-ali.cc:105) Processed 1800 utterances; for utterance AMI_ES2007c_H02_MEE027_0232550_0232596 avg. like is -39.2512 over 44 frames.
LOG (gmm-acc-stats-ali[5.4.105~1-4fda]:main():gmm-acc-stats-ali.cc:105) Processed 1850 utterances; for utterance AMI_ES2007c_H03_FEE028_0115333_0115379 avg. like is -46.1021 over 44 frames.
WARNING (gmm-acc-stats-ali[5.4.105~1-4fda]:main():gmm-acc-stats-ali.cc:79) No alignment for utterance AMI_ES2007c_H03_FEE028_0145639_0145752
LOG (gmm-acc-stats-ali[5.4.105~1-4fda]:main():gmm-acc-stats-ali.cc:105) Processed 1900 utterances; for utterance AMI_ES2007c_H03_FEE028_0162188_0163092 avg. like is -54.3365 over 902 frames.
WARNING (gmm-acc-stats-ali[5.4.105~1-4fda]:main():gmm-acc-stats-ali.cc:79) No alignment for utterance AMI_ES2007c_H03_FEE028_0187304_0188086
LOG (gmm-acc-stats-ali[5.4.105~1-4fda]:main():gmm-acc-stats-ali.cc:105) Processed 1950 utterances; for utterance AMI_ES2007c_H03_FEE028_0195157_0195271 avg. like is -55.983 over 112 frames.
LOG (gmm-acc-stats-ali[5.4.105~1-4fda]:main():gmm-acc-stats-ali.cc:105) Processed 2000 utterances; for utterance AMI_ES2007d_H00_MEE025_0027199_0027269 avg. like is -57.7334 over 68 frames.
LOG (gmm-acc-stats-ali[5.4.105~1-4fda]:main():gmm-acc-stats-ali.cc:105) Processed 2050 utterances; for utterance AMI_ES2007d_H00_MEE025_0049975_0050118 avg. like is -45.6003 over 141 frames.
LOG (gmm-acc-stats-ali[5.4.105~1-4fda]:main():gmm-acc-stats-ali.cc:105) Processed 2100 utterances; for utterance AMI_ES2007d_H00_MEE025_0095455_0095970 avg. like is -52.0178 over 513 frames.
LOG (gmm-acc-stats-ali[5.4.105~1-4fda]:main():gmm-acc-stats-ali.cc:105) Processed 2150 utterances; for utterance AMI_ES2007d_H00_MEE025_0123428_0123458 avg. like is -41.9371 over 28 frames.
LOG (gmm-acc-stats-ali[5.4.105~1-4fda]:main():gmm-acc-stats-ali.cc:105) Processed 2200 utterances; for utterance AMI_ES2007d_H01_FEO026_0108891_0108942 avg. like is -54.3192 over 49 frames.
LOG (gmm-acc-stats-ali[5.4.105~1-4fda]:main():gmm-acc-stats-ali.cc:105) Processed 2250 utterances; for utterance AMI_ES2007d_H02_MEE027_0039459_0039484 avg. like is -42.5528 over 23 frames.
LOG (gmm-acc-stats-ali[5.4.105~1-4fda]:main():gmm-acc-stats-ali.cc:105) Processed 2300 utterances; for utterance AMI_ES2007d_H02_MEE027_0093816_0094129 avg. like is -45.8242 over 311 frames.
LOG (gmm-acc-stats-ali[5.4.105~1-4fda]:main():gmm-acc-stats-ali.cc:105) Processed 2350 utterances; for utterance AMI_ES2007d_H03_FEE028_0029519_0029758 avg. like is -48.386 over 237 frames.
LOG (gmm-acc-stats-ali[5.4.105~1-4fda]:main():gmm-acc-stats-ali.cc:105) Processed 2400 utterances; for utterance AMI_ES2007d_H03_FEE028_0063770_0063980 avg. like is -52.1859 over 208 frames.
WARNING (gmm-acc-stats-ali[5.4.105~1-4fda]:main():gmm-acc-stats-ali.cc:79) No alignment for utterance AMI_ES2007d_H03_FEE028_0087748_0087898
LOG (gmm-acc-stats-ali[5.4.105~1-4fda]:main():gmm-acc-stats-ali.cc:105) Processed 2450 utterances; for utterance AMI_ES2007d_H03_FEE028_0091302_0091565 avg. like is -51.0386 over 261 frames.
LOG (gmm-acc-stats-ali[5.4.105~1-4fda]:main():gmm-acc-stats-ali.cc:105) Processed 2500 utterances; for utterance AMI_ES2008a_H00_FEE029_0012944_0013007 avg. like is -55.0176 over 61 frames.
LOG (gmm-acc-stats-ali[5.4.105~1-4fda]:main():gmm-acc-stats-ali.cc:105) Processed 2550 utterances; for utterance AMI_ES2008a_H00_FEE029_0076129_0076491 avg. like is -53.3598 over 360 frames.
LOG (gmm-acc-stats-ali[5.4.105~1-4fda]:main():gmm-acc-stats-ali.cc:105) Processed 2600 utterances; for utterance AMI_ES2008a_H01_FEE030_0013581_0013847 avg. like is -56.6787 over 264 frames.
LOG (gmm-acc-stats-ali[5.4.105~1-4fda]:main():gmm-acc-stats-ali.cc:105) Processed 2650 utterances; for utterance AMI_ES2008a_H01_FEE030_0074763_0074792 avg. like is -59.1731 over 27 frames.
LOG (gmm-acc-stats-ali[5.4.105~1-4fda]:main():gmm-acc-stats-ali.cc:105) Processed 2700 utterances; for utterance AMI_ES2008a_H02_MEE031_0078399_0079398 avg. like is -44.4271 over 997 frames.
WARNING (gmm-acc-stats-ali[5.4.105~1-4fda]:main():gmm-acc-stats-ali.cc:79) No alignment for utterance AMI_ES2008a_H03_FEE032_0035070_0035248
LOG (gmm-acc-stats-ali[5.4.105~1-4fda]:main():gmm-acc-stats-ali.cc:105) Processed 2750 utterances; for utterance AMI_ES2008a_H03_FEE032_0067367_0067406 avg. like is -54.0013 over 37 frames.
LOG (gmm-acc-stats-ali[5.4.105~1-4fda]:main():gmm-acc-stats-ali.cc:105) Processed 2800 utterances; for utterance AMI_ES2008b_H00_FEE029_0025436_0025647 avg. like is -55.184 over 209 frames.
LOG (gmm-acc-stats-ali[5.4.105~1-4fda]:main():gmm-acc-stats-ali.cc:105) Processed 2850 utterances; for utterance AMI_ES2008b_H00_FEE029_0126405_0126465 avg. like is -62.3344 over 58 frames.
LOG (gmm-acc-stats-ali[5.4.105~1-4fda]:main():gmm-acc-stats-ali.cc:105) Processed 2900 utterances; for utterance AMI_ES2008b_H00_FEE029_0162603_0162651 avg. like is -54.6683 over 46 frames.
LOG (gmm-acc-stats-ali[5.4.105~1-4fda]:main():gmm-acc-stats-ali.cc:105) Processed 2950 utterances; for utterance AMI_ES2008b_H00_FEE029_0195113_0195355 avg. like is -59.1048 over 240 frames.
LOG (gmm-acc-stats-ali[5.4.105~1-4fda]:main():gmm-acc-stats-ali.cc:105) Processed 3000 utterances; for utterance AMI_ES2008b_H01_FEE030_0009175_0009208 avg. like is -54.0457 over 31 frames.
LOG (gmm-acc-stats-ali[5.4.105~1-4fda]:main():gmm-acc-stats-ali.cc:105) Processed 3050 utterances; for utterance AMI_ES2008b_H01_FEE030_0105904_0106585 avg. like is -51.2023 over 679 frames.
LOG (gmm-acc-stats-ali[5.4.105~1-4fda]:main():gmm-acc-stats-ali.cc:105) Processed 3100 utterances; for utterance AMI_ES2008b_H01_FEE030_0153175_0153505 avg. like is -50.5853 over 328 frames.
LOG (gmm-acc-stats-ali[5.4.105~1-4fda]:main():gmm-acc-stats-ali.cc:105) Processed 3150 utterances; for utterance AMI_ES2008b_H01_FEE030_0204462_0204500 avg. like is -45.6575 over 36 frames.
WARNING (gmm-acc-stats-ali[5.4.105~1-4fda]:main():gmm-acc-stats-ali.cc:79) No alignment for utterance AMI_ES2008b_H01_FEE030_0205575_0206198
LOG (gmm-acc-stats-ali[5.4.105~1-4fda]:main():gmm-acc-stats-ali.cc:105) Processed 3200 utterances; for utterance AMI_ES2008b_H02_MEE031_0066119_0066722 avg. like is -43.7093 over 601 frames.
LOG (gmm-acc-stats-ali[5.4.105~1-4fda]:main():gmm-acc-stats-ali.cc:105) Processed 3250 utterances; for utterance AMI_ES2008b_H02_MEE031_0137109_0137143 avg. like is -47.1232 over 32 frames.
LOG (gmm-acc-stats-ali[5.4.105~1-4fda]:main():gmm-acc-stats-ali.cc:105) Processed 3300 utterances; for utterance AMI_ES2008b_H02_MEE031_0204817_0204838 avg. like is -40.7621 over 19 frames.
LOG (gmm-acc-stats-ali[5.4.105~1-4fda]:main():gmm-acc-stats-ali.cc:105) Processed 3350 utterances; for utterance AMI_ES2008b_H03_FEE032_0042731_0043401 avg. like is -53.8702 over 668 frames.
WARNING (gmm-acc-stats-ali[5.4.105~1-4fda]:main():gmm-acc-stats-ali.cc:79) No alignment for utterance AMI_ES2008b_H03_FEE032_0051702_0051723
LOG (gmm-acc-stats-ali[5.4.105~1-4fda]:main():gmm-acc-stats-ali.cc:105) Processed 3400 utterances; for utterance AMI_ES2008b_H03_FEE032_0168059_0168515 avg. like is -57.2744 over 454 frames.
LOG (gmm-acc-stats-ali[5.4.105~1-4fda]:main():gmm-acc-stats-ali.cc:105) Processed 3450 utterances; for utterance AMI_ES2008c_H00_FEE029_0004857_0004899 avg. like is -55.3255 over 40 frames.
LOG (gmm-acc-stats-ali[5.4.105~1-4fda]:main():gmm-acc-stats-ali.cc:105) Processed 3500 utterances; for utterance AMI_ES2008c_H00_FEE029_0094839_0095046 avg. like is -51.2057 over 205 frames.
LOG (gmm-acc-stats-ali[5.4.105~1-4fda]:main():gmm-acc-stats-ali.cc:105) Processed 3550 utterances; for utterance AMI_ES2008c_H00_FEE029_0155447_0156074 avg. like is -58.6092 over 625 frames.
LOG (gmm-acc-stats-ali[5.4.105~1-4fda]:main():gmm-acc-stats-ali.cc:105) Processed 3600 utterances; for utterance AMI_ES2008c_H00_FEE029_0198583_0198645 avg. like is -45.2678 over 60 frames.
LOG (gmm-acc-stats-ali[5.4.105~1-4fda]:main():gmm-acc-stats-ali.cc:105) Processed 3650 utterances; for utterance AMI_ES2008c_H01_FEE030_0030333_0031102 avg. like is -48.7925 over 767 frames.
LOG (gmm-acc-stats-ali[5.4.105~1-4fda]:main():gmm-acc-stats-ali.cc:105) Processed 3700 utterances; for utterance AMI_ES2008c_H01_FEE030_0052045_0052225 avg. like is -49.5948 over 178 frames.
LOG (gmm-acc-stats-ali[5.4.105~1-4fda]:main():gmm-acc-stats-ali.cc:105) Processed 3750 utterances; for utterance AMI_ES2008c_H01_FEE030_0142351_0142422 avg. like is -45.3623 over 69 frames.
LOG (gmm-acc-stats-ali[5.4.105~1-4fda]:main():gmm-acc-stats-ali.cc:105) Processed 3800 utterances; for utterance AMI_ES2008c_H01_FEE030_0168786_0168949 avg. like is -46.798 over 161 frames.
LOG (gmm-acc-stats-ali[5.4.105~1-4fda]:main():gmm-acc-stats-ali.cc:105) Processed 3850 utterances; for utterance AMI_ES2008c_H01_FEE030_0207515_0207936 avg. like is -61.4522 over 419 frames.
LOG (gmm-acc-stats-ali[5.4.105~1-4fda]:main():gmm-acc-stats-ali.cc:105) Processed 3900 utterances; for utterance AMI_ES2008c_H02_MEE031_0079855_0080756 avg. like is -46.2 over 899 frames.
LOG (gmm-acc-stats-ali[5.4.105~1-4fda]:main():gmm-acc-stats-ali.cc:105) Processed 3950 utterances; for utterance AMI_ES2008c_H02_MEE031_0146752_0146780 avg. like is -49.051 over 26 frames.
LOG (apply-cmvn[5.4.105~1-4fda]:main():apply-cmvn.cc:162) Applied cepstral mean normalization to 3988 utterances, errors on 0
LOG (transform-feats[5.4.105~1-4fda]:main():transform-feats.cc:158) Overall average [pseudo-]logdet is -92.7184 over 1.07429e+06 frames.
LOG (transform-feats[5.4.105~1-4fda]:main():transform-feats.cc:161) Applied transform to 3988 utterances; 0 had errors.
LOG (gmm-acc-stats-ali[5.4.105~1-4fda]:main():gmm-acc-stats-ali.cc:112) Done 3980 files, 8 with errors.
LOG (gmm-acc-stats-ali[5.4.105~1-4fda]:main():gmm-acc-stats-ali.cc:115) Overall avg like per frame (Gaussian only) = -50.4144 over 1072260 frames.
LOG (gmm-acc-stats-ali[5.4.105~1-4fda]:main():gmm-acc-stats-ali.cc:123) Written accs.
# Accounting: time=23 threads=1
# Ended (code 0) at Thu Nov  1 01:09:51 EDT 2018, elapsed time 23 seconds
