# gmm-acc-stats-ali exp2/tri3a/19.mdl "ark,s,cs:apply-cmvn  --utt2spk=ark:data/st_ihm_all/train/split30/10/utt2spk scp:data/st_ihm_all/train/split30/10/cmvn.scp scp:data/st_ihm_all/train/split30/10/feats.scp ark:- | splice-feats --left-context=3 --right-context=3 ark:- ark:- | transform-feats exp2/tri3a/12.mat ark:- ark:- |" "ark,s,cs:gunzip -c exp2/tri3a/ali.10.gz|" exp2/tri3a/19.10.acc 
# Started at Thu Nov  1 01:00:00 EDT 2018
#
gmm-acc-stats-ali exp2/tri3a/19.mdl 'ark,s,cs:apply-cmvn  --utt2spk=ark:data/st_ihm_all/train/split30/10/utt2spk scp:data/st_ihm_all/train/split30/10/cmvn.scp scp:data/st_ihm_all/train/split30/10/feats.scp ark:- | splice-feats --left-context=3 --right-context=3 ark:- ark:- | transform-feats exp2/tri3a/12.mat ark:- ark:- |' 'ark,s,cs:gunzip -c exp2/tri3a/ali.10.gz|' exp2/tri3a/19.10.acc 
splice-feats --left-context=3 --right-context=3 ark:- ark:- 
transform-feats exp2/tri3a/12.mat ark:- ark:- 
apply-cmvn --utt2spk=ark:data/st_ihm_all/train/split30/10/utt2spk scp:data/st_ihm_all/train/split30/10/cmvn.scp scp:data/st_ihm_all/train/split30/10/feats.scp ark:- 
LOG (gmm-acc-stats-ali[5.4.105~1-4fda]:main():gmm-acc-stats-ali.cc:105) Processed 50 utterances; for utterance AMI_ES2005c_H00_MEE018_0059484_0059514 avg. like is -46.1814 over 28 frames.
LOG (gmm-acc-stats-ali[5.4.105~1-4fda]:main():gmm-acc-stats-ali.cc:105) Processed 100 utterances; for utterance AMI_ES2005c_H00_MEE018_0111202_0111245 avg. like is -38.3853 over 41 frames.
LOG (gmm-acc-stats-ali[5.4.105~1-4fda]:main():gmm-acc-stats-ali.cc:105) Processed 150 utterances; for utterance AMI_ES2005c_H00_MEE018_0144712_0144789 avg. like is -46.6224 over 75 frames.
LOG (gmm-acc-stats-ali[5.4.105~1-4fda]:main():gmm-acc-stats-ali.cc:105) Processed 200 utterances; for utterance AMI_ES2005c_H00_MEE018_0194341_0194381 avg. like is -37.1438 over 38 frames.
LOG (gmm-acc-stats-ali[5.4.105~1-4fda]:main():gmm-acc-stats-ali.cc:105) Processed 250 utterances; for utterance AMI_ES2005c_H01_MEO020_0024507_0025164 avg. like is -49.9185 over 655 frames.
LOG (gmm-acc-stats-ali[5.4.105~1-4fda]:main():gmm-acc-stats-ali.cc:105) Processed 300 utterances; for utterance AMI_ES2005c_H01_MEO020_0160694_0161053 avg. like is -53.4739 over 357 frames.
LOG (gmm-acc-stats-ali[5.4.105~1-4fda]:main():gmm-acc-stats-ali.cc:105) Processed 350 utterances; for utterance AMI_ES2005c_H01_MEO020_0213848_0213891 avg. like is -35.3836 over 41 frames.
LOG (gmm-acc-stats-ali[5.4.105~1-4fda]:main():gmm-acc-stats-ali.cc:105) Processed 400 utterances; for utterance AMI_ES2005c_H02_MEE017_0053054_0053232 avg. like is -50.1689 over 176 frames.
LOG (gmm-acc-stats-ali[5.4.105~1-4fda]:main():gmm-acc-stats-ali.cc:105) Processed 450 utterances; for utterance AMI_ES2005c_H02_MEE017_0094275_0094688 avg. like is -50.2057 over 411 frames.
LOG (gmm-acc-stats-ali[5.4.105~1-4fda]:main():gmm-acc-stats-ali.cc:105) Processed 500 utterances; for utterance AMI_ES2005c_H02_MEE017_0133669_0133807 avg. like is -43.3028 over 136 frames.
LOG (gmm-acc-stats-ali[5.4.105~1-4fda]:main():gmm-acc-stats-ali.cc:105) Processed 550 utterances; for utterance AMI_ES2005c_H02_MEE017_0169184_0169523 avg. like is -56.4306 over 337 frames.
LOG (gmm-acc-stats-ali[5.4.105~1-4fda]:main():gmm-acc-stats-ali.cc:105) Processed 600 utterances; for utterance AMI_ES2005c_H02_MEE017_0199165_0199784 avg. like is -49.2731 over 617 frames.
LOG (gmm-acc-stats-ali[5.4.105~1-4fda]:main():gmm-acc-stats-ali.cc:105) Processed 650 utterances; for utterance AMI_ES2005c_H02_MEE017_0222309_0222454 avg. like is -59.2231 over 143 frames.
LOG (gmm-acc-stats-ali[5.4.105~1-4fda]:main():gmm-acc-stats-ali.cc:105) Processed 700 utterances; for utterance AMI_ES2005c_H03_FEE019_0033916_0033951 avg. like is -57.581 over 33 frames.
WARNING (gmm-acc-stats-ali[5.4.105~1-4fda]:main():gmm-acc-stats-ali.cc:79) No alignment for utterance AMI_ES2005c_H03_FEE019_0053398_0054030
LOG (gmm-acc-stats-ali[5.4.105~1-4fda]:main():gmm-acc-stats-ali.cc:105) Processed 750 utterances; for utterance AMI_ES2005c_H03_FEE019_0057654_0057962 avg. like is -58.2812 over 306 frames.
LOG (gmm-acc-stats-ali[5.4.105~1-4fda]:main():gmm-acc-stats-ali.cc:105) Processed 800 utterances; for utterance AMI_ES2005c_H03_FEE019_0080848_0081034 avg. like is -49.4153 over 184 frames.
LOG (gmm-acc-stats-ali[5.4.105~1-4fda]:main():gmm-acc-stats-ali.cc:105) Processed 850 utterances; for utterance AMI_ES2005c_H03_FEE019_0121088_0121124 avg. like is -33.8635 over 34 frames.
WARNING (gmm-acc-stats-ali[5.4.105~1-4fda]:main():gmm-acc-stats-ali.cc:79) No alignment for utterance AMI_ES2005c_H03_FEE019_0124254_0124394
LOG (gmm-acc-stats-ali[5.4.105~1-4fda]:main():gmm-acc-stats-ali.cc:105) Processed 900 utterances; for utterance AMI_ES2005c_H03_FEE019_0149902_0150009 avg. like is -49.3108 over 105 frames.
WARNING (gmm-acc-stats-ali[5.4.105~1-4fda]:main():gmm-acc-stats-ali.cc:79) No alignment for utterance AMI_ES2005c_H03_FEE019_0174424_0174924
LOG (gmm-acc-stats-ali[5.4.105~1-4fda]:main():gmm-acc-stats-ali.cc:105) Processed 950 utterances; for utterance AMI_ES2005c_H03_FEE019_0181953_0181976 avg. like is -45.0473 over 21 frames.
LOG (gmm-acc-stats-ali[5.4.105~1-4fda]:main():gmm-acc-stats-ali.cc:105) Processed 1000 utterances; for utterance AMI_ES2005d_H00_MEE018_0013125_0013152 avg. like is -48.1269 over 25 frames.
LOG (gmm-acc-stats-ali[5.4.105~1-4fda]:main():gmm-acc-stats-ali.cc:105) Processed 1050 utterances; for utterance AMI_ES2005d_H00_MEE018_0080927_0081034 avg. like is -48.4446 over 105 frames.
LOG (gmm-acc-stats-ali[5.4.105~1-4fda]:main():gmm-acc-stats-ali.cc:105) Processed 1100 utterances; for utterance AMI_ES2005d_H01_MEO020_0020610_0020734 avg. like is -57.7637 over 122 frames.
LOG (gmm-acc-stats-ali[5.4.105~1-4fda]:main():gmm-acc-stats-ali.cc:105) Processed 1150 utterances; for utterance AMI_ES2005d_H01_MEO020_0089330_0090082 avg. like is -53.0581 over 750 frames.
LOG (gmm-acc-stats-ali[5.4.105~1-4fda]:main():gmm-acc-stats-ali.cc:105) Processed 1200 utterances; for utterance AMI_ES2005d_H01_MEO020_0126740_0127098 avg. like is -56.1435 over 356 frames.
LOG (gmm-acc-stats-ali[5.4.105~1-4fda]:main():gmm-acc-stats-ali.cc:105) Processed 1250 utterances; for utterance AMI_ES2005d_H01_MEO020_0165969_0166343 avg. like is -51.3819 over 372 frames.
LOG (gmm-acc-stats-ali[5.4.105~1-4fda]:main():gmm-acc-stats-ali.cc:105) Processed 1300 utterances; for utterance AMI_ES2005d_H02_MEE017_0030205_0030307 avg. like is -51.6485 over 100 frames.
LOG (gmm-acc-stats-ali[5.4.105~1-4fda]:main():gmm-acc-stats-ali.cc:105) Processed 1350 utterances; for utterance AMI_ES2005d_H02_MEE017_0056082_0056355 avg. like is -54.916 over 271 frames.
LOG (gmm-acc-stats-ali[5.4.105~1-4fda]:main():gmm-acc-stats-ali.cc:105) Processed 1400 utterances; for utterance AMI_ES2005d_H02_MEE017_0074836_0075312 avg. like is -49.7421 over 474 frames.
LOG (gmm-acc-stats-ali[5.4.105~1-4fda]:main():gmm-acc-stats-ali.cc:105) Processed 1450 utterances; for utterance AMI_ES2005d_H02_MEE017_0164194_0164321 avg. like is -55.0518 over 125 frames.
WARNING (gmm-acc-stats-ali[5.4.105~1-4fda]:main():gmm-acc-stats-ali.cc:79) No alignment for utterance AMI_ES2005d_H03_FEE019_0020491_0020784
LOG (gmm-acc-stats-ali[5.4.105~1-4fda]:main():gmm-acc-stats-ali.cc:105) Processed 1500 utterances; for utterance AMI_ES2005d_H03_FEE019_0032835_0032895 avg. like is -55.4737 over 58 frames.
LOG (gmm-acc-stats-ali[5.4.105~1-4fda]:main():gmm-acc-stats-ali.cc:105) Processed 1550 utterances; for utterance AMI_ES2005d_H03_FEE019_0094936_0095038 avg. like is -54.6262 over 100 frames.
WARNING (gmm-acc-stats-ali[5.4.105~1-4fda]:main():gmm-acc-stats-ali.cc:79) No alignment for utterance AMI_ES2005d_H03_FEE019_0130611_0130897
LOG (gmm-acc-stats-ali[5.4.105~1-4fda]:main():gmm-acc-stats-ali.cc:105) Processed 1600 utterances; for utterance AMI_ES2005d_H03_FEE019_0147424_0147462 avg. like is -46.4417 over 36 frames.
LOG (gmm-acc-stats-ali[5.4.105~1-4fda]:main():gmm-acc-stats-ali.cc:105) Processed 1650 utterances; for utterance AMI_ES2006a_H00_MEO022_0069204_0070169 avg. like is -46.9094 over 963 frames.
LOG (gmm-acc-stats-ali[5.4.105~1-4fda]:main():gmm-acc-stats-ali.cc:105) Processed 1700 utterances; for utterance AMI_ES2006a_H01_FEE024_0033149_0033819 avg. like is -52.1071 over 668 frames.
LOG (gmm-acc-stats-ali[5.4.105~1-4fda]:main():gmm-acc-stats-ali.cc:105) Processed 1750 utterances; for utterance AMI_ES2006a_H01_FEE024_0114463_0114507 avg. like is -42.5891 over 42 frames.
LOG (gmm-acc-stats-ali[5.4.105~1-4fda]:main():gmm-acc-stats-ali.cc:105) Processed 1800 utterances; for utterance AMI_ES2006a_H02_FEE021_0043960_0044055 avg. like is -43.7218 over 93 frames.
LOG (gmm-acc-stats-ali[5.4.105~1-4fda]:main():gmm-acc-stats-ali.cc:105) Processed 1850 utterances; for utterance AMI_ES2006a_H02_FEE021_0101284_0102129 avg. like is -49.1906 over 843 frames.
LOG (gmm-acc-stats-ali[5.4.105~1-4fda]:main():gmm-acc-stats-ali.cc:105) Processed 1900 utterances; for utterance AMI_ES2006a_H03_FEO023_0048989_0049032 avg. like is -64.3883 over 41 frames.
LOG (gmm-acc-stats-ali[5.4.105~1-4fda]:main():gmm-acc-stats-ali.cc:105) Processed 1950 utterances; for utterance AMI_ES2006b_H00_MEO022_0016316_0016565 avg. like is -50.4327 over 247 frames.
LOG (gmm-acc-stats-ali[5.4.105~1-4fda]:main():gmm-acc-stats-ali.cc:105) Processed 2000 utterances; for utterance AMI_ES2006b_H00_MEO022_0059272_0059307 avg. like is -48.6621 over 33 frames.
LOG (gmm-acc-stats-ali[5.4.105~1-4fda]:main():gmm-acc-stats-ali.cc:105) Processed 2050 utterances; for utterance AMI_ES2006b_H00_MEO022_0158267_0158380 avg. like is -49.9179 over 111 frames.
LOG (gmm-acc-stats-ali[5.4.105~1-4fda]:main():gmm-acc-stats-ali.cc:105) Processed 2100 utterances; for utterance AMI_ES2006b_H00_MEO022_0197493_0198181 avg. like is -47.3402 over 686 frames.
LOG (gmm-acc-stats-ali[5.4.105~1-4fda]:main():gmm-acc-stats-ali.cc:105) Processed 2150 utterances; for utterance AMI_ES2006b_H01_FEE024_0122930_0123158 avg. like is -53.6484 over 226 frames.
LOG (gmm-acc-stats-ali[5.4.105~1-4fda]:main():gmm-acc-stats-ali.cc:105) Processed 2200 utterances; for utterance AMI_ES2006b_H01_FEE024_0146807_0147423 avg. like is -57.634 over 614 frames.
LOG (gmm-acc-stats-ali[5.4.105~1-4fda]:main():gmm-acc-stats-ali.cc:105) Processed 2250 utterances; for utterance AMI_ES2006b_H01_FEE024_0191195_0191253 avg. like is -43.156 over 56 frames.
LOG (gmm-acc-stats-ali[5.4.105~1-4fda]:main():gmm-acc-stats-ali.cc:105) Processed 2300 utterances; for utterance AMI_ES2006b_H02_FEE021_0020357_0020963 avg. like is -48.5826 over 604 frames.
LOG (gmm-acc-stats-ali[5.4.105~1-4fda]:main():gmm-acc-stats-ali.cc:105) Processed 2350 utterances; for utterance AMI_ES2006b_H02_FEE021_0106481_0106581 avg. like is -61.6073 over 98 frames.
LOG (gmm-acc-stats-ali[5.4.105~1-4fda]:main():gmm-acc-stats-ali.cc:105) Processed 2400 utterances; for utterance AMI_ES2006b_H02_FEE021_0166464_0166525 avg. like is -51.1525 over 59 frames.
LOG (gmm-acc-stats-ali[5.4.105~1-4fda]:main():gmm-acc-stats-ali.cc:105) Processed 2450 utterances; for utterance AMI_ES2006b_H02_FEE021_0201616_0201924 avg. like is -49.3325 over 306 frames.
LOG (gmm-acc-stats-ali[5.4.105~1-4fda]:main():gmm-acc-stats-ali.cc:105) Processed 2500 utterances; for utterance AMI_ES2006b_H03_FEO023_0061125_0061220 avg. like is -53.2621 over 93 frames.
LOG (gmm-acc-stats-ali[5.4.105~1-4fda]:main():gmm-acc-stats-ali.cc:105) Processed 2550 utterances; for utterance AMI_ES2006b_H03_FEO023_0093761_0094446 avg. like is -47.5926 over 683 frames.
LOG (gmm-acc-stats-ali[5.4.105~1-4fda]:main():gmm-acc-stats-ali.cc:105) Processed 2600 utterances; for utterance AMI_ES2006b_H03_FEO023_0196482_0197207 avg. like is -51.6167 over 723 frames.
LOG (gmm-acc-stats-ali[5.4.105~1-4fda]:main():gmm-acc-stats-ali.cc:105) Processed 2650 utterances; for utterance AMI_ES2006c_H00_MEO022_0024750_0025247 avg. like is -46.1724 over 495 frames.
LOG (gmm-acc-stats-ali[5.4.105~1-4fda]:main():gmm-acc-stats-ali.cc:105) Processed 2700 utterances; for utterance AMI_ES2006c_H00_MEO022_0050926_0051335 avg. like is -47.4428 over 407 frames.
LOG (gmm-acc-stats-ali[5.4.105~1-4fda]:main():gmm-acc-stats-ali.cc:105) Processed 2750 utterances; for utterance AMI_ES2006c_H00_MEO022_0120455_0120483 avg. like is -41.2705 over 26 frames.
WARNING (gmm-acc-stats-ali[5.4.105~1-4fda]:main():gmm-acc-stats-ali.cc:79) No alignment for utterance AMI_ES2006c_H00_MEO022_0128716_0129654
LOG (gmm-acc-stats-ali[5.4.105~1-4fda]:main():gmm-acc-stats-ali.cc:105) Processed 2800 utterances; for utterance AMI_ES2006c_H00_MEO022_0150439_0150898 avg. like is -49.0626 over 457 frames.
LOG (gmm-acc-stats-ali[5.4.105~1-4fda]:main():gmm-acc-stats-ali.cc:105) Processed 2850 utterances; for utterance AMI_ES2006c_H00_MEO022_0184222_0184673 avg. like is -48.1394 over 449 frames.
LOG (gmm-acc-stats-ali[5.4.105~1-4fda]:main():gmm-acc-stats-ali.cc:105) Processed 2900 utterances; for utterance AMI_ES2006c_H01_FEE024_0093191_0093263 avg. like is -56.4541 over 70 frames.
LOG (gmm-acc-stats-ali[5.4.105~1-4fda]:main():gmm-acc-stats-ali.cc:105) Processed 2950 utterances; for utterance AMI_ES2006c_H01_FEE024_0128355_0128396 avg. like is -43.6398 over 39 frames.
LOG (gmm-acc-stats-ali[5.4.105~1-4fda]:main():gmm-acc-stats-ali.cc:105) Processed 3000 utterances; for utterance AMI_ES2006c_H01_FEE024_0175525_0175746 avg. like is -55.8606 over 219 frames.
LOG (gmm-acc-stats-ali[5.4.105~1-4fda]:main():gmm-acc-stats-ali.cc:105) Processed 3050 utterances; for utterance AMI_ES2006c_H02_FEE021_0020340_0020366 avg. like is -50.7365 over 24 frames.
LOG (gmm-acc-stats-ali[5.4.105~1-4fda]:main():gmm-acc-stats-ali.cc:105) Processed 3100 utterances; for utterance AMI_ES2006c_H02_FEE021_0089869_0090072 avg. like is -45.2917 over 201 frames.
LOG (gmm-acc-stats-ali[5.4.105~1-4fda]:main():gmm-acc-stats-ali.cc:105) Processed 3150 utterances; for utterance AMI_ES2006c_H02_FEE021_0138680_0138793 avg. like is -55.9861 over 111 frames.
LOG (gmm-acc-stats-ali[5.4.105~1-4fda]:main():gmm-acc-stats-ali.cc:105) Processed 3200 utterances; for utterance AMI_ES2006c_H02_FEE021_0183018_0183077 avg. like is -39.8798 over 57 frames.
LOG (gmm-acc-stats-ali[5.4.105~1-4fda]:main():gmm-acc-stats-ali.cc:105) Processed 3250 utterances; for utterance AMI_ES2006c_H02_FEE021_0217976_0218164 avg. like is -55.526 over 186 frames.
LOG (gmm-acc-stats-ali[5.4.105~1-4fda]:main():gmm-acc-stats-ali.cc:105) Processed 3300 utterances; for utterance AMI_ES2006c_H03_FEO023_0087564_0088249 avg. like is -50.7005 over 683 frames.
LOG (gmm-acc-stats-ali[5.4.105~1-4fda]:main():gmm-acc-stats-ali.cc:105) Processed 3350 utterances; for utterance AMI_ES2006c_H03_FEO023_0172820_0172988 avg. like is -60.324 over 166 frames.
LOG (gmm-acc-stats-ali[5.4.105~1-4fda]:main():gmm-acc-stats-ali.cc:105) Processed 3400 utterances; for utterance AMI_ES2006d_H00_MEO022_0018035_0018109 avg. like is -43.9921 over 72 frames.
LOG (gmm-acc-stats-ali[5.4.105~1-4fda]:main():gmm-acc-stats-ali.cc:105) Processed 3450 utterances; for utterance AMI_ES2006d_H00_MEO022_0078913_0078949 avg. like is -49.9133 over 34 frames.
LOG (gmm-acc-stats-ali[5.4.105~1-4fda]:main():gmm-acc-stats-ali.cc:105) Processed 3500 utterances; for utterance AMI_ES2006d_H00_MEO022_0132777_0133128 avg. like is -50.4161 over 349 frames.
LOG (gmm-acc-stats-ali[5.4.105~1-4fda]:main():gmm-acc-stats-ali.cc:105) Processed 3550 utterances; for utterance AMI_ES2006d_H01_FEE024_0002750_0002900 avg. like is -49.6196 over 148 frames.
LOG (gmm-acc-stats-ali[5.4.105~1-4fda]:main():gmm-acc-stats-ali.cc:105) Processed 3600 utterances; for utterance AMI_ES2006d_H01_FEE024_0054736_0054849 avg. like is -55.7529 over 111 frames.
LOG (gmm-acc-stats-ali[5.4.105~1-4fda]:main():gmm-acc-stats-ali.cc:105) Processed 3650 utterances; for utterance AMI_ES2006d_H01_FEE024_0079005_0079544 avg. like is -51.3915 over 537 frames.
WARNING (gmm-acc-stats-ali[5.4.105~1-4fda]:main():gmm-acc-stats-ali.cc:79) No alignment for utterance AMI_ES2006d_H01_FEE024_0089048_0089401
LOG (gmm-acc-stats-ali[5.4.105~1-4fda]:main():gmm-acc-stats-ali.cc:105) Processed 3700 utterances; for utterance AMI_ES2006d_H01_FEE024_0122229_0122446 avg. like is -59.3049 over 215 frames.
LOG (gmm-acc-stats-ali[5.4.105~1-4fda]:main():gmm-acc-stats-ali.cc:105) Processed 3750 utterances; for utterance AMI_ES2006d_H01_FEE024_0153402_0153528 avg. like is -52.3598 over 124 frames.
WARNING (gmm-acc-stats-ali[5.4.105~1-4fda]:main():gmm-acc-stats-ali.cc:79) No alignment for utterance AMI_ES2006d_H01_FEE024_0163405_0164119
LOG (gmm-acc-stats-ali[5.4.105~1-4fda]:main():gmm-acc-stats-ali.cc:105) Processed 3800 utterances; for utterance AMI_ES2006d_H01_FEE024_0192414_0192527 avg. like is -53.0989 over 111 frames.
LOG (gmm-acc-stats-ali[5.4.105~1-4fda]:main():gmm-acc-stats-ali.cc:105) Processed 3850 utterances; for utterance AMI_ES2006d_H02_FEE021_0029482_0029508 avg. like is -48.0955 over 24 frames.
LOG (gmm-acc-stats-ali[5.4.105~1-4fda]:main():gmm-acc-stats-ali.cc:105) Processed 3900 utterances; for utterance AMI_ES2006d_H02_FEE021_0069875_0069918 avg. like is -37.4817 over 41 frames.
LOG (gmm-acc-stats-ali[5.4.105~1-4fda]:main():gmm-acc-stats-ali.cc:105) Processed 3950 utterances; for utterance AMI_ES2006d_H02_FEE021_0105630_0105826 avg. like is -51.8079 over 194 frames.
LOG (apply-cmvn[5.4.105~1-4fda]:main():apply-cmvn.cc:162) Applied cepstral mean normalization to 3993 utterances, errors on 0
LOG (transform-feats[5.4.105~1-4fda]:main():transform-feats.cc:158) Overall average [pseudo-]logdet is -92.7184 over 1.0956e+06 frames.
LOG (transform-feats[5.4.105~1-4fda]:main():transform-feats.cc:161) Applied transform to 3993 utterances; 0 had errors.
LOG (gmm-acc-stats-ali[5.4.105~1-4fda]:main():gmm-acc-stats-ali.cc:112) Done 3985 files, 8 with errors.
LOG (gmm-acc-stats-ali[5.4.105~1-4fda]:main():gmm-acc-stats-ali.cc:115) Overall avg like per frame (Gaussian only) = -50.6239 over 1091756 frames.
LOG (gmm-acc-stats-ali[5.4.105~1-4fda]:main():gmm-acc-stats-ali.cc:123) Written accs.
# Accounting: time=23 threads=1
# Ended (code 0) at Thu Nov  1 01:00:23 EDT 2018, elapsed time 23 seconds
