# ali-to-post "ark:gunzip -c exp2/tri2a_ali/ali.21.gz|" ark:- | weight-silence-post 0.0 1:2:3:4:5:6:7:8:9:10:11:12:13:14:15:16:17:18:19:20 exp2/tri2a_ali/final.mdl ark:- ark:- | acc-lda --rand-prune=4.0 exp2/tri2a_ali/final.mdl "ark,s,cs:apply-cmvn  --utt2spk=ark:data/st_ihm_all/train/split30/21/utt2spk scp:data/st_ihm_all/train/split30/21/cmvn.scp scp:data/st_ihm_all/train/split30/21/feats.scp ark:- | splice-feats --left-context=3 --right-context=3 ark:- ark:- |" ark,s,cs:- exp2/tri3a/lda.21.acc 
# Started at Thu Nov  1 00:34:11 EDT 2018
#
ali-to-post 'ark:gunzip -c exp2/tri2a_ali/ali.21.gz|' ark:- 
acc-lda --rand-prune=4.0 exp2/tri2a_ali/final.mdl 'ark,s,cs:apply-cmvn  --utt2spk=ark:data/st_ihm_all/train/split30/21/utt2spk scp:data/st_ihm_all/train/split30/21/cmvn.scp scp:data/st_ihm_all/train/split30/21/feats.scp ark:- | splice-feats --left-context=3 --right-context=3 ark:- ark:- |' ark,s,cs:- exp2/tri3a/lda.21.acc 
weight-silence-post 0.0 1:2:3:4:5:6:7:8:9:10:11:12:13:14:15:16:17:18:19:20 exp2/tri2a_ali/final.mdl ark:- ark:- 
apply-cmvn --utt2spk=ark:data/st_ihm_all/train/split30/21/utt2spk scp:data/st_ihm_all/train/split30/21/cmvn.scp scp:data/st_ihm_all/train/split30/21/feats.scp ark:- 
splice-feats --left-context=3 --right-context=3 ark:- ark:- 
LOG (acc-lda[5.4.105~1-4fda]:main():acc-lda.cc:114) Done 100 utterances.
LOG (acc-lda[5.4.105~1-4fda]:main():acc-lda.cc:114) Done 200 utterances.
LOG (acc-lda[5.4.105~1-4fda]:main():acc-lda.cc:114) Done 300 utterances.
WARNING (acc-lda[5.4.105~1-4fda]:main():acc-lda.cc:77) No posteriors for utterance AMI_IS1002d_H01_MIE029_0030327_0030395
LOG (acc-lda[5.4.105~1-4fda]:main():acc-lda.cc:114) Done 400 utterances.
LOG (acc-lda[5.4.105~1-4fda]:main():acc-lda.cc:114) Done 500 utterances.
LOG (acc-lda[5.4.105~1-4fda]:main():acc-lda.cc:114) Done 600 utterances.
LOG (acc-lda[5.4.105~1-4fda]:main():acc-lda.cc:114) Done 700 utterances.
LOG (acc-lda[5.4.105~1-4fda]:main():acc-lda.cc:114) Done 800 utterances.
LOG (acc-lda[5.4.105~1-4fda]:main():acc-lda.cc:114) Done 900 utterances.
LOG (acc-lda[5.4.105~1-4fda]:main():acc-lda.cc:114) Done 1000 utterances.
LOG (acc-lda[5.4.105~1-4fda]:main():acc-lda.cc:114) Done 1100 utterances.
WARNING (acc-lda[5.4.105~1-4fda]:main():acc-lda.cc:77) No posteriors for utterance AMI_IS1003b_H02_FIO017_0011754_0012267
WARNING (acc-lda[5.4.105~1-4fda]:main():acc-lda.cc:77) No posteriors for utterance AMI_IS1003b_H02_FIO017_0062375_0063550
LOG (acc-lda[5.4.105~1-4fda]:main():acc-lda.cc:114) Done 1200 utterances.
WARNING (acc-lda[5.4.105~1-4fda]:main():acc-lda.cc:77) No posteriors for utterance AMI_IS1003b_H02_FIO017_0156088_0156957
LOG (acc-lda[5.4.105~1-4fda]:main():acc-lda.cc:114) Done 1300 utterances.
LOG (acc-lda[5.4.105~1-4fda]:main():acc-lda.cc:114) Done 1400 utterances.
LOG (acc-lda[5.4.105~1-4fda]:main():acc-lda.cc:114) Done 1500 utterances.
LOG (acc-lda[5.4.105~1-4fda]:main():acc-lda.cc:114) Done 1600 utterances.
LOG (acc-lda[5.4.105~1-4fda]:main():acc-lda.cc:114) Done 1700 utterances.
LOG (acc-lda[5.4.105~1-4fda]:main():acc-lda.cc:114) Done 1800 utterances.
LOG (acc-lda[5.4.105~1-4fda]:main():acc-lda.cc:114) Done 1900 utterances.
LOG (acc-lda[5.4.105~1-4fda]:main():acc-lda.cc:114) Done 2000 utterances.
LOG (acc-lda[5.4.105~1-4fda]:main():acc-lda.cc:114) Done 2100 utterances.
LOG (acc-lda[5.4.105~1-4fda]:main():acc-lda.cc:114) Done 2200 utterances.
LOG (acc-lda[5.4.105~1-4fda]:main():acc-lda.cc:114) Done 2300 utterances.
LOG (acc-lda[5.4.105~1-4fda]:main():acc-lda.cc:114) Done 2400 utterances.
LOG (acc-lda[5.4.105~1-4fda]:main():acc-lda.cc:114) Done 2500 utterances.
LOG (acc-lda[5.4.105~1-4fda]:main():acc-lda.cc:114) Done 2600 utterances.
LOG (acc-lda[5.4.105~1-4fda]:main():acc-lda.cc:114) Done 2700 utterances.
LOG (acc-lda[5.4.105~1-4fda]:main():acc-lda.cc:114) Done 2800 utterances.
LOG (acc-lda[5.4.105~1-4fda]:main():acc-lda.cc:114) Done 2900 utterances.
LOG (acc-lda[5.4.105~1-4fda]:main():acc-lda.cc:114) Done 3000 utterances.
LOG (acc-lda[5.4.105~1-4fda]:main():acc-lda.cc:114) Done 3100 utterances.
LOG (acc-lda[5.4.105~1-4fda]:main():acc-lda.cc:114) Done 3200 utterances.
LOG (acc-lda[5.4.105~1-4fda]:main():acc-lda.cc:114) Done 3300 utterances.
LOG (acc-lda[5.4.105~1-4fda]:main():acc-lda.cc:114) Done 3400 utterances.
LOG (acc-lda[5.4.105~1-4fda]:main():acc-lda.cc:114) Done 3500 utterances.
LOG (acc-lda[5.4.105~1-4fda]:main():acc-lda.cc:114) Done 3600 utterances.
LOG (acc-lda[5.4.105~1-4fda]:main():acc-lda.cc:114) Done 3700 utterances.
LOG (acc-lda[5.4.105~1-4fda]:main():acc-lda.cc:114) Done 3800 utterances.
LOG (acc-lda[5.4.105~1-4fda]:main():acc-lda.cc:114) Done 3900 utterances.
LOG (acc-lda[5.4.105~1-4fda]:main():acc-lda.cc:114) Done 4000 utterances.
LOG (ali-to-post[5.4.105~1-4fda]:main():ali-to-post.cc:73) Converted 4082 alignments.
LOG (weight-silence-post[5.4.105~1-4fda]:main():weight-silence-post.cc:95) Done 4082 posteriors.
LOG (apply-cmvn[5.4.105~1-4fda]:main():apply-cmvn.cc:162) Applied cepstral mean normalization to 4086 utterances, errors on 0
LOG (acc-lda[5.4.105~1-4fda]:main():acc-lda.cc:117) Done 4082 files, failed for 4
LOG (acc-lda[5.4.105~1-4fda]:main():acc-lda.cc:122) Written statistics.
# Accounting: time=12 threads=1
# Ended (code 0) at Thu Nov  1 00:34:23 EDT 2018, elapsed time 12 seconds
