# gmm-est --write-occs=exp2/tri3a/11.occs --mix-up=32000 --power=0.25 exp2/tri3a/10.mdl "gmm-sum-accs - exp2/tri3a/10.*.acc |" exp2/tri3a/11.mdl 
# Started at Thu Nov  1 00:53:06 EDT 2018
#
gmm-est --write-occs=exp2/tri3a/11.occs --mix-up=32000 --power=0.25 exp2/tri3a/10.mdl 'gmm-sum-accs - exp2/tri3a/10.*.acc |' exp2/tri3a/11.mdl 
gmm-sum-accs - exp2/tri3a/10.1.acc exp2/tri3a/10.10.acc exp2/tri3a/10.11.acc exp2/tri3a/10.12.acc exp2/tri3a/10.13.acc exp2/tri3a/10.14.acc exp2/tri3a/10.15.acc exp2/tri3a/10.16.acc exp2/tri3a/10.17.acc exp2/tri3a/10.18.acc exp2/tri3a/10.19.acc exp2/tri3a/10.2.acc exp2/tri3a/10.20.acc exp2/tri3a/10.21.acc exp2/tri3a/10.22.acc exp2/tri3a/10.23.acc exp2/tri3a/10.24.acc exp2/tri3a/10.25.acc exp2/tri3a/10.26.acc exp2/tri3a/10.27.acc exp2/tri3a/10.28.acc exp2/tri3a/10.29.acc exp2/tri3a/10.3.acc exp2/tri3a/10.30.acc exp2/tri3a/10.4.acc exp2/tri3a/10.5.acc exp2/tri3a/10.6.acc exp2/tri3a/10.7.acc exp2/tri3a/10.8.acc exp2/tri3a/10.9.acc 
LOG (gmm-sum-accs[5.4.105~1-4fda]:main():gmm-sum-accs.cc:63) Summed 30 stats, total count 3.19074e+07, avg like/frame -51.7388
LOG (gmm-sum-accs[5.4.105~1-4fda]:main():gmm-sum-accs.cc:66) Total count of stats is 3.19074e+07
LOG (gmm-sum-accs[5.4.105~1-4fda]:main():gmm-sum-accs.cc:67) Written stats to -
LOG (gmm-est[5.4.105~1-4fda]:MleUpdate():transition-model.cc:517) TransitionModel::Update, objf change is 0.000915529 per frame over 3.19074e+07 frames. 
LOG (gmm-est[5.4.105~1-4fda]:MleUpdate():transition-model.cc:520) 169 probabilities floored, 7165 out of 14391 transition-states skipped due to insuffient data (it is normal to have some skipped.)
LOG (gmm-est[5.4.105~1-4fda]:main():gmm-est.cc:102) Transition model update: Overall 0.000915529 log-like improvement per frame over 3.19074e+07 frames.
WARNING (gmm-est[5.4.105~1-4fda]:MleDiagGmmUpdate():mle-diag-gmm.cc:365) Gaussian has too little data but not removing it because it is the last Gaussian: i = 0, occ = 0, weight = 1
WARNING (gmm-est[5.4.105~1-4fda]:MleDiagGmmUpdate():mle-diag-gmm.cc:365) Gaussian has too little data but not removing it because it is the last Gaussian: i = 0, occ = 0, weight = 1
LOG (gmm-est[5.4.105~1-4fda]:MleAmDiagGmmUpdate():mle-am-diag-gmm.cc:225) 1 variance elements floored in 1 Gaussians, out of 29000
LOG (gmm-est[5.4.105~1-4fda]:MleAmDiagGmmUpdate():mle-am-diag-gmm.cc:229) Removed 0 Gaussians due to counts < --min-gaussian-occupancy=10 and --remove-low-count-gaussians=true
LOG (gmm-est[5.4.105~1-4fda]:main():gmm-est.cc:113) GMM update: Overall 0.152922 objective function improvement per frame over 3.19074e+07 frames
LOG (gmm-est[5.4.105~1-4fda]:main():gmm-est.cc:116) GMM update: Overall avg like per frame = -51.7388 over 3.19074e+07 frames.
LOG (gmm-est[5.4.105~1-4fda]:SplitByCount():am-diag-gmm.cc:116) Split 4000 states with target = 32000, power = 0.25, perturb_factor = 0.01 and min_count = 20, split #Gauss from 29000 to 32000
LOG (gmm-est[5.4.105~1-4fda]:main():gmm-est.cc:146) Written model to exp2/tri3a/11.mdl
# Accounting: time=4 threads=1
# Ended (code 0) at Thu Nov  1 00:53:10 EDT 2018, elapsed time 4 seconds
