# gmm-est --write-occs=exp2/tri3a/3.occs --mix-up=8000 --power=0.25 exp2/tri3a/2.mdl "gmm-sum-accs - exp2/tri3a/2.*.acc |" exp2/tri3a/3.mdl 
# Started at Thu Nov  1 00:41:09 EDT 2018
#
gmm-est --write-occs=exp2/tri3a/3.occs --mix-up=8000 --power=0.25 exp2/tri3a/2.mdl 'gmm-sum-accs - exp2/tri3a/2.*.acc |' exp2/tri3a/3.mdl 
gmm-sum-accs - exp2/tri3a/2.1.acc exp2/tri3a/2.10.acc exp2/tri3a/2.11.acc exp2/tri3a/2.12.acc exp2/tri3a/2.13.acc exp2/tri3a/2.14.acc exp2/tri3a/2.15.acc exp2/tri3a/2.16.acc exp2/tri3a/2.17.acc exp2/tri3a/2.18.acc exp2/tri3a/2.19.acc exp2/tri3a/2.2.acc exp2/tri3a/2.20.acc exp2/tri3a/2.21.acc exp2/tri3a/2.22.acc exp2/tri3a/2.23.acc exp2/tri3a/2.24.acc exp2/tri3a/2.25.acc exp2/tri3a/2.26.acc exp2/tri3a/2.27.acc exp2/tri3a/2.28.acc exp2/tri3a/2.29.acc exp2/tri3a/2.3.acc exp2/tri3a/2.30.acc exp2/tri3a/2.4.acc exp2/tri3a/2.5.acc exp2/tri3a/2.6.acc exp2/tri3a/2.7.acc exp2/tri3a/2.8.acc exp2/tri3a/2.9.acc 
LOG (gmm-sum-accs[5.4.105~1-4fda]:main():gmm-sum-accs.cc:63) Summed 30 stats, total count 3.19288e+07, avg like/frame -55.4376
LOG (gmm-sum-accs[5.4.105~1-4fda]:main():gmm-sum-accs.cc:66) Total count of stats is 3.19288e+07
LOG (gmm-sum-accs[5.4.105~1-4fda]:main():gmm-sum-accs.cc:67) Written stats to -
LOG (gmm-est[5.4.105~1-4fda]:MleUpdate():transition-model.cc:517) TransitionModel::Update, objf change is 1.19102e-12 per frame over 3.19288e+07 frames. 
LOG (gmm-est[5.4.105~1-4fda]:MleUpdate():transition-model.cc:520) 94 probabilities floored, 7160 out of 14391 transition-states skipped due to insuffient data (it is normal to have some skipped.)
LOG (gmm-est[5.4.105~1-4fda]:main():gmm-est.cc:102) Transition model update: Overall 1.19102e-12 log-like improvement per frame over 3.19288e+07 frames.
WARNING (gmm-est[5.4.105~1-4fda]:MleDiagGmmUpdate():mle-diag-gmm.cc:365) Gaussian has too little data but not removing it because it is the last Gaussian: i = 0, occ = 0, weight = 1
WARNING (gmm-est[5.4.105~1-4fda]:MleDiagGmmUpdate():mle-diag-gmm.cc:365) Gaussian has too little data but not removing it because it is the last Gaussian: i = 0, occ = 0, weight = 1
LOG (gmm-est[5.4.105~1-4fda]:MleAmDiagGmmUpdate():mle-am-diag-gmm.cc:225) 0 variance elements floored in 0 Gaussians, out of 5000
LOG (gmm-est[5.4.105~1-4fda]:MleAmDiagGmmUpdate():mle-am-diag-gmm.cc:229) Removed 0 Gaussians due to counts < --min-gaussian-occupancy=10 and --remove-low-count-gaussians=true
LOG (gmm-est[5.4.105~1-4fda]:main():gmm-est.cc:113) GMM update: Overall 0.789532 objective function improvement per frame over 3.19288e+07 frames
LOG (gmm-est[5.4.105~1-4fda]:main():gmm-est.cc:116) GMM update: Overall avg like per frame = -55.4376 over 3.19288e+07 frames.
LOG (gmm-est[5.4.105~1-4fda]:SplitByCount():am-diag-gmm.cc:116) Split 4000 states with target = 8000, power = 0.25, perturb_factor = 0.01 and min_count = 20, split #Gauss from 5000 to 8000
LOG (gmm-est[5.4.105~1-4fda]:main():gmm-est.cc:146) Written model to exp2/tri3a/3.mdl
# Accounting: time=3 threads=1
# Ended (code 0) at Thu Nov  1 00:41:12 EDT 2018, elapsed time 3 seconds
