# gmm-acc-stats-ali exp2/tri2a/13.mdl "ark,s,cs:apply-cmvn  --utt2spk=ark:data/st_ihm_all/train/split30/4/utt2spk scp:data/st_ihm_all/train/split30/4/cmvn.scp scp:data/st_ihm_all/train/split30/4/feats.scp ark:- | add-deltas  ark:- ark:- |" "ark,s,cs:gunzip -c exp2/tri2a/ali.4.gz|" exp2/tri2a/13.4.acc 
# Started at Wed Oct 31 23:48:39 EDT 2018
#
gmm-acc-stats-ali exp2/tri2a/13.mdl 'ark,s,cs:apply-cmvn  --utt2spk=ark:data/st_ihm_all/train/split30/4/utt2spk scp:data/st_ihm_all/train/split30/4/cmvn.scp scp:data/st_ihm_all/train/split30/4/feats.scp ark:- | add-deltas  ark:- ark:- |' 'ark,s,cs:gunzip -c exp2/tri2a/ali.4.gz|' exp2/tri2a/13.4.acc 
apply-cmvn --utt2spk=ark:data/st_ihm_all/train/split30/4/utt2spk scp:data/st_ihm_all/train/split30/4/cmvn.scp scp:data/st_ihm_all/train/split30/4/feats.scp ark:- 
add-deltas ark:- ark:- 
LOG (gmm-acc-stats-ali[5.4.105~1-4fda]:main():gmm-acc-stats-ali.cc:105) Processed 50 utterances; for utterance 026097 avg. like is -106.918 over 286 frames.
LOG (gmm-acc-stats-ali[5.4.105~1-4fda]:main():gmm-acc-stats-ali.cc:105) Processed 100 utterances; for utterance 026141 avg. like is -102.329 over 310 frames.
LOG (gmm-acc-stats-ali[5.4.105~1-4fda]:main():gmm-acc-stats-ali.cc:105) Processed 150 utterances; for utterance 026187 avg. like is -99.8967 over 270 frames.
LOG (gmm-acc-stats-ali[5.4.105~1-4fda]:main():gmm-acc-stats-ali.cc:105) Processed 200 utterances; for utterance 026231 avg. like is -102.629 over 322 frames.
LOG (gmm-acc-stats-ali[5.4.105~1-4fda]:main():gmm-acc-stats-ali.cc:105) Processed 250 utterances; for utterance 026277 avg. like is -102.066 over 62 frames.
LOG (gmm-acc-stats-ali[5.4.105~1-4fda]:main():gmm-acc-stats-ali.cc:105) Processed 300 utterances; for utterance 026321 avg. like is -117.049 over 190 frames.
LOG (gmm-acc-stats-ali[5.4.105~1-4fda]:main():gmm-acc-stats-ali.cc:105) Processed 350 utterances; for utterance 026367 avg. like is -107.719 over 282 frames.
LOG (gmm-acc-stats-ali[5.4.105~1-4fda]:main():gmm-acc-stats-ali.cc:105) Processed 400 utterances; for utterance 026411 avg. like is -104.279 over 242 frames.
LOG (gmm-acc-stats-ali[5.4.105~1-4fda]:main():gmm-acc-stats-ali.cc:105) Processed 450 utterances; for utterance 026457 avg. like is -86.098 over 366 frames.
LOG (gmm-acc-stats-ali[5.4.105~1-4fda]:main():gmm-acc-stats-ali.cc:105) Processed 500 utterances; for utterance 026501 avg. like is -102.097 over 358 frames.
LOG (gmm-acc-stats-ali[5.4.105~1-4fda]:main():gmm-acc-stats-ali.cc:105) Processed 550 utterances; for utterance 026547 avg. like is -92.5115 over 590 frames.
LOG (gmm-acc-stats-ali[5.4.105~1-4fda]:main():gmm-acc-stats-ali.cc:105) Processed 600 utterances; for utterance 026592 avg. like is -104.158 over 390 frames.
LOG (gmm-acc-stats-ali[5.4.105~1-4fda]:main():gmm-acc-stats-ali.cc:105) Processed 650 utterances; for utterance 026637 avg. like is -104.354 over 334 frames.
LOG (gmm-acc-stats-ali[5.4.105~1-4fda]:main():gmm-acc-stats-ali.cc:105) Processed 700 utterances; for utterance 026682 avg. like is -107.065 over 246 frames.
LOG (gmm-acc-stats-ali[5.4.105~1-4fda]:main():gmm-acc-stats-ali.cc:105) Processed 750 utterances; for utterance 02699 avg. like is -103.789 over 326 frames.
LOG (gmm-acc-stats-ali[5.4.105~1-4fda]:main():gmm-acc-stats-ali.cc:105) Processed 800 utterances; for utterance 02743 avg. like is -105.171 over 354 frames.
LOG (gmm-acc-stats-ali[5.4.105~1-4fda]:main():gmm-acc-stats-ali.cc:105) Processed 850 utterances; for utterance 02789 avg. like is -102.539 over 242 frames.
LOG (gmm-acc-stats-ali[5.4.105~1-4fda]:main():gmm-acc-stats-ali.cc:105) Processed 900 utterances; for utterance 02833 avg. like is -104.918 over 446 frames.
LOG (gmm-acc-stats-ali[5.4.105~1-4fda]:main():gmm-acc-stats-ali.cc:105) Processed 950 utterances; for utterance 02879 avg. like is -96.6446 over 222 frames.
LOG (gmm-acc-stats-ali[5.4.105~1-4fda]:main():gmm-acc-stats-ali.cc:105) Processed 1000 utterances; for utterance 02923 avg. like is -97.5325 over 398 frames.
LOG (gmm-acc-stats-ali[5.4.105~1-4fda]:main():gmm-acc-stats-ali.cc:105) Processed 1050 utterances; for utterance 02969 avg. like is -97.6488 over 234 frames.
LOG (gmm-acc-stats-ali[5.4.105~1-4fda]:main():gmm-acc-stats-ali.cc:105) Processed 1100 utterances; for utterance AMI_EN2001a_H00_MEE068_0025638_0025750 avg. like is -99.8251 over 110 frames.
LOG (gmm-acc-stats-ali[5.4.105~1-4fda]:main():gmm-acc-stats-ali.cc:105) Processed 1150 utterances; for utterance AMI_EN2001a_H00_MEE068_0231117_0231148 avg. like is -84.9542 over 29 frames.
LOG (gmm-acc-stats-ali[5.4.105~1-4fda]:main():gmm-acc-stats-ali.cc:105) Processed 1200 utterances; for utterance AMI_EN2001a_H00_MEE068_0412745_0413295 avg. like is -98.4492 over 548 frames.
WARNING (gmm-acc-stats-ali[5.4.105~1-4fda]:main():gmm-acc-stats-ali.cc:79) No alignment for utterance AMI_EN2001a_H00_MEE068_0474692_0474708
LOG (gmm-acc-stats-ali[5.4.105~1-4fda]:main():gmm-acc-stats-ali.cc:105) Processed 1250 utterances; for utterance AMI_EN2001a_H01_FEO066_0054204_0054285 avg. like is -95.4653 over 79 frames.
LOG (gmm-acc-stats-ali[5.4.105~1-4fda]:main():gmm-acc-stats-ali.cc:105) Processed 1300 utterances; for utterance AMI_EN2001a_H01_FEO066_0179294_0180027 avg. like is -97.0497 over 731 frames.
LOG (gmm-acc-stats-ali[5.4.105~1-4fda]:main():gmm-acc-stats-ali.cc:105) Processed 1350 utterances; for utterance AMI_EN2001a_H01_FEO066_0346139_0346904 avg. like is -95.4705 over 763 frames.
LOG (gmm-acc-stats-ali[5.4.105~1-4fda]:main():gmm-acc-stats-ali.cc:105) Processed 1400 utterances; for utterance AMI_EN2001a_H01_FEO066_0461181_0461204 avg. like is -96.6652 over 21 frames.
LOG (gmm-acc-stats-ali[5.4.105~1-4fda]:main():gmm-acc-stats-ali.cc:105) Processed 1450 utterances; for utterance AMI_EN2001a_H02_FEO065_0090775_0091688 avg. like is -97.3139 over 911 frames.
LOG (gmm-acc-stats-ali[5.4.105~1-4fda]:main():gmm-acc-stats-ali.cc:105) Processed 1500 utterances; for utterance AMI_EN2001a_H02_FEO065_0274476_0274520 avg. like is -102.231 over 42 frames.
LOG (gmm-acc-stats-ali[5.4.105~1-4fda]:main():gmm-acc-stats-ali.cc:105) Processed 1550 utterances; for utterance AMI_EN2001a_H02_FEO065_0426760_0427074 avg. like is -102.503 over 312 frames.
LOG (gmm-acc-stats-ali[5.4.105~1-4fda]:main():gmm-acc-stats-ali.cc:105) Processed 1600 utterances; for utterance AMI_EN2001a_H03_MEE067_0033015_0033618 avg. like is -93.9467 over 601 frames.
LOG (gmm-acc-stats-ali[5.4.105~1-4fda]:main():gmm-acc-stats-ali.cc:105) Processed 1650 utterances; for utterance AMI_EN2001a_H03_MEE067_0095998_0096167 avg. like is -96.5669 over 167 frames.
LOG (gmm-acc-stats-ali[5.4.105~1-4fda]:main():gmm-acc-stats-ali.cc:105) Processed 1700 utterances; for utterance AMI_EN2001a_H03_MEE067_0194175_0194354 avg. like is -96.7282 over 177 frames.
LOG (gmm-acc-stats-ali[5.4.105~1-4fda]:main():gmm-acc-stats-ali.cc:105) Processed 1750 utterances; for utterance AMI_EN2001a_H03_MEE067_0255266_0255551 avg. like is -92.0991 over 283 frames.
LOG (gmm-acc-stats-ali[5.4.105~1-4fda]:main():gmm-acc-stats-ali.cc:105) Processed 1800 utterances; for utterance AMI_EN2001a_H03_MEE067_0320670_0320720 avg. like is -91.1112 over 48 frames.
LOG (gmm-acc-stats-ali[5.4.105~1-4fda]:main():gmm-acc-stats-ali.cc:105) Processed 1850 utterances; for utterance AMI_EN2001a_H03_MEE067_0368111_0368920 avg. like is -92.4245 over 807 frames.
LOG (gmm-acc-stats-ali[5.4.105~1-4fda]:main():gmm-acc-stats-ali.cc:105) Processed 1900 utterances; for utterance AMI_EN2001a_H03_MEE067_0410843_0410884 avg. like is -85.9835 over 39 frames.
LOG (gmm-acc-stats-ali[5.4.105~1-4fda]:main():gmm-acc-stats-ali.cc:105) Processed 1950 utterances; for utterance AMI_EN2001a_H04_MEO069_0000560_0000601 avg. like is -98.19 over 39 frames.
LOG (gmm-acc-stats-ali[5.4.105~1-4fda]:main():gmm-acc-stats-ali.cc:105) Processed 2000 utterances; for utterance AMI_EN2001a_H04_MEO069_0028968_0029312 avg. like is -96.202 over 342 frames.
LOG (gmm-acc-stats-ali[5.4.105~1-4fda]:main():gmm-acc-stats-ali.cc:105) Processed 2050 utterances; for utterance AMI_EN2001a_H04_MEO069_0061386_0061412 avg. like is -92.1221 over 24 frames.
LOG (gmm-acc-stats-ali[5.4.105~1-4fda]:main():gmm-acc-stats-ali.cc:105) Processed 2100 utterances; for utterance AMI_EN2001a_H04_MEO069_0084374_0084912 avg. like is -99.8259 over 536 frames.
LOG (gmm-acc-stats-ali[5.4.105~1-4fda]:main():gmm-acc-stats-ali.cc:105) Processed 2150 utterances; for utterance AMI_EN2001a_H04_MEO069_0114333_0114581 avg. like is -96.7369 over 246 frames.
LOG (gmm-acc-stats-ali[5.4.105~1-4fda]:main():gmm-acc-stats-ali.cc:105) Processed 2200 utterances; for utterance AMI_EN2001a_H04_MEO069_0146361_0147114 avg. like is -96.1677 over 751 frames.
LOG (gmm-acc-stats-ali[5.4.105~1-4fda]:main():gmm-acc-stats-ali.cc:105) Processed 2250 utterances; for utterance AMI_EN2001a_H04_MEO069_0175029_0175174 avg. like is -97.4506 over 143 frames.
LOG (gmm-acc-stats-ali[5.4.105~1-4fda]:main():gmm-acc-stats-ali.cc:105) Processed 2300 utterances; for utterance AMI_EN2001a_H04_MEO069_0200845_0201410 avg. like is -97.7731 over 563 frames.
LOG (gmm-acc-stats-ali[5.4.105~1-4fda]:main():gmm-acc-stats-ali.cc:105) Processed 2350 utterances; for utterance AMI_EN2001a_H04_MEO069_0233238_0233267 avg. like is -84.3762 over 27 frames.
LOG (gmm-acc-stats-ali[5.4.105~1-4fda]:main():gmm-acc-stats-ali.cc:105) Processed 2400 utterances; for utterance AMI_EN2001a_H04_MEO069_0264586_0264985 avg. like is -95.532 over 397 frames.
LOG (gmm-acc-stats-ali[5.4.105~1-4fda]:main():gmm-acc-stats-ali.cc:105) Processed 2450 utterances; for utterance AMI_EN2001a_H04_MEO069_0308673_0309019 avg. like is -94.7426 over 344 frames.
LOG (gmm-acc-stats-ali[5.4.105~1-4fda]:main():gmm-acc-stats-ali.cc:105) Processed 2500 utterances; for utterance AMI_EN2001a_H04_MEO069_0331586_0331677 avg. like is -95.2122 over 89 frames.
LOG (gmm-acc-stats-ali[5.4.105~1-4fda]:main():gmm-acc-stats-ali.cc:105) Processed 2550 utterances; for utterance AMI_EN2001a_H04_MEO069_0379223_0379371 avg. like is -86.5702 over 146 frames.
LOG (gmm-acc-stats-ali[5.4.105~1-4fda]:main():gmm-acc-stats-ali.cc:105) Processed 2600 utterances; for utterance AMI_EN2001a_H04_MEO069_0422678_0423328 avg. like is -96.5963 over 648 frames.
LOG (gmm-acc-stats-ali[5.4.105~1-4fda]:main():gmm-acc-stats-ali.cc:105) Processed 2650 utterances; for utterance AMI_EN2001a_H04_MEO069_0459200_0459237 avg. like is -102.238 over 35 frames.
LOG (gmm-acc-stats-ali[5.4.105~1-4fda]:main():gmm-acc-stats-ali.cc:105) Processed 2700 utterances; for utterance AMI_EN2001a_H04_MEO069_0484013_0484422 avg. like is -97.4291 over 407 frames.
LOG (gmm-acc-stats-ali[5.4.105~1-4fda]:main():gmm-acc-stats-ali.cc:105) Processed 2750 utterances; for utterance AMI_EN2001a_H04_MEO069_0511957_0512093 avg. like is -98.0512 over 134 frames.
LOG (gmm-acc-stats-ali[5.4.105~1-4fda]:main():gmm-acc-stats-ali.cc:105) Processed 2800 utterances; for utterance AMI_EN2001b_H00_FEO066_0078353_0078386 avg. like is -105.215 over 31 frames.
LOG (gmm-acc-stats-ali[5.4.105~1-4fda]:main():gmm-acc-stats-ali.cc:105) Processed 2850 utterances; for utterance AMI_EN2001b_H00_FEO066_0138978_0139582 avg. like is -96.9704 over 602 frames.
LOG (gmm-acc-stats-ali[5.4.105~1-4fda]:main():gmm-acc-stats-ali.cc:105) Processed 2900 utterances; for utterance AMI_EN2001b_H00_FEO066_0213266_0213608 avg. like is -95.3952 over 340 frames.
LOG (gmm-acc-stats-ali[5.4.105~1-4fda]:main():gmm-acc-stats-ali.cc:105) Processed 2950 utterances; for utterance AMI_EN2001b_H00_FEO066_0308647_0308927 avg. like is -101.634 over 278 frames.
LOG (gmm-acc-stats-ali[5.4.105~1-4fda]:main():gmm-acc-stats-ali.cc:105) Processed 3000 utterances; for utterance AMI_EN2001b_H01_MEO069_0015434_0015861 avg. like is -95.8918 over 425 frames.
LOG (gmm-acc-stats-ali[5.4.105~1-4fda]:main():gmm-acc-stats-ali.cc:105) Processed 3050 utterances; for utterance AMI_EN2001b_H01_MEO069_0054054_0054108 avg. like is -92.1735 over 52 frames.
LOG (gmm-acc-stats-ali[5.4.105~1-4fda]:main():gmm-acc-stats-ali.cc:105) Processed 3100 utterances; for utterance AMI_EN2001b_H01_MEO069_0085960_0086576 avg. like is -93.9672 over 614 frames.
LOG (gmm-acc-stats-ali[5.4.105~1-4fda]:main():gmm-acc-stats-ali.cc:105) Processed 3150 utterances; for utterance AMI_EN2001b_H01_MEO069_0121083_0121220 avg. like is -98.1371 over 135 frames.
LOG (gmm-acc-stats-ali[5.4.105~1-4fda]:main():gmm-acc-stats-ali.cc:105) Processed 3200 utterances; for utterance AMI_EN2001b_H01_MEO069_0161629_0162338 avg. like is -94.8509 over 707 frames.
LOG (gmm-acc-stats-ali[5.4.105~1-4fda]:main():gmm-acc-stats-ali.cc:105) Processed 3250 utterances; for utterance AMI_EN2001b_H01_MEO069_0194900_0195117 avg. like is -97.7915 over 215 frames.
LOG (gmm-acc-stats-ali[5.4.105~1-4fda]:main():gmm-acc-stats-ali.cc:105) Processed 3300 utterances; for utterance AMI_EN2001b_H01_MEO069_0234331_0234629 avg. like is -98.3888 over 296 frames.
LOG (gmm-acc-stats-ali[5.4.105~1-4fda]:main():gmm-acc-stats-ali.cc:105) Processed 3350 utterances; for utterance AMI_EN2001b_H01_MEO069_0271495_0271897 avg. like is -95.9991 over 400 frames.
LOG (gmm-acc-stats-ali[5.4.105~1-4fda]:main():gmm-acc-stats-ali.cc:105) Processed 3400 utterances; for utterance AMI_EN2001b_H01_MEO069_0301784_0302427 avg. like is -95.6237 over 641 frames.
LOG (gmm-acc-stats-ali[5.4.105~1-4fda]:main():gmm-acc-stats-ali.cc:105) Processed 3450 utterances; for utterance AMI_EN2001b_H01_MEO069_0335263_0335811 avg. like is -96.8466 over 546 frames.
LOG (gmm-acc-stats-ali[5.4.105~1-4fda]:main():gmm-acc-stats-ali.cc:105) Processed 3500 utterances; for utterance AMI_EN2001b_H02_FEO065_0046761_0046975 avg. like is -92.7756 over 212 frames.
LOG (gmm-acc-stats-ali[5.4.105~1-4fda]:main():gmm-acc-stats-ali.cc:105) Processed 3550 utterances; for utterance AMI_EN2001b_H02_FEO065_0155784_0156007 avg. like is -99.5918 over 221 frames.
LOG (gmm-acc-stats-ali[5.4.105~1-4fda]:main():gmm-acc-stats-ali.cc:105) Processed 3600 utterances; for utterance AMI_EN2001b_H02_FEO065_0230826_0230851 avg. like is -92.1965 over 23 frames.
LOG (gmm-acc-stats-ali[5.4.105~1-4fda]:main():gmm-acc-stats-ali.cc:105) Processed 3650 utterances; for utterance AMI_EN2001b_H02_FEO065_0323673_0323707 avg. like is -92.4951 over 32 frames.
LOG (gmm-acc-stats-ali[5.4.105~1-4fda]:main():gmm-acc-stats-ali.cc:105) Processed 3700 utterances; for utterance AMI_EN2001b_H03_MEE068_0139504_0139787 avg. like is -93.4875 over 281 frames.
LOG (gmm-acc-stats-ali[5.4.105~1-4fda]:main():gmm-acc-stats-ali.cc:105) Processed 3750 utterances; for utterance AMI_EN2001d_H00_FEO066_0043225_0043337 avg. like is -101.634 over 110 frames.
LOG (gmm-acc-stats-ali[5.4.105~1-4fda]:main():gmm-acc-stats-ali.cc:105) Processed 3800 utterances; for utterance AMI_EN2001d_H00_FEO066_0246519_0246546 avg. like is -101.196 over 25 frames.
LOG (gmm-acc-stats-ali[5.4.105~1-4fda]:main():gmm-acc-stats-ali.cc:105) Processed 3850 utterances; for utterance AMI_EN2001d_H01_MEO069_0023952_0024059 avg. like is -98.3456 over 105 frames.
LOG (gmm-acc-stats-ali[5.4.105~1-4fda]:main():gmm-acc-stats-ali.cc:105) Processed 3900 utterances; for utterance AMI_EN2001d_H01_MEO069_0048232_0048491 avg. like is -100.323 over 257 frames.
LOG (apply-cmvn[5.4.105~1-4fda]:main():apply-cmvn.cc:162) Applied cepstral mean normalization to 3945 utterances, errors on 0
LOG (gmm-acc-stats-ali[5.4.105~1-4fda]:main():gmm-acc-stats-ali.cc:112) Done 3944 files, 1 with errors.
LOG (gmm-acc-stats-ali[5.4.105~1-4fda]:main():gmm-acc-stats-ali.cc:115) Overall avg like per frame (Gaussian only) = -97.9907 over 1248374 frames.
LOG (gmm-acc-stats-ali[5.4.105~1-4fda]:main():gmm-acc-stats-ali.cc:123) Written accs.
# Accounting: time=20 threads=1
# Ended (code 0) at Wed Oct 31 23:48:59 EDT 2018, elapsed time 20 seconds
