# gmm-acc-stats-ali exp2/tri2a/20.mdl "ark,s,cs:apply-cmvn  --utt2spk=ark:data/st_ihm_all/train/split30/18/utt2spk scp:data/st_ihm_all/train/split30/18/cmvn.scp scp:data/st_ihm_all/train/split30/18/feats.scp ark:- | add-deltas  ark:- ark:- |" "ark,s,cs:gunzip -c exp2/tri2a/ali.18.gz|" exp2/tri2a/20.18.acc 
# Started at Thu Nov  1 00:01:29 EDT 2018
#
gmm-acc-stats-ali exp2/tri2a/20.mdl 'ark,s,cs:apply-cmvn  --utt2spk=ark:data/st_ihm_all/train/split30/18/utt2spk scp:data/st_ihm_all/train/split30/18/cmvn.scp scp:data/st_ihm_all/train/split30/18/feats.scp ark:- | add-deltas  ark:- ark:- |' 'ark,s,cs:gunzip -c exp2/tri2a/ali.18.gz|' exp2/tri2a/20.18.acc 
add-deltas ark:- ark:- 
apply-cmvn --utt2spk=ark:data/st_ihm_all/train/split30/18/utt2spk scp:data/st_ihm_all/train/split30/18/cmvn.scp scp:data/st_ihm_all/train/split30/18/feats.scp ark:- 
LOG (gmm-acc-stats-ali[5.4.105~1-4fda]:main():gmm-acc-stats-ali.cc:105) Processed 50 utterances; for utterance AMI_IN1009_H03_MIO018_0009604_0009810 avg. like is -98.1606 over 204 frames.
LOG (gmm-acc-stats-ali[5.4.105~1-4fda]:main():gmm-acc-stats-ali.cc:105) Processed 100 utterances; for utterance AMI_IN1009_H03_MIO018_0040779_0040814 avg. like is -86.9938 over 33 frames.
LOG (gmm-acc-stats-ali[5.4.105~1-4fda]:main():gmm-acc-stats-ali.cc:105) Processed 150 utterances; for utterance AMI_IN1009_H03_MIO018_0073939_0074015 avg. like is -96.4168 over 74 frames.
LOG (gmm-acc-stats-ali[5.4.105~1-4fda]:main():gmm-acc-stats-ali.cc:105) Processed 200 utterances; for utterance AMI_IN1009_H03_MIO018_0109436_0109697 avg. like is -97.6126 over 259 frames.
LOG (gmm-acc-stats-ali[5.4.105~1-4fda]:main():gmm-acc-stats-ali.cc:105) Processed 250 utterances; for utterance AMI_IN1012_H00_MIO078_0033517_0033925 avg. like is -95.9491 over 406 frames.
LOG (gmm-acc-stats-ali[5.4.105~1-4fda]:main():gmm-acc-stats-ali.cc:105) Processed 300 utterances; for utterance AMI_IN1012_H00_MIO078_0067503_0067568 avg. like is -95.2146 over 63 frames.
LOG (gmm-acc-stats-ali[5.4.105~1-4fda]:main():gmm-acc-stats-ali.cc:105) Processed 350 utterances; for utterance AMI_IN1012_H00_MIO078_0099346_0100035 avg. like is -96.0242 over 687 frames.
LOG (gmm-acc-stats-ali[5.4.105~1-4fda]:main():gmm-acc-stats-ali.cc:105) Processed 400 utterances; for utterance AMI_IN1012_H00_MIO078_0128918_0129219 avg. like is -99.8052 over 299 frames.
LOG (gmm-acc-stats-ali[5.4.105~1-4fda]:main():gmm-acc-stats-ali.cc:105) Processed 450 utterances; for utterance AMI_IN1012_H00_MIO078_0158464_0158601 avg. like is -102.86 over 135 frames.
LOG (gmm-acc-stats-ali[5.4.105~1-4fda]:main():gmm-acc-stats-ali.cc:105) Processed 500 utterances; for utterance AMI_IN1012_H00_MIO078_0195778_0196043 avg. like is -96.2333 over 263 frames.
LOG (gmm-acc-stats-ali[5.4.105~1-4fda]:main():gmm-acc-stats-ali.cc:105) Processed 550 utterances; for utterance AMI_IN1012_H00_MIO078_0223548_0223859 avg. like is -100.491 over 309 frames.
LOG (gmm-acc-stats-ali[5.4.105~1-4fda]:main():gmm-acc-stats-ali.cc:105) Processed 600 utterances; for utterance AMI_IN1012_H00_MIO078_0252263_0252383 avg. like is -89.3629 over 118 frames.
LOG (gmm-acc-stats-ali[5.4.105~1-4fda]:main():gmm-acc-stats-ali.cc:105) Processed 650 utterances; for utterance AMI_IN1012_H00_MIO078_0281786_0281810 avg. like is -93.6688 over 22 frames.
LOG (gmm-acc-stats-ali[5.4.105~1-4fda]:main():gmm-acc-stats-ali.cc:105) Processed 700 utterances; for utterance AMI_IN1012_H00_MIO078_0305747_0305847 avg. like is -95.89 over 98 frames.
LOG (gmm-acc-stats-ali[5.4.105~1-4fda]:main():gmm-acc-stats-ali.cc:105) Processed 750 utterances; for utterance AMI_IN1012_H01_MIO097_0039716_0039761 avg. like is -90.1605 over 43 frames.
LOG (gmm-acc-stats-ali[5.4.105~1-4fda]:main():gmm-acc-stats-ali.cc:105) Processed 800 utterances; for utterance AMI_IN1012_H01_MIO097_0079354_0079432 avg. like is -94.9804 over 76 frames.
LOG (gmm-acc-stats-ali[5.4.105~1-4fda]:main():gmm-acc-stats-ali.cc:105) Processed 850 utterances; for utterance AMI_IN1012_H01_MIO097_0158912_0159119 avg. like is -94.0394 over 205 frames.
LOG (gmm-acc-stats-ali[5.4.105~1-4fda]:main():gmm-acc-stats-ali.cc:105) Processed 900 utterances; for utterance AMI_IN1012_H01_MIO097_0206578_0206694 avg. like is -99.4911 over 114 frames.
LOG (gmm-acc-stats-ali[5.4.105~1-4fda]:main():gmm-acc-stats-ali.cc:105) Processed 950 utterances; for utterance AMI_IN1012_H01_MIO097_0245112_0245496 avg. like is -95.7947 over 382 frames.
LOG (gmm-acc-stats-ali[5.4.105~1-4fda]:main():gmm-acc-stats-ali.cc:105) Processed 1000 utterances; for utterance AMI_IN1012_H01_MIO097_0288177_0288211 avg. like is -93.8792 over 32 frames.
LOG (gmm-acc-stats-ali[5.4.105~1-4fda]:main():gmm-acc-stats-ali.cc:105) Processed 1050 utterances; for utterance AMI_IN1012_H02_MIO077_0023482_0023583 avg. like is -88.1158 over 99 frames.
LOG (gmm-acc-stats-ali[5.4.105~1-4fda]:main():gmm-acc-stats-ali.cc:105) Processed 1100 utterances; for utterance AMI_IN1012_H02_MIO077_0067848_0067879 avg. like is -89.2154 over 29 frames.
LOG (gmm-acc-stats-ali[5.4.105~1-4fda]:main():gmm-acc-stats-ali.cc:105) Processed 1150 utterances; for utterance AMI_IN1012_H02_MIO077_0119870_0119920 avg. like is -96.2301 over 48 frames.
LOG (gmm-acc-stats-ali[5.4.105~1-4fda]:main():gmm-acc-stats-ali.cc:105) Processed 1200 utterances; for utterance AMI_IN1012_H02_MIO077_0161652_0161739 avg. like is -97.3017 over 85 frames.
LOG (gmm-acc-stats-ali[5.4.105~1-4fda]:main():gmm-acc-stats-ali.cc:105) Processed 1250 utterances; for utterance AMI_IN1012_H02_MIO077_0208559_0209142 avg. like is -96.9697 over 581 frames.
LOG (gmm-acc-stats-ali[5.4.105~1-4fda]:main():gmm-acc-stats-ali.cc:105) Processed 1300 utterances; for utterance AMI_IN1012_H02_MIO077_0253142_0253958 avg. like is -95.316 over 814 frames.
LOG (gmm-acc-stats-ali[5.4.105~1-4fda]:main():gmm-acc-stats-ali.cc:105) Processed 1350 utterances; for utterance AMI_IN1012_H02_MIO077_0289847_0289955 avg. like is -91.7432 over 106 frames.
LOG (gmm-acc-stats-ali[5.4.105~1-4fda]:main():gmm-acc-stats-ali.cc:105) Processed 1400 utterances; for utterance AMI_IN1012_H03_MIO018_0030274_0030301 avg. like is -98.1196 over 25 frames.
LOG (gmm-acc-stats-ali[5.4.105~1-4fda]:main():gmm-acc-stats-ali.cc:105) Processed 1450 utterances; for utterance AMI_IN1012_H03_MIO018_0080697_0080734 avg. like is -97.4869 over 35 frames.
LOG (gmm-acc-stats-ali[5.4.105~1-4fda]:main():gmm-acc-stats-ali.cc:105) Processed 1500 utterances; for utterance AMI_IN1012_H03_MIO018_0206102_0206427 avg. like is -102.483 over 323 frames.
LOG (gmm-acc-stats-ali[5.4.105~1-4fda]:main():gmm-acc-stats-ali.cc:105) Processed 1550 utterances; for utterance AMI_IN1013_H00_MIE034_0005360_0005626 avg. like is -92.1312 over 264 frames.
LOG (gmm-acc-stats-ali[5.4.105~1-4fda]:main():gmm-acc-stats-ali.cc:105) Processed 1600 utterances; for utterance AMI_IN1013_H00_MIE034_0044426_0044451 avg. like is -81.9849 over 23 frames.
LOG (gmm-acc-stats-ali[5.4.105~1-4fda]:main():gmm-acc-stats-ali.cc:105) Processed 1650 utterances; for utterance AMI_IN1013_H00_MIE034_0072433_0072586 avg. like is -91.1963 over 151 frames.
WARNING (gmm-acc-stats-ali[5.4.105~1-4fda]:main():gmm-acc-stats-ali.cc:79) No alignment for utterance AMI_IN1013_H00_MIE034_0085099_0085165
LOG (gmm-acc-stats-ali[5.4.105~1-4fda]:main():gmm-acc-stats-ali.cc:105) Processed 1700 utterances; for utterance AMI_IN1013_H00_MIE034_0095902_0095945 avg. like is -107.671 over 41 frames.
LOG (gmm-acc-stats-ali[5.4.105~1-4fda]:main():gmm-acc-stats-ali.cc:105) Processed 1750 utterances; for utterance AMI_IN1013_H00_MIE034_0122990_0123161 avg. like is -94.7299 over 169 frames.
LOG (gmm-acc-stats-ali[5.4.105~1-4fda]:main():gmm-acc-stats-ali.cc:105) Processed 1800 utterances; for utterance AMI_IN1013_H00_MIE034_0146396_0146712 avg. like is -95.3749 over 314 frames.
LOG (gmm-acc-stats-ali[5.4.105~1-4fda]:main():gmm-acc-stats-ali.cc:105) Processed 1850 utterances; for utterance AMI_IN1013_H00_MIE034_0184071_0184101 avg. like is -78.8605 over 28 frames.
LOG (gmm-acc-stats-ali[5.4.105~1-4fda]:main():gmm-acc-stats-ali.cc:105) Processed 1900 utterances; for utterance AMI_IN1013_H00_MIE034_0219340_0219410 avg. like is -98.8471 over 68 frames.
LOG (gmm-acc-stats-ali[5.4.105~1-4fda]:main():gmm-acc-stats-ali.cc:105) Processed 1950 utterances; for utterance AMI_IN1013_H00_MIE034_0251042_0251092 avg. like is -97.0153 over 48 frames.
LOG (gmm-acc-stats-ali[5.4.105~1-4fda]:main():gmm-acc-stats-ali.cc:105) Processed 2000 utterances; for utterance AMI_IN1013_H00_MIE034_0276796_0277290 avg. like is -95.7682 over 492 frames.
LOG (gmm-acc-stats-ali[5.4.105~1-4fda]:main():gmm-acc-stats-ali.cc:105) Processed 2050 utterances; for utterance AMI_IN1013_H01_MIO078_0021028_0021286 avg. like is -98.0867 over 256 frames.
LOG (gmm-acc-stats-ali[5.4.105~1-4fda]:main():gmm-acc-stats-ali.cc:105) Processed 2100 utterances; for utterance AMI_IN1013_H01_MIO078_0066231_0066359 avg. like is -99.5363 over 126 frames.
LOG (gmm-acc-stats-ali[5.4.105~1-4fda]:main():gmm-acc-stats-ali.cc:105) Processed 2150 utterances; for utterance AMI_IN1013_H01_MIO078_0085455_0085897 avg. like is -94.4682 over 440 frames.
LOG (gmm-acc-stats-ali[5.4.105~1-4fda]:main():gmm-acc-stats-ali.cc:105) Processed 2200 utterances; for utterance AMI_IN1013_H01_MIO078_0125642_0125669 avg. like is -81.478 over 25 frames.
WARNING (gmm-acc-stats-ali[5.4.105~1-4fda]:main():gmm-acc-stats-ali.cc:79) No alignment for utterance AMI_IN1013_H01_MIO078_0144138_0144427
LOG (gmm-acc-stats-ali[5.4.105~1-4fda]:main():gmm-acc-stats-ali.cc:105) Processed 2250 utterances; for utterance AMI_IN1013_H01_MIO078_0157021_0157094 avg. like is -89.1744 over 71 frames.
LOG (gmm-acc-stats-ali[5.4.105~1-4fda]:main():gmm-acc-stats-ali.cc:105) Processed 2300 utterances; for utterance AMI_IN1013_H01_MIO078_0179080_0179325 avg. like is -94.9811 over 243 frames.
LOG (gmm-acc-stats-ali[5.4.105~1-4fda]:main():gmm-acc-stats-ali.cc:105) Processed 2350 utterances; for utterance AMI_IN1013_H01_MIO078_0206571_0206692 avg. like is -97.5349 over 119 frames.
LOG (gmm-acc-stats-ali[5.4.105~1-4fda]:main():gmm-acc-stats-ali.cc:105) Processed 2400 utterances; for utterance AMI_IN1013_H01_MIO078_0242437_0242531 avg. like is -94.6608 over 92 frames.
LOG (gmm-acc-stats-ali[5.4.105~1-4fda]:main():gmm-acc-stats-ali.cc:105) Processed 2450 utterances; for utterance AMI_IN1013_H01_MIO078_0266716_0267050 avg. like is -90.2431 over 332 frames.
LOG (gmm-acc-stats-ali[5.4.105~1-4fda]:main():gmm-acc-stats-ali.cc:105) Processed 2500 utterances; for utterance AMI_IN1013_H01_MIO078_0300069_0300348 avg. like is -93.5364 over 277 frames.
LOG (gmm-acc-stats-ali[5.4.105~1-4fda]:main():gmm-acc-stats-ali.cc:105) Processed 2550 utterances; for utterance AMI_IN1013_H02_MIO105_0294289_0294736 avg. like is -100.406 over 445 frames.
LOG (gmm-acc-stats-ali[5.4.105~1-4fda]:main():gmm-acc-stats-ali.cc:105) Processed 2600 utterances; for utterance AMI_IN1013_H03_MIO097_0021993_0022476 avg. like is -99.3648 over 481 frames.
LOG (gmm-acc-stats-ali[5.4.105~1-4fda]:main():gmm-acc-stats-ali.cc:105) Processed 2650 utterances; for utterance AMI_IN1013_H03_MIO097_0043743_0043793 avg. like is -99.1137 over 48 frames.
LOG (gmm-acc-stats-ali[5.4.105~1-4fda]:main():gmm-acc-stats-ali.cc:105) Processed 2700 utterances; for utterance AMI_IN1013_H03_MIO097_0063904_0064651 avg. like is -97.2717 over 745 frames.
LOG (gmm-acc-stats-ali[5.4.105~1-4fda]:main():gmm-acc-stats-ali.cc:105) Processed 2750 utterances; for utterance AMI_IN1013_H03_MIO097_0084067_0084211 avg. like is -100.278 over 142 frames.
LOG (gmm-acc-stats-ali[5.4.105~1-4fda]:main():gmm-acc-stats-ali.cc:105) Processed 2800 utterances; for utterance AMI_IN1013_H03_MIO097_0104193_0104235 avg. like is -97.6267 over 40 frames.
LOG (gmm-acc-stats-ali[5.4.105~1-4fda]:main():gmm-acc-stats-ali.cc:105) Processed 2850 utterances; for utterance AMI_IN1013_H03_MIO097_0128520_0128779 avg. like is -96.3088 over 257 frames.
LOG (gmm-acc-stats-ali[5.4.105~1-4fda]:main():gmm-acc-stats-ali.cc:105) Processed 2900 utterances; for utterance AMI_IN1013_H03_MIO097_0156054_0156409 avg. like is -96.3571 over 353 frames.
LOG (gmm-acc-stats-ali[5.4.105~1-4fda]:main():gmm-acc-stats-ali.cc:105) Processed 2950 utterances; for utterance AMI_IN1013_H03_MIO097_0174656_0175009 avg. like is -101.706 over 351 frames.
LOG (gmm-acc-stats-ali[5.4.105~1-4fda]:main():gmm-acc-stats-ali.cc:105) Processed 3000 utterances; for utterance AMI_IN1013_H03_MIO097_0195435_0195727 avg. like is -100.613 over 290 frames.
LOG (gmm-acc-stats-ali[5.4.105~1-4fda]:main():gmm-acc-stats-ali.cc:105) Processed 3050 utterances; for utterance AMI_IN1013_H03_MIO097_0218946_0219119 avg. like is -99.3676 over 171 frames.
LOG (gmm-acc-stats-ali[5.4.105~1-4fda]:main():gmm-acc-stats-ali.cc:105) Processed 3100 utterances; for utterance AMI_IN1013_H03_MIO097_0246550_0246896 avg. like is -93.7818 over 344 frames.
LOG (gmm-acc-stats-ali[5.4.105~1-4fda]:main():gmm-acc-stats-ali.cc:105) Processed 3150 utterances; for utterance AMI_IN1013_H03_MIO097_0274203_0274286 avg. like is -96.1756 over 81 frames.
LOG (gmm-acc-stats-ali[5.4.105~1-4fda]:main():gmm-acc-stats-ali.cc:105) Processed 3200 utterances; for utterance AMI_IN1014_H00_MIO024_0024194_0024592 avg. like is -97.4338 over 396 frames.
LOG (gmm-acc-stats-ali[5.4.105~1-4fda]:main():gmm-acc-stats-ali.cc:105) Processed 3250 utterances; for utterance AMI_IN1014_H00_MIO024_0090801_0090823 avg. like is -98.7725 over 20 frames.
LOG (gmm-acc-stats-ali[5.4.105~1-4fda]:main():gmm-acc-stats-ali.cc:105) Processed 3300 utterances; for utterance AMI_IN1014_H00_MIO024_0152028_0152077 avg. like is -93.0257 over 47 frames.
LOG (gmm-acc-stats-ali[5.4.105~1-4fda]:main():gmm-acc-stats-ali.cc:105) Processed 3350 utterances; for utterance AMI_IN1014_H00_MIO024_0268490_0268845 avg. like is -94.8844 over 353 frames.
LOG (gmm-acc-stats-ali[5.4.105~1-4fda]:main():gmm-acc-stats-ali.cc:105) Processed 3400 utterances; for utterance AMI_IN1014_H00_MIO024_0328690_0328748 avg. like is -97.6345 over 56 frames.
LOG (gmm-acc-stats-ali[5.4.105~1-4fda]:main():gmm-acc-stats-ali.cc:105) Processed 3450 utterances; for utterance AMI_IN1014_H00_MIO024_0367854_0367943 avg. like is -101.713 over 87 frames.
LOG (gmm-acc-stats-ali[5.4.105~1-4fda]:main():gmm-acc-stats-ali.cc:105) Processed 3500 utterances; for utterance AMI_IN1014_H01_MIO020_0032995_0033225 avg. like is -92.1856 over 228 frames.
LOG (gmm-acc-stats-ali[5.4.105~1-4fda]:main():gmm-acc-stats-ali.cc:105) Processed 3550 utterances; for utterance AMI_IN1014_H01_MIO020_0088924_0088953 avg. like is -96.5623 over 27 frames.
LOG (gmm-acc-stats-ali[5.4.105~1-4fda]:main():gmm-acc-stats-ali.cc:105) Processed 3600 utterances; for utterance AMI_IN1014_H01_MIO020_0114144_0114450 avg. like is -90.9699 over 304 frames.
LOG (gmm-acc-stats-ali[5.4.105~1-4fda]:main():gmm-acc-stats-ali.cc:105) Processed 3650 utterances; for utterance AMI_IN1014_H01_MIO020_0138549_0139017 avg. like is -95.8029 over 466 frames.
LOG (gmm-acc-stats-ali[5.4.105~1-4fda]:main():gmm-acc-stats-ali.cc:105) Processed 3700 utterances; for utterance AMI_IN1014_H01_MIO020_0171790_0172624 avg. like is -91.7264 over 832 frames.
LOG (gmm-acc-stats-ali[5.4.105~1-4fda]:main():gmm-acc-stats-ali.cc:105) Processed 3750 utterances; for utterance AMI_IN1014_H01_MIO020_0212163_0212554 avg. like is -92.4458 over 389 frames.
LOG (gmm-acc-stats-ali[5.4.105~1-4fda]:main():gmm-acc-stats-ali.cc:105) Processed 3800 utterances; for utterance AMI_IN1014_H01_MIO020_0254036_0254064 avg. like is -87.706 over 26 frames.
LOG (gmm-acc-stats-ali[5.4.105~1-4fda]:main():gmm-acc-stats-ali.cc:105) Processed 3850 utterances; for utterance AMI_IN1014_H01_MIO020_0318293_0318335 avg. like is -89.8686 over 40 frames.
LOG (gmm-acc-stats-ali[5.4.105~1-4fda]:main():gmm-acc-stats-ali.cc:105) Processed 3900 utterances; for utterance AMI_IN1014_H02_MIO016_0011422_0011714 avg. like is -88.6221 over 290 frames.
LOG (gmm-acc-stats-ali[5.4.105~1-4fda]:main():gmm-acc-stats-ali.cc:105) Processed 3950 utterances; for utterance AMI_IN1014_H02_MIO016_0051726_0051758 avg. like is -95.0394 over 30 frames.
LOG (gmm-acc-stats-ali[5.4.105~1-4fda]:main():gmm-acc-stats-ali.cc:105) Processed 4000 utterances; for utterance AMI_IN1014_H02_MIO016_0157160_0157281 avg. like is -94.5281 over 119 frames.
LOG (apply-cmvn[5.4.105~1-4fda]:main():apply-cmvn.cc:162) Applied cepstral mean normalization to 4049 utterances, errors on 0
LOG (gmm-acc-stats-ali[5.4.105~1-4fda]:main():gmm-acc-stats-ali.cc:112) Done 4047 files, 2 with errors.
LOG (gmm-acc-stats-ali[5.4.105~1-4fda]:main():gmm-acc-stats-ali.cc:115) Overall avg like per frame (Gaussian only) = -95.5846 over 1110670 frames.
LOG (gmm-acc-stats-ali[5.4.105~1-4fda]:main():gmm-acc-stats-ali.cc:123) Written accs.
# Accounting: time=22 threads=1
# Ended (code 0) at Thu Nov  1 00:01:51 EDT 2018, elapsed time 22 seconds
