# gmm-acc-stats-ali exp2/tri2a/10.mdl "ark,s,cs:apply-cmvn  --utt2spk=ark:data/st_ihm_all/train/split30/18/utt2spk scp:data/st_ihm_all/train/split30/18/cmvn.scp scp:data/st_ihm_all/train/split30/18/feats.scp ark:- | add-deltas  ark:- ark:- |" "ark,s,cs:gunzip -c exp2/tri2a/ali.18.gz|" exp2/tri2a/10.18.acc 
# Started at Wed Oct 31 23:46:59 EDT 2018
#
gmm-acc-stats-ali exp2/tri2a/10.mdl 'ark,s,cs:apply-cmvn  --utt2spk=ark:data/st_ihm_all/train/split30/18/utt2spk scp:data/st_ihm_all/train/split30/18/cmvn.scp scp:data/st_ihm_all/train/split30/18/feats.scp ark:- | add-deltas  ark:- ark:- |' 'ark,s,cs:gunzip -c exp2/tri2a/ali.18.gz|' exp2/tri2a/10.18.acc 
apply-cmvn --utt2spk=ark:data/st_ihm_all/train/split30/18/utt2spk scp:data/st_ihm_all/train/split30/18/cmvn.scp scp:data/st_ihm_all/train/split30/18/feats.scp ark:- 
add-deltas ark:- ark:- 
LOG (gmm-acc-stats-ali[5.4.105~1-4fda]:main():gmm-acc-stats-ali.cc:105) Processed 50 utterances; for utterance AMI_IN1009_H03_MIO018_0009604_0009810 avg. like is -99.7331 over 204 frames.
LOG (gmm-acc-stats-ali[5.4.105~1-4fda]:main():gmm-acc-stats-ali.cc:105) Processed 100 utterances; for utterance AMI_IN1009_H03_MIO018_0040779_0040814 avg. like is -88.2843 over 33 frames.
LOG (gmm-acc-stats-ali[5.4.105~1-4fda]:main():gmm-acc-stats-ali.cc:105) Processed 150 utterances; for utterance AMI_IN1009_H03_MIO018_0073939_0074015 avg. like is -96.8741 over 74 frames.
LOG (gmm-acc-stats-ali[5.4.105~1-4fda]:main():gmm-acc-stats-ali.cc:105) Processed 200 utterances; for utterance AMI_IN1009_H03_MIO018_0109436_0109697 avg. like is -98.6154 over 259 frames.
LOG (gmm-acc-stats-ali[5.4.105~1-4fda]:main():gmm-acc-stats-ali.cc:105) Processed 250 utterances; for utterance AMI_IN1012_H00_MIO078_0033517_0033925 avg. like is -97.3275 over 406 frames.
LOG (gmm-acc-stats-ali[5.4.105~1-4fda]:main():gmm-acc-stats-ali.cc:105) Processed 300 utterances; for utterance AMI_IN1012_H00_MIO078_0067503_0067568 avg. like is -96.2355 over 63 frames.
LOG (gmm-acc-stats-ali[5.4.105~1-4fda]:main():gmm-acc-stats-ali.cc:105) Processed 350 utterances; for utterance AMI_IN1012_H00_MIO078_0099346_0100035 avg. like is -97.5402 over 687 frames.
LOG (gmm-acc-stats-ali[5.4.105~1-4fda]:main():gmm-acc-stats-ali.cc:105) Processed 400 utterances; for utterance AMI_IN1012_H00_MIO078_0128918_0129219 avg. like is -101.368 over 299 frames.
LOG (gmm-acc-stats-ali[5.4.105~1-4fda]:main():gmm-acc-stats-ali.cc:105) Processed 450 utterances; for utterance AMI_IN1012_H00_MIO078_0158464_0158601 avg. like is -103.152 over 135 frames.
LOG (gmm-acc-stats-ali[5.4.105~1-4fda]:main():gmm-acc-stats-ali.cc:105) Processed 500 utterances; for utterance AMI_IN1012_H00_MIO078_0195778_0196043 avg. like is -98.1768 over 263 frames.
LOG (gmm-acc-stats-ali[5.4.105~1-4fda]:main():gmm-acc-stats-ali.cc:105) Processed 550 utterances; for utterance AMI_IN1012_H00_MIO078_0223548_0223859 avg. like is -101.786 over 309 frames.
LOG (gmm-acc-stats-ali[5.4.105~1-4fda]:main():gmm-acc-stats-ali.cc:105) Processed 600 utterances; for utterance AMI_IN1012_H00_MIO078_0252263_0252383 avg. like is -90.0805 over 118 frames.
LOG (gmm-acc-stats-ali[5.4.105~1-4fda]:main():gmm-acc-stats-ali.cc:105) Processed 650 utterances; for utterance AMI_IN1012_H00_MIO078_0281786_0281810 avg. like is -93.8252 over 22 frames.
LOG (gmm-acc-stats-ali[5.4.105~1-4fda]:main():gmm-acc-stats-ali.cc:105) Processed 700 utterances; for utterance AMI_IN1012_H00_MIO078_0305747_0305847 avg. like is -96.8849 over 98 frames.
LOG (gmm-acc-stats-ali[5.4.105~1-4fda]:main():gmm-acc-stats-ali.cc:105) Processed 750 utterances; for utterance AMI_IN1012_H01_MIO097_0039716_0039761 avg. like is -91.2185 over 43 frames.
LOG (gmm-acc-stats-ali[5.4.105~1-4fda]:main():gmm-acc-stats-ali.cc:105) Processed 800 utterances; for utterance AMI_IN1012_H01_MIO097_0079354_0079432 avg. like is -96.4732 over 76 frames.
LOG (gmm-acc-stats-ali[5.4.105~1-4fda]:main():gmm-acc-stats-ali.cc:105) Processed 850 utterances; for utterance AMI_IN1012_H01_MIO097_0158912_0159119 avg. like is -95.2221 over 205 frames.
LOG (gmm-acc-stats-ali[5.4.105~1-4fda]:main():gmm-acc-stats-ali.cc:105) Processed 900 utterances; for utterance AMI_IN1012_H01_MIO097_0206578_0206694 avg. like is -100.593 over 114 frames.
LOG (gmm-acc-stats-ali[5.4.105~1-4fda]:main():gmm-acc-stats-ali.cc:105) Processed 950 utterances; for utterance AMI_IN1012_H01_MIO097_0245112_0245496 avg. like is -96.5559 over 382 frames.
LOG (gmm-acc-stats-ali[5.4.105~1-4fda]:main():gmm-acc-stats-ali.cc:105) Processed 1000 utterances; for utterance AMI_IN1012_H01_MIO097_0288177_0288211 avg. like is -95.109 over 32 frames.
LOG (gmm-acc-stats-ali[5.4.105~1-4fda]:main():gmm-acc-stats-ali.cc:105) Processed 1050 utterances; for utterance AMI_IN1012_H02_MIO077_0023482_0023583 avg. like is -88.7025 over 99 frames.
LOG (gmm-acc-stats-ali[5.4.105~1-4fda]:main():gmm-acc-stats-ali.cc:105) Processed 1100 utterances; for utterance AMI_IN1012_H02_MIO077_0067848_0067879 avg. like is -91.0756 over 29 frames.
LOG (gmm-acc-stats-ali[5.4.105~1-4fda]:main():gmm-acc-stats-ali.cc:105) Processed 1150 utterances; for utterance AMI_IN1012_H02_MIO077_0119870_0119920 avg. like is -96.9138 over 48 frames.
LOG (gmm-acc-stats-ali[5.4.105~1-4fda]:main():gmm-acc-stats-ali.cc:105) Processed 1200 utterances; for utterance AMI_IN1012_H02_MIO077_0161652_0161739 avg. like is -98.2974 over 85 frames.
LOG (gmm-acc-stats-ali[5.4.105~1-4fda]:main():gmm-acc-stats-ali.cc:105) Processed 1250 utterances; for utterance AMI_IN1012_H02_MIO077_0208559_0209142 avg. like is -98.0021 over 581 frames.
LOG (gmm-acc-stats-ali[5.4.105~1-4fda]:main():gmm-acc-stats-ali.cc:105) Processed 1300 utterances; for utterance AMI_IN1012_H02_MIO077_0253142_0253958 avg. like is -96.4103 over 814 frames.
LOG (gmm-acc-stats-ali[5.4.105~1-4fda]:main():gmm-acc-stats-ali.cc:105) Processed 1350 utterances; for utterance AMI_IN1012_H02_MIO077_0289847_0289955 avg. like is -92.8023 over 106 frames.
LOG (gmm-acc-stats-ali[5.4.105~1-4fda]:main():gmm-acc-stats-ali.cc:105) Processed 1400 utterances; for utterance AMI_IN1012_H03_MIO018_0030274_0030301 avg. like is -99.0592 over 25 frames.
LOG (gmm-acc-stats-ali[5.4.105~1-4fda]:main():gmm-acc-stats-ali.cc:105) Processed 1450 utterances; for utterance AMI_IN1012_H03_MIO018_0080697_0080734 avg. like is -98.5224 over 35 frames.
LOG (gmm-acc-stats-ali[5.4.105~1-4fda]:main():gmm-acc-stats-ali.cc:105) Processed 1500 utterances; for utterance AMI_IN1012_H03_MIO018_0206102_0206427 avg. like is -103.512 over 323 frames.
LOG (gmm-acc-stats-ali[5.4.105~1-4fda]:main():gmm-acc-stats-ali.cc:105) Processed 1550 utterances; for utterance AMI_IN1013_H00_MIE034_0005360_0005626 avg. like is -92.7279 over 264 frames.
LOG (gmm-acc-stats-ali[5.4.105~1-4fda]:main():gmm-acc-stats-ali.cc:105) Processed 1600 utterances; for utterance AMI_IN1013_H00_MIE034_0044426_0044451 avg. like is -84.1741 over 23 frames.
LOG (gmm-acc-stats-ali[5.4.105~1-4fda]:main():gmm-acc-stats-ali.cc:105) Processed 1650 utterances; for utterance AMI_IN1013_H00_MIE034_0072433_0072586 avg. like is -91.9956 over 151 frames.
WARNING (gmm-acc-stats-ali[5.4.105~1-4fda]:main():gmm-acc-stats-ali.cc:79) No alignment for utterance AMI_IN1013_H00_MIE034_0085099_0085165
LOG (gmm-acc-stats-ali[5.4.105~1-4fda]:main():gmm-acc-stats-ali.cc:105) Processed 1700 utterances; for utterance AMI_IN1013_H00_MIE034_0095902_0095945 avg. like is -108.505 over 41 frames.
LOG (gmm-acc-stats-ali[5.4.105~1-4fda]:main():gmm-acc-stats-ali.cc:105) Processed 1750 utterances; for utterance AMI_IN1013_H00_MIE034_0122990_0123161 avg. like is -96.8258 over 169 frames.
LOG (gmm-acc-stats-ali[5.4.105~1-4fda]:main():gmm-acc-stats-ali.cc:105) Processed 1800 utterances; for utterance AMI_IN1013_H00_MIE034_0146396_0146712 avg. like is -96.2115 over 314 frames.
LOG (gmm-acc-stats-ali[5.4.105~1-4fda]:main():gmm-acc-stats-ali.cc:105) Processed 1850 utterances; for utterance AMI_IN1013_H00_MIE034_0184071_0184101 avg. like is -80.6604 over 28 frames.
LOG (gmm-acc-stats-ali[5.4.105~1-4fda]:main():gmm-acc-stats-ali.cc:105) Processed 1900 utterances; for utterance AMI_IN1013_H00_MIE034_0219340_0219410 avg. like is -99.3906 over 68 frames.
LOG (gmm-acc-stats-ali[5.4.105~1-4fda]:main():gmm-acc-stats-ali.cc:105) Processed 1950 utterances; for utterance AMI_IN1013_H00_MIE034_0251042_0251092 avg. like is -97.4651 over 48 frames.
LOG (gmm-acc-stats-ali[5.4.105~1-4fda]:main():gmm-acc-stats-ali.cc:105) Processed 2000 utterances; for utterance AMI_IN1013_H00_MIE034_0276796_0277290 avg. like is -97.4277 over 492 frames.
LOG (gmm-acc-stats-ali[5.4.105~1-4fda]:main():gmm-acc-stats-ali.cc:105) Processed 2050 utterances; for utterance AMI_IN1013_H01_MIO078_0021028_0021286 avg. like is -99.3366 over 256 frames.
LOG (gmm-acc-stats-ali[5.4.105~1-4fda]:main():gmm-acc-stats-ali.cc:105) Processed 2100 utterances; for utterance AMI_IN1013_H01_MIO078_0066231_0066359 avg. like is -100.359 over 126 frames.
LOG (gmm-acc-stats-ali[5.4.105~1-4fda]:main():gmm-acc-stats-ali.cc:105) Processed 2150 utterances; for utterance AMI_IN1013_H01_MIO078_0085455_0085897 avg. like is -96.1272 over 440 frames.
LOG (gmm-acc-stats-ali[5.4.105~1-4fda]:main():gmm-acc-stats-ali.cc:105) Processed 2200 utterances; for utterance AMI_IN1013_H01_MIO078_0125642_0125669 avg. like is -82.3762 over 25 frames.
LOG (gmm-acc-stats-ali[5.4.105~1-4fda]:main():gmm-acc-stats-ali.cc:105) Processed 2250 utterances; for utterance AMI_IN1013_H01_MIO078_0156929_0157021 avg. like is -95.7632 over 90 frames.
LOG (gmm-acc-stats-ali[5.4.105~1-4fda]:main():gmm-acc-stats-ali.cc:105) Processed 2300 utterances; for utterance AMI_IN1013_H01_MIO078_0178937_0179080 avg. like is -97.0566 over 141 frames.
LOG (gmm-acc-stats-ali[5.4.105~1-4fda]:main():gmm-acc-stats-ali.cc:105) Processed 2350 utterances; for utterance AMI_IN1013_H01_MIO078_0202625_0202841 avg. like is -96.1132 over 214 frames.
LOG (gmm-acc-stats-ali[5.4.105~1-4fda]:main():gmm-acc-stats-ali.cc:105) Processed 2400 utterances; for utterance AMI_IN1013_H01_MIO078_0240730_0241106 avg. like is -99.8108 over 374 frames.
LOG (gmm-acc-stats-ali[5.4.105~1-4fda]:main():gmm-acc-stats-ali.cc:105) Processed 2450 utterances; for utterance AMI_IN1013_H01_MIO078_0266600_0266716 avg. like is -91.4144 over 114 frames.
LOG (gmm-acc-stats-ali[5.4.105~1-4fda]:main():gmm-acc-stats-ali.cc:105) Processed 2500 utterances; for utterance AMI_IN1013_H01_MIO078_0299142_0300069 avg. like is -96.618 over 925 frames.
LOG (gmm-acc-stats-ali[5.4.105~1-4fda]:main():gmm-acc-stats-ali.cc:105) Processed 2550 utterances; for utterance AMI_IN1013_H02_MIO105_0292755_0293305 avg. like is -97.4543 over 548 frames.
LOG (gmm-acc-stats-ali[5.4.105~1-4fda]:main():gmm-acc-stats-ali.cc:105) Processed 2600 utterances; for utterance AMI_IN1013_H03_MIO097_0021636_0021993 avg. like is -96.9657 over 355 frames.
LOG (gmm-acc-stats-ali[5.4.105~1-4fda]:main():gmm-acc-stats-ali.cc:105) Processed 2650 utterances; for utterance AMI_IN1013_H03_MIO097_0042370_0043387 avg. like is -97.9174 over 1015 frames.
LOG (gmm-acc-stats-ali[5.4.105~1-4fda]:main():gmm-acc-stats-ali.cc:105) Processed 2700 utterances; for utterance AMI_IN1013_H03_MIO097_0063207_0063904 avg. like is -97.6636 over 695 frames.
LOG (gmm-acc-stats-ali[5.4.105~1-4fda]:main():gmm-acc-stats-ali.cc:105) Processed 2750 utterances; for utterance AMI_IN1013_H03_MIO097_0083726_0084067 avg. like is -101.837 over 339 frames.
LOG (gmm-acc-stats-ali[5.4.105~1-4fda]:main():gmm-acc-stats-ali.cc:105) Processed 2800 utterances; for utterance AMI_IN1013_H03_MIO097_0103940_0104193 avg. like is -98.9637 over 251 frames.
LOG (gmm-acc-stats-ali[5.4.105~1-4fda]:main():gmm-acc-stats-ali.cc:105) Processed 2850 utterances; for utterance AMI_IN1013_H03_MIO097_0128139_0128164 avg. like is -99.8043 over 23 frames.
LOG (gmm-acc-stats-ali[5.4.105~1-4fda]:main():gmm-acc-stats-ali.cc:105) Processed 2900 utterances; for utterance AMI_IN1013_H03_MIO097_0155679_0156054 avg. like is -102.37 over 373 frames.
LOG (gmm-acc-stats-ali[5.4.105~1-4fda]:main():gmm-acc-stats-ali.cc:105) Processed 2950 utterances; for utterance AMI_IN1013_H03_MIO097_0174463_0174656 avg. like is -95.6976 over 191 frames.
LOG (gmm-acc-stats-ali[5.4.105~1-4fda]:main():gmm-acc-stats-ali.cc:105) Processed 3000 utterances; for utterance AMI_IN1013_H03_MIO097_0195365_0195435 avg. like is -103.679 over 68 frames.
LOG (gmm-acc-stats-ali[5.4.105~1-4fda]:main():gmm-acc-stats-ali.cc:105) Processed 3050 utterances; for utterance AMI_IN1013_H03_MIO097_0218423_0218444 avg. like is -99.8437 over 19 frames.
LOG (gmm-acc-stats-ali[5.4.105~1-4fda]:main():gmm-acc-stats-ali.cc:105) Processed 3100 utterances; for utterance AMI_IN1013_H03_MIO097_0246317_0246550 avg. like is -96.0583 over 231 frames.
LOG (gmm-acc-stats-ali[5.4.105~1-4fda]:main():gmm-acc-stats-ali.cc:105) Processed 3150 utterances; for utterance AMI_IN1013_H03_MIO097_0274172_0274203 avg. like is -95.7532 over 29 frames.
LOG (gmm-acc-stats-ali[5.4.105~1-4fda]:main():gmm-acc-stats-ali.cc:105) Processed 3200 utterances; for utterance AMI_IN1014_H00_MIO024_0023688_0023959 avg. like is -98.3734 over 269 frames.
LOG (gmm-acc-stats-ali[5.4.105~1-4fda]:main():gmm-acc-stats-ali.cc:105) Processed 3250 utterances; for utterance AMI_IN1014_H00_MIO024_0090271_0090298 avg. like is -94.6367 over 25 frames.
LOG (gmm-acc-stats-ali[5.4.105~1-4fda]:main():gmm-acc-stats-ali.cc:105) Processed 3300 utterances; for utterance AMI_IN1014_H00_MIO024_0151640_0151856 avg. like is -97.7223 over 214 frames.
LOG (gmm-acc-stats-ali[5.4.105~1-4fda]:main():gmm-acc-stats-ali.cc:105) Processed 3350 utterances; for utterance AMI_IN1014_H00_MIO024_0267641_0268490 avg. like is -91.5249 over 847 frames.
LOG (gmm-acc-stats-ali[5.4.105~1-4fda]:main():gmm-acc-stats-ali.cc:105) Processed 3400 utterances; for utterance AMI_IN1014_H00_MIO024_0327985_0328422 avg. like is -94.857 over 435 frames.
LOG (gmm-acc-stats-ali[5.4.105~1-4fda]:main():gmm-acc-stats-ali.cc:105) Processed 3450 utterances; for utterance AMI_IN1014_H00_MIO024_0367661_0367713 avg. like is -93.0546 over 50 frames.
LOG (gmm-acc-stats-ali[5.4.105~1-4fda]:main():gmm-acc-stats-ali.cc:105) Processed 3500 utterances; for utterance AMI_IN1014_H01_MIO020_0032821_0032995 avg. like is -93.6838 over 172 frames.
LOG (gmm-acc-stats-ali[5.4.105~1-4fda]:main():gmm-acc-stats-ali.cc:105) Processed 3550 utterances; for utterance AMI_IN1014_H01_MIO020_0087592_0087632 avg. like is -93.224 over 38 frames.
LOG (gmm-acc-stats-ali[5.4.105~1-4fda]:main():gmm-acc-stats-ali.cc:105) Processed 3600 utterances; for utterance AMI_IN1014_H01_MIO020_0113977_0114144 avg. like is -96.8191 over 165 frames.
LOG (gmm-acc-stats-ali[5.4.105~1-4fda]:main():gmm-acc-stats-ali.cc:105) Processed 3650 utterances; for utterance AMI_IN1014_H01_MIO020_0138363_0138549 avg. like is -95.5563 over 184 frames.
LOG (gmm-acc-stats-ali[5.4.105~1-4fda]:main():gmm-acc-stats-ali.cc:105) Processed 3700 utterances; for utterance AMI_IN1014_H01_MIO020_0171670_0171790 avg. like is -93.641 over 118 frames.
LOG (gmm-acc-stats-ali[5.4.105~1-4fda]:main():gmm-acc-stats-ali.cc:105) Processed 3750 utterances; for utterance AMI_IN1014_H01_MIO020_0212044_0212163 avg. like is -96.5828 over 117 frames.
LOG (gmm-acc-stats-ali[5.4.105~1-4fda]:main():gmm-acc-stats-ali.cc:105) Processed 3800 utterances; for utterance AMI_IN1014_H01_MIO020_0253051_0253803 avg. like is -96.1979 over 750 frames.
LOG (gmm-acc-stats-ali[5.4.105~1-4fda]:main():gmm-acc-stats-ali.cc:105) Processed 3850 utterances; for utterance AMI_IN1014_H01_MIO020_0317569_0317605 avg. like is -89.5655 over 34 frames.
LOG (gmm-acc-stats-ali[5.4.105~1-4fda]:main():gmm-acc-stats-ali.cc:105) Processed 3900 utterances; for utterance AMI_IN1014_H02_MIO016_0010724_0010838 avg. like is -73.6662 over 112 frames.
LOG (gmm-acc-stats-ali[5.4.105~1-4fda]:main():gmm-acc-stats-ali.cc:105) Processed 3950 utterances; for utterance AMI_IN1014_H02_MIO016_0051440_0051489 avg. like is -91.9258 over 47 frames.
LOG (gmm-acc-stats-ali[5.4.105~1-4fda]:main():gmm-acc-stats-ali.cc:105) Processed 4000 utterances; for utterance AMI_IN1014_H02_MIO016_0156523_0156880 avg. like is -95.2193 over 355 frames.
LOG (apply-cmvn[5.4.105~1-4fda]:main():apply-cmvn.cc:162) Applied cepstral mean normalization to 4049 utterances, errors on 0
LOG (gmm-acc-stats-ali[5.4.105~1-4fda]:main():gmm-acc-stats-ali.cc:112) Done 4048 files, 1 with errors.
LOG (gmm-acc-stats-ali[5.4.105~1-4fda]:main():gmm-acc-stats-ali.cc:115) Overall avg like per frame (Gaussian only) = -96.7979 over 1110957 frames.
LOG (gmm-acc-stats-ali[5.4.105~1-4fda]:main():gmm-acc-stats-ali.cc:123) Written accs.
# Accounting: time=16 threads=1
# Ended (code 0) at Wed Oct 31 23:47:15 EDT 2018, elapsed time 16 seconds
