# gmm-acc-stats-ali exp2/tri2a/6.mdl "ark,s,cs:apply-cmvn  --utt2spk=ark:data/st_ihm_all/train/split30/26/utt2spk scp:data/st_ihm_all/train/split30/26/cmvn.scp scp:data/st_ihm_all/train/split30/26/feats.scp ark:- | add-deltas  ark:- ark:- |" "ark,s,cs:gunzip -c exp2/tri2a/ali.26.gz|" exp2/tri2a/6.26.acc 
# Started at Wed Oct 31 23:38:34 EDT 2018
#
gmm-acc-stats-ali exp2/tri2a/6.mdl 'ark,s,cs:apply-cmvn  --utt2spk=ark:data/st_ihm_all/train/split30/26/utt2spk scp:data/st_ihm_all/train/split30/26/cmvn.scp scp:data/st_ihm_all/train/split30/26/feats.scp ark:- | add-deltas  ark:- ark:- |' 'ark,s,cs:gunzip -c exp2/tri2a/ali.26.gz|' exp2/tri2a/6.26.acc 
add-deltas ark:- ark:- 
apply-cmvn --utt2spk=ark:data/st_ihm_all/train/split30/26/utt2spk scp:data/st_ihm_all/train/split30/26/cmvn.scp scp:data/st_ihm_all/train/split30/26/feats.scp ark:- 
LOG (gmm-acc-stats-ali[5.4.105~1-4fda]:main():gmm-acc-stats-ali.cc:105) Processed 50 utterances; for utterance AMI_TS3006d_H03_MTD024ME_0150745_0151316 avg. like is -98.5829 over 569 frames.
LOG (gmm-acc-stats-ali[5.4.105~1-4fda]:main():gmm-acc-stats-ali.cc:105) Processed 100 utterances; for utterance AMI_TS3006d_H03_MTD024ME_0167900_0167942 avg. like is -102.577 over 40 frames.
LOG (gmm-acc-stats-ali[5.4.105~1-4fda]:main():gmm-acc-stats-ali.cc:105) Processed 150 utterances; for utterance AMI_TS3006d_H03_MTD024ME_0185841_0186184 avg. like is -96.9732 over 341 frames.
LOG (gmm-acc-stats-ali[5.4.105~1-4fda]:main():gmm-acc-stats-ali.cc:105) Processed 200 utterances; for utterance AMI_TS3006d_H03_MTD024ME_0211798_0211929 avg. like is -98.1146 over 129 frames.
LOG (gmm-acc-stats-ali[5.4.105~1-4fda]:main():gmm-acc-stats-ali.cc:105) Processed 250 utterances; for utterance AMI_TS3006d_H03_MTD024ME_0246242_0246317 avg. like is -95.3655 over 73 frames.
LOG (gmm-acc-stats-ali[5.4.105~1-4fda]:main():gmm-acc-stats-ali.cc:105) Processed 300 utterances; for utterance AMI_TS3006d_H03_MTD024ME_0270512_0270571 avg. like is -91.0455 over 57 frames.
LOG (gmm-acc-stats-ali[5.4.105~1-4fda]:main():gmm-acc-stats-ali.cc:105) Processed 350 utterances; for utterance AMI_TS3007a_H00_MTD025PM_0008583_0008825 avg. like is -94.2234 over 240 frames.
LOG (gmm-acc-stats-ali[5.4.105~1-4fda]:main():gmm-acc-stats-ali.cc:105) Processed 400 utterances; for utterance AMI_TS3007a_H00_MTD025PM_0028558_0028844 avg. like is -96.0915 over 284 frames.
LOG (gmm-acc-stats-ali[5.4.105~1-4fda]:main():gmm-acc-stats-ali.cc:105) Processed 450 utterances; for utterance AMI_TS3007a_H00_MTD025PM_0048536_0048801 avg. like is -92.573 over 263 frames.
LOG (gmm-acc-stats-ali[5.4.105~1-4fda]:main():gmm-acc-stats-ali.cc:105) Processed 500 utterances; for utterance AMI_TS3007a_H00_MTD025PM_0082167_0082574 avg. like is -91.9738 over 405 frames.
LOG (gmm-acc-stats-ali[5.4.105~1-4fda]:main():gmm-acc-stats-ali.cc:105) Processed 550 utterances; for utterance AMI_TS3007a_H00_MTD025PM_0112276_0112633 avg. like is -86.5268 over 355 frames.
LOG (gmm-acc-stats-ali[5.4.105~1-4fda]:main():gmm-acc-stats-ali.cc:105) Processed 600 utterances; for utterance AMI_TS3007a_H00_MTD025PM_0142223_0142945 avg. like is -94.6461 over 720 frames.
LOG (gmm-acc-stats-ali[5.4.105~1-4fda]:main():gmm-acc-stats-ali.cc:105) Processed 650 utterances; for utterance AMI_TS3007a_H01_MTD027ID_0073911_0074051 avg. like is -94.1024 over 138 frames.
LOG (gmm-acc-stats-ali[5.4.105~1-4fda]:main():gmm-acc-stats-ali.cc:105) Processed 700 utterances; for utterance AMI_TS3007a_H01_MTD027ID_0138629_0138698 avg. like is -95.7098 over 67 frames.
LOG (gmm-acc-stats-ali[5.4.105~1-4fda]:main():gmm-acc-stats-ali.cc:105) Processed 750 utterances; for utterance AMI_TS3007a_H02_MTD026UID_0146860_0146968 avg. like is -95.4076 over 106 frames.
LOG (gmm-acc-stats-ali[5.4.105~1-4fda]:main():gmm-acc-stats-ali.cc:105) Processed 800 utterances; for utterance AMI_TS3007a_H03_MTD028ME_0062679_0062804 avg. like is -91.6427 over 123 frames.
LOG (gmm-acc-stats-ali[5.4.105~1-4fda]:main():gmm-acc-stats-ali.cc:105) Processed 850 utterances; for utterance AMI_TS3007a_H03_MTD028ME_0094597_0094697 avg. like is -91.0127 over 98 frames.
LOG (gmm-acc-stats-ali[5.4.105~1-4fda]:main():gmm-acc-stats-ali.cc:105) Processed 900 utterances; for utterance AMI_TS3007a_H03_MTD028ME_0131666_0131791 avg. like is -94.1226 over 123 frames.
LOG (gmm-acc-stats-ali[5.4.105~1-4fda]:main():gmm-acc-stats-ali.cc:105) Processed 950 utterances; for utterance AMI_TS3007b_H00_MTD025PM_0013209_0013877 avg. like is -92.2401 over 666 frames.
LOG (gmm-acc-stats-ali[5.4.105~1-4fda]:main():gmm-acc-stats-ali.cc:105) Processed 1000 utterances; for utterance AMI_TS3007b_H00_MTD025PM_0178927_0179350 avg. like is -95.8366 over 421 frames.
LOG (gmm-acc-stats-ali[5.4.105~1-4fda]:main():gmm-acc-stats-ali.cc:105) Processed 1050 utterances; for utterance AMI_TS3007b_H00_MTD025PM_0234116_0235098 avg. like is -94.0282 over 980 frames.
LOG (gmm-acc-stats-ali[5.4.105~1-4fda]:main():gmm-acc-stats-ali.cc:105) Processed 1100 utterances; for utterance AMI_TS3007b_H01_MTD027ID_0110405_0110736 avg. like is -95.8193 over 329 frames.
LOG (gmm-acc-stats-ali[5.4.105~1-4fda]:main():gmm-acc-stats-ali.cc:105) Processed 1150 utterances; for utterance AMI_TS3007b_H01_MTD027ID_0150551_0151378 avg. like is -96.0121 over 825 frames.
LOG (gmm-acc-stats-ali[5.4.105~1-4fda]:main():gmm-acc-stats-ali.cc:105) Processed 1200 utterances; for utterance AMI_TS3007b_H01_MTD027ID_0211246_0212403 avg. like is -90.8432 over 1155 frames.
LOG (gmm-acc-stats-ali[5.4.105~1-4fda]:main():gmm-acc-stats-ali.cc:105) Processed 1250 utterances; for utterance AMI_TS3007b_H01_MTD027ID_0248887_0249228 avg. like is -96.6201 over 339 frames.
LOG (gmm-acc-stats-ali[5.4.105~1-4fda]:main():gmm-acc-stats-ali.cc:105) Processed 1300 utterances; for utterance AMI_TS3007b_H02_MTD026UID_0083438_0083760 avg. like is -103.98 over 320 frames.
LOG (gmm-acc-stats-ali[5.4.105~1-4fda]:main():gmm-acc-stats-ali.cc:105) Processed 1350 utterances; for utterance AMI_TS3007b_H02_MTD026UID_0160156_0160738 avg. like is -97.413 over 580 frames.
LOG (gmm-acc-stats-ali[5.4.105~1-4fda]:main():gmm-acc-stats-ali.cc:105) Processed 1400 utterances; for utterance AMI_TS3007b_H02_MTD026UID_0219369_0219411 avg. like is -82.9955 over 40 frames.
LOG (gmm-acc-stats-ali[5.4.105~1-4fda]:main():gmm-acc-stats-ali.cc:105) Processed 1450 utterances; for utterance AMI_TS3007b_H03_MTD028ME_0036459_0036691 avg. like is -94.66 over 230 frames.
LOG (gmm-acc-stats-ali[5.4.105~1-4fda]:main():gmm-acc-stats-ali.cc:105) Processed 1500 utterances; for utterance AMI_TS3007b_H03_MTD028ME_0095194_0095222 avg. like is -84.6825 over 26 frames.
LOG (gmm-acc-stats-ali[5.4.105~1-4fda]:main():gmm-acc-stats-ali.cc:105) Processed 1550 utterances; for utterance AMI_TS3007b_H03_MTD028ME_0166290_0167069 avg. like is -95.0611 over 777 frames.
LOG (gmm-acc-stats-ali[5.4.105~1-4fda]:main():gmm-acc-stats-ali.cc:105) Processed 1600 utterances; for utterance AMI_TS3007b_H03_MTD028ME_0213116_0214128 avg. like is -95.0292 over 1010 frames.
LOG (gmm-acc-stats-ali[5.4.105~1-4fda]:main():gmm-acc-stats-ali.cc:105) Processed 1650 utterances; for utterance AMI_TS3007b_H03_MTD028ME_0244773_0244936 avg. like is -96.6728 over 161 frames.
LOG (gmm-acc-stats-ali[5.4.105~1-4fda]:main():gmm-acc-stats-ali.cc:105) Processed 1700 utterances; for utterance AMI_TS3007c_H00_MTD025PM_0038984_0039026 avg. like is -106.79 over 40 frames.
LOG (gmm-acc-stats-ali[5.4.105~1-4fda]:main():gmm-acc-stats-ali.cc:105) Processed 1750 utterances; for utterance AMI_TS3007c_H00_MTD025PM_0143959_0144294 avg. like is -99.0694 over 333 frames.
LOG (gmm-acc-stats-ali[5.4.105~1-4fda]:main():gmm-acc-stats-ali.cc:105) Processed 1800 utterances; for utterance AMI_TS3007c_H00_MTD025PM_0185538_0185628 avg. like is -92.6669 over 88 frames.
LOG (gmm-acc-stats-ali[5.4.105~1-4fda]:main():gmm-acc-stats-ali.cc:105) Processed 1850 utterances; for utterance AMI_TS3007c_H00_MTD025PM_0220377_0220577 avg. like is -96.8566 over 198 frames.
WARNING (gmm-acc-stats-ali[5.4.105~1-4fda]:main():gmm-acc-stats-ali.cc:79) No alignment for utterance AMI_TS3007c_H00_MTD025PM_0226096_0226346
LOG (gmm-acc-stats-ali[5.4.105~1-4fda]:main():gmm-acc-stats-ali.cc:105) Processed 1900 utterances; for utterance AMI_TS3007c_H01_MTD027ID_0003493_0003590 avg. like is -97.3124 over 95 frames.
LOG (gmm-acc-stats-ali[5.4.105~1-4fda]:main():gmm-acc-stats-ali.cc:105) Processed 1950 utterances; for utterance AMI_TS3007c_H01_MTD027ID_0107991_0108283 avg. like is -94.3643 over 290 frames.
LOG (gmm-acc-stats-ali[5.4.105~1-4fda]:main():gmm-acc-stats-ali.cc:105) Processed 2000 utterances; for utterance AMI_TS3007c_H01_MTD027ID_0135213_0135510 avg. like is -95.0338 over 295 frames.
LOG (gmm-acc-stats-ali[5.4.105~1-4fda]:main():gmm-acc-stats-ali.cc:105) Processed 2050 utterances; for utterance AMI_TS3007c_H01_MTD027ID_0172981_0173730 avg. like is -94.6352 over 747 frames.
LOG (gmm-acc-stats-ali[5.4.105~1-4fda]:main():gmm-acc-stats-ali.cc:105) Processed 2100 utterances; for utterance AMI_TS3007c_H01_MTD027ID_0227342_0227934 avg. like is -96.5241 over 590 frames.
LOG (gmm-acc-stats-ali[5.4.105~1-4fda]:main():gmm-acc-stats-ali.cc:105) Processed 2150 utterances; for utterance AMI_TS3007c_H02_MTD026UID_0025361_0025636 avg. like is -99.5023 over 273 frames.
LOG (gmm-acc-stats-ali[5.4.105~1-4fda]:main():gmm-acc-stats-ali.cc:105) Processed 2200 utterances; for utterance AMI_TS3007c_H02_MTD026UID_0048619_0048742 avg. like is -97.4547 over 121 frames.
LOG (gmm-acc-stats-ali[5.4.105~1-4fda]:main():gmm-acc-stats-ali.cc:105) Processed 2250 utterances; for utterance AMI_TS3007c_H02_MTD026UID_0069670_0070000 avg. like is -97.9574 over 328 frames.
LOG (gmm-acc-stats-ali[5.4.105~1-4fda]:main():gmm-acc-stats-ali.cc:105) Processed 2300 utterances; for utterance AMI_TS3007c_H02_MTD026UID_0177241_0177262 avg. like is -88.3104 over 19 frames.
LOG (gmm-acc-stats-ali[5.4.105~1-4fda]:main():gmm-acc-stats-ali.cc:105) Processed 2350 utterances; for utterance AMI_TS3007c_H02_MTD026UID_0238123_0238290 avg. like is -102.163 over 165 frames.
LOG (gmm-acc-stats-ali[5.4.105~1-4fda]:main():gmm-acc-stats-ali.cc:105) Processed 2400 utterances; for utterance AMI_TS3007c_H03_MTD028ME_0063360_0063659 avg. like is -98.8938 over 297 frames.
LOG (gmm-acc-stats-ali[5.4.105~1-4fda]:main():gmm-acc-stats-ali.cc:105) Processed 2450 utterances; for utterance AMI_TS3007c_H03_MTD028ME_0091592_0091951 avg. like is -95.7821 over 357 frames.
LOG (gmm-acc-stats-ali[5.4.105~1-4fda]:main():gmm-acc-stats-ali.cc:105) Processed 2500 utterances; for utterance AMI_TS3007c_H03_MTD028ME_0110355_0110430 avg. like is -98.5239 over 73 frames.
LOG (gmm-acc-stats-ali[5.4.105~1-4fda]:main():gmm-acc-stats-ali.cc:105) Processed 2550 utterances; for utterance AMI_TS3007c_H03_MTD028ME_0174102_0174125 avg. like is -89.6767 over 21 frames.
LOG (gmm-acc-stats-ali[5.4.105~1-4fda]:main():gmm-acc-stats-ali.cc:105) Processed 2600 utterances; for utterance AMI_TS3007c_H03_MTD028ME_0212207_0212273 avg. like is -88.8068 over 64 frames.
LOG (gmm-acc-stats-ali[5.4.105~1-4fda]:main():gmm-acc-stats-ali.cc:105) Processed 2650 utterances; for utterance AMI_TS3007d_H00_MTD025PM_0015569_0016305 avg. like is -91.8015 over 734 frames.
LOG (gmm-acc-stats-ali[5.4.105~1-4fda]:main():gmm-acc-stats-ali.cc:105) Processed 2700 utterances; for utterance AMI_TS3007d_H00_MTD025PM_0080003_0080089 avg. like is -93.9117 over 84 frames.
LOG (gmm-acc-stats-ali[5.4.105~1-4fda]:main():gmm-acc-stats-ali.cc:105) Processed 2750 utterances; for utterance AMI_TS3007d_H00_MTD025PM_0115810_0116660 avg. like is -90.6718 over 848 frames.
LOG (gmm-acc-stats-ali[5.4.105~1-4fda]:main():gmm-acc-stats-ali.cc:105) Processed 2800 utterances; for utterance AMI_TS3007d_H00_MTD025PM_0133751_0134369 avg. like is -96.9776 over 616 frames.
LOG (gmm-acc-stats-ali[5.4.105~1-4fda]:main():gmm-acc-stats-ali.cc:105) Processed 2850 utterances; for utterance AMI_TS3007d_H00_MTD025PM_0159266_0159422 avg. like is -93.555 over 154 frames.
LOG (gmm-acc-stats-ali[5.4.105~1-4fda]:main():gmm-acc-stats-ali.cc:105) Processed 2900 utterances; for utterance AMI_TS3007d_H00_MTD025PM_0184886_0184915 avg. like is -86.8871 over 27 frames.
LOG (gmm-acc-stats-ali[5.4.105~1-4fda]:main():gmm-acc-stats-ali.cc:105) Processed 2950 utterances; for utterance AMI_TS3007d_H00_MTD025PM_0214607_0215134 avg. like is -89.7481 over 525 frames.
LOG (gmm-acc-stats-ali[5.4.105~1-4fda]:main():gmm-acc-stats-ali.cc:105) Processed 3000 utterances; for utterance AMI_TS3007d_H00_MTD025PM_0243285_0243338 avg. like is -98.9506 over 51 frames.
LOG (gmm-acc-stats-ali[5.4.105~1-4fda]:main():gmm-acc-stats-ali.cc:105) Processed 3050 utterances; for utterance AMI_TS3007d_H00_MTD025PM_0274106_0274223 avg. like is -92.8539 over 115 frames.
LOG (gmm-acc-stats-ali[5.4.105~1-4fda]:main():gmm-acc-stats-ali.cc:105) Processed 3100 utterances; for utterance AMI_TS3007d_H01_MTD027ID_0051760_0051809 avg. like is -97.051 over 47 frames.
LOG (gmm-acc-stats-ali[5.4.105~1-4fda]:main():gmm-acc-stats-ali.cc:105) Processed 3150 utterances; for utterance AMI_TS3007d_H01_MTD027ID_0087389_0087647 avg. like is -98.496 over 256 frames.
LOG (gmm-acc-stats-ali[5.4.105~1-4fda]:main():gmm-acc-stats-ali.cc:105) Processed 3200 utterances; for utterance AMI_TS3007d_H01_MTD027ID_0115320_0115453 avg. like is -97.039 over 131 frames.
LOG (gmm-acc-stats-ali[5.4.105~1-4fda]:main():gmm-acc-stats-ali.cc:105) Processed 3250 utterances; for utterance AMI_TS3007d_H01_MTD027ID_0141362_0141599 avg. like is -101.725 over 235 frames.
LOG (gmm-acc-stats-ali[5.4.105~1-4fda]:main():gmm-acc-stats-ali.cc:105) Processed 3300 utterances; for utterance AMI_TS3007d_H01_MTD027ID_0179288_0179628 avg. like is -93.5577 over 338 frames.
LOG (gmm-acc-stats-ali[5.4.105~1-4fda]:main():gmm-acc-stats-ali.cc:105) Processed 3350 utterances; for utterance AMI_TS3007d_H01_MTD027ID_0209291_0209464 avg. like is -96.7038 over 171 frames.
LOG (gmm-acc-stats-ali[5.4.105~1-4fda]:main():gmm-acc-stats-ali.cc:105) Processed 3400 utterances; for utterance AMI_TS3007d_H01_MTD027ID_0260823_0260975 avg. like is -101.701 over 150 frames.
LOG (gmm-acc-stats-ali[5.4.105~1-4fda]:main():gmm-acc-stats-ali.cc:105) Processed 3450 utterances; for utterance AMI_TS3007d_H02_MTD026UID_0036280_0036473 avg. like is -97.6118 over 191 frames.
LOG (gmm-acc-stats-ali[5.4.105~1-4fda]:main():gmm-acc-stats-ali.cc:105) Processed 3500 utterances; for utterance AMI_TS3007d_H02_MTD026UID_0081590_0081768 avg. like is -99.9341 over 176 frames.
LOG (gmm-acc-stats-ali[5.4.105~1-4fda]:main():gmm-acc-stats-ali.cc:105) Processed 3550 utterances; for utterance AMI_TS3007d_H02_MTD026UID_0123749_0123786 avg. like is -96.3586 over 35 frames.
LOG (gmm-acc-stats-ali[5.4.105~1-4fda]:main():gmm-acc-stats-ali.cc:105) Processed 3600 utterances; for utterance AMI_TS3007d_H02_MTD026UID_0178381_0178595 avg. like is -96.606 over 212 frames.
LOG (gmm-acc-stats-ali[5.4.105~1-4fda]:main():gmm-acc-stats-ali.cc:105) Processed 3650 utterances; for utterance AMI_TS3007d_H03_MTD028ME_0037732_0037765 avg. like is -99.1697 over 31 frames.
LOG (gmm-acc-stats-ali[5.4.105~1-4fda]:main():gmm-acc-stats-ali.cc:105) Processed 3700 utterances; for utterance AMI_TS3007d_H03_MTD028ME_0070932_0071032 avg. like is -95.5572 over 98 frames.
LOG (gmm-acc-stats-ali[5.4.105~1-4fda]:main():gmm-acc-stats-ali.cc:105) Processed 3750 utterances; for utterance AMI_TS3007d_H03_MTD028ME_0089922_0090318 avg. like is -100.722 over 394 frames.
LOG (gmm-acc-stats-ali[5.4.105~1-4fda]:main():gmm-acc-stats-ali.cc:105) Processed 3800 utterances; for utterance AMI_TS3007d_H03_MTD028ME_0123826_0123888 avg. like is -99.2353 over 60 frames.
LOG (gmm-acc-stats-ali[5.4.105~1-4fda]:main():gmm-acc-stats-ali.cc:105) Processed 3850 utterances; for utterance AMI_TS3007d_H03_MTD028ME_0152105_0152194 avg. like is -98.5016 over 87 frames.
LOG (gmm-acc-stats-ali[5.4.105~1-4fda]:main():gmm-acc-stats-ali.cc:105) Processed 3900 utterances; for utterance AMI_TS3007d_H03_MTD028ME_0196013_0196108 avg. like is -90.8465 over 93 frames.
LOG (gmm-acc-stats-ali[5.4.105~1-4fda]:main():gmm-acc-stats-ali.cc:105) Processed 3950 utterances; for utterance AMI_TS3007d_H03_MTD028ME_0231132_0231194 avg. like is -97.7021 over 60 frames.
LOG (gmm-acc-stats-ali[5.4.105~1-4fda]:main():gmm-acc-stats-ali.cc:105) Processed 4000 utterances; for utterance AMI_TS3007d_H03_MTD028ME_0261323_0261444 avg. like is -95.0079 over 119 frames.
LOG (gmm-acc-stats-ali[5.4.105~1-4fda]:main():gmm-acc-stats-ali.cc:105) Processed 4050 utterances; for utterance AMI_TS3008a_H00_MTD029PM_0030564_0031342 avg. like is -90.6794 over 776 frames.
LOG (gmm-acc-stats-ali[5.4.105~1-4fda]:main():gmm-acc-stats-ali.cc:105) Processed 4100 utterances; for utterance AMI_TS3008a_H00_MTD029PM_0051650_0051791 avg. like is -95.8077 over 139 frames.
LOG (apply-cmvn[5.4.105~1-4fda]:main():apply-cmvn.cc:162) Applied cepstral mean normalization to 4132 utterances, errors on 0
LOG (gmm-acc-stats-ali[5.4.105~1-4fda]:main():gmm-acc-stats-ali.cc:112) Done 4131 files, 1 with errors.
LOG (gmm-acc-stats-ali[5.4.105~1-4fda]:main():gmm-acc-stats-ali.cc:115) Overall avg like per frame (Gaussian only) = -95.6695 over 998167 frames.
LOG (gmm-acc-stats-ali[5.4.105~1-4fda]:main():gmm-acc-stats-ali.cc:123) Written accs.
# Accounting: time=12 threads=1
# Ended (code 0) at Wed Oct 31 23:38:46 EDT 2018, elapsed time 12 seconds
