# gmm-acc-stats-ali exp2/tri2a/13.mdl "ark,s,cs:apply-cmvn  --utt2spk=ark:data/st_ihm_all/train/split30/28/utt2spk scp:data/st_ihm_all/train/split30/28/cmvn.scp scp:data/st_ihm_all/train/split30/28/feats.scp ark:- | add-deltas  ark:- ark:- |" "ark,s,cs:gunzip -c exp2/tri2a/ali.28.gz|" exp2/tri2a/13.28.acc 
# Started at Wed Oct 31 23:48:58 EDT 2018
#
gmm-acc-stats-ali exp2/tri2a/13.mdl 'ark,s,cs:apply-cmvn  --utt2spk=ark:data/st_ihm_all/train/split30/28/utt2spk scp:data/st_ihm_all/train/split30/28/cmvn.scp scp:data/st_ihm_all/train/split30/28/feats.scp ark:- | add-deltas  ark:- ark:- |' 'ark,s,cs:gunzip -c exp2/tri2a/ali.28.gz|' exp2/tri2a/13.28.acc 
apply-cmvn --utt2spk=ark:data/st_ihm_all/train/split30/28/utt2spk scp:data/st_ihm_all/train/split30/28/cmvn.scp scp:data/st_ihm_all/train/split30/28/feats.scp ark:- 
add-deltas ark:- ark:- 
LOG (gmm-acc-stats-ali[5.4.105~1-4fda]:main():gmm-acc-stats-ali.cc:105) Processed 50 utterances; for utterance AMI_TS3009b_H00_MTD033PM_0043049_0043071 avg. like is -93.1116 over 20 frames.
LOG (gmm-acc-stats-ali[5.4.105~1-4fda]:main():gmm-acc-stats-ali.cc:105) Processed 100 utterances; for utterance AMI_TS3009b_H00_MTD033PM_0115490_0115598 avg. like is -94.0229 over 106 frames.
LOG (gmm-acc-stats-ali[5.4.105~1-4fda]:main():gmm-acc-stats-ali.cc:105) Processed 150 utterances; for utterance AMI_TS3009b_H00_MTD033PM_0149363_0150080 avg. like is -97.1724 over 715 frames.
LOG (gmm-acc-stats-ali[5.4.105~1-4fda]:main():gmm-acc-stats-ali.cc:105) Processed 200 utterances; for utterance AMI_TS3009b_H00_MTD033PM_0181017_0181434 avg. like is -94.1556 over 415 frames.
LOG (gmm-acc-stats-ali[5.4.105~1-4fda]:main():gmm-acc-stats-ali.cc:105) Processed 250 utterances; for utterance AMI_TS3009b_H00_MTD033PM_0204457_0204704 avg. like is -105.261 over 245 frames.
LOG (gmm-acc-stats-ali[5.4.105~1-4fda]:main():gmm-acc-stats-ali.cc:105) Processed 300 utterances; for utterance AMI_TS3009b_H00_MTD033PM_0225866_0225908 avg. like is -93.5868 over 40 frames.
LOG (gmm-acc-stats-ali[5.4.105~1-4fda]:main():gmm-acc-stats-ali.cc:105) Processed 350 utterances; for utterance AMI_TS3009b_H01_MTD035UID_0058039_0058233 avg. like is -95.5198 over 192 frames.
LOG (gmm-acc-stats-ali[5.4.105~1-4fda]:main():gmm-acc-stats-ali.cc:105) Processed 400 utterances; for utterance AMI_TS3009b_H01_MTD035UID_0131767_0132444 avg. like is -92.9644 over 675 frames.
LOG (gmm-acc-stats-ali[5.4.105~1-4fda]:main():gmm-acc-stats-ali.cc:105) Processed 450 utterances; for utterance AMI_TS3009b_H01_MTD035UID_0160250_0160353 avg. like is -100.935 over 101 frames.
LOG (gmm-acc-stats-ali[5.4.105~1-4fda]:main():gmm-acc-stats-ali.cc:105) Processed 500 utterances; for utterance AMI_TS3009b_H01_MTD035UID_0208226_0208248 avg. like is -78.3613 over 20 frames.
LOG (gmm-acc-stats-ali[5.4.105~1-4fda]:main():gmm-acc-stats-ali.cc:105) Processed 550 utterances; for utterance AMI_TS3009b_H02_MTD034ID_0054582_0054945 avg. like is -96.2388 over 361 frames.
LOG (gmm-acc-stats-ali[5.4.105~1-4fda]:main():gmm-acc-stats-ali.cc:105) Processed 600 utterances; for utterance AMI_TS3009b_H02_MTD034ID_0091889_0092694 avg. like is -93.4632 over 803 frames.
LOG (gmm-acc-stats-ali[5.4.105~1-4fda]:main():gmm-acc-stats-ali.cc:105) Processed 650 utterances; for utterance AMI_TS3009b_H02_MTD034ID_0121122_0121220 avg. like is -101.799 over 96 frames.
LOG (gmm-acc-stats-ali[5.4.105~1-4fda]:main():gmm-acc-stats-ali.cc:105) Processed 700 utterances; for utterance AMI_TS3009b_H02_MTD034ID_0177376_0177411 avg. like is -105.223 over 33 frames.
LOG (gmm-acc-stats-ali[5.4.105~1-4fda]:main():gmm-acc-stats-ali.cc:105) Processed 750 utterances; for utterance AMI_TS3009b_H02_MTD034ID_0208363_0208469 avg. like is -93.0865 over 104 frames.
LOG (gmm-acc-stats-ali[5.4.105~1-4fda]:main():gmm-acc-stats-ali.cc:105) Processed 800 utterances; for utterance AMI_TS3009b_H02_MTD034ID_0240581_0240765 avg. like is -90.6215 over 182 frames.
LOG (gmm-acc-stats-ali[5.4.105~1-4fda]:main():gmm-acc-stats-ali.cc:105) Processed 850 utterances; for utterance AMI_TS3009b_H03_MTD036ME_0043470_0043579 avg. like is -94.6977 over 107 frames.
LOG (gmm-acc-stats-ali[5.4.105~1-4fda]:main():gmm-acc-stats-ali.cc:105) Processed 900 utterances; for utterance AMI_TS3009b_H03_MTD036ME_0070798_0070948 avg. like is -93.1953 over 148 frames.
LOG (gmm-acc-stats-ali[5.4.105~1-4fda]:main():gmm-acc-stats-ali.cc:105) Processed 950 utterances; for utterance AMI_TS3009b_H03_MTD036ME_0108309_0108922 avg. like is -96.6636 over 611 frames.
LOG (gmm-acc-stats-ali[5.4.105~1-4fda]:main():gmm-acc-stats-ali.cc:105) Processed 1000 utterances; for utterance AMI_TS3009b_H03_MTD036ME_0141053_0141318 avg. like is -99.911 over 263 frames.
LOG (gmm-acc-stats-ali[5.4.105~1-4fda]:main():gmm-acc-stats-ali.cc:105) Processed 1050 utterances; for utterance AMI_TS3009b_H03_MTD036ME_0170781_0170995 avg. like is -93.9712 over 212 frames.
WARNING (gmm-acc-stats-ali[5.4.105~1-4fda]:main():gmm-acc-stats-ali.cc:79) No alignment for utterance AMI_TS3009b_H03_MTD036ME_0188589_0188707
LOG (gmm-acc-stats-ali[5.4.105~1-4fda]:main():gmm-acc-stats-ali.cc:105) Processed 1100 utterances; for utterance AMI_TS3009b_H03_MTD036ME_0200351_0200431 avg. like is -94.244 over 78 frames.
LOG (gmm-acc-stats-ali[5.4.105~1-4fda]:main():gmm-acc-stats-ali.cc:105) Processed 1150 utterances; for utterance AMI_TS3009b_H03_MTD036ME_0237484_0237581 avg. like is -96.3368 over 95 frames.
LOG (gmm-acc-stats-ali[5.4.105~1-4fda]:main():gmm-acc-stats-ali.cc:105) Processed 1200 utterances; for utterance AMI_TS3009c_H00_MTD033PM_0033286_0033342 avg. like is -97.9271 over 54 frames.
LOG (gmm-acc-stats-ali[5.4.105~1-4fda]:main():gmm-acc-stats-ali.cc:105) Processed 1250 utterances; for utterance AMI_TS3009c_H00_MTD033PM_0086366_0086798 avg. like is -98.5264 over 430 frames.
LOG (gmm-acc-stats-ali[5.4.105~1-4fda]:main():gmm-acc-stats-ali.cc:105) Processed 1300 utterances; for utterance AMI_TS3009c_H00_MTD033PM_0125258_0125280 avg. like is -106.215 over 20 frames.
LOG (gmm-acc-stats-ali[5.4.105~1-4fda]:main():gmm-acc-stats-ali.cc:105) Processed 1350 utterances; for utterance AMI_TS3009c_H00_MTD033PM_0156194_0157362 avg. like is -102.013 over 1166 frames.
LOG (gmm-acc-stats-ali[5.4.105~1-4fda]:main():gmm-acc-stats-ali.cc:105) Processed 1400 utterances; for utterance AMI_TS3009c_H00_MTD033PM_0179960_0180174 avg. like is -96.5101 over 212 frames.
LOG (gmm-acc-stats-ali[5.4.105~1-4fda]:main():gmm-acc-stats-ali.cc:105) Processed 1450 utterances; for utterance AMI_TS3009c_H00_MTD033PM_0202534_0202620 avg. like is -94.0733 over 84 frames.
LOG (gmm-acc-stats-ali[5.4.105~1-4fda]:main():gmm-acc-stats-ali.cc:105) Processed 1500 utterances; for utterance AMI_TS3009c_H00_MTD033PM_0228575_0228615 avg. like is -102.096 over 38 frames.
LOG (gmm-acc-stats-ali[5.4.105~1-4fda]:main():gmm-acc-stats-ali.cc:105) Processed 1550 utterances; for utterance AMI_TS3009c_H01_MTD035UID_0077554_0077589 avg. like is -96.2497 over 33 frames.
LOG (gmm-acc-stats-ali[5.4.105~1-4fda]:main():gmm-acc-stats-ali.cc:105) Processed 1600 utterances; for utterance AMI_TS3009c_H01_MTD035UID_0110827_0111299 avg. like is -93.4966 over 470 frames.
LOG (gmm-acc-stats-ali[5.4.105~1-4fda]:main():gmm-acc-stats-ali.cc:105) Processed 1650 utterances; for utterance AMI_TS3009c_H01_MTD035UID_0141581_0141598 avg. like is -98.004 over 15 frames.
LOG (gmm-acc-stats-ali[5.4.105~1-4fda]:main():gmm-acc-stats-ali.cc:105) Processed 1700 utterances; for utterance AMI_TS3009c_H01_MTD035UID_0183485_0183659 avg. like is -99.7466 over 172 frames.
LOG (gmm-acc-stats-ali[5.4.105~1-4fda]:main():gmm-acc-stats-ali.cc:105) Processed 1750 utterances; for utterance AMI_TS3009c_H01_MTD035UID_0219255_0219285 avg. like is -91.4827 over 28 frames.
LOG (gmm-acc-stats-ali[5.4.105~1-4fda]:main():gmm-acc-stats-ali.cc:105) Processed 1800 utterances; for utterance AMI_TS3009c_H02_MTD034ID_0038775_0039462 avg. like is -93.064 over 685 frames.
LOG (gmm-acc-stats-ali[5.4.105~1-4fda]:main():gmm-acc-stats-ali.cc:105) Processed 1850 utterances; for utterance AMI_TS3009c_H02_MTD034ID_0058265_0058480 avg. like is -96.0643 over 213 frames.
LOG (gmm-acc-stats-ali[5.4.105~1-4fda]:main():gmm-acc-stats-ali.cc:105) Processed 1900 utterances; for utterance AMI_TS3009c_H02_MTD034ID_0087233_0087285 avg. like is -102.59 over 50 frames.
LOG (gmm-acc-stats-ali[5.4.105~1-4fda]:main():gmm-acc-stats-ali.cc:105) Processed 1950 utterances; for utterance AMI_TS3009c_H02_MTD034ID_0131408_0131632 avg. like is -99.6177 over 222 frames.
LOG (gmm-acc-stats-ali[5.4.105~1-4fda]:main():gmm-acc-stats-ali.cc:105) Processed 2000 utterances; for utterance AMI_TS3009c_H02_MTD034ID_0159758_0159872 avg. like is -100.613 over 112 frames.
LOG (gmm-acc-stats-ali[5.4.105~1-4fda]:main():gmm-acc-stats-ali.cc:105) Processed 2050 utterances; for utterance AMI_TS3009c_H02_MTD034ID_0204636_0204811 avg. like is -98.4704 over 173 frames.
LOG (gmm-acc-stats-ali[5.4.105~1-4fda]:main():gmm-acc-stats-ali.cc:105) Processed 2100 utterances; for utterance AMI_TS3009c_H02_MTD034ID_0233369_0233477 avg. like is -93.5202 over 106 frames.
LOG (gmm-acc-stats-ali[5.4.105~1-4fda]:main():gmm-acc-stats-ali.cc:105) Processed 2150 utterances; for utterance AMI_TS3009c_H03_MTD036ME_0026770_0027069 avg. like is -95.9324 over 297 frames.
LOG (gmm-acc-stats-ali[5.4.105~1-4fda]:main():gmm-acc-stats-ali.cc:105) Processed 2200 utterances; for utterance AMI_TS3009c_H03_MTD036ME_0077456_0077528 avg. like is -93.5033 over 70 frames.
LOG (gmm-acc-stats-ali[5.4.105~1-4fda]:main():gmm-acc-stats-ali.cc:105) Processed 2250 utterances; for utterance AMI_TS3009c_H03_MTD036ME_0129533_0129754 avg. like is -95.1585 over 219 frames.
LOG (gmm-acc-stats-ali[5.4.105~1-4fda]:main():gmm-acc-stats-ali.cc:105) Processed 2300 utterances; for utterance AMI_TS3009c_H03_MTD036ME_0170385_0170682 avg. like is -100.505 over 295 frames.
LOG (gmm-acc-stats-ali[5.4.105~1-4fda]:main():gmm-acc-stats-ali.cc:105) Processed 2350 utterances; for utterance AMI_TS3009c_H03_MTD036ME_0206613_0206692 avg. like is -98.0126 over 77 frames.
LOG (gmm-acc-stats-ali[5.4.105~1-4fda]:main():gmm-acc-stats-ali.cc:105) Processed 2400 utterances; for utterance AMI_TS3009c_H03_MTD036ME_0245237_0245303 avg. like is -92.9334 over 64 frames.
LOG (gmm-acc-stats-ali[5.4.105~1-4fda]:main():gmm-acc-stats-ali.cc:105) Processed 2450 utterances; for utterance AMI_TS3009d_H00_MTD033PM_0033959_0034100 avg. like is -98.089 over 139 frames.
LOG (gmm-acc-stats-ali[5.4.105~1-4fda]:main():gmm-acc-stats-ali.cc:105) Processed 2500 utterances; for utterance AMI_TS3009d_H00_MTD033PM_0068188_0068418 avg. like is -103.197 over 228 frames.
LOG (gmm-acc-stats-ali[5.4.105~1-4fda]:main():gmm-acc-stats-ali.cc:105) Processed 2550 utterances; for utterance AMI_TS3009d_H00_MTD033PM_0090900_0091088 avg. like is -100.687 over 186 frames.
LOG (gmm-acc-stats-ali[5.4.105~1-4fda]:main():gmm-acc-stats-ali.cc:105) Processed 2600 utterances; for utterance AMI_TS3009d_H00_MTD033PM_0111507_0111544 avg. like is -93.5825 over 35 frames.
LOG (gmm-acc-stats-ali[5.4.105~1-4fda]:main():gmm-acc-stats-ali.cc:105) Processed 2650 utterances; for utterance AMI_TS3009d_H00_MTD033PM_0141130_0141179 avg. like is -102.271 over 47 frames.
LOG (gmm-acc-stats-ali[5.4.105~1-4fda]:main():gmm-acc-stats-ali.cc:105) Processed 2700 utterances; for utterance AMI_TS3009d_H00_MTD033PM_0164704_0164769 avg. like is -104.445 over 63 frames.
LOG (gmm-acc-stats-ali[5.4.105~1-4fda]:main():gmm-acc-stats-ali.cc:105) Processed 2750 utterances; for utterance AMI_TS3009d_H00_MTD033PM_0187859_0188355 avg. like is -99.5456 over 494 frames.
LOG (gmm-acc-stats-ali[5.4.105~1-4fda]:main():gmm-acc-stats-ali.cc:105) Processed 2800 utterances; for utterance AMI_TS3009d_H01_MTD035UID_0025283_0025461 avg. like is -96.6017 over 176 frames.
LOG (gmm-acc-stats-ali[5.4.105~1-4fda]:main():gmm-acc-stats-ali.cc:105) Processed 2850 utterances; for utterance AMI_TS3009d_H01_MTD035UID_0089164_0089221 avg. like is -91.02 over 55 frames.
LOG (gmm-acc-stats-ali[5.4.105~1-4fda]:main():gmm-acc-stats-ali.cc:105) Processed 2900 utterances; for utterance AMI_TS3009d_H01_MTD035UID_0127980_0128113 avg. like is -98.0592 over 131 frames.
LOG (gmm-acc-stats-ali[5.4.105~1-4fda]:main():gmm-acc-stats-ali.cc:105) Processed 2950 utterances; for utterance AMI_TS3009d_H01_MTD035UID_0168272_0168496 avg. like is -95.7358 over 222 frames.
LOG (gmm-acc-stats-ali[5.4.105~1-4fda]:main():gmm-acc-stats-ali.cc:105) Processed 3000 utterances; for utterance AMI_TS3009d_H02_MTD034ID_0013810_0013919 avg. like is -94.9349 over 107 frames.
LOG (gmm-acc-stats-ali[5.4.105~1-4fda]:main():gmm-acc-stats-ali.cc:105) Processed 3050 utterances; for utterance AMI_TS3009d_H02_MTD034ID_0034493_0034894 avg. like is -90.3861 over 399 frames.
LOG (gmm-acc-stats-ali[5.4.105~1-4fda]:main():gmm-acc-stats-ali.cc:105) Processed 3100 utterances; for utterance AMI_TS3009d_H02_MTD034ID_0056695_0056738 avg. like is -94.9043 over 41 frames.
LOG (gmm-acc-stats-ali[5.4.105~1-4fda]:main():gmm-acc-stats-ali.cc:105) Processed 3150 utterances; for utterance AMI_TS3009d_H02_MTD034ID_0091101_0091228 avg. like is -100.24 over 125 frames.
LOG (gmm-acc-stats-ali[5.4.105~1-4fda]:main():gmm-acc-stats-ali.cc:105) Processed 3200 utterances; for utterance AMI_TS3009d_H02_MTD034ID_0114367_0114473 avg. like is -93.2874 over 104 frames.
LOG (gmm-acc-stats-ali[5.4.105~1-4fda]:main():gmm-acc-stats-ali.cc:105) Processed 3250 utterances; for utterance AMI_TS3009d_H02_MTD034ID_0141642_0141989 avg. like is -98.0891 over 345 frames.
LOG (gmm-acc-stats-ali[5.4.105~1-4fda]:main():gmm-acc-stats-ali.cc:105) Processed 3300 utterances; for utterance AMI_TS3009d_H02_MTD034ID_0171687_0171959 avg. like is -99.9828 over 270 frames.
LOG (gmm-acc-stats-ali[5.4.105~1-4fda]:main():gmm-acc-stats-ali.cc:105) Processed 3350 utterances; for utterance AMI_TS3009d_H02_MTD034ID_0200239_0200366 avg. like is -104.787 over 125 frames.
LOG (gmm-acc-stats-ali[5.4.105~1-4fda]:main():gmm-acc-stats-ali.cc:105) Processed 3400 utterances; for utterance AMI_TS3009d_H03_MTD036ME_0068358_0068598 avg. like is -99.6572 over 238 frames.
LOG (gmm-acc-stats-ali[5.4.105~1-4fda]:main():gmm-acc-stats-ali.cc:105) Processed 3450 utterances; for utterance AMI_TS3009d_H03_MTD036ME_0093591_0093642 avg. like is -102.217 over 49 frames.
LOG (gmm-acc-stats-ali[5.4.105~1-4fda]:main():gmm-acc-stats-ali.cc:105) Processed 3500 utterances; for utterance AMI_TS3009d_H03_MTD036ME_0138244_0138564 avg. like is -101.822 over 318 frames.
LOG (gmm-acc-stats-ali[5.4.105~1-4fda]:main():gmm-acc-stats-ali.cc:105) Processed 3550 utterances; for utterance AMI_TS3009d_H03_MTD036ME_0170295_0170516 avg. like is -101.595 over 219 frames.
LOG (gmm-acc-stats-ali[5.4.105~1-4fda]:main():gmm-acc-stats-ali.cc:105) Processed 3600 utterances; for utterance AMI_TS3010a_H00_MTD037PM_0009873_0010032 avg. like is -85.1389 over 157 frames.
LOG (gmm-acc-stats-ali[5.4.105~1-4fda]:main():gmm-acc-stats-ali.cc:105) Processed 3650 utterances; for utterance AMI_TS3010a_H00_MTD037PM_0063237_0063366 avg. like is -93.851 over 127 frames.
LOG (gmm-acc-stats-ali[5.4.105~1-4fda]:main():gmm-acc-stats-ali.cc:105) Processed 3700 utterances; for utterance AMI_TS3010a_H01_MTD039UID_0039787_0039900 avg. like is -90.7839 over 111 frames.
LOG (gmm-acc-stats-ali[5.4.105~1-4fda]:main():gmm-acc-stats-ali.cc:105) Processed 3750 utterances; for utterance AMI_TS3010a_H02_MTD038ID_0059328_0059414 avg. like is -95.1467 over 84 frames.
LOG (gmm-acc-stats-ali[5.4.105~1-4fda]:main():gmm-acc-stats-ali.cc:105) Processed 3800 utterances; for utterance AMI_TS3010a_H03_MTD040ME_0069506_0069723 avg. like is -103.196 over 215 frames.
LOG (gmm-acc-stats-ali[5.4.105~1-4fda]:main():gmm-acc-stats-ali.cc:105) Processed 3850 utterances; for utterance AMI_TS3010b_H00_MTD037PM_0031632_0031789 avg. like is -89.8698 over 155 frames.
LOG (gmm-acc-stats-ali[5.4.105~1-4fda]:main():gmm-acc-stats-ali.cc:105) Processed 3900 utterances; for utterance AMI_TS3010b_H00_MTD037PM_0095743_0095825 avg. like is -97.6816 over 80 frames.
LOG (gmm-acc-stats-ali[5.4.105~1-4fda]:main():gmm-acc-stats-ali.cc:105) Processed 3950 utterances; for utterance AMI_TS3010b_H00_MTD037PM_0158846_0158901 avg. like is -93.1573 over 53 frames.
LOG (gmm-acc-stats-ali[5.4.105~1-4fda]:main():gmm-acc-stats-ali.cc:105) Processed 4000 utterances; for utterance AMI_TS3010b_H00_MTD037PM_0186882_0187158 avg. like is -85.9805 over 274 frames.
LOG (gmm-acc-stats-ali[5.4.105~1-4fda]:main():gmm-acc-stats-ali.cc:105) Processed 4050 utterances; for utterance AMI_TS3010b_H01_MTD039UID_0094126_0094207 avg. like is -92.4297 over 79 frames.
LOG (gmm-acc-stats-ali[5.4.105~1-4fda]:main():gmm-acc-stats-ali.cc:105) Processed 4100 utterances; for utterance AMI_TS3010b_H02_MTD038ID_0032212_0032350 avg. like is -93.107 over 136 frames.
LOG (apply-cmvn[5.4.105~1-4fda]:main():apply-cmvn.cc:162) Applied cepstral mean normalization to 4138 utterances, errors on 0
LOG (gmm-acc-stats-ali[5.4.105~1-4fda]:main():gmm-acc-stats-ali.cc:112) Done 4137 files, 1 with errors.
LOG (gmm-acc-stats-ali[5.4.105~1-4fda]:main():gmm-acc-stats-ali.cc:115) Overall avg like per frame (Gaussian only) = -96.4728 over 878524 frames.
LOG (gmm-acc-stats-ali[5.4.105~1-4fda]:main():gmm-acc-stats-ali.cc:123) Written accs.
# Accounting: time=13 threads=1
# Ended (code 0) at Wed Oct 31 23:49:11 EDT 2018, elapsed time 13 seconds
