# gmm-acc-stats-ali exp2/tri2a/14.mdl "ark,s,cs:apply-cmvn  --utt2spk=ark:data/st_ihm_all/train/split30/18/utt2spk scp:data/st_ihm_all/train/split30/18/cmvn.scp scp:data/st_ihm_all/train/split30/18/feats.scp ark:- | add-deltas  ark:- ark:- |" "ark,s,cs:gunzip -c exp2/tri2a/ali.18.gz|" exp2/tri2a/14.18.acc 
# Started at Wed Oct 31 23:49:36 EDT 2018
#
gmm-acc-stats-ali exp2/tri2a/14.mdl 'ark,s,cs:apply-cmvn  --utt2spk=ark:data/st_ihm_all/train/split30/18/utt2spk scp:data/st_ihm_all/train/split30/18/cmvn.scp scp:data/st_ihm_all/train/split30/18/feats.scp ark:- | add-deltas  ark:- ark:- |' 'ark,s,cs:gunzip -c exp2/tri2a/ali.18.gz|' exp2/tri2a/14.18.acc 
add-deltas ark:- ark:- 
apply-cmvn --utt2spk=ark:data/st_ihm_all/train/split30/18/utt2spk scp:data/st_ihm_all/train/split30/18/cmvn.scp scp:data/st_ihm_all/train/split30/18/feats.scp ark:- 
LOG (gmm-acc-stats-ali[5.4.105~1-4fda]:main():gmm-acc-stats-ali.cc:105) Processed 50 utterances; for utterance AMI_IN1009_H03_MIO018_0009604_0009810 avg. like is -98.6068 over 204 frames.
LOG (gmm-acc-stats-ali[5.4.105~1-4fda]:main():gmm-acc-stats-ali.cc:105) Processed 100 utterances; for utterance AMI_IN1009_H03_MIO018_0040779_0040814 avg. like is -87.8067 over 33 frames.
LOG (gmm-acc-stats-ali[5.4.105~1-4fda]:main():gmm-acc-stats-ali.cc:105) Processed 150 utterances; for utterance AMI_IN1009_H03_MIO018_0073939_0074015 avg. like is -96.6037 over 74 frames.
LOG (gmm-acc-stats-ali[5.4.105~1-4fda]:main():gmm-acc-stats-ali.cc:105) Processed 200 utterances; for utterance AMI_IN1009_H03_MIO018_0109436_0109697 avg. like is -98.241 over 259 frames.
LOG (gmm-acc-stats-ali[5.4.105~1-4fda]:main():gmm-acc-stats-ali.cc:105) Processed 250 utterances; for utterance AMI_IN1012_H00_MIO078_0033517_0033925 avg. like is -96.7221 over 406 frames.
LOG (gmm-acc-stats-ali[5.4.105~1-4fda]:main():gmm-acc-stats-ali.cc:105) Processed 300 utterances; for utterance AMI_IN1012_H00_MIO078_0067503_0067568 avg. like is -95.5752 over 63 frames.
LOG (gmm-acc-stats-ali[5.4.105~1-4fda]:main():gmm-acc-stats-ali.cc:105) Processed 350 utterances; for utterance AMI_IN1012_H00_MIO078_0099346_0100035 avg. like is -96.8172 over 687 frames.
LOG (gmm-acc-stats-ali[5.4.105~1-4fda]:main():gmm-acc-stats-ali.cc:105) Processed 400 utterances; for utterance AMI_IN1012_H00_MIO078_0128918_0129219 avg. like is -100.722 over 299 frames.
LOG (gmm-acc-stats-ali[5.4.105~1-4fda]:main():gmm-acc-stats-ali.cc:105) Processed 450 utterances; for utterance AMI_IN1012_H00_MIO078_0158464_0158601 avg. like is -103.077 over 135 frames.
LOG (gmm-acc-stats-ali[5.4.105~1-4fda]:main():gmm-acc-stats-ali.cc:105) Processed 500 utterances; for utterance AMI_IN1012_H00_MIO078_0195778_0196043 avg. like is -97.1934 over 263 frames.
LOG (gmm-acc-stats-ali[5.4.105~1-4fda]:main():gmm-acc-stats-ali.cc:105) Processed 550 utterances; for utterance AMI_IN1012_H00_MIO078_0223548_0223859 avg. like is -101.389 over 309 frames.
LOG (gmm-acc-stats-ali[5.4.105~1-4fda]:main():gmm-acc-stats-ali.cc:105) Processed 600 utterances; for utterance AMI_IN1012_H00_MIO078_0252263_0252383 avg. like is -89.8432 over 118 frames.
LOG (gmm-acc-stats-ali[5.4.105~1-4fda]:main():gmm-acc-stats-ali.cc:105) Processed 650 utterances; for utterance AMI_IN1012_H00_MIO078_0281786_0281810 avg. like is -94.1321 over 22 frames.
LOG (gmm-acc-stats-ali[5.4.105~1-4fda]:main():gmm-acc-stats-ali.cc:105) Processed 700 utterances; for utterance AMI_IN1012_H00_MIO078_0305747_0305847 avg. like is -96.4281 over 98 frames.
LOG (gmm-acc-stats-ali[5.4.105~1-4fda]:main():gmm-acc-stats-ali.cc:105) Processed 750 utterances; for utterance AMI_IN1012_H01_MIO097_0039716_0039761 avg. like is -90.4605 over 43 frames.
LOG (gmm-acc-stats-ali[5.4.105~1-4fda]:main():gmm-acc-stats-ali.cc:105) Processed 800 utterances; for utterance AMI_IN1012_H01_MIO097_0079354_0079432 avg. like is -95.8744 over 76 frames.
LOG (gmm-acc-stats-ali[5.4.105~1-4fda]:main():gmm-acc-stats-ali.cc:105) Processed 850 utterances; for utterance AMI_IN1012_H01_MIO097_0158912_0159119 avg. like is -94.6059 over 205 frames.
LOG (gmm-acc-stats-ali[5.4.105~1-4fda]:main():gmm-acc-stats-ali.cc:105) Processed 900 utterances; for utterance AMI_IN1012_H01_MIO097_0206578_0206694 avg. like is -100.025 over 114 frames.
LOG (gmm-acc-stats-ali[5.4.105~1-4fda]:main():gmm-acc-stats-ali.cc:105) Processed 950 utterances; for utterance AMI_IN1012_H01_MIO097_0245112_0245496 avg. like is -96.1089 over 382 frames.
LOG (gmm-acc-stats-ali[5.4.105~1-4fda]:main():gmm-acc-stats-ali.cc:105) Processed 1000 utterances; for utterance AMI_IN1012_H01_MIO097_0288177_0288211 avg. like is -94.3798 over 32 frames.
LOG (gmm-acc-stats-ali[5.4.105~1-4fda]:main():gmm-acc-stats-ali.cc:105) Processed 1050 utterances; for utterance AMI_IN1012_H02_MIO077_0023482_0023583 avg. like is -88.4103 over 99 frames.
LOG (gmm-acc-stats-ali[5.4.105~1-4fda]:main():gmm-acc-stats-ali.cc:105) Processed 1100 utterances; for utterance AMI_IN1012_H02_MIO077_0067848_0067879 avg. like is -89.7021 over 29 frames.
LOG (gmm-acc-stats-ali[5.4.105~1-4fda]:main():gmm-acc-stats-ali.cc:105) Processed 1150 utterances; for utterance AMI_IN1012_H02_MIO077_0119870_0119920 avg. like is -96.6065 over 48 frames.
LOG (gmm-acc-stats-ali[5.4.105~1-4fda]:main():gmm-acc-stats-ali.cc:105) Processed 1200 utterances; for utterance AMI_IN1012_H02_MIO077_0161652_0161739 avg. like is -98.0054 over 85 frames.
LOG (gmm-acc-stats-ali[5.4.105~1-4fda]:main():gmm-acc-stats-ali.cc:105) Processed 1250 utterances; for utterance AMI_IN1012_H02_MIO077_0208559_0209142 avg. like is -97.552 over 581 frames.
LOG (gmm-acc-stats-ali[5.4.105~1-4fda]:main():gmm-acc-stats-ali.cc:105) Processed 1300 utterances; for utterance AMI_IN1012_H02_MIO077_0253142_0253958 avg. like is -95.8909 over 814 frames.
LOG (gmm-acc-stats-ali[5.4.105~1-4fda]:main():gmm-acc-stats-ali.cc:105) Processed 1350 utterances; for utterance AMI_IN1012_H02_MIO077_0289847_0289955 avg. like is -92.4572 over 106 frames.
LOG (gmm-acc-stats-ali[5.4.105~1-4fda]:main():gmm-acc-stats-ali.cc:105) Processed 1400 utterances; for utterance AMI_IN1012_H03_MIO018_0030274_0030301 avg. like is -98.6351 over 25 frames.
LOG (gmm-acc-stats-ali[5.4.105~1-4fda]:main():gmm-acc-stats-ali.cc:105) Processed 1450 utterances; for utterance AMI_IN1012_H03_MIO018_0080697_0080734 avg. like is -98.1995 over 35 frames.
LOG (gmm-acc-stats-ali[5.4.105~1-4fda]:main():gmm-acc-stats-ali.cc:105) Processed 1500 utterances; for utterance AMI_IN1012_H03_MIO018_0206102_0206427 avg. like is -103.143 over 323 frames.
LOG (gmm-acc-stats-ali[5.4.105~1-4fda]:main():gmm-acc-stats-ali.cc:105) Processed 1550 utterances; for utterance AMI_IN1013_H00_MIE034_0005360_0005626 avg. like is -92.3809 over 264 frames.
LOG (gmm-acc-stats-ali[5.4.105~1-4fda]:main():gmm-acc-stats-ali.cc:105) Processed 1600 utterances; for utterance AMI_IN1013_H00_MIE034_0044426_0044451 avg. like is -83.1472 over 23 frames.
LOG (gmm-acc-stats-ali[5.4.105~1-4fda]:main():gmm-acc-stats-ali.cc:105) Processed 1650 utterances; for utterance AMI_IN1013_H00_MIE034_0072433_0072586 avg. like is -91.6659 over 151 frames.
WARNING (gmm-acc-stats-ali[5.4.105~1-4fda]:main():gmm-acc-stats-ali.cc:79) No alignment for utterance AMI_IN1013_H00_MIE034_0085099_0085165
LOG (gmm-acc-stats-ali[5.4.105~1-4fda]:main():gmm-acc-stats-ali.cc:105) Processed 1700 utterances; for utterance AMI_IN1013_H00_MIE034_0095902_0095945 avg. like is -108.109 over 41 frames.
LOG (gmm-acc-stats-ali[5.4.105~1-4fda]:main():gmm-acc-stats-ali.cc:105) Processed 1750 utterances; for utterance AMI_IN1013_H00_MIE034_0122990_0123161 avg. like is -95.9969 over 169 frames.
LOG (gmm-acc-stats-ali[5.4.105~1-4fda]:main():gmm-acc-stats-ali.cc:105) Processed 1800 utterances; for utterance AMI_IN1013_H00_MIE034_0146396_0146712 avg. like is -95.848 over 314 frames.
LOG (gmm-acc-stats-ali[5.4.105~1-4fda]:main():gmm-acc-stats-ali.cc:105) Processed 1850 utterances; for utterance AMI_IN1013_H00_MIE034_0184071_0184101 avg. like is -79.73 over 28 frames.
LOG (gmm-acc-stats-ali[5.4.105~1-4fda]:main():gmm-acc-stats-ali.cc:105) Processed 1900 utterances; for utterance AMI_IN1013_H00_MIE034_0219340_0219410 avg. like is -99.065 over 68 frames.
LOG (gmm-acc-stats-ali[5.4.105~1-4fda]:main():gmm-acc-stats-ali.cc:105) Processed 1950 utterances; for utterance AMI_IN1013_H00_MIE034_0251042_0251092 avg. like is -97.0068 over 48 frames.
LOG (gmm-acc-stats-ali[5.4.105~1-4fda]:main():gmm-acc-stats-ali.cc:105) Processed 2000 utterances; for utterance AMI_IN1013_H00_MIE034_0276796_0277290 avg. like is -96.6806 over 492 frames.
LOG (gmm-acc-stats-ali[5.4.105~1-4fda]:main():gmm-acc-stats-ali.cc:105) Processed 2050 utterances; for utterance AMI_IN1013_H01_MIO078_0021028_0021286 avg. like is -98.7755 over 256 frames.
LOG (gmm-acc-stats-ali[5.4.105~1-4fda]:main():gmm-acc-stats-ali.cc:105) Processed 2100 utterances; for utterance AMI_IN1013_H01_MIO078_0066231_0066359 avg. like is -99.9222 over 126 frames.
LOG (gmm-acc-stats-ali[5.4.105~1-4fda]:main():gmm-acc-stats-ali.cc:105) Processed 2150 utterances; for utterance AMI_IN1013_H01_MIO078_0085455_0085897 avg. like is -95.2593 over 440 frames.
LOG (gmm-acc-stats-ali[5.4.105~1-4fda]:main():gmm-acc-stats-ali.cc:105) Processed 2200 utterances; for utterance AMI_IN1013_H01_MIO078_0125642_0125669 avg. like is -82.0504 over 25 frames.
LOG (gmm-acc-stats-ali[5.4.105~1-4fda]:main():gmm-acc-stats-ali.cc:105) Processed 2250 utterances; for utterance AMI_IN1013_H01_MIO078_0156929_0157021 avg. like is -95.7109 over 90 frames.
LOG (gmm-acc-stats-ali[5.4.105~1-4fda]:main():gmm-acc-stats-ali.cc:105) Processed 2300 utterances; for utterance AMI_IN1013_H01_MIO078_0178937_0179080 avg. like is -96.2046 over 141 frames.
LOG (gmm-acc-stats-ali[5.4.105~1-4fda]:main():gmm-acc-stats-ali.cc:105) Processed 2350 utterances; for utterance AMI_IN1013_H01_MIO078_0202625_0202841 avg. like is -95.5796 over 214 frames.
LOG (gmm-acc-stats-ali[5.4.105~1-4fda]:main():gmm-acc-stats-ali.cc:105) Processed 2400 utterances; for utterance AMI_IN1013_H01_MIO078_0240730_0241106 avg. like is -99.3269 over 374 frames.
LOG (gmm-acc-stats-ali[5.4.105~1-4fda]:main():gmm-acc-stats-ali.cc:105) Processed 2450 utterances; for utterance AMI_IN1013_H01_MIO078_0266600_0266716 avg. like is -91.2861 over 114 frames.
LOG (gmm-acc-stats-ali[5.4.105~1-4fda]:main():gmm-acc-stats-ali.cc:105) Processed 2500 utterances; for utterance AMI_IN1013_H01_MIO078_0299142_0300069 avg. like is -95.9587 over 925 frames.
LOG (gmm-acc-stats-ali[5.4.105~1-4fda]:main():gmm-acc-stats-ali.cc:105) Processed 2550 utterances; for utterance AMI_IN1013_H02_MIO105_0292755_0293305 avg. like is -97.1481 over 548 frames.
LOG (gmm-acc-stats-ali[5.4.105~1-4fda]:main():gmm-acc-stats-ali.cc:105) Processed 2600 utterances; for utterance AMI_IN1013_H03_MIO097_0021636_0021993 avg. like is -96.369 over 355 frames.
LOG (gmm-acc-stats-ali[5.4.105~1-4fda]:main():gmm-acc-stats-ali.cc:105) Processed 2650 utterances; for utterance AMI_IN1013_H03_MIO097_0042370_0043387 avg. like is -97.4793 over 1015 frames.
LOG (gmm-acc-stats-ali[5.4.105~1-4fda]:main():gmm-acc-stats-ali.cc:105) Processed 2700 utterances; for utterance AMI_IN1013_H03_MIO097_0063207_0063904 avg. like is -97.114 over 695 frames.
LOG (gmm-acc-stats-ali[5.4.105~1-4fda]:main():gmm-acc-stats-ali.cc:105) Processed 2750 utterances; for utterance AMI_IN1013_H03_MIO097_0083726_0084067 avg. like is -101.535 over 339 frames.
LOG (gmm-acc-stats-ali[5.4.105~1-4fda]:main():gmm-acc-stats-ali.cc:105) Processed 2800 utterances; for utterance AMI_IN1013_H03_MIO097_0103940_0104193 avg. like is -98.3706 over 251 frames.
LOG (gmm-acc-stats-ali[5.4.105~1-4fda]:main():gmm-acc-stats-ali.cc:105) Processed 2850 utterances; for utterance AMI_IN1013_H03_MIO097_0128139_0128164 avg. like is -99.2709 over 23 frames.
LOG (gmm-acc-stats-ali[5.4.105~1-4fda]:main():gmm-acc-stats-ali.cc:105) Processed 2900 utterances; for utterance AMI_IN1013_H03_MIO097_0155679_0156054 avg. like is -101.849 over 373 frames.
LOG (gmm-acc-stats-ali[5.4.105~1-4fda]:main():gmm-acc-stats-ali.cc:105) Processed 2950 utterances; for utterance AMI_IN1013_H03_MIO097_0174463_0174656 avg. like is -95.0766 over 191 frames.
LOG (gmm-acc-stats-ali[5.4.105~1-4fda]:main():gmm-acc-stats-ali.cc:105) Processed 3000 utterances; for utterance AMI_IN1013_H03_MIO097_0195365_0195435 avg. like is -103.661 over 68 frames.
LOG (gmm-acc-stats-ali[5.4.105~1-4fda]:main():gmm-acc-stats-ali.cc:105) Processed 3050 utterances; for utterance AMI_IN1013_H03_MIO097_0218423_0218444 avg. like is -98.7155 over 19 frames.
LOG (gmm-acc-stats-ali[5.4.105~1-4fda]:main():gmm-acc-stats-ali.cc:105) Processed 3100 utterances; for utterance AMI_IN1013_H03_MIO097_0246317_0246550 avg. like is -95.5265 over 231 frames.
LOG (gmm-acc-stats-ali[5.4.105~1-4fda]:main():gmm-acc-stats-ali.cc:105) Processed 3150 utterances; for utterance AMI_IN1013_H03_MIO097_0274172_0274203 avg. like is -95.6166 over 29 frames.
LOG (gmm-acc-stats-ali[5.4.105~1-4fda]:main():gmm-acc-stats-ali.cc:105) Processed 3200 utterances; for utterance AMI_IN1014_H00_MIO024_0023688_0023959 avg. like is -98.2603 over 269 frames.
LOG (gmm-acc-stats-ali[5.4.105~1-4fda]:main():gmm-acc-stats-ali.cc:105) Processed 3250 utterances; for utterance AMI_IN1014_H00_MIO024_0090271_0090298 avg. like is -93.9631 over 25 frames.
LOG (gmm-acc-stats-ali[5.4.105~1-4fda]:main():gmm-acc-stats-ali.cc:105) Processed 3300 utterances; for utterance AMI_IN1014_H00_MIO024_0151640_0151856 avg. like is -97.1329 over 214 frames.
LOG (gmm-acc-stats-ali[5.4.105~1-4fda]:main():gmm-acc-stats-ali.cc:105) Processed 3350 utterances; for utterance AMI_IN1014_H00_MIO024_0267641_0268490 avg. like is -90.2728 over 847 frames.
LOG (gmm-acc-stats-ali[5.4.105~1-4fda]:main():gmm-acc-stats-ali.cc:105) Processed 3400 utterances; for utterance AMI_IN1014_H00_MIO024_0327985_0328422 avg. like is -94.3938 over 435 frames.
LOG (gmm-acc-stats-ali[5.4.105~1-4fda]:main():gmm-acc-stats-ali.cc:105) Processed 3450 utterances; for utterance AMI_IN1014_H00_MIO024_0367661_0367713 avg. like is -93.1875 over 50 frames.
LOG (gmm-acc-stats-ali[5.4.105~1-4fda]:main():gmm-acc-stats-ali.cc:105) Processed 3500 utterances; for utterance AMI_IN1014_H01_MIO020_0032821_0032995 avg. like is -93.2292 over 172 frames.
LOG (gmm-acc-stats-ali[5.4.105~1-4fda]:main():gmm-acc-stats-ali.cc:105) Processed 3550 utterances; for utterance AMI_IN1014_H01_MIO020_0087592_0087632 avg. like is -93.3261 over 38 frames.
LOG (gmm-acc-stats-ali[5.4.105~1-4fda]:main():gmm-acc-stats-ali.cc:105) Processed 3600 utterances; for utterance AMI_IN1014_H01_MIO020_0113977_0114144 avg. like is -96.3231 over 165 frames.
LOG (gmm-acc-stats-ali[5.4.105~1-4fda]:main():gmm-acc-stats-ali.cc:105) Processed 3650 utterances; for utterance AMI_IN1014_H01_MIO020_0138363_0138549 avg. like is -94.9708 over 184 frames.
LOG (gmm-acc-stats-ali[5.4.105~1-4fda]:main():gmm-acc-stats-ali.cc:105) Processed 3700 utterances; for utterance AMI_IN1014_H01_MIO020_0171670_0171790 avg. like is -93.3114 over 118 frames.
LOG (gmm-acc-stats-ali[5.4.105~1-4fda]:main():gmm-acc-stats-ali.cc:105) Processed 3750 utterances; for utterance AMI_IN1014_H01_MIO020_0212044_0212163 avg. like is -95.7564 over 117 frames.
LOG (gmm-acc-stats-ali[5.4.105~1-4fda]:main():gmm-acc-stats-ali.cc:105) Processed 3800 utterances; for utterance AMI_IN1014_H01_MIO020_0253051_0253803 avg. like is -95.636 over 750 frames.
LOG (gmm-acc-stats-ali[5.4.105~1-4fda]:main():gmm-acc-stats-ali.cc:105) Processed 3850 utterances; for utterance AMI_IN1014_H01_MIO020_0317569_0317605 avg. like is -88.9216 over 34 frames.
LOG (gmm-acc-stats-ali[5.4.105~1-4fda]:main():gmm-acc-stats-ali.cc:105) Processed 3900 utterances; for utterance AMI_IN1014_H02_MIO016_0010724_0010838 avg. like is -72.9993 over 112 frames.
LOG (gmm-acc-stats-ali[5.4.105~1-4fda]:main():gmm-acc-stats-ali.cc:105) Processed 3950 utterances; for utterance AMI_IN1014_H02_MIO016_0051440_0051489 avg. like is -91.3879 over 47 frames.
LOG (gmm-acc-stats-ali[5.4.105~1-4fda]:main():gmm-acc-stats-ali.cc:105) Processed 4000 utterances; for utterance AMI_IN1014_H02_MIO016_0156523_0156880 avg. like is -94.642 over 355 frames.
LOG (apply-cmvn[5.4.105~1-4fda]:main():apply-cmvn.cc:162) Applied cepstral mean normalization to 4049 utterances, errors on 0
LOG (gmm-acc-stats-ali[5.4.105~1-4fda]:main():gmm-acc-stats-ali.cc:112) Done 4048 files, 1 with errors.
LOG (gmm-acc-stats-ali[5.4.105~1-4fda]:main():gmm-acc-stats-ali.cc:115) Overall avg like per frame (Gaussian only) = -96.2408 over 1110957 frames.
LOG (gmm-acc-stats-ali[5.4.105~1-4fda]:main():gmm-acc-stats-ali.cc:123) Written accs.
# Accounting: time=17 threads=1
# Ended (code 0) at Wed Oct 31 23:49:53 EDT 2018, elapsed time 17 seconds
