# gmm-acc-stats-ali exp2/tri2a/3.mdl "ark,s,cs:apply-cmvn  --utt2spk=ark:data/st_ihm_all/train/split30/10/utt2spk scp:data/st_ihm_all/train/split30/10/cmvn.scp scp:data/st_ihm_all/train/split30/10/feats.scp ark:- | add-deltas  ark:- ark:- |" "ark,s,cs:gunzip -c exp2/tri2a/ali.10.gz|" exp2/tri2a/3.10.acc 
# Started at Wed Oct 31 23:37:01 EDT 2018
#
gmm-acc-stats-ali exp2/tri2a/3.mdl 'ark,s,cs:apply-cmvn  --utt2spk=ark:data/st_ihm_all/train/split30/10/utt2spk scp:data/st_ihm_all/train/split30/10/cmvn.scp scp:data/st_ihm_all/train/split30/10/feats.scp ark:- | add-deltas  ark:- ark:- |' 'ark,s,cs:gunzip -c exp2/tri2a/ali.10.gz|' exp2/tri2a/3.10.acc 
apply-cmvn --utt2spk=ark:data/st_ihm_all/train/split30/10/utt2spk scp:data/st_ihm_all/train/split30/10/cmvn.scp scp:data/st_ihm_all/train/split30/10/feats.scp ark:- 
add-deltas ark:- ark:- 
LOG (gmm-acc-stats-ali[5.4.105~1-4fda]:main():gmm-acc-stats-ali.cc:105) Processed 50 utterances; for utterance AMI_ES2005c_H00_MEE018_0059484_0059514 avg. like is -91.6668 over 28 frames.
LOG (gmm-acc-stats-ali[5.4.105~1-4fda]:main():gmm-acc-stats-ali.cc:105) Processed 100 utterances; for utterance AMI_ES2005c_H00_MEE018_0111202_0111245 avg. like is -86.3358 over 41 frames.
LOG (gmm-acc-stats-ali[5.4.105~1-4fda]:main():gmm-acc-stats-ali.cc:105) Processed 150 utterances; for utterance AMI_ES2005c_H00_MEE018_0144712_0144789 avg. like is -94.4358 over 75 frames.
LOG (gmm-acc-stats-ali[5.4.105~1-4fda]:main():gmm-acc-stats-ali.cc:105) Processed 200 utterances; for utterance AMI_ES2005c_H00_MEE018_0194341_0194381 avg. like is -83.301 over 38 frames.
LOG (gmm-acc-stats-ali[5.4.105~1-4fda]:main():gmm-acc-stats-ali.cc:105) Processed 250 utterances; for utterance AMI_ES2005c_H01_MEO020_0024507_0025164 avg. like is -101.088 over 655 frames.
LOG (gmm-acc-stats-ali[5.4.105~1-4fda]:main():gmm-acc-stats-ali.cc:105) Processed 300 utterances; for utterance AMI_ES2005c_H01_MEO020_0160694_0161053 avg. like is -104.135 over 357 frames.
LOG (gmm-acc-stats-ali[5.4.105~1-4fda]:main():gmm-acc-stats-ali.cc:105) Processed 350 utterances; for utterance AMI_ES2005c_H01_MEO020_0213848_0213891 avg. like is -85.8218 over 41 frames.
LOG (gmm-acc-stats-ali[5.4.105~1-4fda]:main():gmm-acc-stats-ali.cc:105) Processed 400 utterances; for utterance AMI_ES2005c_H02_MEE017_0053054_0053232 avg. like is -99.1064 over 176 frames.
LOG (gmm-acc-stats-ali[5.4.105~1-4fda]:main():gmm-acc-stats-ali.cc:105) Processed 450 utterances; for utterance AMI_ES2005c_H02_MEE017_0094275_0094688 avg. like is -96.9498 over 411 frames.
LOG (gmm-acc-stats-ali[5.4.105~1-4fda]:main():gmm-acc-stats-ali.cc:105) Processed 500 utterances; for utterance AMI_ES2005c_H02_MEE017_0133669_0133807 avg. like is -94.6806 over 136 frames.
LOG (gmm-acc-stats-ali[5.4.105~1-4fda]:main():gmm-acc-stats-ali.cc:105) Processed 550 utterances; for utterance AMI_ES2005c_H02_MEE017_0169184_0169523 avg. like is -104.973 over 337 frames.
LOG (gmm-acc-stats-ali[5.4.105~1-4fda]:main():gmm-acc-stats-ali.cc:105) Processed 600 utterances; for utterance AMI_ES2005c_H02_MEE017_0199165_0199784 avg. like is -98.0225 over 617 frames.
LOG (gmm-acc-stats-ali[5.4.105~1-4fda]:main():gmm-acc-stats-ali.cc:105) Processed 650 utterances; for utterance AMI_ES2005c_H02_MEE017_0222309_0222454 avg. like is -104.566 over 143 frames.
LOG (gmm-acc-stats-ali[5.4.105~1-4fda]:main():gmm-acc-stats-ali.cc:105) Processed 700 utterances; for utterance AMI_ES2005c_H03_FEE019_0033916_0033951 avg. like is -109.393 over 33 frames.
LOG (gmm-acc-stats-ali[5.4.105~1-4fda]:main():gmm-acc-stats-ali.cc:105) Processed 750 utterances; for utterance AMI_ES2005c_H03_FEE019_0057463_0057654 avg. like is -105.917 over 189 frames.
LOG (gmm-acc-stats-ali[5.4.105~1-4fda]:main():gmm-acc-stats-ali.cc:105) Processed 800 utterances; for utterance AMI_ES2005c_H03_FEE019_0080129_0080160 avg. like is -96.8276 over 29 frames.
LOG (gmm-acc-stats-ali[5.4.105~1-4fda]:main():gmm-acc-stats-ali.cc:105) Processed 850 utterances; for utterance AMI_ES2005c_H03_FEE019_0120883_0120924 avg. like is -92.1612 over 39 frames.
WARNING (gmm-acc-stats-ali[5.4.105~1-4fda]:main():gmm-acc-stats-ali.cc:79) No alignment for utterance AMI_ES2005c_H03_FEE019_0124254_0124394
LOG (gmm-acc-stats-ali[5.4.105~1-4fda]:main():gmm-acc-stats-ali.cc:105) Processed 900 utterances; for utterance AMI_ES2005c_H03_FEE019_0149364_0149902 avg. like is -99.4883 over 536 frames.
WARNING (gmm-acc-stats-ali[5.4.105~1-4fda]:main():gmm-acc-stats-ali.cc:79) No alignment for utterance AMI_ES2005c_H03_FEE019_0174424_0174924
LOG (gmm-acc-stats-ali[5.4.105~1-4fda]:main():gmm-acc-stats-ali.cc:105) Processed 950 utterances; for utterance AMI_ES2005c_H03_FEE019_0181856_0181953 avg. like is -96.9049 over 95 frames.
LOG (gmm-acc-stats-ali[5.4.105~1-4fda]:main():gmm-acc-stats-ali.cc:105) Processed 1000 utterances; for utterance AMI_ES2005d_H00_MEE018_0012908_0013022 avg. like is -96.3208 over 112 frames.
LOG (gmm-acc-stats-ali[5.4.105~1-4fda]:main():gmm-acc-stats-ali.cc:105) Processed 1050 utterances; for utterance AMI_ES2005d_H00_MEE018_0080663_0080841 avg. like is -100.467 over 176 frames.
LOG (gmm-acc-stats-ali[5.4.105~1-4fda]:main():gmm-acc-stats-ali.cc:105) Processed 1100 utterances; for utterance AMI_ES2005d_H01_MEO020_0020021_0020204 avg. like is -93.8253 over 181 frames.
LOG (gmm-acc-stats-ali[5.4.105~1-4fda]:main():gmm-acc-stats-ali.cc:105) Processed 1150 utterances; for utterance AMI_ES2005d_H01_MEO020_0089004_0089330 avg. like is -103.329 over 324 frames.
LOG (gmm-acc-stats-ali[5.4.105~1-4fda]:main():gmm-acc-stats-ali.cc:105) Processed 1200 utterances; for utterance AMI_ES2005d_H01_MEO020_0126204_0126740 avg. like is -105.768 over 534 frames.
LOG (gmm-acc-stats-ali[5.4.105~1-4fda]:main():gmm-acc-stats-ali.cc:105) Processed 1250 utterances; for utterance AMI_ES2005d_H01_MEO020_0164131_0164180 avg. like is -102.92 over 47 frames.
LOG (gmm-acc-stats-ali[5.4.105~1-4fda]:main():gmm-acc-stats-ali.cc:105) Processed 1300 utterances; for utterance AMI_ES2005d_H02_MEE017_0030022_0030077 avg. like is -99.9054 over 53 frames.
LOG (gmm-acc-stats-ali[5.4.105~1-4fda]:main():gmm-acc-stats-ali.cc:105) Processed 1350 utterances; for utterance AMI_ES2005d_H02_MEE017_0055183_0055236 avg. like is -95.1552 over 51 frames.
LOG (gmm-acc-stats-ali[5.4.105~1-4fda]:main():gmm-acc-stats-ali.cc:105) Processed 1400 utterances; for utterance AMI_ES2005d_H02_MEE017_0074124_0074836 avg. like is -98.0781 over 710 frames.
LOG (gmm-acc-stats-ali[5.4.105~1-4fda]:main():gmm-acc-stats-ali.cc:105) Processed 1450 utterances; for utterance AMI_ES2005d_H02_MEE017_0163871_0163897 avg. like is -98.1071 over 24 frames.
WARNING (gmm-acc-stats-ali[5.4.105~1-4fda]:main():gmm-acc-stats-ali.cc:79) No alignment for utterance AMI_ES2005d_H03_FEE019_0020491_0020784
LOG (gmm-acc-stats-ali[5.4.105~1-4fda]:main():gmm-acc-stats-ali.cc:105) Processed 1500 utterances; for utterance AMI_ES2005d_H03_FEE019_0030736_0031463 avg. like is -98.8711 over 725 frames.
LOG (gmm-acc-stats-ali[5.4.105~1-4fda]:main():gmm-acc-stats-ali.cc:105) Processed 1550 utterances; for utterance AMI_ES2005d_H03_FEE019_0092757_0092811 avg. like is -91.8942 over 52 frames.
LOG (gmm-acc-stats-ali[5.4.105~1-4fda]:main():gmm-acc-stats-ali.cc:105) Processed 1600 utterances; for utterance AMI_ES2005d_H03_FEE019_0142868_0142927 avg. like is -89.6069 over 57 frames.
LOG (gmm-acc-stats-ali[5.4.105~1-4fda]:main():gmm-acc-stats-ali.cc:105) Processed 1650 utterances; for utterance AMI_ES2006a_H00_MEO022_0068743_0068855 avg. like is -98.187 over 110 frames.
LOG (gmm-acc-stats-ali[5.4.105~1-4fda]:main():gmm-acc-stats-ali.cc:105) Processed 1700 utterances; for utterance AMI_ES2006a_H01_FEE024_0032598_0032641 avg. like is -108.747 over 41 frames.
LOG (gmm-acc-stats-ali[5.4.105~1-4fda]:main():gmm-acc-stats-ali.cc:105) Processed 1750 utterances; for utterance AMI_ES2006a_H01_FEE024_0113715_0113797 avg. like is -99.9469 over 80 frames.
LOG (gmm-acc-stats-ali[5.4.105~1-4fda]:main():gmm-acc-stats-ali.cc:105) Processed 1800 utterances; for utterance AMI_ES2006a_H02_FEE021_0039449_0039463 avg. like is -96.4034 over 12 frames.
LOG (gmm-acc-stats-ali[5.4.105~1-4fda]:main():gmm-acc-stats-ali.cc:105) Processed 1850 utterances; for utterance AMI_ES2006a_H02_FEE021_0100572_0101068 avg. like is -98.694 over 494 frames.
LOG (gmm-acc-stats-ali[5.4.105~1-4fda]:main():gmm-acc-stats-ali.cc:105) Processed 1900 utterances; for utterance AMI_ES2006a_H03_FEO023_0048587_0048872 avg. like is -102.324 over 283 frames.
LOG (gmm-acc-stats-ali[5.4.105~1-4fda]:main():gmm-acc-stats-ali.cc:105) Processed 1950 utterances; for utterance AMI_ES2006b_H00_MEO022_0014657_0014713 avg. like is -98.4278 over 54 frames.
LOG (gmm-acc-stats-ali[5.4.105~1-4fda]:main():gmm-acc-stats-ali.cc:105) Processed 2000 utterances; for utterance AMI_ES2006b_H00_MEO022_0056055_0056763 avg. like is -100.35 over 706 frames.
LOG (gmm-acc-stats-ali[5.4.105~1-4fda]:main():gmm-acc-stats-ali.cc:105) Processed 2050 utterances; for utterance AMI_ES2006b_H00_MEO022_0156248_0156944 avg. like is -101.88 over 694 frames.
LOG (gmm-acc-stats-ali[5.4.105~1-4fda]:main():gmm-acc-stats-ali.cc:105) Processed 2100 utterances; for utterance AMI_ES2006b_H00_MEO022_0197210_0197251 avg. like is -94.8352 over 39 frames.
LOG (gmm-acc-stats-ali[5.4.105~1-4fda]:main():gmm-acc-stats-ali.cc:105) Processed 2150 utterances; for utterance AMI_ES2006b_H01_FEE024_0122252_0122464 avg. like is -105.832 over 210 frames.
LOG (gmm-acc-stats-ali[5.4.105~1-4fda]:main():gmm-acc-stats-ali.cc:105) Processed 2200 utterances; for utterance AMI_ES2006b_H01_FEE024_0146431_0146577 avg. like is -96.9337 over 144 frames.
LOG (gmm-acc-stats-ali[5.4.105~1-4fda]:main():gmm-acc-stats-ali.cc:105) Processed 2250 utterances; for utterance AMI_ES2006b_H01_FEE024_0188676_0189358 avg. like is -105.102 over 680 frames.
LOG (gmm-acc-stats-ali[5.4.105~1-4fda]:main():gmm-acc-stats-ali.cc:105) Processed 2300 utterances; for utterance AMI_ES2006b_H02_FEE021_0016558_0017048 avg. like is -100.108 over 488 frames.
LOG (gmm-acc-stats-ali[5.4.105~1-4fda]:main():gmm-acc-stats-ali.cc:105) Processed 2350 utterances; for utterance AMI_ES2006b_H02_FEE021_0104659_0105017 avg. like is -102.766 over 356 frames.
LOG (gmm-acc-stats-ali[5.4.105~1-4fda]:main():gmm-acc-stats-ali.cc:105) Processed 2400 utterances; for utterance AMI_ES2006b_H02_FEE021_0164997_0165741 avg. like is -103.221 over 742 frames.
LOG (gmm-acc-stats-ali[5.4.105~1-4fda]:main():gmm-acc-stats-ali.cc:105) Processed 2450 utterances; for utterance AMI_ES2006b_H02_FEE021_0200917_0200993 avg. like is -95.1141 over 74 frames.
LOG (gmm-acc-stats-ali[5.4.105~1-4fda]:main():gmm-acc-stats-ali.cc:105) Processed 2500 utterances; for utterance AMI_ES2006b_H03_FEO023_0059855_0059883 avg. like is -105.469 over 26 frames.
LOG (gmm-acc-stats-ali[5.4.105~1-4fda]:main():gmm-acc-stats-ali.cc:105) Processed 2550 utterances; for utterance AMI_ES2006b_H03_FEO023_0091794_0092364 avg. like is -98.6344 over 568 frames.
LOG (gmm-acc-stats-ali[5.4.105~1-4fda]:main():gmm-acc-stats-ali.cc:105) Processed 2600 utterances; for utterance AMI_ES2006b_H03_FEO023_0194437_0194755 avg. like is -103.595 over 316 frames.
LOG (gmm-acc-stats-ali[5.4.105~1-4fda]:main():gmm-acc-stats-ali.cc:105) Processed 2650 utterances; for utterance AMI_ES2006c_H00_MEO022_0023464_0024072 avg. like is -102.224 over 606 frames.
LOG (gmm-acc-stats-ali[5.4.105~1-4fda]:main():gmm-acc-stats-ali.cc:105) Processed 2700 utterances; for utterance AMI_ES2006c_H00_MEO022_0049783_0050444 avg. like is -97.8076 over 659 frames.
LOG (gmm-acc-stats-ali[5.4.105~1-4fda]:main():gmm-acc-stats-ali.cc:105) Processed 2750 utterances; for utterance AMI_ES2006c_H00_MEO022_0118280_0118505 avg. like is -96.6657 over 223 frames.
WARNING (gmm-acc-stats-ali[5.4.105~1-4fda]:main():gmm-acc-stats-ali.cc:79) No alignment for utterance AMI_ES2006c_H00_MEO022_0128716_0129654
LOG (gmm-acc-stats-ali[5.4.105~1-4fda]:main():gmm-acc-stats-ali.cc:105) Processed 2800 utterances; for utterance AMI_ES2006c_H00_MEO022_0149503_0149949 avg. like is -102.287 over 444 frames.
LOG (gmm-acc-stats-ali[5.4.105~1-4fda]:main():gmm-acc-stats-ali.cc:105) Processed 2850 utterances; for utterance AMI_ES2006c_H00_MEO022_0183833_0183895 avg. like is -91.7358 over 60 frames.
LOG (gmm-acc-stats-ali[5.4.105~1-4fda]:main():gmm-acc-stats-ali.cc:105) Processed 2900 utterances; for utterance AMI_ES2006c_H01_FEE024_0092164_0092582 avg. like is -106.429 over 416 frames.
LOG (gmm-acc-stats-ali[5.4.105~1-4fda]:main():gmm-acc-stats-ali.cc:105) Processed 2950 utterances; for utterance AMI_ES2006c_H01_FEE024_0126850_0127819 avg. like is -102.542 over 967 frames.
LOG (gmm-acc-stats-ali[5.4.105~1-4fda]:main():gmm-acc-stats-ali.cc:105) Processed 3000 utterances; for utterance AMI_ES2006c_H01_FEE024_0173485_0173856 avg. like is -103.762 over 369 frames.
LOG (gmm-acc-stats-ali[5.4.105~1-4fda]:main():gmm-acc-stats-ali.cc:105) Processed 3050 utterances; for utterance AMI_ES2006c_H02_FEE021_0018320_0018367 avg. like is -97.0409 over 45 frames.
LOG (gmm-acc-stats-ali[5.4.105~1-4fda]:main():gmm-acc-stats-ali.cc:105) Processed 3100 utterances; for utterance AMI_ES2006c_H02_FEE021_0087993_0088219 avg. like is -99.1824 over 224 frames.
LOG (gmm-acc-stats-ali[5.4.105~1-4fda]:main():gmm-acc-stats-ali.cc:105) Processed 3150 utterances; for utterance AMI_ES2006c_H02_FEE021_0137250_0137308 avg. like is -109.4 over 56 frames.
LOG (gmm-acc-stats-ali[5.4.105~1-4fda]:main():gmm-acc-stats-ali.cc:105) Processed 3200 utterances; for utterance AMI_ES2006c_H02_FEE021_0181496_0181585 avg. like is -105.74 over 87 frames.
LOG (gmm-acc-stats-ali[5.4.105~1-4fda]:main():gmm-acc-stats-ali.cc:105) Processed 3250 utterances; for utterance AMI_ES2006c_H02_FEE021_0216884_0217142 avg. like is -106.037 over 256 frames.
LOG (gmm-acc-stats-ali[5.4.105~1-4fda]:main():gmm-acc-stats-ali.cc:105) Processed 3300 utterances; for utterance AMI_ES2006c_H03_FEO023_0086570_0087199 avg. like is -104.144 over 627 frames.
LOG (gmm-acc-stats-ali[5.4.105~1-4fda]:main():gmm-acc-stats-ali.cc:105) Processed 3350 utterances; for utterance AMI_ES2006c_H03_FEO023_0169905_0170437 avg. like is -105.959 over 530 frames.
LOG (gmm-acc-stats-ali[5.4.105~1-4fda]:main():gmm-acc-stats-ali.cc:105) Processed 3400 utterances; for utterance AMI_ES2006d_H00_MEO022_0017684_0017801 avg. like is -95.9571 over 115 frames.
LOG (gmm-acc-stats-ali[5.4.105~1-4fda]:main():gmm-acc-stats-ali.cc:105) Processed 3450 utterances; for utterance AMI_ES2006d_H00_MEO022_0077601_0078543 avg. like is -102.205 over 940 frames.
LOG (gmm-acc-stats-ali[5.4.105~1-4fda]:main():gmm-acc-stats-ali.cc:105) Processed 3500 utterances; for utterance AMI_ES2006d_H00_MEO022_0129455_0129703 avg. like is -100.928 over 246 frames.
LOG (gmm-acc-stats-ali[5.4.105~1-4fda]:main():gmm-acc-stats-ali.cc:105) Processed 3550 utterances; for utterance AMI_ES2006d_H00_MEO022_0191910_0191983 avg. like is -103.603 over 71 frames.
LOG (gmm-acc-stats-ali[5.4.105~1-4fda]:main():gmm-acc-stats-ali.cc:105) Processed 3600 utterances; for utterance AMI_ES2006d_H01_FEE024_0052184_0052594 avg. like is -107.188 over 408 frames.
LOG (gmm-acc-stats-ali[5.4.105~1-4fda]:main():gmm-acc-stats-ali.cc:105) Processed 3650 utterances; for utterance AMI_ES2006d_H01_FEE024_0077048_0077093 avg. like is -101.817 over 43 frames.
WARNING (gmm-acc-stats-ali[5.4.105~1-4fda]:main():gmm-acc-stats-ali.cc:79) No alignment for utterance AMI_ES2006d_H01_FEE024_0089048_0089401
LOG (gmm-acc-stats-ali[5.4.105~1-4fda]:main():gmm-acc-stats-ali.cc:105) Processed 3700 utterances; for utterance AMI_ES2006d_H01_FEE024_0118914_0119019 avg. like is -105.619 over 103 frames.
LOG (gmm-acc-stats-ali[5.4.105~1-4fda]:main():gmm-acc-stats-ali.cc:105) Processed 3750 utterances; for utterance AMI_ES2006d_H01_FEE024_0152861_0153015 avg. like is -101.669 over 152 frames.
WARNING (gmm-acc-stats-ali[5.4.105~1-4fda]:main():gmm-acc-stats-ali.cc:79) No alignment for utterance AMI_ES2006d_H01_FEE024_0163405_0164119
LOG (gmm-acc-stats-ali[5.4.105~1-4fda]:main():gmm-acc-stats-ali.cc:105) Processed 3800 utterances; for utterance AMI_ES2006d_H01_FEE024_0191464_0191628 avg. like is -105.969 over 162 frames.
LOG (gmm-acc-stats-ali[5.4.105~1-4fda]:main():gmm-acc-stats-ali.cc:105) Processed 3850 utterances; for utterance AMI_ES2006d_H02_FEE021_0028445_0028464 avg. like is -119.754 over 17 frames.
LOG (gmm-acc-stats-ali[5.4.105~1-4fda]:main():gmm-acc-stats-ali.cc:105) Processed 3900 utterances; for utterance AMI_ES2006d_H02_FEE021_0068067_0068109 avg. like is -91.1228 over 40 frames.
LOG (gmm-acc-stats-ali[5.4.105~1-4fda]:main():gmm-acc-stats-ali.cc:105) Processed 3950 utterances; for utterance AMI_ES2006d_H02_FEE021_0103508_0103631 avg. like is -109.038 over 121 frames.
LOG (apply-cmvn[5.4.105~1-4fda]:main():apply-cmvn.cc:162) Applied cepstral mean normalization to 3993 utterances, errors on 0
LOG (gmm-acc-stats-ali[5.4.105~1-4fda]:main():gmm-acc-stats-ali.cc:112) Done 3987 files, 6 with errors.
LOG (gmm-acc-stats-ali[5.4.105~1-4fda]:main():gmm-acc-stats-ali.cc:115) Overall avg like per frame (Gaussian only) = -100.954 over 1092670 frames.
LOG (gmm-acc-stats-ali[5.4.105~1-4fda]:main():gmm-acc-stats-ali.cc:123) Written accs.
# Accounting: time=10 threads=1
# Ended (code 0) at Wed Oct 31 23:37:11 EDT 2018, elapsed time 10 seconds
