# gmm-acc-stats-ali exp2/tri2a/30.mdl "ark,s,cs:apply-cmvn  --utt2spk=ark:data/st_ihm_all/train/split30/29/utt2spk scp:data/st_ihm_all/train/split30/29/cmvn.scp scp:data/st_ihm_all/train/split30/29/feats.scp ark:- | add-deltas  ark:- ark:- |" "ark,s,cs:gunzip -c exp2/tri2a/ali.29.gz|" exp2/tri2a/30.29.acc 
# Started at Thu Nov  1 00:19:06 EDT 2018
#
gmm-acc-stats-ali exp2/tri2a/30.mdl 'ark,s,cs:apply-cmvn  --utt2spk=ark:data/st_ihm_all/train/split30/29/utt2spk scp:data/st_ihm_all/train/split30/29/cmvn.scp scp:data/st_ihm_all/train/split30/29/feats.scp ark:- | add-deltas  ark:- ark:- |' 'ark,s,cs:gunzip -c exp2/tri2a/ali.29.gz|' exp2/tri2a/30.29.acc 
add-deltas ark:- ark:- 
apply-cmvn --utt2spk=ark:data/st_ihm_all/train/split30/29/utt2spk scp:data/st_ihm_all/train/split30/29/cmvn.scp scp:data/st_ihm_all/train/split30/29/feats.scp ark:- 
LOG (gmm-acc-stats-ali[5.4.105~1-4fda]:main():gmm-acc-stats-ali.cc:105) Processed 50 utterances; for utterance AMI_TS3010b_H02_MTD038ID_0073325_0073809 avg. like is -92.3412 over 482 frames.
LOG (gmm-acc-stats-ali[5.4.105~1-4fda]:main():gmm-acc-stats-ali.cc:105) Processed 100 utterances; for utterance AMI_TS3010b_H03_MTD040ME_0069859_0069873 avg. like is -88.2041 over 12 frames.
LOG (gmm-acc-stats-ali[5.4.105~1-4fda]:main():gmm-acc-stats-ali.cc:105) Processed 150 utterances; for utterance AMI_TS3010b_H03_MTD040ME_0116123_0116540 avg. like is -93.9881 over 415 frames.
LOG (gmm-acc-stats-ali[5.4.105~1-4fda]:main():gmm-acc-stats-ali.cc:105) Processed 200 utterances; for utterance AMI_TS3010b_H03_MTD040ME_0154954_0155390 avg. like is -92.6537 over 434 frames.
LOG (gmm-acc-stats-ali[5.4.105~1-4fda]:main():gmm-acc-stats-ali.cc:105) Processed 250 utterances; for utterance AMI_TS3010c_H00_MTD037PM_0026411_0026574 avg. like is -90.6883 over 161 frames.
LOG (gmm-acc-stats-ali[5.4.105~1-4fda]:main():gmm-acc-stats-ali.cc:105) Processed 300 utterances; for utterance AMI_TS3010c_H00_MTD037PM_0100061_0100366 avg. like is -92.515 over 303 frames.
LOG (gmm-acc-stats-ali[5.4.105~1-4fda]:main():gmm-acc-stats-ali.cc:105) Processed 350 utterances; for utterance AMI_TS3010c_H00_MTD037PM_0127192_0127301 avg. like is -96.8031 over 107 frames.
LOG (gmm-acc-stats-ali[5.4.105~1-4fda]:main():gmm-acc-stats-ali.cc:105) Processed 400 utterances; for utterance AMI_TS3010c_H00_MTD037PM_0159258_0159359 avg. like is -94.4585 over 99 frames.
LOG (gmm-acc-stats-ali[5.4.105~1-4fda]:main():gmm-acc-stats-ali.cc:105) Processed 450 utterances; for utterance AMI_TS3010c_H00_MTD037PM_0185486_0185808 avg. like is -88.4095 over 320 frames.
LOG (gmm-acc-stats-ali[5.4.105~1-4fda]:main():gmm-acc-stats-ali.cc:105) Processed 500 utterances; for utterance AMI_TS3010c_H01_MTD039UID_0009514_0009648 avg. like is -78.3232 over 132 frames.
LOG (gmm-acc-stats-ali[5.4.105~1-4fda]:main():gmm-acc-stats-ali.cc:105) Processed 550 utterances; for utterance AMI_TS3010c_H01_MTD039UID_0032264_0032744 avg. like is -86.0983 over 478 frames.
LOG (gmm-acc-stats-ali[5.4.105~1-4fda]:main():gmm-acc-stats-ali.cc:105) Processed 600 utterances; for utterance AMI_TS3010c_H02_MTD038ID_0038336_0038420 avg. like is -92.7677 over 82 frames.
LOG (gmm-acc-stats-ali[5.4.105~1-4fda]:main():gmm-acc-stats-ali.cc:105) Processed 650 utterances; for utterance AMI_TS3010c_H02_MTD038ID_0060860_0061116 avg. like is -94.1806 over 254 frames.
LOG (gmm-acc-stats-ali[5.4.105~1-4fda]:main():gmm-acc-stats-ali.cc:105) Processed 700 utterances; for utterance AMI_TS3010c_H02_MTD038ID_0109383_0109669 avg. like is -86.4932 over 284 frames.
LOG (gmm-acc-stats-ali[5.4.105~1-4fda]:main():gmm-acc-stats-ali.cc:105) Processed 750 utterances; for utterance AMI_TS3010c_H02_MTD038ID_0150693_0151033 avg. like is -94.2665 over 338 frames.
LOG (gmm-acc-stats-ali[5.4.105~1-4fda]:main():gmm-acc-stats-ali.cc:105) Processed 800 utterances; for utterance AMI_TS3010c_H02_MTD038ID_0185538_0185621 avg. like is -97.1898 over 81 frames.
LOG (gmm-acc-stats-ali[5.4.105~1-4fda]:main():gmm-acc-stats-ali.cc:105) Processed 850 utterances; for utterance AMI_TS3010c_H03_MTD040ME_0074484_0074811 avg. like is -92.6062 over 325 frames.
LOG (gmm-acc-stats-ali[5.4.105~1-4fda]:main():gmm-acc-stats-ali.cc:105) Processed 900 utterances; for utterance AMI_TS3010c_H03_MTD040ME_0118541_0118565 avg. like is -90.5471 over 22 frames.
LOG (gmm-acc-stats-ali[5.4.105~1-4fda]:main():gmm-acc-stats-ali.cc:105) Processed 950 utterances; for utterance AMI_TS3010d_H00_MTD037PM_0004434_0004517 avg. like is -90.8956 over 81 frames.
LOG (gmm-acc-stats-ali[5.4.105~1-4fda]:main():gmm-acc-stats-ali.cc:105) Processed 1000 utterances; for utterance AMI_TS3010d_H00_MTD037PM_0053104_0053320 avg. like is -92.549 over 214 frames.
LOG (gmm-acc-stats-ali[5.4.105~1-4fda]:main():gmm-acc-stats-ali.cc:105) Processed 1050 utterances; for utterance AMI_TS3010d_H00_MTD037PM_0089720_0090094 avg. like is -88.0058 over 372 frames.
LOG (gmm-acc-stats-ali[5.4.105~1-4fda]:main():gmm-acc-stats-ali.cc:105) Processed 1100 utterances; for utterance AMI_TS3010d_H00_MTD037PM_0109524_0109981 avg. like is -90.7306 over 455 frames.
LOG (gmm-acc-stats-ali[5.4.105~1-4fda]:main():gmm-acc-stats-ali.cc:105) Processed 1150 utterances; for utterance AMI_TS3010d_H00_MTD037PM_0137703_0138034 avg. like is -91.1101 over 329 frames.
LOG (gmm-acc-stats-ali[5.4.105~1-4fda]:main():gmm-acc-stats-ali.cc:105) Processed 1200 utterances; for utterance AMI_TS3010d_H01_MTD039UID_0004440_0004691 avg. like is -87.7302 over 249 frames.
LOG (gmm-acc-stats-ali[5.4.105~1-4fda]:main():gmm-acc-stats-ali.cc:105) Processed 1250 utterances; for utterance AMI_TS3010d_H01_MTD039UID_0072412_0072449 avg. like is -89.4292 over 35 frames.
LOG (gmm-acc-stats-ali[5.4.105~1-4fda]:main():gmm-acc-stats-ali.cc:105) Processed 1300 utterances; for utterance AMI_TS3010d_H02_MTD038ID_0051710_0051796 avg. like is -96.6512 over 84 frames.
LOG (gmm-acc-stats-ali[5.4.105~1-4fda]:main():gmm-acc-stats-ali.cc:105) Processed 1350 utterances; for utterance AMI_TS3010d_H02_MTD038ID_0112186_0112474 avg. like is -90.6783 over 286 frames.
LOG (gmm-acc-stats-ali[5.4.105~1-4fda]:main():gmm-acc-stats-ali.cc:105) Processed 1400 utterances; for utterance AMI_TS3010d_H02_MTD038ID_0161174_0161920 avg. like is -88.3306 over 744 frames.
LOG (gmm-acc-stats-ali[5.4.105~1-4fda]:main():gmm-acc-stats-ali.cc:105) Processed 1450 utterances; for utterance AMI_TS3010d_H03_MTD040ME_0030458_0030667 avg. like is -88.7351 over 207 frames.
LOG (gmm-acc-stats-ali[5.4.105~1-4fda]:main():gmm-acc-stats-ali.cc:105) Processed 1500 utterances; for utterance AMI_TS3010d_H03_MTD040ME_0061233_0061673 avg. like is -93.1587 over 438 frames.
LOG (gmm-acc-stats-ali[5.4.105~1-4fda]:main():gmm-acc-stats-ali.cc:105) Processed 1550 utterances; for utterance AMI_TS3010d_H03_MTD040ME_0091198_0091239 avg. like is -91.8926 over 39 frames.
LOG (gmm-acc-stats-ali[5.4.105~1-4fda]:main():gmm-acc-stats-ali.cc:105) Processed 1600 utterances; for utterance AMI_TS3011a_H00_MTD041PM_0004095_0004494 avg. like is -94.4011 over 397 frames.
LOG (gmm-acc-stats-ali[5.4.105~1-4fda]:main():gmm-acc-stats-ali.cc:105) Processed 1650 utterances; for utterance AMI_TS3011a_H00_MTD041PM_0034534_0034646 avg. like is -70.4224 over 110 frames.
LOG (gmm-acc-stats-ali[5.4.105~1-4fda]:main():gmm-acc-stats-ali.cc:105) Processed 1700 utterances; for utterance AMI_TS3011a_H00_MTD041PM_0069774_0070706 avg. like is -87.7049 over 930 frames.
LOG (gmm-acc-stats-ali[5.4.105~1-4fda]:main():gmm-acc-stats-ali.cc:105) Processed 1750 utterances; for utterance AMI_TS3011a_H00_MTD041PM_0126161_0126417 avg. like is -95.4092 over 254 frames.
LOG (gmm-acc-stats-ali[5.4.105~1-4fda]:main():gmm-acc-stats-ali.cc:105) Processed 1800 utterances; for utterance AMI_TS3011a_H01_MTD043UID_0022135_0022165 avg. like is -94.2319 over 28 frames.
LOG (gmm-acc-stats-ali[5.4.105~1-4fda]:main():gmm-acc-stats-ali.cc:105) Processed 1850 utterances; for utterance AMI_TS3011a_H01_MTD043UID_0113203_0113308 avg. like is -94.7324 over 103 frames.
LOG (gmm-acc-stats-ali[5.4.105~1-4fda]:main():gmm-acc-stats-ali.cc:105) Processed 1900 utterances; for utterance AMI_TS3011a_H01_MTD043UID_0148552_0148591 avg. like is -97.3668 over 37 frames.
LOG (gmm-acc-stats-ali[5.4.105~1-4fda]:main():gmm-acc-stats-ali.cc:105) Processed 1950 utterances; for utterance AMI_TS3011a_H02_MTD042ID_0091836_0091890 avg. like is -95.4008 over 52 frames.
LOG (gmm-acc-stats-ali[5.4.105~1-4fda]:main():gmm-acc-stats-ali.cc:105) Processed 2000 utterances; for utterance AMI_TS3011a_H02_MTD042ID_0138207_0138459 avg. like is -88.5663 over 250 frames.
LOG (gmm-acc-stats-ali[5.4.105~1-4fda]:main():gmm-acc-stats-ali.cc:105) Processed 2050 utterances; for utterance AMI_TS3011b_H00_MTD041PM_0009037_0009633 avg. like is -85.3015 over 594 frames.
LOG (gmm-acc-stats-ali[5.4.105~1-4fda]:main():gmm-acc-stats-ali.cc:105) Processed 2100 utterances; for utterance AMI_TS3011b_H00_MTD041PM_0039561_0039671 avg. like is -91.2825 over 108 frames.
LOG (gmm-acc-stats-ali[5.4.105~1-4fda]:main():gmm-acc-stats-ali.cc:105) Processed 2150 utterances; for utterance AMI_TS3011b_H00_MTD041PM_0104253_0104285 avg. like is -77.9496 over 30 frames.
LOG (gmm-acc-stats-ali[5.4.105~1-4fda]:main():gmm-acc-stats-ali.cc:105) Processed 2200 utterances; for utterance AMI_TS3011b_H00_MTD041PM_0147274_0147448 avg. like is -94.4415 over 172 frames.
LOG (gmm-acc-stats-ali[5.4.105~1-4fda]:main():gmm-acc-stats-ali.cc:105) Processed 2250 utterances; for utterance AMI_TS3011b_H00_MTD041PM_0180638_0180859 avg. like is -99.365 over 219 frames.
LOG (gmm-acc-stats-ali[5.4.105~1-4fda]:main():gmm-acc-stats-ali.cc:105) Processed 2300 utterances; for utterance AMI_TS3011b_H00_MTD041PM_0211084_0211436 avg. like is -91.5701 over 350 frames.
LOG (gmm-acc-stats-ali[5.4.105~1-4fda]:main():gmm-acc-stats-ali.cc:105) Processed 2350 utterances; for utterance AMI_TS3011b_H01_MTD043UID_0028885_0029363 avg. like is -87.2738 over 476 frames.
LOG (gmm-acc-stats-ali[5.4.105~1-4fda]:main():gmm-acc-stats-ali.cc:105) Processed 2400 utterances; for utterance AMI_TS3011b_H01_MTD043UID_0090177_0090332 avg. like is -88.2914 over 153 frames.
LOG (gmm-acc-stats-ali[5.4.105~1-4fda]:main():gmm-acc-stats-ali.cc:105) Processed 2450 utterances; for utterance AMI_TS3011b_H01_MTD043UID_0147487_0148220 avg. like is -82.5602 over 731 frames.
LOG (gmm-acc-stats-ali[5.4.105~1-4fda]:main():gmm-acc-stats-ali.cc:105) Processed 2500 utterances; for utterance AMI_TS3011b_H02_MTD042ID_0024425_0024452 avg. like is -97.7576 over 25 frames.
LOG (gmm-acc-stats-ali[5.4.105~1-4fda]:main():gmm-acc-stats-ali.cc:105) Processed 2550 utterances; for utterance AMI_TS3011b_H02_MTD042ID_0062337_0062614 avg. like is -89.655 over 275 frames.
LOG (gmm-acc-stats-ali[5.4.105~1-4fda]:main():gmm-acc-stats-ali.cc:105) Processed 2600 utterances; for utterance AMI_TS3011b_H02_MTD042ID_0096126_0096200 avg. like is -88.9035 over 72 frames.
LOG (gmm-acc-stats-ali[5.4.105~1-4fda]:main():gmm-acc-stats-ali.cc:105) Processed 2650 utterances; for utterance AMI_TS3011b_H02_MTD042ID_0131868_0132001 avg. like is -95.9586 over 131 frames.
LOG (gmm-acc-stats-ali[5.4.105~1-4fda]:main():gmm-acc-stats-ali.cc:105) Processed 2700 utterances; for utterance AMI_TS3011b_H02_MTD042ID_0165788_0166156 avg. like is -91.1541 over 366 frames.
LOG (gmm-acc-stats-ali[5.4.105~1-4fda]:main():gmm-acc-stats-ali.cc:105) Processed 2750 utterances; for utterance AMI_TS3011b_H02_MTD042ID_0198964_0199008 avg. like is -90.6368 over 42 frames.
LOG (gmm-acc-stats-ali[5.4.105~1-4fda]:main():gmm-acc-stats-ali.cc:105) Processed 2800 utterances; for utterance AMI_TS3011b_H03_MTD044ME_0076754_0076929 avg. like is -92.8318 over 173 frames.
LOG (gmm-acc-stats-ali[5.4.105~1-4fda]:main():gmm-acc-stats-ali.cc:105) Processed 2850 utterances; for utterance AMI_TS3011b_H03_MTD044ME_0162146_0162175 avg. like is -98.6476 over 27 frames.
LOG (gmm-acc-stats-ali[5.4.105~1-4fda]:main():gmm-acc-stats-ali.cc:105) Processed 2900 utterances; for utterance AMI_TS3011c_H00_MTD041PM_0018861_0019091 avg. like is -93.9439 over 228 frames.
LOG (gmm-acc-stats-ali[5.4.105~1-4fda]:main():gmm-acc-stats-ali.cc:105) Processed 2950 utterances; for utterance AMI_TS3011c_H00_MTD041PM_0071911_0072171 avg. like is -95.0932 over 258 frames.
LOG (gmm-acc-stats-ali[5.4.105~1-4fda]:main():gmm-acc-stats-ali.cc:105) Processed 3000 utterances; for utterance AMI_TS3011c_H00_MTD041PM_0130740_0130760 avg. like is -75.8654 over 18 frames.
LOG (gmm-acc-stats-ali[5.4.105~1-4fda]:main():gmm-acc-stats-ali.cc:105) Processed 3050 utterances; for utterance AMI_TS3011c_H00_MTD041PM_0166383_0166477 avg. like is -90.2165 over 92 frames.
LOG (gmm-acc-stats-ali[5.4.105~1-4fda]:main():gmm-acc-stats-ali.cc:105) Processed 3100 utterances; for utterance AMI_TS3011c_H00_MTD041PM_0190827_0191003 avg. like is -92.6031 over 174 frames.
LOG (gmm-acc-stats-ali[5.4.105~1-4fda]:main():gmm-acc-stats-ali.cc:105) Processed 3150 utterances; for utterance AMI_TS3011c_H00_MTD041PM_0224140_0224159 avg. like is -99.9261 over 17 frames.
LOG (gmm-acc-stats-ali[5.4.105~1-4fda]:main():gmm-acc-stats-ali.cc:105) Processed 3200 utterances; for utterance AMI_TS3011c_H01_MTD043UID_0060438_0060741 avg. like is -85.0448 over 301 frames.
LOG (gmm-acc-stats-ali[5.4.105~1-4fda]:main():gmm-acc-stats-ali.cc:105) Processed 3250 utterances; for utterance AMI_TS3011c_H01_MTD043UID_0136285_0136771 avg. like is -89.231 over 484 frames.
LOG (gmm-acc-stats-ali[5.4.105~1-4fda]:main():gmm-acc-stats-ali.cc:105) Processed 3300 utterances; for utterance AMI_TS3011c_H01_MTD043UID_0196342_0196535 avg. like is -91.8287 over 191 frames.
LOG (gmm-acc-stats-ali[5.4.105~1-4fda]:main():gmm-acc-stats-ali.cc:105) Processed 3350 utterances; for utterance AMI_TS3011c_H02_MTD042ID_0034762_0034890 avg. like is -93.4198 over 126 frames.
LOG (gmm-acc-stats-ali[5.4.105~1-4fda]:main():gmm-acc-stats-ali.cc:105) Processed 3400 utterances; for utterance AMI_TS3011c_H02_MTD042ID_0080142_0080620 avg. like is -90.6949 over 476 frames.
LOG (gmm-acc-stats-ali[5.4.105~1-4fda]:main():gmm-acc-stats-ali.cc:105) Processed 3450 utterances; for utterance AMI_TS3011c_H02_MTD042ID_0108188_0108323 avg. like is -92.7143 over 133 frames.
LOG (gmm-acc-stats-ali[5.4.105~1-4fda]:main():gmm-acc-stats-ali.cc:105) Processed 3500 utterances; for utterance AMI_TS3011c_H02_MTD042ID_0131309_0131410 avg. like is -92.8656 over 99 frames.
LOG (gmm-acc-stats-ali[5.4.105~1-4fda]:main():gmm-acc-stats-ali.cc:105) Processed 3550 utterances; for utterance AMI_TS3011c_H02_MTD042ID_0154547_0154793 avg. like is -89.3887 over 244 frames.
LOG (gmm-acc-stats-ali[5.4.105~1-4fda]:main():gmm-acc-stats-ali.cc:105) Processed 3600 utterances; for utterance AMI_TS3011c_H02_MTD042ID_0182922_0182943 avg. like is -83.6211 over 19 frames.
LOG (gmm-acc-stats-ali[5.4.105~1-4fda]:main():gmm-acc-stats-ali.cc:105) Processed 3650 utterances; for utterance AMI_TS3011c_H02_MTD042ID_0222346_0222360 avg. like is -104.345 over 12 frames.
LOG (gmm-acc-stats-ali[5.4.105~1-4fda]:main():gmm-acc-stats-ali.cc:105) Processed 3700 utterances; for utterance AMI_TS3011c_H03_MTD044ME_0036760_0036787 avg. like is -92.5121 over 25 frames.
LOG (gmm-acc-stats-ali[5.4.105~1-4fda]:main():gmm-acc-stats-ali.cc:105) Processed 3750 utterances; for utterance AMI_TS3011d_H00_MTD041PM_0031046_0031123 avg. like is -96.1048 over 75 frames.
LOG (gmm-acc-stats-ali[5.4.105~1-4fda]:main():gmm-acc-stats-ali.cc:105) Processed 3800 utterances; for utterance AMI_TS3011d_H00_MTD041PM_0062514_0062752 avg. like is -90.8264 over 236 frames.
LOG (gmm-acc-stats-ali[5.4.105~1-4fda]:main():gmm-acc-stats-ali.cc:105) Processed 3850 utterances; for utterance AMI_TS3011d_H00_MTD041PM_0089901_0090035 avg. like is -86.991 over 132 frames.
LOG (gmm-acc-stats-ali[5.4.105~1-4fda]:main():gmm-acc-stats-ali.cc:105) Processed 3900 utterances; for utterance AMI_TS3011d_H00_MTD041PM_0119444_0119582 avg. like is -90.0422 over 136 frames.
LOG (gmm-acc-stats-ali[5.4.105~1-4fda]:main():gmm-acc-stats-ali.cc:105) Processed 3950 utterances; for utterance AMI_TS3011d_H00_MTD041PM_0153491_0153565 avg. like is -91.7893 over 72 frames.
LOG (gmm-acc-stats-ali[5.4.105~1-4fda]:main():gmm-acc-stats-ali.cc:105) Processed 4000 utterances; for utterance AMI_TS3011d_H00_MTD041PM_0177173_0177852 avg. like is -86.1582 over 677 frames.
LOG (gmm-acc-stats-ali[5.4.105~1-4fda]:main():gmm-acc-stats-ali.cc:105) Processed 4050 utterances; for utterance AMI_TS3011d_H00_MTD041PM_0204826_0204863 avg. like is -83.9402 over 35 frames.
LOG (gmm-acc-stats-ali[5.4.105~1-4fda]:main():gmm-acc-stats-ali.cc:105) Processed 4100 utterances; for utterance AMI_TS3011d_H01_MTD043UID_0092365_0092541 avg. like is -82.5071 over 174 frames.
LOG (apply-cmvn[5.4.105~1-4fda]:main():apply-cmvn.cc:162) Applied cepstral mean normalization to 4140 utterances, errors on 0
LOG (gmm-acc-stats-ali[5.4.105~1-4fda]:main():gmm-acc-stats-ali.cc:112) Done 4140 files, 0 with errors.
LOG (gmm-acc-stats-ali[5.4.105~1-4fda]:main():gmm-acc-stats-ali.cc:115) Overall avg like per frame (Gaussian only) = -90.4332 over 998834 frames.
LOG (gmm-acc-stats-ali[5.4.105~1-4fda]:main():gmm-acc-stats-ali.cc:123) Written accs.
# Accounting: time=22 threads=1
# Ended (code 0) at Thu Nov  1 00:19:28 EDT 2018, elapsed time 22 seconds
