# gmm-acc-stats-ali exp2/tri2a/31.mdl "ark,s,cs:apply-cmvn  --utt2spk=ark:data/st_ihm_all/train/split30/20/utt2spk scp:data/st_ihm_all/train/split30/20/cmvn.scp scp:data/st_ihm_all/train/split30/20/feats.scp ark:- | add-deltas  ark:- ark:- |" "ark,s,cs:gunzip -c exp2/tri2a/ali.20.gz|" exp2/tri2a/31.20.acc 
# Started at Thu Nov  1 00:20:02 EDT 2018
#
gmm-acc-stats-ali exp2/tri2a/31.mdl 'ark,s,cs:apply-cmvn  --utt2spk=ark:data/st_ihm_all/train/split30/20/utt2spk scp:data/st_ihm_all/train/split30/20/cmvn.scp scp:data/st_ihm_all/train/split30/20/feats.scp ark:- | add-deltas  ark:- ark:- |' 'ark,s,cs:gunzip -c exp2/tri2a/ali.20.gz|' exp2/tri2a/31.20.acc 
apply-cmvn --utt2spk=ark:data/st_ihm_all/train/split30/20/utt2spk scp:data/st_ihm_all/train/split30/20/cmvn.scp scp:data/st_ihm_all/train/split30/20/feats.scp ark:- 
add-deltas ark:- ark:- 
LOG (gmm-acc-stats-ali[5.4.105~1-4fda]:main():gmm-acc-stats-ali.cc:105) Processed 50 utterances; for utterance AMI_IS1000d_H00_FIE081_0159756_0159771 avg. like is -90.2705 over 13 frames.
LOG (gmm-acc-stats-ali[5.4.105~1-4fda]:main():gmm-acc-stats-ali.cc:105) Processed 100 utterances; for utterance AMI_IS1000d_H00_FIE081_0183355_0183474 avg. like is -97.4713 over 117 frames.
LOG (gmm-acc-stats-ali[5.4.105~1-4fda]:main():gmm-acc-stats-ali.cc:105) Processed 150 utterances; for utterance AMI_IS1000d_H00_FIE081_0233051_0233269 avg. like is -91.0888 over 216 frames.
LOG (gmm-acc-stats-ali[5.4.105~1-4fda]:main():gmm-acc-stats-ali.cc:105) Processed 200 utterances; for utterance AMI_IS1000d_H01_MIO082_0012572_0012758 avg. like is -92.4647 over 184 frames.
LOG (gmm-acc-stats-ali[5.4.105~1-4fda]:main():gmm-acc-stats-ali.cc:105) Processed 250 utterances; for utterance AMI_IS1000d_H01_MIO082_0058659_0059049 avg. like is -93.395 over 388 frames.
LOG (gmm-acc-stats-ali[5.4.105~1-4fda]:main():gmm-acc-stats-ali.cc:105) Processed 300 utterances; for utterance AMI_IS1000d_H01_MIO082_0101383_0101535 avg. like is -93.5873 over 150 frames.
LOG (gmm-acc-stats-ali[5.4.105~1-4fda]:main():gmm-acc-stats-ali.cc:105) Processed 350 utterances; for utterance AMI_IS1000d_H01_MIO082_0129146_0129336 avg. like is -96.5369 over 188 frames.
LOG (gmm-acc-stats-ali[5.4.105~1-4fda]:main():gmm-acc-stats-ali.cc:105) Processed 400 utterances; for utterance AMI_IS1000d_H01_MIO082_0161523_0161559 avg. like is -90.8242 over 34 frames.
LOG (gmm-acc-stats-ali[5.4.105~1-4fda]:main():gmm-acc-stats-ali.cc:105) Processed 450 utterances; for utterance AMI_IS1000d_H01_MIO082_0189066_0189905 avg. like is -97.7247 over 837 frames.
LOG (gmm-acc-stats-ali[5.4.105~1-4fda]:main():gmm-acc-stats-ali.cc:105) Processed 500 utterances; for utterance AMI_IS1000d_H01_MIO082_0219953_0220675 avg. like is -93.3526 over 720 frames.
LOG (gmm-acc-stats-ali[5.4.105~1-4fda]:main():gmm-acc-stats-ali.cc:105) Processed 550 utterances; for utterance AMI_IS1000d_H01_MIO082_0255365_0255401 avg. like is -104.743 over 34 frames.
LOG (gmm-acc-stats-ali[5.4.105~1-4fda]:main():gmm-acc-stats-ali.cc:105) Processed 600 utterances; for utterance AMI_IS1000d_H02_MIO016_0054386_0054477 avg. like is -87.4233 over 89 frames.
LOG (gmm-acc-stats-ali[5.4.105~1-4fda]:main():gmm-acc-stats-ali.cc:105) Processed 650 utterances; for utterance AMI_IS1000d_H02_MIO016_0126038_0126052 avg. like is -90.2941 over 12 frames.
LOG (gmm-acc-stats-ali[5.4.105~1-4fda]:main():gmm-acc-stats-ali.cc:105) Processed 700 utterances; for utterance AMI_IS1000d_H02_MIO016_0158635_0158669 avg. like is -85.9221 over 32 frames.
LOG (gmm-acc-stats-ali[5.4.105~1-4fda]:main():gmm-acc-stats-ali.cc:105) Processed 750 utterances; for utterance AMI_IS1000d_H02_MIO016_0209338_0210044 avg. like is -93.6876 over 704 frames.
LOG (gmm-acc-stats-ali[5.4.105~1-4fda]:main():gmm-acc-stats-ali.cc:105) Processed 800 utterances; for utterance AMI_IS1000d_H02_MIO016_0246892_0248189 avg. like is -91.8569 over 1295 frames.
LOG (gmm-acc-stats-ali[5.4.105~1-4fda]:main():gmm-acc-stats-ali.cc:105) Processed 850 utterances; for utterance AMI_IS1000d_H03_MIO050_0055316_0055808 avg. like is -90.6251 over 490 frames.
LOG (gmm-acc-stats-ali[5.4.105~1-4fda]:main():gmm-acc-stats-ali.cc:105) Processed 900 utterances; for utterance AMI_IS1000d_H03_MIO050_0122009_0122243 avg. like is -93.9574 over 232 frames.
LOG (gmm-acc-stats-ali[5.4.105~1-4fda]:main():gmm-acc-stats-ali.cc:105) Processed 950 utterances; for utterance AMI_IS1000d_H03_MIO050_0156772_0157127 avg. like is -90.9706 over 353 frames.
WARNING (gmm-acc-stats-ali[5.4.105~1-4fda]:main():gmm-acc-stats-ali.cc:79) No alignment for utterance AMI_IS1000d_H03_MIO050_0164800_0165361
LOG (gmm-acc-stats-ali[5.4.105~1-4fda]:main():gmm-acc-stats-ali.cc:105) Processed 1000 utterances; for utterance AMI_IS1000d_H03_MIO050_0207383_0207512 avg. like is -85.9143 over 127 frames.
LOG (gmm-acc-stats-ali[5.4.105~1-4fda]:main():gmm-acc-stats-ali.cc:105) Processed 1050 utterances; for utterance AMI_IS1001a_H00_MIO043_0017172_0017438 avg. like is -92.0604 over 264 frames.
LOG (gmm-acc-stats-ali[5.4.105~1-4fda]:main():gmm-acc-stats-ali.cc:105) Processed 1100 utterances; for utterance AMI_IS1001a_H00_MIO043_0055263_0055839 avg. like is -87.9753 over 574 frames.
LOG (gmm-acc-stats-ali[5.4.105~1-4fda]:main():gmm-acc-stats-ali.cc:105) Processed 1150 utterances; for utterance AMI_IS1001a_H00_MIO043_0080528_0081437 avg. like is -85.9923 over 907 frames.
LOG (gmm-acc-stats-ali[5.4.105~1-4fda]:main():gmm-acc-stats-ali.cc:105) Processed 1200 utterances; for utterance AMI_IS1001a_H01_MIO012_0042259_0042480 avg. like is -95.3848 over 219 frames.
LOG (gmm-acc-stats-ali[5.4.105~1-4fda]:main():gmm-acc-stats-ali.cc:105) Processed 1250 utterances; for utterance AMI_IS1001a_H02_MIO020_0054040_0054392 avg. like is -94.2155 over 350 frames.
WARNING (gmm-acc-stats-ali[5.4.105~1-4fda]:main():gmm-acc-stats-ali.cc:79) No alignment for utterance AMI_IS1001a_H03_FIO074_0084185_0084201
LOG (gmm-acc-stats-ali[5.4.105~1-4fda]:main():gmm-acc-stats-ali.cc:105) Processed 1300 utterances; for utterance AMI_IS1001b_H00_MIO043_0007836_0008753 avg. like is -88.305 over 915 frames.
LOG (gmm-acc-stats-ali[5.4.105~1-4fda]:main():gmm-acc-stats-ali.cc:105) Processed 1350 utterances; for utterance AMI_IS1001b_H00_MIO043_0043508_0043531 avg. like is -90.4248 over 21 frames.
LOG (gmm-acc-stats-ali[5.4.105~1-4fda]:main():gmm-acc-stats-ali.cc:105) Processed 1400 utterances; for utterance AMI_IS1001b_H00_MIO043_0089199_0089220 avg. like is -86.9887 over 19 frames.
LOG (gmm-acc-stats-ali[5.4.105~1-4fda]:main():gmm-acc-stats-ali.cc:105) Processed 1450 utterances; for utterance AMI_IS1001b_H00_MIO043_0141166_0141231 avg. like is -85.8611 over 63 frames.
LOG (gmm-acc-stats-ali[5.4.105~1-4fda]:main():gmm-acc-stats-ali.cc:105) Processed 1500 utterances; for utterance AMI_IS1001b_H00_MIO043_0171358_0172603 avg. like is -88.8264 over 1243 frames.
LOG (gmm-acc-stats-ali[5.4.105~1-4fda]:main():gmm-acc-stats-ali.cc:105) Processed 1550 utterances; for utterance AMI_IS1001b_H00_MIO043_0204762_0205034 avg. like is -92.1177 over 270 frames.
WARNING (gmm-acc-stats-ali[5.4.105~1-4fda]:main():gmm-acc-stats-ali.cc:79) No alignment for utterance AMI_IS1001b_H01_MIO012_0016631_0016905
LOG (gmm-acc-stats-ali[5.4.105~1-4fda]:main():gmm-acc-stats-ali.cc:105) Processed 1600 utterances; for utterance AMI_IS1001b_H01_MIO012_0030851_0030901 avg. like is -68.0875 over 48 frames.
LOG (gmm-acc-stats-ali[5.4.105~1-4fda]:main():gmm-acc-stats-ali.cc:105) Processed 1650 utterances; for utterance AMI_IS1001b_H01_MIO012_0113670_0113736 avg. like is -85.4514 over 64 frames.
LOG (gmm-acc-stats-ali[5.4.105~1-4fda]:main():gmm-acc-stats-ali.cc:105) Processed 1700 utterances; for utterance AMI_IS1001b_H01_MIO012_0166682_0166707 avg. like is -100.062 over 23 frames.
LOG (gmm-acc-stats-ali[5.4.105~1-4fda]:main():gmm-acc-stats-ali.cc:105) Processed 1750 utterances; for utterance AMI_IS1001b_H01_MIO012_0203938_0204143 avg. like is -93.8287 over 203 frames.
LOG (gmm-acc-stats-ali[5.4.105~1-4fda]:main():gmm-acc-stats-ali.cc:105) Processed 1800 utterances; for utterance AMI_IS1001b_H02_MIO020_0098406_0098574 avg. like is -91.0992 over 166 frames.
LOG (gmm-acc-stats-ali[5.4.105~1-4fda]:main():gmm-acc-stats-ali.cc:105) Processed 1850 utterances; for utterance AMI_IS1001b_H02_MIO020_0129816_0129895 avg. like is -94.9222 over 77 frames.
LOG (gmm-acc-stats-ali[5.4.105~1-4fda]:main():gmm-acc-stats-ali.cc:105) Processed 1900 utterances; for utterance AMI_IS1001b_H02_MIO020_0194659_0194698 avg. like is -77.8836 over 37 frames.
LOG (gmm-acc-stats-ali[5.4.105~1-4fda]:main():gmm-acc-stats-ali.cc:105) Processed 1950 utterances; for utterance AMI_IS1001b_H03_FIO074_0065673_0066190 avg. like is -91.7167 over 515 frames.
LOG (gmm-acc-stats-ali[5.4.105~1-4fda]:main():gmm-acc-stats-ali.cc:105) Processed 2000 utterances; for utterance AMI_IS1001b_H03_FIO074_0204484_0204611 avg. like is -97.7091 over 125 frames.
LOG (gmm-acc-stats-ali[5.4.105~1-4fda]:main():gmm-acc-stats-ali.cc:105) Processed 2050 utterances; for utterance AMI_IS1001c_H00_MIO043_0051269_0051347 avg. like is -93.1332 over 76 frames.
LOG (gmm-acc-stats-ali[5.4.105~1-4fda]:main():gmm-acc-stats-ali.cc:105) Processed 2100 utterances; for utterance AMI_IS1001c_H00_MIO043_0085487_0085543 avg. like is -87.0714 over 54 frames.
LOG (gmm-acc-stats-ali[5.4.105~1-4fda]:main():gmm-acc-stats-ali.cc:105) Processed 2150 utterances; for utterance AMI_IS1001c_H00_MIO043_0117205_0117403 avg. like is -94.6211 over 196 frames.
LOG (gmm-acc-stats-ali[5.4.105~1-4fda]:main():gmm-acc-stats-ali.cc:105) Processed 2200 utterances; for utterance AMI_IS1001c_H01_MIO020_0019961_0020405 avg. like is -90.8605 over 442 frames.
LOG (gmm-acc-stats-ali[5.4.105~1-4fda]:main():gmm-acc-stats-ali.cc:105) Processed 2250 utterances; for utterance AMI_IS1001c_H01_MIO020_0094401_0094430 avg. like is -91.191 over 27 frames.
LOG (gmm-acc-stats-ali[5.4.105~1-4fda]:main():gmm-acc-stats-ali.cc:105) Processed 2300 utterances; for utterance AMI_IS1001c_H02_MIO012_0031161_0031887 avg. like is -89.4418 over 724 frames.
LOG (gmm-acc-stats-ali[5.4.105~1-4fda]:main():gmm-acc-stats-ali.cc:105) Processed 2350 utterances; for utterance AMI_IS1001c_H02_MIO012_0058548_0058846 avg. like is -93.7527 over 296 frames.
LOG (gmm-acc-stats-ali[5.4.105~1-4fda]:main():gmm-acc-stats-ali.cc:105) Processed 2400 utterances; for utterance AMI_IS1001c_H02_MIO012_0105652_0106486 avg. like is -95.2888 over 832 frames.
LOG (gmm-acc-stats-ali[5.4.105~1-4fda]:main():gmm-acc-stats-ali.cc:105) Processed 2450 utterances; for utterance AMI_IS1001c_H03_FIO074_0076706_0076747 avg. like is -98.3198 over 39 frames.
LOG (gmm-acc-stats-ali[5.4.105~1-4fda]:main():gmm-acc-stats-ali.cc:105) Processed 2500 utterances; for utterance AMI_IS1001d_H00_MIO043_0018092_0018138 avg. like is -99.1003 over 44 frames.
LOG (gmm-acc-stats-ali[5.4.105~1-4fda]:main():gmm-acc-stats-ali.cc:105) Processed 2550 utterances; for utterance AMI_IS1001d_H00_MIO043_0045167_0045223 avg. like is -89.5852 over 54 frames.
LOG (gmm-acc-stats-ali[5.4.105~1-4fda]:main():gmm-acc-stats-ali.cc:105) Processed 2600 utterances; for utterance AMI_IS1001d_H00_MIO043_0070313_0070425 avg. like is -100.225 over 110 frames.
LOG (gmm-acc-stats-ali[5.4.105~1-4fda]:main():gmm-acc-stats-ali.cc:105) Processed 2650 utterances; for utterance AMI_IS1001d_H02_MIO012_0003328_0003436 avg. like is -97.8125 over 106 frames.
LOG (gmm-acc-stats-ali[5.4.105~1-4fda]:main():gmm-acc-stats-ali.cc:105) Processed 2700 utterances; for utterance AMI_IS1001d_H02_MIO012_0063020_0063054 avg. like is -80.8011 over 32 frames.
LOG (gmm-acc-stats-ali[5.4.105~1-4fda]:main():gmm-acc-stats-ali.cc:105) Processed 2750 utterances; for utterance AMI_IS1001d_H03_FIO074_0036907_0036979 avg. like is -98.7204 over 70 frames.
LOG (gmm-acc-stats-ali[5.4.105~1-4fda]:main():gmm-acc-stats-ali.cc:105) Processed 2800 utterances; for utterance AMI_IS1002b_H00_MIE080_0010913_0011254 avg. like is -96.3847 over 339 frames.
LOG (gmm-acc-stats-ali[5.4.105~1-4fda]:main():gmm-acc-stats-ali.cc:105) Processed 2850 utterances; for utterance AMI_IS1002b_H00_MIE080_0053783_0053804 avg. like is -100.234 over 19 frames.
LOG (gmm-acc-stats-ali[5.4.105~1-4fda]:main():gmm-acc-stats-ali.cc:105) Processed 2900 utterances; for utterance AMI_IS1002b_H00_MIE080_0097045_0097346 avg. like is -102.096 over 299 frames.
LOG (gmm-acc-stats-ali[5.4.105~1-4fda]:main():gmm-acc-stats-ali.cc:105) Processed 2950 utterances; for utterance AMI_IS1002b_H00_MIE080_0172628_0173251 avg. like is -98.0177 over 621 frames.
LOG (gmm-acc-stats-ali[5.4.105~1-4fda]:main():gmm-acc-stats-ali.cc:105) Processed 3000 utterances; for utterance AMI_IS1002b_H00_MIE080_0220592_0221064 avg. like is -98.3325 over 470 frames.
LOG (gmm-acc-stats-ali[5.4.105~1-4fda]:main():gmm-acc-stats-ali.cc:105) Processed 3050 utterances; for utterance AMI_IS1002b_H01_MIE029_0048157_0049001 avg. like is -94.3477 over 842 frames.
LOG (gmm-acc-stats-ali[5.4.105~1-4fda]:main():gmm-acc-stats-ali.cc:105) Processed 3100 utterances; for utterance AMI_IS1002b_H01_MIE029_0110111_0110131 avg. like is -86.1496 over 18 frames.
LOG (gmm-acc-stats-ali[5.4.105~1-4fda]:main():gmm-acc-stats-ali.cc:105) Processed 3150 utterances; for utterance AMI_IS1002b_H01_MIE029_0169162_0169504 avg. like is -94.9405 over 340 frames.
LOG (gmm-acc-stats-ali[5.4.105~1-4fda]:main():gmm-acc-stats-ali.cc:105) Processed 3200 utterances; for utterance AMI_IS1002b_H01_MIE029_0219338_0219576 avg. like is -95.4938 over 236 frames.
LOG (gmm-acc-stats-ali[5.4.105~1-4fda]:main():gmm-acc-stats-ali.cc:105) Processed 3250 utterances; for utterance AMI_IS1002b_H02_MIO026_0067457_0068267 avg. like is -92.0072 over 808 frames.
LOG (gmm-acc-stats-ali[5.4.105~1-4fda]:main():gmm-acc-stats-ali.cc:105) Processed 3300 utterances; for utterance AMI_IS1002b_H03_MIE083_0016684_0017234 avg. like is -95.7816 over 548 frames.
LOG (gmm-acc-stats-ali[5.4.105~1-4fda]:main():gmm-acc-stats-ali.cc:105) Processed 3350 utterances; for utterance AMI_IS1002b_H03_MIE083_0087842_0088519 avg. like is -97.7117 over 675 frames.
LOG (gmm-acc-stats-ali[5.4.105~1-4fda]:main():gmm-acc-stats-ali.cc:105) Processed 3400 utterances; for utterance AMI_IS1002b_H03_MIE083_0130741_0130946 avg. like is -93.1544 over 203 frames.
LOG (gmm-acc-stats-ali[5.4.105~1-4fda]:main():gmm-acc-stats-ali.cc:105) Processed 3450 utterances; for utterance AMI_IS1002b_H03_MIE083_0165607_0166190 avg. like is -97.8174 over 581 frames.
LOG (gmm-acc-stats-ali[5.4.105~1-4fda]:main():gmm-acc-stats-ali.cc:105) Processed 3500 utterances; for utterance AMI_IS1002b_H03_MIE083_0211740_0212098 avg. like is -97.3335 over 356 frames.
LOG (gmm-acc-stats-ali[5.4.105~1-4fda]:main():gmm-acc-stats-ali.cc:105) Processed 3550 utterances; for utterance AMI_IS1002c_H00_MIE080_0009265_0009491 avg. like is -94.0339 over 224 frames.
LOG (gmm-acc-stats-ali[5.4.105~1-4fda]:main():gmm-acc-stats-ali.cc:105) Processed 3600 utterances; for utterance AMI_IS1002c_H00_MIE080_0059221_0059289 avg. like is -101.431 over 66 frames.
LOG (gmm-acc-stats-ali[5.4.105~1-4fda]:main():gmm-acc-stats-ali.cc:105) Processed 3650 utterances; for utterance AMI_IS1002c_H00_MIE080_0119095_0119124 avg. like is -96.2964 over 27 frames.
LOG (gmm-acc-stats-ali[5.4.105~1-4fda]:main():gmm-acc-stats-ali.cc:105) Processed 3700 utterances; for utterance AMI_IS1002c_H00_MIE080_0166664_0166776 avg. like is -99.3287 over 110 frames.
LOG (gmm-acc-stats-ali[5.4.105~1-4fda]:main():gmm-acc-stats-ali.cc:105) Processed 3750 utterances; for utterance AMI_IS1002c_H00_MIE080_0192611_0192784 avg. like is -100.437 over 171 frames.
LOG (gmm-acc-stats-ali[5.4.105~1-4fda]:main():gmm-acc-stats-ali.cc:105) Processed 3800 utterances; for utterance AMI_IS1002c_H01_MIE029_0021160_0021209 avg. like is -95.9145 over 47 frames.
LOG (gmm-acc-stats-ali[5.4.105~1-4fda]:main():gmm-acc-stats-ali.cc:105) Processed 3850 utterances; for utterance AMI_IS1002c_H01_MIE029_0054597_0054797 avg. like is -95.6866 over 198 frames.
LOG (gmm-acc-stats-ali[5.4.105~1-4fda]:main():gmm-acc-stats-ali.cc:105) Processed 3900 utterances; for utterance AMI_IS1002c_H01_MIE029_0129832_0130966 avg. like is -90.8982 over 1132 frames.
LOG (gmm-acc-stats-ali[5.4.105~1-4fda]:main():gmm-acc-stats-ali.cc:105) Processed 3950 utterances; for utterance AMI_IS1002c_H01_MIE029_0174632_0175141 avg. like is -94.9719 over 507 frames.
LOG (gmm-acc-stats-ali[5.4.105~1-4fda]:main():gmm-acc-stats-ali.cc:105) Processed 4000 utterances; for utterance AMI_IS1002c_H02_MIO026_0052336_0052754 avg. like is -97.8233 over 416 frames.
LOG (gmm-acc-stats-ali[5.4.105~1-4fda]:main():gmm-acc-stats-ali.cc:105) Processed 4050 utterances; for utterance AMI_IS1002c_H03_MIE083_0002313_0002571 avg. like is -95.8935 over 256 frames.
LOG (apply-cmvn[5.4.105~1-4fda]:main():apply-cmvn.cc:162) Applied cepstral mean normalization to 4077 utterances, errors on 0
LOG (gmm-acc-stats-ali[5.4.105~1-4fda]:main():gmm-acc-stats-ali.cc:112) Done 4074 files, 3 with errors.
LOG (gmm-acc-stats-ali[5.4.105~1-4fda]:main():gmm-acc-stats-ali.cc:115) Overall avg like per frame (Gaussian only) = -93.3232 over 1049647 frames.
LOG (gmm-acc-stats-ali[5.4.105~1-4fda]:main():gmm-acc-stats-ali.cc:123) Written accs.
# Accounting: time=24 threads=1
# Ended (code 0) at Thu Nov  1 00:20:26 EDT 2018, elapsed time 24 seconds
