# gmm-acc-stats-ali exp2/tri2a/29.mdl "ark,s,cs:apply-cmvn  --utt2spk=ark:data/st_ihm_all/train/split30/9/utt2spk scp:data/st_ihm_all/train/split30/9/cmvn.scp scp:data/st_ihm_all/train/split30/9/feats.scp ark:- | add-deltas  ark:- ark:- |" "ark,s,cs:gunzip -c exp2/tri2a/ali.9.gz|" exp2/tri2a/29.9.acc 
# Started at Thu Nov  1 00:09:49 EDT 2018
#
gmm-acc-stats-ali exp2/tri2a/29.mdl 'ark,s,cs:apply-cmvn  --utt2spk=ark:data/st_ihm_all/train/split30/9/utt2spk scp:data/st_ihm_all/train/split30/9/cmvn.scp scp:data/st_ihm_all/train/split30/9/feats.scp ark:- | add-deltas  ark:- ark:- |' 'ark,s,cs:gunzip -c exp2/tri2a/ali.9.gz|' exp2/tri2a/29.9.acc 
apply-cmvn --utt2spk=ark:data/st_ihm_all/train/split30/9/utt2spk scp:data/st_ihm_all/train/split30/9/cmvn.scp scp:data/st_ihm_all/train/split30/9/feats.scp ark:- 
add-deltas ark:- ark:- 
LOG (gmm-acc-stats-ali[5.4.105~1-4fda]:main():gmm-acc-stats-ali.cc:105) Processed 50 utterances; for utterance AMI_ES2002d_H00_MEE006_0179819_0179835 avg. like is -89.4542 over 14 frames.
LOG (gmm-acc-stats-ali[5.4.105~1-4fda]:main():gmm-acc-stats-ali.cc:105) Processed 100 utterances; for utterance AMI_ES2002d_H00_MEE006_0234882_0235594 avg. like is -94.9523 over 710 frames.
LOG (gmm-acc-stats-ali[5.4.105~1-4fda]:main():gmm-acc-stats-ali.cc:105) Processed 150 utterances; for utterance AMI_ES2002d_H01_FEE005_0031883_0032419 avg. like is -90.9262 over 534 frames.
LOG (gmm-acc-stats-ali[5.4.105~1-4fda]:main():gmm-acc-stats-ali.cc:105) Processed 200 utterances; for utterance AMI_ES2002d_H01_FEE005_0056573_0057277 avg. like is -90.25 over 702 frames.
LOG (gmm-acc-stats-ali[5.4.105~1-4fda]:main():gmm-acc-stats-ali.cc:105) Processed 250 utterances; for utterance AMI_ES2002d_H01_FEE005_0082049_0082411 avg. like is -91.8211 over 360 frames.
WARNING (gmm-acc-stats-ali[5.4.105~1-4fda]:main():gmm-acc-stats-ali.cc:79) No alignment for utterance AMI_ES2002d_H01_FEE005_0093196_0093542
LOG (gmm-acc-stats-ali[5.4.105~1-4fda]:main():gmm-acc-stats-ali.cc:105) Processed 300 utterances; for utterance AMI_ES2002d_H01_FEE005_0124896_0125149 avg. like is -94.3759 over 251 frames.
WARNING (gmm-acc-stats-ali[5.4.105~1-4fda]:main():gmm-acc-stats-ali.cc:79) No alignment for utterance AMI_ES2002d_H01_FEE005_0151288_0151552
LOG (gmm-acc-stats-ali[5.4.105~1-4fda]:main():gmm-acc-stats-ali.cc:105) Processed 350 utterances; for utterance AMI_ES2002d_H01_FEE005_0165452_0165552 avg. like is -92.4082 over 98 frames.
LOG (gmm-acc-stats-ali[5.4.105~1-4fda]:main():gmm-acc-stats-ali.cc:105) Processed 400 utterances; for utterance AMI_ES2002d_H01_FEE005_0204680_0204730 avg. like is -71.4541 over 48 frames.
WARNING (gmm-acc-stats-ali[5.4.105~1-4fda]:main():gmm-acc-stats-ali.cc:79) No alignment for utterance AMI_ES2002d_H01_FEE005_0212357_0213330
WARNING (gmm-acc-stats-ali[5.4.105~1-4fda]:main():gmm-acc-stats-ali.cc:79) No alignment for utterance AMI_ES2002d_H01_FEE005_0227119_0227221
LOG (gmm-acc-stats-ali[5.4.105~1-4fda]:main():gmm-acc-stats-ali.cc:105) Processed 450 utterances; for utterance AMI_ES2002d_H01_FEE005_0234325_0234366 avg. like is -64.4766 over 39 frames.
LOG (gmm-acc-stats-ali[5.4.105~1-4fda]:main():gmm-acc-stats-ali.cc:105) Processed 500 utterances; for utterance AMI_ES2002d_H02_MEE008_0036006_0036030 avg. like is -80.8715 over 22 frames.
LOG (gmm-acc-stats-ali[5.4.105~1-4fda]:main():gmm-acc-stats-ali.cc:105) Processed 550 utterances; for utterance AMI_ES2002d_H02_MEE008_0088237_0088329 avg. like is -97.136 over 90 frames.
LOG (gmm-acc-stats-ali[5.4.105~1-4fda]:main():gmm-acc-stats-ali.cc:105) Processed 600 utterances; for utterance AMI_ES2002d_H02_MEE008_0110516_0110984 avg. like is -89.5396 over 466 frames.
LOG (gmm-acc-stats-ali[5.4.105~1-4fda]:main():gmm-acc-stats-ali.cc:105) Processed 650 utterances; for utterance AMI_ES2002d_H02_MEE008_0128054_0128669 avg. like is -91.7269 over 613 frames.
LOG (gmm-acc-stats-ali[5.4.105~1-4fda]:main():gmm-acc-stats-ali.cc:105) Processed 700 utterances; for utterance AMI_ES2002d_H02_MEE008_0160043_0160073 avg. like is -85.2968 over 28 frames.
LOG (gmm-acc-stats-ali[5.4.105~1-4fda]:main():gmm-acc-stats-ali.cc:105) Processed 750 utterances; for utterance AMI_ES2002d_H02_MEE008_0185045_0186020 avg. like is -92.2154 over 973 frames.
LOG (gmm-acc-stats-ali[5.4.105~1-4fda]:main():gmm-acc-stats-ali.cc:105) Processed 800 utterances; for utterance AMI_ES2002d_H02_MEE008_0208727_0209030 avg. like is -92.7531 over 301 frames.
LOG (gmm-acc-stats-ali[5.4.105~1-4fda]:main():gmm-acc-stats-ali.cc:105) Processed 850 utterances; for utterance AMI_ES2002d_H02_MEE008_0234925_0234973 avg. like is -94.1058 over 46 frames.
LOG (gmm-acc-stats-ali[5.4.105~1-4fda]:main():gmm-acc-stats-ali.cc:105) Processed 900 utterances; for utterance AMI_ES2002d_H03_MEE007_0071460_0071662 avg. like is -95.6865 over 200 frames.
LOG (gmm-acc-stats-ali[5.4.105~1-4fda]:main():gmm-acc-stats-ali.cc:105) Processed 950 utterances; for utterance AMI_ES2003a_H00_MEE011_0073964_0075472 avg. like is -92.6466 over 1506 frames.
LOG (gmm-acc-stats-ali[5.4.105~1-4fda]:main():gmm-acc-stats-ali.cc:105) Processed 1000 utterances; for utterance AMI_ES2003a_H01_MEE009_0009587_0010018 avg. like is -95.8573 over 429 frames.
LOG (gmm-acc-stats-ali[5.4.105~1-4fda]:main():gmm-acc-stats-ali.cc:105) Processed 1050 utterances; for utterance AMI_ES2003a_H01_MEE009_0095303_0096102 avg. like is -94.261 over 797 frames.
LOG (gmm-acc-stats-ali[5.4.105~1-4fda]:main():gmm-acc-stats-ali.cc:105) Processed 1100 utterances; for utterance AMI_ES2003a_H02_MEE012_0026795_0027134 avg. like is -92.3528 over 337 frames.
LOG (gmm-acc-stats-ali[5.4.105~1-4fda]:main():gmm-acc-stats-ali.cc:105) Processed 1150 utterances; for utterance AMI_ES2003a_H03_MEE010_0100236_0100598 avg. like is -95.2754 over 360 frames.
LOG (gmm-acc-stats-ali[5.4.105~1-4fda]:main():gmm-acc-stats-ali.cc:105) Processed 1200 utterances; for utterance AMI_ES2003b_H00_MEE011_0120196_0121467 avg. like is -92.8603 over 1269 frames.
LOG (gmm-acc-stats-ali[5.4.105~1-4fda]:main():gmm-acc-stats-ali.cc:105) Processed 1250 utterances; for utterance AMI_ES2003b_H00_MEE011_0179984_0180356 avg. like is -92.6062 over 370 frames.
LOG (gmm-acc-stats-ali[5.4.105~1-4fda]:main():gmm-acc-stats-ali.cc:105) Processed 1300 utterances; for utterance AMI_ES2003b_H01_MEE009_0012200_0012566 avg. like is -97.1074 over 364 frames.
LOG (gmm-acc-stats-ali[5.4.105~1-4fda]:main():gmm-acc-stats-ali.cc:105) Processed 1350 utterances; for utterance AMI_ES2003b_H01_MEE009_0101835_0101894 avg. like is -96.1945 over 57 frames.
LOG (gmm-acc-stats-ali[5.4.105~1-4fda]:main():gmm-acc-stats-ali.cc:105) Processed 1400 utterances; for utterance AMI_ES2003b_H01_MEE009_0145563_0146210 avg. like is -97.0458 over 645 frames.
LOG (gmm-acc-stats-ali[5.4.105~1-4fda]:main():gmm-acc-stats-ali.cc:105) Processed 1450 utterances; for utterance AMI_ES2003b_H01_MEE009_0178969_0179289 avg. like is -89.7642 over 318 frames.
LOG (gmm-acc-stats-ali[5.4.105~1-4fda]:main():gmm-acc-stats-ali.cc:105) Processed 1500 utterances; for utterance AMI_ES2003b_H01_MEE009_0208687_0208806 avg. like is -96.9837 over 117 frames.
LOG (gmm-acc-stats-ali[5.4.105~1-4fda]:main():gmm-acc-stats-ali.cc:105) Processed 1550 utterances; for utterance AMI_ES2003b_H02_MEE012_0032089_0032548 avg. like is -96.2787 over 457 frames.
LOG (gmm-acc-stats-ali[5.4.105~1-4fda]:main():gmm-acc-stats-ali.cc:105) Processed 1600 utterances; for utterance AMI_ES2003b_H02_MEE012_0054484_0054521 avg. like is -88.8943 over 35 frames.
LOG (gmm-acc-stats-ali[5.4.105~1-4fda]:main():gmm-acc-stats-ali.cc:105) Processed 1650 utterances; for utterance AMI_ES2003b_H02_MEE012_0182324_0182356 avg. like is -101.462 over 30 frames.
LOG (gmm-acc-stats-ali[5.4.105~1-4fda]:main():gmm-acc-stats-ali.cc:105) Processed 1700 utterances; for utterance AMI_ES2003b_H03_MEE010_0097709_0097951 avg. like is -90.2988 over 240 frames.
LOG (gmm-acc-stats-ali[5.4.105~1-4fda]:main():gmm-acc-stats-ali.cc:105) Processed 1750 utterances; for utterance AMI_ES2003c_H00_MEE011_0071514_0072334 avg. like is -92.8295 over 818 frames.
LOG (gmm-acc-stats-ali[5.4.105~1-4fda]:main():gmm-acc-stats-ali.cc:105) Processed 1800 utterances; for utterance AMI_ES2003c_H00_MEE011_0101707_0102481 avg. like is -93.0414 over 772 frames.
LOG (gmm-acc-stats-ali[5.4.105~1-4fda]:main():gmm-acc-stats-ali.cc:105) Processed 1850 utterances; for utterance AMI_ES2003c_H00_MEE011_0174387_0174579 avg. like is -88.6853 over 190 frames.
LOG (gmm-acc-stats-ali[5.4.105~1-4fda]:main():gmm-acc-stats-ali.cc:105) Processed 1900 utterances; for utterance AMI_ES2003c_H01_MEE009_0007206_0007976 avg. like is -96.1241 over 768 frames.
LOG (gmm-acc-stats-ali[5.4.105~1-4fda]:main():gmm-acc-stats-ali.cc:105) Processed 1950 utterances; for utterance AMI_ES2003c_H01_MEE009_0059516_0060459 avg. like is -94.6322 over 941 frames.
LOG (gmm-acc-stats-ali[5.4.105~1-4fda]:main():gmm-acc-stats-ali.cc:105) Processed 2000 utterances; for utterance AMI_ES2003c_H01_MEE009_0157349_0157804 avg. like is -100.363 over 453 frames.
LOG (gmm-acc-stats-ali[5.4.105~1-4fda]:main():gmm-acc-stats-ali.cc:105) Processed 2050 utterances; for utterance AMI_ES2003c_H01_MEE009_0202653_0203711 avg. like is -97.3121 over 1056 frames.
LOG (gmm-acc-stats-ali[5.4.105~1-4fda]:main():gmm-acc-stats-ali.cc:105) Processed 2100 utterances; for utterance AMI_ES2003c_H02_MEE012_0051845_0052141 avg. like is -97.3575 over 294 frames.
LOG (gmm-acc-stats-ali[5.4.105~1-4fda]:main():gmm-acc-stats-ali.cc:105) Processed 2150 utterances; for utterance AMI_ES2003c_H02_MEE012_0128283_0128395 avg. like is -101.513 over 110 frames.
LOG (gmm-acc-stats-ali[5.4.105~1-4fda]:main():gmm-acc-stats-ali.cc:105) Processed 2200 utterances; for utterance AMI_ES2003c_H02_MEE012_0174712_0175057 avg. like is -98.6286 over 343 frames.
LOG (gmm-acc-stats-ali[5.4.105~1-4fda]:main():gmm-acc-stats-ali.cc:105) Processed 2250 utterances; for utterance AMI_ES2003c_H03_MEE010_0014213_0014271 avg. like is -90.8476 over 56 frames.
LOG (gmm-acc-stats-ali[5.4.105~1-4fda]:main():gmm-acc-stats-ali.cc:105) Processed 2300 utterances; for utterance AMI_ES2003c_H03_MEE010_0033328_0033788 avg. like is -89.3471 over 458 frames.
LOG (gmm-acc-stats-ali[5.4.105~1-4fda]:main():gmm-acc-stats-ali.cc:105) Processed 2350 utterances; for utterance AMI_ES2003c_H03_MEE010_0061866_0062288 avg. like is -84.8481 over 420 frames.
LOG (gmm-acc-stats-ali[5.4.105~1-4fda]:main():gmm-acc-stats-ali.cc:105) Processed 2400 utterances; for utterance AMI_ES2003d_H00_MEE011_0023258_0024076 avg. like is -90.4801 over 816 frames.
LOG (gmm-acc-stats-ali[5.4.105~1-4fda]:main():gmm-acc-stats-ali.cc:105) Processed 2450 utterances; for utterance AMI_ES2003d_H00_MEE011_0122560_0122625 avg. like is -87.5778 over 63 frames.
LOG (gmm-acc-stats-ali[5.4.105~1-4fda]:main():gmm-acc-stats-ali.cc:105) Processed 2500 utterances; for utterance AMI_ES2003d_H00_MEE011_0196450_0196627 avg. like is -97.2315 over 175 frames.
LOG (gmm-acc-stats-ali[5.4.105~1-4fda]:main():gmm-acc-stats-ali.cc:105) Processed 2550 utterances; for utterance AMI_ES2003d_H01_MEE009_0045009_0045514 avg. like is -97.1435 over 503 frames.
LOG (gmm-acc-stats-ali[5.4.105~1-4fda]:main():gmm-acc-stats-ali.cc:105) Processed 2600 utterances; for utterance AMI_ES2003d_H01_MEE009_0079901_0080273 avg. like is -100.217 over 370 frames.
LOG (gmm-acc-stats-ali[5.4.105~1-4fda]:main():gmm-acc-stats-ali.cc:105) Processed 2650 utterances; for utterance AMI_ES2003d_H01_MEE009_0117406_0118421 avg. like is -98.1559 over 1013 frames.
LOG (gmm-acc-stats-ali[5.4.105~1-4fda]:main():gmm-acc-stats-ali.cc:105) Processed 2700 utterances; for utterance AMI_ES2003d_H01_MEE009_0149983_0150729 avg. like is -95.5034 over 744 frames.
LOG (gmm-acc-stats-ali[5.4.105~1-4fda]:main():gmm-acc-stats-ali.cc:105) Processed 2750 utterances; for utterance AMI_ES2003d_H01_MEE009_0202702_0203080 avg. like is -95.9023 over 376 frames.
LOG (gmm-acc-stats-ali[5.4.105~1-4fda]:main():gmm-acc-stats-ali.cc:105) Processed 2800 utterances; for utterance AMI_ES2003d_H02_MEE012_0033620_0033988 avg. like is -91.0326 over 366 frames.
LOG (gmm-acc-stats-ali[5.4.105~1-4fda]:main():gmm-acc-stats-ali.cc:105) Processed 2850 utterances; for utterance AMI_ES2003d_H02_MEE012_0070045_0070137 avg. like is -98.0606 over 90 frames.
LOG (gmm-acc-stats-ali[5.4.105~1-4fda]:main():gmm-acc-stats-ali.cc:105) Processed 2900 utterances; for utterance AMI_ES2003d_H02_MEE012_0121166_0121363 avg. like is -99.3162 over 195 frames.
LOG (gmm-acc-stats-ali[5.4.105~1-4fda]:main():gmm-acc-stats-ali.cc:105) Processed 2950 utterances; for utterance AMI_ES2003d_H02_MEE012_0144199_0144519 avg. like is -91.8886 over 318 frames.
LOG (gmm-acc-stats-ali[5.4.105~1-4fda]:main():gmm-acc-stats-ali.cc:105) Processed 3000 utterances; for utterance AMI_ES2003d_H02_MEE012_0167912_0167953 avg. like is -96.8624 over 39 frames.
LOG (gmm-acc-stats-ali[5.4.105~1-4fda]:main():gmm-acc-stats-ali.cc:105) Processed 3050 utterances; for utterance AMI_ES2003d_H02_MEE012_0228028_0228048 avg. like is -104.302 over 18 frames.
LOG (gmm-acc-stats-ali[5.4.105~1-4fda]:main():gmm-acc-stats-ali.cc:105) Processed 3100 utterances; for utterance AMI_ES2003d_H03_MEE010_0153274_0153452 avg. like is -97.9364 over 176 frames.
LOG (gmm-acc-stats-ali[5.4.105~1-4fda]:main():gmm-acc-stats-ali.cc:105) Processed 3150 utterances; for utterance AMI_ES2005a_H01_MEO020_0002666_0002716 avg. like is -98.5114 over 48 frames.
LOG (gmm-acc-stats-ali[5.4.105~1-4fda]:main():gmm-acc-stats-ali.cc:105) Processed 3200 utterances; for utterance AMI_ES2005a_H02_MEE017_0023455_0023731 avg. like is -96.3271 over 274 frames.
LOG (gmm-acc-stats-ali[5.4.105~1-4fda]:main():gmm-acc-stats-ali.cc:105) Processed 3250 utterances; for utterance AMI_ES2005b_H00_MEE018_0083653_0083998 avg. like is -93.1284 over 343 frames.
LOG (gmm-acc-stats-ali[5.4.105~1-4fda]:main():gmm-acc-stats-ali.cc:105) Processed 3300 utterances; for utterance AMI_ES2005b_H00_MEE018_0109991_0110278 avg. like is -98.7968 over 285 frames.
LOG (gmm-acc-stats-ali[5.4.105~1-4fda]:main():gmm-acc-stats-ali.cc:105) Processed 3350 utterances; for utterance AMI_ES2005b_H00_MEE018_0168872_0169249 avg. like is -92.2123 over 375 frames.
LOG (gmm-acc-stats-ali[5.4.105~1-4fda]:main():gmm-acc-stats-ali.cc:105) Processed 3400 utterances; for utterance AMI_ES2005b_H01_MEO020_0005086_0005199 avg. like is -91.7329 over 111 frames.
LOG (gmm-acc-stats-ali[5.4.105~1-4fda]:main():gmm-acc-stats-ali.cc:105) Processed 3450 utterances; for utterance AMI_ES2005b_H01_MEO020_0034884_0035446 avg. like is -96.9608 over 560 frames.
LOG (gmm-acc-stats-ali[5.4.105~1-4fda]:main():gmm-acc-stats-ali.cc:105) Processed 3500 utterances; for utterance AMI_ES2005b_H01_MEO020_0086483_0086513 avg. like is -92.9446 over 28 frames.
LOG (gmm-acc-stats-ali[5.4.105~1-4fda]:main():gmm-acc-stats-ali.cc:105) Processed 3550 utterances; for utterance AMI_ES2005b_H02_MEE017_0006347_0007159 avg. like is -96.1891 over 810 frames.
LOG (gmm-acc-stats-ali[5.4.105~1-4fda]:main():gmm-acc-stats-ali.cc:105) Processed 3600 utterances; for utterance AMI_ES2005b_H02_MEE017_0073513_0073636 avg. like is -95.5809 over 121 frames.
LOG (gmm-acc-stats-ali[5.4.105~1-4fda]:main():gmm-acc-stats-ali.cc:105) Processed 3650 utterances; for utterance AMI_ES2005b_H02_MEE017_0128184_0128978 avg. like is -94.0842 over 792 frames.
LOG (gmm-acc-stats-ali[5.4.105~1-4fda]:main():gmm-acc-stats-ali.cc:105) Processed 3700 utterances; for utterance AMI_ES2005b_H02_MEE017_0160349_0160864 avg. like is -97.5304 over 513 frames.
LOG (gmm-acc-stats-ali[5.4.105~1-4fda]:main():gmm-acc-stats-ali.cc:105) Processed 3750 utterances; for utterance AMI_ES2005b_H02_MEE017_0193151_0193223 avg. like is -92.7465 over 70 frames.
LOG (gmm-acc-stats-ali[5.4.105~1-4fda]:main():gmm-acc-stats-ali.cc:105) Processed 3800 utterances; for utterance AMI_ES2005b_H02_MEE017_0222434_0222457 avg. like is -91.9847 over 21 frames.
LOG (gmm-acc-stats-ali[5.4.105~1-4fda]:main():gmm-acc-stats-ali.cc:105) Processed 3850 utterances; for utterance AMI_ES2005b_H03_FEE019_0060067_0060108 avg. like is -87.9395 over 39 frames.
LOG (gmm-acc-stats-ali[5.4.105~1-4fda]:main():gmm-acc-stats-ali.cc:105) Processed 3900 utterances; for utterance AMI_ES2005b_H03_FEE019_0089812_0089895 avg. like is -94.2213 over 81 frames.
LOG (gmm-acc-stats-ali[5.4.105~1-4fda]:main():gmm-acc-stats-ali.cc:105) Processed 3950 utterances; for utterance AMI_ES2005b_H03_FEE019_0162344_0164155 avg. like is -94.3443 over 1809 frames.
LOG (apply-cmvn[5.4.105~1-4fda]:main():apply-cmvn.cc:162) Applied cepstral mean normalization to 3978 utterances, errors on 0
LOG (gmm-acc-stats-ali[5.4.105~1-4fda]:main():gmm-acc-stats-ali.cc:112) Done 3974 files, 4 with errors.
LOG (gmm-acc-stats-ali[5.4.105~1-4fda]:main():gmm-acc-stats-ali.cc:115) Overall avg like per frame (Gaussian only) = -94.479 over 1154831 frames.
LOG (gmm-acc-stats-ali[5.4.105~1-4fda]:main():gmm-acc-stats-ali.cc:123) Written accs.
# Accounting: time=26 threads=1
# Ended (code 0) at Thu Nov  1 00:10:15 EDT 2018, elapsed time 26 seconds
