# compile-train-graphs --read-disambig-syms=data/lang_v1/phones/disambig.int exp2/tri2a/tree exp2/tri2a/1.mdl data/lang_v1/L.fst "ark:utils/sym2int.pl --map-oov 6 -f 2- data/lang_v1/words.txt < data/st_ihm_all/train/split30/18/text |" "ark:|gzip -c >exp2/tri2a/fsts.18.gz" 
# Started at Wed Oct 31 23:34:12 EDT 2018
#
compile-train-graphs --read-disambig-syms=data/lang_v1/phones/disambig.int exp2/tri2a/tree exp2/tri2a/1.mdl data/lang_v1/L.fst 'ark:utils/sym2int.pl --map-oov 6 -f 2- data/lang_v1/words.txt < data/st_ihm_all/train/split30/18/text |' 'ark:|gzip -c >exp2/tri2a/fsts.18.gz' 
sym2int.pl: replacing W with 6
sym2int.pl: replacing N with 6
sym2int.pl: replacing Y with 6
sym2int.pl: replacing MATLAB with 6
sym2int.pl: replacing MATLAB with 6
sym2int.pl: replacing B with 6
sym2int.pl: replacing N with 6
sym2int.pl: replacing MODELLING with 6
sym2int.pl: replacing W with 6
sym2int.pl: replacing W with 6
sym2int.pl: replacing ANALYSE with 6
sym2int.pl: replacing Y with 6
sym2int.pl: replacing BA with 6
sym2int.pl: replacing REALISE with 6
sym2int.pl: replacing RECOGNISE with 6
sym2int.pl: replacing IM with 6
sym2int.pl: replacing LOCALISATION with 6
sym2int.pl: replacing Y with 6
sym2int.pl: replacing MATLAB with 6
sym2int.pl: replacing INTERSPEECH with 6
sym2int.pl: not warning for OOVs any more times
** Replaced 704 instances of OOVs with 6
LOG (compile-train-graphs[5.4.105~1-4fda]:main():compile-train-graphs.cc:147) compile-train-graphs: succeeded for 4049 graphs, failed for 0
# Accounting: time=77 threads=1
# Ended (code 0) at Wed Oct 31 23:35:29 EDT 2018, elapsed time 77 seconds
