# compile-train-graphs --read-disambig-syms=data/lang_v1/phones/disambig.int exp2/tri2a/tree exp2/tri2a/1.mdl data/lang_v1/L.fst "ark:utils/sym2int.pl --map-oov 6 -f 2- data/lang_v1/words.txt < data/st_ihm_all/train/split30/13/text |" "ark:|gzip -c >exp2/tri2a/fsts.13.gz" 
# Started at Wed Oct 31 23:33:31 EDT 2018
#
compile-train-graphs --read-disambig-syms=data/lang_v1/phones/disambig.int exp2/tri2a/tree exp2/tri2a/1.mdl data/lang_v1/L.fst 'ark:utils/sym2int.pl --map-oov 6 -f 2- data/lang_v1/words.txt < data/st_ihm_all/train/split30/13/text |' 'ark:|gzip -c >exp2/tri2a/fsts.13.gz' 
sym2int.pl: replacing FLASHINESS with 6
sym2int.pl: replacing SUBCOMPONENT with 6
sym2int.pl: replacing 'BOUT with 6
sym2int.pl: replacing D with 6
sym2int.pl: replacing D with 6
sym2int.pl: replacing SWI with 6
sym2int.pl: replacing OVALS with 6
sym2int.pl: replacing R with 6
sym2int.pl: replacing V with 6
sym2int.pl: replacing POWERPOINTS with 6
sym2int.pl: replacing W with 6
sym2int.pl: replacing SH with 6
sym2int.pl: replacing Y with 6
sym2int.pl: replacing TIVO with 6
sym2int.pl: replacing BATTERY'S with 6
sym2int.pl: replacing PEOPLE'LL with 6
sym2int.pl: replacing W with 6
sym2int.pl: replacing DEMOG with 6
sym2int.pl: replacing GE with 6
sym2int.pl: replacing F with 6
sym2int.pl: not warning for OOVs any more times
** Replaced 471 instances of OOVs with 6
LOG (compile-train-graphs[5.4.105~1-4fda]:main():compile-train-graphs.cc:147) compile-train-graphs: succeeded for 4007 graphs, failed for 0
# Accounting: time=93 threads=1
# Ended (code 0) at Wed Oct 31 23:35:04 EDT 2018, elapsed time 93 seconds
