# compile-train-graphs --read-disambig-syms=data/lang_v1/phones/disambig.int exp2/tri2a/tree exp2/tri2a/1.mdl data/lang_v1/L.fst "ark:utils/sym2int.pl --map-oov 6 -f 2- data/lang_v1/words.txt < data/st_ihm_all/train/split30/12/text |" "ark:|gzip -c >exp2/tri2a/fsts.12.gz" 
# Started at Wed Oct 31 23:33:31 EDT 2018
#
compile-train-graphs --read-disambig-syms=data/lang_v1/phones/disambig.int exp2/tri2a/tree exp2/tri2a/1.mdl data/lang_v1/L.fst 'ark:utils/sym2int.pl --map-oov 6 -f 2- data/lang_v1/words.txt < data/st_ihm_all/train/split30/12/text |' 'ark:|gzip -c >exp2/tri2a/fsts.12.gz' 
sym2int.pl: replacing PUSHBUTTONS with 6
sym2int.pl: replacing PUSHBUTTONS with 6
sym2int.pl: replacing PUSHBUTTONS with 6
sym2int.pl: replacing PRESETS with 6
sym2int.pl: replacing RI with 6
sym2int.pl: replacing R with 6
sym2int.pl: replacing D with 6
sym2int.pl: replacing C with 6
sym2int.pl: replacing WHI with 6
sym2int.pl: replacing THA with 6
sym2int.pl: replacing D with 6
sym2int.pl: replacing B with 6
sym2int.pl: replacing Y with 6
sym2int.pl: replacing EDAS with 6
sym2int.pl: replacing NECESS with 6
sym2int.pl: replacing MATERIAL'S with 6
sym2int.pl: replacing F with 6
sym2int.pl: replacing C with 6
sym2int.pl: replacing SORTA with 6
sym2int.pl: replacing D with 6
sym2int.pl: not warning for OOVs any more times
** Replaced 374 instances of OOVs with 6
LOG (compile-train-graphs[5.4.105~1-4fda]:main():compile-train-graphs.cc:147) compile-train-graphs: succeeded for 4000 graphs, failed for 0
# Accounting: time=88 threads=1
# Ended (code 0) at Wed Oct 31 23:34:59 EDT 2018, elapsed time 88 seconds
