# compile-train-graphs --read-disambig-syms=data/lang_v1/phones/disambig.int exp2/tri2a/tree exp2/tri2a/1.mdl data/lang_v1/L.fst "ark:utils/sym2int.pl --map-oov 6 -f 2- data/lang_v1/words.txt < data/st_ihm_all/train/split30/10/text |" "ark:|gzip -c >exp2/tri2a/fsts.10.gz" 
# Started at Wed Oct 31 23:33:31 EDT 2018
#
compile-train-graphs --read-disambig-syms=data/lang_v1/phones/disambig.int exp2/tri2a/tree exp2/tri2a/1.mdl data/lang_v1/L.fst 'ark:utils/sym2int.pl --map-oov 6 -f 2- data/lang_v1/words.txt < data/st_ihm_all/train/split30/10/text |' 'ark:|gzip -c >exp2/tri2a/fsts.10.gz' 
sym2int.pl: replacing WI with 6
sym2int.pl: replacing D with 6
sym2int.pl: replacing ANYBO with 6
sym2int.pl: replacing D with 6
sym2int.pl: replacing BANA with 6
sym2int.pl: replacing WHITEBOARD with 6
sym2int.pl: replacing CH with 6
sym2int.pl: replacing AMPS with 6
sym2int.pl: replacing R with 6
sym2int.pl: replacing E with 6
sym2int.pl: replacing ELASTICY with 6
sym2int.pl: replacing MM' with 6
sym2int.pl: replacing UNIDENTIFIABLE with 6
sym2int.pl: replacing FIABLE with 6
sym2int.pl: replacing AXIALLY with 6
sym2int.pl: replacing SYMMETRIC with 6
sym2int.pl: replacing Y with 6
sym2int.pl: replacing N with 6
sym2int.pl: replacing C with 6
sym2int.pl: replacing MICS with 6
sym2int.pl: not warning for OOVs any more times
** Replaced 436 instances of OOVs with 6
LOG (compile-train-graphs[5.4.105~1-4fda]:main():compile-train-graphs.cc:147) compile-train-graphs: succeeded for 3993 graphs, failed for 0
# Accounting: time=78 threads=1
# Ended (code 0) at Wed Oct 31 23:34:49 EDT 2018, elapsed time 78 seconds
