# gmm-est --mix-up=74000 --power=0.25 --write-occs=exp2/tri2a/25.occs exp2/tri2a/24.mdl "gmm-sum-accs - exp2/tri2a/24.*.acc |" exp2/tri2a/25.mdl 
# Started at Thu Nov  1 00:05:34 EDT 2018
#
gmm-est --mix-up=74000 --power=0.25 --write-occs=exp2/tri2a/25.occs exp2/tri2a/24.mdl 'gmm-sum-accs - exp2/tri2a/24.*.acc |' exp2/tri2a/25.mdl 
gmm-sum-accs - exp2/tri2a/24.1.acc exp2/tri2a/24.10.acc exp2/tri2a/24.11.acc exp2/tri2a/24.12.acc exp2/tri2a/24.13.acc exp2/tri2a/24.14.acc exp2/tri2a/24.15.acc exp2/tri2a/24.16.acc exp2/tri2a/24.17.acc exp2/tri2a/24.18.acc exp2/tri2a/24.19.acc exp2/tri2a/24.2.acc exp2/tri2a/24.20.acc exp2/tri2a/24.21.acc exp2/tri2a/24.22.acc exp2/tri2a/24.23.acc exp2/tri2a/24.24.acc exp2/tri2a/24.25.acc exp2/tri2a/24.26.acc exp2/tri2a/24.27.acc exp2/tri2a/24.28.acc exp2/tri2a/24.29.acc exp2/tri2a/24.3.acc exp2/tri2a/24.30.acc exp2/tri2a/24.4.acc exp2/tri2a/24.5.acc exp2/tri2a/24.6.acc exp2/tri2a/24.7.acc exp2/tri2a/24.8.acc exp2/tri2a/24.9.acc 
LOG (gmm-sum-accs[5.4.105~1-4fda]:main():gmm-sum-accs.cc:63) Summed 30 stats, total count 3.19269e+07, avg like/frame -95.703
LOG (gmm-sum-accs[5.4.105~1-4fda]:main():gmm-sum-accs.cc:66) Total count of stats is 3.19269e+07
LOG (gmm-sum-accs[5.4.105~1-4fda]:main():gmm-sum-accs.cc:67) Written stats to -
LOG (gmm-est[5.4.105~1-4fda]:MleUpdate():transition-model.cc:517) TransitionModel::Update, objf change is -6.50807e-12 per frame over 3.19268e+07 frames. 
LOG (gmm-est[5.4.105~1-4fda]:MleUpdate():transition-model.cc:520) 127 probabilities floored, 6533 out of 13414 transition-states skipped due to insuffient data (it is normal to have some skipped.)
LOG (gmm-est[5.4.105~1-4fda]:main():gmm-est.cc:102) Transition model update: Overall -6.50807e-12 log-like improvement per frame over 3.19268e+07 frames.
WARNING (gmm-est[5.4.105~1-4fda]:MleDiagGmmUpdate():mle-diag-gmm.cc:365) Gaussian has too little data but not removing it because it is the last Gaussian: i = 0, occ = 0, weight = 1
WARNING (gmm-est[5.4.105~1-4fda]:MleDiagGmmUpdate():mle-diag-gmm.cc:365) Gaussian has too little data but not removing it because it is the last Gaussian: i = 0, occ = 0, weight = 1
LOG (gmm-est[5.4.105~1-4fda]:MleAmDiagGmmUpdate():mle-am-diag-gmm.cc:225) 0 variance elements floored in 0 Gaussians, out of 71000
LOG (gmm-est[5.4.105~1-4fda]:MleAmDiagGmmUpdate():mle-am-diag-gmm.cc:229) Removed 0 Gaussians due to counts < --min-gaussian-occupancy=10 and --remove-low-count-gaussians=true
LOG (gmm-est[5.4.105~1-4fda]:main():gmm-est.cc:113) GMM update: Overall 0.0269352 objective function improvement per frame over 3.19268e+07 frames
LOG (gmm-est[5.4.105~1-4fda]:main():gmm-est.cc:116) GMM update: Overall avg like per frame = -95.703 over 3.19269e+07 frames.
LOG (gmm-est[5.4.105~1-4fda]:SplitByCount():am-diag-gmm.cc:116) Split 3880 states with target = 74000, power = 0.25, perturb_factor = 0.01 and min_count = 20, split #Gauss from 71000 to 74000
LOG (gmm-est[5.4.105~1-4fda]:main():gmm-est.cc:146) Written model to exp2/tri2a/25.mdl
# Accounting: time=9 threads=1
# Ended (code 0) at Thu Nov  1 00:05:43 EDT 2018, elapsed time 9 seconds
