# gmm-est --mix-up=80000 --power=0.25 --write-occs=exp2/tri2a/27.occs exp2/tri2a/26.mdl "gmm-sum-accs - exp2/tri2a/26.*.acc |" exp2/tri2a/27.mdl 
# Started at Thu Nov  1 00:07:35 EDT 2018
#
gmm-est --mix-up=80000 --power=0.25 --write-occs=exp2/tri2a/27.occs exp2/tri2a/26.mdl 'gmm-sum-accs - exp2/tri2a/26.*.acc |' exp2/tri2a/27.mdl 
gmm-sum-accs - exp2/tri2a/26.1.acc exp2/tri2a/26.10.acc exp2/tri2a/26.11.acc exp2/tri2a/26.12.acc exp2/tri2a/26.13.acc exp2/tri2a/26.14.acc exp2/tri2a/26.15.acc exp2/tri2a/26.16.acc exp2/tri2a/26.17.acc exp2/tri2a/26.18.acc exp2/tri2a/26.19.acc exp2/tri2a/26.2.acc exp2/tri2a/26.20.acc exp2/tri2a/26.21.acc exp2/tri2a/26.22.acc exp2/tri2a/26.23.acc exp2/tri2a/26.24.acc exp2/tri2a/26.25.acc exp2/tri2a/26.26.acc exp2/tri2a/26.27.acc exp2/tri2a/26.28.acc exp2/tri2a/26.29.acc exp2/tri2a/26.3.acc exp2/tri2a/26.30.acc exp2/tri2a/26.4.acc exp2/tri2a/26.5.acc exp2/tri2a/26.6.acc exp2/tri2a/26.7.acc exp2/tri2a/26.8.acc exp2/tri2a/26.9.acc 
LOG (gmm-sum-accs[5.4.105~1-4fda]:main():gmm-sum-accs.cc:63) Summed 30 stats, total count 3.19269e+07, avg like/frame -95.6015
LOG (gmm-sum-accs[5.4.105~1-4fda]:main():gmm-sum-accs.cc:66) Total count of stats is 3.19269e+07
LOG (gmm-sum-accs[5.4.105~1-4fda]:main():gmm-sum-accs.cc:67) Written stats to -
LOG (gmm-est[5.4.105~1-4fda]:MleUpdate():transition-model.cc:517) TransitionModel::Update, objf change is -6.50807e-12 per frame over 3.19268e+07 frames. 
LOG (gmm-est[5.4.105~1-4fda]:MleUpdate():transition-model.cc:520) 127 probabilities floored, 6533 out of 13414 transition-states skipped due to insuffient data (it is normal to have some skipped.)
LOG (gmm-est[5.4.105~1-4fda]:main():gmm-est.cc:102) Transition model update: Overall -6.50807e-12 log-like improvement per frame over 3.19268e+07 frames.
WARNING (gmm-est[5.4.105~1-4fda]:MleDiagGmmUpdate():mle-diag-gmm.cc:365) Gaussian has too little data but not removing it because it is the last Gaussian: i = 0, occ = 0, weight = 1
WARNING (gmm-est[5.4.105~1-4fda]:MleDiagGmmUpdate():mle-diag-gmm.cc:365) Gaussian has too little data but not removing it because it is the last Gaussian: i = 0, occ = 0, weight = 1
LOG (gmm-est[5.4.105~1-4fda]:MleAmDiagGmmUpdate():mle-am-diag-gmm.cc:225) 0 variance elements floored in 0 Gaussians, out of 77000
LOG (gmm-est[5.4.105~1-4fda]:MleAmDiagGmmUpdate():mle-am-diag-gmm.cc:229) Removed 0 Gaussians due to counts < --min-gaussian-occupancy=10 and --remove-low-count-gaussians=true
LOG (gmm-est[5.4.105~1-4fda]:main():gmm-est.cc:113) GMM update: Overall 0.0253608 objective function improvement per frame over 3.19268e+07 frames
LOG (gmm-est[5.4.105~1-4fda]:main():gmm-est.cc:116) GMM update: Overall avg like per frame = -95.6015 over 3.19269e+07 frames.
LOG (gmm-est[5.4.105~1-4fda]:SplitByCount():am-diag-gmm.cc:116) Split 3880 states with target = 80000, power = 0.25, perturb_factor = 0.01 and min_count = 20, split #Gauss from 77000 to 80000
LOG (gmm-est[5.4.105~1-4fda]:main():gmm-est.cc:146) Written model to exp2/tri2a/27.mdl
# Accounting: time=9 threads=1
# Ended (code 0) at Thu Nov  1 00:07:44 EDT 2018, elapsed time 9 seconds
