# gmm-est --mix-up=35000 --power=0.25 --write-occs=exp2/tri2a/12.occs exp2/tri2a/11.mdl "gmm-sum-accs - exp2/tri2a/11.*.acc |" exp2/tri2a/12.mdl 
# Started at Wed Oct 31 23:47:54 EDT 2018
#
gmm-est --mix-up=35000 --power=0.25 --write-occs=exp2/tri2a/12.occs exp2/tri2a/11.mdl 'gmm-sum-accs - exp2/tri2a/11.*.acc |' exp2/tri2a/12.mdl 
gmm-sum-accs - exp2/tri2a/11.1.acc exp2/tri2a/11.10.acc exp2/tri2a/11.11.acc exp2/tri2a/11.12.acc exp2/tri2a/11.13.acc exp2/tri2a/11.14.acc exp2/tri2a/11.15.acc exp2/tri2a/11.16.acc exp2/tri2a/11.17.acc exp2/tri2a/11.18.acc exp2/tri2a/11.19.acc exp2/tri2a/11.2.acc exp2/tri2a/11.20.acc exp2/tri2a/11.21.acc exp2/tri2a/11.22.acc exp2/tri2a/11.23.acc exp2/tri2a/11.24.acc exp2/tri2a/11.25.acc exp2/tri2a/11.26.acc exp2/tri2a/11.27.acc exp2/tri2a/11.28.acc exp2/tri2a/11.29.acc exp2/tri2a/11.3.acc exp2/tri2a/11.30.acc exp2/tri2a/11.4.acc exp2/tri2a/11.5.acc exp2/tri2a/11.6.acc exp2/tri2a/11.7.acc exp2/tri2a/11.8.acc exp2/tri2a/11.9.acc 
LOG (gmm-sum-accs[5.4.105~1-4fda]:main():gmm-sum-accs.cc:63) Summed 30 stats, total count 3.1929e+07, avg like/frame -97.0015
LOG (gmm-sum-accs[5.4.105~1-4fda]:main():gmm-sum-accs.cc:66) Total count of stats is 3.1929e+07
LOG (gmm-sum-accs[5.4.105~1-4fda]:main():gmm-sum-accs.cc:67) Written stats to -
LOG (gmm-est[5.4.105~1-4fda]:MleUpdate():transition-model.cc:517) TransitionModel::Update, objf change is -9.66619e-12 per frame over 3.19291e+07 frames. 
LOG (gmm-est[5.4.105~1-4fda]:MleUpdate():transition-model.cc:520) 125 probabilities floored, 6526 out of 13414 transition-states skipped due to insuffient data (it is normal to have some skipped.)
LOG (gmm-est[5.4.105~1-4fda]:main():gmm-est.cc:102) Transition model update: Overall -9.66619e-12 log-like improvement per frame over 3.19291e+07 frames.
WARNING (gmm-est[5.4.105~1-4fda]:MleDiagGmmUpdate():mle-diag-gmm.cc:365) Gaussian has too little data but not removing it because it is the last Gaussian: i = 0, occ = 0, weight = 1
WARNING (gmm-est[5.4.105~1-4fda]:MleDiagGmmUpdate():mle-diag-gmm.cc:365) Gaussian has too little data but not removing it because it is the last Gaussian: i = 0, occ = 0, weight = 1
LOG (gmm-est[5.4.105~1-4fda]:MleAmDiagGmmUpdate():mle-am-diag-gmm.cc:225) 0 variance elements floored in 0 Gaussians, out of 32000
LOG (gmm-est[5.4.105~1-4fda]:MleAmDiagGmmUpdate():mle-am-diag-gmm.cc:229) Removed 0 Gaussians due to counts < --min-gaussian-occupancy=10 and --remove-low-count-gaussians=true
LOG (gmm-est[5.4.105~1-4fda]:main():gmm-est.cc:113) GMM update: Overall 0.0781792 objective function improvement per frame over 3.1929e+07 frames
LOG (gmm-est[5.4.105~1-4fda]:main():gmm-est.cc:116) GMM update: Overall avg like per frame = -97.0015 over 3.1929e+07 frames.
LOG (gmm-est[5.4.105~1-4fda]:SplitByCount():am-diag-gmm.cc:116) Split 3880 states with target = 35000, power = 0.25, perturb_factor = 0.01 and min_count = 20, split #Gauss from 32000 to 35000
LOG (gmm-est[5.4.105~1-4fda]:main():gmm-est.cc:146) Written model to exp2/tri2a/12.mdl
# Accounting: time=5 threads=1
# Ended (code 0) at Wed Oct 31 23:47:59 EDT 2018, elapsed time 5 seconds
