# gmm-est --mix-up=65000 --power=0.25 --write-occs=exp2/tri2a/22.occs exp2/tri2a/21.mdl "gmm-sum-accs - exp2/tri2a/21.*.acc |" exp2/tri2a/22.mdl 
# Started at Thu Nov  1 00:02:46 EDT 2018
#
gmm-est --mix-up=65000 --power=0.25 --write-occs=exp2/tri2a/22.occs exp2/tri2a/21.mdl 'gmm-sum-accs - exp2/tri2a/21.*.acc |' exp2/tri2a/22.mdl 
gmm-sum-accs - exp2/tri2a/21.1.acc exp2/tri2a/21.10.acc exp2/tri2a/21.11.acc exp2/tri2a/21.12.acc exp2/tri2a/21.13.acc exp2/tri2a/21.14.acc exp2/tri2a/21.15.acc exp2/tri2a/21.16.acc exp2/tri2a/21.17.acc exp2/tri2a/21.18.acc exp2/tri2a/21.19.acc exp2/tri2a/21.2.acc exp2/tri2a/21.20.acc exp2/tri2a/21.21.acc exp2/tri2a/21.22.acc exp2/tri2a/21.23.acc exp2/tri2a/21.24.acc exp2/tri2a/21.25.acc exp2/tri2a/21.26.acc exp2/tri2a/21.27.acc exp2/tri2a/21.28.acc exp2/tri2a/21.29.acc exp2/tri2a/21.3.acc exp2/tri2a/21.30.acc exp2/tri2a/21.4.acc exp2/tri2a/21.5.acc exp2/tri2a/21.6.acc exp2/tri2a/21.7.acc exp2/tri2a/21.8.acc exp2/tri2a/21.9.acc 
LOG (gmm-sum-accs[5.4.105~1-4fda]:main():gmm-sum-accs.cc:63) Summed 30 stats, total count 3.19269e+07, avg like/frame -95.8754
LOG (gmm-sum-accs[5.4.105~1-4fda]:main():gmm-sum-accs.cc:66) Total count of stats is 3.19269e+07
LOG (gmm-sum-accs[5.4.105~1-4fda]:main():gmm-sum-accs.cc:67) Written stats to -
LOG (gmm-est[5.4.105~1-4fda]:MleUpdate():transition-model.cc:517) TransitionModel::Update, objf change is -6.50807e-12 per frame over 3.19268e+07 frames. 
LOG (gmm-est[5.4.105~1-4fda]:MleUpdate():transition-model.cc:520) 127 probabilities floored, 6533 out of 13414 transition-states skipped due to insuffient data (it is normal to have some skipped.)
LOG (gmm-est[5.4.105~1-4fda]:main():gmm-est.cc:102) Transition model update: Overall -6.50807e-12 log-like improvement per frame over 3.19268e+07 frames.
WARNING (gmm-est[5.4.105~1-4fda]:MleDiagGmmUpdate():mle-diag-gmm.cc:365) Gaussian has too little data but not removing it because it is the last Gaussian: i = 0, occ = 0, weight = 1
WARNING (gmm-est[5.4.105~1-4fda]:MleDiagGmmUpdate():mle-diag-gmm.cc:365) Gaussian has too little data but not removing it because it is the last Gaussian: i = 0, occ = 0, weight = 1
LOG (gmm-est[5.4.105~1-4fda]:MleAmDiagGmmUpdate():mle-am-diag-gmm.cc:225) 0 variance elements floored in 0 Gaussians, out of 62000
LOG (gmm-est[5.4.105~1-4fda]:MleAmDiagGmmUpdate():mle-am-diag-gmm.cc:229) Removed 0 Gaussians due to counts < --min-gaussian-occupancy=10 and --remove-low-count-gaussians=true
LOG (gmm-est[5.4.105~1-4fda]:main():gmm-est.cc:113) GMM update: Overall 0.0339363 objective function improvement per frame over 3.19268e+07 frames
LOG (gmm-est[5.4.105~1-4fda]:main():gmm-est.cc:116) GMM update: Overall avg like per frame = -95.8754 over 3.19269e+07 frames.
LOG (gmm-est[5.4.105~1-4fda]:SplitByCount():am-diag-gmm.cc:116) Split 3880 states with target = 65000, power = 0.25, perturb_factor = 0.01 and min_count = 20, split #Gauss from 62000 to 65000
LOG (gmm-est[5.4.105~1-4fda]:main():gmm-est.cc:146) Written model to exp2/tri2a/22.mdl
# Accounting: time=8 threads=1
# Ended (code 0) at Thu Nov  1 00:02:54 EDT 2018, elapsed time 8 seconds
