# gmm-est --mix-up=11000 --power=0.25 --write-occs=exp2/tri2a/4.occs exp2/tri2a/3.mdl "gmm-sum-accs - exp2/tri2a/3.*.acc |" exp2/tri2a/4.mdl 
# Started at Wed Oct 31 23:37:22 EDT 2018
#
gmm-est --mix-up=11000 --power=0.25 --write-occs=exp2/tri2a/4.occs exp2/tri2a/3.mdl 'gmm-sum-accs - exp2/tri2a/3.*.acc |' exp2/tri2a/4.mdl 
gmm-sum-accs - exp2/tri2a/3.1.acc exp2/tri2a/3.10.acc exp2/tri2a/3.11.acc exp2/tri2a/3.12.acc exp2/tri2a/3.13.acc exp2/tri2a/3.14.acc exp2/tri2a/3.15.acc exp2/tri2a/3.16.acc exp2/tri2a/3.17.acc exp2/tri2a/3.18.acc exp2/tri2a/3.19.acc exp2/tri2a/3.2.acc exp2/tri2a/3.20.acc exp2/tri2a/3.21.acc exp2/tri2a/3.22.acc exp2/tri2a/3.23.acc exp2/tri2a/3.24.acc exp2/tri2a/3.25.acc exp2/tri2a/3.26.acc exp2/tri2a/3.27.acc exp2/tri2a/3.28.acc exp2/tri2a/3.29.acc exp2/tri2a/3.3.acc exp2/tri2a/3.30.acc exp2/tri2a/3.4.acc exp2/tri2a/3.5.acc exp2/tri2a/3.6.acc exp2/tri2a/3.7.acc exp2/tri2a/3.8.acc exp2/tri2a/3.9.acc 
LOG (gmm-sum-accs[5.4.105~1-4fda]:main():gmm-sum-accs.cc:63) Summed 30 stats, total count 3.19334e+07, avg like/frame -100.404
LOG (gmm-sum-accs[5.4.105~1-4fda]:main():gmm-sum-accs.cc:66) Total count of stats is 3.19334e+07
LOG (gmm-sum-accs[5.4.105~1-4fda]:main():gmm-sum-accs.cc:67) Written stats to -
LOG (gmm-est[5.4.105~1-4fda]:MleUpdate():transition-model.cc:517) TransitionModel::Update, objf change is 5.93556e-12 per frame over 3.19334e+07 frames. 
LOG (gmm-est[5.4.105~1-4fda]:MleUpdate():transition-model.cc:520) 100 probabilities floored, 6514 out of 13414 transition-states skipped due to insuffient data (it is normal to have some skipped.)
LOG (gmm-est[5.4.105~1-4fda]:main():gmm-est.cc:102) Transition model update: Overall 5.93556e-12 log-like improvement per frame over 3.19334e+07 frames.
WARNING (gmm-est[5.4.105~1-4fda]:MleDiagGmmUpdate():mle-diag-gmm.cc:365) Gaussian has too little data but not removing it because it is the last Gaussian: i = 0, occ = 0, weight = 1
WARNING (gmm-est[5.4.105~1-4fda]:MleDiagGmmUpdate():mle-diag-gmm.cc:365) Gaussian has too little data but not removing it because it is the last Gaussian: i = 0, occ = 0, weight = 1
LOG (gmm-est[5.4.105~1-4fda]:MleAmDiagGmmUpdate():mle-am-diag-gmm.cc:225) 0 variance elements floored in 0 Gaussians, out of 8000
LOG (gmm-est[5.4.105~1-4fda]:MleAmDiagGmmUpdate():mle-am-diag-gmm.cc:229) Removed 0 Gaussians due to counts < --min-gaussian-occupancy=10 and --remove-low-count-gaussians=true
LOG (gmm-est[5.4.105~1-4fda]:main():gmm-est.cc:113) GMM update: Overall 0.364811 objective function improvement per frame over 3.19334e+07 frames
LOG (gmm-est[5.4.105~1-4fda]:main():gmm-est.cc:116) GMM update: Overall avg like per frame = -100.404 over 3.19334e+07 frames.
LOG (gmm-est[5.4.105~1-4fda]:SplitByCount():am-diag-gmm.cc:116) Split 3880 states with target = 11000, power = 0.25, perturb_factor = 0.01 and min_count = 20, split #Gauss from 8000 to 11000
LOG (gmm-est[5.4.105~1-4fda]:main():gmm-est.cc:146) Written model to exp2/tri2a/4.mdl
# Accounting: time=3 threads=1
# Ended (code 0) at Wed Oct 31 23:37:25 EDT 2018, elapsed time 3 seconds
