step: 0
                        Step 0 : train language model                                    
PPL for SharedTask LM:
file data/local/lm_st2.o3g/dev.gz: 12914 sentences, 67388 words, 0 OOVs
0 zeroprobs, logprob= -53543.31 ppl= 4.64274 ppl1= 6.230927
OOV code is 13
OOV code is 13
pruning LM with thresholds: 
 1e-07 1e-07
DEBUG_LEVEL:0/1 Everything OK
Converting 'data/local/lm_st2.o3g/st2.o3g.kn.pr1-7.gz' to FST
arpa2fst --disambig-symbol=#0 --read-symbol-table=data/lang_st2.o3g.kn.pr1-7/words.txt - data/lang_st2.o3g.kn.pr1-7/G.fst 
LOG (arpa2fst[5.4.105~1-4fda]:Read():arpa-file-parser.cc:94) Reading \data\ section.
LOG (arpa2fst[5.4.105~1-4fda]:Read():arpa-file-parser.cc:149) Reading \1-grams: section.
WARNING (arpa2fst[5.4.105~1-4fda]:Read():arpa-file-parser.cc:219) line 14 [-4.09668	*noise	-0.147524] skipped: word '*noise' not in symbol table
WARNING (arpa2fst[5.4.105~1-4fda]:Read():arpa-file-parser.cc:219) line 15 [-4.09668	*silence	-0.147524] skipped: word '*silence' not in symbol table
WARNING (arpa2fst[5.4.105~1-4fda]:Read():arpa-file-parser.cc:219) line 16 [-4.09668	*silent	-0.147524] skipped: word '*silent' not in symbol table
WARNING (arpa2fst[5.4.105~1-4fda]:Read():arpa-file-parser.cc:219) line 17 [-2.65937	-xxx	-0.854027] skipped: word '-xxx' not in symbol table
WARNING (arpa2fst[5.4.105~1-4fda]:Read():arpa-file-parser.cc:219) line 18 [-3.1894	-xxx-	-0.147524] skipped: word '-xxx-' not in symbol table
WARNING (arpa2fst[5.4.105~1-4fda]:Read():arpa-file-parser.cc:219) line 20 [-5.25214	<UNK>] skipped: word '<UNK>' not in symbol table
WARNING (arpa2fst[5.4.105~1-4fda]:Read():arpa-file-parser.cc:219) line 23 [-4.09668	?a	-0.147524] skipped: word '?a' not in symbol table
WARNING (arpa2fst[5.4.105~1-4fda]:Read():arpa-file-parser.cc:219) line 33023 [-4.09668	Postkarte*v	-0.147524] skipped: word 'Postkarte*v' not in symbol table
WARNING (arpa2fst[5.4.105~1-4fda]:Read():arpa-file-parser.cc:219) line 46999 [-1.82587	a	-0.323155] skipped: word 'a' not in symbol table
WARNING (arpa2fst[5.4.105~1-4fda]:Read():arpa-file-parser.cc:219) line 47000 [-3.74497	a*a	-0.147524] skipped: word 'a*a' not in symbol table
WARNING (arpa2fst[5.4.105~1-4fda]:Read():arpa-file-parser.cc:219) line 47001 [-4.09668	abi*v	-0.147524] skipped: word 'abi*v' not in symbol table
WARNING (arpa2fst[5.4.105~1-4fda]:Read():arpa-file-parser.cc:219) line 47002 [-4.09668	able	-0.147524] skipped: word 'able' not in symbol table
WARNING (arpa2fst[5.4.105~1-4fda]:Read():arpa-file-parser.cc:219) line 47003 [-4.09668	about	-0.147524] skipped: word 'about' not in symbol table
WARNING (arpa2fst[5.4.105~1-4fda]:Read():arpa-file-parser.cc:219) line 47004 [-4.09668	acceptable	-0.147524] skipped: word 'acceptable' not in symbol table
WARNING (arpa2fst[5.4.105~1-4fda]:Read():arpa-file-parser.cc:219) line 47005 [-4.09668	across	-0.147524] skipped: word 'across' not in symbol table
WARNING (arpa2fst[5.4.105~1-4fda]:Read():arpa-file-parser.cc:219) line 47006 [-4.09668	af*a	-0.147524] skipped: word 'af*a' not in symbol table
WARNING (arpa2fst[5.4.105~1-4fda]:Read():arpa-file-parser.cc:219) line 47007 [-3.58428	africa	-0.217204] skipped: word 'africa' not in symbol table
WARNING (arpa2fst[5.4.105~1-4fda]:Read():arpa-file-parser.cc:219) line 47008 [-4.09668	africa*z	-0.147524] skipped: word 'africa*z' not in symbol table
WARNING (arpa2fst[5.4.105~1-4fda]:Read():arpa-file-parser.cc:219) line 47009 [-2.74356	afternoon	-0.47706] skipped: word 'afternoon' not in symbol table
WARNING (arpa2fst[5.4.105~1-4fda]:Read():arpa-file-parser.cc:219) line 47010 [-4.09668	again	-0.147524] skipped: word 'again' not in symbol table
WARNING (arpa2fst[5.4.105~1-4fda]:Read():arpa-file-parser.cc:219) line 47011 [-2.62269	ah	-0.158614] skipped: word 'ah' not in symbol table
WARNING (arpa2fst[5.4.105~1-4fda]:Read():arpa-file-parser.cc:219) line 47012 [-4.09668	allemagne*v	-0.147524] skipped: word 'allemagne*v' not in symbol table
WARNING (arpa2fst[5.4.105~1-4fda]:Read():arpa-file-parser.cc:219) line 47013 [-3.74497	alone	-0.266433] skipped: word 'alone' not in symbol table
WARNING (arpa2fst[5.4.105~1-4fda]:Read():arpa-file-parser.cc:219) line 47014 [-3.58428	also	-0.147524] skipped: word 'also' not in symbol table
WARNING (arpa2fst[5.4.105~1-4fda]:Read():arpa-file-parser.cc:219) line 47015 [-4.09668	also*z	-0.147524] skipped: word 'also*z' not in symbol table
WARNING (arpa2fst[5.4.105~1-4fda]:Read():arpa-file-parser.cc:219) line 47016 [-3.34343	am	-0.155018] skipped: word 'am' not in symbol table
WARNING (arpa2fst[5.4.105~1-4fda]:Read():arpa-file-parser.cc:219) line 47017 [-4.09668	am*v	-0.147524] skipped: word 'am*v' not in symbol table
WARNING (arpa2fst[5.4.105~1-4fda]:Read():arpa-file-parser.cc:219) line 47018 [-4.09668	am*z	-0.147524] skipped: word 'am*z' not in symbol table
WARNING (arpa2fst[5.4.105~1-4fda]:Read():arpa-file-parser.cc:219) line 47019 [-4.09668	america	-0.147524] skipped: word 'america' not in symbol table
WARNING (arpa2fst[5.4.105~1-4fda]:Read():arpa-file-parser.cc:219) line 47020 [-2.98605	an	-0.180833] skipped: word 'an' not in symbol table
LOG (arpa2fst[5.4.105~1-4fda]:Read():arpa-file-parser.cc:149) Reading \2-grams: section.
LOG (arpa2fst[5.4.105~1-4fda]:Read():arpa-file-parser.cc:149) Reading \3-grams: section.
WARNING (arpa2fst[5.4.105~1-4fda]:Read():arpa-file-parser.cc:259) Of 10195 parse warnings, 30 were reported. Run program with --max_warnings=-1 to see all warnings
LOG (arpa2fst[5.4.105~1-4fda]:RemoveRedundantStates():arpa-lm-compiler.cc:359) Reduced num-states from 46983 to 2
fstisstochastic data/lang_st2.o3g.kn.pr1-7/G.fst 
3.75137 0.890854
Succeeded in formatting LM: 'data/local/lm_st2.o3g/st2.o3g.kn.pr1-7.gz'
