step: 0
                        Step 0 : train language model                                    
PPL for SharedTask LM:
file data/local/lm_st6.o3g/dev.gz: 12856 sentences, 67188 words, 0 OOVs
0 zeroprobs, logprob= -50912.02 ppl= 4.32564 ppl1= 5.724725
OOV code is 11
OOV code is 11
pruning LM with thresholds: 
 1e-07 1e-07
DEBUG_LEVEL:0/1 Everything OK
Converting 'data/local/lm_st6.o3g/st6.o3g.kn.pr1-7.gz' to FST
arpa2fst --disambig-symbol=#0 --read-symbol-table=data/lang_st6.o3g.kn.pr1-7/words.txt - data/lang_st6.o3g.kn.pr1-7/G.fst 
LOG (arpa2fst[5.4.105~1-4fda]:Read():arpa-file-parser.cc:94) Reading \data\ section.
LOG (arpa2fst[5.4.105~1-4fda]:Read():arpa-file-parser.cc:149) Reading \1-grams: section.
WARNING (arpa2fst[5.4.105~1-4fda]:Read():arpa-file-parser.cc:219) line 14 [-4.0256	*	-0.15292] skipped: word '*' not in symbol table
WARNING (arpa2fst[5.4.105~1-4fda]:Read():arpa-file-parser.cc:219) line 15 [-4.0256	*NOISE	-0.15292] skipped: word '*NOISE' not in symbol table
WARNING (arpa2fst[5.4.105~1-4fda]:Read():arpa-file-parser.cc:219) line 16 [-4.0256	*SILENT	-0.15292] skipped: word '*SILENT' not in symbol table
WARNING (arpa2fst[5.4.105~1-4fda]:Read():arpa-file-parser.cc:219) line 18 [-5.25447	<UNK>] skipped: word '<UNK>' not in symbol table
WARNING (arpa2fst[5.4.105~1-4fda]:Read():arpa-file-parser.cc:219) line 21 [-4.0256	?A	-0.15292] skipped: word '?A' not in symbol table
WARNING (arpa2fst[5.4.105~1-4fda]:Read():arpa-file-parser.cc:219) line 91 [-4.0256	ABI	-0.15292] skipped: word 'ABI' not in symbol table
WARNING (arpa2fst[5.4.105~1-4fda]:Read():arpa-file-parser.cc:219) line 736 [-4.0256	AF	-0.15292] skipped: word 'AF' not in symbol table
WARNING (arpa2fst[5.4.105~1-4fda]:Read():arpa-file-parser.cc:219) line 1164 [-4.0256	ALLEMAGNE	-0.15292] skipped: word 'ALLEMAGNE' not in symbol table
WARNING (arpa2fst[5.4.105~1-4fda]:Read():arpa-file-parser.cc:219) line 2015 [-4.0256	AR	-0.15292] skipped: word 'AR' not in symbol table
WARNING (arpa2fst[5.4.105~1-4fda]:Read():arpa-file-parser.cc:219) line 2230 [-4.0256	ARS	-0.15292] skipped: word 'ARS' not in symbol table
WARNING (arpa2fst[5.4.105~1-4fda]:Read():arpa-file-parser.cc:219) line 2231 [-4.0256	ARSCHLOCH	-0.15292] skipped: word 'ARSCHLOCH' not in symbol table
WARNING (arpa2fst[5.4.105~1-4fda]:Read():arpa-file-parser.cc:219) line 2296 [-4.0256	ASCENSEUR	-0.15292] skipped: word 'ASCENSEUR' not in symbol table
WARNING (arpa2fst[5.4.105~1-4fda]:Read():arpa-file-parser.cc:219) line 2632 [-4.0256	AUBER	-0.15292] skipped: word 'AUBER' not in symbol table
WARNING (arpa2fst[5.4.105~1-4fda]:Read():arpa-file-parser.cc:219) line 2633 [-4.0256	AUBERGINE	-0.15292] skipped: word 'AUBERGINE' not in symbol table
WARNING (arpa2fst[5.4.105~1-4fda]:Read():arpa-file-parser.cc:219) line 2634 [-4.0256	AUBERGINEN	-0.15292] skipped: word 'AUBERGINEN' not in symbol table
WARNING (arpa2fst[5.4.105~1-4fda]:Read():arpa-file-parser.cc:219) line 2635 [-3.54424	AUBERGINES	-0.264882] skipped: word 'AUBERGINES' not in symbol table
WARNING (arpa2fst[5.4.105~1-4fda]:Read():arpa-file-parser.cc:219) line 2693 [-3.61671	AUS	-0.15292] skipped: word 'AUS' not in symbol table
WARNING (arpa2fst[5.4.105~1-4fda]:Read():arpa-file-parser.cc:219) line 2698 [-4.0256	AUSTE	-0.15292] skipped: word 'AUSTE' not in symbol table
WARNING (arpa2fst[5.4.105~1-4fda]:Read():arpa-file-parser.cc:219) line 2709 [-4.0256	AUSTRALIEN	-0.15292] skipped: word 'AUSTRALIEN' not in symbol table
WARNING (arpa2fst[5.4.105~1-4fda]:Read():arpa-file-parser.cc:219) line 2714 [-4.0256	AUSTRISH	-0.15292] skipped: word 'AUSTRISH' not in symbol table
WARNING (arpa2fst[5.4.105~1-4fda]:Read():arpa-file-parser.cc:219) line 2752 [-4.0256	AUTOMAT	-0.15292] skipped: word 'AUTOMAT' not in symbol table
WARNING (arpa2fst[5.4.105~1-4fda]:Read():arpa-file-parser.cc:219) line 2890 [-4.0256	B	-0.15292] skipped: word 'B' not in symbol table
WARNING (arpa2fst[5.4.105~1-4fda]:Read():arpa-file-parser.cc:219) line 2894 [-3.61671	BA	-0.15292] skipped: word 'BA' not in symbol table
WARNING (arpa2fst[5.4.105~1-4fda]:Read():arpa-file-parser.cc:219) line 3664 [-4.0256	BEH	-0.15292] skipped: word 'BEH' not in symbol table
WARNING (arpa2fst[5.4.105~1-4fda]:Read():arpa-file-parser.cc:219) line 3895 [-4.0256	BESSERIG	-0.15292] skipped: word 'BESSERIG' not in symbol table
WARNING (arpa2fst[5.4.105~1-4fda]:Read():arpa-file-parser.cc:219) line 3899 [-4.0256	BESTELLT	-0.15292] skipped: word 'BESTELLT' not in symbol table
WARNING (arpa2fst[5.4.105~1-4fda]:Read():arpa-file-parser.cc:219) line 3957 [-3.54424	BEZAHLEN	-0.219556] skipped: word 'BEZAHLEN' not in symbol table
WARNING (arpa2fst[5.4.105~1-4fda]:Read():arpa-file-parser.cc:219) line 4043 [-4.0256	BILLIG	-0.15292] skipped: word 'BILLIG' not in symbol table
WARNING (arpa2fst[5.4.105~1-4fda]:Read():arpa-file-parser.cc:219) line 4138 [-4.0256	BISCH	-0.15292] skipped: word 'BISCH' not in symbol table
WARNING (arpa2fst[5.4.105~1-4fda]:Read():arpa-file-parser.cc:219) line 4173 [-3.61671	BLA	-0.219556] skipped: word 'BLA' not in symbol table
LOG (arpa2fst[5.4.105~1-4fda]:Read():arpa-file-parser.cc:149) Reading \2-grams: section.
LOG (arpa2fst[5.4.105~1-4fda]:Read():arpa-file-parser.cc:149) Reading \3-grams: section.
WARNING (arpa2fst[5.4.105~1-4fda]:Read():arpa-file-parser.cc:259) Of 1252 parse warnings, 30 were reported. Run program with --max_warnings=-1 to see all warnings
LOG (arpa2fst[5.4.105~1-4fda]:RemoveRedundantStates():arpa-lm-compiler.cc:359) Reduced num-states from 50125 to 2357
fstisstochastic data/lang_st6.o3g.kn.pr1-7/G.fst 
0.849028 -0.459037
Succeeded in formatting LM: 'data/local/lm_st6.o3g/st6.o3g.kn.pr1-7.gz'
