step: 0
                        Step 0 : train language model                                    
PPL for SharedTask LM:
file data/local/lm_st7.o3g/dev.gz: 12856 sentences, 67188 words, 0 OOVs
0 zeroprobs, logprob= -50912.02 ppl= 4.32564 ppl1= 5.724725
OOV code is 11
OOV code is 11
pruning LM with thresholds: 
 1e-07 1e-07
DEBUG_LEVEL:0/1 Everything OK
Converting 'data/local/lm_st7.o3g/st7.o3g.kn.pr1-7.gz' to FST
arpa2fst --disambig-symbol=#0 --read-symbol-table=data/lang_st7.o3g.kn.pr1-7/words.txt - data/lang_st7.o3g.kn.pr1-7/G.fst 
LOG (arpa2fst[5.4.105~1-4fda]:Read():arpa-file-parser.cc:94) Reading \data\ section.
LOG (arpa2fst[5.4.105~1-4fda]:Read():arpa-file-parser.cc:149) Reading \1-grams: section.
WARNING (arpa2fst[5.4.105~1-4fda]:Read():arpa-file-parser.cc:219) line 14 [-4.0256	*	-0.15292] skipped: word '*' not in symbol table
WARNING (arpa2fst[5.4.105~1-4fda]:Read():arpa-file-parser.cc:219) line 15 [-4.0256	*NOISE	-0.15292] skipped: word '*NOISE' not in symbol table
WARNING (arpa2fst[5.4.105~1-4fda]:Read():arpa-file-parser.cc:219) line 16 [-4.0256	*SILENT	-0.15292] skipped: word '*SILENT' not in symbol table
WARNING (arpa2fst[5.4.105~1-4fda]:Read():arpa-file-parser.cc:219) line 18 [-5.25447	<UNK>] skipped: word '<UNK>' not in symbol table
WARNING (arpa2fst[5.4.105~1-4fda]:Read():arpa-file-parser.cc:219) line 21 [-4.0256	?A	-0.15292] skipped: word '?A' not in symbol table
WARNING (arpa2fst[5.4.105~1-4fda]:Read():arpa-file-parser.cc:219) line 91 [-4.0256	ABI	-0.15292] skipped: word 'ABI' not in symbol table
WARNING (arpa2fst[5.4.105~1-4fda]:Read():arpa-file-parser.cc:219) line 736 [-4.0256	AF	-0.15292] skipped: word 'AF' not in symbol table
WARNING (arpa2fst[5.4.105~1-4fda]:Read():arpa-file-parser.cc:219) line 1164 [-4.0256	ALLEMAGNE	-0.15292] skipped: word 'ALLEMAGNE' not in symbol table
WARNING (arpa2fst[5.4.105~1-4fda]:Read():arpa-file-parser.cc:219) line 2015 [-4.0256	AR	-0.15292] skipped: word 'AR' not in symbol table
WARNING (arpa2fst[5.4.105~1-4fda]:Read():arpa-file-parser.cc:219) line 2230 [-4.0256	ARS	-0.15292] skipped: word 'ARS' not in symbol table
WARNING (arpa2fst[5.4.105~1-4fda]:Read():arpa-file-parser.cc:219) line 2231 [-4.0256	ARSCHLOCH	-0.15292] skipped: word 'ARSCHLOCH' not in symbol table
WARNING (arpa2fst[5.4.105~1-4fda]:Read():arpa-file-parser.cc:219) line 2296 [-4.0256	ASCENSEUR	-0.15292] skipped: word 'ASCENSEUR' not in symbol table
WARNING (arpa2fst[5.4.105~1-4fda]:Read():arpa-file-parser.cc:219) line 2632 [-4.0256	AUBER	-0.15292] skipped: word 'AUBER' not in symbol table
WARNING (arpa2fst[5.4.105~1-4fda]:Read():arpa-file-parser.cc:219) line 2633 [-4.0256	AUBERGINE	-0.15292] skipped: word 'AUBERGINE' not in symbol table
WARNING (arpa2fst[5.4.105~1-4fda]:Read():arpa-file-parser.cc:219) line 2634 [-4.0256	AUBERGINEN	-0.15292] skipped: word 'AUBERGINEN' not in symbol table
WARNING (arpa2fst[5.4.105~1-4fda]:Read():arpa-file-parser.cc:219) line 2635 [-3.54424	AUBERGINES	-0.264882] skipped: word 'AUBERGINES' not in symbol table
WARNING (arpa2fst[5.4.105~1-4fda]:Read():arpa-file-parser.cc:219) line 2693 [-3.61671	AUS	-0.15292] skipped: word 'AUS' not in symbol table
WARNING (arpa2fst[5.4.105~1-4fda]:Read():arpa-file-parser.cc:219) line 2698 [-4.0256	AUSTE	-0.15292] skipped: word 'AUSTE' not in symbol table
WARNING (arpa2fst[5.4.105~1-4fda]:Read():arpa-file-parser.cc:219) line 2709 [-4.0256	AUSTRALIEN	-0.15292] skipped: word 'AUSTRALIEN' not in symbol table
WARNING (arpa2fst[5.4.105~1-4fda]:Read():arpa-file-parser.cc:219) line 2714 [-4.0256	AUSTRISH	-0.15292] skipped: word 'AUSTRISH' not in symbol table
WARNING (arpa2fst[5.4.105~1-4fda]:Read():arpa-file-parser.cc:219) line 2752 [-4.0256	AUTOMAT	-0.15292] skipped: word 'AUTOMAT' not in symbol table
WARNING (arpa2fst[5.4.105~1-4fda]:Read():arpa-file-parser.cc:219) line 2890 [-4.0256	B	-0.15292] skipped: word 'B' not in symbol table
WARNING (arpa2fst[5.4.105~1-4fda]:Read():arpa-file-parser.cc:219) line 2894 [-3.61671	BA	-0.15292] skipped: word 'BA' not in symbol table
WARNING (arpa2fst[5.4.105~1-4fda]:Read():arpa-file-parser.cc:219) line 3664 [-4.0256	BEH	-0.15292] skipped: word 'BEH' not in symbol table
WARNING (arpa2fst[5.4.105~1-4fda]:Read():arpa-file-parser.cc:219) line 3895 [-4.0256	BESSERIG	-0.15292] skipped: word 'BESSERIG' not in symbol table
WARNING (arpa2fst[5.4.105~1-4fda]:Read():arpa-file-parser.cc:219) line 3899 [-4.0256	BESTELLT	-0.15292] skipped: word 'BESTELLT' not in symbol table
WARNING (arpa2fst[5.4.105~1-4fda]:Read():arpa-file-parser.cc:219) line 3957 [-3.54424	BEZAHLEN	-0.219556] skipped: word 'BEZAHLEN' not in symbol table
WARNING (arpa2fst[5.4.105~1-4fda]:Read():arpa-file-parser.cc:219) line 4043 [-4.0256	BILLIG	-0.15292] skipped: word 'BILLIG' not in symbol table
WARNING (arpa2fst[5.4.105~1-4fda]:Read():arpa-file-parser.cc:219) line 4138 [-4.0256	BISCH	-0.15292] skipped: word 'BISCH' not in symbol table
WARNING (arpa2fst[5.4.105~1-4fda]:Read():arpa-file-parser.cc:219) line 4173 [-3.61671	BLA	-0.219556] skipped: word 'BLA' not in symbol table
LOG (arpa2fst[5.4.105~1-4fda]:Read():arpa-file-parser.cc:149) Reading \2-grams: section.
LOG (arpa2fst[5.4.105~1-4fda]:Read():arpa-file-parser.cc:149) Reading \3-grams: section.
WARNING (arpa2fst[5.4.105~1-4fda]:Read():arpa-file-parser.cc:259) Of 1252 parse warnings, 30 were reported. Run program with --max_warnings=-1 to see all warnings
LOG (arpa2fst[5.4.105~1-4fda]:RemoveRedundantStates():arpa-lm-compiler.cc:359) Reduced num-states from 50125 to 2357
fstisstochastic data/lang_st7.o3g.kn.pr1-7/G.fst 
0.849028 -0.459037
Succeeded in formatting LM: 'data/local/lm_st7.o3g/st7.o3g.kn.pr1-7.gz'
                        Step 1 : prepare data and extract features                       
Extract feature for training data
steps/make_mfcc.sh --nj 30 --cmd run.pl --mem 20G data/st_ihm_all/train data/st_ihm_all/train/log data/st_ihm_all/train/data
steps/make_mfcc.sh: moving data/st_ihm_all/train/feats.scp to data/st_ihm_all/train/.backup
steps/make_mfcc.sh [info]: segments file exists: using that.
run.pl: 1 / 30 failed, log is in data/st_ihm_all/train/log/make_mfcc_train.*.log
steps/compute_cmvn_stats.sh data/st_ihm_all/train data/st_ihm_all/train/log data/st_ihm_all/train/data
make_cmvn.sh: no such file data/st_ihm_all/train/feats.scp
Extract feature for testing data
steps/make_mfcc.sh --nj 30 --cmd run.pl --mem 20G data/sharedTask2nd_test data/sharedTask2nd_test/log data/sharedTask2nd_test/data
steps/make_mfcc.sh: moving data/sharedTask2nd_test/feats.scp to data/sharedTask2nd_test/.backup
steps/make_mfcc.sh: [info]: no segments file exists: assuming wav.scp indexed by utterance.
Succeeded creating MFCC features for sharedTask2nd_test
steps/compute_cmvn_stats.sh data/sharedTask2nd_test data/sharedTask2nd_test/log data/sharedTask2nd_test/data
Succeeded creating CMVN stats for sharedTask2nd_test
Finished Feature extraction
                        Step 2 : train monophone model                                   
steps/train_mono.sh --boost-silence 1.25 --nj 30 --cmd run.pl --mem 20G data/st_ihm_all/train_5k data/lang_v1 exp7/mono
steps/train_mono.sh: Initializing monophone system.
steps/train_mono.sh: Compiling training graphs
steps/train_mono.sh: Aligning data equally (pass 0)
run.pl: 3 / 30 failed, log is in exp7/mono/log/align.0.*.log

real	0m4.794s
user	1m48.838s
sys	0m4.593s
steps/align_si.sh --boost-silence 1.25 --nj 30 --cmd run.pl --mem 20G data/st_ihm_all/train_5k data/lang_v1 exp7/mono exp7/mono_ali
steps/align_si.sh: expected file exp7/mono/final.mdl to exist

real	0m0.016s
user	0m0.009s
sys	0m0.008s
Decode MonoPhone Model
mkgraph.sh: expected exp7/mono/final.mdl to exist

real	0m0.010s
user	0m0.004s
sys	0m0.003s
steps/decode.sh --nj 30 --cmd run.pl --mem 20G --skip-scoring false --config conf/decode.conf --acwt 0.06 exp7/mono/graph_st7.o3g.kn.pr1-7 data/sharedTask2nd_test exp7/mono/decode_st.test_st7.o3g.kn.pr1-7_acwt0.06
decode.sh: no such file exp7/mono/final.mdl

real	0m0.434s
user	0m0.093s
sys	0m0.112s
