# compile-train-graphs --read-disambig-syms=data/lang_v1/phones/disambig.int exp2/tri4a_ali/tree exp2/tri4a_ali/final.mdl data/lang_v1/L.fst "ark:utils/sym2int.pl --map-oov 6 -f 2- data/lang_v1/words.txt data/st_ihm_all/train/split30/5/text|" "ark:|gzip -c >exp2/tri4a_ali/fsts.5.gz" 
# Started at Thu Nov  1 03:02:33 EDT 2018
#
compile-train-graphs --read-disambig-syms=data/lang_v1/phones/disambig.int exp2/tri4a_ali/tree exp2/tri4a_ali/final.mdl data/lang_v1/L.fst 'ark:utils/sym2int.pl --map-oov 6 -f 2- data/lang_v1/words.txt data/st_ihm_all/train/split30/5/text|' 'ark:|gzip -c >exp2/tri4a_ali/fsts.5.gz' 
sym2int.pl: replacing THI with 6
sym2int.pl: replacing C with 6
sym2int.pl: replacing WHA with 6
sym2int.pl: replacing F with 6
sym2int.pl: replacing O with 6
sym2int.pl: replacing SUMMARISATION with 6
sym2int.pl: replacing W with 6
sym2int.pl: replacing NOTA with 6
sym2int.pl: replacing C with 6
sym2int.pl: replacing SP with 6
sym2int.pl: replacing B with 6
sym2int.pl: replacing C with 6
sym2int.pl: replacing SC with 6
sym2int.pl: replacing SCARILY with 6
sym2int.pl: replacing REALISE with 6
sym2int.pl: replacing ST with 6
sym2int.pl: replacing SUMMAR with 6
sym2int.pl: replacing STRAIGHTF with 6
sym2int.pl: replacing REALISE with 6
sym2int.pl: replacing DIL with 6
sym2int.pl: not warning for OOVs any more times
** Replaced 488 instances of OOVs with 6
LOG (compile-train-graphs[5.4.105~1-4fda]:main():compile-train-graphs.cc:147) compile-train-graphs: succeeded for 3952 graphs, failed for 0
# Accounting: time=91 threads=1
# Ended (code 0) at Thu Nov  1 03:04:04 EDT 2018, elapsed time 91 seconds
