# gmm-acc-stats-ali exp2/mono/21.mdl "ark,s,cs:apply-cmvn  --utt2spk=ark:data/st_ihm_all/train_15k/split30/17/utt2spk scp:data/st_ihm_all/train_15k/split30/17/cmvn.scp scp:data/st_ihm_all/train_15k/split30/17/feats.scp ark:- | add-deltas  ark:- ark:- |" "ark:gunzip -c exp2/mono/ali.17.gz|" exp2/mono/21.17.acc 
# Started at Wed Oct 31 22:14:09 EDT 2018
#
gmm-acc-stats-ali exp2/mono/21.mdl 'ark,s,cs:apply-cmvn  --utt2spk=ark:data/st_ihm_all/train_15k/split30/17/utt2spk scp:data/st_ihm_all/train_15k/split30/17/cmvn.scp scp:data/st_ihm_all/train_15k/split30/17/feats.scp ark:- | add-deltas  ark:- ark:- |' 'ark:gunzip -c exp2/mono/ali.17.gz|' exp2/mono/21.17.acc 
add-deltas ark:- ark:- 
apply-cmvn --utt2spk=ark:data/st_ihm_all/train_15k/split30/17/utt2spk scp:data/st_ihm_all/train_15k/split30/17/cmvn.scp scp:data/st_ihm_all/train_15k/split30/17/feats.scp ark:- 
LOG (gmm-acc-stats-ali[5.4.105~1-4fda]:main():gmm-acc-stats-ali.cc:105) Processed 50 utterances; for utterance AMI_IN1002_H00_MIO022_0217171_0217346 avg. like is -99.728 over 173 frames.
LOG (gmm-acc-stats-ali[5.4.105~1-4fda]:main():gmm-acc-stats-ali.cc:105) Processed 100 utterances; for utterance AMI_IN1002_H02_MIO050_0236990_0237130 avg. like is -97.3664 over 138 frames.
LOG (gmm-acc-stats-ali[5.4.105~1-4fda]:main():gmm-acc-stats-ali.cc:105) Processed 150 utterances; for utterance AMI_IN1005_H00_FIO041_0256492_0256534 avg. like is -96.9173 over 40 frames.
LOG (gmm-acc-stats-ali[5.4.105~1-4fda]:main():gmm-acc-stats-ali.cc:105) Processed 200 utterances; for utterance AMI_IN1005_H02_MIO043_0070818_0070899 avg. like is -90.0675 over 79 frames.
LOG (gmm-acc-stats-ali[5.4.105~1-4fda]:main():gmm-acc-stats-ali.cc:105) Processed 250 utterances; for utterance AMI_IN1007_H00_MIO098_0090529_0090863 avg. like is -102.335 over 332 frames.
LOG (gmm-acc-stats-ali[5.4.105~1-4fda]:main():gmm-acc-stats-ali.cc:105) Processed 300 utterances; for utterance AMI_IN1007_H01_MIO097_0112366_0112817 avg. like is -99.2104 over 449 frames.
LOG (gmm-acc-stats-ali[5.4.105~1-4fda]:main():gmm-acc-stats-ali.cc:105) Processed 350 utterances; for utterance AMI_IN1007_H03_MIO077_0029554_0029618 avg. like is -88.8619 over 62 frames.
LOG (gmm-acc-stats-ali[5.4.105~1-4fda]:main():gmm-acc-stats-ali.cc:105) Processed 400 utterances; for utterance AMI_IN1008_H00_MIO100_0125322_0125646 avg. like is -99.7127 over 322 frames.
LOG (gmm-acc-stats-ali[5.4.105~1-4fda]:main():gmm-acc-stats-ali.cc:105) Processed 450 utterances; for utterance AMI_IN1008_H02_MIO101_0077675_0078280 avg. like is -96.8273 over 603 frames.
LOG (gmm-acc-stats-ali[5.4.105~1-4fda]:main():gmm-acc-stats-ali.cc:105) Processed 500 utterances; for utterance AMI_IN1008_H03_MIO018_0147100_0147871 avg. like is -100.316 over 769 frames.
LOG (apply-cmvn[5.4.105~1-4fda]:main():apply-cmvn.cc:162) Applied cepstral mean normalization to 504 utterances, errors on 0
LOG (gmm-acc-stats-ali[5.4.105~1-4fda]:main():gmm-acc-stats-ali.cc:112) Done 504 files, 0 with errors.
LOG (gmm-acc-stats-ali[5.4.105~1-4fda]:main():gmm-acc-stats-ali.cc:115) Overall avg like per frame (Gaussian only) = -99.0499 over 137050 frames.
LOG (gmm-acc-stats-ali[5.4.105~1-4fda]:main():gmm-acc-stats-ali.cc:123) Written accs.
# Accounting: time=1 threads=1
# Ended (code 0) at Wed Oct 31 22:14:10 EDT 2018, elapsed time 1 seconds
