# gmm-acc-stats-ali exp2/mono/10.mdl "ark,s,cs:apply-cmvn  --utt2spk=ark:data/st_ihm_all/train_15k/split30/11/utt2spk scp:data/st_ihm_all/train_15k/split30/11/cmvn.scp scp:data/st_ihm_all/train_15k/split30/11/feats.scp ark:- | add-deltas  ark:- ark:- |" "ark:gunzip -c exp2/mono/ali.11.gz|" exp2/mono/10.11.acc 
# Started at Wed Oct 31 22:10:00 EDT 2018
#
gmm-acc-stats-ali exp2/mono/10.mdl 'ark,s,cs:apply-cmvn  --utt2spk=ark:data/st_ihm_all/train_15k/split30/11/utt2spk scp:data/st_ihm_all/train_15k/split30/11/cmvn.scp scp:data/st_ihm_all/train_15k/split30/11/feats.scp ark:- | add-deltas  ark:- ark:- |' 'ark:gunzip -c exp2/mono/ali.11.gz|' exp2/mono/10.11.acc 
apply-cmvn --utt2spk=ark:data/st_ihm_all/train_15k/split30/11/utt2spk scp:data/st_ihm_all/train_15k/split30/11/cmvn.scp scp:data/st_ihm_all/train_15k/split30/11/feats.scp ark:- 
add-deltas ark:- ark:- 
LOG (gmm-acc-stats-ali[5.4.105~1-4fda]:main():gmm-acc-stats-ali.cc:105) Processed 50 utterances; for utterance AMI_ES2006d_H02_FEE021_0036014_0036192 avg. like is -102.974 over 176 frames.
LOG (gmm-acc-stats-ali[5.4.105~1-4fda]:main():gmm-acc-stats-ali.cc:105) Processed 100 utterances; for utterance AMI_ES2006d_H03_FEO023_0149769_0150151 avg. like is -104.521 over 380 frames.
LOG (gmm-acc-stats-ali[5.4.105~1-4fda]:main():gmm-acc-stats-ali.cc:105) Processed 150 utterances; for utterance AMI_ES2007a_H03_FEE028_0080008_0080561 avg. like is -102.461 over 551 frames.
LOG (gmm-acc-stats-ali[5.4.105~1-4fda]:main():gmm-acc-stats-ali.cc:105) Processed 200 utterances; for utterance AMI_ES2007b_H02_MEE027_0103015_0103298 avg. like is -99.571 over 281 frames.
LOG (gmm-acc-stats-ali[5.4.105~1-4fda]:main():gmm-acc-stats-ali.cc:105) Processed 250 utterances; for utterance AMI_ES2007c_H00_MEE025_0233369_0233734 avg. like is -102.451 over 363 frames.
LOG (gmm-acc-stats-ali[5.4.105~1-4fda]:main():gmm-acc-stats-ali.cc:105) Processed 300 utterances; for utterance AMI_ES2007c_H03_FEE028_0147310_0147447 avg. like is -99.3806 over 135 frames.
LOG (gmm-acc-stats-ali[5.4.105~1-4fda]:main():gmm-acc-stats-ali.cc:105) Processed 350 utterances; for utterance AMI_ES2007d_H02_MEE027_0076511_0076537 avg. like is -84.0238 over 24 frames.
LOG (gmm-acc-stats-ali[5.4.105~1-4fda]:main():gmm-acc-stats-ali.cc:105) Processed 400 utterances; for utterance AMI_ES2008a_H02_MEE031_0058615_0058679 avg. like is -88.7376 over 62 frames.
LOG (gmm-acc-stats-ali[5.4.105~1-4fda]:main():gmm-acc-stats-ali.cc:105) Processed 450 utterances; for utterance AMI_ES2008b_H01_FEE030_0138687_0138734 avg. like is -91.1495 over 45 frames.
LOG (apply-cmvn[5.4.105~1-4fda]:main():apply-cmvn.cc:162) Applied cepstral mean normalization to 492 utterances, errors on 0
LOG (gmm-acc-stats-ali[5.4.105~1-4fda]:main():gmm-acc-stats-ali.cc:112) Done 492 files, 0 with errors.
LOG (gmm-acc-stats-ali[5.4.105~1-4fda]:main():gmm-acc-stats-ali.cc:115) Overall avg like per frame (Gaussian only) = -100.849 over 127468 frames.
LOG (gmm-acc-stats-ali[5.4.105~1-4fda]:main():gmm-acc-stats-ali.cc:123) Written accs.
# Accounting: time=1 threads=1
# Ended (code 0) at Wed Oct 31 22:10:01 EDT 2018, elapsed time 1 seconds
