# gmm-acc-stats-ali exp2/mono/5.mdl "ark,s,cs:apply-cmvn  --utt2spk=ark:data/st_ihm_all/train_15k/split30/9/utt2spk scp:data/st_ihm_all/train_15k/split30/9/cmvn.scp scp:data/st_ihm_all/train_15k/split30/9/feats.scp ark:- | add-deltas  ark:- ark:- |" "ark:gunzip -c exp2/mono/ali.9.gz|" exp2/mono/5.9.acc 
# Started at Wed Oct 31 22:06:07 EDT 2018
#
gmm-acc-stats-ali exp2/mono/5.mdl 'ark,s,cs:apply-cmvn  --utt2spk=ark:data/st_ihm_all/train_15k/split30/9/utt2spk scp:data/st_ihm_all/train_15k/split30/9/cmvn.scp scp:data/st_ihm_all/train_15k/split30/9/feats.scp ark:- | add-deltas  ark:- ark:- |' 'ark:gunzip -c exp2/mono/ali.9.gz|' exp2/mono/5.9.acc 
apply-cmvn --utt2spk=ark:data/st_ihm_all/train_15k/split30/9/utt2spk scp:data/st_ihm_all/train_15k/split30/9/cmvn.scp scp:data/st_ihm_all/train_15k/split30/9/feats.scp ark:- 
add-deltas ark:- ark:- 
LOG (gmm-acc-stats-ali[5.4.105~1-4fda]:main():gmm-acc-stats-ali.cc:105) Processed 50 utterances; for utterance AMI_ES2002d_H00_MEE006_0046172_0046232 avg. like is -100.232 over 58 frames.
WARNING (gmm-acc-stats-ali[5.4.105~1-4fda]:main():gmm-acc-stats-ali.cc:79) No alignment for utterance AMI_ES2002d_H00_MEE006_0239586_0239704
LOG (gmm-acc-stats-ali[5.4.105~1-4fda]:main():gmm-acc-stats-ali.cc:105) Processed 100 utterances; for utterance AMI_ES2002d_H01_FEE005_0166254_0166332 avg. like is -94.6842 over 76 frames.
LOG (gmm-acc-stats-ali[5.4.105~1-4fda]:main():gmm-acc-stats-ali.cc:105) Processed 150 utterances; for utterance AMI_ES2002d_H02_MEE008_0185045_0186020 avg. like is -99.1402 over 973 frames.
LOG (gmm-acc-stats-ali[5.4.105~1-4fda]:main():gmm-acc-stats-ali.cc:105) Processed 200 utterances; for utterance AMI_ES2003b_H00_MEE011_0058957_0059800 avg. like is -98.7655 over 841 frames.
LOG (gmm-acc-stats-ali[5.4.105~1-4fda]:main():gmm-acc-stats-ali.cc:105) Processed 250 utterances; for utterance AMI_ES2003b_H02_MEE012_0037438_0038023 avg. like is -104.04 over 583 frames.
LOG (gmm-acc-stats-ali[5.4.105~1-4fda]:main():gmm-acc-stats-ali.cc:105) Processed 300 utterances; for utterance AMI_ES2003c_H01_MEE009_0083667_0083875 avg. like is -104.297 over 206 frames.
LOG (gmm-acc-stats-ali[5.4.105~1-4fda]:main():gmm-acc-stats-ali.cc:105) Processed 350 utterances; for utterance AMI_ES2003c_H03_MEE010_0205750_0206083 avg. like is -94.7621 over 331 frames.
LOG (gmm-acc-stats-ali[5.4.105~1-4fda]:main():gmm-acc-stats-ali.cc:105) Processed 400 utterances; for utterance AMI_ES2003d_H01_MEE009_0217965_0218556 avg. like is -102.155 over 589 frames.
LOG (gmm-acc-stats-ali[5.4.105~1-4fda]:main():gmm-acc-stats-ali.cc:105) Processed 450 utterances; for utterance AMI_ES2005a_H02_MEE017_0013413_0013626 avg. like is -97.4538 over 211 frames.
LOG (apply-cmvn[5.4.105~1-4fda]:main():apply-cmvn.cc:162) Applied cepstral mean normalization to 487 utterances, errors on 0
LOG (gmm-acc-stats-ali[5.4.105~1-4fda]:main():gmm-acc-stats-ali.cc:112) Done 486 files, 1 with errors.
LOG (gmm-acc-stats-ali[5.4.105~1-4fda]:main():gmm-acc-stats-ali.cc:115) Overall avg like per frame (Gaussian only) = -101.086 over 138364 frames.
LOG (gmm-acc-stats-ali[5.4.105~1-4fda]:main():gmm-acc-stats-ali.cc:123) Written accs.
# Accounting: time=1 threads=1
# Ended (code 0) at Wed Oct 31 22:06:08 EDT 2018, elapsed time 1 seconds
