# gmm-acc-stats-ali exp2/mono/5.mdl "ark,s,cs:apply-cmvn  --utt2spk=ark:data/st_ihm_all/train_15k/split30/14/utt2spk scp:data/st_ihm_all/train_15k/split30/14/cmvn.scp scp:data/st_ihm_all/train_15k/split30/14/feats.scp ark:- | add-deltas  ark:- ark:- |" "ark:gunzip -c exp2/mono/ali.14.gz|" exp2/mono/5.14.acc 
# Started at Wed Oct 31 22:06:07 EDT 2018
#
gmm-acc-stats-ali exp2/mono/5.mdl 'ark,s,cs:apply-cmvn  --utt2spk=ark:data/st_ihm_all/train_15k/split30/14/utt2spk scp:data/st_ihm_all/train_15k/split30/14/cmvn.scp scp:data/st_ihm_all/train_15k/split30/14/feats.scp ark:- | add-deltas  ark:- ark:- |' 'ark:gunzip -c exp2/mono/ali.14.gz|' exp2/mono/5.14.acc 
apply-cmvn --utt2spk=ark:data/st_ihm_all/train_15k/split30/14/utt2spk scp:data/st_ihm_all/train_15k/split30/14/cmvn.scp scp:data/st_ihm_all/train_15k/split30/14/feats.scp ark:- 
add-deltas ark:- ark:- 
LOG (gmm-acc-stats-ali[5.4.105~1-4fda]:main():gmm-acc-stats-ali.cc:105) Processed 50 utterances; for utterance AMI_ES2013b_H02_FEE051_0210666_0211019 avg. like is -105.947 over 351 frames.
LOG (gmm-acc-stats-ali[5.4.105~1-4fda]:main():gmm-acc-stats-ali.cc:105) Processed 100 utterances; for utterance AMI_ES2013c_H01_FEE050_0107322_0107824 avg. like is -108.315 over 500 frames.
LOG (gmm-acc-stats-ali[5.4.105~1-4fda]:main():gmm-acc-stats-ali.cc:105) Processed 150 utterances; for utterance AMI_ES2013d_H00_FEE049_0009022_0009083 avg. like is -104.666 over 59 frames.
LOG (gmm-acc-stats-ali[5.4.105~1-4fda]:main():gmm-acc-stats-ali.cc:105) Processed 200 utterances; for utterance AMI_ES2013d_H02_FEE051_0187012_0187156 avg. like is -107.661 over 142 frames.
LOG (gmm-acc-stats-ali[5.4.105~1-4fda]:main():gmm-acc-stats-ali.cc:105) Processed 250 utterances; for utterance AMI_ES2014a_H03_MEE056_0030102_0030198 avg. like is -94.0413 over 94 frames.
LOG (gmm-acc-stats-ali[5.4.105~1-4fda]:main():gmm-acc-stats-ali.cc:105) Processed 300 utterances; for utterance AMI_ES2014b_H01_MEE054_0180474_0181340 avg. like is -95.094 over 864 frames.
LOG (gmm-acc-stats-ali[5.4.105~1-4fda]:main():gmm-acc-stats-ali.cc:105) Processed 350 utterances; for utterance AMI_ES2014c_H00_MEE053_0062723_0062977 avg. like is -107.775 over 252 frames.
LOG (gmm-acc-stats-ali[5.4.105~1-4fda]:main():gmm-acc-stats-ali.cc:105) Processed 400 utterances; for utterance AMI_ES2014c_H02_FEE055_0079321_0079609 avg. like is -103.82 over 286 frames.
LOG (gmm-acc-stats-ali[5.4.105~1-4fda]:main():gmm-acc-stats-ali.cc:105) Processed 450 utterances; for utterance AMI_ES2014d_H00_MEE053_0098523_0098716 avg. like is -97.1898 over 191 frames.
LOG (apply-cmvn[5.4.105~1-4fda]:main():apply-cmvn.cc:162) Applied cepstral mean normalization to 497 utterances, errors on 0
LOG (gmm-acc-stats-ali[5.4.105~1-4fda]:main():gmm-acc-stats-ali.cc:112) Done 497 files, 0 with errors.
LOG (gmm-acc-stats-ali[5.4.105~1-4fda]:main():gmm-acc-stats-ali.cc:115) Overall avg like per frame (Gaussian only) = -101.076 over 147745 frames.
LOG (gmm-acc-stats-ali[5.4.105~1-4fda]:main():gmm-acc-stats-ali.cc:123) Written accs.
# Accounting: time=1 threads=1
# Ended (code 0) at Wed Oct 31 22:06:08 EDT 2018, elapsed time 1 seconds
