# gmm-acc-stats-ali exp2/mono/2.mdl "ark,s,cs:apply-cmvn  --utt2spk=ark:data/st_ihm_all/train_15k/split30/24/utt2spk scp:data/st_ihm_all/train_15k/split30/24/cmvn.scp scp:data/st_ihm_all/train_15k/split30/24/feats.scp ark:- | add-deltas  ark:- ark:- |" "ark:gunzip -c exp2/mono/ali.24.gz|" exp2/mono/2.24.acc 
# Started at Wed Oct 31 22:03:31 EDT 2018
#
gmm-acc-stats-ali exp2/mono/2.mdl 'ark,s,cs:apply-cmvn  --utt2spk=ark:data/st_ihm_all/train_15k/split30/24/utt2spk scp:data/st_ihm_all/train_15k/split30/24/cmvn.scp scp:data/st_ihm_all/train_15k/split30/24/feats.scp ark:- | add-deltas  ark:- ark:- |' 'ark:gunzip -c exp2/mono/ali.24.gz|' exp2/mono/2.24.acc 
apply-cmvn --utt2spk=ark:data/st_ihm_all/train_15k/split30/24/utt2spk scp:data/st_ihm_all/train_15k/split30/24/cmvn.scp scp:data/st_ihm_all/train_15k/split30/24/feats.scp ark:- 
add-deltas ark:- ark:- 
WARNING (gmm-acc-stats-ali[5.4.105~1-4fda]:main():gmm-acc-stats-ali.cc:79) No alignment for utterance AMI_TS3005a_H00_MTD017PM_0125616_0125656
LOG (gmm-acc-stats-ali[5.4.105~1-4fda]:main():gmm-acc-stats-ali.cc:105) Processed 50 utterances; for utterance AMI_TS3005a_H02_MTD018ID_0090823_0091443 avg. like is -98.5882 over 618 frames.
LOG (gmm-acc-stats-ali[5.4.105~1-4fda]:main():gmm-acc-stats-ali.cc:105) Processed 100 utterances; for utterance AMI_TS3005b_H01_FTD019UID_0127857_0127991 avg. like is -99.8091 over 132 frames.
WARNING (gmm-acc-stats-ali[5.4.105~1-4fda]:main():gmm-acc-stats-ali.cc:79) No alignment for utterance AMI_TS3005b_H01_FTD019UID_0208329_0208492
LOG (gmm-acc-stats-ali[5.4.105~1-4fda]:main():gmm-acc-stats-ali.cc:105) Processed 150 utterances; for utterance AMI_TS3005b_H02_MTD018ID_0207261_0207283 avg. like is -97.1438 over 20 frames.
LOG (gmm-acc-stats-ali[5.4.105~1-4fda]:main():gmm-acc-stats-ali.cc:105) Processed 200 utterances; for utterance AMI_TS3005c_H00_MTD017PM_0152341_0152399 avg. like is -102.533 over 56 frames.
LOG (gmm-acc-stats-ali[5.4.105~1-4fda]:main():gmm-acc-stats-ali.cc:105) Processed 250 utterances; for utterance AMI_TS3005c_H02_MTD018ID_0114589_0114647 avg. like is -110.828 over 56 frames.
LOG (gmm-acc-stats-ali[5.4.105~1-4fda]:main():gmm-acc-stats-ali.cc:105) Processed 300 utterances; for utterance AMI_TS3005c_H03_MTD020ME_0215704_0215740 avg. like is -105.331 over 34 frames.
LOG (gmm-acc-stats-ali[5.4.105~1-4fda]:main():gmm-acc-stats-ali.cc:105) Processed 350 utterances; for utterance AMI_TS3005d_H01_FTD019UID_0030625_0030952 avg. like is -100.689 over 325 frames.
LOG (gmm-acc-stats-ali[5.4.105~1-4fda]:main():gmm-acc-stats-ali.cc:105) Processed 400 utterances; for utterance AMI_TS3005d_H01_FTD019UID_0222588_0222758 avg. like is -106.096 over 168 frames.
LOG (gmm-acc-stats-ali[5.4.105~1-4fda]:main():gmm-acc-stats-ali.cc:105) Processed 450 utterances; for utterance AMI_TS3005d_H02_MTD018ID_0214983_0215696 avg. like is -102.146 over 711 frames.
LOG (gmm-acc-stats-ali[5.4.105~1-4fda]:main():gmm-acc-stats-ali.cc:105) Processed 500 utterances; for utterance AMI_TS3005d_H03_MTD020ME_0229123_0229442 avg. like is -107.313 over 317 frames.
LOG (apply-cmvn[5.4.105~1-4fda]:main():apply-cmvn.cc:162) Applied cepstral mean normalization to 513 utterances, errors on 0
LOG (gmm-acc-stats-ali[5.4.105~1-4fda]:main():gmm-acc-stats-ali.cc:112) Done 511 files, 2 with errors.
LOG (gmm-acc-stats-ali[5.4.105~1-4fda]:main():gmm-acc-stats-ali.cc:115) Overall avg like per frame (Gaussian only) = -102.489 over 101341 frames.
LOG (gmm-acc-stats-ali[5.4.105~1-4fda]:main():gmm-acc-stats-ali.cc:123) Written accs.
# Accounting: time=1 threads=1
# Ended (code 0) at Wed Oct 31 22:03:32 EDT 2018, elapsed time 1 seconds
