# gmm-acc-stats-ali exp2/mono/25.mdl "ark,s,cs:apply-cmvn  --utt2spk=ark:data/st_ihm_all/train_15k/split30/15/utt2spk scp:data/st_ihm_all/train_15k/split30/15/cmvn.scp scp:data/st_ihm_all/train_15k/split30/15/feats.scp ark:- | add-deltas  ark:- ark:- |" "ark:gunzip -c exp2/mono/ali.15.gz|" exp2/mono/25.15.acc 
# Started at Wed Oct 31 22:15:06 EDT 2018
#
gmm-acc-stats-ali exp2/mono/25.mdl 'ark,s,cs:apply-cmvn  --utt2spk=ark:data/st_ihm_all/train_15k/split30/15/utt2spk scp:data/st_ihm_all/train_15k/split30/15/cmvn.scp scp:data/st_ihm_all/train_15k/split30/15/feats.scp ark:- | add-deltas  ark:- ark:- |' 'ark:gunzip -c exp2/mono/ali.15.gz|' exp2/mono/25.15.acc 
add-deltas ark:- ark:- 
apply-cmvn --utt2spk=ark:data/st_ihm_all/train_15k/split30/15/utt2spk scp:data/st_ihm_all/train_15k/split30/15/cmvn.scp scp:data/st_ihm_all/train_15k/split30/15/feats.scp ark:- 
LOG (gmm-acc-stats-ali[5.4.105~1-4fda]:main():gmm-acc-stats-ali.cc:105) Processed 50 utterances; for utterance AMI_ES2014d_H03_MEE056_0174728_0174767 avg. like is -85.1807 over 37 frames.
LOG (gmm-acc-stats-ali[5.4.105~1-4fda]:main():gmm-acc-stats-ali.cc:105) Processed 100 utterances; for utterance AMI_ES2015a_H01_FEE058_0113939_0113981 avg. like is -107.707 over 40 frames.
LOG (gmm-acc-stats-ali[5.4.105~1-4fda]:main():gmm-acc-stats-ali.cc:105) Processed 150 utterances; for utterance AMI_ES2015b_H01_FEE058_0028443_0028992 avg. like is -99.2218 over 547 frames.
LOG (gmm-acc-stats-ali[5.4.105~1-4fda]:main():gmm-acc-stats-ali.cc:105) Processed 200 utterances; for utterance AMI_ES2015b_H03_FEE060_0084619_0084769 avg. like is -101.787 over 148 frames.
LOG (gmm-acc-stats-ali[5.4.105~1-4fda]:main():gmm-acc-stats-ali.cc:105) Processed 250 utterances; for utterance AMI_ES2015c_H00_FEE057_0148635_0148692 avg. like is -99.0204 over 55 frames.
LOG (gmm-acc-stats-ali[5.4.105~1-4fda]:main():gmm-acc-stats-ali.cc:105) Processed 300 utterances; for utterance AMI_ES2015c_H01_FEE058_0199577_0199692 avg. like is -98.0237 over 113 frames.
LOG (gmm-acc-stats-ali[5.4.105~1-4fda]:main():gmm-acc-stats-ali.cc:105) Processed 350 utterances; for utterance AMI_ES2015d_H00_FEE057_0042874_0042983 avg. like is -86.5331 over 107 frames.
LOG (gmm-acc-stats-ali[5.4.105~1-4fda]:main():gmm-acc-stats-ali.cc:105) Processed 400 utterances; for utterance AMI_ES2015d_H01_FEE058_0115632_0115802 avg. like is -96.7506 over 168 frames.
LOG (gmm-acc-stats-ali[5.4.105~1-4fda]:main():gmm-acc-stats-ali.cc:105) Processed 450 utterances; for utterance AMI_ES2015d_H03_FEE060_0064691_0064953 avg. like is -105.481 over 260 frames.
LOG (apply-cmvn[5.4.105~1-4fda]:main():apply-cmvn.cc:162) Applied cepstral mean normalization to 499 utterances, errors on 0
LOG (gmm-acc-stats-ali[5.4.105~1-4fda]:main():gmm-acc-stats-ali.cc:112) Done 499 files, 0 with errors.
LOG (gmm-acc-stats-ali[5.4.105~1-4fda]:main():gmm-acc-stats-ali.cc:115) Overall avg like per frame (Gaussian only) = -98.588 over 117623 frames.
LOG (gmm-acc-stats-ali[5.4.105~1-4fda]:main():gmm-acc-stats-ali.cc:123) Written accs.
# Accounting: time=1 threads=1
# Ended (code 0) at Wed Oct 31 22:15:07 EDT 2018, elapsed time 1 seconds
