# gmm-acc-stats-ali exp2/mono/18.mdl "ark,s,cs:apply-cmvn  --utt2spk=ark:data/st_ihm_all/train_15k/split30/22/utt2spk scp:data/st_ihm_all/train_15k/split30/22/cmvn.scp scp:data/st_ihm_all/train_15k/split30/22/feats.scp ark:- | add-deltas  ark:- ark:- |" "ark:gunzip -c exp2/mono/ali.22.gz|" exp2/mono/18.22.acc 
# Started at Wed Oct 31 22:13:15 EDT 2018
#
gmm-acc-stats-ali exp2/mono/18.mdl 'ark,s,cs:apply-cmvn  --utt2spk=ark:data/st_ihm_all/train_15k/split30/22/utt2spk scp:data/st_ihm_all/train_15k/split30/22/cmvn.scp scp:data/st_ihm_all/train_15k/split30/22/feats.scp ark:- | add-deltas  ark:- ark:- |' 'ark:gunzip -c exp2/mono/ali.22.gz|' exp2/mono/18.22.acc 
apply-cmvn --utt2spk=ark:data/st_ihm_all/train_15k/split30/22/utt2spk scp:data/st_ihm_all/train_15k/split30/22/cmvn.scp scp:data/st_ihm_all/train_15k/split30/22/feats.scp ark:- 
add-deltas ark:- ark:- 
LOG (gmm-acc-stats-ali[5.4.105~1-4fda]:main():gmm-acc-stats-ali.cc:105) Processed 50 utterances; for utterance AMI_IS1004c_H00_MIO019_0036457_0036790 avg. like is -100.369 over 331 frames.
LOG (gmm-acc-stats-ali[5.4.105~1-4fda]:main():gmm-acc-stats-ali.cc:105) Processed 100 utterances; for utterance AMI_IS1004c_H01_MIE090_0206837_0207223 avg. like is -93.0643 over 384 frames.
LOG (gmm-acc-stats-ali[5.4.105~1-4fda]:main():gmm-acc-stats-ali.cc:105) Processed 150 utterances; for utterance AMI_IS1004d_H00_MIO019_0060244_0060504 avg. like is -100.497 over 258 frames.
LOG (gmm-acc-stats-ali[5.4.105~1-4fda]:main():gmm-acc-stats-ali.cc:105) Processed 200 utterances; for utterance AMI_IS1004d_H01_MIE090_0167983_0168095 avg. like is -97.2133 over 110 frames.
LOG (gmm-acc-stats-ali[5.4.105~1-4fda]:main():gmm-acc-stats-ali.cc:105) Processed 250 utterances; for utterance AMI_IS1005a_H00_MIO055_0013956_0014555 avg. like is -100.889 over 597 frames.
LOG (gmm-acc-stats-ali[5.4.105~1-4fda]:main():gmm-acc-stats-ali.cc:105) Processed 300 utterances; for utterance AMI_IS1005b_H00_MIO055_0189825_0189910 avg. like is -94.2046 over 83 frames.
LOG (gmm-acc-stats-ali[5.4.105~1-4fda]:main():gmm-acc-stats-ali.cc:105) Processed 350 utterances; for utterance AMI_IS1005b_H03_MIE002_0154259_0154312 avg. like is -88.0181 over 51 frames.
LOG (gmm-acc-stats-ali[5.4.105~1-4fda]:main():gmm-acc-stats-ali.cc:105) Processed 400 utterances; for utterance AMI_IS1005c_H01_MIO077_0182052_0182964 avg. like is -92.4661 over 910 frames.
LOG (gmm-acc-stats-ali[5.4.105~1-4fda]:main():gmm-acc-stats-ali.cc:105) Processed 450 utterances; for utterance AMI_IS1006a_H02_MIO078_0022610_0023211 avg. like is -101.986 over 599 frames.
LOG (gmm-acc-stats-ali[5.4.105~1-4fda]:main():gmm-acc-stats-ali.cc:105) Processed 500 utterances; for utterance AMI_IS1006b_H01_MIO040_0092692_0093081 avg. like is -98.0011 over 387 frames.
LOG (apply-cmvn[5.4.105~1-4fda]:main():apply-cmvn.cc:162) Applied cepstral mean normalization to 509 utterances, errors on 0
LOG (gmm-acc-stats-ali[5.4.105~1-4fda]:main():gmm-acc-stats-ali.cc:112) Done 509 files, 0 with errors.
LOG (gmm-acc-stats-ali[5.4.105~1-4fda]:main():gmm-acc-stats-ali.cc:115) Overall avg like per frame (Gaussian only) = -97.6839 over 154464 frames.
LOG (gmm-acc-stats-ali[5.4.105~1-4fda]:main():gmm-acc-stats-ali.cc:123) Written accs.
# Accounting: time=2 threads=1
# Ended (code 0) at Wed Oct 31 22:13:17 EDT 2018, elapsed time 2 seconds
