# gmm-acc-stats-ali exp2/mono/5.mdl "ark,s,cs:apply-cmvn  --utt2spk=ark:data/st_ihm_all/train_15k/split30/6/utt2spk scp:data/st_ihm_all/train_15k/split30/6/cmvn.scp scp:data/st_ihm_all/train_15k/split30/6/feats.scp ark:- | add-deltas  ark:- ark:- |" "ark:gunzip -c exp2/mono/ali.6.gz|" exp2/mono/5.6.acc 
# Started at Wed Oct 31 22:06:07 EDT 2018
#
gmm-acc-stats-ali exp2/mono/5.mdl 'ark,s,cs:apply-cmvn  --utt2spk=ark:data/st_ihm_all/train_15k/split30/6/utt2spk scp:data/st_ihm_all/train_15k/split30/6/cmvn.scp scp:data/st_ihm_all/train_15k/split30/6/feats.scp ark:- | add-deltas  ark:- ark:- |' 'ark:gunzip -c exp2/mono/ali.6.gz|' exp2/mono/5.6.acc 
add-deltas ark:- ark:- 
apply-cmvn --utt2spk=ark:data/st_ihm_all/train_15k/split30/6/utt2spk scp:data/st_ihm_all/train_15k/split30/6/cmvn.scp scp:data/st_ihm_all/train_15k/split30/6/feats.scp ark:- 
LOG (gmm-acc-stats-ali[5.4.105~1-4fda]:main():gmm-acc-stats-ali.cc:105) Processed 50 utterances; for utterance AMI_EN2004a_H02_FEO079_0144766_0145135 avg. like is -105.083 over 367 frames.
LOG (gmm-acc-stats-ali[5.4.105~1-4fda]:main():gmm-acc-stats-ali.cc:105) Processed 100 utterances; for utterance AMI_EN2005a_H00_MEO082_0049432_0049556 avg. like is -94.3568 over 122 frames.
LOG (gmm-acc-stats-ali[5.4.105~1-4fda]:main():gmm-acc-stats-ali.cc:105) Processed 150 utterances; for utterance AMI_EN2005a_H00_MEO082_0525560_0525654 avg. like is -95.9469 over 92 frames.
LOG (gmm-acc-stats-ali[5.4.105~1-4fda]:main():gmm-acc-stats-ali.cc:105) Processed 200 utterances; for utterance AMI_EN2005a_H01_FEE083_0388103_0388564 avg. like is -99.521 over 459 frames.
LOG (gmm-acc-stats-ali[5.4.105~1-4fda]:main():gmm-acc-stats-ali.cc:105) Processed 250 utterances; for utterance AMI_EN2005a_H03_FEE085_0260784_0261407 avg. like is -102.655 over 621 frames.
LOG (gmm-acc-stats-ali[5.4.105~1-4fda]:main():gmm-acc-stats-ali.cc:105) Processed 300 utterances; for utterance AMI_EN2006a_H00_MEE089_0040088_0040300 avg. like is -102.771 over 210 frames.
LOG (gmm-acc-stats-ali[5.4.105~1-4fda]:main():gmm-acc-stats-ali.cc:105) Processed 350 utterances; for utterance AMI_EN2006a_H01_FEE087_0098361_0098405 avg. like is -101.406 over 42 frames.
LOG (gmm-acc-stats-ali[5.4.105~1-4fda]:main():gmm-acc-stats-ali.cc:105) Processed 400 utterances; for utterance AMI_EN2006a_H01_FEE087_0334596_0335347 avg. like is -103.924 over 749 frames.
WARNING (gmm-acc-stats-ali[5.4.105~1-4fda]:main():gmm-acc-stats-ali.cc:79) No alignment for utterance AMI_EN2006a_H02_FEE088_0216223_0216257
LOG (gmm-acc-stats-ali[5.4.105~1-4fda]:main():gmm-acc-stats-ali.cc:105) Processed 450 utterances; for utterance AMI_EN2006a_H02_FEE088_0234046_0234175 avg. like is -103.861 over 127 frames.
LOG (apply-cmvn[5.4.105~1-4fda]:main():apply-cmvn.cc:162) Applied cepstral mean normalization to 484 utterances, errors on 0
LOG (gmm-acc-stats-ali[5.4.105~1-4fda]:main():gmm-acc-stats-ali.cc:112) Done 483 files, 1 with errors.
LOG (gmm-acc-stats-ali[5.4.105~1-4fda]:main():gmm-acc-stats-ali.cc:115) Overall avg like per frame (Gaussian only) = -103.255 over 126961 frames.
LOG (gmm-acc-stats-ali[5.4.105~1-4fda]:main():gmm-acc-stats-ali.cc:123) Written accs.
# Accounting: time=1 threads=1
# Ended (code 0) at Wed Oct 31 22:06:08 EDT 2018, elapsed time 1 seconds
