# gmm-acc-stats-ali exp2/mono/1.mdl "ark,s,cs:apply-cmvn  --utt2spk=ark:data/st_ihm_all/train_15k/split30/13/utt2spk scp:data/st_ihm_all/train_15k/split30/13/cmvn.scp scp:data/st_ihm_all/train_15k/split30/13/feats.scp ark:- | add-deltas  ark:- ark:- |" "ark:gunzip -c exp2/mono/ali.13.gz|" exp2/mono/1.13.acc 
# Started at Wed Oct 31 22:02:25 EDT 2018
#
gmm-acc-stats-ali exp2/mono/1.mdl 'ark,s,cs:apply-cmvn  --utt2spk=ark:data/st_ihm_all/train_15k/split30/13/utt2spk scp:data/st_ihm_all/train_15k/split30/13/cmvn.scp scp:data/st_ihm_all/train_15k/split30/13/feats.scp ark:- | add-deltas  ark:- ark:- |' 'ark:gunzip -c exp2/mono/ali.13.gz|' exp2/mono/1.13.acc 
apply-cmvn --utt2spk=ark:data/st_ihm_all/train_15k/split30/13/utt2spk scp:data/st_ihm_all/train_15k/split30/13/cmvn.scp scp:data/st_ihm_all/train_15k/split30/13/feats.scp ark:- 
add-deltas ark:- ark:- 
LOG (gmm-acc-stats-ali[5.4.105~1-4fda]:main():gmm-acc-stats-ali.cc:105) Processed 50 utterances; for utterance AMI_ES2010b_H00_FEE037_0089293_0089388 avg. like is -107.563 over 93 frames.
LOG (gmm-acc-stats-ali[5.4.105~1-4fda]:main():gmm-acc-stats-ali.cc:105) Processed 100 utterances; for utterance AMI_ES2010b_H03_FEE040_0060866_0061463 avg. like is -109.972 over 595 frames.
LOG (gmm-acc-stats-ali[5.4.105~1-4fda]:main():gmm-acc-stats-ali.cc:105) Processed 150 utterances; for utterance AMI_ES2010c_H01_FEE038_0116131_0116175 avg. like is -115.117 over 42 frames.
LOG (gmm-acc-stats-ali[5.4.105~1-4fda]:main():gmm-acc-stats-ali.cc:105) Processed 200 utterances; for utterance AMI_ES2010d_H00_FEE037_0039664_0039887 avg. like is -95.1324 over 221 frames.
WARNING (gmm-acc-stats-ali[5.4.105~1-4fda]:main():gmm-acc-stats-ali.cc:79) No alignment for utterance AMI_ES2010d_H00_FEE037_0049072_0050047
WARNING (gmm-acc-stats-ali[5.4.105~1-4fda]:main():gmm-acc-stats-ali.cc:79) No alignment for utterance AMI_ES2010d_H02_FEE039_0008108_0008521
WARNING (gmm-acc-stats-ali[5.4.105~1-4fda]:main():gmm-acc-stats-ali.cc:79) No alignment for utterance AMI_ES2010d_H03_FEE040_0021689_0022156
LOG (gmm-acc-stats-ali[5.4.105~1-4fda]:main():gmm-acc-stats-ali.cc:105) Processed 250 utterances; for utterance AMI_ES2010d_H03_FEE040_0092079_0092314 avg. like is -97.47 over 233 frames.
WARNING (gmm-acc-stats-ali[5.4.105~1-4fda]:main():gmm-acc-stats-ali.cc:79) No alignment for utterance AMI_ES2012a_H01_FEE046_0056298_0057265
LOG (gmm-acc-stats-ali[5.4.105~1-4fda]:main():gmm-acc-stats-ali.cc:105) Processed 300 utterances; for utterance AMI_ES2012b_H00_MEE045_0191185_0192175 avg. like is -100.572 over 988 frames.
LOG (gmm-acc-stats-ali[5.4.105~1-4fda]:main():gmm-acc-stats-ali.cc:105) Processed 350 utterances; for utterance AMI_ES2012c_H00_MEE045_0024331_0024733 avg. like is -104.454 over 400 frames.
LOG (gmm-acc-stats-ali[5.4.105~1-4fda]:main():gmm-acc-stats-ali.cc:105) Processed 400 utterances; for utterance AMI_ES2012c_H01_FEE046_0219661_0219867 avg. like is -111.772 over 204 frames.
WARNING (gmm-acc-stats-ali[5.4.105~1-4fda]:main():gmm-acc-stats-ali.cc:79) No alignment for utterance AMI_ES2012c_H02_FEE047_0098718_0099298
LOG (gmm-acc-stats-ali[5.4.105~1-4fda]:main():gmm-acc-stats-ali.cc:105) Processed 450 utterances; for utterance AMI_ES2012d_H01_FEE046_0071872_0072005 avg. like is -99.76 over 131 frames.
LOG (apply-cmvn[5.4.105~1-4fda]:main():apply-cmvn.cc:162) Applied cepstral mean normalization to 496 utterances, errors on 0
LOG (gmm-acc-stats-ali[5.4.105~1-4fda]:main():gmm-acc-stats-ali.cc:112) Done 491 files, 5 with errors.
LOG (gmm-acc-stats-ali[5.4.105~1-4fda]:main():gmm-acc-stats-ali.cc:115) Overall avg like per frame (Gaussian only) = -106.367 over 128218 frames.
LOG (gmm-acc-stats-ali[5.4.105~1-4fda]:main():gmm-acc-stats-ali.cc:123) Written accs.
# Accounting: time=2 threads=1
# Ended (code 0) at Wed Oct 31 22:02:27 EDT 2018, elapsed time 2 seconds
