# gmm-acc-stats-ali exp2/mono/9.mdl "ark,s,cs:apply-cmvn  --utt2spk=ark:data/st_ihm_all/train_15k/split30/2/utt2spk scp:data/st_ihm_all/train_15k/split30/2/cmvn.scp scp:data/st_ihm_all/train_15k/split30/2/feats.scp ark:- | add-deltas  ark:- ark:- |" "ark:gunzip -c exp2/mono/ali.2.gz|" exp2/mono/9.2.acc 
# Started at Wed Oct 31 22:09:15 EDT 2018
#
gmm-acc-stats-ali exp2/mono/9.mdl 'ark,s,cs:apply-cmvn  --utt2spk=ark:data/st_ihm_all/train_15k/split30/2/utt2spk scp:data/st_ihm_all/train_15k/split30/2/cmvn.scp scp:data/st_ihm_all/train_15k/split30/2/feats.scp ark:- | add-deltas  ark:- ark:- |' 'ark:gunzip -c exp2/mono/ali.2.gz|' exp2/mono/9.2.acc 
apply-cmvn --utt2spk=ark:data/st_ihm_all/train_15k/split30/2/utt2spk scp:data/st_ihm_all/train_15k/split30/2/cmvn.scp scp:data/st_ihm_all/train_15k/split30/2/feats.scp ark:- 
add-deltas ark:- ark:- 
LOG (gmm-acc-stats-ali[5.4.105~1-4fda]:main():gmm-acc-stats-ali.cc:105) Processed 50 utterances; for utterance 017814 avg. like is -117.911 over 270 frames.
LOG (gmm-acc-stats-ali[5.4.105~1-4fda]:main():gmm-acc-stats-ali.cc:105) Processed 100 utterances; for utterance 018255 avg. like is -102.584 over 418 frames.
LOG (gmm-acc-stats-ali[5.4.105~1-4fda]:main():gmm-acc-stats-ali.cc:105) Processed 150 utterances; for utterance 018768 avg. like is -107.788 over 298 frames.
LOG (gmm-acc-stats-ali[5.4.105~1-4fda]:main():gmm-acc-stats-ali.cc:105) Processed 200 utterances; for utterance 019236 avg. like is -107.394 over 98 frames.
LOG (gmm-acc-stats-ali[5.4.105~1-4fda]:main():gmm-acc-stats-ali.cc:105) Processed 250 utterances; for utterance 019663 avg. like is -109.13 over 310 frames.
LOG (gmm-acc-stats-ali[5.4.105~1-4fda]:main():gmm-acc-stats-ali.cc:105) Processed 300 utterances; for utterance 021084 avg. like is -103.194 over 338 frames.
LOG (gmm-acc-stats-ali[5.4.105~1-4fda]:main():gmm-acc-stats-ali.cc:105) Processed 350 utterances; for utterance 021443 avg. like is -98.6981 over 378 frames.
LOG (gmm-acc-stats-ali[5.4.105~1-4fda]:main():gmm-acc-stats-ali.cc:105) Processed 400 utterances; for utterance 021802 avg. like is -110.891 over 194 frames.
LOG (gmm-acc-stats-ali[5.4.105~1-4fda]:main():gmm-acc-stats-ali.cc:105) Processed 450 utterances; for utterance 022162 avg. like is -105.51 over 182 frames.
LOG (apply-cmvn[5.4.105~1-4fda]:main():apply-cmvn.cc:162) Applied cepstral mean normalization to 480 utterances, errors on 0
LOG (gmm-acc-stats-ali[5.4.105~1-4fda]:main():gmm-acc-stats-ali.cc:112) Done 480 files, 0 with errors.
LOG (gmm-acc-stats-ali[5.4.105~1-4fda]:main():gmm-acc-stats-ali.cc:115) Overall avg like per frame (Gaussian only) = -104.439 over 147068 frames.
LOG (gmm-acc-stats-ali[5.4.105~1-4fda]:main():gmm-acc-stats-ali.cc:123) Written accs.
# Accounting: time=2 threads=1
# Ended (code 0) at Wed Oct 31 22:09:17 EDT 2018, elapsed time 2 seconds
