# gmm-acc-stats-ali exp2/mono/1.mdl "ark,s,cs:apply-cmvn  --utt2spk=ark:data/st_ihm_all/train_15k/split30/12/utt2spk scp:data/st_ihm_all/train_15k/split30/12/cmvn.scp scp:data/st_ihm_all/train_15k/split30/12/feats.scp ark:- | add-deltas  ark:- ark:- |" "ark:gunzip -c exp2/mono/ali.12.gz|" exp2/mono/1.12.acc 
# Started at Wed Oct 31 22:02:25 EDT 2018
#
gmm-acc-stats-ali exp2/mono/1.mdl 'ark,s,cs:apply-cmvn  --utt2spk=ark:data/st_ihm_all/train_15k/split30/12/utt2spk scp:data/st_ihm_all/train_15k/split30/12/cmvn.scp scp:data/st_ihm_all/train_15k/split30/12/feats.scp ark:- | add-deltas  ark:- ark:- |' 'ark:gunzip -c exp2/mono/ali.12.gz|' exp2/mono/1.12.acc 
apply-cmvn --utt2spk=ark:data/st_ihm_all/train_15k/split30/12/utt2spk scp:data/st_ihm_all/train_15k/split30/12/cmvn.scp scp:data/st_ihm_all/train_15k/split30/12/feats.scp ark:- 
add-deltas ark:- ark:- 
WARNING (gmm-acc-stats-ali[5.4.105~1-4fda]:main():gmm-acc-stats-ali.cc:79) No alignment for utterance AMI_ES2008c_H01_FEE030_0034793_0035415
WARNING (gmm-acc-stats-ali[5.4.105~1-4fda]:main():gmm-acc-stats-ali.cc:79) No alignment for utterance AMI_ES2008c_H01_FEE030_0171935_0173000
LOG (gmm-acc-stats-ali[5.4.105~1-4fda]:main():gmm-acc-stats-ali.cc:105) Processed 50 utterances; for utterance AMI_ES2008c_H01_FEE030_0208086_0208151 avg. like is -121.227 over 63 frames.
LOG (gmm-acc-stats-ali[5.4.105~1-4fda]:main():gmm-acc-stats-ali.cc:105) Processed 100 utterances; for utterance AMI_ES2008d_H00_FEE029_0136416_0136454 avg. like is -105.929 over 36 frames.
WARNING (gmm-acc-stats-ali[5.4.105~1-4fda]:main():gmm-acc-stats-ali.cc:79) No alignment for utterance AMI_ES2008d_H01_FEE030_0048810_0049215
LOG (gmm-acc-stats-ali[5.4.105~1-4fda]:main():gmm-acc-stats-ali.cc:105) Processed 150 utterances; for utterance AMI_ES2008d_H01_FEE030_0203642_0204008 avg. like is -108.323 over 364 frames.
WARNING (gmm-acc-stats-ali[5.4.105~1-4fda]:main():gmm-acc-stats-ali.cc:79) No alignment for utterance AMI_ES2008d_H02_MEE031_0043879_0044891
WARNING (gmm-acc-stats-ali[5.4.105~1-4fda]:main():gmm-acc-stats-ali.cc:79) No alignment for utterance AMI_ES2008d_H02_MEE031_0211434_0212216
WARNING (gmm-acc-stats-ali[5.4.105~1-4fda]:main():gmm-acc-stats-ali.cc:79) No alignment for utterance AMI_ES2008d_H03_FEE032_0049269_0049956
WARNING (gmm-acc-stats-ali[5.4.105~1-4fda]:main():gmm-acc-stats-ali.cc:79) No alignment for utterance AMI_ES2008d_H03_FEE032_0055215_0055886
WARNING (gmm-acc-stats-ali[5.4.105~1-4fda]:main():gmm-acc-stats-ali.cc:79) No alignment for utterance AMI_ES2008d_H03_FEE032_0071159_0071949
LOG (gmm-acc-stats-ali[5.4.105~1-4fda]:main():gmm-acc-stats-ali.cc:105) Processed 200 utterances; for utterance AMI_ES2009a_H00_MEE033_0011082_0011880 avg. like is -101.099 over 796 frames.
LOG (gmm-acc-stats-ali[5.4.105~1-4fda]:main():gmm-acc-stats-ali.cc:105) Processed 250 utterances; for utterance AMI_ES2009a_H03_FEE036_0043922_0043979 avg. like is -107.442 over 55 frames.
LOG (gmm-acc-stats-ali[5.4.105~1-4fda]:main():gmm-acc-stats-ali.cc:105) Processed 300 utterances; for utterance AMI_ES2009b_H01_MEE034_0101643_0102098 avg. like is -108.555 over 453 frames.
WARNING (gmm-acc-stats-ali[5.4.105~1-4fda]:main():gmm-acc-stats-ali.cc:79) No alignment for utterance AMI_ES2009b_H03_FEE036_0133455_0134320
LOG (gmm-acc-stats-ali[5.4.105~1-4fda]:main():gmm-acc-stats-ali.cc:105) Processed 350 utterances; for utterance AMI_ES2009c_H00_MEE033_0194882_0194938 avg. like is -104.323 over 54 frames.
LOG (gmm-acc-stats-ali[5.4.105~1-4fda]:main():gmm-acc-stats-ali.cc:105) Processed 400 utterances; for utterance AMI_ES2009d_H00_MEE033_0006112_0007183 avg. like is -102.206 over 1069 frames.
LOG (gmm-acc-stats-ali[5.4.105~1-4fda]:main():gmm-acc-stats-ali.cc:105) Processed 450 utterances; for utterance AMI_ES2009d_H01_MEE034_0208259_0208339 avg. like is -104.045 over 78 frames.
LOG (apply-cmvn[5.4.105~1-4fda]:main():apply-cmvn.cc:162) Applied cepstral mean normalization to 494 utterances, errors on 0
LOG (gmm-acc-stats-ali[5.4.105~1-4fda]:main():gmm-acc-stats-ali.cc:112) Done 485 files, 9 with errors.
LOG (gmm-acc-stats-ali[5.4.105~1-4fda]:main():gmm-acc-stats-ali.cc:115) Overall avg like per frame (Gaussian only) = -107.395 over 127018 frames.
LOG (gmm-acc-stats-ali[5.4.105~1-4fda]:main():gmm-acc-stats-ali.cc:123) Written accs.
# Accounting: time=2 threads=1
# Ended (code 0) at Wed Oct 31 22:02:27 EDT 2018, elapsed time 2 seconds
