# gmm-acc-stats-ali exp2/mono/4.mdl "ark,s,cs:apply-cmvn  --utt2spk=ark:data/st_ihm_all/train_15k/split30/12/utt2spk scp:data/st_ihm_all/train_15k/split30/12/cmvn.scp scp:data/st_ihm_all/train_15k/split30/12/feats.scp ark:- | add-deltas  ark:- ark:- |" "ark:gunzip -c exp2/mono/ali.12.gz|" exp2/mono/4.12.acc 
# Started at Wed Oct 31 22:05:16 EDT 2018
#
gmm-acc-stats-ali exp2/mono/4.mdl 'ark,s,cs:apply-cmvn  --utt2spk=ark:data/st_ihm_all/train_15k/split30/12/utt2spk scp:data/st_ihm_all/train_15k/split30/12/cmvn.scp scp:data/st_ihm_all/train_15k/split30/12/feats.scp ark:- | add-deltas  ark:- ark:- |' 'ark:gunzip -c exp2/mono/ali.12.gz|' exp2/mono/4.12.acc 
apply-cmvn --utt2spk=ark:data/st_ihm_all/train_15k/split30/12/utt2spk scp:data/st_ihm_all/train_15k/split30/12/cmvn.scp scp:data/st_ihm_all/train_15k/split30/12/feats.scp ark:- 
add-deltas ark:- ark:- 
LOG (gmm-acc-stats-ali[5.4.105~1-4fda]:main():gmm-acc-stats-ali.cc:105) Processed 50 utterances; for utterance AMI_ES2008c_H01_FEE030_0193375_0193428 avg. like is -112.091 over 51 frames.
LOG (gmm-acc-stats-ali[5.4.105~1-4fda]:main():gmm-acc-stats-ali.cc:105) Processed 100 utterances; for utterance AMI_ES2008d_H00_FEE029_0130413_0130532 avg. like is -104.593 over 117 frames.
WARNING (gmm-acc-stats-ali[5.4.105~1-4fda]:main():gmm-acc-stats-ali.cc:79) No alignment for utterance AMI_ES2008d_H01_FEE030_0152290_0152516
LOG (gmm-acc-stats-ali[5.4.105~1-4fda]:main():gmm-acc-stats-ali.cc:105) Processed 150 utterances; for utterance AMI_ES2008d_H01_FEE030_0193391_0194186 avg. like is -108.842 over 793 frames.
LOG (gmm-acc-stats-ali[5.4.105~1-4fda]:main():gmm-acc-stats-ali.cc:105) Processed 200 utterances; for utterance AMI_ES2008d_H03_FEE032_0201979_0202122 avg. like is -108.998 over 141 frames.
WARNING (gmm-acc-stats-ali[5.4.105~1-4fda]:main():gmm-acc-stats-ali.cc:79) No alignment for utterance AMI_ES2008d_H03_FEE032_0255271_0256121
LOG (gmm-acc-stats-ali[5.4.105~1-4fda]:main():gmm-acc-stats-ali.cc:105) Processed 250 utterances; for utterance AMI_ES2009a_H02_MEE035_0098844_0099168 avg. like is -102.395 over 322 frames.
WARNING (gmm-acc-stats-ali[5.4.105~1-4fda]:main():gmm-acc-stats-ali.cc:79) No alignment for utterance AMI_ES2009a_H03_FEE036_0041684_0041947
LOG (gmm-acc-stats-ali[5.4.105~1-4fda]:main():gmm-acc-stats-ali.cc:105) Processed 300 utterances; for utterance AMI_ES2009b_H01_MEE034_0019682_0020027 avg. like is -99.0525 over 343 frames.
LOG (gmm-acc-stats-ali[5.4.105~1-4fda]:main():gmm-acc-stats-ali.cc:105) Processed 350 utterances; for utterance AMI_ES2009c_H00_MEE033_0157186_0157702 avg. like is -101.511 over 514 frames.
LOG (gmm-acc-stats-ali[5.4.105~1-4fda]:main():gmm-acc-stats-ali.cc:105) Processed 400 utterances; for utterance AMI_ES2009c_H03_FEE036_0153396_0153430 avg. like is -90.8116 over 32 frames.
LOG (gmm-acc-stats-ali[5.4.105~1-4fda]:main():gmm-acc-stats-ali.cc:105) Processed 450 utterances; for utterance AMI_ES2009d_H01_MEE034_0143727_0143771 avg. like is -107.237 over 42 frames.
LOG (apply-cmvn[5.4.105~1-4fda]:main():apply-cmvn.cc:162) Applied cepstral mean normalization to 494 utterances, errors on 0
LOG (gmm-acc-stats-ali[5.4.105~1-4fda]:main():gmm-acc-stats-ali.cc:112) Done 491 files, 3 with errors.
LOG (gmm-acc-stats-ali[5.4.105~1-4fda]:main():gmm-acc-stats-ali.cc:115) Overall avg like per frame (Gaussian only) = -103.239 over 132566 frames.
LOG (gmm-acc-stats-ali[5.4.105~1-4fda]:main():gmm-acc-stats-ali.cc:123) Written accs.
# Accounting: time=1 threads=1
# Ended (code 0) at Wed Oct 31 22:05:17 EDT 2018, elapsed time 1 seconds
