# gmm-acc-stats-ali exp2/mono/17.mdl "ark,s,cs:apply-cmvn  --utt2spk=ark:data/st_ihm_all/train_15k/split30/14/utt2spk scp:data/st_ihm_all/train_15k/split30/14/cmvn.scp scp:data/st_ihm_all/train_15k/split30/14/feats.scp ark:- | add-deltas  ark:- ark:- |" "ark:gunzip -c exp2/mono/ali.14.gz|" exp2/mono/17.14.acc 
# Started at Wed Oct 31 22:12:28 EDT 2018
#
gmm-acc-stats-ali exp2/mono/17.mdl 'ark,s,cs:apply-cmvn  --utt2spk=ark:data/st_ihm_all/train_15k/split30/14/utt2spk scp:data/st_ihm_all/train_15k/split30/14/cmvn.scp scp:data/st_ihm_all/train_15k/split30/14/feats.scp ark:- | add-deltas  ark:- ark:- |' 'ark:gunzip -c exp2/mono/ali.14.gz|' exp2/mono/17.14.acc 
add-deltas ark:- ark:- 
apply-cmvn --utt2spk=ark:data/st_ihm_all/train_15k/split30/14/utt2spk scp:data/st_ihm_all/train_15k/split30/14/cmvn.scp scp:data/st_ihm_all/train_15k/split30/14/feats.scp ark:- 
LOG (gmm-acc-stats-ali[5.4.105~1-4fda]:main():gmm-acc-stats-ali.cc:105) Processed 50 utterances; for utterance AMI_ES2013b_H02_FEE051_0210666_0211019 avg. like is -103.024 over 351 frames.
LOG (gmm-acc-stats-ali[5.4.105~1-4fda]:main():gmm-acc-stats-ali.cc:105) Processed 100 utterances; for utterance AMI_ES2013c_H01_FEE050_0107322_0107824 avg. like is -105.837 over 500 frames.
LOG (gmm-acc-stats-ali[5.4.105~1-4fda]:main():gmm-acc-stats-ali.cc:105) Processed 150 utterances; for utterance AMI_ES2013d_H00_FEE049_0009022_0009083 avg. like is -102.875 over 59 frames.
WARNING (gmm-acc-stats-ali[5.4.105~1-4fda]:main():gmm-acc-stats-ali.cc:79) No alignment for utterance AMI_ES2013d_H02_FEE051_0117820_0118003
LOG (gmm-acc-stats-ali[5.4.105~1-4fda]:main():gmm-acc-stats-ali.cc:105) Processed 200 utterances; for utterance AMI_ES2013d_H03_FEE052_0068704_0069164 avg. like is -94.739 over 458 frames.
LOG (gmm-acc-stats-ali[5.4.105~1-4fda]:main():gmm-acc-stats-ali.cc:105) Processed 250 utterances; for utterance AMI_ES2014a_H03_MEE056_0050276_0050331 avg. like is -98.3743 over 53 frames.
LOG (gmm-acc-stats-ali[5.4.105~1-4fda]:main():gmm-acc-stats-ali.cc:105) Processed 300 utterances; for utterance AMI_ES2014b_H01_MEE054_0185633_0186053 avg. like is -96.092 over 418 frames.
LOG (gmm-acc-stats-ali[5.4.105~1-4fda]:main():gmm-acc-stats-ali.cc:105) Processed 350 utterances; for utterance AMI_ES2014c_H00_MEE053_0067464_0067572 avg. like is -97.5846 over 106 frames.
LOG (gmm-acc-stats-ali[5.4.105~1-4fda]:main():gmm-acc-stats-ali.cc:105) Processed 400 utterances; for utterance AMI_ES2014c_H02_FEE055_0089463_0089659 avg. like is -96.5812 over 194 frames.
LOG (gmm-acc-stats-ali[5.4.105~1-4fda]:main():gmm-acc-stats-ali.cc:105) Processed 450 utterances; for utterance AMI_ES2014d_H00_MEE053_0104830_0104891 avg. like is -91.1584 over 59 frames.
LOG (apply-cmvn[5.4.105~1-4fda]:main():apply-cmvn.cc:162) Applied cepstral mean normalization to 497 utterances, errors on 0
LOG (gmm-acc-stats-ali[5.4.105~1-4fda]:main():gmm-acc-stats-ali.cc:112) Done 496 files, 1 with errors.
LOG (gmm-acc-stats-ali[5.4.105~1-4fda]:main():gmm-acc-stats-ali.cc:115) Overall avg like per frame (Gaussian only) = -98.8216 over 147564 frames.
LOG (gmm-acc-stats-ali[5.4.105~1-4fda]:main():gmm-acc-stats-ali.cc:123) Written accs.
# Accounting: time=2 threads=1
# Ended (code 0) at Wed Oct 31 22:12:30 EDT 2018, elapsed time 2 seconds
