# gmm-acc-stats-ali exp2/mono/8.mdl "ark,s,cs:apply-cmvn  --utt2spk=ark:data/st_ihm_all/train_15k/split30/15/utt2spk scp:data/st_ihm_all/train_15k/split30/15/cmvn.scp scp:data/st_ihm_all/train_15k/split30/15/feats.scp ark:- | add-deltas  ark:- ark:- |" "ark:gunzip -c exp2/mono/ali.15.gz|" exp2/mono/8.15.acc 
# Started at Wed Oct 31 22:08:31 EDT 2018
#
gmm-acc-stats-ali exp2/mono/8.mdl 'ark,s,cs:apply-cmvn  --utt2spk=ark:data/st_ihm_all/train_15k/split30/15/utt2spk scp:data/st_ihm_all/train_15k/split30/15/cmvn.scp scp:data/st_ihm_all/train_15k/split30/15/feats.scp ark:- | add-deltas  ark:- ark:- |' 'ark:gunzip -c exp2/mono/ali.15.gz|' exp2/mono/8.15.acc 
apply-cmvn --utt2spk=ark:data/st_ihm_all/train_15k/split30/15/utt2spk scp:data/st_ihm_all/train_15k/split30/15/cmvn.scp scp:data/st_ihm_all/train_15k/split30/15/feats.scp ark:- 
add-deltas ark:- ark:- 
WARNING (gmm-acc-stats-ali[5.4.105~1-4fda]:main():gmm-acc-stats-ali.cc:79) No alignment for utterance AMI_ES2014d_H02_FEE055_0279679_0279976
LOG (gmm-acc-stats-ali[5.4.105~1-4fda]:main():gmm-acc-stats-ali.cc:105) Processed 50 utterances; for utterance AMI_ES2014d_H03_MEE056_0177417_0177457 avg. like is -93.3493 over 38 frames.
LOG (gmm-acc-stats-ali[5.4.105~1-4fda]:main():gmm-acc-stats-ali.cc:105) Processed 100 utterances; for utterance AMI_ES2015a_H02_FEE059_0048486_0048685 avg. like is -111.48 over 197 frames.
LOG (gmm-acc-stats-ali[5.4.105~1-4fda]:main():gmm-acc-stats-ali.cc:105) Processed 150 utterances; for utterance AMI_ES2015b_H01_FEE058_0032815_0033357 avg. like is -103.854 over 540 frames.
LOG (gmm-acc-stats-ali[5.4.105~1-4fda]:main():gmm-acc-stats-ali.cc:105) Processed 200 utterances; for utterance AMI_ES2015b_H03_FEE060_0087470_0087869 avg. like is -99.9093 over 397 frames.
LOG (gmm-acc-stats-ali[5.4.105~1-4fda]:main():gmm-acc-stats-ali.cc:105) Processed 250 utterances; for utterance AMI_ES2015c_H00_FEE057_0155727_0155909 avg. like is -97.9372 over 180 frames.
LOG (gmm-acc-stats-ali[5.4.105~1-4fda]:main():gmm-acc-stats-ali.cc:105) Processed 300 utterances; for utterance AMI_ES2015c_H01_FEE058_0205888_0206691 avg. like is -102.481 over 801 frames.
LOG (gmm-acc-stats-ali[5.4.105~1-4fda]:main():gmm-acc-stats-ali.cc:105) Processed 350 utterances; for utterance AMI_ES2015d_H00_FEE057_0046905_0046992 avg. like is -94.8861 over 85 frames.
WARNING (gmm-acc-stats-ali[5.4.105~1-4fda]:main():gmm-acc-stats-ali.cc:79) No alignment for utterance AMI_ES2015d_H00_FEE057_0052664_0052836
LOG (gmm-acc-stats-ali[5.4.105~1-4fda]:main():gmm-acc-stats-ali.cc:105) Processed 400 utterances; for utterance AMI_ES2015d_H01_FEE058_0126108_0126154 avg. like is -95.5603 over 44 frames.
WARNING (gmm-acc-stats-ali[5.4.105~1-4fda]:main():gmm-acc-stats-ali.cc:79) No alignment for utterance AMI_ES2015d_H03_FEE060_0073609_0073819
LOG (gmm-acc-stats-ali[5.4.105~1-4fda]:main():gmm-acc-stats-ali.cc:105) Processed 450 utterances; for utterance AMI_ES2015d_H03_FEE060_0079748_0080026 avg. like is -102.613 over 276 frames.
LOG (apply-cmvn[5.4.105~1-4fda]:main():apply-cmvn.cc:162) Applied cepstral mean normalization to 499 utterances, errors on 0
LOG (gmm-acc-stats-ali[5.4.105~1-4fda]:main():gmm-acc-stats-ali.cc:112) Done 496 files, 3 with errors.
LOG (gmm-acc-stats-ali[5.4.105~1-4fda]:main():gmm-acc-stats-ali.cc:115) Overall avg like per frame (Gaussian only) = -100.393 over 116950 frames.
LOG (gmm-acc-stats-ali[5.4.105~1-4fda]:main():gmm-acc-stats-ali.cc:123) Written accs.
# Accounting: time=1 threads=1
# Ended (code 0) at Wed Oct 31 22:08:32 EDT 2018, elapsed time 1 seconds
