# gmm-acc-stats-ali exp2/mono/15.mdl "ark,s,cs:apply-cmvn  --utt2spk=ark:data/st_ihm_all/train_15k/split30/20/utt2spk scp:data/st_ihm_all/train_15k/split30/20/cmvn.scp scp:data/st_ihm_all/train_15k/split30/20/feats.scp ark:- | add-deltas  ark:- ark:- |" "ark:gunzip -c exp2/mono/ali.20.gz|" exp2/mono/15.20.acc 
# Started at Wed Oct 31 22:11:41 EDT 2018
#
gmm-acc-stats-ali exp2/mono/15.mdl 'ark,s,cs:apply-cmvn  --utt2spk=ark:data/st_ihm_all/train_15k/split30/20/utt2spk scp:data/st_ihm_all/train_15k/split30/20/cmvn.scp scp:data/st_ihm_all/train_15k/split30/20/feats.scp ark:- | add-deltas  ark:- ark:- |' 'ark:gunzip -c exp2/mono/ali.20.gz|' exp2/mono/15.20.acc 
add-deltas ark:- ark:- 
apply-cmvn --utt2spk=ark:data/st_ihm_all/train_15k/split30/20/utt2spk scp:data/st_ihm_all/train_15k/split30/20/cmvn.scp scp:data/st_ihm_all/train_15k/split30/20/feats.scp ark:- 
LOG (gmm-acc-stats-ali[5.4.105~1-4fda]:main():gmm-acc-stats-ali.cc:105) Processed 50 utterances; for utterance AMI_IS1000d_H00_FIE081_0079218_0079404 avg. like is -100.283 over 184 frames.
LOG (gmm-acc-stats-ali[5.4.105~1-4fda]:main():gmm-acc-stats-ali.cc:105) Processed 100 utterances; for utterance AMI_IS1000d_H01_MIO082_0104051_0104224 avg. like is -95.4919 over 171 frames.
LOG (gmm-acc-stats-ali[5.4.105~1-4fda]:main():gmm-acc-stats-ali.cc:105) Processed 150 utterances; for utterance AMI_IS1000d_H02_MIO016_0169247_0169315 avg. like is -84.6206 over 66 frames.
LOG (gmm-acc-stats-ali[5.4.105~1-4fda]:main():gmm-acc-stats-ali.cc:105) Processed 200 utterances; for utterance AMI_IS1001a_H00_MIO043_0065240_0065313 avg. like is -99.8417 over 71 frames.
LOG (gmm-acc-stats-ali[5.4.105~1-4fda]:main():gmm-acc-stats-ali.cc:105) Processed 250 utterances; for utterance AMI_IS1001b_H00_MIO043_0187809_0188123 avg. like is -92.3489 over 312 frames.
LOG (gmm-acc-stats-ali[5.4.105~1-4fda]:main():gmm-acc-stats-ali.cc:105) Processed 300 utterances; for utterance AMI_IS1001b_H03_FIO074_0042666_0042779 avg. like is -87.5735 over 111 frames.
LOG (gmm-acc-stats-ali[5.4.105~1-4fda]:main():gmm-acc-stats-ali.cc:105) Processed 350 utterances; for utterance AMI_IS1001c_H02_MIO012_0047838_0047923 avg. like is -90.3669 over 83 frames.
LOG (gmm-acc-stats-ali[5.4.105~1-4fda]:main():gmm-acc-stats-ali.cc:105) Processed 400 utterances; for utterance AMI_IS1001d_H03_FIO074_0024415_0024488 avg. like is -96.0226 over 71 frames.
LOG (gmm-acc-stats-ali[5.4.105~1-4fda]:main():gmm-acc-stats-ali.cc:105) Processed 450 utterances; for utterance AMI_IS1002b_H01_MIE029_0151356_0151528 avg. like is -102.813 over 170 frames.
LOG (apply-cmvn[5.4.105~1-4fda]:main():apply-cmvn.cc:162) Applied cepstral mean normalization to 507 utterances, errors on 0
LOG (gmm-acc-stats-ali[5.4.105~1-4fda]:main():gmm-acc-stats-ali.cc:105) Processed 500 utterances; for utterance AMI_IS1002c_H00_MIE080_0006629_0006947 avg. like is -96.9509 over 316 frames.
LOG (gmm-acc-stats-ali[5.4.105~1-4fda]:main():gmm-acc-stats-ali.cc:112) Done 507 files, 0 with errors.
LOG (gmm-acc-stats-ali[5.4.105~1-4fda]:main():gmm-acc-stats-ali.cc:115) Overall avg like per frame (Gaussian only) = -97.6438 over 129231 frames.
LOG (gmm-acc-stats-ali[5.4.105~1-4fda]:main():gmm-acc-stats-ali.cc:123) Written accs.
# Accounting: time=1 threads=1
# Ended (code 0) at Wed Oct 31 22:11:42 EDT 2018, elapsed time 1 seconds
