# gmm-acc-stats-ali exp2/mono/36.mdl "ark,s,cs:apply-cmvn  --utt2spk=ark:data/st_ihm_all/train_15k/split30/8/utt2spk scp:data/st_ihm_all/train_15k/split30/8/cmvn.scp scp:data/st_ihm_all/train_15k/split30/8/feats.scp ark:- | add-deltas  ark:- ark:- |" "ark:gunzip -c exp2/mono/ali.8.gz|" exp2/mono/36.8.acc 
# Started at Wed Oct 31 22:18:45 EDT 2018
#
gmm-acc-stats-ali exp2/mono/36.mdl 'ark,s,cs:apply-cmvn  --utt2spk=ark:data/st_ihm_all/train_15k/split30/8/utt2spk scp:data/st_ihm_all/train_15k/split30/8/cmvn.scp scp:data/st_ihm_all/train_15k/split30/8/feats.scp ark:- | add-deltas  ark:- ark:- |' 'ark:gunzip -c exp2/mono/ali.8.gz|' exp2/mono/36.8.acc 
add-deltas ark:- ark:- 
apply-cmvn --utt2spk=ark:data/st_ihm_all/train_15k/split30/8/utt2spk scp:data/st_ihm_all/train_15k/split30/8/cmvn.scp scp:data/st_ihm_all/train_15k/split30/8/feats.scp ark:- 
LOG (gmm-acc-stats-ali[5.4.105~1-4fda]:main():gmm-acc-stats-ali.cc:105) Processed 50 utterances; for utterance AMI_EN2009d_H00_FEE083_0405226_0405399 avg. like is -107.724 over 171 frames.
LOG (gmm-acc-stats-ali[5.4.105~1-4fda]:main():gmm-acc-stats-ali.cc:105) Processed 100 utterances; for utterance AMI_EN2009d_H01_FEE096_0139406_0139629 avg. like is -103.796 over 221 frames.
LOG (gmm-acc-stats-ali[5.4.105~1-4fda]:main():gmm-acc-stats-ali.cc:105) Processed 150 utterances; for utterance AMI_EN2009d_H01_FEE096_0337690_0337803 avg. like is -93.8008 over 111 frames.
LOG (gmm-acc-stats-ali[5.4.105~1-4fda]:main():gmm-acc-stats-ali.cc:105) Processed 200 utterances; for utterance AMI_EN2009d_H02_MEE094_0097523_0098310 avg. like is -103.572 over 785 frames.
LOG (gmm-acc-stats-ali[5.4.105~1-4fda]:main():gmm-acc-stats-ali.cc:105) Processed 250 utterances; for utterance AMI_EN2009d_H03_MEE095_0232594_0233321 avg. like is -102.386 over 725 frames.
LOG (gmm-acc-stats-ali[5.4.105~1-4fda]:main():gmm-acc-stats-ali.cc:105) Processed 300 utterances; for utterance AMI_ES2002a_H01_FEE005_0077201_0077214 avg. like is -96.2549 over 11 frames.
LOG (gmm-acc-stats-ali[5.4.105~1-4fda]:main():gmm-acc-stats-ali.cc:105) Processed 350 utterances; for utterance AMI_ES2002b_H01_FEE005_0013966_0014168 avg. like is -102.435 over 200 frames.
LOG (gmm-acc-stats-ali[5.4.105~1-4fda]:main():gmm-acc-stats-ali.cc:105) Processed 400 utterances; for utterance AMI_ES2002b_H03_MEE008_0067925_0068271 avg. like is -94.7681 over 344 frames.
LOG (gmm-acc-stats-ali[5.4.105~1-4fda]:main():gmm-acc-stats-ali.cc:105) Processed 450 utterances; for utterance AMI_ES2002c_H00_MEE006_0235641_0235857 avg. like is -110.761 over 214 frames.
LOG (apply-cmvn[5.4.105~1-4fda]:main():apply-cmvn.cc:162) Applied cepstral mean normalization to 486 utterances, errors on 0
LOG (gmm-acc-stats-ali[5.4.105~1-4fda]:main():gmm-acc-stats-ali.cc:112) Done 486 files, 0 with errors.
LOG (gmm-acc-stats-ali[5.4.105~1-4fda]:main():gmm-acc-stats-ali.cc:115) Overall avg like per frame (Gaussian only) = -99.6758 over 114068 frames.
LOG (gmm-acc-stats-ali[5.4.105~1-4fda]:main():gmm-acc-stats-ali.cc:123) Written accs.
# Accounting: time=1 threads=1
# Ended (code 0) at Wed Oct 31 22:18:46 EDT 2018, elapsed time 1 seconds
