# gmm-acc-stats-ali exp2/mono/16.mdl "ark,s,cs:apply-cmvn  --utt2spk=ark:data/st_ihm_all/train_15k/split30/2/utt2spk scp:data/st_ihm_all/train_15k/split30/2/cmvn.scp scp:data/st_ihm_all/train_15k/split30/2/feats.scp ark:- | add-deltas  ark:- ark:- |" "ark:gunzip -c exp2/mono/ali.2.gz|" exp2/mono/16.2.acc 
# Started at Wed Oct 31 22:12:24 EDT 2018
#
gmm-acc-stats-ali exp2/mono/16.mdl 'ark,s,cs:apply-cmvn  --utt2spk=ark:data/st_ihm_all/train_15k/split30/2/utt2spk scp:data/st_ihm_all/train_15k/split30/2/cmvn.scp scp:data/st_ihm_all/train_15k/split30/2/feats.scp ark:- | add-deltas  ark:- ark:- |' 'ark:gunzip -c exp2/mono/ali.2.gz|' exp2/mono/16.2.acc 
add-deltas ark:- ark:- 
apply-cmvn --utt2spk=ark:data/st_ihm_all/train_15k/split30/2/utt2spk scp:data/st_ihm_all/train_15k/split30/2/cmvn.scp scp:data/st_ihm_all/train_15k/split30/2/feats.scp ark:- 
LOG (gmm-acc-stats-ali[5.4.105~1-4fda]:main():gmm-acc-stats-ali.cc:105) Processed 50 utterances; for utterance 017814 avg. like is -117.036 over 270 frames.
LOG (gmm-acc-stats-ali[5.4.105~1-4fda]:main():gmm-acc-stats-ali.cc:105) Processed 100 utterances; for utterance 018255 avg. like is -102.273 over 418 frames.
LOG (gmm-acc-stats-ali[5.4.105~1-4fda]:main():gmm-acc-stats-ali.cc:105) Processed 150 utterances; for utterance 018768 avg. like is -107.192 over 298 frames.
LOG (gmm-acc-stats-ali[5.4.105~1-4fda]:main():gmm-acc-stats-ali.cc:105) Processed 200 utterances; for utterance 019236 avg. like is -107.201 over 98 frames.
LOG (gmm-acc-stats-ali[5.4.105~1-4fda]:main():gmm-acc-stats-ali.cc:105) Processed 250 utterances; for utterance 019663 avg. like is -108.443 over 310 frames.
LOG (gmm-acc-stats-ali[5.4.105~1-4fda]:main():gmm-acc-stats-ali.cc:105) Processed 300 utterances; for utterance 021084 avg. like is -102.155 over 338 frames.
LOG (gmm-acc-stats-ali[5.4.105~1-4fda]:main():gmm-acc-stats-ali.cc:105) Processed 350 utterances; for utterance 021443 avg. like is -98.021 over 378 frames.
LOG (gmm-acc-stats-ali[5.4.105~1-4fda]:main():gmm-acc-stats-ali.cc:105) Processed 400 utterances; for utterance 021802 avg. like is -110.633 over 194 frames.
LOG (gmm-acc-stats-ali[5.4.105~1-4fda]:main():gmm-acc-stats-ali.cc:105) Processed 450 utterances; for utterance 022162 avg. like is -105.239 over 182 frames.
LOG (apply-cmvn[5.4.105~1-4fda]:main():apply-cmvn.cc:162) Applied cepstral mean normalization to 480 utterances, errors on 0
LOG (gmm-acc-stats-ali[5.4.105~1-4fda]:main():gmm-acc-stats-ali.cc:112) Done 480 files, 0 with errors.
LOG (gmm-acc-stats-ali[5.4.105~1-4fda]:main():gmm-acc-stats-ali.cc:115) Overall avg like per frame (Gaussian only) = -103.852 over 147068 frames.
LOG (gmm-acc-stats-ali[5.4.105~1-4fda]:main():gmm-acc-stats-ali.cc:123) Written accs.
# Accounting: time=1 threads=1
# Ended (code 0) at Wed Oct 31 22:12:26 EDT 2018, elapsed time 1 seconds
