# gmm-acc-stats-ali exp2/mono/6.mdl "ark,s,cs:apply-cmvn  --utt2spk=ark:data/st_ihm_all/train_15k/split30/23/utt2spk scp:data/st_ihm_all/train_15k/split30/23/cmvn.scp scp:data/st_ihm_all/train_15k/split30/23/feats.scp ark:- | add-deltas  ark:- ark:- |" "ark:gunzip -c exp2/mono/ali.23.gz|" exp2/mono/6.23.acc 
# Started at Wed Oct 31 22:06:57 EDT 2018
#
gmm-acc-stats-ali exp2/mono/6.mdl 'ark,s,cs:apply-cmvn  --utt2spk=ark:data/st_ihm_all/train_15k/split30/23/utt2spk scp:data/st_ihm_all/train_15k/split30/23/cmvn.scp scp:data/st_ihm_all/train_15k/split30/23/feats.scp ark:- | add-deltas  ark:- ark:- |' 'ark:gunzip -c exp2/mono/ali.23.gz|' exp2/mono/6.23.acc 
add-deltas ark:- ark:- 
apply-cmvn --utt2spk=ark:data/st_ihm_all/train_15k/split30/23/utt2spk scp:data/st_ihm_all/train_15k/split30/23/cmvn.scp scp:data/st_ihm_all/train_15k/split30/23/feats.scp ark:- 
LOG (gmm-acc-stats-ali[5.4.105~1-4fda]:main():gmm-acc-stats-ali.cc:105) Processed 50 utterances; for utterance AMI_IS1006c_H00_FIO041_0034811_0035001 avg. like is -97.6588 over 188 frames.
LOG (gmm-acc-stats-ali[5.4.105~1-4fda]:main():gmm-acc-stats-ali.cc:105) Processed 100 utterances; for utterance AMI_IS1006c_H02_MIO078_0156923_0156959 avg. like is -101.819 over 34 frames.
LOG (gmm-acc-stats-ali[5.4.105~1-4fda]:main():gmm-acc-stats-ali.cc:105) Processed 150 utterances; for utterance AMI_IS1006d_H00_FIO041_0112841_0112910 avg. like is -88.6763 over 67 frames.
LOG (gmm-acc-stats-ali[5.4.105~1-4fda]:main():gmm-acc-stats-ali.cc:105) Processed 200 utterances; for utterance AMI_IS1006d_H02_MIO078_0068173_0068290 avg. like is -98.1842 over 115 frames.
LOG (gmm-acc-stats-ali[5.4.105~1-4fda]:main():gmm-acc-stats-ali.cc:105) Processed 250 utterances; for utterance AMI_IS1006d_H03_MIO008_0107182_0107720 avg. like is -105.459 over 536 frames.
LOG (gmm-acc-stats-ali[5.4.105~1-4fda]:main():gmm-acc-stats-ali.cc:105) Processed 300 utterances; for utterance AMI_IS1007a_H01_MIO025_0082931_0083328 avg. like is -93.45 over 395 frames.
LOG (gmm-acc-stats-ali[5.4.105~1-4fda]:main():gmm-acc-stats-ali.cc:105) Processed 350 utterances; for utterance AMI_IS1007b_H02_MIO075_0040152_0040800 avg. like is -97.5147 over 646 frames.
LOG (gmm-acc-stats-ali[5.4.105~1-4fda]:main():gmm-acc-stats-ali.cc:105) Processed 400 utterances; for utterance AMI_IS1007c_H01_MIO025_0127598_0127786 avg. like is -93.877 over 186 frames.
LOG (gmm-acc-stats-ali[5.4.105~1-4fda]:main():gmm-acc-stats-ali.cc:105) Processed 450 utterances; for utterance AMI_IS1007d_H00_MIO049_0007689_0008000 avg. like is -102.255 over 309 frames.
LOG (gmm-acc-stats-ali[5.4.105~1-4fda]:main():gmm-acc-stats-ali.cc:105) Processed 500 utterances; for utterance AMI_IS1007d_H02_MIO075_0080398_0081077 avg. like is -97.1979 over 677 frames.
LOG (apply-cmvn[5.4.105~1-4fda]:main():apply-cmvn.cc:162) Applied cepstral mean normalization to 512 utterances, errors on 0
LOG (gmm-acc-stats-ali[5.4.105~1-4fda]:main():gmm-acc-stats-ali.cc:112) Done 512 files, 0 with errors.
LOG (gmm-acc-stats-ali[5.4.105~1-4fda]:main():gmm-acc-stats-ali.cc:115) Overall avg like per frame (Gaussian only) = -99.5838 over 140320 frames.
LOG (gmm-acc-stats-ali[5.4.105~1-4fda]:main():gmm-acc-stats-ali.cc:123) Written accs.
# Accounting: time=2 threads=1
# Ended (code 0) at Wed Oct 31 22:06:59 EDT 2018, elapsed time 2 seconds
