# gmm-acc-stats-ali exp2/mono/1.mdl "ark,s,cs:apply-cmvn  --utt2spk=ark:data/st_ihm_all/train_15k/split30/26/utt2spk scp:data/st_ihm_all/train_15k/split30/26/cmvn.scp scp:data/st_ihm_all/train_15k/split30/26/feats.scp ark:- | add-deltas  ark:- ark:- |" "ark:gunzip -c exp2/mono/ali.26.gz|" exp2/mono/1.26.acc 
# Started at Wed Oct 31 22:02:27 EDT 2018
#
gmm-acc-stats-ali exp2/mono/1.mdl 'ark,s,cs:apply-cmvn  --utt2spk=ark:data/st_ihm_all/train_15k/split30/26/utt2spk scp:data/st_ihm_all/train_15k/split30/26/cmvn.scp scp:data/st_ihm_all/train_15k/split30/26/feats.scp ark:- | add-deltas  ark:- ark:- |' 'ark:gunzip -c exp2/mono/ali.26.gz|' exp2/mono/1.26.acc 
add-deltas ark:- ark:- 
apply-cmvn --utt2spk=ark:data/st_ihm_all/train_15k/split30/26/utt2spk scp:data/st_ihm_all/train_15k/split30/26/cmvn.scp scp:data/st_ihm_all/train_15k/split30/26/feats.scp ark:- 
LOG (gmm-acc-stats-ali[5.4.105~1-4fda]:main():gmm-acc-stats-ali.cc:105) Processed 50 utterances; for utterance AMI_TS3006d_H03_MTD024ME_0154231_0154462 avg. like is -99.022 over 229 frames.
LOG (gmm-acc-stats-ali[5.4.105~1-4fda]:main():gmm-acc-stats-ali.cc:105) Processed 100 utterances; for utterance AMI_TS3007a_H00_MTD025PM_0057674_0057770 avg. like is -99.971 over 94 frames.
LOG (gmm-acc-stats-ali[5.4.105~1-4fda]:main():gmm-acc-stats-ali.cc:105) Processed 150 utterances; for utterance AMI_TS3007a_H03_MTD028ME_0110518_0110647 avg. like is -102.459 over 127 frames.
LOG (gmm-acc-stats-ali[5.4.105~1-4fda]:main():gmm-acc-stats-ali.cc:105) Processed 200 utterances; for utterance AMI_TS3007b_H02_MTD026UID_0058079_0058916 avg. like is -110.102 over 835 frames.
WARNING (gmm-acc-stats-ali[5.4.105~1-4fda]:main():gmm-acc-stats-ali.cc:79) No alignment for utterance AMI_TS3007b_H03_MTD028ME_0208713_0209648
LOG (gmm-acc-stats-ali[5.4.105~1-4fda]:main():gmm-acc-stats-ali.cc:105) Processed 250 utterances; for utterance AMI_TS3007c_H00_MTD025PM_0010851_0011475 avg. like is -101.257 over 622 frames.
LOG (gmm-acc-stats-ali[5.4.105~1-4fda]:main():gmm-acc-stats-ali.cc:105) Processed 300 utterances; for utterance AMI_TS3007c_H01_MTD027ID_0200261_0200817 avg. like is -102.883 over 554 frames.
LOG (gmm-acc-stats-ali[5.4.105~1-4fda]:main():gmm-acc-stats-ali.cc:105) Processed 350 utterances; for utterance AMI_TS3007c_H03_MTD028ME_0106129_0106471 avg. like is -100.064 over 340 frames.
LOG (gmm-acc-stats-ali[5.4.105~1-4fda]:main():gmm-acc-stats-ali.cc:105) Processed 400 utterances; for utterance AMI_TS3007d_H00_MTD025PM_0177794_0178057 avg. like is -102.985 over 261 frames.
LOG (gmm-acc-stats-ali[5.4.105~1-4fda]:main():gmm-acc-stats-ali.cc:105) Processed 450 utterances; for utterance AMI_TS3007d_H01_MTD027ID_0179628_0179836 avg. like is -106.512 over 206 frames.
LOG (gmm-acc-stats-ali[5.4.105~1-4fda]:main():gmm-acc-stats-ali.cc:105) Processed 500 utterances; for utterance AMI_TS3007d_H03_MTD028ME_0069654_0069765 avg. like is -106.444 over 109 frames.
LOG (apply-cmvn[5.4.105~1-4fda]:main():apply-cmvn.cc:162) Applied cepstral mean normalization to 518 utterances, errors on 0
LOG (gmm-acc-stats-ali[5.4.105~1-4fda]:main():gmm-acc-stats-ali.cc:112) Done 517 files, 1 with errors.
LOG (gmm-acc-stats-ali[5.4.105~1-4fda]:main():gmm-acc-stats-ali.cc:115) Overall avg like per frame (Gaussian only) = -104.077 over 129234 frames.
LOG (gmm-acc-stats-ali[5.4.105~1-4fda]:main():gmm-acc-stats-ali.cc:123) Written accs.
# Accounting: time=1 threads=1
# Ended (code 0) at Wed Oct 31 22:02:28 EDT 2018, elapsed time 1 seconds
