# gmm-acc-stats-ali exp2/mono/35.mdl "ark,s,cs:apply-cmvn  --utt2spk=ark:data/st_ihm_all/train_15k/split30/18/utt2spk scp:data/st_ihm_all/train_15k/split30/18/cmvn.scp scp:data/st_ihm_all/train_15k/split30/18/feats.scp ark:- | add-deltas  ark:- ark:- |" "ark:gunzip -c exp2/mono/ali.18.gz|" exp2/mono/35.18.acc 
# Started at Wed Oct 31 22:18:42 EDT 2018
#
gmm-acc-stats-ali exp2/mono/35.mdl 'ark,s,cs:apply-cmvn  --utt2spk=ark:data/st_ihm_all/train_15k/split30/18/utt2spk scp:data/st_ihm_all/train_15k/split30/18/cmvn.scp scp:data/st_ihm_all/train_15k/split30/18/feats.scp ark:- | add-deltas  ark:- ark:- |' 'ark:gunzip -c exp2/mono/ali.18.gz|' exp2/mono/35.18.acc 
apply-cmvn --utt2spk=ark:data/st_ihm_all/train_15k/split30/18/utt2spk scp:data/st_ihm_all/train_15k/split30/18/cmvn.scp scp:data/st_ihm_all/train_15k/split30/18/feats.scp ark:- 
add-deltas ark:- ark:- 
LOG (gmm-acc-stats-ali[5.4.105~1-4fda]:main():gmm-acc-stats-ali.cc:105) Processed 50 utterances; for utterance AMI_IN1009_H00_MIO100_0062723_0063373 avg. like is -96.2261 over 648 frames.
LOG (gmm-acc-stats-ali[5.4.105~1-4fda]:main():gmm-acc-stats-ali.cc:105) Processed 100 utterances; for utterance AMI_IN1012_H00_MIO078_0030642_0030942 avg. like is -98.1919 over 298 frames.
LOG (gmm-acc-stats-ali[5.4.105~1-4fda]:main():gmm-acc-stats-ali.cc:105) Processed 150 utterances; for utterance AMI_IN1012_H00_MIO078_0281786_0281810 avg. like is -94.6083 over 22 frames.
LOG (gmm-acc-stats-ali[5.4.105~1-4fda]:main():gmm-acc-stats-ali.cc:105) Processed 200 utterances; for utterance AMI_IN1012_H02_MIO077_0028542_0028614 avg. like is -100.415 over 70 frames.
LOG (gmm-acc-stats-ali[5.4.105~1-4fda]:main():gmm-acc-stats-ali.cc:105) Processed 250 utterances; for utterance AMI_IN1012_H03_MIO018_0115061_0115298 avg. like is -99.2108 over 235 frames.
LOG (gmm-acc-stats-ali[5.4.105~1-4fda]:main():gmm-acc-stats-ali.cc:105) Processed 300 utterances; for utterance AMI_IN1013_H00_MIE034_0193761_0193796 avg. like is -80.9478 over 33 frames.
LOG (gmm-acc-stats-ali[5.4.105~1-4fda]:main():gmm-acc-stats-ali.cc:105) Processed 350 utterances; for utterance AMI_IN1013_H01_MIO078_0158680_0158708 avg. like is -112.814 over 26 frames.
LOG (gmm-acc-stats-ali[5.4.105~1-4fda]:main():gmm-acc-stats-ali.cc:105) Processed 400 utterances; for utterance AMI_IN1013_H03_MIO097_0051221_0051823 avg. like is -100.405 over 600 frames.
LOG (gmm-acc-stats-ali[5.4.105~1-4fda]:main():gmm-acc-stats-ali.cc:105) Processed 450 utterances; for utterance AMI_IN1013_H03_MIO097_0230291_0230392 avg. like is -99.7228 over 99 frames.
LOG (apply-cmvn[5.4.105~1-4fda]:main():apply-cmvn.cc:162) Applied cepstral mean normalization to 505 utterances, errors on 0
LOG (gmm-acc-stats-ali[5.4.105~1-4fda]:main():gmm-acc-stats-ali.cc:105) Processed 500 utterances; for utterance AMI_IN1014_H01_MIO020_0020598_0020637 avg. like is -99.2182 over 37 frames.
LOG (gmm-acc-stats-ali[5.4.105~1-4fda]:main():gmm-acc-stats-ali.cc:112) Done 505 files, 0 with errors.
LOG (gmm-acc-stats-ali[5.4.105~1-4fda]:main():gmm-acc-stats-ali.cc:115) Overall avg like per frame (Gaussian only) = -98.4246 over 136237 frames.
LOG (gmm-acc-stats-ali[5.4.105~1-4fda]:main():gmm-acc-stats-ali.cc:123) Written accs.
# Accounting: time=2 threads=1
# Ended (code 0) at Wed Oct 31 22:18:44 EDT 2018, elapsed time 2 seconds
