# gmm-acc-stats-ali exp2/mono/5.mdl "ark,s,cs:apply-cmvn  --utt2spk=ark:data/st_ihm_all/train_15k/split30/25/utt2spk scp:data/st_ihm_all/train_15k/split30/25/cmvn.scp scp:data/st_ihm_all/train_15k/split30/25/feats.scp ark:- | add-deltas  ark:- ark:- |" "ark:gunzip -c exp2/mono/ali.25.gz|" exp2/mono/5.25.acc 
# Started at Wed Oct 31 22:06:08 EDT 2018
#
gmm-acc-stats-ali exp2/mono/5.mdl 'ark,s,cs:apply-cmvn  --utt2spk=ark:data/st_ihm_all/train_15k/split30/25/utt2spk scp:data/st_ihm_all/train_15k/split30/25/cmvn.scp scp:data/st_ihm_all/train_15k/split30/25/feats.scp ark:- | add-deltas  ark:- ark:- |' 'ark:gunzip -c exp2/mono/ali.25.gz|' exp2/mono/5.25.acc 
apply-cmvn --utt2spk=ark:data/st_ihm_all/train_15k/split30/25/utt2spk scp:data/st_ihm_all/train_15k/split30/25/cmvn.scp scp:data/st_ihm_all/train_15k/split30/25/feats.scp ark:- 
add-deltas ark:- ark:- 
LOG (gmm-acc-stats-ali[5.4.105~1-4fda]:main():gmm-acc-stats-ali.cc:105) Processed 50 utterances; for utterance AMI_TS3006a_H03_MTD024ME_0007479_0007620 avg. like is -107.768 over 139 frames.
LOG (gmm-acc-stats-ali[5.4.105~1-4fda]:main():gmm-acc-stats-ali.cc:105) Processed 100 utterances; for utterance AMI_TS3006b_H00_MTD021PM_0152154_0152284 avg. like is -105.097 over 128 frames.
LOG (gmm-acc-stats-ali[5.4.105~1-4fda]:main():gmm-acc-stats-ali.cc:105) Processed 150 utterances; for utterance AMI_TS3006b_H02_MTD022ID_0032970_0033043 avg. like is -101.256 over 71 frames.
LOG (gmm-acc-stats-ali[5.4.105~1-4fda]:main():gmm-acc-stats-ali.cc:105) Processed 200 utterances; for utterance AMI_TS3006b_H03_MTD024ME_0145696_0145820 avg. like is -97.9106 over 122 frames.
LOG (gmm-acc-stats-ali[5.4.105~1-4fda]:main():gmm-acc-stats-ali.cc:105) Processed 250 utterances; for utterance AMI_TS3006c_H00_MTD021PM_0188842_0188970 avg. like is -89.2259 over 126 frames.
LOG (gmm-acc-stats-ali[5.4.105~1-4fda]:main():gmm-acc-stats-ali.cc:105) Processed 300 utterances; for utterance AMI_TS3006c_H02_MTD022ID_0047351_0047895 avg. like is -99.1688 over 542 frames.
LOG (gmm-acc-stats-ali[5.4.105~1-4fda]:main():gmm-acc-stats-ali.cc:105) Processed 350 utterances; for utterance AMI_TS3006c_H03_MTD024ME_0058484_0058552 avg. like is -94.1985 over 66 frames.
LOG (gmm-acc-stats-ali[5.4.105~1-4fda]:main():gmm-acc-stats-ali.cc:105) Processed 400 utterances; for utterance AMI_TS3006d_H00_MTD021PM_0061141_0061391 avg. like is -101.216 over 248 frames.
LOG (gmm-acc-stats-ali[5.4.105~1-4fda]:main():gmm-acc-stats-ali.cc:105) Processed 450 utterances; for utterance AMI_TS3006d_H01_MTD023UID_0088401_0088568 avg. like is -104.71 over 165 frames.
LOG (gmm-acc-stats-ali[5.4.105~1-4fda]:main():gmm-acc-stats-ali.cc:105) Processed 500 utterances; for utterance AMI_TS3006d_H02_MTD022ID_0167453_0167560 avg. like is -89.8639 over 105 frames.
LOG (apply-cmvn[5.4.105~1-4fda]:main():apply-cmvn.cc:162) Applied cepstral mean normalization to 515 utterances, errors on 0
LOG (gmm-acc-stats-ali[5.4.105~1-4fda]:main():gmm-acc-stats-ali.cc:112) Done 515 files, 0 with errors.
LOG (gmm-acc-stats-ali[5.4.105~1-4fda]:main():gmm-acc-stats-ali.cc:115) Overall avg like per frame (Gaussian only) = -99.2871 over 102309 frames.
LOG (gmm-acc-stats-ali[5.4.105~1-4fda]:main():gmm-acc-stats-ali.cc:123) Written accs.
# Accounting: time=1 threads=1
# Ended (code 0) at Wed Oct 31 22:06:09 EDT 2018, elapsed time 1 seconds
