# gmm-acc-stats-ali exp2/mono/31.mdl "ark,s,cs:apply-cmvn  --utt2spk=ark:data/st_ihm_all/train_15k/split30/28/utt2spk scp:data/st_ihm_all/train_15k/split30/28/cmvn.scp scp:data/st_ihm_all/train_15k/split30/28/feats.scp ark:- | add-deltas  ark:- ark:- |" "ark:gunzip -c exp2/mono/ali.28.gz|" exp2/mono/31.28.acc 
# Started at Wed Oct 31 22:16:58 EDT 2018
#
gmm-acc-stats-ali exp2/mono/31.mdl 'ark,s,cs:apply-cmvn  --utt2spk=ark:data/st_ihm_all/train_15k/split30/28/utt2spk scp:data/st_ihm_all/train_15k/split30/28/cmvn.scp scp:data/st_ihm_all/train_15k/split30/28/feats.scp ark:- | add-deltas  ark:- ark:- |' 'ark:gunzip -c exp2/mono/ali.28.gz|' exp2/mono/31.28.acc 
apply-cmvn --utt2spk=ark:data/st_ihm_all/train_15k/split30/28/utt2spk scp:data/st_ihm_all/train_15k/split30/28/cmvn.scp scp:data/st_ihm_all/train_15k/split30/28/feats.scp ark:- 
add-deltas ark:- ark:- 
LOG (gmm-acc-stats-ali[5.4.105~1-4fda]:main():gmm-acc-stats-ali.cc:105) Processed 50 utterances; for utterance AMI_TS3009b_H00_MTD033PM_0159320_0159389 avg. like is -108.038 over 67 frames.
LOG (gmm-acc-stats-ali[5.4.105~1-4fda]:main():gmm-acc-stats-ali.cc:105) Processed 100 utterances; for utterance AMI_TS3009b_H02_MTD034ID_0070453_0070547 avg. like is -95.1116 over 92 frames.
LOG (gmm-acc-stats-ali[5.4.105~1-4fda]:main():gmm-acc-stats-ali.cc:105) Processed 150 utterances; for utterance AMI_TS3009b_H03_MTD036ME_0121402_0121483 avg. like is -95.7106 over 79 frames.
LOG (gmm-acc-stats-ali[5.4.105~1-4fda]:main():gmm-acc-stats-ali.cc:105) Processed 200 utterances; for utterance AMI_TS3009c_H00_MTD033PM_0170961_0171354 avg. like is -102.418 over 391 frames.
LOG (gmm-acc-stats-ali[5.4.105~1-4fda]:main():gmm-acc-stats-ali.cc:105) Processed 250 utterances; for utterance AMI_TS3009c_H02_MTD034ID_0022088_0022220 avg. like is -102.493 over 130 frames.
LOG (gmm-acc-stats-ali[5.4.105~1-4fda]:main():gmm-acc-stats-ali.cc:105) Processed 300 utterances; for utterance AMI_TS3009c_H03_MTD036ME_0059609_0059624 avg. like is -86.7544 over 13 frames.
LOG (gmm-acc-stats-ali[5.4.105~1-4fda]:main():gmm-acc-stats-ali.cc:105) Processed 350 utterances; for utterance AMI_TS3009d_H00_MTD033PM_0106847_0106892 avg. like is -89.0874 over 43 frames.
LOG (gmm-acc-stats-ali[5.4.105~1-4fda]:main():gmm-acc-stats-ali.cc:105) Processed 400 utterances; for utterance AMI_TS3009d_H02_MTD034ID_0007273_0007334 avg. like is -101.358 over 59 frames.
LOG (gmm-acc-stats-ali[5.4.105~1-4fda]:main():gmm-acc-stats-ali.cc:105) Processed 450 utterances; for utterance AMI_TS3009d_H03_MTD036ME_0068358_0068598 avg. like is -101.241 over 238 frames.
LOG (gmm-acc-stats-ali[5.4.105~1-4fda]:main():gmm-acc-stats-ali.cc:105) Processed 500 utterances; for utterance AMI_TS3010a_H03_MTD040ME_0084474_0084899 avg. like is -101.085 over 423 frames.
LOG (apply-cmvn[5.4.105~1-4fda]:main():apply-cmvn.cc:162) Applied cepstral mean normalization to 521 utterances, errors on 0
LOG (gmm-acc-stats-ali[5.4.105~1-4fda]:main():gmm-acc-stats-ali.cc:112) Done 521 files, 0 with errors.
LOG (gmm-acc-stats-ali[5.4.105~1-4fda]:main():gmm-acc-stats-ali.cc:115) Overall avg like per frame (Gaussian only) = -99.0976 over 112765 frames.
LOG (gmm-acc-stats-ali[5.4.105~1-4fda]:main():gmm-acc-stats-ali.cc:123) Written accs.
# Accounting: time=2 threads=1
# Ended (code 0) at Wed Oct 31 22:17:00 EDT 2018, elapsed time 2 seconds
