# align-equal-compiled "ark:gunzip -c exp2/mono/fsts.13.gz|" "ark,s,cs:apply-cmvn  --utt2spk=ark:data/st_ihm_all/train_15k/split30/13/utt2spk scp:data/st_ihm_all/train_15k/split30/13/cmvn.scp scp:data/st_ihm_all/train_15k/split30/13/feats.scp ark:- | add-deltas  ark:- ark:- |" ark,t:- | gmm-acc-stats-ali --binary=true exp2/mono/0.mdl "ark,s,cs:apply-cmvn  --utt2spk=ark:data/st_ihm_all/train_15k/split30/13/utt2spk scp:data/st_ihm_all/train_15k/split30/13/cmvn.scp scp:data/st_ihm_all/train_15k/split30/13/feats.scp ark:- | add-deltas  ark:- ark:- |" ark:- exp2/mono/0.13.acc 
# Started at Wed Oct 31 21:58:56 EDT 2018
#
align-equal-compiled 'ark:gunzip -c exp2/mono/fsts.13.gz|' 'ark,s,cs:apply-cmvn  --utt2spk=ark:data/st_ihm_all/train_15k/split30/13/utt2spk scp:data/st_ihm_all/train_15k/split30/13/cmvn.scp scp:data/st_ihm_all/train_15k/split30/13/feats.scp ark:- | add-deltas  ark:- ark:- |' ark,t:- 
gmm-acc-stats-ali --binary=true exp2/mono/0.mdl 'ark,s,cs:apply-cmvn  --utt2spk=ark:data/st_ihm_all/train_15k/split30/13/utt2spk scp:data/st_ihm_all/train_15k/split30/13/cmvn.scp scp:data/st_ihm_all/train_15k/split30/13/feats.scp ark:- | add-deltas  ark:- ark:- |' ark:- exp2/mono/0.13.acc 
add-deltas ark:- ark:- 
apply-cmvn --utt2spk=ark:data/st_ihm_all/train_15k/split30/13/utt2spk scp:data/st_ihm_all/train_15k/split30/13/cmvn.scp scp:data/st_ihm_all/train_15k/split30/13/feats.scp ark:- 
apply-cmvn --utt2spk=ark:data/st_ihm_all/train_15k/split30/13/utt2spk scp:data/st_ihm_all/train_15k/split30/13/cmvn.scp scp:data/st_ihm_all/train_15k/split30/13/feats.scp ark:- 
add-deltas ark:- ark:- 
LOG (gmm-acc-stats-ali[5.4.105~1-4fda]:main():gmm-acc-stats-ali.cc:105) Processed 50 utterances; for utterance AMI_ES2010b_H00_FEE037_0089293_0089388 avg. like is -108.232 over 93 frames.
LOG (gmm-acc-stats-ali[5.4.105~1-4fda]:main():gmm-acc-stats-ali.cc:105) Processed 100 utterances; for utterance AMI_ES2010b_H03_FEE040_0060866_0061463 avg. like is -111.159 over 595 frames.
LOG (gmm-acc-stats-ali[5.4.105~1-4fda]:main():gmm-acc-stats-ali.cc:105) Processed 150 utterances; for utterance AMI_ES2010c_H01_FEE038_0116131_0116175 avg. like is -116.26 over 42 frames.
LOG (gmm-acc-stats-ali[5.4.105~1-4fda]:main():gmm-acc-stats-ali.cc:105) Processed 200 utterances; for utterance AMI_ES2010d_H00_FEE037_0039664_0039887 avg. like is -97.4499 over 221 frames.
LOG (gmm-acc-stats-ali[5.4.105~1-4fda]:main():gmm-acc-stats-ali.cc:105) Processed 250 utterances; for utterance AMI_ES2010d_H03_FEE040_0079294_0079867 avg. like is -100.434 over 571 frames.
LOG (gmm-acc-stats-ali[5.4.105~1-4fda]:main():gmm-acc-stats-ali.cc:105) Processed 300 utterances; for utterance AMI_ES2012b_H00_MEE045_0151116_0152063 avg. like is -104.768 over 945 frames.
LOG (gmm-acc-stats-ali[5.4.105~1-4fda]:main():gmm-acc-stats-ali.cc:105) Processed 350 utterances; for utterance AMI_ES2012c_H00_MEE045_0005221_0005771 avg. like is -107.613 over 548 frames.
LOG (gmm-acc-stats-ali[5.4.105~1-4fda]:main():gmm-acc-stats-ali.cc:105) Processed 400 utterances; for utterance AMI_ES2012c_H01_FEE046_0178164_0178272 avg. like is -104.772 over 106 frames.
LOG (gmm-acc-stats-ali[5.4.105~1-4fda]:main():gmm-acc-stats-ali.cc:105) Processed 450 utterances; for utterance AMI_ES2012d_H01_FEE046_0010729_0012020 avg. like is -110.879 over 1289 frames.
LOG (apply-cmvn[5.4.105~1-4fda]:main():apply-cmvn.cc:162) Applied cepstral mean normalization to 496 utterances, errors on 0
LOG (align-equal-compiled[5.4.105~1-4fda]:main():align-equal-compiled.cc:107) Success: done 496 utterances.
LOG (apply-cmvn[5.4.105~1-4fda]:main():apply-cmvn.cc:162) Applied cepstral mean normalization to 496 utterances, errors on 0
LOG (gmm-acc-stats-ali[5.4.105~1-4fda]:main():gmm-acc-stats-ali.cc:112) Done 496 files, 0 with errors.
LOG (gmm-acc-stats-ali[5.4.105~1-4fda]:main():gmm-acc-stats-ali.cc:115) Overall avg like per frame (Gaussian only) = -107.583 over 131610 frames.
LOG (gmm-acc-stats-ali[5.4.105~1-4fda]:main():gmm-acc-stats-ali.cc:123) Written accs.
# Accounting: time=2 threads=1
# Ended (code 0) at Wed Oct 31 21:58:58 EDT 2018, elapsed time 2 seconds
