# align-equal-compiled "ark:gunzip -c exp2/mono/fsts.24.gz|" "ark,s,cs:apply-cmvn  --utt2spk=ark:data/st_ihm_all/train_15k/split30/24/utt2spk scp:data/st_ihm_all/train_15k/split30/24/cmvn.scp scp:data/st_ihm_all/train_15k/split30/24/feats.scp ark:- | add-deltas  ark:- ark:- |" ark,t:- | gmm-acc-stats-ali --binary=true exp2/mono/0.mdl "ark,s,cs:apply-cmvn  --utt2spk=ark:data/st_ihm_all/train_15k/split30/24/utt2spk scp:data/st_ihm_all/train_15k/split30/24/cmvn.scp scp:data/st_ihm_all/train_15k/split30/24/feats.scp ark:- | add-deltas  ark:- ark:- |" ark:- exp2/mono/0.24.acc 
# Started at Wed Oct 31 21:58:59 EDT 2018
#
align-equal-compiled 'ark:gunzip -c exp2/mono/fsts.24.gz|' 'ark,s,cs:apply-cmvn  --utt2spk=ark:data/st_ihm_all/train_15k/split30/24/utt2spk scp:data/st_ihm_all/train_15k/split30/24/cmvn.scp scp:data/st_ihm_all/train_15k/split30/24/feats.scp ark:- | add-deltas  ark:- ark:- |' ark,t:- 
gmm-acc-stats-ali --binary=true exp2/mono/0.mdl 'ark,s,cs:apply-cmvn  --utt2spk=ark:data/st_ihm_all/train_15k/split30/24/utt2spk scp:data/st_ihm_all/train_15k/split30/24/cmvn.scp scp:data/st_ihm_all/train_15k/split30/24/feats.scp ark:- | add-deltas  ark:- ark:- |' ark:- exp2/mono/0.24.acc 
apply-cmvn --utt2spk=ark:data/st_ihm_all/train_15k/split30/24/utt2spk scp:data/st_ihm_all/train_15k/split30/24/cmvn.scp scp:data/st_ihm_all/train_15k/split30/24/feats.scp ark:- 
add-deltas ark:- ark:- 
add-deltas ark:- ark:- 
apply-cmvn --utt2spk=ark:data/st_ihm_all/train_15k/split30/24/utt2spk scp:data/st_ihm_all/train_15k/split30/24/cmvn.scp scp:data/st_ihm_all/train_15k/split30/24/feats.scp ark:- 
WARNING (align-equal-compiled[5.4.105~1-4fda]:EqualAlign():fstext/fstext-utils-inl.h:876) EqualAlign: the randomly constructed paths lengths: 52,56,65,81,51,56,61,56,56,51
WARNING (align-equal-compiled[5.4.105~1-4fda]:EqualAlign():fstext/fstext-utils-inl.h:877) EqualAlign: utterance has too few frames 38 to align.
WARNING (align-equal-compiled[5.4.105~1-4fda]:main():align-equal-compiled.cc:100) AlignEqual: did not align utterence AMI_TS3005a_H00_MTD017PM_0125616_0125656
LOG (apply-cmvn[5.4.105~1-4fda]:main():apply-cmvn.cc:162) Applied cepstral mean normalization to 513 utterances, errors on 0
WARNING (align-equal-compiled[5.4.105~1-4fda]:main():align-equal-compiled.cc:109) Computed 512 alignments; 0 lacked features, 1 had other errors.
WARNING (gmm-acc-stats-ali[5.4.105~1-4fda]:main():gmm-acc-stats-ali.cc:79) No alignment for utterance AMI_TS3005a_H00_MTD017PM_0125616_0125656
LOG (gmm-acc-stats-ali[5.4.105~1-4fda]:main():gmm-acc-stats-ali.cc:105) Processed 50 utterances; for utterance AMI_TS3005a_H02_MTD018ID_0090823_0091443 avg. like is -104.616 over 618 frames.
LOG (gmm-acc-stats-ali[5.4.105~1-4fda]:main():gmm-acc-stats-ali.cc:105) Processed 100 utterances; for utterance AMI_TS3005b_H01_FTD019UID_0127857_0127991 avg. like is -103.896 over 132 frames.
LOG (gmm-acc-stats-ali[5.4.105~1-4fda]:main():gmm-acc-stats-ali.cc:105) Processed 150 utterances; for utterance AMI_TS3005b_H02_MTD018ID_0196703_0196759 avg. like is -102.109 over 54 frames.
LOG (gmm-acc-stats-ali[5.4.105~1-4fda]:main():gmm-acc-stats-ali.cc:105) Processed 200 utterances; for utterance AMI_TS3005c_H00_MTD017PM_0144847_0145565 avg. like is -103.654 over 716 frames.
LOG (gmm-acc-stats-ali[5.4.105~1-4fda]:main():gmm-acc-stats-ali.cc:105) Processed 250 utterances; for utterance AMI_TS3005c_H02_MTD018ID_0110444_0110675 avg. like is -106.585 over 229 frames.
LOG (gmm-acc-stats-ali[5.4.105~1-4fda]:main():gmm-acc-stats-ali.cc:105) Processed 300 utterances; for utterance AMI_TS3005c_H03_MTD020ME_0210413_0210702 avg. like is -106.648 over 287 frames.
LOG (gmm-acc-stats-ali[5.4.105~1-4fda]:main():gmm-acc-stats-ali.cc:105) Processed 350 utterances; for utterance AMI_TS3005d_H01_FTD019UID_0026070_0026156 avg. like is -103.114 over 84 frames.
LOG (gmm-acc-stats-ali[5.4.105~1-4fda]:main():gmm-acc-stats-ali.cc:105) Processed 400 utterances; for utterance AMI_TS3005d_H01_FTD019UID_0216483_0216508 avg. like is -108.266 over 23 frames.
LOG (gmm-acc-stats-ali[5.4.105~1-4fda]:main():gmm-acc-stats-ali.cc:105) Processed 450 utterances; for utterance AMI_TS3005d_H02_MTD018ID_0211867_0212148 avg. like is -107.229 over 279 frames.
LOG (gmm-acc-stats-ali[5.4.105~1-4fda]:main():gmm-acc-stats-ali.cc:105) Processed 500 utterances; for utterance AMI_TS3005d_H03_MTD020ME_0224714_0224882 avg. like is -107.005 over 166 frames.
LOG (apply-cmvn[5.4.105~1-4fda]:main():apply-cmvn.cc:162) Applied cepstral mean normalization to 513 utterances, errors on 0
LOG (gmm-acc-stats-ali[5.4.105~1-4fda]:main():gmm-acc-stats-ali.cc:112) Done 512 files, 1 with errors.
LOG (gmm-acc-stats-ali[5.4.105~1-4fda]:main():gmm-acc-stats-ali.cc:115) Overall avg like per frame (Gaussian only) = -106.94 over 101502 frames.
LOG (gmm-acc-stats-ali[5.4.105~1-4fda]:main():gmm-acc-stats-ali.cc:123) Written accs.
# Accounting: time=2 threads=1
# Ended (code 0) at Wed Oct 31 21:59:01 EDT 2018, elapsed time 2 seconds
