# align-equal-compiled "ark:gunzip -c exp2/mono/fsts.26.gz|" "ark,s,cs:apply-cmvn  --utt2spk=ark:data/st_ihm_all/train_15k/split30/26/utt2spk scp:data/st_ihm_all/train_15k/split30/26/cmvn.scp scp:data/st_ihm_all/train_15k/split30/26/feats.scp ark:- | add-deltas  ark:- ark:- |" ark,t:- | gmm-acc-stats-ali --binary=true exp2/mono/0.mdl "ark,s,cs:apply-cmvn  --utt2spk=ark:data/st_ihm_all/train_15k/split30/26/utt2spk scp:data/st_ihm_all/train_15k/split30/26/cmvn.scp scp:data/st_ihm_all/train_15k/split30/26/feats.scp ark:- | add-deltas  ark:- ark:- |" ark:- exp2/mono/0.26.acc 
# Started at Wed Oct 31 21:58:59 EDT 2018
#
gmm-acc-stats-ali --binary=true exp2/mono/0.mdl 'ark,s,cs:apply-cmvn  --utt2spk=ark:data/st_ihm_all/train_15k/split30/26/utt2spk scp:data/st_ihm_all/train_15k/split30/26/cmvn.scp scp:data/st_ihm_all/train_15k/split30/26/feats.scp ark:- | add-deltas  ark:- ark:- |' ark:- exp2/mono/0.26.acc 
align-equal-compiled 'ark:gunzip -c exp2/mono/fsts.26.gz|' 'ark,s,cs:apply-cmvn  --utt2spk=ark:data/st_ihm_all/train_15k/split30/26/utt2spk scp:data/st_ihm_all/train_15k/split30/26/cmvn.scp scp:data/st_ihm_all/train_15k/split30/26/feats.scp ark:- | add-deltas  ark:- ark:- |' ark,t:- 
add-deltas ark:- ark:- 
apply-cmvn --utt2spk=ark:data/st_ihm_all/train_15k/split30/26/utt2spk scp:data/st_ihm_all/train_15k/split30/26/cmvn.scp scp:data/st_ihm_all/train_15k/split30/26/feats.scp ark:- 
apply-cmvn --utt2spk=ark:data/st_ihm_all/train_15k/split30/26/utt2spk scp:data/st_ihm_all/train_15k/split30/26/cmvn.scp scp:data/st_ihm_all/train_15k/split30/26/feats.scp ark:- 
add-deltas ark:- ark:- 
LOG (gmm-acc-stats-ali[5.4.105~1-4fda]:main():gmm-acc-stats-ali.cc:105) Processed 50 utterances; for utterance AMI_TS3006d_H03_MTD024ME_0154231_0154462 avg. like is -100.925 over 229 frames.
LOG (gmm-acc-stats-ali[5.4.105~1-4fda]:main():gmm-acc-stats-ali.cc:105) Processed 100 utterances; for utterance AMI_TS3007a_H00_MTD025PM_0057674_0057770 avg. like is -101.948 over 94 frames.
LOG (gmm-acc-stats-ali[5.4.105~1-4fda]:main():gmm-acc-stats-ali.cc:105) Processed 150 utterances; for utterance AMI_TS3007a_H03_MTD028ME_0110518_0110647 avg. like is -104.344 over 127 frames.
LOG (gmm-acc-stats-ali[5.4.105~1-4fda]:main():gmm-acc-stats-ali.cc:105) Processed 200 utterances; for utterance AMI_TS3007b_H02_MTD026UID_0058079_0058916 avg. like is -111.554 over 835 frames.
LOG (gmm-acc-stats-ali[5.4.105~1-4fda]:main():gmm-acc-stats-ali.cc:105) Processed 250 utterances; for utterance AMI_TS3007c_H00_MTD025PM_0005828_0006034 avg. like is -103.812 over 204 frames.
LOG (gmm-acc-stats-ali[5.4.105~1-4fda]:main():gmm-acc-stats-ali.cc:105) Processed 300 utterances; for utterance AMI_TS3007c_H01_MTD027ID_0197874_0198008 avg. like is -105.399 over 132 frames.
LOG (gmm-acc-stats-ali[5.4.105~1-4fda]:main():gmm-acc-stats-ali.cc:105) Processed 350 utterances; for utterance AMI_TS3007c_H03_MTD028ME_0103542_0103691 avg. like is -107.693 over 147 frames.
LOG (gmm-acc-stats-ali[5.4.105~1-4fda]:main():gmm-acc-stats-ali.cc:105) Processed 400 utterances; for utterance AMI_TS3007d_H00_MTD025PM_0174604_0175088 avg. like is -99.7904 over 482 frames.
LOG (gmm-acc-stats-ali[5.4.105~1-4fda]:main():gmm-acc-stats-ali.cc:105) Processed 450 utterances; for utterance AMI_TS3007d_H01_MTD027ID_0170274_0170287 avg. like is -104.865 over 11 frames.
LOG (apply-cmvn[5.4.105~1-4fda]:main():apply-cmvn.cc:162) Applied cepstral mean normalization to 518 utterances, errors on 0
LOG (gmm-acc-stats-ali[5.4.105~1-4fda]:main():gmm-acc-stats-ali.cc:105) Processed 500 utterances; for utterance AMI_TS3007d_H03_MTD028ME_0067627_0068109 avg. like is -106.116 over 480 frames.
LOG (apply-cmvn[5.4.105~1-4fda]:main():apply-cmvn.cc:162) Applied cepstral mean normalization to 518 utterances, errors on 0
LOG (align-equal-compiled[5.4.105~1-4fda]:main():align-equal-compiled.cc:107) Success: done 518 utterances.
LOG (gmm-acc-stats-ali[5.4.105~1-4fda]:main():gmm-acc-stats-ali.cc:112) Done 518 files, 0 with errors.
LOG (gmm-acc-stats-ali[5.4.105~1-4fda]:main():gmm-acc-stats-ali.cc:115) Overall avg like per frame (Gaussian only) = -105.62 over 130167 frames.
LOG (gmm-acc-stats-ali[5.4.105~1-4fda]:main():gmm-acc-stats-ali.cc:123) Written accs.
# Accounting: time=2 threads=1
# Ended (code 0) at Wed Oct 31 21:59:01 EDT 2018, elapsed time 2 seconds
