# align-equal-compiled "ark:gunzip -c exp2/mono/fsts.23.gz|" "ark,s,cs:apply-cmvn  --utt2spk=ark:data/st_ihm_all/train_15k/split30/23/utt2spk scp:data/st_ihm_all/train_15k/split30/23/cmvn.scp scp:data/st_ihm_all/train_15k/split30/23/feats.scp ark:- | add-deltas  ark:- ark:- |" ark,t:- | gmm-acc-stats-ali --binary=true exp2/mono/0.mdl "ark,s,cs:apply-cmvn  --utt2spk=ark:data/st_ihm_all/train_15k/split30/23/utt2spk scp:data/st_ihm_all/train_15k/split30/23/cmvn.scp scp:data/st_ihm_all/train_15k/split30/23/feats.scp ark:- | add-deltas  ark:- ark:- |" ark:- exp2/mono/0.23.acc 
# Started at Wed Oct 31 21:58:59 EDT 2018
#
gmm-acc-stats-ali --binary=true exp2/mono/0.mdl 'ark,s,cs:apply-cmvn  --utt2spk=ark:data/st_ihm_all/train_15k/split30/23/utt2spk scp:data/st_ihm_all/train_15k/split30/23/cmvn.scp scp:data/st_ihm_all/train_15k/split30/23/feats.scp ark:- | add-deltas  ark:- ark:- |' ark:- exp2/mono/0.23.acc 
align-equal-compiled 'ark:gunzip -c exp2/mono/fsts.23.gz|' 'ark,s,cs:apply-cmvn  --utt2spk=ark:data/st_ihm_all/train_15k/split30/23/utt2spk scp:data/st_ihm_all/train_15k/split30/23/cmvn.scp scp:data/st_ihm_all/train_15k/split30/23/feats.scp ark:- | add-deltas  ark:- ark:- |' ark,t:- 
apply-cmvn --utt2spk=ark:data/st_ihm_all/train_15k/split30/23/utt2spk scp:data/st_ihm_all/train_15k/split30/23/cmvn.scp scp:data/st_ihm_all/train_15k/split30/23/feats.scp ark:- 
add-deltas ark:- ark:- 
apply-cmvn --utt2spk=ark:data/st_ihm_all/train_15k/split30/23/utt2spk scp:data/st_ihm_all/train_15k/split30/23/cmvn.scp scp:data/st_ihm_all/train_15k/split30/23/feats.scp ark:- 
add-deltas ark:- ark:- 
LOG (gmm-acc-stats-ali[5.4.105~1-4fda]:main():gmm-acc-stats-ali.cc:105) Processed 50 utterances; for utterance AMI_IS1006c_H00_FIO041_0034811_0035001 avg. like is -103.95 over 188 frames.
WARNING (align-equal-compiled[5.4.105~1-4fda]:EqualAlign():fstext/fstext-utils-inl.h:876) EqualAlign: the randomly constructed paths lengths: 21,12,16,17,12,20,18,13,15,19
WARNING (align-equal-compiled[5.4.105~1-4fda]:EqualAlign():fstext/fstext-utils-inl.h:877) EqualAlign: utterance has too few frames 10 to align.
WARNING (align-equal-compiled[5.4.105~1-4fda]:main():align-equal-compiled.cc:100) AlignEqual: did not align utterence AMI_IS1006c_H02_MIO078_0013956_0013968
LOG (apply-cmvn[5.4.105~1-4fda]:main():apply-cmvn.cc:162) Applied cepstral mean normalization to 512 utterances, errors on 0
WARNING (align-equal-compiled[5.4.105~1-4fda]:main():align-equal-compiled.cc:109) Computed 511 alignments; 0 lacked features, 1 had other errors.
WARNING (gmm-acc-stats-ali[5.4.105~1-4fda]:main():gmm-acc-stats-ali.cc:79) No alignment for utterance AMI_IS1006c_H02_MIO078_0013956_0013968
LOG (gmm-acc-stats-ali[5.4.105~1-4fda]:main():gmm-acc-stats-ali.cc:105) Processed 100 utterances; for utterance AMI_IS1006c_H02_MIO078_0166026_0166049 avg. like is -100.018 over 21 frames.
LOG (gmm-acc-stats-ali[5.4.105~1-4fda]:main():gmm-acc-stats-ali.cc:105) Processed 150 utterances; for utterance AMI_IS1006d_H00_FIO041_0115755_0115803 avg. like is -107.581 over 46 frames.
LOG (gmm-acc-stats-ali[5.4.105~1-4fda]:main():gmm-acc-stats-ali.cc:105) Processed 200 utterances; for utterance AMI_IS1006d_H02_MIO078_0072112_0072236 avg. like is -108 over 122 frames.
LOG (gmm-acc-stats-ali[5.4.105~1-4fda]:main():gmm-acc-stats-ali.cc:105) Processed 250 utterances; for utterance AMI_IS1006d_H03_MIO008_0109589_0109952 avg. like is -105.454 over 361 frames.
LOG (gmm-acc-stats-ali[5.4.105~1-4fda]:main():gmm-acc-stats-ali.cc:105) Processed 300 utterances; for utterance AMI_IS1007a_H01_MIO025_0086432_0086776 avg. like is -98.2661 over 342 frames.
LOG (gmm-acc-stats-ali[5.4.105~1-4fda]:main():gmm-acc-stats-ali.cc:105) Processed 350 utterances; for utterance AMI_IS1007b_H02_MIO075_0071228_0071715 avg. like is -103.33 over 485 frames.
LOG (gmm-acc-stats-ali[5.4.105~1-4fda]:main():gmm-acc-stats-ali.cc:105) Processed 400 utterances; for utterance AMI_IS1007c_H01_MIO025_0131015_0131058 avg. like is -101.144 over 41 frames.
LOG (gmm-acc-stats-ali[5.4.105~1-4fda]:main():gmm-acc-stats-ali.cc:105) Processed 450 utterances; for utterance AMI_IS1007d_H00_MIO049_0026435_0026730 avg. like is -102.855 over 293 frames.
LOG (gmm-acc-stats-ali[5.4.105~1-4fda]:main():gmm-acc-stats-ali.cc:105) Processed 500 utterances; for utterance AMI_IS1007d_H02_MIO075_0086006_0086367 avg. like is -107.133 over 359 frames.
LOG (apply-cmvn[5.4.105~1-4fda]:main():apply-cmvn.cc:162) Applied cepstral mean normalization to 512 utterances, errors on 0
LOG (gmm-acc-stats-ali[5.4.105~1-4fda]:main():gmm-acc-stats-ali.cc:112) Done 511 files, 1 with errors.
LOG (gmm-acc-stats-ali[5.4.105~1-4fda]:main():gmm-acc-stats-ali.cc:115) Overall avg like per frame (Gaussian only) = -105.578 over 140310 frames.
LOG (gmm-acc-stats-ali[5.4.105~1-4fda]:main():gmm-acc-stats-ali.cc:123) Written accs.
# Accounting: time=3 threads=1
# Ended (code 0) at Wed Oct 31 21:59:02 EDT 2018, elapsed time 3 seconds
