# gmm-align-compiled --transition-scale=1.0 --acoustic-scale=0.1 --self-loop-scale=0.1 --beam=10 --retry-beam=40 --careful=false "gmm-boost-silence --boost=1.0 1 exp2/mono/8.mdl - |" "ark:gunzip -c exp2/mono/fsts.3.gz|" "ark,s,cs:apply-cmvn  --utt2spk=ark:data/st_ihm_all/train_15k/split30/3/utt2spk scp:data/st_ihm_all/train_15k/split30/3/cmvn.scp scp:data/st_ihm_all/train_15k/split30/3/feats.scp ark:- | add-deltas  ark:- ark:- |" "ark,t:|gzip -c >exp2/mono/ali.3.gz" 
# Started at Wed Oct 31 22:07:47 EDT 2018
#
gmm-align-compiled --transition-scale=1.0 --acoustic-scale=0.1 --self-loop-scale=0.1 --beam=10 --retry-beam=40 --careful=false 'gmm-boost-silence --boost=1.0 1 exp2/mono/8.mdl - |' 'ark:gunzip -c exp2/mono/fsts.3.gz|' 'ark,s,cs:apply-cmvn  --utt2spk=ark:data/st_ihm_all/train_15k/split30/3/utt2spk scp:data/st_ihm_all/train_15k/split30/3/cmvn.scp scp:data/st_ihm_all/train_15k/split30/3/feats.scp ark:- | add-deltas  ark:- ark:- |' 'ark,t:|gzip -c >exp2/mono/ali.3.gz' 
gmm-boost-silence --boost=1.0 1 exp2/mono/8.mdl - 
WARNING (gmm-boost-silence[5.4.105~1-4fda]:main():gmm-boost-silence.cc:82) The pdfs for the silence phones may be shared by other phones (note: this probably does not matter.)
LOG (gmm-boost-silence[5.4.105~1-4fda]:main():gmm-boost-silence.cc:93) Boosted weights for 5 pdfs, by factor of 1
LOG (gmm-boost-silence[5.4.105~1-4fda]:main():gmm-boost-silence.cc:103) Wrote model to -
add-deltas ark:- ark:- 
apply-cmvn --utt2spk=ark:data/st_ihm_all/train_15k/split30/3/utt2spk scp:data/st_ihm_all/train_15k/split30/3/cmvn.scp scp:data/st_ihm_all/train_15k/split30/3/feats.scp ark:- 
LOG (gmm-align-compiled[5.4.105~1-4fda]:main():gmm-align-compiled.cc:127) 022389
LOG (gmm-align-compiled[5.4.105~1-4fda]:main():gmm-align-compiled.cc:127) 022395
LOG (gmm-align-compiled[5.4.105~1-4fda]:main():gmm-align-compiled.cc:127) 022401
LOG (gmm-align-compiled[5.4.105~1-4fda]:main():gmm-align-compiled.cc:127) 022408
LOG (gmm-align-compiled[5.4.105~1-4fda]:main():gmm-align-compiled.cc:127) 022415
LOG (gmm-align-compiled[5.4.105~1-4fda]:main():gmm-align-compiled.cc:127) 022421
LOG (gmm-align-compiled[5.4.105~1-4fda]:main():gmm-align-compiled.cc:127) 022429
LOG (gmm-align-compiled[5.4.105~1-4fda]:main():gmm-align-compiled.cc:127) 022441
LOG (gmm-align-compiled[5.4.105~1-4fda]:main():gmm-align-compiled.cc:127) 022448
LOG (gmm-align-compiled[5.4.105~1-4fda]:main():gmm-align-compiled.cc:127) 022455
LOG (gmm-align-compiled[5.4.105~1-4fda]:main():gmm-align-compiled.cc:127) 022461
LOG (gmm-align-compiled[5.4.105~1-4fda]:main():gmm-align-compiled.cc:127) 022469
LOG (gmm-align-compiled[5.4.105~1-4fda]:main():gmm-align-compiled.cc:127) 022475
LOG (gmm-align-compiled[5.4.105~1-4fda]:main():gmm-align-compiled.cc:127) 022482
LOG (gmm-align-compiled[5.4.105~1-4fda]:main():gmm-align-compiled.cc:127) 022495
LOG (gmm-align-compiled[5.4.105~1-4fda]:main():gmm-align-compiled.cc:127) 022500
LOG (gmm-align-compiled[5.4.105~1-4fda]:main():gmm-align-compiled.cc:127) 022508
LOG (gmm-align-compiled[5.4.105~1-4fda]:main():gmm-align-compiled.cc:127) 022514
LOG (gmm-align-compiled[5.4.105~1-4fda]:main():gmm-align-compiled.cc:127) 022521
LOG (gmm-align-compiled[5.4.105~1-4fda]:main():gmm-align-compiled.cc:127) 022528
LOG (gmm-align-compiled[5.4.105~1-4fda]:main():gmm-align-compiled.cc:127) 022535
LOG (gmm-align-compiled[5.4.105~1-4fda]:main():gmm-align-compiled.cc:127) 022548
LOG (gmm-align-compiled[5.4.105~1-4fda]:main():gmm-align-compiled.cc:127) 022554
LOG (gmm-align-compiled[5.4.105~1-4fda]:main():gmm-align-compiled.cc:127) 022561
LOG (gmm-align-compiled[5.4.105~1-4fda]:main():gmm-align-compiled.cc:127) 022568
LOG (gmm-align-compiled[5.4.105~1-4fda]:main():gmm-align-compiled.cc:127) 022575
LOG (gmm-align-compiled[5.4.105~1-4fda]:main():gmm-align-compiled.cc:127) 022581
LOG (gmm-align-compiled[5.4.105~1-4fda]:main():gmm-align-compiled.cc:127) 022589
LOG (gmm-align-compiled[5.4.105~1-4fda]:main():gmm-align-compiled.cc:127) 022595
LOG (gmm-align-compiled[5.4.105~1-4fda]:main():gmm-align-compiled.cc:127) 022601
LOG (gmm-align-compiled[5.4.105~1-4fda]:main():gmm-align-compiled.cc:127) 022608
LOG (gmm-align-compiled[5.4.105~1-4fda]:main():gmm-align-compiled.cc:127) 022615
LOG (gmm-align-compiled[5.4.105~1-4fda]:main():gmm-align-compiled.cc:127) 022621
LOG (gmm-align-compiled[5.4.105~1-4fda]:main():gmm-align-compiled.cc:127) 022629
LOG (gmm-align-compiled[5.4.105~1-4fda]:main():gmm-align-compiled.cc:127) 022635
LOG (gmm-align-compiled[5.4.105~1-4fda]:main():gmm-align-compiled.cc:127) 022642
LOG (gmm-align-compiled[5.4.105~1-4fda]:main():gmm-align-compiled.cc:127) 022655
LOG (gmm-align-compiled[5.4.105~1-4fda]:main():gmm-align-compiled.cc:127) 022661
LOG (gmm-align-compiled[5.4.105~1-4fda]:main():gmm-align-compiled.cc:127) 022669
LOG (gmm-align-compiled[5.4.105~1-4fda]:main():gmm-align-compiled.cc:127) 022675
LOG (gmm-align-compiled[5.4.105~1-4fda]:main():gmm-align-compiled.cc:127) 022682
LOG (gmm-align-compiled[5.4.105~1-4fda]:main():gmm-align-compiled.cc:127) 022689
LOG (gmm-align-compiled[5.4.105~1-4fda]:main():gmm-align-compiled.cc:127) 022696
LOG (gmm-align-compiled[5.4.105~1-4fda]:main():gmm-align-compiled.cc:127) 022708
LOG (gmm-align-compiled[5.4.105~1-4fda]:main():gmm-align-compiled.cc:127) 022714
LOG (gmm-align-compiled[5.4.105~1-4fda]:main():gmm-align-compiled.cc:127) 022721
LOG (gmm-align-compiled[5.4.105~1-4fda]:main():gmm-align-compiled.cc:127) 022728
LOG (gmm-align-compiled[5.4.105~1-4fda]:main():gmm-align-compiled.cc:127) 022735
LOG (gmm-align-compiled[5.4.105~1-4fda]:main():gmm-align-compiled.cc:127) 022741
LOG (gmm-align-compiled[5.4.105~1-4fda]:main():gmm-align-compiled.cc:127) 022749
LOG (gmm-align-compiled[5.4.105~1-4fda]:main():gmm-align-compiled.cc:127) 022761
LOG (gmm-align-compiled[5.4.105~1-4fda]:main():gmm-align-compiled.cc:127) 022768
LOG (gmm-align-compiled[5.4.105~1-4fda]:main():gmm-align-compiled.cc:127) 022775
LOG (gmm-align-compiled[5.4.105~1-4fda]:main():gmm-align-compiled.cc:127) 022781
LOG (gmm-align-compiled[5.4.105~1-4fda]:main():gmm-align-compiled.cc:127) 022789
LOG (gmm-align-compiled[5.4.105~1-4fda]:main():gmm-align-compiled.cc:127) 022795
LOG (gmm-align-compiled[5.4.105~1-4fda]:main():gmm-align-compiled.cc:127) 022801
LOG (gmm-align-compiled[5.4.105~1-4fda]:main():gmm-align-compiled.cc:127) 022808
LOG (gmm-align-compiled[5.4.105~1-4fda]:main():gmm-align-compiled.cc:127) 022814
LOG (gmm-align-compiled[5.4.105~1-4fda]:main():gmm-align-compiled.cc:127) 022820
LOG (gmm-align-compiled[5.4.105~1-4fda]:main():gmm-align-compiled.cc:127) 022828
LOG (gmm-align-compiled[5.4.105~1-4fda]:main():gmm-align-compiled.cc:127) 022834
LOG (gmm-align-compiled[5.4.105~1-4fda]:main():gmm-align-compiled.cc:127) 022841
LOG (gmm-align-compiled[5.4.105~1-4fda]:main():gmm-align-compiled.cc:127) 022848
LOG (gmm-align-compiled[5.4.105~1-4fda]:main():gmm-align-compiled.cc:127) 022855
WARNING (gmm-align-compiled[5.4.105~1-4fda]:AlignUtteranceWrapper():decoder-wrappers.cc:468) Retrying utterance 022855 with beam 40
LOG (gmm-align-compiled[5.4.105~1-4fda]:main():gmm-align-compiled.cc:127) 022868
LOG (gmm-align-compiled[5.4.105~1-4fda]:main():gmm-align-compiled.cc:127) 022874
LOG (gmm-align-compiled[5.4.105~1-4fda]:main():gmm-align-compiled.cc:127) 022881
LOG (gmm-align-compiled[5.4.105~1-4fda]:main():gmm-align-compiled.cc:127) 022888
LOG (gmm-align-compiled[5.4.105~1-4fda]:main():gmm-align-compiled.cc:127) 022895
LOG (gmm-align-compiled[5.4.105~1-4fda]:main():gmm-align-compiled.cc:127) 022900
LOG (gmm-align-compiled[5.4.105~1-4fda]:main():gmm-align-compiled.cc:127) 022908
LOG (gmm-align-compiled[5.4.105~1-4fda]:main():gmm-align-compiled.cc:127) 022914
LOG (gmm-align-compiled[5.4.105~1-4fda]:main():gmm-align-compiled.cc:127) 022920
LOG (gmm-align-compiled[5.4.105~1-4fda]:main():gmm-align-compiled.cc:127) 022927
LOG (gmm-align-compiled[5.4.105~1-4fda]:main():gmm-align-compiled.cc:127) 022934
LOG (gmm-align-compiled[5.4.105~1-4fda]:main():gmm-align-compiled.cc:127) 022940
LOG (gmm-align-compiled[5.4.105~1-4fda]:main():gmm-align-compiled.cc:127) 022948
LOG (gmm-align-compiled[5.4.105~1-4fda]:main():gmm-align-compiled.cc:127) 022954
LOG (gmm-align-compiled[5.4.105~1-4fda]:main():gmm-align-compiled.cc:127) 022961
LOG (gmm-align-compiled[5.4.105~1-4fda]:main():gmm-align-compiled.cc:127) 022974
LOG (gmm-align-compiled[5.4.105~1-4fda]:main():gmm-align-compiled.cc:127) 022980
LOG (gmm-align-compiled[5.4.105~1-4fda]:main():gmm-align-compiled.cc:127) 022988
LOG (gmm-align-compiled[5.4.105~1-4fda]:main():gmm-align-compiled.cc:127) 022994
LOG (gmm-align-compiled[5.4.105~1-4fda]:main():gmm-align-compiled.cc:127) 02300
LOG (gmm-align-compiled[5.4.105~1-4fda]:main():gmm-align-compiled.cc:127) 023006
LOG (gmm-align-compiled[5.4.105~1-4fda]:main():gmm-align-compiled.cc:127) 023013
LOG (gmm-align-compiled[5.4.105~1-4fda]:main():gmm-align-compiled.cc:127) 02302
LOG (gmm-align-compiled[5.4.105~1-4fda]:main():gmm-align-compiled.cc:127) 023027
LOG (gmm-align-compiled[5.4.105~1-4fda]:main():gmm-align-compiled.cc:127) 023033
LOG (gmm-align-compiled[5.4.105~1-4fda]:main():gmm-align-compiled.cc:127) 023040
LOG (gmm-align-compiled[5.4.105~1-4fda]:main():gmm-align-compiled.cc:127) 023047
LOG (gmm-align-compiled[5.4.105~1-4fda]:main():gmm-align-compiled.cc:127) 023054
LOG (gmm-align-compiled[5.4.105~1-4fda]:main():gmm-align-compiled.cc:127) 023060
LOG (gmm-align-compiled[5.4.105~1-4fda]:main():gmm-align-compiled.cc:127) 023068
LOG (gmm-align-compiled[5.4.105~1-4fda]:main():gmm-align-compiled.cc:127) 023080
LOG (gmm-align-compiled[5.4.105~1-4fda]:main():gmm-align-compiled.cc:127) 023087
LOG (gmm-align-compiled[5.4.105~1-4fda]:main():gmm-align-compiled.cc:127) 023094
LOG (gmm-align-compiled[5.4.105~1-4fda]:main():gmm-align-compiled.cc:127) 02310
LOG (gmm-align-compiled[5.4.105~1-4fda]:main():gmm-align-compiled.cc:127) 023107
LOG (gmm-align-compiled[5.4.105~1-4fda]:main():gmm-align-compiled.cc:127) 023113
LOG (gmm-align-compiled[5.4.105~1-4fda]:main():gmm-align-compiled.cc:127) 023120
LOG (gmm-align-compiled[5.4.105~1-4fda]:main():gmm-align-compiled.cc:127) 023133
LOG (gmm-align-compiled[5.4.105~1-4fda]:main():gmm-align-compiled.cc:127) 02314
LOG (gmm-align-compiled[5.4.105~1-4fda]:main():gmm-align-compiled.cc:127) 023147
LOG (gmm-align-compiled[5.4.105~1-4fda]:main():gmm-align-compiled.cc:127) 023153
LOG (gmm-align-compiled[5.4.105~1-4fda]:main():gmm-align-compiled.cc:127) 023160
LOG (gmm-align-compiled[5.4.105~1-4fda]:main():gmm-align-compiled.cc:127) 023167
LOG (gmm-align-compiled[5.4.105~1-4fda]:main():gmm-align-compiled.cc:127) 023174
LOG (gmm-align-compiled[5.4.105~1-4fda]:main():gmm-align-compiled.cc:127) 023187
LOG (gmm-align-compiled[5.4.105~1-4fda]:main():gmm-align-compiled.cc:127) 023193
LOG (gmm-align-compiled[5.4.105~1-4fda]:main():gmm-align-compiled.cc:127) 02320
LOG (gmm-align-compiled[5.4.105~1-4fda]:main():gmm-align-compiled.cc:127) 023206
LOG (gmm-align-compiled[5.4.105~1-4fda]:main():gmm-align-compiled.cc:127) 023213
LOG (gmm-align-compiled[5.4.105~1-4fda]:main():gmm-align-compiled.cc:127) 02322
LOG (gmm-align-compiled[5.4.105~1-4fda]:main():gmm-align-compiled.cc:127) 023227
LOG (gmm-align-compiled[5.4.105~1-4fda]:main():gmm-align-compiled.cc:127) 023233
LOG (gmm-align-compiled[5.4.105~1-4fda]:main():gmm-align-compiled.cc:127) 02324
LOG (gmm-align-compiled[5.4.105~1-4fda]:main():gmm-align-compiled.cc:127) 023246
LOG (gmm-align-compiled[5.4.105~1-4fda]:main():gmm-align-compiled.cc:127) 023253
LOG (gmm-align-compiled[5.4.105~1-4fda]:main():gmm-align-compiled.cc:127) 02326
LOG (gmm-align-compiled[5.4.105~1-4fda]:main():gmm-align-compiled.cc:127) 023267
LOG (gmm-align-compiled[5.4.105~1-4fda]:main():gmm-align-compiled.cc:127) 023273
LOG (gmm-align-compiled[5.4.105~1-4fda]:main():gmm-align-compiled.cc:127) 023280
LOG (gmm-align-compiled[5.4.105~1-4fda]:main():gmm-align-compiled.cc:127) 023293
LOG (gmm-align-compiled[5.4.105~1-4fda]:main():gmm-align-compiled.cc:127) 0233
LOG (gmm-align-compiled[5.4.105~1-4fda]:main():gmm-align-compiled.cc:127) 023306
LOG (gmm-align-compiled[5.4.105~1-4fda]:main():gmm-align-compiled.cc:127) 023312
LOG (gmm-align-compiled[5.4.105~1-4fda]:main():gmm-align-compiled.cc:127) 02332
LOG (gmm-align-compiled[5.4.105~1-4fda]:main():gmm-align-compiled.cc:127) 023326
LOG (gmm-align-compiled[5.4.105~1-4fda]:main():gmm-align-compiled.cc:127) 023333
LOG (gmm-align-compiled[5.4.105~1-4fda]:main():gmm-align-compiled.cc:127) 023346
LOG (gmm-align-compiled[5.4.105~1-4fda]:main():gmm-align-compiled.cc:127) 023352
LOG (gmm-align-compiled[5.4.105~1-4fda]:main():gmm-align-compiled.cc:127) 02336
LOG (gmm-align-compiled[5.4.105~1-4fda]:main():gmm-align-compiled.cc:127) 023366
LOG (gmm-align-compiled[5.4.105~1-4fda]:main():gmm-align-compiled.cc:127) 023373
LOG (gmm-align-compiled[5.4.105~1-4fda]:main():gmm-align-compiled.cc:127) 02338
LOG (gmm-align-compiled[5.4.105~1-4fda]:main():gmm-align-compiled.cc:127) 023387
LOG (gmm-align-compiled[5.4.105~1-4fda]:main():gmm-align-compiled.cc:127) 0234
LOG (gmm-align-compiled[5.4.105~1-4fda]:main():gmm-align-compiled.cc:127) 023405
LOG (gmm-align-compiled[5.4.105~1-4fda]:main():gmm-align-compiled.cc:127) 023412
LOG (gmm-align-compiled[5.4.105~1-4fda]:main():gmm-align-compiled.cc:127) 023419
LOG (gmm-align-compiled[5.4.105~1-4fda]:main():gmm-align-compiled.cc:127) 023426
LOG (gmm-align-compiled[5.4.105~1-4fda]:main():gmm-align-compiled.cc:127) 023432
LOG (gmm-align-compiled[5.4.105~1-4fda]:main():gmm-align-compiled.cc:127) 02344
LOG (gmm-align-compiled[5.4.105~1-4fda]:main():gmm-align-compiled.cc:127) 023446
LOG (gmm-align-compiled[5.4.105~1-4fda]:main():gmm-align-compiled.cc:127) 023453
LOG (gmm-align-compiled[5.4.105~1-4fda]:main():gmm-align-compiled.cc:127) 02346
LOG (gmm-align-compiled[5.4.105~1-4fda]:main():gmm-align-compiled.cc:127) 023467
LOG (gmm-align-compiled[5.4.105~1-4fda]:main():gmm-align-compiled.cc:127) 023473
LOG (gmm-align-compiled[5.4.105~1-4fda]:main():gmm-align-compiled.cc:127) 023480
LOG (gmm-align-compiled[5.4.105~1-4fda]:main():gmm-align-compiled.cc:127) 023487
LOG (gmm-align-compiled[5.4.105~1-4fda]:main():gmm-align-compiled.cc:127) 023494
LOG (gmm-align-compiled[5.4.105~1-4fda]:main():gmm-align-compiled.cc:127) 023506
LOG (gmm-align-compiled[5.4.105~1-4fda]:main():gmm-align-compiled.cc:127) 023512
LOG (gmm-align-compiled[5.4.105~1-4fda]:main():gmm-align-compiled.cc:127) 02352
LOG (gmm-align-compiled[5.4.105~1-4fda]:main():gmm-align-compiled.cc:127) 023526
LOG (gmm-align-compiled[5.4.105~1-4fda]:main():gmm-align-compiled.cc:127) 023533
LOG (gmm-align-compiled[5.4.105~1-4fda]:main():gmm-align-compiled.cc:127) 02354
LOG (gmm-align-compiled[5.4.105~1-4fda]:main():gmm-align-compiled.cc:127) 023547
LOG (gmm-align-compiled[5.4.105~1-4fda]:main():gmm-align-compiled.cc:127) 02356
LOG (gmm-align-compiled[5.4.105~1-4fda]:main():gmm-align-compiled.cc:127) 023566
LOG (gmm-align-compiled[5.4.105~1-4fda]:main():gmm-align-compiled.cc:127) 023573
LOG (gmm-align-compiled[5.4.105~1-4fda]:main():gmm-align-compiled.cc:127) 02358
LOG (gmm-align-compiled[5.4.105~1-4fda]:main():gmm-align-compiled.cc:127) 023587
LOG (gmm-align-compiled[5.4.105~1-4fda]:main():gmm-align-compiled.cc:127) 023593
LOG (gmm-align-compiled[5.4.105~1-4fda]:main():gmm-align-compiled.cc:127) 02360
LOG (gmm-align-compiled[5.4.105~1-4fda]:main():gmm-align-compiled.cc:127) 023612
LOG (gmm-align-compiled[5.4.105~1-4fda]:main():gmm-align-compiled.cc:127) 023619
LOG (gmm-align-compiled[5.4.105~1-4fda]:main():gmm-align-compiled.cc:127) 023626
LOG (gmm-align-compiled[5.4.105~1-4fda]:main():gmm-align-compiled.cc:127) 023632
LOG (gmm-align-compiled[5.4.105~1-4fda]:main():gmm-align-compiled.cc:127) 02364
LOG (gmm-align-compiled[5.4.105~1-4fda]:main():gmm-align-compiled.cc:127) 023646
LOG (gmm-align-compiled[5.4.105~1-4fda]:main():gmm-align-compiled.cc:127) 023653
LOG (gmm-align-compiled[5.4.105~1-4fda]:main():gmm-align-compiled.cc:127) 02366
LOG (gmm-align-compiled[5.4.105~1-4fda]:main():gmm-align-compiled.cc:127) 023666
LOG (gmm-align-compiled[5.4.105~1-4fda]:main():gmm-align-compiled.cc:127) 023672
LOG (gmm-align-compiled[5.4.105~1-4fda]:main():gmm-align-compiled.cc:127) 02368
LOG (gmm-align-compiled[5.4.105~1-4fda]:main():gmm-align-compiled.cc:127) 023686
LOG (gmm-align-compiled[5.4.105~1-4fda]:main():gmm-align-compiled.cc:127) 023693
LOG (gmm-align-compiled[5.4.105~1-4fda]:main():gmm-align-compiled.cc:127) 0237
LOG (gmm-align-compiled[5.4.105~1-4fda]:main():gmm-align-compiled.cc:127) 023706
LOG (gmm-align-compiled[5.4.105~1-4fda]:main():gmm-align-compiled.cc:127) 023719
LOG (gmm-align-compiled[5.4.105~1-4fda]:main():gmm-align-compiled.cc:127) 023725
LOG (gmm-align-compiled[5.4.105~1-4fda]:main():gmm-align-compiled.cc:127) 023732
LOG (gmm-align-compiled[5.4.105~1-4fda]:main():gmm-align-compiled.cc:127) 023739
LOG (gmm-align-compiled[5.4.105~1-4fda]:main():gmm-align-compiled.cc:127) 023746
LOG (gmm-align-compiled[5.4.105~1-4fda]:main():gmm-align-compiled.cc:127) 023752
LOG (gmm-align-compiled[5.4.105~1-4fda]:main():gmm-align-compiled.cc:127) 02376
LOG (gmm-align-compiled[5.4.105~1-4fda]:main():gmm-align-compiled.cc:127) 023766
LOG (gmm-align-compiled[5.4.105~1-4fda]:main():gmm-align-compiled.cc:127) 023772
LOG (gmm-align-compiled[5.4.105~1-4fda]:main():gmm-align-compiled.cc:127) 023779
LOG (gmm-align-compiled[5.4.105~1-4fda]:main():gmm-align-compiled.cc:127) 023786
LOG (gmm-align-compiled[5.4.105~1-4fda]:main():gmm-align-compiled.cc:127) 023792
LOG (gmm-align-compiled[5.4.105~1-4fda]:main():gmm-align-compiled.cc:127) 0238
LOG (gmm-align-compiled[5.4.105~1-4fda]:main():gmm-align-compiled.cc:127) 023805
LOG (gmm-align-compiled[5.4.105~1-4fda]:main():gmm-align-compiled.cc:127) 023812
LOG (gmm-align-compiled[5.4.105~1-4fda]:main():gmm-align-compiled.cc:127) 023825
LOG (gmm-align-compiled[5.4.105~1-4fda]:main():gmm-align-compiled.cc:127) 023831
LOG (gmm-align-compiled[5.4.105~1-4fda]:main():gmm-align-compiled.cc:127) 023839
LOG (gmm-align-compiled[5.4.105~1-4fda]:main():gmm-align-compiled.cc:127) 023845
LOG (gmm-align-compiled[5.4.105~1-4fda]:main():gmm-align-compiled.cc:127) 023852
LOG (gmm-align-compiled[5.4.105~1-4fda]:main():gmm-align-compiled.cc:127) 023859
LOG (gmm-align-compiled[5.4.105~1-4fda]:main():gmm-align-compiled.cc:127) 023866
LOG (gmm-align-compiled[5.4.105~1-4fda]:main():gmm-align-compiled.cc:127) 023872
LOG (gmm-align-compiled[5.4.105~1-4fda]:main():gmm-align-compiled.cc:127) 02388
LOG (gmm-align-compiled[5.4.105~1-4fda]:main():gmm-align-compiled.cc:127) 023886
LOG (gmm-align-compiled[5.4.105~1-4fda]:main():gmm-align-compiled.cc:127) 023893
LOG (gmm-align-compiled[5.4.105~1-4fda]:main():gmm-align-compiled.cc:127) 0239
LOG (gmm-align-compiled[5.4.105~1-4fda]:main():gmm-align-compiled.cc:127) 023906
LOG (gmm-align-compiled[5.4.105~1-4fda]:main():gmm-align-compiled.cc:127) 023912
LOG (gmm-align-compiled[5.4.105~1-4fda]:main():gmm-align-compiled.cc:127) 02392
LOG (gmm-align-compiled[5.4.105~1-4fda]:main():gmm-align-compiled.cc:127) 023932
LOG (gmm-align-compiled[5.4.105~1-4fda]:main():gmm-align-compiled.cc:127) 023939
LOG (gmm-align-compiled[5.4.105~1-4fda]:main():gmm-align-compiled.cc:127) 023946
LOG (gmm-align-compiled[5.4.105~1-4fda]:main():gmm-align-compiled.cc:127) 023952
LOG (gmm-align-compiled[5.4.105~1-4fda]:main():gmm-align-compiled.cc:127) 02396
LOG (gmm-align-compiled[5.4.105~1-4fda]:main():gmm-align-compiled.cc:127) 023966
LOG (gmm-align-compiled[5.4.105~1-4fda]:main():gmm-align-compiled.cc:127) 023973
LOG (gmm-align-compiled[5.4.105~1-4fda]:main():gmm-align-compiled.cc:127) 023986
LOG (gmm-align-compiled[5.4.105~1-4fda]:main():gmm-align-compiled.cc:127) 023992
LOG (gmm-align-compiled[5.4.105~1-4fda]:main():gmm-align-compiled.cc:127) 024
LOG (gmm-align-compiled[5.4.105~1-4fda]:main():gmm-align-compiled.cc:127) 024004
LOG (gmm-align-compiled[5.4.105~1-4fda]:main():gmm-align-compiled.cc:127) 024011
LOG (gmm-align-compiled[5.4.105~1-4fda]:main():gmm-align-compiled.cc:127) 024018
LOG (gmm-align-compiled[5.4.105~1-4fda]:main():gmm-align-compiled.cc:127) 024025
LOG (gmm-align-compiled[5.4.105~1-4fda]:main():gmm-align-compiled.cc:127) 024038
LOG (gmm-align-compiled[5.4.105~1-4fda]:main():gmm-align-compiled.cc:127) 024044
LOG (gmm-align-compiled[5.4.105~1-4fda]:main():gmm-align-compiled.cc:127) 024051
LOG (gmm-align-compiled[5.4.105~1-4fda]:main():gmm-align-compiled.cc:127) 024058
LOG (gmm-align-compiled[5.4.105~1-4fda]:main():gmm-align-compiled.cc:127) 024065
LOG (gmm-align-compiled[5.4.105~1-4fda]:main():gmm-align-compiled.cc:127) 024071
LOG (gmm-align-compiled[5.4.105~1-4fda]:main():gmm-align-compiled.cc:127) 024079
LOG (gmm-align-compiled[5.4.105~1-4fda]:main():gmm-align-compiled.cc:127) 024085
LOG (gmm-align-compiled[5.4.105~1-4fda]:main():gmm-align-compiled.cc:127) 024091
LOG (gmm-align-compiled[5.4.105~1-4fda]:main():gmm-align-compiled.cc:127) 024098
LOG (gmm-align-compiled[5.4.105~1-4fda]:main():gmm-align-compiled.cc:127) 024104
LOG (gmm-align-compiled[5.4.105~1-4fda]:main():gmm-align-compiled.cc:127) 024110
LOG (gmm-align-compiled[5.4.105~1-4fda]:main():gmm-align-compiled.cc:127) 024118
LOG (gmm-align-compiled[5.4.105~1-4fda]:main():gmm-align-compiled.cc:127) 024124
LOG (gmm-align-compiled[5.4.105~1-4fda]:main():gmm-align-compiled.cc:127) 024131
LOG (gmm-align-compiled[5.4.105~1-4fda]:main():gmm-align-compiled.cc:127) 024144
LOG (gmm-align-compiled[5.4.105~1-4fda]:main():gmm-align-compiled.cc:127) 024150
LOG (gmm-align-compiled[5.4.105~1-4fda]:main():gmm-align-compiled.cc:127) 024158
LOG (gmm-align-compiled[5.4.105~1-4fda]:main():gmm-align-compiled.cc:127) 024164
LOG (gmm-align-compiled[5.4.105~1-4fda]:main():gmm-align-compiled.cc:127) 024171
LOG (gmm-align-compiled[5.4.105~1-4fda]:main():gmm-align-compiled.cc:127) 024178
LOG (gmm-align-compiled[5.4.105~1-4fda]:main():gmm-align-compiled.cc:127) 024185
LOG (gmm-align-compiled[5.4.105~1-4fda]:main():gmm-align-compiled.cc:127) 024198
LOG (gmm-align-compiled[5.4.105~1-4fda]:main():gmm-align-compiled.cc:127) 024203
LOG (gmm-align-compiled[5.4.105~1-4fda]:main():gmm-align-compiled.cc:127) 024210
LOG (gmm-align-compiled[5.4.105~1-4fda]:main():gmm-align-compiled.cc:127) 024217
LOG (gmm-align-compiled[5.4.105~1-4fda]:main():gmm-align-compiled.cc:127) 024224
LOG (gmm-align-compiled[5.4.105~1-4fda]:main():gmm-align-compiled.cc:127) 024230
LOG (gmm-align-compiled[5.4.105~1-4fda]:main():gmm-align-compiled.cc:127) 024238
LOG (gmm-align-compiled[5.4.105~1-4fda]:main():gmm-align-compiled.cc:127) 024250
LOG (gmm-align-compiled[5.4.105~1-4fda]:main():gmm-align-compiled.cc:127) 024257
LOG (gmm-align-compiled[5.4.105~1-4fda]:main():gmm-align-compiled.cc:127) 024264
LOG (gmm-align-compiled[5.4.105~1-4fda]:main():gmm-align-compiled.cc:127) 024270
LOG (gmm-align-compiled[5.4.105~1-4fda]:main():gmm-align-compiled.cc:127) 024278
LOG (gmm-align-compiled[5.4.105~1-4fda]:main():gmm-align-compiled.cc:127) 024284
LOG (gmm-align-compiled[5.4.105~1-4fda]:main():gmm-align-compiled.cc:127) 024291
LOG (gmm-align-compiled[5.4.105~1-4fda]:main():gmm-align-compiled.cc:127) 024298
LOG (gmm-align-compiled[5.4.105~1-4fda]:main():gmm-align-compiled.cc:127) 024304
LOG (gmm-align-compiled[5.4.105~1-4fda]:main():gmm-align-compiled.cc:127) 024310
LOG (gmm-align-compiled[5.4.105~1-4fda]:main():gmm-align-compiled.cc:127) 024318
LOG (gmm-align-compiled[5.4.105~1-4fda]:main():gmm-align-compiled.cc:127) 024324
LOG (gmm-align-compiled[5.4.105~1-4fda]:main():gmm-align-compiled.cc:127) 024331
LOG (gmm-align-compiled[5.4.105~1-4fda]:main():gmm-align-compiled.cc:127) 024338
LOG (gmm-align-compiled[5.4.105~1-4fda]:main():gmm-align-compiled.cc:127) 024345
LOG (gmm-align-compiled[5.4.105~1-4fda]:main():gmm-align-compiled.cc:127) 024358
LOG (gmm-align-compiled[5.4.105~1-4fda]:main():gmm-align-compiled.cc:127) 024364
LOG (gmm-align-compiled[5.4.105~1-4fda]:main():gmm-align-compiled.cc:127) 024371
LOG (gmm-align-compiled[5.4.105~1-4fda]:main():gmm-align-compiled.cc:127) 024378
WARNING (gmm-align-compiled[5.4.105~1-4fda]:AlignUtteranceWrapper():decoder-wrappers.cc:468) Retrying utterance 024378 with beam 40
LOG (gmm-align-compiled[5.4.105~1-4fda]:main():gmm-align-compiled.cc:127) 024385
LOG (gmm-align-compiled[5.4.105~1-4fda]:main():gmm-align-compiled.cc:127) 024391
LOG (gmm-align-compiled[5.4.105~1-4fda]:main():gmm-align-compiled.cc:127) 024399
LOG (gmm-align-compiled[5.4.105~1-4fda]:main():gmm-align-compiled.cc:127) 024410
LOG (gmm-align-compiled[5.4.105~1-4fda]:main():gmm-align-compiled.cc:127) 024417
LOG (gmm-align-compiled[5.4.105~1-4fda]:main():gmm-align-compiled.cc:127) 024424
LOG (gmm-align-compiled[5.4.105~1-4fda]:main():gmm-align-compiled.cc:127) 024430
LOG (gmm-align-compiled[5.4.105~1-4fda]:main():gmm-align-compiled.cc:127) 024438
LOG (gmm-align-compiled[5.4.105~1-4fda]:main():gmm-align-compiled.cc:127) 024444
LOG (gmm-align-compiled[5.4.105~1-4fda]:main():gmm-align-compiled.cc:127) 024451
LOG (gmm-align-compiled[5.4.105~1-4fda]:main():gmm-align-compiled.cc:127) 024464
LOG (gmm-align-compiled[5.4.105~1-4fda]:main():gmm-align-compiled.cc:127) 024470
LOG (gmm-align-compiled[5.4.105~1-4fda]:main():gmm-align-compiled.cc:127) 024478
LOG (gmm-align-compiled[5.4.105~1-4fda]:main():gmm-align-compiled.cc:127) 024484
LOG (gmm-align-compiled[5.4.105~1-4fda]:main():gmm-align-compiled.cc:127) 024491
LOG (gmm-align-compiled[5.4.105~1-4fda]:main():gmm-align-compiled.cc:127) 024498
LOG (gmm-align-compiled[5.4.105~1-4fda]:main():gmm-align-compiled.cc:127) 024504
LOG (gmm-align-compiled[5.4.105~1-4fda]:main():gmm-align-compiled.cc:127) 024510
LOG (gmm-align-compiled[5.4.105~1-4fda]:main():gmm-align-compiled.cc:127) 024517
LOG (gmm-align-compiled[5.4.105~1-4fda]:main():gmm-align-compiled.cc:127) 024523
LOG (gmm-align-compiled[5.4.105~1-4fda]:main():gmm-align-compiled.cc:127) 024530
LOG (gmm-align-compiled[5.4.105~1-4fda]:main():gmm-align-compiled.cc:127) 024537
LOG (gmm-align-compiled[5.4.105~1-4fda]:main():gmm-align-compiled.cc:127) 024544
LOG (gmm-align-compiled[5.4.105~1-4fda]:main():gmm-align-compiled.cc:127) 024550
LOG (gmm-align-compiled[5.4.105~1-4fda]:main():gmm-align-compiled.cc:127) 024558
LOG (gmm-align-compiled[5.4.105~1-4fda]:main():gmm-align-compiled.cc:127) 024570
LOG (gmm-align-compiled[5.4.105~1-4fda]:main():gmm-align-compiled.cc:127) 024577
LOG (gmm-align-compiled[5.4.105~1-4fda]:main():gmm-align-compiled.cc:127) 024584
LOG (gmm-align-compiled[5.4.105~1-4fda]:main():gmm-align-compiled.cc:127) 024590
LOG (gmm-align-compiled[5.4.105~1-4fda]:main():gmm-align-compiled.cc:127) 024598
LOG (gmm-align-compiled[5.4.105~1-4fda]:main():gmm-align-compiled.cc:127) 024603
LOG (gmm-align-compiled[5.4.105~1-4fda]:main():gmm-align-compiled.cc:127) 024610
LOG (gmm-align-compiled[5.4.105~1-4fda]:main():gmm-align-compiled.cc:127) 024617
LOG (gmm-align-compiled[5.4.105~1-4fda]:main():gmm-align-compiled.cc:127) 024623
LOG (gmm-align-compiled[5.4.105~1-4fda]:main():gmm-align-compiled.cc:127) 02463
LOG (gmm-align-compiled[5.4.105~1-4fda]:main():gmm-align-compiled.cc:127) 024637
LOG (gmm-align-compiled[5.4.105~1-4fda]:main():gmm-align-compiled.cc:127) 024643
LOG (gmm-align-compiled[5.4.105~1-4fda]:main():gmm-align-compiled.cc:127) 024650
LOG (gmm-align-compiled[5.4.105~1-4fda]:main():gmm-align-compiled.cc:127) 024657
LOG (gmm-align-compiled[5.4.105~1-4fda]:main():gmm-align-compiled.cc:127) 024664
LOG (gmm-align-compiled[5.4.105~1-4fda]:main():gmm-align-compiled.cc:127) 024677
LOG (gmm-align-compiled[5.4.105~1-4fda]:main():gmm-align-compiled.cc:127) 024683
LOG (gmm-align-compiled[5.4.105~1-4fda]:main():gmm-align-compiled.cc:127) 024690
LOG (gmm-align-compiled[5.4.105~1-4fda]:main():gmm-align-compiled.cc:127) 024697
LOG (gmm-align-compiled[5.4.105~1-4fda]:main():gmm-align-compiled.cc:127) 024703
LOG (gmm-align-compiled[5.4.105~1-4fda]:main():gmm-align-compiled.cc:127) 02471
LOG (gmm-align-compiled[5.4.105~1-4fda]:main():gmm-align-compiled.cc:127) 024717
LOG (gmm-align-compiled[5.4.105~1-4fda]:main():gmm-align-compiled.cc:127) 024723
LOG (gmm-align-compiled[5.4.105~1-4fda]:main():gmm-align-compiled.cc:127) 024730
LOG (gmm-align-compiled[5.4.105~1-4fda]:main():gmm-align-compiled.cc:127) 024737
LOG (gmm-align-compiled[5.4.105~1-4fda]:main():gmm-align-compiled.cc:127) 024744
LOG (gmm-align-compiled[5.4.105~1-4fda]:main():gmm-align-compiled.cc:127) 024750
LOG (gmm-align-compiled[5.4.105~1-4fda]:main():gmm-align-compiled.cc:127) 024758
LOG (gmm-align-compiled[5.4.105~1-4fda]:main():gmm-align-compiled.cc:127) 024764
LOG (gmm-align-compiled[5.4.105~1-4fda]:main():gmm-align-compiled.cc:127) 024771
LOG (gmm-align-compiled[5.4.105~1-4fda]:main():gmm-align-compiled.cc:127) 024784
LOG (gmm-align-compiled[5.4.105~1-4fda]:main():gmm-align-compiled.cc:127) 024790
LOG (gmm-align-compiled[5.4.105~1-4fda]:main():gmm-align-compiled.cc:127) 024798
LOG (gmm-align-compiled[5.4.105~1-4fda]:main():gmm-align-compiled.cc:127) 024803
LOG (gmm-align-compiled[5.4.105~1-4fda]:main():gmm-align-compiled.cc:127) 024810
LOG (gmm-align-compiled[5.4.105~1-4fda]:main():gmm-align-compiled.cc:127) 024817
LOG (gmm-align-compiled[5.4.105~1-4fda]:main():gmm-align-compiled.cc:127) 024824
LOG (gmm-align-compiled[5.4.105~1-4fda]:main():gmm-align-compiled.cc:127) 024837
LOG (gmm-align-compiled[5.4.105~1-4fda]:main():gmm-align-compiled.cc:127) 024843
LOG (gmm-align-compiled[5.4.105~1-4fda]:main():gmm-align-compiled.cc:127) 024850
LOG (gmm-align-compiled[5.4.105~1-4fda]:main():gmm-align-compiled.cc:127) 024857
LOG (gmm-align-compiled[5.4.105~1-4fda]:main():gmm-align-compiled.cc:127) 024864
LOG (gmm-align-compiled[5.4.105~1-4fda]:main():gmm-align-compiled.cc:127) 024870
LOG (gmm-align-compiled[5.4.105~1-4fda]:main():gmm-align-compiled.cc:127) 024878
LOG (gmm-align-compiled[5.4.105~1-4fda]:main():gmm-align-compiled.cc:127) 024890
LOG (gmm-align-compiled[5.4.105~1-4fda]:main():gmm-align-compiled.cc:127) 024897
LOG (gmm-align-compiled[5.4.105~1-4fda]:main():gmm-align-compiled.cc:127) 024903
LOG (gmm-align-compiled[5.4.105~1-4fda]:main():gmm-align-compiled.cc:127) 02491
LOG (gmm-align-compiled[5.4.105~1-4fda]:main():gmm-align-compiled.cc:127) 024917
LOG (gmm-align-compiled[5.4.105~1-4fda]:main():gmm-align-compiled.cc:127) 024923
LOG (gmm-align-compiled[5.4.105~1-4fda]:main():gmm-align-compiled.cc:127) 024930
LOG (gmm-align-compiled[5.4.105~1-4fda]:main():gmm-align-compiled.cc:127) 024937
LOG (gmm-align-compiled[5.4.105~1-4fda]:main():gmm-align-compiled.cc:127) 024943
LOG (gmm-align-compiled[5.4.105~1-4fda]:main():gmm-align-compiled.cc:127) 02495
LOG (gmm-align-compiled[5.4.105~1-4fda]:main():gmm-align-compiled.cc:127) 024957
LOG (gmm-align-compiled[5.4.105~1-4fda]:main():gmm-align-compiled.cc:127) 024963
LOG (gmm-align-compiled[5.4.105~1-4fda]:main():gmm-align-compiled.cc:127) 024970
LOG (gmm-align-compiled[5.4.105~1-4fda]:main():gmm-align-compiled.cc:127) 024977
LOG (gmm-align-compiled[5.4.105~1-4fda]:main():gmm-align-compiled.cc:127) 024984
LOG (gmm-align-compiled[5.4.105~1-4fda]:main():gmm-align-compiled.cc:127) 024997
LOG (gmm-align-compiled[5.4.105~1-4fda]:main():gmm-align-compiled.cc:127) 025001
LOG (gmm-align-compiled[5.4.105~1-4fda]:main():gmm-align-compiled.cc:127) 025009
LOG (gmm-align-compiled[5.4.105~1-4fda]:main():gmm-align-compiled.cc:127) 025015
LOG (gmm-align-compiled[5.4.105~1-4fda]:main():gmm-align-compiled.cc:127) 025022
LOG (gmm-align-compiled[5.4.105~1-4fda]:main():gmm-align-compiled.cc:127) 025029
LOG (gmm-align-compiled[5.4.105~1-4fda]:main():gmm-align-compiled.cc:127) 025036
LOG (gmm-align-compiled[5.4.105~1-4fda]:main():gmm-align-compiled.cc:127) 025042
LOG (gmm-align-compiled[5.4.105~1-4fda]:main():gmm-align-compiled.cc:127) 025049
LOG (gmm-align-compiled[5.4.105~1-4fda]:main():gmm-align-compiled.cc:127) 025055
LOG (gmm-align-compiled[5.4.105~1-4fda]:main():gmm-align-compiled.cc:127) 025062
LOG (gmm-align-compiled[5.4.105~1-4fda]:main():gmm-align-compiled.cc:127) 025069
LOG (gmm-align-compiled[5.4.105~1-4fda]:main():gmm-align-compiled.cc:127) 025076
LOG (gmm-align-compiled[5.4.105~1-4fda]:main():gmm-align-compiled.cc:127) 025082
LOG (gmm-align-compiled[5.4.105~1-4fda]:main():gmm-align-compiled.cc:127) 02509
LOG (gmm-align-compiled[5.4.105~1-4fda]:main():gmm-align-compiled.cc:127) 025101
LOG (gmm-align-compiled[5.4.105~1-4fda]:main():gmm-align-compiled.cc:127) 025108
LOG (gmm-align-compiled[5.4.105~1-4fda]:main():gmm-align-compiled.cc:127) 025115
LOG (gmm-align-compiled[5.4.105~1-4fda]:main():gmm-align-compiled.cc:127) 025121
LOG (gmm-align-compiled[5.4.105~1-4fda]:main():gmm-align-compiled.cc:127) 025129
LOG (gmm-align-compiled[5.4.105~1-4fda]:main():gmm-align-compiled.cc:127) 025135
LOG (gmm-align-compiled[5.4.105~1-4fda]:main():gmm-align-compiled.cc:127) 025142
LOG (gmm-align-compiled[5.4.105~1-4fda]:main():gmm-align-compiled.cc:127) 025149
LOG (gmm-align-compiled[5.4.105~1-4fda]:main():gmm-align-compiled.cc:127) 025156
LOG (gmm-align-compiled[5.4.105~1-4fda]:main():gmm-align-compiled.cc:127) 025162
LOG (gmm-align-compiled[5.4.105~1-4fda]:main():gmm-align-compiled.cc:127) 02517
LOG (gmm-align-compiled[5.4.105~1-4fda]:main():gmm-align-compiled.cc:127) 025176
LOG (gmm-align-compiled[5.4.105~1-4fda]:main():gmm-align-compiled.cc:127) 025183
LOG (gmm-align-compiled[5.4.105~1-4fda]:main():gmm-align-compiled.cc:127) 02519
LOG (gmm-align-compiled[5.4.105~1-4fda]:main():gmm-align-compiled.cc:127) 025197
LOG (gmm-align-compiled[5.4.105~1-4fda]:main():gmm-align-compiled.cc:127) 025209
LOG (gmm-align-compiled[5.4.105~1-4fda]:main():gmm-align-compiled.cc:127) 025215
LOG (gmm-align-compiled[5.4.105~1-4fda]:main():gmm-align-compiled.cc:127) 025222
LOG (gmm-align-compiled[5.4.105~1-4fda]:main():gmm-align-compiled.cc:127) 025229
LOG (gmm-align-compiled[5.4.105~1-4fda]:main():gmm-align-compiled.cc:127) 025236
LOG (gmm-align-compiled[5.4.105~1-4fda]:main():gmm-align-compiled.cc:127) 025242
LOG (gmm-align-compiled[5.4.105~1-4fda]:main():gmm-align-compiled.cc:127) 02525
LOG (gmm-align-compiled[5.4.105~1-4fda]:main():gmm-align-compiled.cc:127) 025262
LOG (gmm-align-compiled[5.4.105~1-4fda]:main():gmm-align-compiled.cc:127) 025269
LOG (gmm-align-compiled[5.4.105~1-4fda]:main():gmm-align-compiled.cc:127) 025276
LOG (gmm-align-compiled[5.4.105~1-4fda]:main():gmm-align-compiled.cc:127) 025282
LOG (gmm-align-compiled[5.4.105~1-4fda]:main():gmm-align-compiled.cc:127) 02529
LOG (gmm-align-compiled[5.4.105~1-4fda]:main():gmm-align-compiled.cc:127) 025296
LOG (gmm-align-compiled[5.4.105~1-4fda]:main():gmm-align-compiled.cc:127) 025302
LOG (gmm-align-compiled[5.4.105~1-4fda]:main():gmm-align-compiled.cc:127) 025315
LOG (gmm-align-compiled[5.4.105~1-4fda]:main():gmm-align-compiled.cc:127) 025321
LOG (gmm-align-compiled[5.4.105~1-4fda]:main():gmm-align-compiled.cc:127) 025329
LOG (gmm-align-compiled[5.4.105~1-4fda]:main():gmm-align-compiled.cc:127) 025335
LOG (gmm-align-compiled[5.4.105~1-4fda]:main():gmm-align-compiled.cc:127) 025342
LOG (gmm-align-compiled[5.4.105~1-4fda]:main():gmm-align-compiled.cc:127) 025349
LOG (gmm-align-compiled[5.4.105~1-4fda]:main():gmm-align-compiled.cc:127) 025356
LOG (gmm-align-compiled[5.4.105~1-4fda]:main():gmm-align-compiled.cc:127) 025362
LOG (gmm-align-compiled[5.4.105~1-4fda]:main():gmm-align-compiled.cc:127) 02537
LOG (gmm-align-compiled[5.4.105~1-4fda]:main():gmm-align-compiled.cc:127) 025376
LOG (gmm-align-compiled[5.4.105~1-4fda]:main():gmm-align-compiled.cc:127) 025383
LOG (gmm-align-compiled[5.4.105~1-4fda]:main():gmm-align-compiled.cc:127) 02539
LOG (gmm-align-compiled[5.4.105~1-4fda]:main():gmm-align-compiled.cc:127) 025397
LOG (gmm-align-compiled[5.4.105~1-4fda]:main():gmm-align-compiled.cc:127) 025402
LOG (gmm-align-compiled[5.4.105~1-4fda]:main():gmm-align-compiled.cc:127) 02541
LOG (gmm-align-compiled[5.4.105~1-4fda]:main():gmm-align-compiled.cc:127) 025422
LOG (gmm-align-compiled[5.4.105~1-4fda]:main():gmm-align-compiled.cc:127) 025429
LOG (gmm-align-compiled[5.4.105~1-4fda]:main():gmm-align-compiled.cc:127) 025436
LOG (gmm-align-compiled[5.4.105~1-4fda]:main():gmm-align-compiled.cc:127) 025442
LOG (gmm-align-compiled[5.4.105~1-4fda]:main():gmm-align-compiled.cc:127) 02545
LOG (gmm-align-compiled[5.4.105~1-4fda]:main():gmm-align-compiled.cc:127) 025456
LOG (gmm-align-compiled[5.4.105~1-4fda]:main():gmm-align-compiled.cc:127) 025463
LOG (gmm-align-compiled[5.4.105~1-4fda]:main():gmm-align-compiled.cc:127) 02547
LOG (gmm-align-compiled[5.4.105~1-4fda]:main():gmm-align-compiled.cc:127) 025476
LOG (gmm-align-compiled[5.4.105~1-4fda]:main():gmm-align-compiled.cc:127) 025482
LOG (gmm-align-compiled[5.4.105~1-4fda]:main():gmm-align-compiled.cc:127) 02549
LOG (gmm-align-compiled[5.4.105~1-4fda]:main():gmm-align-compiled.cc:127) 025496
LOG (gmm-align-compiled[5.4.105~1-4fda]:main():gmm-align-compiled.cc:127) 025502
LOG (gmm-align-compiled[5.4.105~1-4fda]:main():gmm-align-compiled.cc:127) 025509
LOG (gmm-align-compiled[5.4.105~1-4fda]:main():gmm-align-compiled.cc:127) 025516
LOG (gmm-align-compiled[5.4.105~1-4fda]:main():gmm-align-compiled.cc:127) 025529
LOG (gmm-align-compiled[5.4.105~1-4fda]:main():gmm-align-compiled.cc:127) 025535
LOG (gmm-align-compiled[5.4.105~1-4fda]:main():gmm-align-compiled.cc:127) 025542
LOG (gmm-align-compiled[5.4.105~1-4fda]:main():gmm-align-compiled.cc:127) 025549
LOG (gmm-align-compiled[5.4.105~1-4fda]:main():gmm-align-compiled.cc:127) 025556
LOG (gmm-align-compiled[5.4.105~1-4fda]:main():gmm-align-compiled.cc:127) 025562
LOG (gmm-align-compiled[5.4.105~1-4fda]:main():gmm-align-compiled.cc:127) 02557
LOG (gmm-align-compiled[5.4.105~1-4fda]:main():gmm-align-compiled.cc:127) 025576
LOG (gmm-align-compiled[5.4.105~1-4fda]:main():gmm-align-compiled.cc:127) 025583
LOG (gmm-align-compiled[5.4.105~1-4fda]:main():gmm-align-compiled.cc:127) 02559
LOG (gmm-align-compiled[5.4.105~1-4fda]:main():gmm-align-compiled.cc:127) 025597
LOG (gmm-align-compiled[5.4.105~1-4fda]:main():gmm-align-compiled.cc:127) 025602
LOG (gmm-align-compiled[5.4.105~1-4fda]:main():gmm-align-compiled.cc:127) 02561
LOG (gmm-align-compiled[5.4.105~1-4fda]:main():gmm-align-compiled.cc:127) 025616
LOG (gmm-align-compiled[5.4.105~1-4fda]:main():gmm-align-compiled.cc:127) 025623
LOG (gmm-align-compiled[5.4.105~1-4fda]:main():gmm-align-compiled.cc:127) 025636
LOG (gmm-align-compiled[5.4.105~1-4fda]:main():gmm-align-compiled.cc:127) 025642
LOG (gmm-align-compiled[5.4.105~1-4fda]:main():gmm-align-compiled.cc:127) 02565
LOG (gmm-align-compiled[5.4.105~1-4fda]:main():gmm-align-compiled.cc:127) 025656
LOG (gmm-align-compiled[5.4.105~1-4fda]:main():gmm-align-compiled.cc:127) 025663
LOG (gmm-align-compiled[5.4.105~1-4fda]:main():gmm-align-compiled.cc:127) 02567
LOG (gmm-align-compiled[5.4.105~1-4fda]:main():gmm-align-compiled.cc:127) 025677
LOG (gmm-align-compiled[5.4.105~1-4fda]:main():gmm-align-compiled.cc:127) 02569
LOG (gmm-align-compiled[5.4.105~1-4fda]:main():gmm-align-compiled.cc:127) 025696
LOG (gmm-align-compiled[5.4.105~1-4fda]:main():gmm-align-compiled.cc:127) 025702
LOG (gmm-align-compiled[5.4.105~1-4fda]:main():gmm-align-compiled.cc:127) 025709
LOG (gmm-align-compiled[5.4.105~1-4fda]:main():gmm-align-compiled.cc:127) 025716
LOG (gmm-align-compiled[5.4.105~1-4fda]:main():gmm-align-compiled.cc:127) 025722
LOG (gmm-align-compiled[5.4.105~1-4fda]:main():gmm-align-compiled.cc:127) 02573
LOG (gmm-align-compiled[5.4.105~1-4fda]:main():gmm-align-compiled.cc:127) 025742
LOG (gmm-align-compiled[5.4.105~1-4fda]:main():gmm-align-compiled.cc:127) 025749
LOG (gmm-align-compiled[5.4.105~1-4fda]:main():gmm-align-compiled.cc:127) 025756
LOG (gmm-align-compiled[5.4.105~1-4fda]:main():gmm-align-compiled.cc:127) 025762
LOG (gmm-align-compiled[5.4.105~1-4fda]:main():gmm-align-compiled.cc:127) 02577
LOG (gmm-align-compiled[5.4.105~1-4fda]:main():gmm-align-compiled.cc:127) 025776
LOG (gmm-align-compiled[5.4.105~1-4fda]:main():gmm-align-compiled.cc:127) 025783
LOG (gmm-align-compiled[5.4.105~1-4fda]:main():gmm-align-compiled.cc:127) 02579
LOG (gmm-align-compiled[5.4.105~1-4fda]:main():gmm-align-compiled.cc:127) 025796
LOG (gmm-align-compiled[5.4.105~1-4fda]:main():gmm-align-compiled.cc:127) 025801
LOG (gmm-align-compiled[5.4.105~1-4fda]:main():gmm-align-compiled.cc:127) 025809
LOG (gmm-align-compiled[5.4.105~1-4fda]:main():gmm-align-compiled.cc:127) 025815
LOG (apply-cmvn[5.4.105~1-4fda]:main():apply-cmvn.cc:162) Applied cepstral mean normalization to 480 utterances, errors on 0
LOG (gmm-align-compiled[5.4.105~1-4fda]:main():gmm-align-compiled.cc:127) 025822
LOG (gmm-align-compiled[5.4.105~1-4fda]:main():gmm-align-compiled.cc:127) 025829
LOG (gmm-align-compiled[5.4.105~1-4fda]:main():gmm-align-compiled.cc:127) 025836
LOG (gmm-align-compiled[5.4.105~1-4fda]:main():gmm-align-compiled.cc:127) 025849
LOG (gmm-align-compiled[5.4.105~1-4fda]:main():gmm-align-compiled.cc:127) 025855
LOG (gmm-align-compiled[5.4.105~1-4fda]:main():gmm-align-compiled.cc:127) 025862
LOG (gmm-align-compiled[5.4.105~1-4fda]:main():gmm-align-compiled.cc:127) 025869
LOG (gmm-align-compiled[5.4.105~1-4fda]:main():gmm-align-compiled.cc:135) Overall log-likelihood per frame is -104.858 over 149504 frames.
LOG (gmm-align-compiled[5.4.105~1-4fda]:main():gmm-align-compiled.cc:137) Retried 2 out of 480 utterances.
LOG (gmm-align-compiled[5.4.105~1-4fda]:main():gmm-align-compiled.cc:139) Done 480, errors on 0
# Accounting: time=34 threads=1
# Ended (code 0) at Wed Oct 31 22:08:21 EDT 2018, elapsed time 34 seconds
