# gmm-align-compiled --transition-scale=1.0 --acoustic-scale=0.1 --self-loop-scale=0.1 --beam=10 --retry-beam=40 --careful=false "gmm-boost-silence --boost=1.0 1 exp2/mono/14.mdl - |" "ark:gunzip -c exp2/mono/fsts.30.gz|" "ark,s,cs:apply-cmvn  --utt2spk=ark:data/st_ihm_all/train_15k/split30/30/utt2spk scp:data/st_ihm_all/train_15k/split30/30/cmvn.scp scp:data/st_ihm_all/train_15k/split30/30/feats.scp ark:- | add-deltas  ark:- ark:- |" "ark,t:|gzip -c >exp2/mono/ali.30.gz" 
# Started at Wed Oct 31 22:11:22 EDT 2018
#
gmm-align-compiled --transition-scale=1.0 --acoustic-scale=0.1 --self-loop-scale=0.1 --beam=10 --retry-beam=40 --careful=false 'gmm-boost-silence --boost=1.0 1 exp2/mono/14.mdl - |' 'ark:gunzip -c exp2/mono/fsts.30.gz|' 'ark,s,cs:apply-cmvn  --utt2spk=ark:data/st_ihm_all/train_15k/split30/30/utt2spk scp:data/st_ihm_all/train_15k/split30/30/cmvn.scp scp:data/st_ihm_all/train_15k/split30/30/feats.scp ark:- | add-deltas  ark:- ark:- |' 'ark,t:|gzip -c >exp2/mono/ali.30.gz' 
gmm-boost-silence --boost=1.0 1 exp2/mono/14.mdl - 
WARNING (gmm-boost-silence[5.4.105~1-4fda]:main():gmm-boost-silence.cc:82) The pdfs for the silence phones may be shared by other phones (note: this probably does not matter.)
LOG (gmm-boost-silence[5.4.105~1-4fda]:main():gmm-boost-silence.cc:93) Boosted weights for 5 pdfs, by factor of 1
LOG (gmm-boost-silence[5.4.105~1-4fda]:main():gmm-boost-silence.cc:103) Wrote model to -
apply-cmvn --utt2spk=ark:data/st_ihm_all/train_15k/split30/30/utt2spk scp:data/st_ihm_all/train_15k/split30/30/cmvn.scp scp:data/st_ihm_all/train_15k/split30/30/feats.scp ark:- 
add-deltas ark:- ark:- 
LOG (gmm-align-compiled[5.4.105~1-4fda]:main():gmm-align-compiled.cc:127) AMI_TS3011d_H00_MTD041PM_0213030_0213235
LOG (gmm-align-compiled[5.4.105~1-4fda]:main():gmm-align-compiled.cc:127) AMI_TS3011d_H01_MTD043UID_0036118_0036381
LOG (gmm-align-compiled[5.4.105~1-4fda]:main():gmm-align-compiled.cc:127) AMI_TS3011d_H01_MTD043UID_0048994_0049056
LOG (gmm-align-compiled[5.4.105~1-4fda]:main():gmm-align-compiled.cc:127) AMI_TS3011d_H01_MTD043UID_0086214_0086386
LOG (gmm-align-compiled[5.4.105~1-4fda]:main():gmm-align-compiled.cc:127) AMI_TS3011d_H01_MTD043UID_0091264_0091450
LOG (gmm-align-compiled[5.4.105~1-4fda]:main():gmm-align-compiled.cc:127) AMI_TS3011d_H01_MTD043UID_0096354_0096675
LOG (gmm-align-compiled[5.4.105~1-4fda]:main():gmm-align-compiled.cc:127) AMI_TS3011d_H01_MTD043UID_0108571_0108686
LOG (gmm-align-compiled[5.4.105~1-4fda]:main():gmm-align-compiled.cc:127) AMI_TS3011d_H01_MTD043UID_0110770_0110954
LOG (gmm-align-compiled[5.4.105~1-4fda]:main():gmm-align-compiled.cc:127) AMI_TS3011d_H01_MTD043UID_0114838_0115607
LOG (gmm-align-compiled[5.4.105~1-4fda]:main():gmm-align-compiled.cc:127) AMI_TS3011d_H01_MTD043UID_0122884_0123317
LOG (gmm-align-compiled[5.4.105~1-4fda]:main():gmm-align-compiled.cc:127) AMI_TS3011d_H01_MTD043UID_0147762_0147847
LOG (gmm-align-compiled[5.4.105~1-4fda]:main():gmm-align-compiled.cc:127) AMI_TS3011d_H01_MTD043UID_0153854_0154064
WARNING (gmm-align-compiled[5.4.105~1-4fda]:AlignUtteranceWrapper():decoder-wrappers.cc:468) Retrying utterance AMI_TS3011d_H01_MTD043UID_0153854_0154064 with beam 40
LOG (gmm-align-compiled[5.4.105~1-4fda]:main():gmm-align-compiled.cc:127) AMI_TS3011d_H01_MTD043UID_0165888_0165965
LOG (gmm-align-compiled[5.4.105~1-4fda]:main():gmm-align-compiled.cc:127) AMI_TS3011d_H01_MTD043UID_0173006_0173123
LOG (gmm-align-compiled[5.4.105~1-4fda]:main():gmm-align-compiled.cc:127) AMI_TS3011d_H01_MTD043UID_0177890_0177912
LOG (gmm-align-compiled[5.4.105~1-4fda]:main():gmm-align-compiled.cc:127) AMI_TS3011d_H01_MTD043UID_0183543_0183592
LOG (gmm-align-compiled[5.4.105~1-4fda]:main():gmm-align-compiled.cc:127) AMI_TS3011d_H01_MTD043UID_0191869_0192137
LOG (gmm-align-compiled[5.4.105~1-4fda]:main():gmm-align-compiled.cc:127) AMI_TS3011d_H01_MTD043UID_0206410_0206646
LOG (gmm-align-compiled[5.4.105~1-4fda]:main():gmm-align-compiled.cc:127) AMI_TS3011d_H02_MTD042ID_0027311_0027679
LOG (gmm-align-compiled[5.4.105~1-4fda]:main():gmm-align-compiled.cc:127) AMI_TS3011d_H02_MTD042ID_0030943_0031003
LOG (gmm-align-compiled[5.4.105~1-4fda]:main():gmm-align-compiled.cc:127) AMI_TS3011d_H02_MTD042ID_0034677_0035138
LOG (gmm-align-compiled[5.4.105~1-4fda]:main():gmm-align-compiled.cc:127) AMI_TS3011d_H02_MTD042ID_0044038_0044143
LOG (gmm-align-compiled[5.4.105~1-4fda]:main():gmm-align-compiled.cc:127) AMI_TS3011d_H02_MTD042ID_0058278_0058319
LOG (gmm-align-compiled[5.4.105~1-4fda]:main():gmm-align-compiled.cc:127) AMI_TS3011d_H02_MTD042ID_0063480_0064263
LOG (gmm-align-compiled[5.4.105~1-4fda]:main():gmm-align-compiled.cc:127) AMI_TS3011d_H02_MTD042ID_0067750_0068211
LOG (gmm-align-compiled[5.4.105~1-4fda]:main():gmm-align-compiled.cc:127) AMI_TS3011d_H02_MTD042ID_0083467_0083589
LOG (gmm-align-compiled[5.4.105~1-4fda]:main():gmm-align-compiled.cc:127) AMI_TS3011d_H02_MTD042ID_0088098_0088147
LOG (gmm-align-compiled[5.4.105~1-4fda]:main():gmm-align-compiled.cc:127) AMI_TS3011d_H02_MTD042ID_0093013_0093058
LOG (gmm-align-compiled[5.4.105~1-4fda]:main():gmm-align-compiled.cc:127) AMI_TS3011d_H02_MTD042ID_0097896_0098653
LOG (gmm-align-compiled[5.4.105~1-4fda]:main():gmm-align-compiled.cc:127) AMI_TS3011d_H02_MTD042ID_0105104_0105511
LOG (gmm-align-compiled[5.4.105~1-4fda]:main():gmm-align-compiled.cc:127) AMI_TS3011d_H02_MTD042ID_0108122_0108267
LOG (gmm-align-compiled[5.4.105~1-4fda]:main():gmm-align-compiled.cc:127) AMI_TS3011d_H02_MTD042ID_0110569_0110600
LOG (gmm-align-compiled[5.4.105~1-4fda]:main():gmm-align-compiled.cc:127) AMI_TS3011d_H02_MTD042ID_0115999_0116396
LOG (gmm-align-compiled[5.4.105~1-4fda]:main():gmm-align-compiled.cc:127) AMI_TS3011d_H02_MTD042ID_0119724_0120723
LOG (gmm-align-compiled[5.4.105~1-4fda]:main():gmm-align-compiled.cc:127) AMI_TS3011d_H02_MTD042ID_0123936_0124063
LOG (gmm-align-compiled[5.4.105~1-4fda]:main():gmm-align-compiled.cc:127) AMI_TS3011d_H02_MTD042ID_0134226_0134428
LOG (gmm-align-compiled[5.4.105~1-4fda]:main():gmm-align-compiled.cc:127) AMI_TS3011d_H02_MTD042ID_0138400_0138730
LOG (gmm-align-compiled[5.4.105~1-4fda]:main():gmm-align-compiled.cc:127) AMI_TS3011d_H02_MTD042ID_0143512_0143543
LOG (gmm-align-compiled[5.4.105~1-4fda]:main():gmm-align-compiled.cc:127) AMI_TS3011d_H02_MTD042ID_0146012_0146209
LOG (gmm-align-compiled[5.4.105~1-4fda]:main():gmm-align-compiled.cc:127) AMI_TS3011d_H02_MTD042ID_0151848_0152491
LOG (gmm-align-compiled[5.4.105~1-4fda]:main():gmm-align-compiled.cc:127) AMI_TS3011d_H02_MTD042ID_0163705_0163736
LOG (gmm-align-compiled[5.4.105~1-4fda]:main():gmm-align-compiled.cc:127) AMI_TS3011d_H02_MTD042ID_0169130_0169158
LOG (gmm-align-compiled[5.4.105~1-4fda]:main():gmm-align-compiled.cc:127) AMI_TS3011d_H02_MTD042ID_0175429_0175601
LOG (gmm-align-compiled[5.4.105~1-4fda]:main():gmm-align-compiled.cc:127) AMI_TS3011d_H02_MTD042ID_0179805_0179827
LOG (gmm-align-compiled[5.4.105~1-4fda]:main():gmm-align-compiled.cc:127) AMI_TS3011d_H02_MTD042ID_0187019_0187048
LOG (gmm-align-compiled[5.4.105~1-4fda]:main():gmm-align-compiled.cc:127) AMI_TS3011d_H02_MTD042ID_0191568_0191786
LOG (gmm-align-compiled[5.4.105~1-4fda]:main():gmm-align-compiled.cc:127) AMI_TS3011d_H02_MTD042ID_0196326_0196468
LOG (gmm-align-compiled[5.4.105~1-4fda]:main():gmm-align-compiled.cc:127) AMI_TS3011d_H02_MTD042ID_0200204_0200351
LOG (gmm-align-compiled[5.4.105~1-4fda]:main():gmm-align-compiled.cc:127) AMI_TS3011d_H02_MTD042ID_0206550_0207029
LOG (gmm-align-compiled[5.4.105~1-4fda]:main():gmm-align-compiled.cc:127) AMI_TS3011d_H02_MTD042ID_0213812_0214161
LOG (gmm-align-compiled[5.4.105~1-4fda]:main():gmm-align-compiled.cc:127) AMI_TS3011d_H03_MTD044ME_0042031_0042075
LOG (gmm-align-compiled[5.4.105~1-4fda]:main():gmm-align-compiled.cc:127) AMI_TS3011d_H03_MTD044ME_0044970_0045217
WARNING (gmm-align-compiled[5.4.105~1-4fda]:AlignUtteranceWrapper():decoder-wrappers.cc:468) Retrying utterance AMI_TS3011d_H03_MTD044ME_0044970_0045217 with beam 40
LOG (gmm-align-compiled[5.4.105~1-4fda]:main():gmm-align-compiled.cc:127) AMI_TS3011d_H03_MTD044ME_0083891_0083975
LOG (gmm-align-compiled[5.4.105~1-4fda]:main():gmm-align-compiled.cc:127) AMI_TS3011d_H03_MTD044ME_0093620_0093716
LOG (gmm-align-compiled[5.4.105~1-4fda]:main():gmm-align-compiled.cc:127) AMI_TS3011d_H03_MTD044ME_0106976_0107257
LOG (gmm-align-compiled[5.4.105~1-4fda]:main():gmm-align-compiled.cc:127) AMI_TS3011d_H03_MTD044ME_0126049_0126323
LOG (gmm-align-compiled[5.4.105~1-4fda]:main():gmm-align-compiled.cc:127) AMI_TS3011d_H03_MTD044ME_0145182_0145441
LOG (gmm-align-compiled[5.4.105~1-4fda]:main():gmm-align-compiled.cc:127) AMI_TS3011d_H03_MTD044ME_0176907_0177033
LOG (gmm-align-compiled[5.4.105~1-4fda]:main():gmm-align-compiled.cc:127) AMI_TS3011d_H03_MTD044ME_0207217_0207359
LOG (gmm-align-compiled[5.4.105~1-4fda]:main():gmm-align-compiled.cc:127) AMI_TS3012a_H00_MTD045PM_0001500_0001712
LOG (gmm-align-compiled[5.4.105~1-4fda]:main():gmm-align-compiled.cc:127) AMI_TS3012a_H00_MTD045PM_0005354_0005397
LOG (gmm-align-compiled[5.4.105~1-4fda]:main():gmm-align-compiled.cc:127) AMI_TS3012a_H00_MTD045PM_0008855_0009360
WARNING (gmm-align-compiled[5.4.105~1-4fda]:AlignUtteranceWrapper():decoder-wrappers.cc:468) Retrying utterance AMI_TS3012a_H00_MTD045PM_0008855_0009360 with beam 40
LOG (gmm-align-compiled[5.4.105~1-4fda]:main():gmm-align-compiled.cc:127) AMI_TS3012a_H00_MTD045PM_0013088_0013219
LOG (gmm-align-compiled[5.4.105~1-4fda]:main():gmm-align-compiled.cc:127) AMI_TS3012a_H00_MTD045PM_0015950_0016218
LOG (gmm-align-compiled[5.4.105~1-4fda]:main():gmm-align-compiled.cc:127) AMI_TS3012a_H00_MTD045PM_0019391_0019968
LOG (gmm-align-compiled[5.4.105~1-4fda]:main():gmm-align-compiled.cc:127) AMI_TS3012a_H00_MTD045PM_0022190_0022561
LOG (gmm-align-compiled[5.4.105~1-4fda]:main():gmm-align-compiled.cc:127) AMI_TS3012a_H00_MTD045PM_0025711_0025823
LOG (gmm-align-compiled[5.4.105~1-4fda]:main():gmm-align-compiled.cc:127) AMI_TS3012a_H00_MTD045PM_0034375_0034446
LOG (gmm-align-compiled[5.4.105~1-4fda]:main():gmm-align-compiled.cc:127) AMI_TS3012a_H00_MTD045PM_0036145_0036179
LOG (gmm-align-compiled[5.4.105~1-4fda]:main():gmm-align-compiled.cc:127) AMI_TS3012a_H00_MTD045PM_0054452_0054490
LOG (gmm-align-compiled[5.4.105~1-4fda]:main():gmm-align-compiled.cc:127) AMI_TS3012a_H00_MTD045PM_0058573_0058782
LOG (gmm-align-compiled[5.4.105~1-4fda]:main():gmm-align-compiled.cc:127) AMI_TS3012a_H00_MTD045PM_0063471_0063578
LOG (gmm-align-compiled[5.4.105~1-4fda]:main():gmm-align-compiled.cc:127) AMI_TS3012a_H00_MTD045PM_0065563_0065692
LOG (gmm-align-compiled[5.4.105~1-4fda]:main():gmm-align-compiled.cc:127) AMI_TS3012a_H00_MTD045PM_0067943_0068243
LOG (gmm-align-compiled[5.4.105~1-4fda]:main():gmm-align-compiled.cc:127) AMI_TS3012a_H00_MTD045PM_0073713_0073791
LOG (gmm-align-compiled[5.4.105~1-4fda]:main():gmm-align-compiled.cc:127) AMI_TS3012a_H00_MTD045PM_0076977_0077086
LOG (gmm-align-compiled[5.4.105~1-4fda]:main():gmm-align-compiled.cc:127) AMI_TS3012a_H00_MTD045PM_0078481_0078577
LOG (gmm-align-compiled[5.4.105~1-4fda]:main():gmm-align-compiled.cc:127) AMI_TS3012a_H00_MTD045PM_0080117_0080433
LOG (gmm-align-compiled[5.4.105~1-4fda]:main():gmm-align-compiled.cc:127) AMI_TS3012a_H01_MTD047UID_0000362_0000423
LOG (gmm-align-compiled[5.4.105~1-4fda]:main():gmm-align-compiled.cc:127) AMI_TS3012a_H01_MTD047UID_0026518_0026856
LOG (gmm-align-compiled[5.4.105~1-4fda]:main():gmm-align-compiled.cc:127) AMI_TS3012a_H01_MTD047UID_0028944_0029183
LOG (gmm-align-compiled[5.4.105~1-4fda]:main():gmm-align-compiled.cc:127) AMI_TS3012a_H01_MTD047UID_0033200_0033571
LOG (gmm-align-compiled[5.4.105~1-4fda]:main():gmm-align-compiled.cc:127) AMI_TS3012a_H01_MTD047UID_0051191_0051291
LOG (gmm-align-compiled[5.4.105~1-4fda]:main():gmm-align-compiled.cc:127) AMI_TS3012a_H01_MTD047UID_0070325_0071005
LOG (gmm-align-compiled[5.4.105~1-4fda]:main():gmm-align-compiled.cc:127) AMI_TS3012a_H02_MTD046ID_0044664_0044719
LOG (gmm-align-compiled[5.4.105~1-4fda]:main():gmm-align-compiled.cc:127) AMI_TS3012a_H02_MTD046ID_0050874_0051060
LOG (gmm-align-compiled[5.4.105~1-4fda]:main():gmm-align-compiled.cc:127) AMI_TS3012a_H02_MTD046ID_0054495_0055470
LOG (gmm-align-compiled[5.4.105~1-4fda]:main():gmm-align-compiled.cc:127) AMI_TS3012a_H02_MTD046ID_0077701_0077798
LOG (gmm-align-compiled[5.4.105~1-4fda]:main():gmm-align-compiled.cc:127) AMI_TS3012a_H03_MTD048ME_0003447_0004335
LOG (gmm-align-compiled[5.4.105~1-4fda]:main():gmm-align-compiled.cc:127) AMI_TS3012a_H03_MTD048ME_0029971_0030291
LOG (gmm-align-compiled[5.4.105~1-4fda]:main():gmm-align-compiled.cc:127) AMI_TS3012a_H03_MTD048ME_0036303_0036423
LOG (gmm-align-compiled[5.4.105~1-4fda]:main():gmm-align-compiled.cc:127) AMI_TS3012a_H03_MTD048ME_0043409_0043449
LOG (gmm-align-compiled[5.4.105~1-4fda]:main():gmm-align-compiled.cc:127) AMI_TS3012a_H03_MTD048ME_0047436_0047485
LOG (gmm-align-compiled[5.4.105~1-4fda]:main():gmm-align-compiled.cc:127) AMI_TS3012a_H03_MTD048ME_0058600_0058671
LOG (gmm-align-compiled[5.4.105~1-4fda]:main():gmm-align-compiled.cc:127) AMI_TS3012a_H03_MTD048ME_0076562_0076586
LOG (gmm-align-compiled[5.4.105~1-4fda]:main():gmm-align-compiled.cc:127) AMI_TS3012a_H03_MTD048ME_0082237_0082285
LOG (gmm-align-compiled[5.4.105~1-4fda]:main():gmm-align-compiled.cc:127) AMI_TS3012b_H00_MTD045PM_0003047_0003137
LOG (gmm-align-compiled[5.4.105~1-4fda]:main():gmm-align-compiled.cc:127) AMI_TS3012b_H00_MTD045PM_0006020_0006606
WARNING (gmm-align-compiled[5.4.105~1-4fda]:AlignUtteranceWrapper():decoder-wrappers.cc:468) Retrying utterance AMI_TS3012b_H00_MTD045PM_0006020_0006606 with beam 40
LOG (gmm-align-compiled[5.4.105~1-4fda]:main():gmm-align-compiled.cc:127) AMI_TS3012b_H00_MTD045PM_0015761_0015841
LOG (gmm-align-compiled[5.4.105~1-4fda]:main():gmm-align-compiled.cc:127) AMI_TS3012b_H00_MTD045PM_0022771_0022863
LOG (gmm-align-compiled[5.4.105~1-4fda]:main():gmm-align-compiled.cc:127) AMI_TS3012b_H00_MTD045PM_0029975_0030014
LOG (gmm-align-compiled[5.4.105~1-4fda]:main():gmm-align-compiled.cc:127) AMI_TS3012b_H00_MTD045PM_0037139_0037183
LOG (gmm-align-compiled[5.4.105~1-4fda]:main():gmm-align-compiled.cc:127) AMI_TS3012b_H00_MTD045PM_0049081_0049209
LOG (gmm-align-compiled[5.4.105~1-4fda]:main():gmm-align-compiled.cc:127) AMI_TS3012b_H00_MTD045PM_0052529_0052595
LOG (gmm-align-compiled[5.4.105~1-4fda]:main():gmm-align-compiled.cc:127) AMI_TS3012b_H00_MTD045PM_0054787_0055842
LOG (gmm-align-compiled[5.4.105~1-4fda]:main():gmm-align-compiled.cc:127) AMI_TS3012b_H00_MTD045PM_0066541_0066811
LOG (gmm-align-compiled[5.4.105~1-4fda]:main():gmm-align-compiled.cc:127) AMI_TS3012b_H00_MTD045PM_0073670_0073766
LOG (gmm-align-compiled[5.4.105~1-4fda]:main():gmm-align-compiled.cc:127) AMI_TS3012b_H00_MTD045PM_0077529_0078054
LOG (gmm-align-compiled[5.4.105~1-4fda]:main():gmm-align-compiled.cc:127) AMI_TS3012b_H00_MTD045PM_0081516_0081673
LOG (gmm-align-compiled[5.4.105~1-4fda]:main():gmm-align-compiled.cc:127) AMI_TS3012b_H00_MTD045PM_0084195_0085058
LOG (gmm-align-compiled[5.4.105~1-4fda]:main():gmm-align-compiled.cc:127) AMI_TS3012b_H00_MTD045PM_0087801_0087907
LOG (gmm-align-compiled[5.4.105~1-4fda]:main():gmm-align-compiled.cc:127) AMI_TS3012b_H00_MTD045PM_0090158_0090423
LOG (gmm-align-compiled[5.4.105~1-4fda]:main():gmm-align-compiled.cc:127) AMI_TS3012b_H00_MTD045PM_0093539_0093783
LOG (gmm-align-compiled[5.4.105~1-4fda]:main():gmm-align-compiled.cc:127) AMI_TS3012b_H00_MTD045PM_0099683_0100088
LOG (gmm-align-compiled[5.4.105~1-4fda]:main():gmm-align-compiled.cc:127) AMI_TS3012b_H00_MTD045PM_0103151_0103697
LOG (gmm-align-compiled[5.4.105~1-4fda]:main():gmm-align-compiled.cc:127) AMI_TS3012b_H00_MTD045PM_0106954_0107794
WARNING (gmm-align-compiled[5.4.105~1-4fda]:AlignUtteranceWrapper():decoder-wrappers.cc:468) Retrying utterance AMI_TS3012b_H00_MTD045PM_0106954_0107794 with beam 40
LOG (gmm-align-compiled[5.4.105~1-4fda]:main():gmm-align-compiled.cc:127) AMI_TS3012b_H00_MTD045PM_0110036_0110429
WARNING (gmm-align-compiled[5.4.105~1-4fda]:AlignUtteranceWrapper():decoder-wrappers.cc:468) Retrying utterance AMI_TS3012b_H00_MTD045PM_0110036_0110429 with beam 40
LOG (gmm-align-compiled[5.4.105~1-4fda]:main():gmm-align-compiled.cc:127) AMI_TS3012b_H00_MTD045PM_0113722_0114382
LOG (gmm-align-compiled[5.4.105~1-4fda]:main():gmm-align-compiled.cc:127) AMI_TS3012b_H00_MTD045PM_0117165_0117427
LOG (gmm-align-compiled[5.4.105~1-4fda]:main():gmm-align-compiled.cc:127) AMI_TS3012b_H00_MTD045PM_0122354_0122438
LOG (gmm-align-compiled[5.4.105~1-4fda]:main():gmm-align-compiled.cc:127) AMI_TS3012b_H00_MTD045PM_0130626_0130959
WARNING (gmm-align-compiled[5.4.105~1-4fda]:AlignUtteranceWrapper():decoder-wrappers.cc:468) Retrying utterance AMI_TS3012b_H00_MTD045PM_0130626_0130959 with beam 40
LOG (gmm-align-compiled[5.4.105~1-4fda]:main():gmm-align-compiled.cc:127) AMI_TS3012b_H00_MTD045PM_0135697_0135731
LOG (gmm-align-compiled[5.4.105~1-4fda]:main():gmm-align-compiled.cc:127) AMI_TS3012b_H00_MTD045PM_0138773_0139107
LOG (gmm-align-compiled[5.4.105~1-4fda]:main():gmm-align-compiled.cc:127) AMI_TS3012b_H00_MTD045PM_0141616_0141879
LOG (gmm-align-compiled[5.4.105~1-4fda]:main():gmm-align-compiled.cc:127) AMI_TS3012b_H00_MTD045PM_0145609_0145681
LOG (gmm-align-compiled[5.4.105~1-4fda]:main():gmm-align-compiled.cc:127) AMI_TS3012b_H00_MTD045PM_0148850_0149033
LOG (gmm-align-compiled[5.4.105~1-4fda]:main():gmm-align-compiled.cc:127) AMI_TS3012b_H00_MTD045PM_0152691_0152761
LOG (gmm-align-compiled[5.4.105~1-4fda]:main():gmm-align-compiled.cc:127) AMI_TS3012b_H00_MTD045PM_0157677_0157805
LOG (gmm-align-compiled[5.4.105~1-4fda]:main():gmm-align-compiled.cc:127) AMI_TS3012b_H00_MTD045PM_0160724_0161202
LOG (gmm-align-compiled[5.4.105~1-4fda]:main():gmm-align-compiled.cc:127) AMI_TS3012b_H00_MTD045PM_0165111_0165206
LOG (gmm-align-compiled[5.4.105~1-4fda]:main():gmm-align-compiled.cc:127) AMI_TS3012b_H00_MTD045PM_0168537_0169470
LOG (gmm-align-compiled[5.4.105~1-4fda]:main():gmm-align-compiled.cc:127) AMI_TS3012b_H00_MTD045PM_0172409_0172641
LOG (gmm-align-compiled[5.4.105~1-4fda]:main():gmm-align-compiled.cc:127) AMI_TS3012b_H00_MTD045PM_0175608_0176043
LOG (gmm-align-compiled[5.4.105~1-4fda]:main():gmm-align-compiled.cc:127) AMI_TS3012b_H00_MTD045PM_0177945_0178182
LOG (gmm-align-compiled[5.4.105~1-4fda]:main():gmm-align-compiled.cc:127) AMI_TS3012b_H00_MTD045PM_0181312_0181944
LOG (gmm-align-compiled[5.4.105~1-4fda]:main():gmm-align-compiled.cc:127) AMI_TS3012b_H00_MTD045PM_0185976_0186271
LOG (gmm-align-compiled[5.4.105~1-4fda]:main():gmm-align-compiled.cc:127) AMI_TS3012b_H00_MTD045PM_0189473_0189645
LOG (gmm-align-compiled[5.4.105~1-4fda]:main():gmm-align-compiled.cc:127) AMI_TS3012b_H00_MTD045PM_0194105_0194525
LOG (gmm-align-compiled[5.4.105~1-4fda]:main():gmm-align-compiled.cc:127) AMI_TS3012b_H00_MTD045PM_0199525_0199560
LOG (gmm-align-compiled[5.4.105~1-4fda]:main():gmm-align-compiled.cc:127) AMI_TS3012b_H00_MTD045PM_0202836_0202998
LOG (gmm-align-compiled[5.4.105~1-4fda]:main():gmm-align-compiled.cc:127) AMI_TS3012b_H00_MTD045PM_0205761_0206155
LOG (gmm-align-compiled[5.4.105~1-4fda]:main():gmm-align-compiled.cc:127) AMI_TS3012b_H00_MTD045PM_0208059_0208085
LOG (gmm-align-compiled[5.4.105~1-4fda]:main():gmm-align-compiled.cc:127) AMI_TS3012b_H00_MTD045PM_0214066_0214619
LOG (gmm-align-compiled[5.4.105~1-4fda]:main():gmm-align-compiled.cc:127) AMI_TS3012b_H00_MTD045PM_0216871_0217014
WARNING (gmm-align-compiled[5.4.105~1-4fda]:AlignUtteranceWrapper():decoder-wrappers.cc:468) Retrying utterance AMI_TS3012b_H00_MTD045PM_0216871_0217014 with beam 40
LOG (gmm-align-compiled[5.4.105~1-4fda]:main():gmm-align-compiled.cc:127) AMI_TS3012b_H00_MTD045PM_0221442_0221635
LOG (gmm-align-compiled[5.4.105~1-4fda]:main():gmm-align-compiled.cc:127) AMI_TS3012b_H00_MTD045PM_0226771_0227173
LOG (gmm-align-compiled[5.4.105~1-4fda]:main():gmm-align-compiled.cc:127) AMI_TS3012b_H00_MTD045PM_0229776_0229886
WARNING (gmm-align-compiled[5.4.105~1-4fda]:AlignUtteranceWrapper():decoder-wrappers.cc:468) Retrying utterance AMI_TS3012b_H00_MTD045PM_0229776_0229886 with beam 40
LOG (gmm-align-compiled[5.4.105~1-4fda]:main():gmm-align-compiled.cc:127) AMI_TS3012b_H00_MTD045PM_0232725_0232971
LOG (gmm-align-compiled[5.4.105~1-4fda]:main():gmm-align-compiled.cc:127) AMI_TS3012b_H00_MTD045PM_0235146_0235388
LOG (gmm-align-compiled[5.4.105~1-4fda]:main():gmm-align-compiled.cc:127) AMI_TS3012b_H00_MTD045PM_0238678_0239107
LOG (gmm-align-compiled[5.4.105~1-4fda]:main():gmm-align-compiled.cc:127) AMI_TS3012b_H01_MTD047UID_0008941_0008986
LOG (gmm-align-compiled[5.4.105~1-4fda]:main():gmm-align-compiled.cc:127) AMI_TS3012b_H01_MTD047UID_0037695_0037748
LOG (gmm-align-compiled[5.4.105~1-4fda]:main():gmm-align-compiled.cc:127) AMI_TS3012b_H01_MTD047UID_0041820_0041946
LOG (gmm-align-compiled[5.4.105~1-4fda]:main():gmm-align-compiled.cc:127) AMI_TS3012b_H01_MTD047UID_0043524_0043729
LOG (gmm-align-compiled[5.4.105~1-4fda]:main():gmm-align-compiled.cc:127) AMI_TS3012b_H01_MTD047UID_0047367_0047556
LOG (gmm-align-compiled[5.4.105~1-4fda]:main():gmm-align-compiled.cc:127) AMI_TS3012b_H01_MTD047UID_0051690_0051774
LOG (gmm-align-compiled[5.4.105~1-4fda]:main():gmm-align-compiled.cc:127) AMI_TS3012b_H01_MTD047UID_0056353_0056375
LOG (gmm-align-compiled[5.4.105~1-4fda]:main():gmm-align-compiled.cc:127) AMI_TS3012b_H01_MTD047UID_0107961_0108500
LOG (gmm-align-compiled[5.4.105~1-4fda]:main():gmm-align-compiled.cc:127) AMI_TS3012b_H01_MTD047UID_0122399_0122556
LOG (gmm-align-compiled[5.4.105~1-4fda]:main():gmm-align-compiled.cc:127) AMI_TS3012b_H01_MTD047UID_0132781_0132836
LOG (gmm-align-compiled[5.4.105~1-4fda]:main():gmm-align-compiled.cc:127) AMI_TS3012b_H01_MTD047UID_0141479_0141660
LOG (gmm-align-compiled[5.4.105~1-4fda]:main():gmm-align-compiled.cc:127) AMI_TS3012b_H01_MTD047UID_0147207_0147364
LOG (gmm-align-compiled[5.4.105~1-4fda]:main():gmm-align-compiled.cc:127) AMI_TS3012b_H01_MTD047UID_0151820_0151919
LOG (gmm-align-compiled[5.4.105~1-4fda]:main():gmm-align-compiled.cc:127) AMI_TS3012b_H01_MTD047UID_0156783_0156812
LOG (gmm-align-compiled[5.4.105~1-4fda]:main():gmm-align-compiled.cc:127) AMI_TS3012b_H01_MTD047UID_0172775_0173115
LOG (gmm-align-compiled[5.4.105~1-4fda]:main():gmm-align-compiled.cc:127) AMI_TS3012b_H01_MTD047UID_0184581_0184659
LOG (gmm-align-compiled[5.4.105~1-4fda]:main():gmm-align-compiled.cc:127) AMI_TS3012b_H01_MTD047UID_0187698_0187851
LOG (gmm-align-compiled[5.4.105~1-4fda]:main():gmm-align-compiled.cc:127) AMI_TS3012b_H01_MTD047UID_0192523_0193025
LOG (gmm-align-compiled[5.4.105~1-4fda]:main():gmm-align-compiled.cc:127) AMI_TS3012b_H01_MTD047UID_0201795_0202270
LOG (gmm-align-compiled[5.4.105~1-4fda]:main():gmm-align-compiled.cc:127) AMI_TS3012b_H01_MTD047UID_0221061_0221133
LOG (gmm-align-compiled[5.4.105~1-4fda]:main():gmm-align-compiled.cc:127) AMI_TS3012b_H01_MTD047UID_0229540_0229701
LOG (gmm-align-compiled[5.4.105~1-4fda]:main():gmm-align-compiled.cc:127) AMI_TS3012b_H01_MTD047UID_0243158_0243194
LOG (gmm-align-compiled[5.4.105~1-4fda]:main():gmm-align-compiled.cc:127) AMI_TS3012b_H02_MTD046ID_0060941_0061177
LOG (gmm-align-compiled[5.4.105~1-4fda]:main():gmm-align-compiled.cc:127) AMI_TS3012b_H02_MTD046ID_0064178_0064444
LOG (gmm-align-compiled[5.4.105~1-4fda]:main():gmm-align-compiled.cc:127) AMI_TS3012b_H02_MTD046ID_0068296_0068675
LOG (gmm-align-compiled[5.4.105~1-4fda]:main():gmm-align-compiled.cc:127) AMI_TS3012b_H02_MTD046ID_0071459_0072067
LOG (gmm-align-compiled[5.4.105~1-4fda]:main():gmm-align-compiled.cc:127) AMI_TS3012b_H02_MTD046ID_0088582_0088772
LOG (gmm-align-compiled[5.4.105~1-4fda]:main():gmm-align-compiled.cc:127) AMI_TS3012b_H02_MTD046ID_0091395_0091416
LOG (gmm-align-compiled[5.4.105~1-4fda]:main():gmm-align-compiled.cc:127) AMI_TS3012b_H02_MTD046ID_0094259_0094646
LOG (gmm-align-compiled[5.4.105~1-4fda]:main():gmm-align-compiled.cc:127) AMI_TS3012b_H02_MTD046ID_0104772_0104855
LOG (gmm-align-compiled[5.4.105~1-4fda]:main():gmm-align-compiled.cc:127) AMI_TS3012b_H02_MTD046ID_0107792_0107886
LOG (gmm-align-compiled[5.4.105~1-4fda]:main():gmm-align-compiled.cc:127) AMI_TS3012b_H02_MTD046ID_0111828_0112088
LOG (gmm-align-compiled[5.4.105~1-4fda]:main():gmm-align-compiled.cc:127) AMI_TS3012b_H02_MTD046ID_0125007_0125038
LOG (gmm-align-compiled[5.4.105~1-4fda]:main():gmm-align-compiled.cc:127) AMI_TS3012b_H02_MTD046ID_0130960_0131041
LOG (gmm-align-compiled[5.4.105~1-4fda]:main():gmm-align-compiled.cc:127) AMI_TS3012b_H02_MTD046ID_0134511_0134892
LOG (gmm-align-compiled[5.4.105~1-4fda]:main():gmm-align-compiled.cc:127) AMI_TS3012b_H02_MTD046ID_0146195_0146743
LOG (gmm-align-compiled[5.4.105~1-4fda]:main():gmm-align-compiled.cc:127) AMI_TS3012b_H02_MTD046ID_0162029_0162141
LOG (gmm-align-compiled[5.4.105~1-4fda]:main():gmm-align-compiled.cc:127) AMI_TS3012b_H02_MTD046ID_0165798_0165852
LOG (gmm-align-compiled[5.4.105~1-4fda]:main():gmm-align-compiled.cc:127) AMI_TS3012b_H02_MTD046ID_0169212_0169398
LOG (gmm-align-compiled[5.4.105~1-4fda]:main():gmm-align-compiled.cc:127) AMI_TS3012b_H02_MTD046ID_0172286_0172525
LOG (gmm-align-compiled[5.4.105~1-4fda]:main():gmm-align-compiled.cc:127) AMI_TS3012b_H02_MTD046ID_0176071_0176169
LOG (gmm-align-compiled[5.4.105~1-4fda]:main():gmm-align-compiled.cc:127) AMI_TS3012b_H02_MTD046ID_0179057_0179361
LOG (gmm-align-compiled[5.4.105~1-4fda]:main():gmm-align-compiled.cc:127) AMI_TS3012b_H02_MTD046ID_0190374_0190493
LOG (gmm-align-compiled[5.4.105~1-4fda]:main():gmm-align-compiled.cc:127) AMI_TS3012b_H02_MTD046ID_0196711_0196827
LOG (gmm-align-compiled[5.4.105~1-4fda]:main():gmm-align-compiled.cc:127) AMI_TS3012b_H02_MTD046ID_0200724_0200747
LOG (gmm-align-compiled[5.4.105~1-4fda]:main():gmm-align-compiled.cc:127) AMI_TS3012b_H02_MTD046ID_0202412_0202832
LOG (gmm-align-compiled[5.4.105~1-4fda]:main():gmm-align-compiled.cc:127) AMI_TS3012b_H02_MTD046ID_0207632_0207660
LOG (gmm-align-compiled[5.4.105~1-4fda]:main():gmm-align-compiled.cc:127) AMI_TS3012b_H02_MTD046ID_0210185_0210207
LOG (gmm-align-compiled[5.4.105~1-4fda]:main():gmm-align-compiled.cc:127) AMI_TS3012b_H02_MTD046ID_0217604_0217629
LOG (gmm-align-compiled[5.4.105~1-4fda]:main():gmm-align-compiled.cc:127) AMI_TS3012b_H02_MTD046ID_0222215_0222242
LOG (gmm-align-compiled[5.4.105~1-4fda]:main():gmm-align-compiled.cc:127) AMI_TS3012b_H02_MTD046ID_0225498_0225590
LOG (gmm-align-compiled[5.4.105~1-4fda]:main():gmm-align-compiled.cc:127) AMI_TS3012b_H02_MTD046ID_0238535_0238576
LOG (gmm-align-compiled[5.4.105~1-4fda]:main():gmm-align-compiled.cc:127) AMI_TS3012b_H03_MTD048ME_0002988_0003050
LOG (gmm-align-compiled[5.4.105~1-4fda]:main():gmm-align-compiled.cc:127) AMI_TS3012b_H03_MTD048ME_0011123_0011483
LOG (gmm-align-compiled[5.4.105~1-4fda]:main():gmm-align-compiled.cc:127) AMI_TS3012b_H03_MTD048ME_0014636_0015477
LOG (gmm-align-compiled[5.4.105~1-4fda]:main():gmm-align-compiled.cc:127) AMI_TS3012b_H03_MTD048ME_0017905_0018564
LOG (gmm-align-compiled[5.4.105~1-4fda]:main():gmm-align-compiled.cc:127) AMI_TS3012b_H03_MTD048ME_0021693_0021937
LOG (gmm-align-compiled[5.4.105~1-4fda]:main():gmm-align-compiled.cc:127) AMI_TS3012b_H03_MTD048ME_0026733_0027335
LOG (gmm-align-compiled[5.4.105~1-4fda]:main():gmm-align-compiled.cc:127) AMI_TS3012b_H03_MTD048ME_0035242_0035277
LOG (gmm-align-compiled[5.4.105~1-4fda]:main():gmm-align-compiled.cc:127) AMI_TS3012b_H03_MTD048ME_0038615_0038658
LOG (gmm-align-compiled[5.4.105~1-4fda]:main():gmm-align-compiled.cc:127) AMI_TS3012b_H03_MTD048ME_0080045_0080291
LOG (gmm-align-compiled[5.4.105~1-4fda]:main():gmm-align-compiled.cc:127) AMI_TS3012b_H03_MTD048ME_0089002_0089337
LOG (gmm-align-compiled[5.4.105~1-4fda]:main():gmm-align-compiled.cc:127) AMI_TS3012b_H03_MTD048ME_0098597_0098626
LOG (gmm-align-compiled[5.4.105~1-4fda]:main():gmm-align-compiled.cc:127) AMI_TS3012b_H03_MTD048ME_0101250_0101307
LOG (gmm-align-compiled[5.4.105~1-4fda]:main():gmm-align-compiled.cc:127) AMI_TS3012b_H03_MTD048ME_0112095_0112115
LOG (gmm-align-compiled[5.4.105~1-4fda]:main():gmm-align-compiled.cc:127) AMI_TS3012b_H03_MTD048ME_0140499_0140523
LOG (gmm-align-compiled[5.4.105~1-4fda]:main():gmm-align-compiled.cc:127) AMI_TS3012b_H03_MTD048ME_0148389_0148603
LOG (gmm-align-compiled[5.4.105~1-4fda]:main():gmm-align-compiled.cc:127) AMI_TS3012b_H03_MTD048ME_0152774_0152933
LOG (gmm-align-compiled[5.4.105~1-4fda]:main():gmm-align-compiled.cc:127) AMI_TS3012b_H03_MTD048ME_0156191_0156761
LOG (gmm-align-compiled[5.4.105~1-4fda]:main():gmm-align-compiled.cc:127) AMI_TS3012b_H03_MTD048ME_0161083_0161235
LOG (gmm-align-compiled[5.4.105~1-4fda]:main():gmm-align-compiled.cc:127) AMI_TS3012b_H03_MTD048ME_0170411_0170440
LOG (gmm-align-compiled[5.4.105~1-4fda]:main():gmm-align-compiled.cc:127) AMI_TS3012b_H03_MTD048ME_0179384_0179409
LOG (gmm-align-compiled[5.4.105~1-4fda]:main():gmm-align-compiled.cc:127) AMI_TS3012b_H03_MTD048ME_0184563_0184808
LOG (gmm-align-compiled[5.4.105~1-4fda]:main():gmm-align-compiled.cc:127) AMI_TS3012b_H03_MTD048ME_0188348_0188548
LOG (gmm-align-compiled[5.4.105~1-4fda]:main():gmm-align-compiled.cc:127) AMI_TS3012b_H03_MTD048ME_0192144_0192161
LOG (gmm-align-compiled[5.4.105~1-4fda]:main():gmm-align-compiled.cc:127) AMI_TS3012b_H03_MTD048ME_0198716_0199597
LOG (gmm-align-compiled[5.4.105~1-4fda]:main():gmm-align-compiled.cc:127) AMI_TS3012b_H03_MTD048ME_0201875_0202014
LOG (gmm-align-compiled[5.4.105~1-4fda]:main():gmm-align-compiled.cc:127) AMI_TS3012b_H03_MTD048ME_0206942_0207216
LOG (gmm-align-compiled[5.4.105~1-4fda]:main():gmm-align-compiled.cc:127) AMI_TS3012b_H03_MTD048ME_0217846_0218007
LOG (gmm-align-compiled[5.4.105~1-4fda]:main():gmm-align-compiled.cc:127) AMI_TS3012b_H03_MTD048ME_0222623_0222798
LOG (gmm-align-compiled[5.4.105~1-4fda]:main():gmm-align-compiled.cc:127) AMI_TS3012b_H03_MTD048ME_0238060_0238542
LOG (gmm-align-compiled[5.4.105~1-4fda]:main():gmm-align-compiled.cc:127) AMI_TS3012b_H03_MTD048ME_0243121_0243183
LOG (gmm-align-compiled[5.4.105~1-4fda]:main():gmm-align-compiled.cc:127) AMI_TS3012c_H00_MTD045PM_0004178_0004314
LOG (gmm-align-compiled[5.4.105~1-4fda]:main():gmm-align-compiled.cc:127) AMI_TS3012c_H00_MTD045PM_0008886_0009117
LOG (gmm-align-compiled[5.4.105~1-4fda]:main():gmm-align-compiled.cc:127) AMI_TS3012c_H00_MTD045PM_0010954_0011358
LOG (gmm-align-compiled[5.4.105~1-4fda]:main():gmm-align-compiled.cc:127) AMI_TS3012c_H00_MTD045PM_0013887_0014482
LOG (gmm-align-compiled[5.4.105~1-4fda]:main():gmm-align-compiled.cc:127) AMI_TS3012c_H00_MTD045PM_0017638_0017937
LOG (gmm-align-compiled[5.4.105~1-4fda]:main():gmm-align-compiled.cc:127) AMI_TS3012c_H00_MTD045PM_0029727_0029766
LOG (gmm-align-compiled[5.4.105~1-4fda]:main():gmm-align-compiled.cc:127) AMI_TS3012c_H00_MTD045PM_0031477_0031797
LOG (gmm-align-compiled[5.4.105~1-4fda]:main():gmm-align-compiled.cc:127) AMI_TS3012c_H00_MTD045PM_0034849_0034889
LOG (gmm-align-compiled[5.4.105~1-4fda]:main():gmm-align-compiled.cc:127) AMI_TS3012c_H00_MTD045PM_0038430_0038533
LOG (gmm-align-compiled[5.4.105~1-4fda]:main():gmm-align-compiled.cc:127) AMI_TS3012c_H00_MTD045PM_0041359_0041502
LOG (gmm-align-compiled[5.4.105~1-4fda]:main():gmm-align-compiled.cc:127) AMI_TS3012c_H00_MTD045PM_0044542_0044714
LOG (gmm-align-compiled[5.4.105~1-4fda]:main():gmm-align-compiled.cc:127) AMI_TS3012c_H00_MTD045PM_0047391_0047691
LOG (gmm-align-compiled[5.4.105~1-4fda]:main():gmm-align-compiled.cc:127) AMI_TS3012c_H00_MTD045PM_0053566_0053621
LOG (gmm-align-compiled[5.4.105~1-4fda]:main():gmm-align-compiled.cc:127) AMI_TS3012c_H00_MTD045PM_0056867_0057316
LOG (gmm-align-compiled[5.4.105~1-4fda]:main():gmm-align-compiled.cc:127) AMI_TS3012c_H00_MTD045PM_0059971_0060094
LOG (gmm-align-compiled[5.4.105~1-4fda]:main():gmm-align-compiled.cc:127) AMI_TS3012c_H00_MTD045PM_0064146_0064177
LOG (gmm-align-compiled[5.4.105~1-4fda]:main():gmm-align-compiled.cc:127) AMI_TS3012c_H00_MTD045PM_0066683_0067041
WARNING (gmm-align-compiled[5.4.105~1-4fda]:AlignUtteranceWrapper():decoder-wrappers.cc:468) Retrying utterance AMI_TS3012c_H00_MTD045PM_0066683_0067041 with beam 40
LOG (gmm-align-compiled[5.4.105~1-4fda]:main():gmm-align-compiled.cc:127) AMI_TS3012c_H00_MTD045PM_0071112_0071573
LOG (gmm-align-compiled[5.4.105~1-4fda]:main():gmm-align-compiled.cc:127) AMI_TS3012c_H00_MTD045PM_0074378_0074492
LOG (gmm-align-compiled[5.4.105~1-4fda]:main():gmm-align-compiled.cc:127) AMI_TS3012c_H00_MTD045PM_0076120_0076243
LOG (gmm-align-compiled[5.4.105~1-4fda]:main():gmm-align-compiled.cc:127) AMI_TS3012c_H00_MTD045PM_0079815_0079842
LOG (gmm-align-compiled[5.4.105~1-4fda]:main():gmm-align-compiled.cc:127) AMI_TS3012c_H00_MTD045PM_0084478_0084825
LOG (gmm-align-compiled[5.4.105~1-4fda]:main():gmm-align-compiled.cc:127) AMI_TS3012c_H00_MTD045PM_0089264_0090088
LOG (gmm-align-compiled[5.4.105~1-4fda]:main():gmm-align-compiled.cc:127) AMI_TS3012c_H00_MTD045PM_0093103_0093156
LOG (gmm-align-compiled[5.4.105~1-4fda]:main():gmm-align-compiled.cc:127) AMI_TS3012c_H00_MTD045PM_0105291_0105325
LOG (gmm-align-compiled[5.4.105~1-4fda]:main():gmm-align-compiled.cc:127) AMI_TS3012c_H00_MTD045PM_0109331_0109945
LOG (gmm-align-compiled[5.4.105~1-4fda]:main():gmm-align-compiled.cc:127) AMI_TS3012c_H00_MTD045PM_0113590_0113958
LOG (gmm-align-compiled[5.4.105~1-4fda]:main():gmm-align-compiled.cc:127) AMI_TS3012c_H00_MTD045PM_0121885_0122076
LOG (gmm-align-compiled[5.4.105~1-4fda]:main():gmm-align-compiled.cc:127) AMI_TS3012c_H00_MTD045PM_0125378_0125494
LOG (gmm-align-compiled[5.4.105~1-4fda]:main():gmm-align-compiled.cc:127) AMI_TS3012c_H00_MTD045PM_0128901_0129171
LOG (gmm-align-compiled[5.4.105~1-4fda]:main():gmm-align-compiled.cc:127) AMI_TS3012c_H00_MTD045PM_0132796_0133233
WARNING (gmm-align-compiled[5.4.105~1-4fda]:AlignUtteranceWrapper():decoder-wrappers.cc:468) Retrying utterance AMI_TS3012c_H00_MTD045PM_0132796_0133233 with beam 40
LOG (gmm-align-compiled[5.4.105~1-4fda]:main():gmm-align-compiled.cc:127) AMI_TS3012c_H00_MTD045PM_0137742_0137766
LOG (gmm-align-compiled[5.4.105~1-4fda]:main():gmm-align-compiled.cc:127) AMI_TS3012c_H00_MTD045PM_0140265_0140441
LOG (gmm-align-compiled[5.4.105~1-4fda]:main():gmm-align-compiled.cc:127) AMI_TS3012c_H00_MTD045PM_0143671_0144223
LOG (gmm-align-compiled[5.4.105~1-4fda]:main():gmm-align-compiled.cc:127) AMI_TS3012c_H00_MTD045PM_0146392_0146576
LOG (gmm-align-compiled[5.4.105~1-4fda]:main():gmm-align-compiled.cc:127) AMI_TS3012c_H00_MTD045PM_0150083_0150308
WARNING (gmm-align-compiled[5.4.105~1-4fda]:AlignUtteranceWrapper():decoder-wrappers.cc:468) Retrying utterance AMI_TS3012c_H00_MTD045PM_0150083_0150308 with beam 40
LOG (gmm-align-compiled[5.4.105~1-4fda]:main():gmm-align-compiled.cc:127) AMI_TS3012c_H00_MTD045PM_0154838_0154950
LOG (gmm-align-compiled[5.4.105~1-4fda]:main():gmm-align-compiled.cc:127) AMI_TS3012c_H00_MTD045PM_0157019_0157069
LOG (gmm-align-compiled[5.4.105~1-4fda]:main():gmm-align-compiled.cc:127) AMI_TS3012c_H00_MTD045PM_0159933_0160081
LOG (gmm-align-compiled[5.4.105~1-4fda]:main():gmm-align-compiled.cc:127) AMI_TS3012c_H00_MTD045PM_0163106_0163168
LOG (gmm-align-compiled[5.4.105~1-4fda]:main():gmm-align-compiled.cc:127) AMI_TS3012c_H00_MTD045PM_0165773_0165848
LOG (gmm-align-compiled[5.4.105~1-4fda]:main():gmm-align-compiled.cc:127) AMI_TS3012c_H00_MTD045PM_0169485_0169766
LOG (gmm-align-compiled[5.4.105~1-4fda]:main():gmm-align-compiled.cc:127) AMI_TS3012c_H00_MTD045PM_0175240_0175278
LOG (gmm-align-compiled[5.4.105~1-4fda]:main():gmm-align-compiled.cc:127) AMI_TS3012c_H00_MTD045PM_0178525_0178773
LOG (gmm-align-compiled[5.4.105~1-4fda]:main():gmm-align-compiled.cc:127) AMI_TS3012c_H00_MTD045PM_0181525_0181609
LOG (gmm-align-compiled[5.4.105~1-4fda]:main():gmm-align-compiled.cc:127) AMI_TS3012c_H00_MTD045PM_0183473_0183562
LOG (gmm-align-compiled[5.4.105~1-4fda]:main():gmm-align-compiled.cc:127) AMI_TS3012c_H00_MTD045PM_0185503_0185964
LOG (gmm-align-compiled[5.4.105~1-4fda]:main():gmm-align-compiled.cc:127) AMI_TS3012c_H00_MTD045PM_0187960_0188033
LOG (gmm-align-compiled[5.4.105~1-4fda]:main():gmm-align-compiled.cc:127) AMI_TS3012c_H00_MTD045PM_0191104_0191155
LOG (gmm-align-compiled[5.4.105~1-4fda]:main():gmm-align-compiled.cc:127) AMI_TS3012c_H00_MTD045PM_0194466_0194727
LOG (gmm-align-compiled[5.4.105~1-4fda]:main():gmm-align-compiled.cc:127) AMI_TS3012c_H00_MTD045PM_0198458_0198647
WARNING (gmm-align-compiled[5.4.105~1-4fda]:AlignUtteranceWrapper():decoder-wrappers.cc:468) Retrying utterance AMI_TS3012c_H00_MTD045PM_0198458_0198647 with beam 40
LOG (gmm-align-compiled[5.4.105~1-4fda]:main():gmm-align-compiled.cc:127) AMI_TS3012c_H00_MTD045PM_0201147_0201407
LOG (gmm-align-compiled[5.4.105~1-4fda]:main():gmm-align-compiled.cc:127) AMI_TS3012c_H00_MTD045PM_0203805_0203972
LOG (gmm-align-compiled[5.4.105~1-4fda]:main():gmm-align-compiled.cc:127) AMI_TS3012c_H00_MTD045PM_0208296_0208430
LOG (gmm-align-compiled[5.4.105~1-4fda]:main():gmm-align-compiled.cc:127) AMI_TS3012c_H00_MTD045PM_0211017_0211269
LOG (gmm-align-compiled[5.4.105~1-4fda]:main():gmm-align-compiled.cc:127) AMI_TS3012c_H00_MTD045PM_0214838_0214975
LOG (gmm-align-compiled[5.4.105~1-4fda]:main():gmm-align-compiled.cc:127) AMI_TS3012c_H00_MTD045PM_0218192_0219039
LOG (gmm-align-compiled[5.4.105~1-4fda]:main():gmm-align-compiled.cc:127) AMI_TS3012c_H00_MTD045PM_0224096_0224303
LOG (gmm-align-compiled[5.4.105~1-4fda]:main():gmm-align-compiled.cc:127) AMI_TS3012c_H00_MTD045PM_0226169_0226638
LOG (gmm-align-compiled[5.4.105~1-4fda]:main():gmm-align-compiled.cc:127) AMI_TS3012c_H00_MTD045PM_0229544_0229880
WARNING (gmm-align-compiled[5.4.105~1-4fda]:AlignUtteranceWrapper():decoder-wrappers.cc:468) Retrying utterance AMI_TS3012c_H00_MTD045PM_0229544_0229880 with beam 40
LOG (gmm-align-compiled[5.4.105~1-4fda]:main():gmm-align-compiled.cc:127) AMI_TS3012c_H00_MTD045PM_0232632_0232684
LOG (gmm-align-compiled[5.4.105~1-4fda]:main():gmm-align-compiled.cc:127) AMI_TS3012c_H00_MTD045PM_0235308_0235381
LOG (gmm-align-compiled[5.4.105~1-4fda]:main():gmm-align-compiled.cc:127) AMI_TS3012c_H01_MTD047UID_0004900_0004923
LOG (gmm-align-compiled[5.4.105~1-4fda]:main():gmm-align-compiled.cc:127) AMI_TS3012c_H01_MTD047UID_0008453_0008501
LOG (gmm-align-compiled[5.4.105~1-4fda]:main():gmm-align-compiled.cc:127) AMI_TS3012c_H01_MTD047UID_0038953_0039186
LOG (gmm-align-compiled[5.4.105~1-4fda]:main():gmm-align-compiled.cc:127) AMI_TS3012c_H01_MTD047UID_0044848_0045007
LOG (gmm-align-compiled[5.4.105~1-4fda]:main():gmm-align-compiled.cc:127) AMI_TS3012c_H01_MTD047UID_0059216_0059234
LOG (gmm-align-compiled[5.4.105~1-4fda]:main():gmm-align-compiled.cc:127) AMI_TS3012c_H01_MTD047UID_0064762_0064876
LOG (gmm-align-compiled[5.4.105~1-4fda]:main():gmm-align-compiled.cc:127) AMI_TS3012c_H01_MTD047UID_0076134_0076163
LOG (gmm-align-compiled[5.4.105~1-4fda]:main():gmm-align-compiled.cc:127) AMI_TS3012c_H01_MTD047UID_0078100_0078402
LOG (gmm-align-compiled[5.4.105~1-4fda]:main():gmm-align-compiled.cc:127) AMI_TS3012c_H01_MTD047UID_0081547_0081962
LOG (gmm-align-compiled[5.4.105~1-4fda]:main():gmm-align-compiled.cc:127) AMI_TS3012c_H01_MTD047UID_0090298_0090903
LOG (gmm-align-compiled[5.4.105~1-4fda]:main():gmm-align-compiled.cc:127) AMI_TS3012c_H01_MTD047UID_0102219_0102313
LOG (gmm-align-compiled[5.4.105~1-4fda]:main():gmm-align-compiled.cc:127) AMI_TS3012c_H01_MTD047UID_0112664_0113632
LOG (gmm-align-compiled[5.4.105~1-4fda]:main():gmm-align-compiled.cc:127) AMI_TS3012c_H01_MTD047UID_0119583_0119832
LOG (gmm-align-compiled[5.4.105~1-4fda]:main():gmm-align-compiled.cc:127) AMI_TS3012c_H01_MTD047UID_0123758_0124022
LOG (gmm-align-compiled[5.4.105~1-4fda]:main():gmm-align-compiled.cc:127) AMI_TS3012c_H01_MTD047UID_0133667_0133852
LOG (gmm-align-compiled[5.4.105~1-4fda]:main():gmm-align-compiled.cc:127) AMI_TS3012c_H01_MTD047UID_0145864_0145980
LOG (gmm-align-compiled[5.4.105~1-4fda]:main():gmm-align-compiled.cc:127) AMI_TS3012c_H01_MTD047UID_0149129_0149162
LOG (gmm-align-compiled[5.4.105~1-4fda]:main():gmm-align-compiled.cc:127) AMI_TS3012c_H01_MTD047UID_0152917_0153786
LOG (gmm-align-compiled[5.4.105~1-4fda]:main():gmm-align-compiled.cc:127) AMI_TS3012c_H01_MTD047UID_0157101_0157390
LOG (gmm-align-compiled[5.4.105~1-4fda]:main():gmm-align-compiled.cc:127) AMI_TS3012c_H01_MTD047UID_0167028_0167054
LOG (gmm-align-compiled[5.4.105~1-4fda]:main():gmm-align-compiled.cc:127) AMI_TS3012c_H01_MTD047UID_0174444_0174834
LOG (gmm-align-compiled[5.4.105~1-4fda]:main():gmm-align-compiled.cc:127) AMI_TS3012c_H01_MTD047UID_0182344_0182410
LOG (gmm-align-compiled[5.4.105~1-4fda]:main():gmm-align-compiled.cc:127) AMI_TS3012c_H01_MTD047UID_0191661_0191790
LOG (gmm-align-compiled[5.4.105~1-4fda]:main():gmm-align-compiled.cc:127) AMI_TS3012c_H01_MTD047UID_0199369_0199414
LOG (gmm-align-compiled[5.4.105~1-4fda]:main():gmm-align-compiled.cc:127) AMI_TS3012c_H01_MTD047UID_0214419_0214839
LOG (gmm-align-compiled[5.4.105~1-4fda]:main():gmm-align-compiled.cc:127) AMI_TS3012c_H01_MTD047UID_0224094_0224219
LOG (gmm-align-compiled[5.4.105~1-4fda]:main():gmm-align-compiled.cc:127) AMI_TS3012c_H01_MTD047UID_0232817_0232855
LOG (gmm-align-compiled[5.4.105~1-4fda]:main():gmm-align-compiled.cc:127) AMI_TS3012c_H02_MTD046ID_0002531_0002652
WARNING (gmm-align-compiled[5.4.105~1-4fda]:AlignUtteranceWrapper():decoder-wrappers.cc:468) Retrying utterance AMI_TS3012c_H02_MTD046ID_0002531_0002652 with beam 40
LOG (gmm-align-compiled[5.4.105~1-4fda]:main():gmm-align-compiled.cc:127) AMI_TS3012c_H02_MTD046ID_0006623_0006711
LOG (gmm-align-compiled[5.4.105~1-4fda]:main():gmm-align-compiled.cc:127) AMI_TS3012c_H02_MTD046ID_0020485_0020717
LOG (gmm-align-compiled[5.4.105~1-4fda]:main():gmm-align-compiled.cc:127) AMI_TS3012c_H02_MTD046ID_0023779_0024311
LOG (gmm-align-compiled[5.4.105~1-4fda]:main():gmm-align-compiled.cc:127) AMI_TS3012c_H02_MTD046ID_0028273_0028300
LOG (gmm-align-compiled[5.4.105~1-4fda]:main():gmm-align-compiled.cc:127) AMI_TS3012c_H02_MTD046ID_0031113_0031131
LOG (gmm-align-compiled[5.4.105~1-4fda]:main():gmm-align-compiled.cc:127) AMI_TS3012c_H02_MTD046ID_0032809_0032847
LOG (gmm-align-compiled[5.4.105~1-4fda]:main():gmm-align-compiled.cc:127) AMI_TS3012c_H02_MTD046ID_0034597_0034624
LOG (gmm-align-compiled[5.4.105~1-4fda]:main():gmm-align-compiled.cc:127) AMI_TS3012c_H02_MTD046ID_0036888_0037262
LOG (gmm-align-compiled[5.4.105~1-4fda]:main():gmm-align-compiled.cc:127) AMI_TS3012c_H02_MTD046ID_0039774_0039906
LOG (gmm-align-compiled[5.4.105~1-4fda]:main():gmm-align-compiled.cc:127) AMI_TS3012c_H02_MTD046ID_0042554_0042572
LOG (gmm-align-compiled[5.4.105~1-4fda]:main():gmm-align-compiled.cc:127) AMI_TS3012c_H02_MTD046ID_0049076_0049357
LOG (gmm-align-compiled[5.4.105~1-4fda]:main():gmm-align-compiled.cc:127) AMI_TS3012c_H02_MTD046ID_0051095_0051348
LOG (gmm-align-compiled[5.4.105~1-4fda]:main():gmm-align-compiled.cc:127) AMI_TS3012c_H02_MTD046ID_0053412_0053446
LOG (gmm-align-compiled[5.4.105~1-4fda]:main():gmm-align-compiled.cc:127) AMI_TS3012c_H02_MTD046ID_0054540_0054671
LOG (gmm-align-compiled[5.4.105~1-4fda]:main():gmm-align-compiled.cc:127) AMI_TS3012c_H02_MTD046ID_0056704_0056964
WARNING (gmm-align-compiled[5.4.105~1-4fda]:AlignUtteranceWrapper():decoder-wrappers.cc:468) Retrying utterance AMI_TS3012c_H02_MTD046ID_0056704_0056964 with beam 40
LOG (gmm-align-compiled[5.4.105~1-4fda]:main():gmm-align-compiled.cc:127) AMI_TS3012c_H02_MTD046ID_0059020_0059073
LOG (gmm-align-compiled[5.4.105~1-4fda]:main():gmm-align-compiled.cc:127) AMI_TS3012c_H02_MTD046ID_0063421_0063619
LOG (gmm-align-compiled[5.4.105~1-4fda]:main():gmm-align-compiled.cc:127) AMI_TS3012c_H02_MTD046ID_0066532_0066686
WARNING (gmm-align-compiled[5.4.105~1-4fda]:AlignUtteranceWrapper():decoder-wrappers.cc:468) Retrying utterance AMI_TS3012c_H02_MTD046ID_0066532_0066686 with beam 40
LOG (gmm-align-compiled[5.4.105~1-4fda]:main():gmm-align-compiled.cc:127) AMI_TS3012c_H02_MTD046ID_0069938_0070543
LOG (gmm-align-compiled[5.4.105~1-4fda]:main():gmm-align-compiled.cc:127) AMI_TS3012c_H02_MTD046ID_0074579_0074630
LOG (gmm-align-compiled[5.4.105~1-4fda]:main():gmm-align-compiled.cc:127) AMI_TS3012c_H02_MTD046ID_0107073_0107148
LOG (gmm-align-compiled[5.4.105~1-4fda]:main():gmm-align-compiled.cc:127) AMI_TS3012c_H02_MTD046ID_0116638_0116671
LOG (gmm-align-compiled[5.4.105~1-4fda]:main():gmm-align-compiled.cc:127) AMI_TS3012c_H02_MTD046ID_0121797_0121925
LOG (gmm-align-compiled[5.4.105~1-4fda]:main():gmm-align-compiled.cc:127) AMI_TS3012c_H02_MTD046ID_0125744_0125963
LOG (gmm-align-compiled[5.4.105~1-4fda]:main():gmm-align-compiled.cc:127) AMI_TS3012c_H02_MTD046ID_0136896_0137004
LOG (gmm-align-compiled[5.4.105~1-4fda]:main():gmm-align-compiled.cc:127) AMI_TS3012c_H02_MTD046ID_0186064_0186093
LOG (gmm-align-compiled[5.4.105~1-4fda]:main():gmm-align-compiled.cc:127) AMI_TS3012c_H02_MTD046ID_0190345_0190554
LOG (gmm-align-compiled[5.4.105~1-4fda]:main():gmm-align-compiled.cc:127) AMI_TS3012c_H02_MTD046ID_0195508_0195543
LOG (gmm-align-compiled[5.4.105~1-4fda]:main():gmm-align-compiled.cc:127) AMI_TS3012c_H02_MTD046ID_0198769_0198816
LOG (gmm-align-compiled[5.4.105~1-4fda]:main():gmm-align-compiled.cc:127) AMI_TS3012c_H02_MTD046ID_0207421_0207594
LOG (gmm-align-compiled[5.4.105~1-4fda]:main():gmm-align-compiled.cc:127) AMI_TS3012c_H02_MTD046ID_0209515_0209543
LOG (gmm-align-compiled[5.4.105~1-4fda]:main():gmm-align-compiled.cc:127) AMI_TS3012c_H02_MTD046ID_0211965_0212104
LOG (gmm-align-compiled[5.4.105~1-4fda]:main():gmm-align-compiled.cc:127) AMI_TS3012c_H02_MTD046ID_0222796_0222821
LOG (gmm-align-compiled[5.4.105~1-4fda]:main():gmm-align-compiled.cc:127) AMI_TS3012c_H02_MTD046ID_0225835_0226106
LOG (gmm-align-compiled[5.4.105~1-4fda]:main():gmm-align-compiled.cc:127) AMI_TS3012c_H02_MTD046ID_0228875_0229360
LOG (gmm-align-compiled[5.4.105~1-4fda]:main():gmm-align-compiled.cc:127) AMI_TS3012c_H02_MTD046ID_0230786_0230838
LOG (gmm-align-compiled[5.4.105~1-4fda]:main():gmm-align-compiled.cc:127) AMI_TS3012c_H02_MTD046ID_0233454_0233477
LOG (gmm-align-compiled[5.4.105~1-4fda]:main():gmm-align-compiled.cc:127) AMI_TS3012c_H02_MTD046ID_0234677_0234771
LOG (gmm-align-compiled[5.4.105~1-4fda]:main():gmm-align-compiled.cc:127) AMI_TS3012c_H03_MTD048ME_0001876_0001894
LOG (gmm-align-compiled[5.4.105~1-4fda]:main():gmm-align-compiled.cc:127) AMI_TS3012c_H03_MTD048ME_0018420_0018475
LOG (gmm-align-compiled[5.4.105~1-4fda]:main():gmm-align-compiled.cc:127) AMI_TS3012c_H03_MTD048ME_0031522_0031620
LOG (gmm-align-compiled[5.4.105~1-4fda]:main():gmm-align-compiled.cc:127) AMI_TS3012c_H03_MTD048ME_0034812_0034845
LOG (gmm-align-compiled[5.4.105~1-4fda]:main():gmm-align-compiled.cc:127) AMI_TS3012c_H03_MTD048ME_0045355_0045654
LOG (gmm-align-compiled[5.4.105~1-4fda]:main():gmm-align-compiled.cc:127) AMI_TS3012c_H03_MTD048ME_0053813_0054723
LOG (gmm-align-compiled[5.4.105~1-4fda]:main():gmm-align-compiled.cc:127) AMI_TS3012c_H03_MTD048ME_0056910_0056955
LOG (gmm-align-compiled[5.4.105~1-4fda]:main():gmm-align-compiled.cc:127) AMI_TS3012c_H03_MTD048ME_0067428_0067624
LOG (gmm-align-compiled[5.4.105~1-4fda]:main():gmm-align-compiled.cc:127) AMI_TS3012c_H03_MTD048ME_0070055_0070112
LOG (gmm-align-compiled[5.4.105~1-4fda]:main():gmm-align-compiled.cc:127) AMI_TS3012c_H03_MTD048ME_0078849_0078863
LOG (gmm-align-compiled[5.4.105~1-4fda]:main():gmm-align-compiled.cc:127) AMI_TS3012c_H03_MTD048ME_0080943_0081012
LOG (gmm-align-compiled[5.4.105~1-4fda]:main():gmm-align-compiled.cc:127) AMI_TS3012c_H03_MTD048ME_0090036_0090215
LOG (gmm-align-compiled[5.4.105~1-4fda]:main():gmm-align-compiled.cc:127) AMI_TS3012c_H03_MTD048ME_0094855_0095134
LOG (gmm-align-compiled[5.4.105~1-4fda]:main():gmm-align-compiled.cc:127) AMI_TS3012c_H03_MTD048ME_0098185_0098211
LOG (gmm-align-compiled[5.4.105~1-4fda]:main():gmm-align-compiled.cc:127) AMI_TS3012c_H03_MTD048ME_0102942_0103621
LOG (gmm-align-compiled[5.4.105~1-4fda]:main():gmm-align-compiled.cc:127) AMI_TS3012c_H03_MTD048ME_0107208_0107967
LOG (gmm-align-compiled[5.4.105~1-4fda]:main():gmm-align-compiled.cc:127) AMI_TS3012c_H03_MTD048ME_0113692_0113925
LOG (gmm-align-compiled[5.4.105~1-4fda]:main():gmm-align-compiled.cc:127) AMI_TS3012c_H03_MTD048ME_0118392_0118417
LOG (gmm-align-compiled[5.4.105~1-4fda]:main():gmm-align-compiled.cc:127) AMI_TS3012c_H03_MTD048ME_0122833_0122906
LOG (gmm-align-compiled[5.4.105~1-4fda]:main():gmm-align-compiled.cc:127) AMI_TS3012c_H03_MTD048ME_0131967_0132010
LOG (gmm-align-compiled[5.4.105~1-4fda]:main():gmm-align-compiled.cc:127) AMI_TS3012c_H03_MTD048ME_0143752_0143828
LOG (gmm-align-compiled[5.4.105~1-4fda]:main():gmm-align-compiled.cc:127) AMI_TS3012c_H03_MTD048ME_0156557_0156668
LOG (gmm-align-compiled[5.4.105~1-4fda]:main():gmm-align-compiled.cc:127) AMI_TS3012c_H03_MTD048ME_0173654_0173680
LOG (gmm-align-compiled[5.4.105~1-4fda]:main():gmm-align-compiled.cc:127) AMI_TS3012c_H03_MTD048ME_0175713_0175897
LOG (gmm-align-compiled[5.4.105~1-4fda]:main():gmm-align-compiled.cc:127) AMI_TS3012c_H03_MTD048ME_0189605_0189631
LOG (gmm-align-compiled[5.4.105~1-4fda]:main():gmm-align-compiled.cc:127) AMI_TS3012c_H03_MTD048ME_0201876_0201904
LOG (gmm-align-compiled[5.4.105~1-4fda]:main():gmm-align-compiled.cc:127) AMI_TS3012c_H03_MTD048ME_0218065_0218130
LOG (gmm-align-compiled[5.4.105~1-4fda]:main():gmm-align-compiled.cc:127) AMI_TS3012c_H03_MTD048ME_0223319_0223540
LOG (gmm-align-compiled[5.4.105~1-4fda]:main():gmm-align-compiled.cc:127) AMI_TS3012c_H03_MTD048ME_0227323_0227442
LOG (gmm-align-compiled[5.4.105~1-4fda]:main():gmm-align-compiled.cc:127) AMI_TS3012c_H03_MTD048ME_0230971_0231017
LOG (gmm-align-compiled[5.4.105~1-4fda]:main():gmm-align-compiled.cc:127) AMI_TS3012d_H00_MTD045PM_0001507_0001592
LOG (gmm-align-compiled[5.4.105~1-4fda]:main():gmm-align-compiled.cc:127) AMI_TS3012d_H00_MTD045PM_0009184_0009754
LOG (gmm-align-compiled[5.4.105~1-4fda]:main():gmm-align-compiled.cc:127) AMI_TS3012d_H00_MTD045PM_0011469_0011573
LOG (gmm-align-compiled[5.4.105~1-4fda]:main():gmm-align-compiled.cc:127) AMI_TS3012d_H00_MTD045PM_0014019_0014169
WARNING (gmm-align-compiled[5.4.105~1-4fda]:AlignUtteranceWrapper():decoder-wrappers.cc:468) Retrying utterance AMI_TS3012d_H00_MTD045PM_0014019_0014169 with beam 40
LOG (gmm-align-compiled[5.4.105~1-4fda]:main():gmm-align-compiled.cc:127) AMI_TS3012d_H00_MTD045PM_0019078_0019428
LOG (gmm-align-compiled[5.4.105~1-4fda]:main():gmm-align-compiled.cc:127) AMI_TS3012d_H00_MTD045PM_0024460_0024892
LOG (gmm-align-compiled[5.4.105~1-4fda]:main():gmm-align-compiled.cc:127) AMI_TS3012d_H00_MTD045PM_0027031_0027298
LOG (gmm-align-compiled[5.4.105~1-4fda]:main():gmm-align-compiled.cc:127) AMI_TS3012d_H00_MTD045PM_0030152_0030661
LOG (gmm-align-compiled[5.4.105~1-4fda]:main():gmm-align-compiled.cc:127) AMI_TS3012d_H00_MTD045PM_0033899_0034730
LOG (gmm-align-compiled[5.4.105~1-4fda]:main():gmm-align-compiled.cc:127) AMI_TS3012d_H00_MTD045PM_0038086_0038714
LOG (gmm-align-compiled[5.4.105~1-4fda]:main():gmm-align-compiled.cc:127) AMI_TS3012d_H00_MTD045PM_0041357_0041622
LOG (gmm-align-compiled[5.4.105~1-4fda]:main():gmm-align-compiled.cc:127) AMI_TS3012d_H00_MTD045PM_0044395_0045463
LOG (gmm-align-compiled[5.4.105~1-4fda]:main():gmm-align-compiled.cc:127) AMI_TS3012d_H00_MTD045PM_0049489_0050153
LOG (gmm-align-compiled[5.4.105~1-4fda]:main():gmm-align-compiled.cc:127) AMI_TS3012d_H00_MTD045PM_0052003_0052911
LOG (gmm-align-compiled[5.4.105~1-4fda]:main():gmm-align-compiled.cc:127) AMI_TS3012d_H00_MTD045PM_0054302_0054514
LOG (gmm-align-compiled[5.4.105~1-4fda]:main():gmm-align-compiled.cc:127) AMI_TS3012d_H00_MTD045PM_0059179_0059442
LOG (gmm-align-compiled[5.4.105~1-4fda]:main():gmm-align-compiled.cc:127) AMI_TS3012d_H00_MTD045PM_0065629_0065876
WARNING (gmm-align-compiled[5.4.105~1-4fda]:AlignUtteranceWrapper():decoder-wrappers.cc:468) Retrying utterance AMI_TS3012d_H00_MTD045PM_0065629_0065876 with beam 40
LOG (gmm-align-compiled[5.4.105~1-4fda]:main():gmm-align-compiled.cc:127) AMI_TS3012d_H00_MTD045PM_0068226_0068447
LOG (gmm-align-compiled[5.4.105~1-4fda]:main():gmm-align-compiled.cc:127) AMI_TS3012d_H00_MTD045PM_0071786_0072369
LOG (gmm-align-compiled[5.4.105~1-4fda]:main():gmm-align-compiled.cc:127) AMI_TS3012d_H00_MTD045PM_0075164_0075506
LOG (gmm-align-compiled[5.4.105~1-4fda]:main():gmm-align-compiled.cc:127) AMI_TS3012d_H00_MTD045PM_0078346_0079358
WARNING (gmm-align-compiled[5.4.105~1-4fda]:AlignUtteranceWrapper():decoder-wrappers.cc:468) Retrying utterance AMI_TS3012d_H00_MTD045PM_0078346_0079358 with beam 40
LOG (gmm-align-compiled[5.4.105~1-4fda]:main():gmm-align-compiled.cc:127) AMI_TS3012d_H00_MTD045PM_0081753_0081881
LOG (gmm-align-compiled[5.4.105~1-4fda]:main():gmm-align-compiled.cc:127) AMI_TS3012d_H00_MTD045PM_0088572_0088675
LOG (gmm-align-compiled[5.4.105~1-4fda]:main():gmm-align-compiled.cc:127) AMI_TS3012d_H00_MTD045PM_0093837_0093902
LOG (gmm-align-compiled[5.4.105~1-4fda]:main():gmm-align-compiled.cc:127) AMI_TS3012d_H00_MTD045PM_0099240_0099563
LOG (gmm-align-compiled[5.4.105~1-4fda]:main():gmm-align-compiled.cc:127) AMI_TS3012d_H00_MTD045PM_0104395_0104830
LOG (gmm-align-compiled[5.4.105~1-4fda]:main():gmm-align-compiled.cc:127) AMI_TS3012d_H00_MTD045PM_0108504_0108520
LOG (gmm-align-compiled[5.4.105~1-4fda]:main():gmm-align-compiled.cc:127) AMI_TS3012d_H00_MTD045PM_0111317_0111608
LOG (gmm-align-compiled[5.4.105~1-4fda]:main():gmm-align-compiled.cc:127) AMI_TS3012d_H00_MTD045PM_0113761_0114441
LOG (gmm-align-compiled[5.4.105~1-4fda]:main():gmm-align-compiled.cc:127) AMI_TS3012d_H00_MTD045PM_0118138_0118255
LOG (gmm-align-compiled[5.4.105~1-4fda]:main():gmm-align-compiled.cc:127) AMI_TS3012d_H00_MTD045PM_0126615_0126871
LOG (gmm-align-compiled[5.4.105~1-4fda]:main():gmm-align-compiled.cc:127) AMI_TS3012d_H00_MTD045PM_0133501_0133582
LOG (gmm-align-compiled[5.4.105~1-4fda]:main():gmm-align-compiled.cc:127) AMI_TS3012d_H00_MTD045PM_0137924_0137981
LOG (gmm-align-compiled[5.4.105~1-4fda]:main():gmm-align-compiled.cc:127) AMI_TS3012d_H00_MTD045PM_0141196_0141532
LOG (gmm-align-compiled[5.4.105~1-4fda]:main():gmm-align-compiled.cc:127) AMI_TS3012d_H00_MTD045PM_0146053_0146178
LOG (gmm-align-compiled[5.4.105~1-4fda]:main():gmm-align-compiled.cc:127) AMI_TS3012d_H00_MTD045PM_0148806_0149494
LOG (gmm-align-compiled[5.4.105~1-4fda]:main():gmm-align-compiled.cc:127) AMI_TS3012d_H00_MTD045PM_0152756_0153121
LOG (gmm-align-compiled[5.4.105~1-4fda]:main():gmm-align-compiled.cc:127) AMI_TS3012d_H00_MTD045PM_0155027_0155415
LOG (gmm-align-compiled[5.4.105~1-4fda]:main():gmm-align-compiled.cc:127) AMI_TS3012d_H00_MTD045PM_0158568_0158621
LOG (gmm-align-compiled[5.4.105~1-4fda]:main():gmm-align-compiled.cc:127) AMI_TS3012d_H00_MTD045PM_0160985_0161743
LOG (gmm-align-compiled[5.4.105~1-4fda]:main():gmm-align-compiled.cc:127) AMI_TS3012d_H00_MTD045PM_0164115_0164633
WARNING (gmm-align-compiled[5.4.105~1-4fda]:AlignUtteranceWrapper():decoder-wrappers.cc:468) Retrying utterance AMI_TS3012d_H00_MTD045PM_0164115_0164633 with beam 40
LOG (gmm-align-compiled[5.4.105~1-4fda]:main():gmm-align-compiled.cc:127) AMI_TS3012d_H00_MTD045PM_0168126_0168273
LOG (gmm-align-compiled[5.4.105~1-4fda]:main():gmm-align-compiled.cc:127) AMI_TS3012d_H00_MTD045PM_0171195_0171519
LOG (gmm-align-compiled[5.4.105~1-4fda]:main():gmm-align-compiled.cc:127) AMI_TS3012d_H00_MTD045PM_0174285_0174363
LOG (gmm-align-compiled[5.4.105~1-4fda]:main():gmm-align-compiled.cc:127) AMI_TS3012d_H00_MTD045PM_0177467_0177772
LOG (gmm-align-compiled[5.4.105~1-4fda]:main():gmm-align-compiled.cc:127) AMI_TS3012d_H00_MTD045PM_0185168_0185362
LOG (gmm-align-compiled[5.4.105~1-4fda]:main():gmm-align-compiled.cc:127) AMI_TS3012d_H00_MTD045PM_0187336_0187442
WARNING (gmm-align-compiled[5.4.105~1-4fda]:AlignUtteranceWrapper():decoder-wrappers.cc:468) Retrying utterance AMI_TS3012d_H00_MTD045PM_0187336_0187442 with beam 40
LOG (gmm-align-compiled[5.4.105~1-4fda]:main():gmm-align-compiled.cc:127) AMI_TS3012d_H00_MTD045PM_0194362_0194892
LOG (gmm-align-compiled[5.4.105~1-4fda]:main():gmm-align-compiled.cc:127) AMI_TS3012d_H00_MTD045PM_0198504_0198597
LOG (gmm-align-compiled[5.4.105~1-4fda]:main():gmm-align-compiled.cc:127) AMI_TS3012d_H00_MTD045PM_0203942_0204143
WARNING (gmm-align-compiled[5.4.105~1-4fda]:AlignUtteranceWrapper():decoder-wrappers.cc:468) Retrying utterance AMI_TS3012d_H00_MTD045PM_0203942_0204143 with beam 40
LOG (gmm-align-compiled[5.4.105~1-4fda]:main():gmm-align-compiled.cc:127) AMI_TS3012d_H00_MTD045PM_0206717_0206907
LOG (gmm-align-compiled[5.4.105~1-4fda]:main():gmm-align-compiled.cc:127) AMI_TS3012d_H00_MTD045PM_0209485_0209571
LOG (gmm-align-compiled[5.4.105~1-4fda]:main():gmm-align-compiled.cc:127) AMI_TS3012d_H01_MTD047UID_0014724_0014822
LOG (gmm-align-compiled[5.4.105~1-4fda]:main():gmm-align-compiled.cc:127) AMI_TS3012d_H01_MTD047UID_0019136_0019218
LOG (gmm-align-compiled[5.4.105~1-4fda]:main():gmm-align-compiled.cc:127) AMI_TS3012d_H01_MTD047UID_0023279_0023358
LOG (gmm-align-compiled[5.4.105~1-4fda]:main():gmm-align-compiled.cc:127) AMI_TS3012d_H01_MTD047UID_0041225_0041273
LOG (gmm-align-compiled[5.4.105~1-4fda]:main():gmm-align-compiled.cc:127) AMI_TS3012d_H01_MTD047UID_0053459_0053602
LOG (gmm-align-compiled[5.4.105~1-4fda]:main():gmm-align-compiled.cc:127) AMI_TS3012d_H01_MTD047UID_0070501_0070845
LOG (gmm-align-compiled[5.4.105~1-4fda]:main():gmm-align-compiled.cc:127) AMI_TS3012d_H01_MTD047UID_0078351_0078566
LOG (gmm-align-compiled[5.4.105~1-4fda]:main():gmm-align-compiled.cc:127) AMI_TS3012d_H01_MTD047UID_0097957_0098016
LOG (gmm-align-compiled[5.4.105~1-4fda]:main():gmm-align-compiled.cc:127) AMI_TS3012d_H01_MTD047UID_0116426_0116671
LOG (gmm-align-compiled[5.4.105~1-4fda]:main():gmm-align-compiled.cc:127) AMI_TS3012d_H01_MTD047UID_0125576_0125680
LOG (gmm-align-compiled[5.4.105~1-4fda]:main():gmm-align-compiled.cc:127) AMI_TS3012d_H01_MTD047UID_0133321_0133540
LOG (gmm-align-compiled[5.4.105~1-4fda]:main():gmm-align-compiled.cc:127) AMI_TS3012d_H01_MTD047UID_0149284_0149498
LOG (gmm-align-compiled[5.4.105~1-4fda]:main():gmm-align-compiled.cc:127) AMI_TS3012d_H01_MTD047UID_0162973_0163979
LOG (gmm-align-compiled[5.4.105~1-4fda]:main():gmm-align-compiled.cc:127) AMI_TS3012d_H01_MTD047UID_0167764_0167855
LOG (gmm-align-compiled[5.4.105~1-4fda]:main():gmm-align-compiled.cc:127) AMI_TS3012d_H01_MTD047UID_0181944_0182183
LOG (gmm-align-compiled[5.4.105~1-4fda]:main():gmm-align-compiled.cc:127) AMI_TS3012d_H01_MTD047UID_0188943_0189042
LOG (gmm-align-compiled[5.4.105~1-4fda]:main():gmm-align-compiled.cc:127) AMI_TS3012d_H01_MTD047UID_0201072_0201198
LOG (gmm-align-compiled[5.4.105~1-4fda]:main():gmm-align-compiled.cc:127) AMI_TS3012d_H01_MTD047UID_0204487_0204572
LOG (gmm-align-compiled[5.4.105~1-4fda]:main():gmm-align-compiled.cc:127) AMI_TS3012d_H01_MTD047UID_0230689_0230765
LOG (gmm-align-compiled[5.4.105~1-4fda]:main():gmm-align-compiled.cc:127) AMI_TS3012d_H02_MTD046ID_0022503_0022759
LOG (gmm-align-compiled[5.4.105~1-4fda]:main():gmm-align-compiled.cc:127) AMI_TS3012d_H02_MTD046ID_0032978_0033071
LOG (gmm-align-compiled[5.4.105~1-4fda]:main():gmm-align-compiled.cc:127) AMI_TS3012d_H02_MTD046ID_0039403_0039420
LOG (gmm-align-compiled[5.4.105~1-4fda]:main():gmm-align-compiled.cc:127) AMI_TS3012d_H02_MTD046ID_0043057_0043078
LOG (gmm-align-compiled[5.4.105~1-4fda]:main():gmm-align-compiled.cc:127) AMI_TS3012d_H02_MTD046ID_0056973_0056995
LOG (gmm-align-compiled[5.4.105~1-4fda]:main():gmm-align-compiled.cc:127) AMI_TS3012d_H02_MTD046ID_0060360_0060547
LOG (gmm-align-compiled[5.4.105~1-4fda]:main():gmm-align-compiled.cc:127) AMI_TS3012d_H02_MTD046ID_0065010_0065026
LOG (gmm-align-compiled[5.4.105~1-4fda]:main():gmm-align-compiled.cc:127) AMI_TS3012d_H02_MTD046ID_0073032_0073053
LOG (gmm-align-compiled[5.4.105~1-4fda]:main():gmm-align-compiled.cc:127) AMI_TS3012d_H02_MTD046ID_0082606_0082636
LOG (gmm-align-compiled[5.4.105~1-4fda]:main():gmm-align-compiled.cc:127) AMI_TS3012d_H02_MTD046ID_0096994_0097055
LOG (gmm-align-compiled[5.4.105~1-4fda]:main():gmm-align-compiled.cc:127) AMI_TS3012d_H02_MTD046ID_0103932_0103961
LOG (gmm-align-compiled[5.4.105~1-4fda]:main():gmm-align-compiled.cc:127) AMI_TS3012d_H02_MTD046ID_0122022_0122054
LOG (gmm-align-compiled[5.4.105~1-4fda]:main():gmm-align-compiled.cc:127) AMI_TS3012d_H02_MTD046ID_0133738_0133834
LOG (gmm-align-compiled[5.4.105~1-4fda]:main():gmm-align-compiled.cc:127) AMI_TS3012d_H02_MTD046ID_0138888_0138980
LOG (gmm-align-compiled[5.4.105~1-4fda]:main():gmm-align-compiled.cc:127) AMI_TS3012d_H02_MTD046ID_0147100_0147129
LOG (gmm-align-compiled[5.4.105~1-4fda]:main():gmm-align-compiled.cc:127) AMI_TS3012d_H02_MTD046ID_0149984_0150135
WARNING (gmm-align-compiled[5.4.105~1-4fda]:AlignUtteranceWrapper():decoder-wrappers.cc:468) Retrying utterance AMI_TS3012d_H02_MTD046ID_0149984_0150135 with beam 40
LOG (gmm-align-compiled[5.4.105~1-4fda]:main():gmm-align-compiled.cc:127) AMI_TS3012d_H02_MTD046ID_0153843_0153867
LOG (gmm-align-compiled[5.4.105~1-4fda]:main():gmm-align-compiled.cc:127) AMI_TS3012d_H02_MTD046ID_0157573_0157985
LOG (gmm-align-compiled[5.4.105~1-4fda]:main():gmm-align-compiled.cc:127) AMI_TS3012d_H02_MTD046ID_0168606_0168631
LOG (gmm-align-compiled[5.4.105~1-4fda]:main():gmm-align-compiled.cc:127) AMI_TS3012d_H02_MTD046ID_0176288_0176602
LOG (gmm-align-compiled[5.4.105~1-4fda]:main():gmm-align-compiled.cc:127) AMI_TS3012d_H02_MTD046ID_0180562_0180596
LOG (gmm-align-compiled[5.4.105~1-4fda]:main():gmm-align-compiled.cc:127) AMI_TS3012d_H02_MTD046ID_0190456_0190689
LOG (gmm-align-compiled[5.4.105~1-4fda]:main():gmm-align-compiled.cc:127) AMI_TS3012d_H02_MTD046ID_0194240_0194350
LOG (gmm-align-compiled[5.4.105~1-4fda]:main():gmm-align-compiled.cc:127) AMI_TS3012d_H02_MTD046ID_0200612_0200784
LOG (gmm-align-compiled[5.4.105~1-4fda]:main():gmm-align-compiled.cc:127) AMI_TS3012d_H02_MTD046ID_0205260_0205277
LOG (gmm-align-compiled[5.4.105~1-4fda]:main():gmm-align-compiled.cc:127) AMI_TS3012d_H02_MTD046ID_0211740_0211769
LOG (gmm-align-compiled[5.4.105~1-4fda]:main():gmm-align-compiled.cc:127) AMI_TS3012d_H02_MTD046ID_0219783_0219892
LOG (gmm-align-compiled[5.4.105~1-4fda]:main():gmm-align-compiled.cc:127) AMI_TS3012d_H02_MTD046ID_0223906_0224032
LOG (gmm-align-compiled[5.4.105~1-4fda]:main():gmm-align-compiled.cc:127) AMI_TS3012d_H02_MTD046ID_0226558_0226590
LOG (gmm-align-compiled[5.4.105~1-4fda]:main():gmm-align-compiled.cc:127) AMI_TS3012d_H02_MTD046ID_0229542_0229573
LOG (gmm-align-compiled[5.4.105~1-4fda]:main():gmm-align-compiled.cc:127) AMI_TS3012d_H03_MTD048ME_0032747_0032796
LOG (gmm-align-compiled[5.4.105~1-4fda]:main():gmm-align-compiled.cc:127) AMI_TS3012d_H03_MTD048ME_0043621_0043716
LOG (gmm-align-compiled[5.4.105~1-4fda]:main():gmm-align-compiled.cc:127) AMI_TS3012d_H03_MTD048ME_0052555_0052584
LOG (gmm-align-compiled[5.4.105~1-4fda]:main():gmm-align-compiled.cc:127) AMI_TS3012d_H03_MTD048ME_0077078_0077173
LOG (gmm-align-compiled[5.4.105~1-4fda]:main():gmm-align-compiled.cc:127) AMI_TS3012d_H03_MTD048ME_0082534_0082570
LOG (gmm-align-compiled[5.4.105~1-4fda]:main():gmm-align-compiled.cc:127) AMI_TS3012d_H03_MTD048ME_0087531_0087850
LOG (gmm-align-compiled[5.4.105~1-4fda]:main():gmm-align-compiled.cc:127) AMI_TS3012d_H03_MTD048ME_0090179_0090207
LOG (gmm-align-compiled[5.4.105~1-4fda]:main():gmm-align-compiled.cc:127) AMI_TS3012d_H03_MTD048ME_0092355_0092494
LOG (gmm-align-compiled[5.4.105~1-4fda]:main():gmm-align-compiled.cc:127) AMI_TS3012d_H03_MTD048ME_0095039_0095212
LOG (gmm-align-compiled[5.4.105~1-4fda]:main():gmm-align-compiled.cc:127) AMI_TS3012d_H03_MTD048ME_0097880_0097914
LOG (gmm-align-compiled[5.4.105~1-4fda]:main():gmm-align-compiled.cc:127) AMI_TS3012d_H03_MTD048ME_0101286_0101551
LOG (gmm-align-compiled[5.4.105~1-4fda]:main():gmm-align-compiled.cc:127) AMI_TS3012d_H03_MTD048ME_0104841_0105096
LOG (gmm-align-compiled[5.4.105~1-4fda]:main():gmm-align-compiled.cc:127) AMI_TS3012d_H03_MTD048ME_0107851_0108139
LOG (gmm-align-compiled[5.4.105~1-4fda]:main():gmm-align-compiled.cc:127) AMI_TS3012d_H03_MTD048ME_0112909_0113258
LOG (gmm-align-compiled[5.4.105~1-4fda]:main():gmm-align-compiled.cc:127) AMI_TS3012d_H03_MTD048ME_0115598_0115708
LOG (gmm-align-compiled[5.4.105~1-4fda]:main():gmm-align-compiled.cc:127) AMI_TS3012d_H03_MTD048ME_0118568_0118765
LOG (gmm-align-compiled[5.4.105~1-4fda]:main():gmm-align-compiled.cc:127) AMI_TS3012d_H03_MTD048ME_0122829_0122881
LOG (gmm-align-compiled[5.4.105~1-4fda]:main():gmm-align-compiled.cc:127) AMI_TS3012d_H03_MTD048ME_0126516_0127056
LOG (apply-cmvn[5.4.105~1-4fda]:main():apply-cmvn.cc:162) Applied cepstral mean normalization to 524 utterances, errors on 0
LOG (gmm-align-compiled[5.4.105~1-4fda]:main():gmm-align-compiled.cc:127) AMI_TS3012d_H03_MTD048ME_0137358_0137388
LOG (gmm-align-compiled[5.4.105~1-4fda]:main():gmm-align-compiled.cc:127) AMI_TS3012d_H03_MTD048ME_0146878_0146912
LOG (gmm-align-compiled[5.4.105~1-4fda]:main():gmm-align-compiled.cc:127) AMI_TS3012d_H03_MTD048ME_0152292_0152321
LOG (gmm-align-compiled[5.4.105~1-4fda]:main():gmm-align-compiled.cc:127) AMI_TS3012d_H03_MTD048ME_0156933_0157025
LOG (gmm-align-compiled[5.4.105~1-4fda]:main():gmm-align-compiled.cc:127) AMI_TS3012d_H03_MTD048ME_0167239_0167370
LOG (gmm-align-compiled[5.4.105~1-4fda]:main():gmm-align-compiled.cc:127) AMI_TS3012d_H03_MTD048ME_0174544_0174701
LOG (gmm-align-compiled[5.4.105~1-4fda]:main():gmm-align-compiled.cc:127) AMI_TS3012d_H03_MTD048ME_0178900_0179047
LOG (gmm-align-compiled[5.4.105~1-4fda]:main():gmm-align-compiled.cc:127) AMI_TS3012d_H03_MTD048ME_0188025_0188079
LOG (gmm-align-compiled[5.4.105~1-4fda]:main():gmm-align-compiled.cc:127) AMI_TS3012d_H03_MTD048ME_0193218_0193552
LOG (gmm-align-compiled[5.4.105~1-4fda]:main():gmm-align-compiled.cc:127) AMI_TS3012d_H03_MTD048ME_0197858_0197962
LOG (gmm-align-compiled[5.4.105~1-4fda]:main():gmm-align-compiled.cc:127) AMI_TS3012d_H03_MTD048ME_0203774_0203928
LOG (gmm-align-compiled[5.4.105~1-4fda]:main():gmm-align-compiled.cc:127) AMI_TS3012d_H03_MTD048ME_0210982_0211157
LOG (gmm-align-compiled[5.4.105~1-4fda]:main():gmm-align-compiled.cc:127) AMI_TS3012d_H03_MTD048ME_0219369_0219406
LOG (gmm-align-compiled[5.4.105~1-4fda]:main():gmm-align-compiled.cc:127) AMI_TS3012d_H03_MTD048ME_0227048_0227080
LOG (gmm-align-compiled[5.4.105~1-4fda]:main():gmm-align-compiled.cc:127) AMI_TS3012d_H03_MTD048ME_0232390_0232439
LOG (gmm-align-compiled[5.4.105~1-4fda]:main():gmm-align-compiled.cc:135) Overall log-likelihood per frame is -98.6194 over 113664 frames.
LOG (gmm-align-compiled[5.4.105~1-4fda]:main():gmm-align-compiled.cc:137) Retried 24 out of 524 utterances.
LOG (gmm-align-compiled[5.4.105~1-4fda]:main():gmm-align-compiled.cc:139) Done 524, errors on 0
# Accounting: time=14 threads=1
# Ended (code 0) at Wed Oct 31 22:11:36 EDT 2018, elapsed time 14 seconds
