# gmm-align-compiled --transition-scale=1.0 --acoustic-scale=0.1 --self-loop-scale=0.1 --beam=10 --retry-beam=40 --careful=false "gmm-boost-silence --boost=1.0 1 exp2/mono/7.mdl - |" "ark:gunzip -c exp2/mono/fsts.25.gz|" "ark,s,cs:apply-cmvn  --utt2spk=ark:data/st_ihm_all/train_15k/split30/25/utt2spk scp:data/st_ihm_all/train_15k/split30/25/cmvn.scp scp:data/st_ihm_all/train_15k/split30/25/feats.scp ark:- | add-deltas  ark:- ark:- |" "ark,t:|gzip -c >exp2/mono/ali.25.gz" 
# Started at Wed Oct 31 22:07:20 EDT 2018
#
gmm-align-compiled --transition-scale=1.0 --acoustic-scale=0.1 --self-loop-scale=0.1 --beam=10 --retry-beam=40 --careful=false 'gmm-boost-silence --boost=1.0 1 exp2/mono/7.mdl - |' 'ark:gunzip -c exp2/mono/fsts.25.gz|' 'ark,s,cs:apply-cmvn  --utt2spk=ark:data/st_ihm_all/train_15k/split30/25/utt2spk scp:data/st_ihm_all/train_15k/split30/25/cmvn.scp scp:data/st_ihm_all/train_15k/split30/25/feats.scp ark:- | add-deltas  ark:- ark:- |' 'ark,t:|gzip -c >exp2/mono/ali.25.gz' 
gmm-boost-silence --boost=1.0 1 exp2/mono/7.mdl - 
WARNING (gmm-boost-silence[5.4.105~1-4fda]:main():gmm-boost-silence.cc:82) The pdfs for the silence phones may be shared by other phones (note: this probably does not matter.)
LOG (gmm-boost-silence[5.4.105~1-4fda]:main():gmm-boost-silence.cc:93) Boosted weights for 5 pdfs, by factor of 1
LOG (gmm-boost-silence[5.4.105~1-4fda]:main():gmm-boost-silence.cc:103) Wrote model to -
apply-cmvn --utt2spk=ark:data/st_ihm_all/train_15k/split30/25/utt2spk scp:data/st_ihm_all/train_15k/split30/25/cmvn.scp scp:data/st_ihm_all/train_15k/split30/25/feats.scp ark:- 
add-deltas ark:- ark:- 
LOG (gmm-align-compiled[5.4.105~1-4fda]:main():gmm-align-compiled.cc:127) AMI_TS3006a_H00_MTD021PM_0027470_0027563
LOG (gmm-align-compiled[5.4.105~1-4fda]:main():gmm-align-compiled.cc:127) AMI_TS3006a_H00_MTD021PM_0029858_0030158
LOG (gmm-align-compiled[5.4.105~1-4fda]:main():gmm-align-compiled.cc:127) AMI_TS3006a_H00_MTD021PM_0032870_0033070
LOG (gmm-align-compiled[5.4.105~1-4fda]:main():gmm-align-compiled.cc:127) AMI_TS3006a_H00_MTD021PM_0037502_0037588
LOG (gmm-align-compiled[5.4.105~1-4fda]:main():gmm-align-compiled.cc:127) AMI_TS3006a_H00_MTD021PM_0043248_0043287
LOG (gmm-align-compiled[5.4.105~1-4fda]:main():gmm-align-compiled.cc:127) AMI_TS3006a_H00_MTD021PM_0049158_0049556
LOG (gmm-align-compiled[5.4.105~1-4fda]:main():gmm-align-compiled.cc:127) AMI_TS3006a_H00_MTD021PM_0054340_0054387
LOG (gmm-align-compiled[5.4.105~1-4fda]:main():gmm-align-compiled.cc:127) AMI_TS3006a_H00_MTD021PM_0057654_0057807
LOG (gmm-align-compiled[5.4.105~1-4fda]:main():gmm-align-compiled.cc:127) AMI_TS3006a_H00_MTD021PM_0060557_0060592
LOG (gmm-align-compiled[5.4.105~1-4fda]:main():gmm-align-compiled.cc:127) AMI_TS3006a_H00_MTD021PM_0064616_0064730
LOG (gmm-align-compiled[5.4.105~1-4fda]:main():gmm-align-compiled.cc:127) AMI_TS3006a_H00_MTD021PM_0067680_0067797
LOG (gmm-align-compiled[5.4.105~1-4fda]:main():gmm-align-compiled.cc:127) AMI_TS3006a_H00_MTD021PM_0071195_0071232
LOG (gmm-align-compiled[5.4.105~1-4fda]:main():gmm-align-compiled.cc:127) AMI_TS3006a_H00_MTD021PM_0075853_0075895
LOG (gmm-align-compiled[5.4.105~1-4fda]:main():gmm-align-compiled.cc:127) AMI_TS3006a_H00_MTD021PM_0087995_0088032
LOG (gmm-align-compiled[5.4.105~1-4fda]:main():gmm-align-compiled.cc:127) AMI_TS3006a_H00_MTD021PM_0090179_0090238
LOG (gmm-align-compiled[5.4.105~1-4fda]:main():gmm-align-compiled.cc:127) AMI_TS3006a_H00_MTD021PM_0096508_0096784
LOG (gmm-align-compiled[5.4.105~1-4fda]:main():gmm-align-compiled.cc:127) AMI_TS3006a_H00_MTD021PM_0098952_0099643
LOG (gmm-align-compiled[5.4.105~1-4fda]:main():gmm-align-compiled.cc:127) AMI_TS3006a_H00_MTD021PM_0101795_0102156
LOG (gmm-align-compiled[5.4.105~1-4fda]:main():gmm-align-compiled.cc:127) AMI_TS3006a_H00_MTD021PM_0104981_0105077
LOG (gmm-align-compiled[5.4.105~1-4fda]:main():gmm-align-compiled.cc:127) AMI_TS3006a_H00_MTD021PM_0107635_0107741
LOG (gmm-align-compiled[5.4.105~1-4fda]:main():gmm-align-compiled.cc:127) AMI_TS3006a_H00_MTD021PM_0114170_0114283
LOG (gmm-align-compiled[5.4.105~1-4fda]:main():gmm-align-compiled.cc:127) AMI_TS3006a_H00_MTD021PM_0117008_0117048
LOG (gmm-align-compiled[5.4.105~1-4fda]:main():gmm-align-compiled.cc:127) AMI_TS3006a_H00_MTD021PM_0120825_0120850
LOG (gmm-align-compiled[5.4.105~1-4fda]:main():gmm-align-compiled.cc:127) AMI_TS3006a_H01_MTD023UID_0007783_0007828
LOG (gmm-align-compiled[5.4.105~1-4fda]:main():gmm-align-compiled.cc:127) AMI_TS3006a_H01_MTD023UID_0015189_0015461
LOG (gmm-align-compiled[5.4.105~1-4fda]:main():gmm-align-compiled.cc:127) AMI_TS3006a_H01_MTD023UID_0028076_0028151
LOG (gmm-align-compiled[5.4.105~1-4fda]:main():gmm-align-compiled.cc:127) AMI_TS3006a_H01_MTD023UID_0031647_0031955
LOG (gmm-align-compiled[5.4.105~1-4fda]:main():gmm-align-compiled.cc:127) AMI_TS3006a_H01_MTD023UID_0064045_0064144
LOG (gmm-align-compiled[5.4.105~1-4fda]:main():gmm-align-compiled.cc:127) AMI_TS3006a_H01_MTD023UID_0077460_0077617
LOG (gmm-align-compiled[5.4.105~1-4fda]:main():gmm-align-compiled.cc:127) AMI_TS3006a_H01_MTD023UID_0091730_0091895
LOG (gmm-align-compiled[5.4.105~1-4fda]:main():gmm-align-compiled.cc:127) AMI_TS3006a_H01_MTD023UID_0100222_0100264
LOG (gmm-align-compiled[5.4.105~1-4fda]:main():gmm-align-compiled.cc:127) AMI_TS3006a_H01_MTD023UID_0104941_0104994
LOG (gmm-align-compiled[5.4.105~1-4fda]:main():gmm-align-compiled.cc:127) AMI_TS3006a_H01_MTD023UID_0116975_0117285
LOG (gmm-align-compiled[5.4.105~1-4fda]:main():gmm-align-compiled.cc:127) AMI_TS3006a_H01_MTD023UID_0121244_0121332
LOG (gmm-align-compiled[5.4.105~1-4fda]:main():gmm-align-compiled.cc:127) AMI_TS3006a_H02_MTD022ID_0015512_0015544
LOG (gmm-align-compiled[5.4.105~1-4fda]:main():gmm-align-compiled.cc:127) AMI_TS3006a_H02_MTD022ID_0035013_0035435
LOG (gmm-align-compiled[5.4.105~1-4fda]:main():gmm-align-compiled.cc:127) AMI_TS3006a_H02_MTD022ID_0039146_0039245
LOG (gmm-align-compiled[5.4.105~1-4fda]:main():gmm-align-compiled.cc:127) AMI_TS3006a_H02_MTD022ID_0045291_0045396
LOG (gmm-align-compiled[5.4.105~1-4fda]:main():gmm-align-compiled.cc:127) AMI_TS3006a_H02_MTD022ID_0051031_0051330
LOG (gmm-align-compiled[5.4.105~1-4fda]:main():gmm-align-compiled.cc:127) AMI_TS3006a_H02_MTD022ID_0055101_0055220
LOG (gmm-align-compiled[5.4.105~1-4fda]:main():gmm-align-compiled.cc:127) AMI_TS3006a_H02_MTD022ID_0057437_0057560
LOG (gmm-align-compiled[5.4.105~1-4fda]:main():gmm-align-compiled.cc:127) AMI_TS3006a_H02_MTD022ID_0062609_0062716
LOG (gmm-align-compiled[5.4.105~1-4fda]:main():gmm-align-compiled.cc:127) AMI_TS3006a_H02_MTD022ID_0074020_0074286
LOG (gmm-align-compiled[5.4.105~1-4fda]:main():gmm-align-compiled.cc:127) AMI_TS3006a_H02_MTD022ID_0078563_0079243
LOG (gmm-align-compiled[5.4.105~1-4fda]:main():gmm-align-compiled.cc:127) AMI_TS3006a_H02_MTD022ID_0100102_0100168
LOG (gmm-align-compiled[5.4.105~1-4fda]:main():gmm-align-compiled.cc:127) AMI_TS3006a_H02_MTD022ID_0105985_0106389
LOG (gmm-align-compiled[5.4.105~1-4fda]:main():gmm-align-compiled.cc:127) AMI_TS3006a_H02_MTD022ID_0112283_0112854
LOG (gmm-align-compiled[5.4.105~1-4fda]:main():gmm-align-compiled.cc:127) AMI_TS3006a_H02_MTD022ID_0116334_0116381
LOG (gmm-align-compiled[5.4.105~1-4fda]:main():gmm-align-compiled.cc:127) AMI_TS3006a_H02_MTD022ID_0119117_0119414
LOG (gmm-align-compiled[5.4.105~1-4fda]:main():gmm-align-compiled.cc:127) AMI_TS3006a_H03_MTD024ME_0007479_0007620
LOG (gmm-align-compiled[5.4.105~1-4fda]:main():gmm-align-compiled.cc:127) AMI_TS3006a_H03_MTD024ME_0010135_0010205
LOG (gmm-align-compiled[5.4.105~1-4fda]:main():gmm-align-compiled.cc:127) AMI_TS3006a_H03_MTD024ME_0021277_0021304
LOG (gmm-align-compiled[5.4.105~1-4fda]:main():gmm-align-compiled.cc:127) AMI_TS3006a_H03_MTD024ME_0028481_0028769
LOG (gmm-align-compiled[5.4.105~1-4fda]:main():gmm-align-compiled.cc:127) AMI_TS3006a_H03_MTD024ME_0034226_0034261
LOG (gmm-align-compiled[5.4.105~1-4fda]:main():gmm-align-compiled.cc:127) AMI_TS3006a_H03_MTD024ME_0038394_0038668
LOG (gmm-align-compiled[5.4.105~1-4fda]:main():gmm-align-compiled.cc:127) AMI_TS3006a_H03_MTD024ME_0041650_0041738
LOG (gmm-align-compiled[5.4.105~1-4fda]:main():gmm-align-compiled.cc:127) AMI_TS3006a_H03_MTD024ME_0044872_0045215
LOG (gmm-align-compiled[5.4.105~1-4fda]:main():gmm-align-compiled.cc:127) AMI_TS3006a_H03_MTD024ME_0049570_0049815
LOG (gmm-align-compiled[5.4.105~1-4fda]:main():gmm-align-compiled.cc:127) AMI_TS3006a_H03_MTD024ME_0055105_0055315
LOG (gmm-align-compiled[5.4.105~1-4fda]:main():gmm-align-compiled.cc:127) AMI_TS3006a_H03_MTD024ME_0076532_0076564
LOG (gmm-align-compiled[5.4.105~1-4fda]:main():gmm-align-compiled.cc:127) AMI_TS3006a_H03_MTD024ME_0082352_0083340
LOG (gmm-align-compiled[5.4.105~1-4fda]:main():gmm-align-compiled.cc:127) AMI_TS3006a_H03_MTD024ME_0086700_0087161
LOG (gmm-align-compiled[5.4.105~1-4fda]:main():gmm-align-compiled.cc:127) AMI_TS3006a_H03_MTD024ME_0090417_0090442
LOG (gmm-align-compiled[5.4.105~1-4fda]:main():gmm-align-compiled.cc:127) AMI_TS3006a_H03_MTD024ME_0100049_0100108
LOG (gmm-align-compiled[5.4.105~1-4fda]:main():gmm-align-compiled.cc:127) AMI_TS3006a_H03_MTD024ME_0101693_0101729
LOG (gmm-align-compiled[5.4.105~1-4fda]:main():gmm-align-compiled.cc:127) AMI_TS3006a_H03_MTD024ME_0107396_0107541
LOG (gmm-align-compiled[5.4.105~1-4fda]:main():gmm-align-compiled.cc:127) AMI_TS3006a_H03_MTD024ME_0109954_0110454
LOG (gmm-align-compiled[5.4.105~1-4fda]:main():gmm-align-compiled.cc:127) AMI_TS3006a_H03_MTD024ME_0114146_0114176
LOG (gmm-align-compiled[5.4.105~1-4fda]:main():gmm-align-compiled.cc:127) AMI_TS3006a_H03_MTD024ME_0118883_0118959
LOG (gmm-align-compiled[5.4.105~1-4fda]:main():gmm-align-compiled.cc:127) AMI_TS3006b_H00_MTD021PM_0003354_0003509
LOG (gmm-align-compiled[5.4.105~1-4fda]:main():gmm-align-compiled.cc:127) AMI_TS3006b_H00_MTD021PM_0006906_0006997
LOG (gmm-align-compiled[5.4.105~1-4fda]:main():gmm-align-compiled.cc:127) AMI_TS3006b_H00_MTD021PM_0010442_0010809
LOG (gmm-align-compiled[5.4.105~1-4fda]:main():gmm-align-compiled.cc:127) AMI_TS3006b_H00_MTD021PM_0022567_0022611
LOG (gmm-align-compiled[5.4.105~1-4fda]:main():gmm-align-compiled.cc:127) AMI_TS3006b_H00_MTD021PM_0024850_0024869
LOG (gmm-align-compiled[5.4.105~1-4fda]:main():gmm-align-compiled.cc:127) AMI_TS3006b_H00_MTD021PM_0038057_0038221
LOG (gmm-align-compiled[5.4.105~1-4fda]:main():gmm-align-compiled.cc:127) AMI_TS3006b_H00_MTD021PM_0041847_0042343
LOG (gmm-align-compiled[5.4.105~1-4fda]:main():gmm-align-compiled.cc:127) AMI_TS3006b_H00_MTD021PM_0051846_0051879
LOG (gmm-align-compiled[5.4.105~1-4fda]:main():gmm-align-compiled.cc:127) AMI_TS3006b_H00_MTD021PM_0054942_0055735
LOG (gmm-align-compiled[5.4.105~1-4fda]:main():gmm-align-compiled.cc:127) AMI_TS3006b_H00_MTD021PM_0057963_0057998
LOG (gmm-align-compiled[5.4.105~1-4fda]:main():gmm-align-compiled.cc:127) AMI_TS3006b_H00_MTD021PM_0067685_0067875
LOG (gmm-align-compiled[5.4.105~1-4fda]:main():gmm-align-compiled.cc:127) AMI_TS3006b_H00_MTD021PM_0070314_0070528
LOG (gmm-align-compiled[5.4.105~1-4fda]:main():gmm-align-compiled.cc:127) AMI_TS3006b_H00_MTD021PM_0072863_0072997
LOG (gmm-align-compiled[5.4.105~1-4fda]:main():gmm-align-compiled.cc:127) AMI_TS3006b_H00_MTD021PM_0075664_0075807
LOG (gmm-align-compiled[5.4.105~1-4fda]:main():gmm-align-compiled.cc:127) AMI_TS3006b_H00_MTD021PM_0078140_0078280
LOG (gmm-align-compiled[5.4.105~1-4fda]:main():gmm-align-compiled.cc:127) AMI_TS3006b_H00_MTD021PM_0083280_0083323
LOG (gmm-align-compiled[5.4.105~1-4fda]:main():gmm-align-compiled.cc:127) AMI_TS3006b_H00_MTD021PM_0091030_0091246
LOG (gmm-align-compiled[5.4.105~1-4fda]:main():gmm-align-compiled.cc:127) AMI_TS3006b_H00_MTD021PM_0098585_0098843
LOG (gmm-align-compiled[5.4.105~1-4fda]:main():gmm-align-compiled.cc:127) AMI_TS3006b_H00_MTD021PM_0100551_0100586
LOG (gmm-align-compiled[5.4.105~1-4fda]:main():gmm-align-compiled.cc:127) AMI_TS3006b_H00_MTD021PM_0107103_0107158
LOG (gmm-align-compiled[5.4.105~1-4fda]:main():gmm-align-compiled.cc:127) AMI_TS3006b_H00_MTD021PM_0110030_0110305
LOG (gmm-align-compiled[5.4.105~1-4fda]:main():gmm-align-compiled.cc:127) AMI_TS3006b_H00_MTD021PM_0114558_0114616
LOG (gmm-align-compiled[5.4.105~1-4fda]:main():gmm-align-compiled.cc:127) AMI_TS3006b_H00_MTD021PM_0117583_0117659
LOG (gmm-align-compiled[5.4.105~1-4fda]:main():gmm-align-compiled.cc:127) AMI_TS3006b_H00_MTD021PM_0121336_0121360
LOG (gmm-align-compiled[5.4.105~1-4fda]:main():gmm-align-compiled.cc:127) AMI_TS3006b_H00_MTD021PM_0124531_0124569
LOG (gmm-align-compiled[5.4.105~1-4fda]:main():gmm-align-compiled.cc:127) AMI_TS3006b_H00_MTD021PM_0127992_0128023
LOG (gmm-align-compiled[5.4.105~1-4fda]:main():gmm-align-compiled.cc:127) AMI_TS3006b_H00_MTD021PM_0133653_0133777
LOG (gmm-align-compiled[5.4.105~1-4fda]:main():gmm-align-compiled.cc:127) AMI_TS3006b_H00_MTD021PM_0141423_0141752
LOG (gmm-align-compiled[5.4.105~1-4fda]:main():gmm-align-compiled.cc:127) AMI_TS3006b_H00_MTD021PM_0146600_0146751
LOG (gmm-align-compiled[5.4.105~1-4fda]:main():gmm-align-compiled.cc:127) AMI_TS3006b_H00_MTD021PM_0149563_0149611
LOG (gmm-align-compiled[5.4.105~1-4fda]:main():gmm-align-compiled.cc:127) AMI_TS3006b_H00_MTD021PM_0152154_0152284
LOG (gmm-align-compiled[5.4.105~1-4fda]:main():gmm-align-compiled.cc:127) AMI_TS3006b_H00_MTD021PM_0157299_0157370
LOG (gmm-align-compiled[5.4.105~1-4fda]:main():gmm-align-compiled.cc:127) AMI_TS3006b_H00_MTD021PM_0162911_0162948
LOG (gmm-align-compiled[5.4.105~1-4fda]:main():gmm-align-compiled.cc:127) AMI_TS3006b_H00_MTD021PM_0165662_0165690
LOG (gmm-align-compiled[5.4.105~1-4fda]:main():gmm-align-compiled.cc:127) AMI_TS3006b_H00_MTD021PM_0170344_0170594
LOG (gmm-align-compiled[5.4.105~1-4fda]:main():gmm-align-compiled.cc:127) AMI_TS3006b_H00_MTD021PM_0173351_0173523
LOG (gmm-align-compiled[5.4.105~1-4fda]:main():gmm-align-compiled.cc:127) AMI_TS3006b_H00_MTD021PM_0177374_0177935
LOG (gmm-align-compiled[5.4.105~1-4fda]:main():gmm-align-compiled.cc:127) AMI_TS3006b_H00_MTD021PM_0183571_0183613
LOG (gmm-align-compiled[5.4.105~1-4fda]:main():gmm-align-compiled.cc:127) AMI_TS3006b_H00_MTD021PM_0186125_0186215
LOG (gmm-align-compiled[5.4.105~1-4fda]:main():gmm-align-compiled.cc:127) AMI_TS3006b_H00_MTD021PM_0194898_0194967
LOG (gmm-align-compiled[5.4.105~1-4fda]:main():gmm-align-compiled.cc:127) AMI_TS3006b_H00_MTD021PM_0198289_0198327
LOG (gmm-align-compiled[5.4.105~1-4fda]:main():gmm-align-compiled.cc:127) AMI_TS3006b_H00_MTD021PM_0205311_0205492
LOG (gmm-align-compiled[5.4.105~1-4fda]:main():gmm-align-compiled.cc:127) AMI_TS3006b_H00_MTD021PM_0207683_0207902
LOG (gmm-align-compiled[5.4.105~1-4fda]:main():gmm-align-compiled.cc:127) AMI_TS3006b_H00_MTD021PM_0212564_0212685
LOG (gmm-align-compiled[5.4.105~1-4fda]:main():gmm-align-compiled.cc:127) AMI_TS3006b_H00_MTD021PM_0216040_0216084
LOG (gmm-align-compiled[5.4.105~1-4fda]:main():gmm-align-compiled.cc:127) AMI_TS3006b_H00_MTD021PM_0220746_0220894
LOG (gmm-align-compiled[5.4.105~1-4fda]:main():gmm-align-compiled.cc:127) AMI_TS3006b_H00_MTD021PM_0226246_0226319
LOG (gmm-align-compiled[5.4.105~1-4fda]:main():gmm-align-compiled.cc:127) AMI_TS3006b_H00_MTD021PM_0228567_0228698
LOG (gmm-align-compiled[5.4.105~1-4fda]:main():gmm-align-compiled.cc:127) AMI_TS3006b_H00_MTD021PM_0231378_0231669
LOG (gmm-align-compiled[5.4.105~1-4fda]:main():gmm-align-compiled.cc:127) AMI_TS3006b_H00_MTD021PM_0234066_0234328
LOG (gmm-align-compiled[5.4.105~1-4fda]:main():gmm-align-compiled.cc:127) AMI_TS3006b_H01_MTD023UID_0007005_0007229
LOG (gmm-align-compiled[5.4.105~1-4fda]:main():gmm-align-compiled.cc:127) AMI_TS3006b_H01_MTD023UID_0012949_0012980
LOG (gmm-align-compiled[5.4.105~1-4fda]:main():gmm-align-compiled.cc:127) AMI_TS3006b_H01_MTD023UID_0020359_0020777
LOG (gmm-align-compiled[5.4.105~1-4fda]:main():gmm-align-compiled.cc:127) AMI_TS3006b_H01_MTD023UID_0042397_0042584
LOG (gmm-align-compiled[5.4.105~1-4fda]:main():gmm-align-compiled.cc:127) AMI_TS3006b_H01_MTD023UID_0054696_0054748
LOG (gmm-align-compiled[5.4.105~1-4fda]:main():gmm-align-compiled.cc:127) AMI_TS3006b_H01_MTD023UID_0056462_0056546
LOG (gmm-align-compiled[5.4.105~1-4fda]:main():gmm-align-compiled.cc:127) AMI_TS3006b_H01_MTD023UID_0058125_0058414
LOG (gmm-align-compiled[5.4.105~1-4fda]:main():gmm-align-compiled.cc:127) AMI_TS3006b_H01_MTD023UID_0061263_0061428
LOG (gmm-align-compiled[5.4.105~1-4fda]:main():gmm-align-compiled.cc:127) AMI_TS3006b_H01_MTD023UID_0065091_0065246
LOG (gmm-align-compiled[5.4.105~1-4fda]:main():gmm-align-compiled.cc:127) AMI_TS3006b_H01_MTD023UID_0066320_0066492
LOG (gmm-align-compiled[5.4.105~1-4fda]:main():gmm-align-compiled.cc:127) AMI_TS3006b_H01_MTD023UID_0072210_0072230
LOG (gmm-align-compiled[5.4.105~1-4fda]:main():gmm-align-compiled.cc:127) AMI_TS3006b_H01_MTD023UID_0100088_0100180
LOG (gmm-align-compiled[5.4.105~1-4fda]:main():gmm-align-compiled.cc:127) AMI_TS3006b_H01_MTD023UID_0107983_0108021
LOG (gmm-align-compiled[5.4.105~1-4fda]:main():gmm-align-compiled.cc:127) AMI_TS3006b_H01_MTD023UID_0122456_0122602
LOG (gmm-align-compiled[5.4.105~1-4fda]:main():gmm-align-compiled.cc:127) AMI_TS3006b_H01_MTD023UID_0134277_0134503
LOG (gmm-align-compiled[5.4.105~1-4fda]:main():gmm-align-compiled.cc:127) AMI_TS3006b_H01_MTD023UID_0140345_0140396
LOG (gmm-align-compiled[5.4.105~1-4fda]:main():gmm-align-compiled.cc:127) AMI_TS3006b_H01_MTD023UID_0154245_0154601
LOG (gmm-align-compiled[5.4.105~1-4fda]:main():gmm-align-compiled.cc:127) AMI_TS3006b_H01_MTD023UID_0184760_0185457
LOG (gmm-align-compiled[5.4.105~1-4fda]:main():gmm-align-compiled.cc:127) AMI_TS3006b_H01_MTD023UID_0194578_0195220
LOG (gmm-align-compiled[5.4.105~1-4fda]:main():gmm-align-compiled.cc:127) AMI_TS3006b_H01_MTD023UID_0201819_0202460
LOG (gmm-align-compiled[5.4.105~1-4fda]:main():gmm-align-compiled.cc:127) AMI_TS3006b_H01_MTD023UID_0205473_0205532
LOG (gmm-align-compiled[5.4.105~1-4fda]:main():gmm-align-compiled.cc:127) AMI_TS3006b_H01_MTD023UID_0208576_0208793
LOG (gmm-align-compiled[5.4.105~1-4fda]:main():gmm-align-compiled.cc:127) AMI_TS3006b_H01_MTD023UID_0217591_0217680
LOG (gmm-align-compiled[5.4.105~1-4fda]:main():gmm-align-compiled.cc:127) AMI_TS3006b_H01_MTD023UID_0223276_0223463
LOG (gmm-align-compiled[5.4.105~1-4fda]:main():gmm-align-compiled.cc:127) AMI_TS3006b_H01_MTD023UID_0226427_0226728
LOG (gmm-align-compiled[5.4.105~1-4fda]:main():gmm-align-compiled.cc:127) AMI_TS3006b_H02_MTD022ID_0006577_0006608
LOG (gmm-align-compiled[5.4.105~1-4fda]:main():gmm-align-compiled.cc:127) AMI_TS3006b_H02_MTD022ID_0009331_0009426
LOG (gmm-align-compiled[5.4.105~1-4fda]:main():gmm-align-compiled.cc:127) AMI_TS3006b_H02_MTD022ID_0014772_0014893
LOG (gmm-align-compiled[5.4.105~1-4fda]:main():gmm-align-compiled.cc:127) AMI_TS3006b_H02_MTD022ID_0017809_0017899
LOG (gmm-align-compiled[5.4.105~1-4fda]:main():gmm-align-compiled.cc:127) AMI_TS3006b_H02_MTD022ID_0020889_0020973
LOG (gmm-align-compiled[5.4.105~1-4fda]:main():gmm-align-compiled.cc:127) AMI_TS3006b_H02_MTD022ID_0032970_0033043
LOG (gmm-align-compiled[5.4.105~1-4fda]:main():gmm-align-compiled.cc:127) AMI_TS3006b_H02_MTD022ID_0053064_0053146
LOG (gmm-align-compiled[5.4.105~1-4fda]:main():gmm-align-compiled.cc:127) AMI_TS3006b_H02_MTD022ID_0069581_0069643
LOG (gmm-align-compiled[5.4.105~1-4fda]:main():gmm-align-compiled.cc:127) AMI_TS3006b_H02_MTD022ID_0076151_0076271
LOG (gmm-align-compiled[5.4.105~1-4fda]:main():gmm-align-compiled.cc:127) AMI_TS3006b_H02_MTD022ID_0079360_0079597
LOG (gmm-align-compiled[5.4.105~1-4fda]:main():gmm-align-compiled.cc:127) AMI_TS3006b_H02_MTD022ID_0083142_0083363
LOG (gmm-align-compiled[5.4.105~1-4fda]:main():gmm-align-compiled.cc:127) AMI_TS3006b_H02_MTD022ID_0086872_0088236
LOG (gmm-align-compiled[5.4.105~1-4fda]:main():gmm-align-compiled.cc:127) AMI_TS3006b_H02_MTD022ID_0091307_0091386
LOG (gmm-align-compiled[5.4.105~1-4fda]:main():gmm-align-compiled.cc:127) AMI_TS3006b_H02_MTD022ID_0105447_0105540
LOG (gmm-align-compiled[5.4.105~1-4fda]:main():gmm-align-compiled.cc:127) AMI_TS3006b_H02_MTD022ID_0125055_0125116
LOG (gmm-align-compiled[5.4.105~1-4fda]:main():gmm-align-compiled.cc:127) AMI_TS3006b_H02_MTD022ID_0140514_0141261
LOG (gmm-align-compiled[5.4.105~1-4fda]:main():gmm-align-compiled.cc:127) AMI_TS3006b_H02_MTD022ID_0145483_0145545
LOG (gmm-align-compiled[5.4.105~1-4fda]:main():gmm-align-compiled.cc:127) AMI_TS3006b_H02_MTD022ID_0150931_0151481
LOG (gmm-align-compiled[5.4.105~1-4fda]:main():gmm-align-compiled.cc:127) AMI_TS3006b_H02_MTD022ID_0158270_0158637
LOG (gmm-align-compiled[5.4.105~1-4fda]:main():gmm-align-compiled.cc:127) AMI_TS3006b_H02_MTD022ID_0176874_0176926
LOG (gmm-align-compiled[5.4.105~1-4fda]:main():gmm-align-compiled.cc:127) AMI_TS3006b_H02_MTD022ID_0179171_0179444
LOG (gmm-align-compiled[5.4.105~1-4fda]:main():gmm-align-compiled.cc:127) AMI_TS3006b_H02_MTD022ID_0190004_0190713
LOG (gmm-align-compiled[5.4.105~1-4fda]:main():gmm-align-compiled.cc:127) AMI_TS3006b_H02_MTD022ID_0193578_0193837
LOG (gmm-align-compiled[5.4.105~1-4fda]:main():gmm-align-compiled.cc:127) AMI_TS3006b_H02_MTD022ID_0206156_0206233
LOG (gmm-align-compiled[5.4.105~1-4fda]:main():gmm-align-compiled.cc:127) AMI_TS3006b_H02_MTD022ID_0214467_0214540
LOG (gmm-align-compiled[5.4.105~1-4fda]:main():gmm-align-compiled.cc:127) AMI_TS3006b_H02_MTD022ID_0222438_0222589
LOG (gmm-align-compiled[5.4.105~1-4fda]:main():gmm-align-compiled.cc:127) AMI_TS3006b_H02_MTD022ID_0232425_0232481
LOG (gmm-align-compiled[5.4.105~1-4fda]:main():gmm-align-compiled.cc:127) AMI_TS3006b_H03_MTD024ME_0003937_0004155
LOG (gmm-align-compiled[5.4.105~1-4fda]:main():gmm-align-compiled.cc:127) AMI_TS3006b_H03_MTD024ME_0007670_0007752
LOG (gmm-align-compiled[5.4.105~1-4fda]:main():gmm-align-compiled.cc:127) AMI_TS3006b_H03_MTD024ME_0014608_0014779
LOG (gmm-align-compiled[5.4.105~1-4fda]:main():gmm-align-compiled.cc:127) AMI_TS3006b_H03_MTD024ME_0025348_0025436
LOG (gmm-align-compiled[5.4.105~1-4fda]:main():gmm-align-compiled.cc:127) AMI_TS3006b_H03_MTD024ME_0027731_0028214
LOG (gmm-align-compiled[5.4.105~1-4fda]:main():gmm-align-compiled.cc:127) AMI_TS3006b_H03_MTD024ME_0031783_0032177
LOG (gmm-align-compiled[5.4.105~1-4fda]:main():gmm-align-compiled.cc:127) AMI_TS3006b_H03_MTD024ME_0034197_0034910
LOG (gmm-align-compiled[5.4.105~1-4fda]:main():gmm-align-compiled.cc:127) AMI_TS3006b_H03_MTD024ME_0038236_0038521
LOG (gmm-align-compiled[5.4.105~1-4fda]:main():gmm-align-compiled.cc:127) AMI_TS3006b_H03_MTD024ME_0040717_0040859
LOG (gmm-align-compiled[5.4.105~1-4fda]:main():gmm-align-compiled.cc:127) AMI_TS3006b_H03_MTD024ME_0044204_0044569
LOG (gmm-align-compiled[5.4.105~1-4fda]:main():gmm-align-compiled.cc:127) AMI_TS3006b_H03_MTD024ME_0047728_0047998
LOG (gmm-align-compiled[5.4.105~1-4fda]:main():gmm-align-compiled.cc:127) AMI_TS3006b_H03_MTD024ME_0051795_0052071
LOG (gmm-align-compiled[5.4.105~1-4fda]:main():gmm-align-compiled.cc:127) AMI_TS3006b_H03_MTD024ME_0057929_0058004
LOG (gmm-align-compiled[5.4.105~1-4fda]:main():gmm-align-compiled.cc:127) AMI_TS3006b_H03_MTD024ME_0063586_0063647
LOG (gmm-align-compiled[5.4.105~1-4fda]:main():gmm-align-compiled.cc:127) AMI_TS3006b_H03_MTD024ME_0067687_0068452
LOG (gmm-align-compiled[5.4.105~1-4fda]:main():gmm-align-compiled.cc:127) AMI_TS3006b_H03_MTD024ME_0074427_0074485
LOG (gmm-align-compiled[5.4.105~1-4fda]:main():gmm-align-compiled.cc:127) AMI_TS3006b_H03_MTD024ME_0085840_0085873
LOG (gmm-align-compiled[5.4.105~1-4fda]:main():gmm-align-compiled.cc:127) AMI_TS3006b_H03_MTD024ME_0096992_0097371
LOG (gmm-align-compiled[5.4.105~1-4fda]:main():gmm-align-compiled.cc:127) AMI_TS3006b_H03_MTD024ME_0108957_0109218
LOG (gmm-align-compiled[5.4.105~1-4fda]:main():gmm-align-compiled.cc:127) AMI_TS3006b_H03_MTD024ME_0112161_0112502
LOG (gmm-align-compiled[5.4.105~1-4fda]:main():gmm-align-compiled.cc:127) AMI_TS3006b_H03_MTD024ME_0116380_0117004
LOG (gmm-align-compiled[5.4.105~1-4fda]:main():gmm-align-compiled.cc:127) AMI_TS3006b_H03_MTD024ME_0119357_0119588
LOG (gmm-align-compiled[5.4.105~1-4fda]:main():gmm-align-compiled.cc:127) AMI_TS3006b_H03_MTD024ME_0123388_0123994
LOG (gmm-align-compiled[5.4.105~1-4fda]:main():gmm-align-compiled.cc:127) AMI_TS3006b_H03_MTD024ME_0127158_0127483
LOG (gmm-align-compiled[5.4.105~1-4fda]:main():gmm-align-compiled.cc:127) AMI_TS3006b_H03_MTD024ME_0130420_0130495
LOG (gmm-align-compiled[5.4.105~1-4fda]:main():gmm-align-compiled.cc:127) AMI_TS3006b_H03_MTD024ME_0137959_0138327
LOG (gmm-align-compiled[5.4.105~1-4fda]:main():gmm-align-compiled.cc:127) AMI_TS3006b_H03_MTD024ME_0140342_0140412
LOG (gmm-align-compiled[5.4.105~1-4fda]:main():gmm-align-compiled.cc:127) AMI_TS3006b_H03_MTD024ME_0143596_0143642
LOG (gmm-align-compiled[5.4.105~1-4fda]:main():gmm-align-compiled.cc:127) AMI_TS3006b_H03_MTD024ME_0145696_0145820
LOG (gmm-align-compiled[5.4.105~1-4fda]:main():gmm-align-compiled.cc:127) AMI_TS3006b_H03_MTD024ME_0148049_0148125
LOG (gmm-align-compiled[5.4.105~1-4fda]:main():gmm-align-compiled.cc:127) AMI_TS3006b_H03_MTD024ME_0150153_0150544
LOG (gmm-align-compiled[5.4.105~1-4fda]:main():gmm-align-compiled.cc:127) AMI_TS3006b_H03_MTD024ME_0153997_0154161
LOG (gmm-align-compiled[5.4.105~1-4fda]:main():gmm-align-compiled.cc:127) AMI_TS3006b_H03_MTD024ME_0162842_0163235
LOG (gmm-align-compiled[5.4.105~1-4fda]:main():gmm-align-compiled.cc:127) AMI_TS3006b_H03_MTD024ME_0166014_0166529
LOG (gmm-align-compiled[5.4.105~1-4fda]:main():gmm-align-compiled.cc:127) AMI_TS3006b_H03_MTD024ME_0170205_0170493
LOG (gmm-align-compiled[5.4.105~1-4fda]:main():gmm-align-compiled.cc:127) AMI_TS3006b_H03_MTD024ME_0173270_0173377
LOG (gmm-align-compiled[5.4.105~1-4fda]:main():gmm-align-compiled.cc:127) AMI_TS3006b_H03_MTD024ME_0179284_0179866
LOG (gmm-align-compiled[5.4.105~1-4fda]:main():gmm-align-compiled.cc:127) AMI_TS3006b_H03_MTD024ME_0181343_0181429
LOG (gmm-align-compiled[5.4.105~1-4fda]:main():gmm-align-compiled.cc:127) AMI_TS3006b_H03_MTD024ME_0186080_0186138
LOG (gmm-align-compiled[5.4.105~1-4fda]:main():gmm-align-compiled.cc:127) AMI_TS3006b_H03_MTD024ME_0194830_0194880
LOG (gmm-align-compiled[5.4.105~1-4fda]:main():gmm-align-compiled.cc:127) AMI_TS3006b_H03_MTD024ME_0197134_0197290
LOG (gmm-align-compiled[5.4.105~1-4fda]:main():gmm-align-compiled.cc:127) AMI_TS3006b_H03_MTD024ME_0202317_0202419
LOG (gmm-align-compiled[5.4.105~1-4fda]:main():gmm-align-compiled.cc:127) AMI_TS3006b_H03_MTD024ME_0205148_0205492
LOG (gmm-align-compiled[5.4.105~1-4fda]:main():gmm-align-compiled.cc:127) AMI_TS3006b_H03_MTD024ME_0208726_0208823
LOG (gmm-align-compiled[5.4.105~1-4fda]:main():gmm-align-compiled.cc:127) AMI_TS3006b_H03_MTD024ME_0212894_0213391
LOG (gmm-align-compiled[5.4.105~1-4fda]:main():gmm-align-compiled.cc:127) AMI_TS3006b_H03_MTD024ME_0214986_0215223
LOG (gmm-align-compiled[5.4.105~1-4fda]:main():gmm-align-compiled.cc:127) AMI_TS3006b_H03_MTD024ME_0219189_0219271
LOG (gmm-align-compiled[5.4.105~1-4fda]:main():gmm-align-compiled.cc:127) AMI_TS3006b_H03_MTD024ME_0227321_0227564
LOG (gmm-align-compiled[5.4.105~1-4fda]:main():gmm-align-compiled.cc:127) AMI_TS3006b_H03_MTD024ME_0232159_0232266
LOG (gmm-align-compiled[5.4.105~1-4fda]:main():gmm-align-compiled.cc:127) AMI_TS3006c_H00_MTD021PM_0013874_0013968
LOG (gmm-align-compiled[5.4.105~1-4fda]:main():gmm-align-compiled.cc:127) AMI_TS3006c_H00_MTD021PM_0017883_0018045
LOG (gmm-align-compiled[5.4.105~1-4fda]:main():gmm-align-compiled.cc:127) AMI_TS3006c_H00_MTD021PM_0032768_0032792
LOG (gmm-align-compiled[5.4.105~1-4fda]:main():gmm-align-compiled.cc:127) AMI_TS3006c_H00_MTD021PM_0039689_0039811
LOG (gmm-align-compiled[5.4.105~1-4fda]:main():gmm-align-compiled.cc:127) AMI_TS3006c_H00_MTD021PM_0065107_0065446
LOG (gmm-align-compiled[5.4.105~1-4fda]:main():gmm-align-compiled.cc:127) AMI_TS3006c_H00_MTD021PM_0070611_0070651
LOG (gmm-align-compiled[5.4.105~1-4fda]:main():gmm-align-compiled.cc:127) AMI_TS3006c_H00_MTD021PM_0074497_0074533
LOG (gmm-align-compiled[5.4.105~1-4fda]:main():gmm-align-compiled.cc:127) AMI_TS3006c_H00_MTD021PM_0082234_0082614
LOG (gmm-align-compiled[5.4.105~1-4fda]:main():gmm-align-compiled.cc:127) AMI_TS3006c_H00_MTD021PM_0089531_0090030
LOG (gmm-align-compiled[5.4.105~1-4fda]:main():gmm-align-compiled.cc:127) AMI_TS3006c_H00_MTD021PM_0092098_0092279
WARNING (gmm-align-compiled[5.4.105~1-4fda]:AlignUtteranceWrapper():decoder-wrappers.cc:468) Retrying utterance AMI_TS3006c_H00_MTD021PM_0092098_0092279 with beam 40
LOG (gmm-align-compiled[5.4.105~1-4fda]:main():gmm-align-compiled.cc:127) AMI_TS3006c_H00_MTD021PM_0095176_0095225
LOG (gmm-align-compiled[5.4.105~1-4fda]:main():gmm-align-compiled.cc:127) AMI_TS3006c_H00_MTD021PM_0097417_0097536
LOG (gmm-align-compiled[5.4.105~1-4fda]:main():gmm-align-compiled.cc:127) AMI_TS3006c_H00_MTD021PM_0100722_0101332
LOG (gmm-align-compiled[5.4.105~1-4fda]:main():gmm-align-compiled.cc:127) AMI_TS3006c_H00_MTD021PM_0108495_0108529
LOG (gmm-align-compiled[5.4.105~1-4fda]:main():gmm-align-compiled.cc:127) AMI_TS3006c_H00_MTD021PM_0114632_0114830
LOG (gmm-align-compiled[5.4.105~1-4fda]:main():gmm-align-compiled.cc:127) AMI_TS3006c_H00_MTD021PM_0117177_0117505
LOG (gmm-align-compiled[5.4.105~1-4fda]:main():gmm-align-compiled.cc:127) AMI_TS3006c_H00_MTD021PM_0119699_0119826
LOG (gmm-align-compiled[5.4.105~1-4fda]:main():gmm-align-compiled.cc:127) AMI_TS3006c_H00_MTD021PM_0125549_0125623
LOG (gmm-align-compiled[5.4.105~1-4fda]:main():gmm-align-compiled.cc:127) AMI_TS3006c_H00_MTD021PM_0128356_0128530
LOG (gmm-align-compiled[5.4.105~1-4fda]:main():gmm-align-compiled.cc:127) AMI_TS3006c_H00_MTD021PM_0136954_0137131
LOG (gmm-align-compiled[5.4.105~1-4fda]:main():gmm-align-compiled.cc:127) AMI_TS3006c_H00_MTD021PM_0140508_0140549
LOG (gmm-align-compiled[5.4.105~1-4fda]:main():gmm-align-compiled.cc:127) AMI_TS3006c_H00_MTD021PM_0145024_0145063
LOG (gmm-align-compiled[5.4.105~1-4fda]:main():gmm-align-compiled.cc:127) AMI_TS3006c_H00_MTD021PM_0149574_0149677
LOG (gmm-align-compiled[5.4.105~1-4fda]:main():gmm-align-compiled.cc:127) AMI_TS3006c_H00_MTD021PM_0154734_0154768
LOG (gmm-align-compiled[5.4.105~1-4fda]:main():gmm-align-compiled.cc:127) AMI_TS3006c_H00_MTD021PM_0157275_0157483
LOG (gmm-align-compiled[5.4.105~1-4fda]:main():gmm-align-compiled.cc:127) AMI_TS3006c_H00_MTD021PM_0163965_0164492
LOG (gmm-align-compiled[5.4.105~1-4fda]:main():gmm-align-compiled.cc:127) AMI_TS3006c_H00_MTD021PM_0170196_0170551
LOG (gmm-align-compiled[5.4.105~1-4fda]:main():gmm-align-compiled.cc:127) AMI_TS3006c_H00_MTD021PM_0175901_0175967
LOG (gmm-align-compiled[5.4.105~1-4fda]:main():gmm-align-compiled.cc:127) AMI_TS3006c_H00_MTD021PM_0185030_0185069
LOG (gmm-align-compiled[5.4.105~1-4fda]:main():gmm-align-compiled.cc:127) AMI_TS3006c_H00_MTD021PM_0188842_0188970
LOG (gmm-align-compiled[5.4.105~1-4fda]:main():gmm-align-compiled.cc:127) AMI_TS3006c_H00_MTD021PM_0194431_0194735
LOG (gmm-align-compiled[5.4.105~1-4fda]:main():gmm-align-compiled.cc:127) AMI_TS3006c_H00_MTD021PM_0196574_0196607
LOG (gmm-align-compiled[5.4.105~1-4fda]:main():gmm-align-compiled.cc:127) AMI_TS3006c_H00_MTD021PM_0200262_0200557
LOG (gmm-align-compiled[5.4.105~1-4fda]:main():gmm-align-compiled.cc:127) AMI_TS3006c_H00_MTD021PM_0202647_0202704
LOG (gmm-align-compiled[5.4.105~1-4fda]:main():gmm-align-compiled.cc:127) AMI_TS3006c_H00_MTD021PM_0204471_0204564
LOG (gmm-align-compiled[5.4.105~1-4fda]:main():gmm-align-compiled.cc:127) AMI_TS3006c_H00_MTD021PM_0209541_0209612
LOG (gmm-align-compiled[5.4.105~1-4fda]:main():gmm-align-compiled.cc:127) AMI_TS3006c_H00_MTD021PM_0214442_0214515
LOG (gmm-align-compiled[5.4.105~1-4fda]:main():gmm-align-compiled.cc:127) AMI_TS3006c_H00_MTD021PM_0219490_0219627
LOG (gmm-align-compiled[5.4.105~1-4fda]:main():gmm-align-compiled.cc:127) AMI_TS3006c_H00_MTD021PM_0222980_0223267
LOG (gmm-align-compiled[5.4.105~1-4fda]:main():gmm-align-compiled.cc:127) AMI_TS3006c_H00_MTD021PM_0247100_0247159
LOG (gmm-align-compiled[5.4.105~1-4fda]:main():gmm-align-compiled.cc:127) AMI_TS3006c_H00_MTD021PM_0249337_0249498
LOG (gmm-align-compiled[5.4.105~1-4fda]:main():gmm-align-compiled.cc:127) AMI_TS3006c_H00_MTD021PM_0251746_0251930
LOG (gmm-align-compiled[5.4.105~1-4fda]:main():gmm-align-compiled.cc:127) AMI_TS3006c_H01_MTD023UID_0036591_0036634
LOG (gmm-align-compiled[5.4.105~1-4fda]:main():gmm-align-compiled.cc:127) AMI_TS3006c_H01_MTD023UID_0039284_0039306
LOG (gmm-align-compiled[5.4.105~1-4fda]:main():gmm-align-compiled.cc:127) AMI_TS3006c_H01_MTD023UID_0063333_0063592
LOG (gmm-align-compiled[5.4.105~1-4fda]:main():gmm-align-compiled.cc:127) AMI_TS3006c_H01_MTD023UID_0070444_0070643
LOG (gmm-align-compiled[5.4.105~1-4fda]:main():gmm-align-compiled.cc:127) AMI_TS3006c_H01_MTD023UID_0073762_0074372
LOG (gmm-align-compiled[5.4.105~1-4fda]:main():gmm-align-compiled.cc:127) AMI_TS3006c_H01_MTD023UID_0076695_0076886
LOG (gmm-align-compiled[5.4.105~1-4fda]:main():gmm-align-compiled.cc:127) AMI_TS3006c_H01_MTD023UID_0081003_0081067
LOG (gmm-align-compiled[5.4.105~1-4fda]:main():gmm-align-compiled.cc:127) AMI_TS3006c_H01_MTD023UID_0082664_0082935
LOG (gmm-align-compiled[5.4.105~1-4fda]:main():gmm-align-compiled.cc:127) AMI_TS3006c_H01_MTD023UID_0086051_0086942
LOG (gmm-align-compiled[5.4.105~1-4fda]:main():gmm-align-compiled.cc:127) AMI_TS3006c_H01_MTD023UID_0102151_0102547
LOG (gmm-align-compiled[5.4.105~1-4fda]:main():gmm-align-compiled.cc:127) AMI_TS3006c_H01_MTD023UID_0108276_0108341
LOG (gmm-align-compiled[5.4.105~1-4fda]:main():gmm-align-compiled.cc:127) AMI_TS3006c_H01_MTD023UID_0112499_0112532
LOG (gmm-align-compiled[5.4.105~1-4fda]:main():gmm-align-compiled.cc:127) AMI_TS3006c_H01_MTD023UID_0124192_0124216
LOG (gmm-align-compiled[5.4.105~1-4fda]:main():gmm-align-compiled.cc:127) AMI_TS3006c_H01_MTD023UID_0138145_0138260
LOG (gmm-align-compiled[5.4.105~1-4fda]:main():gmm-align-compiled.cc:127) AMI_TS3006c_H01_MTD023UID_0149916_0150795
LOG (gmm-align-compiled[5.4.105~1-4fda]:main():gmm-align-compiled.cc:127) AMI_TS3006c_H01_MTD023UID_0161676_0162290
LOG (gmm-align-compiled[5.4.105~1-4fda]:main():gmm-align-compiled.cc:127) AMI_TS3006c_H01_MTD023UID_0170722_0170802
LOG (gmm-align-compiled[5.4.105~1-4fda]:main():gmm-align-compiled.cc:127) AMI_TS3006c_H01_MTD023UID_0174734_0174829
LOG (gmm-align-compiled[5.4.105~1-4fda]:main():gmm-align-compiled.cc:127) AMI_TS3006c_H01_MTD023UID_0179055_0179149
LOG (gmm-align-compiled[5.4.105~1-4fda]:main():gmm-align-compiled.cc:127) AMI_TS3006c_H01_MTD023UID_0185098_0185164
LOG (gmm-align-compiled[5.4.105~1-4fda]:main():gmm-align-compiled.cc:127) AMI_TS3006c_H01_MTD023UID_0190933_0190988
LOG (gmm-align-compiled[5.4.105~1-4fda]:main():gmm-align-compiled.cc:127) AMI_TS3006c_H01_MTD023UID_0194795_0194836
LOG (gmm-align-compiled[5.4.105~1-4fda]:main():gmm-align-compiled.cc:127) AMI_TS3006c_H01_MTD023UID_0207692_0208065
LOG (gmm-align-compiled[5.4.105~1-4fda]:main():gmm-align-compiled.cc:127) AMI_TS3006c_H01_MTD023UID_0213215_0213242
LOG (gmm-align-compiled[5.4.105~1-4fda]:main():gmm-align-compiled.cc:127) AMI_TS3006c_H01_MTD023UID_0221554_0221809
LOG (gmm-align-compiled[5.4.105~1-4fda]:main():gmm-align-compiled.cc:127) AMI_TS3006c_H01_MTD023UID_0225910_0225927
LOG (gmm-align-compiled[5.4.105~1-4fda]:main():gmm-align-compiled.cc:127) AMI_TS3006c_H01_MTD023UID_0232917_0232998
LOG (gmm-align-compiled[5.4.105~1-4fda]:main():gmm-align-compiled.cc:127) AMI_TS3006c_H01_MTD023UID_0237948_0238248
LOG (gmm-align-compiled[5.4.105~1-4fda]:main():gmm-align-compiled.cc:127) AMI_TS3006c_H01_MTD023UID_0241569_0241642
LOG (gmm-align-compiled[5.4.105~1-4fda]:main():gmm-align-compiled.cc:127) AMI_TS3006c_H01_MTD023UID_0246409_0246497
LOG (gmm-align-compiled[5.4.105~1-4fda]:main():gmm-align-compiled.cc:127) AMI_TS3006c_H01_MTD023UID_0253263_0253302
LOG (gmm-align-compiled[5.4.105~1-4fda]:main():gmm-align-compiled.cc:127) AMI_TS3006c_H01_MTD023UID_0255706_0255834
LOG (gmm-align-compiled[5.4.105~1-4fda]:main():gmm-align-compiled.cc:127) AMI_TS3006c_H02_MTD022ID_0010292_0010369
LOG (gmm-align-compiled[5.4.105~1-4fda]:main():gmm-align-compiled.cc:127) AMI_TS3006c_H02_MTD022ID_0016204_0016788
LOG (gmm-align-compiled[5.4.105~1-4fda]:main():gmm-align-compiled.cc:127) AMI_TS3006c_H02_MTD022ID_0035365_0035429
LOG (gmm-align-compiled[5.4.105~1-4fda]:main():gmm-align-compiled.cc:127) AMI_TS3006c_H02_MTD022ID_0039898_0039970
LOG (gmm-align-compiled[5.4.105~1-4fda]:main():gmm-align-compiled.cc:127) AMI_TS3006c_H02_MTD022ID_0042884_0043297
LOG (gmm-align-compiled[5.4.105~1-4fda]:main():gmm-align-compiled.cc:127) AMI_TS3006c_H02_MTD022ID_0047351_0047895
LOG (gmm-align-compiled[5.4.105~1-4fda]:main():gmm-align-compiled.cc:127) AMI_TS3006c_H02_MTD022ID_0050349_0050545
LOG (gmm-align-compiled[5.4.105~1-4fda]:main():gmm-align-compiled.cc:127) AMI_TS3006c_H02_MTD022ID_0053407_0053575
LOG (gmm-align-compiled[5.4.105~1-4fda]:main():gmm-align-compiled.cc:127) AMI_TS3006c_H02_MTD022ID_0056790_0057417
LOG (gmm-align-compiled[5.4.105~1-4fda]:main():gmm-align-compiled.cc:127) AMI_TS3006c_H02_MTD022ID_0060504_0060622
LOG (gmm-align-compiled[5.4.105~1-4fda]:main():gmm-align-compiled.cc:127) AMI_TS3006c_H02_MTD022ID_0064592_0065105
LOG (gmm-align-compiled[5.4.105~1-4fda]:main():gmm-align-compiled.cc:127) AMI_TS3006c_H02_MTD022ID_0068079_0068335
LOG (gmm-align-compiled[5.4.105~1-4fda]:main():gmm-align-compiled.cc:127) AMI_TS3006c_H02_MTD022ID_0092000_0092066
LOG (gmm-align-compiled[5.4.105~1-4fda]:main():gmm-align-compiled.cc:127) AMI_TS3006c_H02_MTD022ID_0099631_0099689
LOG (gmm-align-compiled[5.4.105~1-4fda]:main():gmm-align-compiled.cc:127) AMI_TS3006c_H02_MTD022ID_0103304_0103388
LOG (gmm-align-compiled[5.4.105~1-4fda]:main():gmm-align-compiled.cc:127) AMI_TS3006c_H02_MTD022ID_0106248_0106672
LOG (gmm-align-compiled[5.4.105~1-4fda]:main():gmm-align-compiled.cc:127) AMI_TS3006c_H02_MTD022ID_0109669_0110149
LOG (gmm-align-compiled[5.4.105~1-4fda]:main():gmm-align-compiled.cc:127) AMI_TS3006c_H02_MTD022ID_0115688_0115892
LOG (gmm-align-compiled[5.4.105~1-4fda]:main():gmm-align-compiled.cc:127) AMI_TS3006c_H02_MTD022ID_0119190_0119283
LOG (gmm-align-compiled[5.4.105~1-4fda]:main():gmm-align-compiled.cc:127) AMI_TS3006c_H02_MTD022ID_0121911_0122125
LOG (gmm-align-compiled[5.4.105~1-4fda]:main():gmm-align-compiled.cc:127) AMI_TS3006c_H02_MTD022ID_0132311_0132341
LOG (gmm-align-compiled[5.4.105~1-4fda]:main():gmm-align-compiled.cc:127) AMI_TS3006c_H02_MTD022ID_0135637_0135796
LOG (gmm-align-compiled[5.4.105~1-4fda]:main():gmm-align-compiled.cc:127) AMI_TS3006c_H02_MTD022ID_0140737_0140972
LOG (gmm-align-compiled[5.4.105~1-4fda]:main():gmm-align-compiled.cc:127) AMI_TS3006c_H02_MTD022ID_0143609_0143658
LOG (gmm-align-compiled[5.4.105~1-4fda]:main():gmm-align-compiled.cc:127) AMI_TS3006c_H02_MTD022ID_0146573_0146790
LOG (gmm-align-compiled[5.4.105~1-4fda]:main():gmm-align-compiled.cc:127) AMI_TS3006c_H02_MTD022ID_0148717_0149122
LOG (gmm-align-compiled[5.4.105~1-4fda]:main():gmm-align-compiled.cc:127) AMI_TS3006c_H02_MTD022ID_0152197_0152316
LOG (gmm-align-compiled[5.4.105~1-4fda]:main():gmm-align-compiled.cc:127) AMI_TS3006c_H02_MTD022ID_0159479_0159577
LOG (gmm-align-compiled[5.4.105~1-4fda]:main():gmm-align-compiled.cc:127) AMI_TS3006c_H02_MTD022ID_0168833_0169886
LOG (gmm-align-compiled[5.4.105~1-4fda]:main():gmm-align-compiled.cc:127) AMI_TS3006c_H02_MTD022ID_0177414_0177738
LOG (gmm-align-compiled[5.4.105~1-4fda]:main():gmm-align-compiled.cc:127) AMI_TS3006c_H02_MTD022ID_0184930_0185022
LOG (gmm-align-compiled[5.4.105~1-4fda]:main():gmm-align-compiled.cc:127) AMI_TS3006c_H02_MTD022ID_0190358_0190891
LOG (gmm-align-compiled[5.4.105~1-4fda]:main():gmm-align-compiled.cc:127) AMI_TS3006c_H02_MTD022ID_0198141_0198581
LOG (gmm-align-compiled[5.4.105~1-4fda]:main():gmm-align-compiled.cc:127) AMI_TS3006c_H02_MTD022ID_0206998_0207105
LOG (gmm-align-compiled[5.4.105~1-4fda]:main():gmm-align-compiled.cc:127) AMI_TS3006c_H02_MTD022ID_0209561_0209750
LOG (gmm-align-compiled[5.4.105~1-4fda]:main():gmm-align-compiled.cc:127) AMI_TS3006c_H02_MTD022ID_0212530_0212654
LOG (gmm-align-compiled[5.4.105~1-4fda]:main():gmm-align-compiled.cc:127) AMI_TS3006c_H02_MTD022ID_0214952_0215537
LOG (gmm-align-compiled[5.4.105~1-4fda]:main():gmm-align-compiled.cc:127) AMI_TS3006c_H02_MTD022ID_0221237_0221267
LOG (gmm-align-compiled[5.4.105~1-4fda]:main():gmm-align-compiled.cc:127) AMI_TS3006c_H02_MTD022ID_0224810_0225473
LOG (gmm-align-compiled[5.4.105~1-4fda]:main():gmm-align-compiled.cc:127) AMI_TS3006c_H02_MTD022ID_0226946_0227073
LOG (gmm-align-compiled[5.4.105~1-4fda]:main():gmm-align-compiled.cc:127) AMI_TS3006c_H02_MTD022ID_0230781_0231019
LOG (gmm-align-compiled[5.4.105~1-4fda]:main():gmm-align-compiled.cc:127) AMI_TS3006c_H02_MTD022ID_0233759_0234030
LOG (gmm-align-compiled[5.4.105~1-4fda]:main():gmm-align-compiled.cc:127) AMI_TS3006c_H02_MTD022ID_0241434_0241858
LOG (gmm-align-compiled[5.4.105~1-4fda]:main():gmm-align-compiled.cc:127) AMI_TS3006c_H02_MTD022ID_0247513_0247586
LOG (gmm-align-compiled[5.4.105~1-4fda]:main():gmm-align-compiled.cc:127) AMI_TS3006c_H02_MTD022ID_0250903_0251004
LOG (gmm-align-compiled[5.4.105~1-4fda]:main():gmm-align-compiled.cc:127) AMI_TS3006c_H02_MTD022ID_0252823_0252919
LOG (gmm-align-compiled[5.4.105~1-4fda]:main():gmm-align-compiled.cc:127) AMI_TS3006c_H02_MTD022ID_0256441_0257057
LOG (gmm-align-compiled[5.4.105~1-4fda]:main():gmm-align-compiled.cc:127) AMI_TS3006c_H03_MTD024ME_0009286_0009325
LOG (gmm-align-compiled[5.4.105~1-4fda]:main():gmm-align-compiled.cc:127) AMI_TS3006c_H03_MTD024ME_0013599_0013946
LOG (gmm-align-compiled[5.4.105~1-4fda]:main():gmm-align-compiled.cc:127) AMI_TS3006c_H03_MTD024ME_0022343_0022689
LOG (gmm-align-compiled[5.4.105~1-4fda]:main():gmm-align-compiled.cc:127) AMI_TS3006c_H03_MTD024ME_0025509_0025823
LOG (gmm-align-compiled[5.4.105~1-4fda]:main():gmm-align-compiled.cc:127) AMI_TS3006c_H03_MTD024ME_0028774_0029576
LOG (gmm-align-compiled[5.4.105~1-4fda]:main():gmm-align-compiled.cc:127) AMI_TS3006c_H03_MTD024ME_0033067_0033577
LOG (gmm-align-compiled[5.4.105~1-4fda]:main():gmm-align-compiled.cc:127) AMI_TS3006c_H03_MTD024ME_0036650_0036787
LOG (gmm-align-compiled[5.4.105~1-4fda]:main():gmm-align-compiled.cc:127) AMI_TS3006c_H03_MTD024ME_0039631_0039685
LOG (gmm-align-compiled[5.4.105~1-4fda]:main():gmm-align-compiled.cc:127) AMI_TS3006c_H03_MTD024ME_0058484_0058552
LOG (gmm-align-compiled[5.4.105~1-4fda]:main():gmm-align-compiled.cc:127) AMI_TS3006c_H03_MTD024ME_0073601_0073720
LOG (gmm-align-compiled[5.4.105~1-4fda]:main():gmm-align-compiled.cc:127) AMI_TS3006c_H03_MTD024ME_0093836_0093882
LOG (gmm-align-compiled[5.4.105~1-4fda]:main():gmm-align-compiled.cc:127) AMI_TS3006c_H03_MTD024ME_0099678_0099906
LOG (gmm-align-compiled[5.4.105~1-4fda]:main():gmm-align-compiled.cc:127) AMI_TS3006c_H03_MTD024ME_0102344_0102445
LOG (gmm-align-compiled[5.4.105~1-4fda]:main():gmm-align-compiled.cc:127) AMI_TS3006c_H03_MTD024ME_0114014_0114057
LOG (gmm-align-compiled[5.4.105~1-4fda]:main():gmm-align-compiled.cc:127) AMI_TS3006c_H03_MTD024ME_0116811_0116915
LOG (gmm-align-compiled[5.4.105~1-4fda]:main():gmm-align-compiled.cc:127) AMI_TS3006c_H03_MTD024ME_0121863_0121919
LOG (gmm-align-compiled[5.4.105~1-4fda]:main():gmm-align-compiled.cc:127) AMI_TS3006c_H03_MTD024ME_0128376_0128658
LOG (gmm-align-compiled[5.4.105~1-4fda]:main():gmm-align-compiled.cc:127) AMI_TS3006c_H03_MTD024ME_0131975_0132009
LOG (gmm-align-compiled[5.4.105~1-4fda]:main():gmm-align-compiled.cc:127) AMI_TS3006c_H03_MTD024ME_0136861_0137046
LOG (gmm-align-compiled[5.4.105~1-4fda]:main():gmm-align-compiled.cc:127) AMI_TS3006c_H03_MTD024ME_0140975_0141095
LOG (gmm-align-compiled[5.4.105~1-4fda]:main():gmm-align-compiled.cc:127) AMI_TS3006c_H03_MTD024ME_0144148_0144189
LOG (gmm-align-compiled[5.4.105~1-4fda]:main():gmm-align-compiled.cc:127) AMI_TS3006c_H03_MTD024ME_0151252_0151389
LOG (gmm-align-compiled[5.4.105~1-4fda]:main():gmm-align-compiled.cc:127) AMI_TS3006c_H03_MTD024ME_0154703_0154864
LOG (gmm-align-compiled[5.4.105~1-4fda]:main():gmm-align-compiled.cc:127) AMI_TS3006c_H03_MTD024ME_0156496_0156687
LOG (gmm-align-compiled[5.4.105~1-4fda]:main():gmm-align-compiled.cc:127) AMI_TS3006c_H03_MTD024ME_0163449_0163483
LOG (gmm-align-compiled[5.4.105~1-4fda]:main():gmm-align-compiled.cc:127) AMI_TS3006c_H03_MTD024ME_0165191_0165359
LOG (gmm-align-compiled[5.4.105~1-4fda]:main():gmm-align-compiled.cc:127) AMI_TS3006c_H03_MTD024ME_0167237_0167459
LOG (gmm-align-compiled[5.4.105~1-4fda]:main():gmm-align-compiled.cc:127) AMI_TS3006c_H03_MTD024ME_0172308_0172399
LOG (gmm-align-compiled[5.4.105~1-4fda]:main():gmm-align-compiled.cc:127) AMI_TS3006c_H03_MTD024ME_0176236_0176361
LOG (gmm-align-compiled[5.4.105~1-4fda]:main():gmm-align-compiled.cc:127) AMI_TS3006c_H03_MTD024ME_0178140_0178429
LOG (gmm-align-compiled[5.4.105~1-4fda]:main():gmm-align-compiled.cc:127) AMI_TS3006c_H03_MTD024ME_0182708_0182784
LOG (gmm-align-compiled[5.4.105~1-4fda]:main():gmm-align-compiled.cc:127) AMI_TS3006c_H03_MTD024ME_0187656_0187895
LOG (gmm-align-compiled[5.4.105~1-4fda]:main():gmm-align-compiled.cc:127) AMI_TS3006c_H03_MTD024ME_0190321_0190364
LOG (gmm-align-compiled[5.4.105~1-4fda]:main():gmm-align-compiled.cc:127) AMI_TS3006c_H03_MTD024ME_0195999_0196155
LOG (gmm-align-compiled[5.4.105~1-4fda]:main():gmm-align-compiled.cc:127) AMI_TS3006c_H03_MTD024ME_0201912_0202060
LOG (gmm-align-compiled[5.4.105~1-4fda]:main():gmm-align-compiled.cc:127) AMI_TS3006c_H03_MTD024ME_0205717_0205916
LOG (gmm-align-compiled[5.4.105~1-4fda]:main():gmm-align-compiled.cc:127) AMI_TS3006c_H03_MTD024ME_0210319_0210473
LOG (gmm-align-compiled[5.4.105~1-4fda]:main():gmm-align-compiled.cc:127) AMI_TS3006c_H03_MTD024ME_0215482_0215607
LOG (gmm-align-compiled[5.4.105~1-4fda]:main():gmm-align-compiled.cc:127) AMI_TS3006c_H03_MTD024ME_0232117_0232192
LOG (gmm-align-compiled[5.4.105~1-4fda]:main():gmm-align-compiled.cc:127) AMI_TS3006c_H03_MTD024ME_0237492_0238042
LOG (gmm-align-compiled[5.4.105~1-4fda]:main():gmm-align-compiled.cc:127) AMI_TS3006c_H03_MTD024ME_0243167_0243621
LOG (gmm-align-compiled[5.4.105~1-4fda]:main():gmm-align-compiled.cc:127) AMI_TS3006c_H03_MTD024ME_0245669_0246028
LOG (gmm-align-compiled[5.4.105~1-4fda]:main():gmm-align-compiled.cc:127) AMI_TS3006c_H03_MTD024ME_0250444_0250471
LOG (gmm-align-compiled[5.4.105~1-4fda]:main():gmm-align-compiled.cc:127) AMI_TS3006c_H03_MTD024ME_0252154_0252235
LOG (gmm-align-compiled[5.4.105~1-4fda]:main():gmm-align-compiled.cc:127) AMI_TS3006d_H00_MTD021PM_0002316_0002620
LOG (gmm-align-compiled[5.4.105~1-4fda]:main():gmm-align-compiled.cc:127) AMI_TS3006d_H00_MTD021PM_0006931_0007166
LOG (gmm-align-compiled[5.4.105~1-4fda]:main():gmm-align-compiled.cc:127) AMI_TS3006d_H00_MTD021PM_0009286_0009365
LOG (gmm-align-compiled[5.4.105~1-4fda]:main():gmm-align-compiled.cc:127) AMI_TS3006d_H00_MTD021PM_0012599_0012766
LOG (gmm-align-compiled[5.4.105~1-4fda]:main():gmm-align-compiled.cc:127) AMI_TS3006d_H00_MTD021PM_0016663_0016744
LOG (gmm-align-compiled[5.4.105~1-4fda]:main():gmm-align-compiled.cc:127) AMI_TS3006d_H00_MTD021PM_0018809_0018856
LOG (gmm-align-compiled[5.4.105~1-4fda]:main():gmm-align-compiled.cc:127) AMI_TS3006d_H00_MTD021PM_0021963_0022222
LOG (gmm-align-compiled[5.4.105~1-4fda]:main():gmm-align-compiled.cc:127) AMI_TS3006d_H00_MTD021PM_0024938_0024970
LOG (gmm-align-compiled[5.4.105~1-4fda]:main():gmm-align-compiled.cc:127) AMI_TS3006d_H00_MTD021PM_0031595_0031626
LOG (gmm-align-compiled[5.4.105~1-4fda]:main():gmm-align-compiled.cc:127) AMI_TS3006d_H00_MTD021PM_0039469_0040330
LOG (gmm-align-compiled[5.4.105~1-4fda]:main():gmm-align-compiled.cc:127) AMI_TS3006d_H00_MTD021PM_0042755_0042829
LOG (gmm-align-compiled[5.4.105~1-4fda]:main():gmm-align-compiled.cc:127) AMI_TS3006d_H00_MTD021PM_0051466_0051494
LOG (gmm-align-compiled[5.4.105~1-4fda]:main():gmm-align-compiled.cc:127) AMI_TS3006d_H00_MTD021PM_0054566_0054625
LOG (gmm-align-compiled[5.4.105~1-4fda]:main():gmm-align-compiled.cc:127) AMI_TS3006d_H00_MTD021PM_0057604_0057641
LOG (gmm-align-compiled[5.4.105~1-4fda]:main():gmm-align-compiled.cc:127) AMI_TS3006d_H00_MTD021PM_0061141_0061391
LOG (gmm-align-compiled[5.4.105~1-4fda]:main():gmm-align-compiled.cc:127) AMI_TS3006d_H00_MTD021PM_0063565_0063775
LOG (gmm-align-compiled[5.4.105~1-4fda]:main():gmm-align-compiled.cc:127) AMI_TS3006d_H00_MTD021PM_0066883_0066973
LOG (gmm-align-compiled[5.4.105~1-4fda]:main():gmm-align-compiled.cc:127) AMI_TS3006d_H00_MTD021PM_0070429_0070569
LOG (gmm-align-compiled[5.4.105~1-4fda]:main():gmm-align-compiled.cc:127) AMI_TS3006d_H00_MTD021PM_0074452_0074756
LOG (gmm-align-compiled[5.4.105~1-4fda]:main():gmm-align-compiled.cc:127) AMI_TS3006d_H00_MTD021PM_0077101_0077647
LOG (gmm-align-compiled[5.4.105~1-4fda]:main():gmm-align-compiled.cc:127) AMI_TS3006d_H00_MTD021PM_0081142_0081236
LOG (gmm-align-compiled[5.4.105~1-4fda]:main():gmm-align-compiled.cc:127) AMI_TS3006d_H00_MTD021PM_0086659_0086819
LOG (gmm-align-compiled[5.4.105~1-4fda]:main():gmm-align-compiled.cc:127) AMI_TS3006d_H00_MTD021PM_0090090_0090413
LOG (gmm-align-compiled[5.4.105~1-4fda]:main():gmm-align-compiled.cc:127) AMI_TS3006d_H00_MTD021PM_0092781_0093000
LOG (gmm-align-compiled[5.4.105~1-4fda]:main():gmm-align-compiled.cc:127) AMI_TS3006d_H00_MTD021PM_0098976_0099435
LOG (gmm-align-compiled[5.4.105~1-4fda]:main():gmm-align-compiled.cc:127) AMI_TS3006d_H00_MTD021PM_0101213_0101374
LOG (gmm-align-compiled[5.4.105~1-4fda]:main():gmm-align-compiled.cc:127) AMI_TS3006d_H00_MTD021PM_0111492_0111799
LOG (gmm-align-compiled[5.4.105~1-4fda]:main():gmm-align-compiled.cc:127) AMI_TS3006d_H00_MTD021PM_0116020_0116258
LOG (gmm-align-compiled[5.4.105~1-4fda]:main():gmm-align-compiled.cc:127) AMI_TS3006d_H00_MTD021PM_0121105_0121402
LOG (gmm-align-compiled[5.4.105~1-4fda]:main():gmm-align-compiled.cc:127) AMI_TS3006d_H00_MTD021PM_0124138_0124454
LOG (gmm-align-compiled[5.4.105~1-4fda]:main():gmm-align-compiled.cc:127) AMI_TS3006d_H00_MTD021PM_0131144_0131276
LOG (gmm-align-compiled[5.4.105~1-4fda]:main():gmm-align-compiled.cc:127) AMI_TS3006d_H00_MTD021PM_0134896_0134968
LOG (gmm-align-compiled[5.4.105~1-4fda]:main():gmm-align-compiled.cc:127) AMI_TS3006d_H00_MTD021PM_0139063_0139168
LOG (gmm-align-compiled[5.4.105~1-4fda]:main():gmm-align-compiled.cc:127) AMI_TS3006d_H00_MTD021PM_0144596_0144687
LOG (gmm-align-compiled[5.4.105~1-4fda]:main():gmm-align-compiled.cc:127) AMI_TS3006d_H00_MTD021PM_0149380_0149612
LOG (gmm-align-compiled[5.4.105~1-4fda]:main():gmm-align-compiled.cc:127) AMI_TS3006d_H00_MTD021PM_0163163_0163261
LOG (gmm-align-compiled[5.4.105~1-4fda]:main():gmm-align-compiled.cc:127) AMI_TS3006d_H00_MTD021PM_0169386_0169407
LOG (gmm-align-compiled[5.4.105~1-4fda]:main():gmm-align-compiled.cc:127) AMI_TS3006d_H00_MTD021PM_0171600_0171629
LOG (gmm-align-compiled[5.4.105~1-4fda]:main():gmm-align-compiled.cc:127) AMI_TS3006d_H00_MTD021PM_0174312_0174445
LOG (gmm-align-compiled[5.4.105~1-4fda]:main():gmm-align-compiled.cc:127) AMI_TS3006d_H00_MTD021PM_0181083_0181156
LOG (gmm-align-compiled[5.4.105~1-4fda]:main():gmm-align-compiled.cc:127) AMI_TS3006d_H00_MTD021PM_0188882_0188946
LOG (gmm-align-compiled[5.4.105~1-4fda]:main():gmm-align-compiled.cc:127) AMI_TS3006d_H00_MTD021PM_0192471_0192732
LOG (gmm-align-compiled[5.4.105~1-4fda]:main():gmm-align-compiled.cc:127) AMI_TS3006d_H00_MTD021PM_0196463_0196775
LOG (gmm-align-compiled[5.4.105~1-4fda]:main():gmm-align-compiled.cc:127) AMI_TS3006d_H00_MTD021PM_0200123_0200198
LOG (gmm-align-compiled[5.4.105~1-4fda]:main():gmm-align-compiled.cc:127) AMI_TS3006d_H00_MTD021PM_0209719_0209952
LOG (gmm-align-compiled[5.4.105~1-4fda]:main():gmm-align-compiled.cc:127) AMI_TS3006d_H00_MTD021PM_0223946_0224255
LOG (gmm-align-compiled[5.4.105~1-4fda]:main():gmm-align-compiled.cc:127) AMI_TS3006d_H00_MTD021PM_0237001_0237219
LOG (gmm-align-compiled[5.4.105~1-4fda]:main():gmm-align-compiled.cc:127) AMI_TS3006d_H00_MTD021PM_0240325_0240396
LOG (gmm-align-compiled[5.4.105~1-4fda]:main():gmm-align-compiled.cc:127) AMI_TS3006d_H00_MTD021PM_0259092_0259185
LOG (gmm-align-compiled[5.4.105~1-4fda]:main():gmm-align-compiled.cc:127) AMI_TS3006d_H00_MTD021PM_0261773_0262475
LOG (gmm-align-compiled[5.4.105~1-4fda]:main():gmm-align-compiled.cc:127) AMI_TS3006d_H00_MTD021PM_0264589_0264638
LOG (gmm-align-compiled[5.4.105~1-4fda]:main():gmm-align-compiled.cc:127) AMI_TS3006d_H00_MTD021PM_0268395_0268435
LOG (gmm-align-compiled[5.4.105~1-4fda]:main():gmm-align-compiled.cc:127) AMI_TS3006d_H00_MTD021PM_0276448_0276940
LOG (gmm-align-compiled[5.4.105~1-4fda]:main():gmm-align-compiled.cc:127) AMI_TS3006d_H00_MTD021PM_0287607_0287657
LOG (gmm-align-compiled[5.4.105~1-4fda]:main():gmm-align-compiled.cc:127) AMI_TS3006d_H00_MTD021PM_0293794_0294010
LOG (gmm-align-compiled[5.4.105~1-4fda]:main():gmm-align-compiled.cc:127) AMI_TS3006d_H01_MTD023UID_0007489_0007834
LOG (gmm-align-compiled[5.4.105~1-4fda]:main():gmm-align-compiled.cc:127) AMI_TS3006d_H01_MTD023UID_0016360_0016642
LOG (gmm-align-compiled[5.4.105~1-4fda]:main():gmm-align-compiled.cc:127) AMI_TS3006d_H01_MTD023UID_0029950_0030082
LOG (gmm-align-compiled[5.4.105~1-4fda]:main():gmm-align-compiled.cc:127) AMI_TS3006d_H01_MTD023UID_0037006_0037339
LOG (gmm-align-compiled[5.4.105~1-4fda]:main():gmm-align-compiled.cc:127) AMI_TS3006d_H01_MTD023UID_0044556_0044716
LOG (gmm-align-compiled[5.4.105~1-4fda]:main():gmm-align-compiled.cc:127) AMI_TS3006d_H01_MTD023UID_0060922_0061385
LOG (gmm-align-compiled[5.4.105~1-4fda]:main():gmm-align-compiled.cc:127) AMI_TS3006d_H01_MTD023UID_0064504_0064717
LOG (gmm-align-compiled[5.4.105~1-4fda]:main():gmm-align-compiled.cc:127) AMI_TS3006d_H01_MTD023UID_0078134_0078353
LOG (gmm-align-compiled[5.4.105~1-4fda]:main():gmm-align-compiled.cc:127) AMI_TS3006d_H01_MTD023UID_0084648_0084820
LOG (gmm-align-compiled[5.4.105~1-4fda]:main():gmm-align-compiled.cc:127) AMI_TS3006d_H01_MTD023UID_0088401_0088568
LOG (gmm-align-compiled[5.4.105~1-4fda]:main():gmm-align-compiled.cc:127) AMI_TS3006d_H01_MTD023UID_0090843_0090893
LOG (gmm-align-compiled[5.4.105~1-4fda]:main():gmm-align-compiled.cc:127) AMI_TS3006d_H01_MTD023UID_0114431_0114519
LOG (gmm-align-compiled[5.4.105~1-4fda]:main():gmm-align-compiled.cc:127) AMI_TS3006d_H01_MTD023UID_0124362_0124595
LOG (gmm-align-compiled[5.4.105~1-4fda]:main():gmm-align-compiled.cc:127) AMI_TS3006d_H01_MTD023UID_0136443_0136484
LOG (gmm-align-compiled[5.4.105~1-4fda]:main():gmm-align-compiled.cc:127) AMI_TS3006d_H01_MTD023UID_0145601_0145674
LOG (gmm-align-compiled[5.4.105~1-4fda]:main():gmm-align-compiled.cc:127) AMI_TS3006d_H01_MTD023UID_0152178_0152302
LOG (gmm-align-compiled[5.4.105~1-4fda]:main():gmm-align-compiled.cc:127) AMI_TS3006d_H01_MTD023UID_0157323_0157495
LOG (gmm-align-compiled[5.4.105~1-4fda]:main():gmm-align-compiled.cc:127) AMI_TS3006d_H01_MTD023UID_0162186_0162197
LOG (gmm-align-compiled[5.4.105~1-4fda]:main():gmm-align-compiled.cc:127) AMI_TS3006d_H01_MTD023UID_0173434_0173491
LOG (gmm-align-compiled[5.4.105~1-4fda]:main():gmm-align-compiled.cc:127) AMI_TS3006d_H01_MTD023UID_0175350_0175708
LOG (gmm-align-compiled[5.4.105~1-4fda]:main():gmm-align-compiled.cc:127) AMI_TS3006d_H01_MTD023UID_0186913_0186960
LOG (gmm-align-compiled[5.4.105~1-4fda]:main():gmm-align-compiled.cc:127) AMI_TS3006d_H01_MTD023UID_0194655_0195382
LOG (gmm-align-compiled[5.4.105~1-4fda]:main():gmm-align-compiled.cc:127) AMI_TS3006d_H01_MTD023UID_0200342_0200704
LOG (gmm-align-compiled[5.4.105~1-4fda]:main():gmm-align-compiled.cc:127) AMI_TS3006d_H01_MTD023UID_0203700_0203769
LOG (gmm-align-compiled[5.4.105~1-4fda]:main():gmm-align-compiled.cc:127) AMI_TS3006d_H01_MTD023UID_0206089_0206161
LOG (gmm-align-compiled[5.4.105~1-4fda]:main():gmm-align-compiled.cc:127) AMI_TS3006d_H01_MTD023UID_0208737_0208770
LOG (gmm-align-compiled[5.4.105~1-4fda]:main():gmm-align-compiled.cc:127) AMI_TS3006d_H01_MTD023UID_0213246_0213285
LOG (gmm-align-compiled[5.4.105~1-4fda]:main():gmm-align-compiled.cc:127) AMI_TS3006d_H01_MTD023UID_0219136_0219171
LOG (gmm-align-compiled[5.4.105~1-4fda]:main():gmm-align-compiled.cc:127) AMI_TS3006d_H01_MTD023UID_0222257_0222348
LOG (gmm-align-compiled[5.4.105~1-4fda]:main():gmm-align-compiled.cc:127) AMI_TS3006d_H01_MTD023UID_0228680_0228726
LOG (gmm-align-compiled[5.4.105~1-4fda]:main():gmm-align-compiled.cc:127) AMI_TS3006d_H01_MTD023UID_0236563_0236682
LOG (gmm-align-compiled[5.4.105~1-4fda]:main():gmm-align-compiled.cc:127) AMI_TS3006d_H01_MTD023UID_0241805_0241937
LOG (gmm-align-compiled[5.4.105~1-4fda]:main():gmm-align-compiled.cc:127) AMI_TS3006d_H01_MTD023UID_0247085_0247350
LOG (gmm-align-compiled[5.4.105~1-4fda]:main():gmm-align-compiled.cc:127) AMI_TS3006d_H01_MTD023UID_0250571_0250615
LOG (gmm-align-compiled[5.4.105~1-4fda]:main():gmm-align-compiled.cc:127) AMI_TS3006d_H01_MTD023UID_0254944_0255151
WARNING (gmm-align-compiled[5.4.105~1-4fda]:AlignUtteranceWrapper():decoder-wrappers.cc:468) Retrying utterance AMI_TS3006d_H01_MTD023UID_0254944_0255151 with beam 40
LOG (gmm-align-compiled[5.4.105~1-4fda]:main():gmm-align-compiled.cc:127) AMI_TS3006d_H01_MTD023UID_0270678_0270720
LOG (gmm-align-compiled[5.4.105~1-4fda]:main():gmm-align-compiled.cc:127) AMI_TS3006d_H01_MTD023UID_0274074_0274564
LOG (gmm-align-compiled[5.4.105~1-4fda]:main():gmm-align-compiled.cc:127) AMI_TS3006d_H01_MTD023UID_0288596_0288917
LOG (gmm-align-compiled[5.4.105~1-4fda]:main():gmm-align-compiled.cc:127) AMI_TS3006d_H02_MTD022ID_0001878_0001949
LOG (gmm-align-compiled[5.4.105~1-4fda]:main():gmm-align-compiled.cc:127) AMI_TS3006d_H02_MTD022ID_0014347_0014500
LOG (gmm-align-compiled[5.4.105~1-4fda]:main():gmm-align-compiled.cc:127) AMI_TS3006d_H02_MTD022ID_0019087_0019567
LOG (gmm-align-compiled[5.4.105~1-4fda]:main():gmm-align-compiled.cc:127) AMI_TS3006d_H02_MTD022ID_0023420_0023865
LOG (gmm-align-compiled[5.4.105~1-4fda]:main():gmm-align-compiled.cc:127) AMI_TS3006d_H02_MTD022ID_0039293_0039472
LOG (gmm-align-compiled[5.4.105~1-4fda]:main():gmm-align-compiled.cc:127) AMI_TS3006d_H02_MTD022ID_0062980_0063036
LOG (gmm-align-compiled[5.4.105~1-4fda]:main():gmm-align-compiled.cc:127) AMI_TS3006d_H02_MTD022ID_0067393_0068063
LOG (gmm-align-compiled[5.4.105~1-4fda]:main():gmm-align-compiled.cc:127) AMI_TS3006d_H02_MTD022ID_0070585_0070619
LOG (gmm-align-compiled[5.4.105~1-4fda]:main():gmm-align-compiled.cc:127) AMI_TS3006d_H02_MTD022ID_0075232_0075365
LOG (gmm-align-compiled[5.4.105~1-4fda]:main():gmm-align-compiled.cc:127) AMI_TS3006d_H02_MTD022ID_0083832_0083989
LOG (gmm-align-compiled[5.4.105~1-4fda]:main():gmm-align-compiled.cc:127) AMI_TS3006d_H02_MTD022ID_0089515_0089605
LOG (gmm-align-compiled[5.4.105~1-4fda]:main():gmm-align-compiled.cc:127) AMI_TS3006d_H02_MTD022ID_0111797_0111835
LOG (gmm-align-compiled[5.4.105~1-4fda]:main():gmm-align-compiled.cc:127) AMI_TS3006d_H02_MTD022ID_0116775_0116865
LOG (gmm-align-compiled[5.4.105~1-4fda]:main():gmm-align-compiled.cc:127) AMI_TS3006d_H02_MTD022ID_0128242_0128819
LOG (gmm-align-compiled[5.4.105~1-4fda]:main():gmm-align-compiled.cc:127) AMI_TS3006d_H02_MTD022ID_0131856_0131940
LOG (gmm-align-compiled[5.4.105~1-4fda]:main():gmm-align-compiled.cc:127) AMI_TS3006d_H02_MTD022ID_0137737_0137956
LOG (gmm-align-compiled[5.4.105~1-4fda]:main():gmm-align-compiled.cc:127) AMI_TS3006d_H02_MTD022ID_0143629_0143751
LOG (gmm-align-compiled[5.4.105~1-4fda]:main():gmm-align-compiled.cc:127) AMI_TS3006d_H02_MTD022ID_0146183_0146233
LOG (gmm-align-compiled[5.4.105~1-4fda]:main():gmm-align-compiled.cc:127) AMI_TS3006d_H02_MTD022ID_0152971_0153114
LOG (gmm-align-compiled[5.4.105~1-4fda]:main():gmm-align-compiled.cc:127) AMI_TS3006d_H02_MTD022ID_0157200_0157336
LOG (gmm-align-compiled[5.4.105~1-4fda]:main():gmm-align-compiled.cc:127) AMI_TS3006d_H02_MTD022ID_0161566_0161801
LOG (gmm-align-compiled[5.4.105~1-4fda]:main():gmm-align-compiled.cc:127) AMI_TS3006d_H02_MTD022ID_0167453_0167560
LOG (gmm-align-compiled[5.4.105~1-4fda]:main():gmm-align-compiled.cc:127) AMI_TS3006d_H02_MTD022ID_0173244_0173435
WARNING (gmm-align-compiled[5.4.105~1-4fda]:AlignUtteranceWrapper():decoder-wrappers.cc:468) Retrying utterance AMI_TS3006d_H02_MTD022ID_0173244_0173435 with beam 40
LOG (gmm-align-compiled[5.4.105~1-4fda]:main():gmm-align-compiled.cc:127) AMI_TS3006d_H02_MTD022ID_0178014_0178083
LOG (gmm-align-compiled[5.4.105~1-4fda]:main():gmm-align-compiled.cc:127) AMI_TS3006d_H02_MTD022ID_0180285_0180347
LOG (gmm-align-compiled[5.4.105~1-4fda]:main():gmm-align-compiled.cc:127) AMI_TS3006d_H02_MTD022ID_0184436_0184668
LOG (apply-cmvn[5.4.105~1-4fda]:main():apply-cmvn.cc:162) Applied cepstral mean normalization to 515 utterances, errors on 0
LOG (gmm-align-compiled[5.4.105~1-4fda]:main():gmm-align-compiled.cc:127) AMI_TS3006d_H02_MTD022ID_0186366_0186476
LOG (gmm-align-compiled[5.4.105~1-4fda]:main():gmm-align-compiled.cc:127) AMI_TS3006d_H02_MTD022ID_0188898_0189246
LOG (gmm-align-compiled[5.4.105~1-4fda]:main():gmm-align-compiled.cc:127) AMI_TS3006d_H02_MTD022ID_0194245_0194486
LOG (gmm-align-compiled[5.4.105~1-4fda]:main():gmm-align-compiled.cc:127) AMI_TS3006d_H02_MTD022ID_0200589_0200748
LOG (gmm-align-compiled[5.4.105~1-4fda]:main():gmm-align-compiled.cc:127) AMI_TS3006d_H02_MTD022ID_0203912_0204051
LOG (gmm-align-compiled[5.4.105~1-4fda]:main():gmm-align-compiled.cc:127) AMI_TS3006d_H02_MTD022ID_0209112_0209489
LOG (gmm-align-compiled[5.4.105~1-4fda]:main():gmm-align-compiled.cc:127) AMI_TS3006d_H02_MTD022ID_0212369_0212476
LOG (gmm-align-compiled[5.4.105~1-4fda]:main():gmm-align-compiled.cc:127) AMI_TS3006d_H02_MTD022ID_0222296_0222448
LOG (gmm-align-compiled[5.4.105~1-4fda]:main():gmm-align-compiled.cc:127) AMI_TS3006d_H02_MTD022ID_0227319_0227394
LOG (gmm-align-compiled[5.4.105~1-4fda]:main():gmm-align-compiled.cc:127) AMI_TS3006d_H02_MTD022ID_0231888_0232011
LOG (gmm-align-compiled[5.4.105~1-4fda]:main():gmm-align-compiled.cc:127) AMI_TS3006d_H02_MTD022ID_0237619_0237851
LOG (gmm-align-compiled[5.4.105~1-4fda]:main():gmm-align-compiled.cc:135) Overall log-likelihood per frame is -99.3009 over 102309 frames.
LOG (gmm-align-compiled[5.4.105~1-4fda]:main():gmm-align-compiled.cc:137) Retried 3 out of 515 utterances.
LOG (gmm-align-compiled[5.4.105~1-4fda]:main():gmm-align-compiled.cc:139) Done 515, errors on 0
# Accounting: time=10 threads=1
# Ended (code 0) at Wed Oct 31 22:07:30 EDT 2018, elapsed time 10 seconds
