# gmm-align-compiled --transition-scale=1.0 --acoustic-scale=0.1 --self-loop-scale=0.1 --beam=10 --retry-beam=40 --careful=false "gmm-boost-silence --boost=1.0 1 exp2/mono/20.mdl - |" "ark:gunzip -c exp2/mono/fsts.22.gz|" "ark,s,cs:apply-cmvn  --utt2spk=ark:data/st_ihm_all/train_15k/split30/22/utt2spk scp:data/st_ihm_all/train_15k/split30/22/cmvn.scp scp:data/st_ihm_all/train_15k/split30/22/feats.scp ark:- | add-deltas  ark:- ark:- |" "ark,t:|gzip -c >exp2/mono/ali.22.gz" 
# Started at Wed Oct 31 22:13:37 EDT 2018
#
gmm-align-compiled --transition-scale=1.0 --acoustic-scale=0.1 --self-loop-scale=0.1 --beam=10 --retry-beam=40 --careful=false 'gmm-boost-silence --boost=1.0 1 exp2/mono/20.mdl - |' 'ark:gunzip -c exp2/mono/fsts.22.gz|' 'ark,s,cs:apply-cmvn  --utt2spk=ark:data/st_ihm_all/train_15k/split30/22/utt2spk scp:data/st_ihm_all/train_15k/split30/22/cmvn.scp scp:data/st_ihm_all/train_15k/split30/22/feats.scp ark:- | add-deltas  ark:- ark:- |' 'ark,t:|gzip -c >exp2/mono/ali.22.gz' 
gmm-boost-silence --boost=1.0 1 exp2/mono/20.mdl - 
WARNING (gmm-boost-silence[5.4.105~1-4fda]:main():gmm-boost-silence.cc:82) The pdfs for the silence phones may be shared by other phones (note: this probably does not matter.)
LOG (gmm-boost-silence[5.4.105~1-4fda]:main():gmm-boost-silence.cc:93) Boosted weights for 5 pdfs, by factor of 1
LOG (gmm-boost-silence[5.4.105~1-4fda]:main():gmm-boost-silence.cc:103) Wrote model to -
add-deltas ark:- ark:- 
apply-cmvn --utt2spk=ark:data/st_ihm_all/train_15k/split30/22/utt2spk scp:data/st_ihm_all/train_15k/split30/22/cmvn.scp scp:data/st_ihm_all/train_15k/split30/22/feats.scp ark:- 
LOG (gmm-align-compiled[5.4.105~1-4fda]:main():gmm-align-compiled.cc:127) AMI_IS1004b_H01_MIE090_0085316_0085543
LOG (gmm-align-compiled[5.4.105~1-4fda]:main():gmm-align-compiled.cc:127) AMI_IS1004b_H01_MIE090_0090713_0090878
LOG (gmm-align-compiled[5.4.105~1-4fda]:main():gmm-align-compiled.cc:127) AMI_IS1004b_H01_MIE090_0098497_0098824
LOG (gmm-align-compiled[5.4.105~1-4fda]:main():gmm-align-compiled.cc:127) AMI_IS1004b_H01_MIE090_0103016_0103601
LOG (gmm-align-compiled[5.4.105~1-4fda]:main():gmm-align-compiled.cc:127) AMI_IS1004b_H01_MIE090_0107415_0107466
LOG (gmm-align-compiled[5.4.105~1-4fda]:main():gmm-align-compiled.cc:127) AMI_IS1004b_H01_MIE090_0110776_0110836
LOG (gmm-align-compiled[5.4.105~1-4fda]:main():gmm-align-compiled.cc:127) AMI_IS1004b_H01_MIE090_0116349_0117138
LOG (gmm-align-compiled[5.4.105~1-4fda]:main():gmm-align-compiled.cc:127) AMI_IS1004b_H01_MIE090_0120010_0120470
LOG (gmm-align-compiled[5.4.105~1-4fda]:main():gmm-align-compiled.cc:127) AMI_IS1004b_H01_MIE090_0124215_0124432
LOG (gmm-align-compiled[5.4.105~1-4fda]:main():gmm-align-compiled.cc:127) AMI_IS1004b_H01_MIE090_0161879_0162044
WARNING (gmm-align-compiled[5.4.105~1-4fda]:AlignUtteranceWrapper():decoder-wrappers.cc:468) Retrying utterance AMI_IS1004b_H01_MIE090_0161879_0162044 with beam 40
LOG (gmm-align-compiled[5.4.105~1-4fda]:main():gmm-align-compiled.cc:127) AMI_IS1004b_H01_MIE090_0174479_0174603
LOG (gmm-align-compiled[5.4.105~1-4fda]:main():gmm-align-compiled.cc:127) AMI_IS1004b_H01_MIE090_0178160_0178257
LOG (gmm-align-compiled[5.4.105~1-4fda]:main():gmm-align-compiled.cc:127) AMI_IS1004b_H01_MIE090_0182759_0182956
LOG (gmm-align-compiled[5.4.105~1-4fda]:main():gmm-align-compiled.cc:127) AMI_IS1004b_H01_MIE090_0190888_0191854
LOG (gmm-align-compiled[5.4.105~1-4fda]:main():gmm-align-compiled.cc:127) AMI_IS1004b_H01_MIE090_0195514_0196482
LOG (gmm-align-compiled[5.4.105~1-4fda]:main():gmm-align-compiled.cc:127) AMI_IS1004b_H01_MIE090_0205819_0205942
LOG (gmm-align-compiled[5.4.105~1-4fda]:main():gmm-align-compiled.cc:127) AMI_IS1004b_H02_MIO022_0011006_0011024
LOG (gmm-align-compiled[5.4.105~1-4fda]:main():gmm-align-compiled.cc:127) AMI_IS1004b_H02_MIO022_0054290_0054551
LOG (gmm-align-compiled[5.4.105~1-4fda]:main():gmm-align-compiled.cc:127) AMI_IS1004b_H02_MIO022_0057125_0057422
LOG (gmm-align-compiled[5.4.105~1-4fda]:main():gmm-align-compiled.cc:127) AMI_IS1004b_H02_MIO022_0074848_0075092
LOG (gmm-align-compiled[5.4.105~1-4fda]:main():gmm-align-compiled.cc:127) AMI_IS1004b_H02_MIO022_0077881_0078022
LOG (gmm-align-compiled[5.4.105~1-4fda]:main():gmm-align-compiled.cc:127) AMI_IS1004b_H02_MIO022_0108103_0108129
LOG (gmm-align-compiled[5.4.105~1-4fda]:main():gmm-align-compiled.cc:127) AMI_IS1004b_H02_MIO022_0127397_0127833
LOG (gmm-align-compiled[5.4.105~1-4fda]:main():gmm-align-compiled.cc:127) AMI_IS1004b_H02_MIO022_0131981_0132447
LOG (gmm-align-compiled[5.4.105~1-4fda]:main():gmm-align-compiled.cc:127) AMI_IS1004b_H02_MIO022_0139732_0140065
LOG (gmm-align-compiled[5.4.105~1-4fda]:main():gmm-align-compiled.cc:127) AMI_IS1004b_H02_MIO022_0143550_0144263
LOG (gmm-align-compiled[5.4.105~1-4fda]:main():gmm-align-compiled.cc:127) AMI_IS1004b_H02_MIO022_0146579_0146598
LOG (gmm-align-compiled[5.4.105~1-4fda]:main():gmm-align-compiled.cc:127) AMI_IS1004b_H02_MIO022_0148133_0148511
LOG (gmm-align-compiled[5.4.105~1-4fda]:main():gmm-align-compiled.cc:127) AMI_IS1004b_H02_MIO022_0152383_0152765
LOG (gmm-align-compiled[5.4.105~1-4fda]:main():gmm-align-compiled.cc:127) AMI_IS1004b_H02_MIO022_0156230_0156486
LOG (gmm-align-compiled[5.4.105~1-4fda]:main():gmm-align-compiled.cc:127) AMI_IS1004b_H02_MIO022_0163516_0163542
LOG (gmm-align-compiled[5.4.105~1-4fda]:main():gmm-align-compiled.cc:127) AMI_IS1004b_H02_MIO022_0200019_0200075
LOG (gmm-align-compiled[5.4.105~1-4fda]:main():gmm-align-compiled.cc:127) AMI_IS1004b_H03_MIO047_0017146_0017358
LOG (gmm-align-compiled[5.4.105~1-4fda]:main():gmm-align-compiled.cc:127) AMI_IS1004b_H03_MIO047_0021334_0021735
LOG (gmm-align-compiled[5.4.105~1-4fda]:main():gmm-align-compiled.cc:127) AMI_IS1004b_H03_MIO047_0028088_0028105
LOG (gmm-align-compiled[5.4.105~1-4fda]:main():gmm-align-compiled.cc:127) AMI_IS1004b_H03_MIO047_0034496_0035692
LOG (gmm-align-compiled[5.4.105~1-4fda]:main():gmm-align-compiled.cc:127) AMI_IS1004b_H03_MIO047_0037247_0037861
LOG (gmm-align-compiled[5.4.105~1-4fda]:main():gmm-align-compiled.cc:127) AMI_IS1004b_H03_MIO047_0044183_0045281
LOG (gmm-align-compiled[5.4.105~1-4fda]:main():gmm-align-compiled.cc:127) AMI_IS1004b_H03_MIO047_0055424_0055442
LOG (gmm-align-compiled[5.4.105~1-4fda]:main():gmm-align-compiled.cc:127) AMI_IS1004b_H03_MIO047_0060178_0060204
LOG (gmm-align-compiled[5.4.105~1-4fda]:main():gmm-align-compiled.cc:127) AMI_IS1004b_H03_MIO047_0073861_0074554
LOG (gmm-align-compiled[5.4.105~1-4fda]:main():gmm-align-compiled.cc:127) AMI_IS1004b_H03_MIO047_0161158_0161899
LOG (gmm-align-compiled[5.4.105~1-4fda]:main():gmm-align-compiled.cc:127) AMI_IS1004b_H03_MIO047_0185750_0186344
LOG (gmm-align-compiled[5.4.105~1-4fda]:main():gmm-align-compiled.cc:127) AMI_IS1004b_H03_MIO047_0195120_0195153
LOG (gmm-align-compiled[5.4.105~1-4fda]:main():gmm-align-compiled.cc:127) AMI_IS1004b_H03_MIO047_0205892_0206387
LOG (gmm-align-compiled[5.4.105~1-4fda]:main():gmm-align-compiled.cc:127) AMI_IS1004c_H00_MIO019_0003896_0003936
LOG (gmm-align-compiled[5.4.105~1-4fda]:main():gmm-align-compiled.cc:127) AMI_IS1004c_H00_MIO019_0006450_0006570
LOG (gmm-align-compiled[5.4.105~1-4fda]:main():gmm-align-compiled.cc:127) AMI_IS1004c_H00_MIO019_0011262_0011603
LOG (gmm-align-compiled[5.4.105~1-4fda]:main():gmm-align-compiled.cc:127) AMI_IS1004c_H00_MIO019_0016463_0016478
LOG (gmm-align-compiled[5.4.105~1-4fda]:main():gmm-align-compiled.cc:127) AMI_IS1004c_H00_MIO019_0036457_0036790
LOG (gmm-align-compiled[5.4.105~1-4fda]:main():gmm-align-compiled.cc:127) AMI_IS1004c_H00_MIO019_0056075_0056557
LOG (gmm-align-compiled[5.4.105~1-4fda]:main():gmm-align-compiled.cc:127) AMI_IS1004c_H00_MIO019_0061687_0061792
LOG (gmm-align-compiled[5.4.105~1-4fda]:main():gmm-align-compiled.cc:127) AMI_IS1004c_H00_MIO019_0073555_0073697
LOG (gmm-align-compiled[5.4.105~1-4fda]:main():gmm-align-compiled.cc:127) AMI_IS1004c_H00_MIO019_0085658_0086292
LOG (gmm-align-compiled[5.4.105~1-4fda]:main():gmm-align-compiled.cc:127) AMI_IS1004c_H00_MIO019_0090838_0091169
LOG (gmm-align-compiled[5.4.105~1-4fda]:main():gmm-align-compiled.cc:127) AMI_IS1004c_H00_MIO019_0108370_0108492
LOG (gmm-align-compiled[5.4.105~1-4fda]:main():gmm-align-compiled.cc:127) AMI_IS1004c_H00_MIO019_0113866_0113984
LOG (gmm-align-compiled[5.4.105~1-4fda]:main():gmm-align-compiled.cc:127) AMI_IS1004c_H00_MIO019_0119836_0119953
LOG (gmm-align-compiled[5.4.105~1-4fda]:main():gmm-align-compiled.cc:127) AMI_IS1004c_H00_MIO019_0132678_0133166
LOG (gmm-align-compiled[5.4.105~1-4fda]:main():gmm-align-compiled.cc:127) AMI_IS1004c_H00_MIO019_0138806_0138923
LOG (gmm-align-compiled[5.4.105~1-4fda]:main():gmm-align-compiled.cc:127) AMI_IS1004c_H00_MIO019_0140971_0141184
LOG (gmm-align-compiled[5.4.105~1-4fda]:main():gmm-align-compiled.cc:127) AMI_IS1004c_H00_MIO019_0144329_0144379
LOG (gmm-align-compiled[5.4.105~1-4fda]:main():gmm-align-compiled.cc:127) AMI_IS1004c_H00_MIO019_0164478_0164510
LOG (gmm-align-compiled[5.4.105~1-4fda]:main():gmm-align-compiled.cc:127) AMI_IS1004c_H00_MIO019_0178592_0178728
LOG (gmm-align-compiled[5.4.105~1-4fda]:main():gmm-align-compiled.cc:127) AMI_IS1004c_H00_MIO019_0184027_0184061
LOG (gmm-align-compiled[5.4.105~1-4fda]:main():gmm-align-compiled.cc:127) AMI_IS1004c_H00_MIO019_0189400_0190238
LOG (gmm-align-compiled[5.4.105~1-4fda]:main():gmm-align-compiled.cc:127) AMI_IS1004c_H00_MIO019_0194735_0195614
LOG (gmm-align-compiled[5.4.105~1-4fda]:main():gmm-align-compiled.cc:127) AMI_IS1004c_H00_MIO019_0198887_0199020
LOG (gmm-align-compiled[5.4.105~1-4fda]:main():gmm-align-compiled.cc:127) AMI_IS1004c_H00_MIO019_0206231_0206390
LOG (gmm-align-compiled[5.4.105~1-4fda]:main():gmm-align-compiled.cc:127) AMI_IS1004c_H00_MIO019_0212285_0212355
LOG (gmm-align-compiled[5.4.105~1-4fda]:main():gmm-align-compiled.cc:127) AMI_IS1004c_H00_MIO019_0215308_0215784
LOG (gmm-align-compiled[5.4.105~1-4fda]:main():gmm-align-compiled.cc:127) AMI_IS1004c_H00_MIO019_0220630_0221331
LOG (gmm-align-compiled[5.4.105~1-4fda]:main():gmm-align-compiled.cc:127) AMI_IS1004c_H01_MIE090_0003485_0003511
LOG (gmm-align-compiled[5.4.105~1-4fda]:main():gmm-align-compiled.cc:127) AMI_IS1004c_H01_MIE090_0030076_0030798
LOG (gmm-align-compiled[5.4.105~1-4fda]:main():gmm-align-compiled.cc:127) AMI_IS1004c_H01_MIE090_0041957_0042412
LOG (gmm-align-compiled[5.4.105~1-4fda]:main():gmm-align-compiled.cc:127) AMI_IS1004c_H01_MIE090_0049562_0050461
LOG (gmm-align-compiled[5.4.105~1-4fda]:main():gmm-align-compiled.cc:127) AMI_IS1004c_H01_MIE090_0053436_0054350
LOG (gmm-align-compiled[5.4.105~1-4fda]:main():gmm-align-compiled.cc:127) AMI_IS1004c_H01_MIE090_0063844_0063876
LOG (gmm-align-compiled[5.4.105~1-4fda]:main():gmm-align-compiled.cc:127) AMI_IS1004c_H01_MIE090_0067522_0067792
LOG (gmm-align-compiled[5.4.105~1-4fda]:main():gmm-align-compiled.cc:127) AMI_IS1004c_H01_MIE090_0070375_0070696
LOG (gmm-align-compiled[5.4.105~1-4fda]:main():gmm-align-compiled.cc:127) AMI_IS1004c_H01_MIE090_0075620_0076714
LOG (gmm-align-compiled[5.4.105~1-4fda]:main():gmm-align-compiled.cc:127) AMI_IS1004c_H01_MIE090_0081462_0081666
LOG (gmm-align-compiled[5.4.105~1-4fda]:main():gmm-align-compiled.cc:127) AMI_IS1004c_H01_MIE090_0085620_0085637
LOG (gmm-align-compiled[5.4.105~1-4fda]:main():gmm-align-compiled.cc:127) AMI_IS1004c_H01_MIE090_0093494_0093907
LOG (gmm-align-compiled[5.4.105~1-4fda]:main():gmm-align-compiled.cc:127) AMI_IS1004c_H01_MIE090_0097644_0098134
LOG (gmm-align-compiled[5.4.105~1-4fda]:main():gmm-align-compiled.cc:127) AMI_IS1004c_H01_MIE090_0102833_0103568
LOG (gmm-align-compiled[5.4.105~1-4fda]:main():gmm-align-compiled.cc:127) AMI_IS1004c_H01_MIE090_0106832_0107292
LOG (gmm-align-compiled[5.4.105~1-4fda]:main():gmm-align-compiled.cc:127) AMI_IS1004c_H01_MIE090_0113951_0114018
LOG (gmm-align-compiled[5.4.105~1-4fda]:main():gmm-align-compiled.cc:127) AMI_IS1004c_H01_MIE090_0116858_0117322
WARNING (gmm-align-compiled[5.4.105~1-4fda]:AlignUtteranceWrapper():decoder-wrappers.cc:468) Retrying utterance AMI_IS1004c_H01_MIE090_0116858_0117322 with beam 40
LOG (gmm-align-compiled[5.4.105~1-4fda]:main():gmm-align-compiled.cc:127) AMI_IS1004c_H01_MIE090_0128576_0128870
LOG (gmm-align-compiled[5.4.105~1-4fda]:main():gmm-align-compiled.cc:127) AMI_IS1004c_H01_MIE090_0139112_0139150
LOG (gmm-align-compiled[5.4.105~1-4fda]:main():gmm-align-compiled.cc:127) AMI_IS1004c_H01_MIE090_0143353_0143447
LOG (gmm-align-compiled[5.4.105~1-4fda]:main():gmm-align-compiled.cc:127) AMI_IS1004c_H01_MIE090_0153727_0153763
LOG (gmm-align-compiled[5.4.105~1-4fda]:main():gmm-align-compiled.cc:127) AMI_IS1004c_H01_MIE090_0160079_0160541
LOG (gmm-align-compiled[5.4.105~1-4fda]:main():gmm-align-compiled.cc:127) AMI_IS1004c_H01_MIE090_0169490_0170103
LOG (gmm-align-compiled[5.4.105~1-4fda]:main():gmm-align-compiled.cc:127) AMI_IS1004c_H01_MIE090_0174940_0175484
LOG (gmm-align-compiled[5.4.105~1-4fda]:main():gmm-align-compiled.cc:127) AMI_IS1004c_H01_MIE090_0179304_0179731
LOG (gmm-align-compiled[5.4.105~1-4fda]:main():gmm-align-compiled.cc:127) AMI_IS1004c_H01_MIE090_0196681_0196766
LOG (gmm-align-compiled[5.4.105~1-4fda]:main():gmm-align-compiled.cc:127) AMI_IS1004c_H01_MIE090_0202413_0202432
LOG (gmm-align-compiled[5.4.105~1-4fda]:main():gmm-align-compiled.cc:127) AMI_IS1004c_H01_MIE090_0206837_0207223
LOG (gmm-align-compiled[5.4.105~1-4fda]:main():gmm-align-compiled.cc:127) AMI_IS1004c_H01_MIE090_0210916_0211201
LOG (gmm-align-compiled[5.4.105~1-4fda]:main():gmm-align-compiled.cc:127) AMI_IS1004c_H01_MIE090_0215723_0215752
LOG (gmm-align-compiled[5.4.105~1-4fda]:main():gmm-align-compiled.cc:127) AMI_IS1004c_H02_MIO022_0003439_0003672
LOG (gmm-align-compiled[5.4.105~1-4fda]:main():gmm-align-compiled.cc:127) AMI_IS1004c_H02_MIO022_0039679_0039703
LOG (gmm-align-compiled[5.4.105~1-4fda]:main():gmm-align-compiled.cc:127) AMI_IS1004c_H02_MIO022_0067138_0067196
LOG (gmm-align-compiled[5.4.105~1-4fda]:main():gmm-align-compiled.cc:127) AMI_IS1004c_H02_MIO022_0070231_0070346
LOG (gmm-align-compiled[5.4.105~1-4fda]:main():gmm-align-compiled.cc:127) AMI_IS1004c_H02_MIO022_0092800_0093037
LOG (gmm-align-compiled[5.4.105~1-4fda]:main():gmm-align-compiled.cc:127) AMI_IS1004c_H02_MIO022_0113795_0113836
LOG (gmm-align-compiled[5.4.105~1-4fda]:main():gmm-align-compiled.cc:127) AMI_IS1004c_H02_MIO022_0120925_0121260
LOG (gmm-align-compiled[5.4.105~1-4fda]:main():gmm-align-compiled.cc:127) AMI_IS1004c_H02_MIO022_0124997_0125535
LOG (gmm-align-compiled[5.4.105~1-4fda]:main():gmm-align-compiled.cc:127) AMI_IS1004c_H02_MIO022_0129808_0130549
LOG (gmm-align-compiled[5.4.105~1-4fda]:main():gmm-align-compiled.cc:127) AMI_IS1004c_H02_MIO022_0146170_0146635
LOG (gmm-align-compiled[5.4.105~1-4fda]:main():gmm-align-compiled.cc:127) AMI_IS1004c_H02_MIO022_0155406_0155919
LOG (gmm-align-compiled[5.4.105~1-4fda]:main():gmm-align-compiled.cc:127) AMI_IS1004c_H02_MIO022_0157797_0158415
LOG (gmm-align-compiled[5.4.105~1-4fda]:main():gmm-align-compiled.cc:127) AMI_IS1004c_H02_MIO022_0163552_0164693
LOG (gmm-align-compiled[5.4.105~1-4fda]:main():gmm-align-compiled.cc:127) AMI_IS1004c_H02_MIO022_0167055_0167533
LOG (gmm-align-compiled[5.4.105~1-4fda]:main():gmm-align-compiled.cc:127) AMI_IS1004c_H02_MIO022_0172098_0172529
LOG (gmm-align-compiled[5.4.105~1-4fda]:main():gmm-align-compiled.cc:127) AMI_IS1004c_H02_MIO022_0178935_0179110
LOG (gmm-align-compiled[5.4.105~1-4fda]:main():gmm-align-compiled.cc:127) AMI_IS1004c_H02_MIO022_0185816_0185831
LOG (gmm-align-compiled[5.4.105~1-4fda]:main():gmm-align-compiled.cc:127) AMI_IS1004c_H02_MIO022_0203743_0203811
LOG (gmm-align-compiled[5.4.105~1-4fda]:main():gmm-align-compiled.cc:127) AMI_IS1004c_H02_MIO022_0208796_0209241
LOG (gmm-align-compiled[5.4.105~1-4fda]:main():gmm-align-compiled.cc:127) AMI_IS1004c_H02_MIO022_0213048_0213153
LOG (gmm-align-compiled[5.4.105~1-4fda]:main():gmm-align-compiled.cc:127) AMI_IS1004c_H02_MIO022_0223506_0223582
LOG (gmm-align-compiled[5.4.105~1-4fda]:main():gmm-align-compiled.cc:127) AMI_IS1004c_H03_MIO047_0013326_0013438
LOG (gmm-align-compiled[5.4.105~1-4fda]:main():gmm-align-compiled.cc:127) AMI_IS1004c_H03_MIO047_0015572_0015616
LOG (gmm-align-compiled[5.4.105~1-4fda]:main():gmm-align-compiled.cc:127) AMI_IS1004c_H03_MIO047_0019950_0020364
LOG (gmm-align-compiled[5.4.105~1-4fda]:main():gmm-align-compiled.cc:127) AMI_IS1004c_H03_MIO047_0030635_0030808
LOG (gmm-align-compiled[5.4.105~1-4fda]:main():gmm-align-compiled.cc:127) AMI_IS1004c_H03_MIO047_0033476_0033553
LOG (gmm-align-compiled[5.4.105~1-4fda]:main():gmm-align-compiled.cc:127) AMI_IS1004c_H03_MIO047_0038851_0039687
LOG (gmm-align-compiled[5.4.105~1-4fda]:main():gmm-align-compiled.cc:127) AMI_IS1004c_H03_MIO047_0045124_0045490
LOG (gmm-align-compiled[5.4.105~1-4fda]:main():gmm-align-compiled.cc:127) AMI_IS1004c_H03_MIO047_0048672_0049344
LOG (gmm-align-compiled[5.4.105~1-4fda]:main():gmm-align-compiled.cc:127) AMI_IS1004c_H03_MIO047_0054436_0055130
LOG (gmm-align-compiled[5.4.105~1-4fda]:main():gmm-align-compiled.cc:127) AMI_IS1004c_H03_MIO047_0060119_0060225
LOG (gmm-align-compiled[5.4.105~1-4fda]:main():gmm-align-compiled.cc:127) AMI_IS1004c_H03_MIO047_0086627_0086752
LOG (gmm-align-compiled[5.4.105~1-4fda]:main():gmm-align-compiled.cc:127) AMI_IS1004c_H03_MIO047_0107090_0107244
LOG (gmm-align-compiled[5.4.105~1-4fda]:main():gmm-align-compiled.cc:127) AMI_IS1004c_H03_MIO047_0112320_0112571
LOG (gmm-align-compiled[5.4.105~1-4fda]:main():gmm-align-compiled.cc:127) AMI_IS1004c_H03_MIO047_0136392_0136478
LOG (gmm-align-compiled[5.4.105~1-4fda]:main():gmm-align-compiled.cc:127) AMI_IS1004c_H03_MIO047_0140005_0140023
LOG (gmm-align-compiled[5.4.105~1-4fda]:main():gmm-align-compiled.cc:127) AMI_IS1004c_H03_MIO047_0161839_0162561
LOG (gmm-align-compiled[5.4.105~1-4fda]:main():gmm-align-compiled.cc:127) AMI_IS1004c_H03_MIO047_0177947_0178019
LOG (gmm-align-compiled[5.4.105~1-4fda]:main():gmm-align-compiled.cc:127) AMI_IS1004c_H03_MIO047_0213017_0213163
LOG (gmm-align-compiled[5.4.105~1-4fda]:main():gmm-align-compiled.cc:127) AMI_IS1004d_H00_MIO019_0006316_0007984
LOG (gmm-align-compiled[5.4.105~1-4fda]:main():gmm-align-compiled.cc:127) AMI_IS1004d_H00_MIO019_0010852_0012020
LOG (gmm-align-compiled[5.4.105~1-4fda]:main():gmm-align-compiled.cc:127) AMI_IS1004d_H00_MIO019_0013697_0013772
LOG (gmm-align-compiled[5.4.105~1-4fda]:main():gmm-align-compiled.cc:127) AMI_IS1004d_H00_MIO019_0024148_0024189
LOG (gmm-align-compiled[5.4.105~1-4fda]:main():gmm-align-compiled.cc:127) AMI_IS1004d_H00_MIO019_0032695_0032773
LOG (gmm-align-compiled[5.4.105~1-4fda]:main():gmm-align-compiled.cc:127) AMI_IS1004d_H00_MIO019_0040718_0040792
LOG (gmm-align-compiled[5.4.105~1-4fda]:main():gmm-align-compiled.cc:127) AMI_IS1004d_H00_MIO019_0043430_0043498
LOG (gmm-align-compiled[5.4.105~1-4fda]:main():gmm-align-compiled.cc:127) AMI_IS1004d_H00_MIO019_0049805_0049845
LOG (gmm-align-compiled[5.4.105~1-4fda]:main():gmm-align-compiled.cc:127) AMI_IS1004d_H00_MIO019_0060244_0060504
LOG (gmm-align-compiled[5.4.105~1-4fda]:main():gmm-align-compiled.cc:127) AMI_IS1004d_H00_MIO019_0073910_0073993
LOG (gmm-align-compiled[5.4.105~1-4fda]:main():gmm-align-compiled.cc:127) AMI_IS1004d_H00_MIO019_0076084_0076112
LOG (gmm-align-compiled[5.4.105~1-4fda]:main():gmm-align-compiled.cc:127) AMI_IS1004d_H00_MIO019_0084223_0084237
LOG (gmm-align-compiled[5.4.105~1-4fda]:main():gmm-align-compiled.cc:127) AMI_IS1004d_H00_MIO019_0086602_0086694
LOG (gmm-align-compiled[5.4.105~1-4fda]:main():gmm-align-compiled.cc:127) AMI_IS1004d_H00_MIO019_0091453_0091545
LOG (gmm-align-compiled[5.4.105~1-4fda]:main():gmm-align-compiled.cc:127) AMI_IS1004d_H00_MIO019_0097974_0098003
LOG (gmm-align-compiled[5.4.105~1-4fda]:main():gmm-align-compiled.cc:127) AMI_IS1004d_H00_MIO019_0102698_0103218
LOG (gmm-align-compiled[5.4.105~1-4fda]:main():gmm-align-compiled.cc:127) AMI_IS1004d_H00_MIO019_0106354_0106445
LOG (gmm-align-compiled[5.4.105~1-4fda]:main():gmm-align-compiled.cc:127) AMI_IS1004d_H00_MIO019_0113118_0113152
LOG (gmm-align-compiled[5.4.105~1-4fda]:main():gmm-align-compiled.cc:127) AMI_IS1004d_H00_MIO019_0117760_0117833
LOG (gmm-align-compiled[5.4.105~1-4fda]:main():gmm-align-compiled.cc:127) AMI_IS1004d_H00_MIO019_0124053_0124082
LOG (gmm-align-compiled[5.4.105~1-4fda]:main():gmm-align-compiled.cc:127) AMI_IS1004d_H00_MIO019_0128123_0128605
LOG (gmm-align-compiled[5.4.105~1-4fda]:main():gmm-align-compiled.cc:127) AMI_IS1004d_H00_MIO019_0132066_0132462
LOG (gmm-align-compiled[5.4.105~1-4fda]:main():gmm-align-compiled.cc:127) AMI_IS1004d_H00_MIO019_0134112_0134212
LOG (gmm-align-compiled[5.4.105~1-4fda]:main():gmm-align-compiled.cc:127) AMI_IS1004d_H00_MIO019_0136721_0137096
LOG (gmm-align-compiled[5.4.105~1-4fda]:main():gmm-align-compiled.cc:127) AMI_IS1004d_H00_MIO019_0139126_0139202
LOG (gmm-align-compiled[5.4.105~1-4fda]:main():gmm-align-compiled.cc:127) AMI_IS1004d_H00_MIO019_0141829_0141868
LOG (gmm-align-compiled[5.4.105~1-4fda]:main():gmm-align-compiled.cc:127) AMI_IS1004d_H00_MIO019_0145852_0146064
LOG (gmm-align-compiled[5.4.105~1-4fda]:main():gmm-align-compiled.cc:127) AMI_IS1004d_H00_MIO019_0148770_0149196
LOG (gmm-align-compiled[5.4.105~1-4fda]:main():gmm-align-compiled.cc:127) AMI_IS1004d_H00_MIO019_0151920_0152055
LOG (gmm-align-compiled[5.4.105~1-4fda]:main():gmm-align-compiled.cc:127) AMI_IS1004d_H00_MIO019_0158516_0158561
LOG (gmm-align-compiled[5.4.105~1-4fda]:main():gmm-align-compiled.cc:127) AMI_IS1004d_H00_MIO019_0163193_0163244
LOG (gmm-align-compiled[5.4.105~1-4fda]:main():gmm-align-compiled.cc:127) AMI_IS1004d_H00_MIO019_0166886_0166925
LOG (gmm-align-compiled[5.4.105~1-4fda]:main():gmm-align-compiled.cc:127) AMI_IS1004d_H00_MIO019_0169879_0169969
LOG (gmm-align-compiled[5.4.105~1-4fda]:main():gmm-align-compiled.cc:127) AMI_IS1004d_H00_MIO019_0173564_0173764
LOG (gmm-align-compiled[5.4.105~1-4fda]:main():gmm-align-compiled.cc:127) AMI_IS1004d_H00_MIO019_0179981_0179995
LOG (gmm-align-compiled[5.4.105~1-4fda]:main():gmm-align-compiled.cc:127) AMI_IS1004d_H00_MIO019_0190920_0191027
LOG (gmm-align-compiled[5.4.105~1-4fda]:main():gmm-align-compiled.cc:127) AMI_IS1004d_H00_MIO019_0193230_0193490
LOG (gmm-align-compiled[5.4.105~1-4fda]:main():gmm-align-compiled.cc:127) AMI_IS1004d_H01_MIE090_0017895_0018575
LOG (gmm-align-compiled[5.4.105~1-4fda]:main():gmm-align-compiled.cc:127) AMI_IS1004d_H01_MIE090_0022711_0023330
LOG (gmm-align-compiled[5.4.105~1-4fda]:main():gmm-align-compiled.cc:127) AMI_IS1004d_H01_MIE090_0026594_0026920
LOG (gmm-align-compiled[5.4.105~1-4fda]:main():gmm-align-compiled.cc:127) AMI_IS1004d_H01_MIE090_0031301_0031364
LOG (gmm-align-compiled[5.4.105~1-4fda]:main():gmm-align-compiled.cc:127) AMI_IS1004d_H01_MIE090_0034893_0034933
LOG (gmm-align-compiled[5.4.105~1-4fda]:main():gmm-align-compiled.cc:127) AMI_IS1004d_H01_MIE090_0040718_0041101
LOG (gmm-align-compiled[5.4.105~1-4fda]:main():gmm-align-compiled.cc:127) AMI_IS1004d_H01_MIE090_0045208_0045692
LOG (gmm-align-compiled[5.4.105~1-4fda]:main():gmm-align-compiled.cc:127) AMI_IS1004d_H01_MIE090_0078877_0078902
LOG (gmm-align-compiled[5.4.105~1-4fda]:main():gmm-align-compiled.cc:127) AMI_IS1004d_H01_MIE090_0082989_0083024
LOG (gmm-align-compiled[5.4.105~1-4fda]:main():gmm-align-compiled.cc:127) AMI_IS1004d_H01_MIE090_0087877_0087966
LOG (gmm-align-compiled[5.4.105~1-4fda]:main():gmm-align-compiled.cc:127) AMI_IS1004d_H01_MIE090_0092496_0093123
LOG (gmm-align-compiled[5.4.105~1-4fda]:main():gmm-align-compiled.cc:127) AMI_IS1004d_H01_MIE090_0099237_0099718
LOG (gmm-align-compiled[5.4.105~1-4fda]:main():gmm-align-compiled.cc:127) AMI_IS1004d_H01_MIE090_0103501_0103650
LOG (gmm-align-compiled[5.4.105~1-4fda]:main():gmm-align-compiled.cc:127) AMI_IS1004d_H01_MIE090_0109332_0109649
LOG (gmm-align-compiled[5.4.105~1-4fda]:main():gmm-align-compiled.cc:127) AMI_IS1004d_H01_MIE090_0116252_0116360
LOG (gmm-align-compiled[5.4.105~1-4fda]:main():gmm-align-compiled.cc:127) AMI_IS1004d_H01_MIE090_0125988_0126360
LOG (gmm-align-compiled[5.4.105~1-4fda]:main():gmm-align-compiled.cc:127) AMI_IS1004d_H01_MIE090_0140237_0140300
LOG (gmm-align-compiled[5.4.105~1-4fda]:main():gmm-align-compiled.cc:127) AMI_IS1004d_H01_MIE090_0144677_0144934
LOG (gmm-align-compiled[5.4.105~1-4fda]:main():gmm-align-compiled.cc:127) AMI_IS1004d_H01_MIE090_0148022_0148111
LOG (gmm-align-compiled[5.4.105~1-4fda]:main():gmm-align-compiled.cc:127) AMI_IS1004d_H01_MIE090_0154394_0155574
LOG (gmm-align-compiled[5.4.105~1-4fda]:main():gmm-align-compiled.cc:127) AMI_IS1004d_H01_MIE090_0160496_0160600
LOG (gmm-align-compiled[5.4.105~1-4fda]:main():gmm-align-compiled.cc:127) AMI_IS1004d_H01_MIE090_0167983_0168095
LOG (gmm-align-compiled[5.4.105~1-4fda]:main():gmm-align-compiled.cc:127) AMI_IS1004d_H01_MIE090_0179597_0179917
LOG (gmm-align-compiled[5.4.105~1-4fda]:main():gmm-align-compiled.cc:127) AMI_IS1004d_H01_MIE090_0184854_0185110
LOG (gmm-align-compiled[5.4.105~1-4fda]:main():gmm-align-compiled.cc:127) AMI_IS1004d_H01_MIE090_0193268_0193307
LOG (gmm-align-compiled[5.4.105~1-4fda]:main():gmm-align-compiled.cc:127) AMI_IS1004d_H02_MIO022_0014322_0014419
LOG (gmm-align-compiled[5.4.105~1-4fda]:main():gmm-align-compiled.cc:127) AMI_IS1004d_H02_MIO022_0024230_0024301
LOG (gmm-align-compiled[5.4.105~1-4fda]:main():gmm-align-compiled.cc:127) AMI_IS1004d_H02_MIO022_0030991_0031029
LOG (gmm-align-compiled[5.4.105~1-4fda]:main():gmm-align-compiled.cc:127) AMI_IS1004d_H02_MIO022_0037644_0038223
LOG (gmm-align-compiled[5.4.105~1-4fda]:main():gmm-align-compiled.cc:127) AMI_IS1004d_H02_MIO022_0045669_0045748
LOG (gmm-align-compiled[5.4.105~1-4fda]:main():gmm-align-compiled.cc:127) AMI_IS1004d_H02_MIO022_0047599_0048060
LOG (gmm-align-compiled[5.4.105~1-4fda]:main():gmm-align-compiled.cc:127) AMI_IS1004d_H02_MIO022_0054479_0054595
LOG (gmm-align-compiled[5.4.105~1-4fda]:main():gmm-align-compiled.cc:127) AMI_IS1004d_H02_MIO022_0057997_0058079
LOG (gmm-align-compiled[5.4.105~1-4fda]:main():gmm-align-compiled.cc:127) AMI_IS1004d_H02_MIO022_0067941_0068081
LOG (gmm-align-compiled[5.4.105~1-4fda]:main():gmm-align-compiled.cc:127) AMI_IS1004d_H02_MIO022_0070303_0070322
LOG (gmm-align-compiled[5.4.105~1-4fda]:main():gmm-align-compiled.cc:127) AMI_IS1004d_H02_MIO022_0074152_0074179
LOG (gmm-align-compiled[5.4.105~1-4fda]:main():gmm-align-compiled.cc:127) AMI_IS1004d_H02_MIO022_0085332_0085358
LOG (gmm-align-compiled[5.4.105~1-4fda]:main():gmm-align-compiled.cc:127) AMI_IS1004d_H02_MIO022_0088807_0088953
LOG (gmm-align-compiled[5.4.105~1-4fda]:main():gmm-align-compiled.cc:127) AMI_IS1004d_H02_MIO022_0094137_0094214
LOG (gmm-align-compiled[5.4.105~1-4fda]:main():gmm-align-compiled.cc:127) AMI_IS1004d_H02_MIO022_0101308_0101383
LOG (gmm-align-compiled[5.4.105~1-4fda]:main():gmm-align-compiled.cc:127) AMI_IS1004d_H02_MIO022_0109734_0109853
LOG (gmm-align-compiled[5.4.105~1-4fda]:main():gmm-align-compiled.cc:127) AMI_IS1004d_H02_MIO022_0114235_0114265
LOG (gmm-align-compiled[5.4.105~1-4fda]:main():gmm-align-compiled.cc:127) AMI_IS1004d_H02_MIO022_0126724_0126770
LOG (gmm-align-compiled[5.4.105~1-4fda]:main():gmm-align-compiled.cc:127) AMI_IS1004d_H02_MIO022_0135749_0135771
LOG (gmm-align-compiled[5.4.105~1-4fda]:main():gmm-align-compiled.cc:127) AMI_IS1004d_H02_MIO022_0138754_0138886
LOG (gmm-align-compiled[5.4.105~1-4fda]:main():gmm-align-compiled.cc:127) AMI_IS1004d_H02_MIO022_0142777_0142849
LOG (gmm-align-compiled[5.4.105~1-4fda]:main():gmm-align-compiled.cc:127) AMI_IS1004d_H02_MIO022_0149503_0149649
LOG (gmm-align-compiled[5.4.105~1-4fda]:main():gmm-align-compiled.cc:127) AMI_IS1004d_H02_MIO022_0152309_0152533
LOG (gmm-align-compiled[5.4.105~1-4fda]:main():gmm-align-compiled.cc:127) AMI_IS1004d_H02_MIO022_0159915_0160299
LOG (gmm-align-compiled[5.4.105~1-4fda]:main():gmm-align-compiled.cc:127) AMI_IS1004d_H02_MIO022_0169579_0169672
LOG (gmm-align-compiled[5.4.105~1-4fda]:main():gmm-align-compiled.cc:127) AMI_IS1004d_H02_MIO022_0184202_0184724
LOG (gmm-align-compiled[5.4.105~1-4fda]:main():gmm-align-compiled.cc:127) AMI_IS1004d_H02_MIO022_0191786_0191910
LOG (gmm-align-compiled[5.4.105~1-4fda]:main():gmm-align-compiled.cc:127) AMI_IS1004d_H03_MIO047_0028386_0028485
WARNING (gmm-align-compiled[5.4.105~1-4fda]:AlignUtteranceWrapper():decoder-wrappers.cc:468) Retrying utterance AMI_IS1004d_H03_MIO047_0028386_0028485 with beam 40
LOG (gmm-align-compiled[5.4.105~1-4fda]:main():gmm-align-compiled.cc:127) AMI_IS1004d_H03_MIO047_0030348_0030375
LOG (gmm-align-compiled[5.4.105~1-4fda]:main():gmm-align-compiled.cc:127) AMI_IS1004d_H03_MIO047_0037555_0037604
LOG (gmm-align-compiled[5.4.105~1-4fda]:main():gmm-align-compiled.cc:127) AMI_IS1004d_H03_MIO047_0051049_0051177
LOG (gmm-align-compiled[5.4.105~1-4fda]:main():gmm-align-compiled.cc:127) AMI_IS1004d_H03_MIO047_0058039_0058358
LOG (gmm-align-compiled[5.4.105~1-4fda]:main():gmm-align-compiled.cc:127) AMI_IS1004d_H03_MIO047_0061102_0061144
LOG (gmm-align-compiled[5.4.105~1-4fda]:main():gmm-align-compiled.cc:127) AMI_IS1004d_H03_MIO047_0067560_0067705
LOG (gmm-align-compiled[5.4.105~1-4fda]:main():gmm-align-compiled.cc:127) AMI_IS1004d_H03_MIO047_0069509_0069894
LOG (gmm-align-compiled[5.4.105~1-4fda]:main():gmm-align-compiled.cc:127) AMI_IS1004d_H03_MIO047_0077093_0077161
LOG (gmm-align-compiled[5.4.105~1-4fda]:main():gmm-align-compiled.cc:127) AMI_IS1004d_H03_MIO047_0083123_0083787
LOG (gmm-align-compiled[5.4.105~1-4fda]:main():gmm-align-compiled.cc:127) AMI_IS1004d_H03_MIO047_0089487_0089585
LOG (gmm-align-compiled[5.4.105~1-4fda]:main():gmm-align-compiled.cc:127) AMI_IS1004d_H03_MIO047_0095158_0095537
LOG (gmm-align-compiled[5.4.105~1-4fda]:main():gmm-align-compiled.cc:127) AMI_IS1004d_H03_MIO047_0105382_0105558
LOG (gmm-align-compiled[5.4.105~1-4fda]:main():gmm-align-compiled.cc:127) AMI_IS1004d_H03_MIO047_0118711_0118967
LOG (gmm-align-compiled[5.4.105~1-4fda]:main():gmm-align-compiled.cc:127) AMI_IS1004d_H03_MIO047_0122989_0123180
LOG (gmm-align-compiled[5.4.105~1-4fda]:main():gmm-align-compiled.cc:127) AMI_IS1004d_H03_MIO047_0150955_0151554
LOG (gmm-align-compiled[5.4.105~1-4fda]:main():gmm-align-compiled.cc:127) AMI_IS1004d_H03_MIO047_0167865_0167976
LOG (gmm-align-compiled[5.4.105~1-4fda]:main():gmm-align-compiled.cc:127) AMI_IS1004d_H03_MIO047_0187098_0187517
LOG (gmm-align-compiled[5.4.105~1-4fda]:main():gmm-align-compiled.cc:127) AMI_IS1005a_H00_MIO055_0007262_0007754
LOG (gmm-align-compiled[5.4.105~1-4fda]:main():gmm-align-compiled.cc:127) AMI_IS1005a_H00_MIO055_0013956_0014555
LOG (gmm-align-compiled[5.4.105~1-4fda]:main():gmm-align-compiled.cc:127) AMI_IS1005a_H00_MIO055_0017542_0017833
LOG (gmm-align-compiled[5.4.105~1-4fda]:main():gmm-align-compiled.cc:127) AMI_IS1005a_H00_MIO055_0023197_0023460
LOG (gmm-align-compiled[5.4.105~1-4fda]:main():gmm-align-compiled.cc:127) AMI_IS1005a_H00_MIO055_0028094_0028231
LOG (gmm-align-compiled[5.4.105~1-4fda]:main():gmm-align-compiled.cc:127) AMI_IS1005a_H00_MIO055_0054196_0054660
LOG (gmm-align-compiled[5.4.105~1-4fda]:main():gmm-align-compiled.cc:127) AMI_IS1005a_H00_MIO055_0064791_0064822
LOG (gmm-align-compiled[5.4.105~1-4fda]:main():gmm-align-compiled.cc:127) AMI_IS1005a_H00_MIO055_0072554_0072587
LOG (gmm-align-compiled[5.4.105~1-4fda]:main():gmm-align-compiled.cc:127) AMI_IS1005a_H00_MIO055_0081338_0081733
LOG (gmm-align-compiled[5.4.105~1-4fda]:main():gmm-align-compiled.cc:127) AMI_IS1005a_H00_MIO055_0086716_0086775
LOG (gmm-align-compiled[5.4.105~1-4fda]:main():gmm-align-compiled.cc:127) AMI_IS1005a_H00_MIO055_0092588_0093038
LOG (gmm-align-compiled[5.4.105~1-4fda]:main():gmm-align-compiled.cc:127) AMI_IS1005a_H00_MIO055_0097615_0097830
LOG (gmm-align-compiled[5.4.105~1-4fda]:main():gmm-align-compiled.cc:127) AMI_IS1005a_H01_MIO077_0012371_0012406
LOG (gmm-align-compiled[5.4.105~1-4fda]:main():gmm-align-compiled.cc:127) AMI_IS1005a_H01_MIO077_0033462_0033988
LOG (gmm-align-compiled[5.4.105~1-4fda]:main():gmm-align-compiled.cc:127) AMI_IS1005a_H01_MIO077_0042342_0042428
LOG (gmm-align-compiled[5.4.105~1-4fda]:main():gmm-align-compiled.cc:127) AMI_IS1005a_H01_MIO077_0046728_0046935
LOG (gmm-align-compiled[5.4.105~1-4fda]:main():gmm-align-compiled.cc:127) AMI_IS1005a_H01_MIO077_0059017_0059253
LOG (gmm-align-compiled[5.4.105~1-4fda]:main():gmm-align-compiled.cc:127) AMI_IS1005a_H01_MIO077_0076167_0076863
LOG (gmm-align-compiled[5.4.105~1-4fda]:main():gmm-align-compiled.cc:127) AMI_IS1005a_H01_MIO077_0081166_0081509
LOG (gmm-align-compiled[5.4.105~1-4fda]:main():gmm-align-compiled.cc:127) AMI_IS1005a_H01_MIO077_0090937_0091246
LOG (gmm-align-compiled[5.4.105~1-4fda]:main():gmm-align-compiled.cc:127) AMI_IS1005a_H02_MIO076_0011253_0011944
LOG (gmm-align-compiled[5.4.105~1-4fda]:main():gmm-align-compiled.cc:127) AMI_IS1005a_H02_MIO076_0047092_0047220
LOG (gmm-align-compiled[5.4.105~1-4fda]:main():gmm-align-compiled.cc:127) AMI_IS1005a_H02_MIO076_0055010_0055629
LOG (gmm-align-compiled[5.4.105~1-4fda]:main():gmm-align-compiled.cc:127) AMI_IS1005a_H02_MIO076_0058714_0058805
LOG (gmm-align-compiled[5.4.105~1-4fda]:main():gmm-align-compiled.cc:127) AMI_IS1005a_H02_MIO076_0098101_0098124
LOG (gmm-align-compiled[5.4.105~1-4fda]:main():gmm-align-compiled.cc:127) AMI_IS1005a_H03_MIE002_0032517_0032673
LOG (gmm-align-compiled[5.4.105~1-4fda]:main():gmm-align-compiled.cc:127) AMI_IS1005a_H03_MIE002_0045767_0045880
LOG (gmm-align-compiled[5.4.105~1-4fda]:main():gmm-align-compiled.cc:127) AMI_IS1005a_H03_MIE002_0058924_0059141
LOG (gmm-align-compiled[5.4.105~1-4fda]:main():gmm-align-compiled.cc:127) AMI_IS1005a_H03_MIE002_0073056_0073317
WARNING (gmm-align-compiled[5.4.105~1-4fda]:AlignUtteranceWrapper():decoder-wrappers.cc:468) Retrying utterance AMI_IS1005a_H03_MIE002_0073056_0073317 with beam 40
LOG (gmm-align-compiled[5.4.105~1-4fda]:main():gmm-align-compiled.cc:127) AMI_IS1005a_H03_MIE002_0087039_0087064
LOG (gmm-align-compiled[5.4.105~1-4fda]:main():gmm-align-compiled.cc:127) AMI_IS1005a_H03_MIE002_0097832_0097976
LOG (gmm-align-compiled[5.4.105~1-4fda]:main():gmm-align-compiled.cc:127) AMI_IS1005b_H00_MIO055_0005313_0005733
LOG (gmm-align-compiled[5.4.105~1-4fda]:main():gmm-align-compiled.cc:127) AMI_IS1005b_H00_MIO055_0009270_0009653
LOG (gmm-align-compiled[5.4.105~1-4fda]:main():gmm-align-compiled.cc:127) AMI_IS1005b_H00_MIO055_0044810_0045804
LOG (gmm-align-compiled[5.4.105~1-4fda]:main():gmm-align-compiled.cc:127) AMI_IS1005b_H00_MIO055_0054799_0054864
LOG (gmm-align-compiled[5.4.105~1-4fda]:main():gmm-align-compiled.cc:127) AMI_IS1005b_H00_MIO055_0083836_0083886
LOG (gmm-align-compiled[5.4.105~1-4fda]:main():gmm-align-compiled.cc:127) AMI_IS1005b_H00_MIO055_0090292_0090621
LOG (gmm-align-compiled[5.4.105~1-4fda]:main():gmm-align-compiled.cc:127) AMI_IS1005b_H00_MIO055_0112518_0112541
LOG (gmm-align-compiled[5.4.105~1-4fda]:main():gmm-align-compiled.cc:127) AMI_IS1005b_H00_MIO055_0122548_0122574
LOG (gmm-align-compiled[5.4.105~1-4fda]:main():gmm-align-compiled.cc:127) AMI_IS1005b_H00_MIO055_0128367_0128786
LOG (gmm-align-compiled[5.4.105~1-4fda]:main():gmm-align-compiled.cc:127) AMI_IS1005b_H00_MIO055_0133244_0133293
LOG (gmm-align-compiled[5.4.105~1-4fda]:main():gmm-align-compiled.cc:127) AMI_IS1005b_H00_MIO055_0136368_0136745
LOG (gmm-align-compiled[5.4.105~1-4fda]:main():gmm-align-compiled.cc:127) AMI_IS1005b_H00_MIO055_0141503_0142205
LOG (gmm-align-compiled[5.4.105~1-4fda]:main():gmm-align-compiled.cc:127) AMI_IS1005b_H00_MIO055_0147106_0147266
LOG (gmm-align-compiled[5.4.105~1-4fda]:main():gmm-align-compiled.cc:127) AMI_IS1005b_H00_MIO055_0151246_0151435
LOG (gmm-align-compiled[5.4.105~1-4fda]:main():gmm-align-compiled.cc:127) AMI_IS1005b_H00_MIO055_0155886_0155924
LOG (gmm-align-compiled[5.4.105~1-4fda]:main():gmm-align-compiled.cc:127) AMI_IS1005b_H00_MIO055_0158737_0159176
LOG (gmm-align-compiled[5.4.105~1-4fda]:main():gmm-align-compiled.cc:127) AMI_IS1005b_H00_MIO055_0164599_0164614
LOG (gmm-align-compiled[5.4.105~1-4fda]:main():gmm-align-compiled.cc:127) AMI_IS1005b_H00_MIO055_0170328_0170732
LOG (gmm-align-compiled[5.4.105~1-4fda]:main():gmm-align-compiled.cc:127) AMI_IS1005b_H00_MIO055_0175347_0175476
LOG (gmm-align-compiled[5.4.105~1-4fda]:main():gmm-align-compiled.cc:127) AMI_IS1005b_H00_MIO055_0182077_0182479
LOG (gmm-align-compiled[5.4.105~1-4fda]:main():gmm-align-compiled.cc:127) AMI_IS1005b_H00_MIO055_0189825_0189910
LOG (gmm-align-compiled[5.4.105~1-4fda]:main():gmm-align-compiled.cc:127) AMI_IS1005b_H00_MIO055_0197655_0197953
LOG (gmm-align-compiled[5.4.105~1-4fda]:main():gmm-align-compiled.cc:127) AMI_IS1005b_H00_MIO055_0202591_0202652
LOG (gmm-align-compiled[5.4.105~1-4fda]:main():gmm-align-compiled.cc:127) AMI_IS1005b_H00_MIO055_0213594_0213692
LOG (gmm-align-compiled[5.4.105~1-4fda]:main():gmm-align-compiled.cc:127) AMI_IS1005b_H01_MIO077_0046804_0046911
LOG (gmm-align-compiled[5.4.105~1-4fda]:main():gmm-align-compiled.cc:127) AMI_IS1005b_H01_MIO077_0055287_0055349
LOG (gmm-align-compiled[5.4.105~1-4fda]:main():gmm-align-compiled.cc:127) AMI_IS1005b_H01_MIO077_0087042_0087440
LOG (gmm-align-compiled[5.4.105~1-4fda]:main():gmm-align-compiled.cc:127) AMI_IS1005b_H01_MIO077_0091936_0092039
LOG (gmm-align-compiled[5.4.105~1-4fda]:main():gmm-align-compiled.cc:127) AMI_IS1005b_H01_MIO077_0094038_0094294
LOG (gmm-align-compiled[5.4.105~1-4fda]:main():gmm-align-compiled.cc:127) AMI_IS1005b_H01_MIO077_0096835_0098405
LOG (gmm-align-compiled[5.4.105~1-4fda]:main():gmm-align-compiled.cc:127) AMI_IS1005b_H01_MIO077_0102748_0102909
LOG (gmm-align-compiled[5.4.105~1-4fda]:main():gmm-align-compiled.cc:127) AMI_IS1005b_H01_MIO077_0108645_0109291
LOG (gmm-align-compiled[5.4.105~1-4fda]:main():gmm-align-compiled.cc:127) AMI_IS1005b_H01_MIO077_0111269_0112054
LOG (gmm-align-compiled[5.4.105~1-4fda]:main():gmm-align-compiled.cc:127) AMI_IS1005b_H01_MIO077_0116059_0116718
LOG (gmm-align-compiled[5.4.105~1-4fda]:main():gmm-align-compiled.cc:127) AMI_IS1005b_H01_MIO077_0119456_0119557
LOG (gmm-align-compiled[5.4.105~1-4fda]:main():gmm-align-compiled.cc:127) AMI_IS1005b_H01_MIO077_0123027_0123295
LOG (gmm-align-compiled[5.4.105~1-4fda]:main():gmm-align-compiled.cc:127) AMI_IS1005b_H01_MIO077_0127111_0127196
LOG (gmm-align-compiled[5.4.105~1-4fda]:main():gmm-align-compiled.cc:127) AMI_IS1005b_H01_MIO077_0148099_0148491
LOG (gmm-align-compiled[5.4.105~1-4fda]:main():gmm-align-compiled.cc:127) AMI_IS1005b_H01_MIO077_0162234_0162325
LOG (gmm-align-compiled[5.4.105~1-4fda]:main():gmm-align-compiled.cc:127) AMI_IS1005b_H01_MIO077_0170377_0170429
LOG (gmm-align-compiled[5.4.105~1-4fda]:main():gmm-align-compiled.cc:127) AMI_IS1005b_H01_MIO077_0176910_0177296
LOG (gmm-align-compiled[5.4.105~1-4fda]:main():gmm-align-compiled.cc:127) AMI_IS1005b_H01_MIO077_0181058_0181163
LOG (gmm-align-compiled[5.4.105~1-4fda]:main():gmm-align-compiled.cc:127) AMI_IS1005b_H01_MIO077_0184628_0184793
LOG (gmm-align-compiled[5.4.105~1-4fda]:main():gmm-align-compiled.cc:127) AMI_IS1005b_H01_MIO077_0191187_0191267
LOG (gmm-align-compiled[5.4.105~1-4fda]:main():gmm-align-compiled.cc:127) AMI_IS1005b_H01_MIO077_0194984_0195021
LOG (gmm-align-compiled[5.4.105~1-4fda]:main():gmm-align-compiled.cc:127) AMI_IS1005b_H01_MIO077_0209283_0209733
LOG (gmm-align-compiled[5.4.105~1-4fda]:main():gmm-align-compiled.cc:127) AMI_IS1005b_H02_MIO076_0047351_0047737
LOG (gmm-align-compiled[5.4.105~1-4fda]:main():gmm-align-compiled.cc:127) AMI_IS1005b_H02_MIO076_0054773_0054898
LOG (gmm-align-compiled[5.4.105~1-4fda]:main():gmm-align-compiled.cc:127) AMI_IS1005b_H02_MIO076_0059654_0060095
LOG (gmm-align-compiled[5.4.105~1-4fda]:main():gmm-align-compiled.cc:127) AMI_IS1005b_H02_MIO076_0067597_0068364
LOG (gmm-align-compiled[5.4.105~1-4fda]:main():gmm-align-compiled.cc:127) AMI_IS1005b_H02_MIO076_0072815_0074317
LOG (gmm-align-compiled[5.4.105~1-4fda]:main():gmm-align-compiled.cc:127) AMI_IS1005b_H02_MIO076_0080418_0081227
LOG (gmm-align-compiled[5.4.105~1-4fda]:main():gmm-align-compiled.cc:127) AMI_IS1005b_H02_MIO076_0153519_0153566
LOG (gmm-align-compiled[5.4.105~1-4fda]:main():gmm-align-compiled.cc:127) AMI_IS1005b_H02_MIO076_0158900_0159018
LOG (gmm-align-compiled[5.4.105~1-4fda]:main():gmm-align-compiled.cc:127) AMI_IS1005b_H02_MIO076_0168424_0168924
LOG (gmm-align-compiled[5.4.105~1-4fda]:main():gmm-align-compiled.cc:127) AMI_IS1005b_H02_MIO076_0176507_0176559
LOG (gmm-align-compiled[5.4.105~1-4fda]:main():gmm-align-compiled.cc:127) AMI_IS1005b_H02_MIO076_0190308_0190897
LOG (gmm-align-compiled[5.4.105~1-4fda]:main():gmm-align-compiled.cc:127) AMI_IS1005b_H02_MIO076_0199011_0199054
LOG (gmm-align-compiled[5.4.105~1-4fda]:main():gmm-align-compiled.cc:127) AMI_IS1005b_H02_MIO076_0207742_0208808
LOG (gmm-align-compiled[5.4.105~1-4fda]:main():gmm-align-compiled.cc:127) AMI_IS1005b_H03_MIE002_0008465_0008920
LOG (gmm-align-compiled[5.4.105~1-4fda]:main():gmm-align-compiled.cc:127) AMI_IS1005b_H03_MIE002_0015635_0016809
LOG (gmm-align-compiled[5.4.105~1-4fda]:main():gmm-align-compiled.cc:127) AMI_IS1005b_H03_MIE002_0019834_0020878
LOG (gmm-align-compiled[5.4.105~1-4fda]:main():gmm-align-compiled.cc:127) AMI_IS1005b_H03_MIE002_0026495_0026947
LOG (gmm-align-compiled[5.4.105~1-4fda]:main():gmm-align-compiled.cc:127) AMI_IS1005b_H03_MIE002_0031302_0032264
LOG (gmm-align-compiled[5.4.105~1-4fda]:main():gmm-align-compiled.cc:127) AMI_IS1005b_H03_MIE002_0036953_0037875
LOG (gmm-align-compiled[5.4.105~1-4fda]:main():gmm-align-compiled.cc:127) AMI_IS1005b_H03_MIE002_0041829_0042361
LOG (gmm-align-compiled[5.4.105~1-4fda]:main():gmm-align-compiled.cc:127) AMI_IS1005b_H03_MIE002_0054017_0054129
LOG (gmm-align-compiled[5.4.105~1-4fda]:main():gmm-align-compiled.cc:127) AMI_IS1005b_H03_MIE002_0124734_0124977
LOG (gmm-align-compiled[5.4.105~1-4fda]:main():gmm-align-compiled.cc:127) AMI_IS1005b_H03_MIE002_0125955_0126345
LOG (gmm-align-compiled[5.4.105~1-4fda]:main():gmm-align-compiled.cc:127) AMI_IS1005b_H03_MIE002_0130940_0130963
LOG (gmm-align-compiled[5.4.105~1-4fda]:main():gmm-align-compiled.cc:127) AMI_IS1005b_H03_MIE002_0154259_0154312
LOG (gmm-align-compiled[5.4.105~1-4fda]:main():gmm-align-compiled.cc:127) AMI_IS1005b_H03_MIE002_0164587_0164629
LOG (gmm-align-compiled[5.4.105~1-4fda]:main():gmm-align-compiled.cc:127) AMI_IS1005b_H03_MIE002_0172158_0172182
LOG (gmm-align-compiled[5.4.105~1-4fda]:main():gmm-align-compiled.cc:127) AMI_IS1005b_H03_MIE002_0177853_0178377
LOG (gmm-align-compiled[5.4.105~1-4fda]:main():gmm-align-compiled.cc:127) AMI_IS1005b_H03_MIE002_0182888_0183393
LOG (gmm-align-compiled[5.4.105~1-4fda]:main():gmm-align-compiled.cc:127) AMI_IS1005b_H03_MIE002_0188527_0189222
LOG (gmm-align-compiled[5.4.105~1-4fda]:main():gmm-align-compiled.cc:127) AMI_IS1005b_H03_MIE002_0193749_0193902
WARNING (gmm-align-compiled[5.4.105~1-4fda]:AlignUtteranceWrapper():decoder-wrappers.cc:468) Retrying utterance AMI_IS1005b_H03_MIE002_0193749_0193902 with beam 40
LOG (gmm-align-compiled[5.4.105~1-4fda]:main():gmm-align-compiled.cc:127) AMI_IS1005b_H03_MIE002_0203572_0203655
LOG (gmm-align-compiled[5.4.105~1-4fda]:main():gmm-align-compiled.cc:127) AMI_IS1005b_H03_MIE002_0214738_0214934
LOG (gmm-align-compiled[5.4.105~1-4fda]:main():gmm-align-compiled.cc:127) AMI_IS1005c_H00_MIO055_0008491_0008636
LOG (gmm-align-compiled[5.4.105~1-4fda]:main():gmm-align-compiled.cc:127) AMI_IS1005c_H00_MIO055_0012438_0012521
LOG (gmm-align-compiled[5.4.105~1-4fda]:main():gmm-align-compiled.cc:127) AMI_IS1005c_H00_MIO055_0028683_0028789
LOG (gmm-align-compiled[5.4.105~1-4fda]:main():gmm-align-compiled.cc:127) AMI_IS1005c_H00_MIO055_0068601_0068638
LOG (gmm-align-compiled[5.4.105~1-4fda]:main():gmm-align-compiled.cc:127) AMI_IS1005c_H00_MIO055_0088930_0089487
LOG (gmm-align-compiled[5.4.105~1-4fda]:main():gmm-align-compiled.cc:127) AMI_IS1005c_H00_MIO055_0093960_0094488
LOG (gmm-align-compiled[5.4.105~1-4fda]:main():gmm-align-compiled.cc:127) AMI_IS1005c_H00_MIO055_0099212_0099403
LOG (gmm-align-compiled[5.4.105~1-4fda]:main():gmm-align-compiled.cc:127) AMI_IS1005c_H00_MIO055_0103644_0104413
LOG (gmm-align-compiled[5.4.105~1-4fda]:main():gmm-align-compiled.cc:127) AMI_IS1005c_H00_MIO055_0109356_0109839
LOG (gmm-align-compiled[5.4.105~1-4fda]:main():gmm-align-compiled.cc:127) AMI_IS1005c_H00_MIO055_0113785_0113815
LOG (gmm-align-compiled[5.4.105~1-4fda]:main():gmm-align-compiled.cc:127) AMI_IS1005c_H00_MIO055_0128864_0128888
LOG (gmm-align-compiled[5.4.105~1-4fda]:main():gmm-align-compiled.cc:127) AMI_IS1005c_H00_MIO055_0133472_0133497
LOG (gmm-align-compiled[5.4.105~1-4fda]:main():gmm-align-compiled.cc:127) AMI_IS1005c_H00_MIO055_0138105_0138920
LOG (gmm-align-compiled[5.4.105~1-4fda]:main():gmm-align-compiled.cc:127) AMI_IS1005c_H00_MIO055_0141767_0141893
LOG (gmm-align-compiled[5.4.105~1-4fda]:main():gmm-align-compiled.cc:127) AMI_IS1005c_H00_MIO055_0145264_0145551
LOG (gmm-align-compiled[5.4.105~1-4fda]:main():gmm-align-compiled.cc:127) AMI_IS1005c_H00_MIO055_0151016_0151040
LOG (gmm-align-compiled[5.4.105~1-4fda]:main():gmm-align-compiled.cc:127) AMI_IS1005c_H00_MIO055_0155202_0155480
LOG (gmm-align-compiled[5.4.105~1-4fda]:main():gmm-align-compiled.cc:127) AMI_IS1005c_H00_MIO055_0158690_0159122
LOG (gmm-align-compiled[5.4.105~1-4fda]:main():gmm-align-compiled.cc:127) AMI_IS1005c_H00_MIO055_0170193_0170475
LOG (gmm-align-compiled[5.4.105~1-4fda]:main():gmm-align-compiled.cc:127) AMI_IS1005c_H00_MIO055_0173694_0173987
LOG (gmm-align-compiled[5.4.105~1-4fda]:main():gmm-align-compiled.cc:127) AMI_IS1005c_H00_MIO055_0187484_0187498
LOG (gmm-align-compiled[5.4.105~1-4fda]:main():gmm-align-compiled.cc:127) AMI_IS1005c_H00_MIO055_0192334_0192473
LOG (gmm-align-compiled[5.4.105~1-4fda]:main():gmm-align-compiled.cc:127) AMI_IS1005c_H00_MIO055_0197307_0197539
LOG (gmm-align-compiled[5.4.105~1-4fda]:main():gmm-align-compiled.cc:127) AMI_IS1005c_H01_MIO077_0023469_0023584
LOG (gmm-align-compiled[5.4.105~1-4fda]:main():gmm-align-compiled.cc:127) AMI_IS1005c_H01_MIO077_0061178_0061902
LOG (gmm-align-compiled[5.4.105~1-4fda]:main():gmm-align-compiled.cc:127) AMI_IS1005c_H01_MIO077_0068853_0069702
LOG (gmm-align-compiled[5.4.105~1-4fda]:main():gmm-align-compiled.cc:127) AMI_IS1005c_H01_MIO077_0074010_0074624
LOG (gmm-align-compiled[5.4.105~1-4fda]:main():gmm-align-compiled.cc:127) AMI_IS1005c_H01_MIO077_0077846_0078285
LOG (gmm-align-compiled[5.4.105~1-4fda]:main():gmm-align-compiled.cc:127) AMI_IS1005c_H01_MIO077_0081698_0081904
LOG (gmm-align-compiled[5.4.105~1-4fda]:main():gmm-align-compiled.cc:127) AMI_IS1005c_H01_MIO077_0087339_0088399
LOG (gmm-align-compiled[5.4.105~1-4fda]:main():gmm-align-compiled.cc:127) AMI_IS1005c_H01_MIO077_0091949_0092118
LOG (gmm-align-compiled[5.4.105~1-4fda]:main():gmm-align-compiled.cc:127) AMI_IS1005c_H01_MIO077_0096696_0097019
WARNING (gmm-align-compiled[5.4.105~1-4fda]:AlignUtteranceWrapper():decoder-wrappers.cc:468) Retrying utterance AMI_IS1005c_H01_MIO077_0096696_0097019 with beam 40
LOG (gmm-align-compiled[5.4.105~1-4fda]:main():gmm-align-compiled.cc:127) AMI_IS1005c_H01_MIO077_0108901_0108956
LOG (gmm-align-compiled[5.4.105~1-4fda]:main():gmm-align-compiled.cc:127) AMI_IS1005c_H01_MIO077_0112473_0112819
LOG (gmm-align-compiled[5.4.105~1-4fda]:main():gmm-align-compiled.cc:127) AMI_IS1005c_H01_MIO077_0125329_0125439
LOG (gmm-align-compiled[5.4.105~1-4fda]:main():gmm-align-compiled.cc:127) AMI_IS1005c_H01_MIO077_0128119_0128731
LOG (gmm-align-compiled[5.4.105~1-4fda]:main():gmm-align-compiled.cc:127) AMI_IS1005c_H01_MIO077_0134869_0135674
LOG (gmm-align-compiled[5.4.105~1-4fda]:main():gmm-align-compiled.cc:127) AMI_IS1005c_H01_MIO077_0143627_0143977
LOG (gmm-align-compiled[5.4.105~1-4fda]:main():gmm-align-compiled.cc:127) AMI_IS1005c_H01_MIO077_0147758_0147937
LOG (gmm-align-compiled[5.4.105~1-4fda]:main():gmm-align-compiled.cc:127) AMI_IS1005c_H01_MIO077_0151070_0151108
LOG (gmm-align-compiled[5.4.105~1-4fda]:main():gmm-align-compiled.cc:127) AMI_IS1005c_H01_MIO077_0164245_0164455
LOG (gmm-align-compiled[5.4.105~1-4fda]:main():gmm-align-compiled.cc:127) AMI_IS1005c_H01_MIO077_0182052_0182964
LOG (gmm-align-compiled[5.4.105~1-4fda]:main():gmm-align-compiled.cc:127) AMI_IS1005c_H01_MIO077_0186598_0187542
LOG (gmm-align-compiled[5.4.105~1-4fda]:main():gmm-align-compiled.cc:127) AMI_IS1005c_H02_MIO076_0004152_0004166
LOG (gmm-align-compiled[5.4.105~1-4fda]:main():gmm-align-compiled.cc:127) AMI_IS1005c_H02_MIO076_0032535_0032570
LOG (gmm-align-compiled[5.4.105~1-4fda]:main():gmm-align-compiled.cc:127) AMI_IS1005c_H02_MIO076_0035562_0036469
LOG (gmm-align-compiled[5.4.105~1-4fda]:main():gmm-align-compiled.cc:127) AMI_IS1005c_H02_MIO076_0042026_0043451
LOG (gmm-align-compiled[5.4.105~1-4fda]:main():gmm-align-compiled.cc:127) AMI_IS1005c_H02_MIO076_0052704_0052932
LOG (gmm-align-compiled[5.4.105~1-4fda]:main():gmm-align-compiled.cc:127) AMI_IS1005c_H02_MIO076_0056039_0056873
LOG (gmm-align-compiled[5.4.105~1-4fda]:main():gmm-align-compiled.cc:127) AMI_IS1005c_H02_MIO076_0060863_0060929
LOG (gmm-align-compiled[5.4.105~1-4fda]:main():gmm-align-compiled.cc:127) AMI_IS1005c_H02_MIO076_0101492_0101589
LOG (gmm-align-compiled[5.4.105~1-4fda]:main():gmm-align-compiled.cc:127) AMI_IS1005c_H02_MIO076_0119963_0120626
LOG (gmm-align-compiled[5.4.105~1-4fda]:main():gmm-align-compiled.cc:127) AMI_IS1005c_H02_MIO076_0125152_0125221
LOG (gmm-align-compiled[5.4.105~1-4fda]:main():gmm-align-compiled.cc:127) AMI_IS1005c_H02_MIO076_0133035_0133966
LOG (gmm-align-compiled[5.4.105~1-4fda]:main():gmm-align-compiled.cc:127) AMI_IS1005c_H02_MIO076_0152405_0152591
LOG (gmm-align-compiled[5.4.105~1-4fda]:main():gmm-align-compiled.cc:127) AMI_IS1005c_H02_MIO076_0159842_0159934
LOG (gmm-align-compiled[5.4.105~1-4fda]:main():gmm-align-compiled.cc:127) AMI_IS1005c_H02_MIO076_0164468_0164862
LOG (gmm-align-compiled[5.4.105~1-4fda]:main():gmm-align-compiled.cc:127) AMI_IS1005c_H02_MIO076_0176528_0177624
LOG (gmm-align-compiled[5.4.105~1-4fda]:main():gmm-align-compiled.cc:127) AMI_IS1005c_H02_MIO076_0190119_0190165
LOG (gmm-align-compiled[5.4.105~1-4fda]:main():gmm-align-compiled.cc:127) AMI_IS1005c_H03_MIE002_0011452_0011525
LOG (gmm-align-compiled[5.4.105~1-4fda]:main():gmm-align-compiled.cc:127) AMI_IS1005c_H03_MIE002_0014300_0014981
LOG (gmm-align-compiled[5.4.105~1-4fda]:main():gmm-align-compiled.cc:127) AMI_IS1005c_H03_MIE002_0019964_0020452
LOG (gmm-align-compiled[5.4.105~1-4fda]:main():gmm-align-compiled.cc:127) AMI_IS1005c_H03_MIE002_0027742_0027854
LOG (gmm-align-compiled[5.4.105~1-4fda]:main():gmm-align-compiled.cc:127) AMI_IS1005c_H03_MIE002_0089813_0089939
LOG (gmm-align-compiled[5.4.105~1-4fda]:main():gmm-align-compiled.cc:127) AMI_IS1005c_H03_MIE002_0095282_0095374
LOG (gmm-align-compiled[5.4.105~1-4fda]:main():gmm-align-compiled.cc:127) AMI_IS1005c_H03_MIE002_0101546_0101573
LOG (gmm-align-compiled[5.4.105~1-4fda]:main():gmm-align-compiled.cc:127) AMI_IS1005c_H03_MIE002_0125811_0126052
LOG (gmm-align-compiled[5.4.105~1-4fda]:main():gmm-align-compiled.cc:127) AMI_IS1005c_H03_MIE002_0148327_0148440
LOG (gmm-align-compiled[5.4.105~1-4fda]:main():gmm-align-compiled.cc:127) AMI_IS1005c_H03_MIE002_0165530_0165605
LOG (gmm-align-compiled[5.4.105~1-4fda]:main():gmm-align-compiled.cc:127) AMI_IS1005c_H03_MIE002_0180730_0180766
LOG (gmm-align-compiled[5.4.105~1-4fda]:main():gmm-align-compiled.cc:127) AMI_IS1005c_H03_MIE002_0189714_0189777
LOG (gmm-align-compiled[5.4.105~1-4fda]:main():gmm-align-compiled.cc:127) AMI_IS1006a_H00_FIO041_0002295_0003611
LOG (gmm-align-compiled[5.4.105~1-4fda]:main():gmm-align-compiled.cc:127) AMI_IS1006a_H00_FIO041_0010008_0010889
LOG (gmm-align-compiled[5.4.105~1-4fda]:main():gmm-align-compiled.cc:127) AMI_IS1006a_H00_FIO041_0018852_0019178
LOG (gmm-align-compiled[5.4.105~1-4fda]:main():gmm-align-compiled.cc:127) AMI_IS1006a_H00_FIO041_0027047_0027387
LOG (gmm-align-compiled[5.4.105~1-4fda]:main():gmm-align-compiled.cc:127) AMI_IS1006a_H00_FIO041_0030927_0030981
LOG (gmm-align-compiled[5.4.105~1-4fda]:main():gmm-align-compiled.cc:127) AMI_IS1006a_H00_FIO041_0035672_0035753
LOG (gmm-align-compiled[5.4.105~1-4fda]:main():gmm-align-compiled.cc:127) AMI_IS1006a_H00_FIO041_0043731_0044049
LOG (gmm-align-compiled[5.4.105~1-4fda]:main():gmm-align-compiled.cc:127) AMI_IS1006a_H00_FIO041_0048688_0048834
LOG (gmm-align-compiled[5.4.105~1-4fda]:main():gmm-align-compiled.cc:127) AMI_IS1006a_H00_FIO041_0054764_0054866
LOG (gmm-align-compiled[5.4.105~1-4fda]:main():gmm-align-compiled.cc:127) AMI_IS1006a_H00_FIO041_0062570_0062600
LOG (gmm-align-compiled[5.4.105~1-4fda]:main():gmm-align-compiled.cc:127) AMI_IS1006a_H00_FIO041_0069722_0070442
LOG (gmm-align-compiled[5.4.105~1-4fda]:main():gmm-align-compiled.cc:127) AMI_IS1006a_H00_FIO041_0075317_0075538
LOG (gmm-align-compiled[5.4.105~1-4fda]:main():gmm-align-compiled.cc:127) AMI_IS1006a_H00_FIO041_0081034_0081071
LOG (gmm-align-compiled[5.4.105~1-4fda]:main():gmm-align-compiled.cc:127) AMI_IS1006a_H01_MIO040_0019692_0019761
LOG (gmm-align-compiled[5.4.105~1-4fda]:main():gmm-align-compiled.cc:127) AMI_IS1006a_H01_MIO040_0026357_0026866
LOG (gmm-align-compiled[5.4.105~1-4fda]:main():gmm-align-compiled.cc:127) AMI_IS1006a_H01_MIO040_0035208_0035302
LOG (gmm-align-compiled[5.4.105~1-4fda]:main():gmm-align-compiled.cc:127) AMI_IS1006a_H01_MIO040_0040812_0041316
LOG (gmm-align-compiled[5.4.105~1-4fda]:main():gmm-align-compiled.cc:127) AMI_IS1006a_H01_MIO040_0054232_0054464
LOG (gmm-align-compiled[5.4.105~1-4fda]:main():gmm-align-compiled.cc:127) AMI_IS1006a_H01_MIO040_0059828_0059911
LOG (gmm-align-compiled[5.4.105~1-4fda]:main():gmm-align-compiled.cc:127) AMI_IS1006a_H01_MIO040_0068036_0068107
LOG (gmm-align-compiled[5.4.105~1-4fda]:main():gmm-align-compiled.cc:127) AMI_IS1006a_H02_MIO078_0022610_0023211
LOG (gmm-align-compiled[5.4.105~1-4fda]:main():gmm-align-compiled.cc:127) AMI_IS1006a_H02_MIO078_0028091_0028710
LOG (gmm-align-compiled[5.4.105~1-4fda]:main():gmm-align-compiled.cc:127) AMI_IS1006a_H02_MIO078_0039651_0039681
LOG (gmm-align-compiled[5.4.105~1-4fda]:main():gmm-align-compiled.cc:127) AMI_IS1006a_H02_MIO078_0041961_0042409
LOG (gmm-align-compiled[5.4.105~1-4fda]:main():gmm-align-compiled.cc:127) AMI_IS1006a_H02_MIO078_0047520_0047673
LOG (gmm-align-compiled[5.4.105~1-4fda]:main():gmm-align-compiled.cc:127) AMI_IS1006a_H02_MIO078_0051348_0051686
LOG (gmm-align-compiled[5.4.105~1-4fda]:main():gmm-align-compiled.cc:127) AMI_IS1006a_H02_MIO078_0057640_0057999
LOG (gmm-align-compiled[5.4.105~1-4fda]:main():gmm-align-compiled.cc:127) AMI_IS1006a_H02_MIO078_0062340_0062357
LOG (gmm-align-compiled[5.4.105~1-4fda]:main():gmm-align-compiled.cc:127) AMI_IS1006a_H02_MIO078_0068753_0069010
LOG (gmm-align-compiled[5.4.105~1-4fda]:main():gmm-align-compiled.cc:127) AMI_IS1006a_H02_MIO078_0071610_0071946
LOG (gmm-align-compiled[5.4.105~1-4fda]:main():gmm-align-compiled.cc:127) AMI_IS1006a_H03_MIO008_0014585_0014865
LOG (gmm-align-compiled[5.4.105~1-4fda]:main():gmm-align-compiled.cc:127) AMI_IS1006a_H03_MIO008_0016464_0017029
LOG (gmm-align-compiled[5.4.105~1-4fda]:main():gmm-align-compiled.cc:127) AMI_IS1006a_H03_MIO008_0023036_0023302
LOG (gmm-align-compiled[5.4.105~1-4fda]:main():gmm-align-compiled.cc:127) AMI_IS1006a_H03_MIO008_0026737_0026841
LOG (gmm-align-compiled[5.4.105~1-4fda]:main():gmm-align-compiled.cc:127) AMI_IS1006a_H03_MIO008_0029561_0029593
LOG (gmm-align-compiled[5.4.105~1-4fda]:main():gmm-align-compiled.cc:127) AMI_IS1006a_H03_MIO008_0038859_0038885
LOG (gmm-align-compiled[5.4.105~1-4fda]:main():gmm-align-compiled.cc:127) AMI_IS1006a_H03_MIO008_0041757_0041847
LOG (gmm-align-compiled[5.4.105~1-4fda]:main():gmm-align-compiled.cc:127) AMI_IS1006a_H03_MIO008_0046731_0047650
LOG (gmm-align-compiled[5.4.105~1-4fda]:main():gmm-align-compiled.cc:127) AMI_IS1006a_H03_MIO008_0051602_0052352
LOG (gmm-align-compiled[5.4.105~1-4fda]:main():gmm-align-compiled.cc:127) AMI_IS1006a_H03_MIO008_0056775_0057645
LOG (gmm-align-compiled[5.4.105~1-4fda]:main():gmm-align-compiled.cc:127) AMI_IS1006a_H03_MIO008_0062109_0062294
LOG (gmm-align-compiled[5.4.105~1-4fda]:main():gmm-align-compiled.cc:127) AMI_IS1006a_H03_MIO008_0070821_0070868
LOG (gmm-align-compiled[5.4.105~1-4fda]:main():gmm-align-compiled.cc:127) AMI_IS1006a_H03_MIO008_0081143_0081174
LOG (gmm-align-compiled[5.4.105~1-4fda]:main():gmm-align-compiled.cc:127) AMI_IS1006b_H00_FIO041_0004437_0006783
LOG (gmm-align-compiled[5.4.105~1-4fda]:main():gmm-align-compiled.cc:127) AMI_IS1006b_H00_FIO041_0014151_0014318
LOG (gmm-align-compiled[5.4.105~1-4fda]:main():gmm-align-compiled.cc:127) AMI_IS1006b_H00_FIO041_0035432_0036014
LOG (gmm-align-compiled[5.4.105~1-4fda]:main():gmm-align-compiled.cc:127) AMI_IS1006b_H00_FIO041_0053823_0053841
LOG (gmm-align-compiled[5.4.105~1-4fda]:main():gmm-align-compiled.cc:127) AMI_IS1006b_H00_FIO041_0066224_0066283
LOG (gmm-align-compiled[5.4.105~1-4fda]:main():gmm-align-compiled.cc:127) AMI_IS1006b_H00_FIO041_0070220_0070233
LOG (gmm-align-compiled[5.4.105~1-4fda]:main():gmm-align-compiled.cc:127) AMI_IS1006b_H00_FIO041_0110320_0110351
LOG (gmm-align-compiled[5.4.105~1-4fda]:main():gmm-align-compiled.cc:127) AMI_IS1006b_H00_FIO041_0120284_0120296
LOG (gmm-align-compiled[5.4.105~1-4fda]:main():gmm-align-compiled.cc:127) AMI_IS1006b_H00_FIO041_0129405_0129498
LOG (gmm-align-compiled[5.4.105~1-4fda]:main():gmm-align-compiled.cc:127) AMI_IS1006b_H00_FIO041_0149136_0149483
LOG (gmm-align-compiled[5.4.105~1-4fda]:main():gmm-align-compiled.cc:127) AMI_IS1006b_H00_FIO041_0157047_0157077
LOG (gmm-align-compiled[5.4.105~1-4fda]:main():gmm-align-compiled.cc:127) AMI_IS1006b_H00_FIO041_0164088_0164312
LOG (gmm-align-compiled[5.4.105~1-4fda]:main():gmm-align-compiled.cc:127) AMI_IS1006b_H00_FIO041_0169834_0169853
LOG (gmm-align-compiled[5.4.105~1-4fda]:main():gmm-align-compiled.cc:127) AMI_IS1006b_H00_FIO041_0181488_0182089
LOG (gmm-align-compiled[5.4.105~1-4fda]:main():gmm-align-compiled.cc:127) AMI_IS1006b_H00_FIO041_0189073_0189095
LOG (gmm-align-compiled[5.4.105~1-4fda]:main():gmm-align-compiled.cc:127) AMI_IS1006b_H00_FIO041_0191958_0192750
LOG (gmm-align-compiled[5.4.105~1-4fda]:main():gmm-align-compiled.cc:127) AMI_IS1006b_H00_FIO041_0198988_0199719
LOG (gmm-align-compiled[5.4.105~1-4fda]:main():gmm-align-compiled.cc:127) AMI_IS1006b_H00_FIO041_0204196_0204391
LOG (gmm-align-compiled[5.4.105~1-4fda]:main():gmm-align-compiled.cc:127) AMI_IS1006b_H00_FIO041_0207945_0208617
LOG (gmm-align-compiled[5.4.105~1-4fda]:main():gmm-align-compiled.cc:127) AMI_IS1006b_H00_FIO041_0211861_0212209
LOG (gmm-align-compiled[5.4.105~1-4fda]:main():gmm-align-compiled.cc:127) AMI_IS1006b_H01_MIO040_0031091_0031131
LOG (gmm-align-compiled[5.4.105~1-4fda]:main():gmm-align-compiled.cc:127) AMI_IS1006b_H01_MIO040_0065676_0065700
LOG (gmm-align-compiled[5.4.105~1-4fda]:main():gmm-align-compiled.cc:127) AMI_IS1006b_H01_MIO040_0071700_0071810
LOG (gmm-align-compiled[5.4.105~1-4fda]:main():gmm-align-compiled.cc:127) AMI_IS1006b_H01_MIO040_0076807_0077001
LOG (gmm-align-compiled[5.4.105~1-4fda]:main():gmm-align-compiled.cc:127) AMI_IS1006b_H01_MIO040_0080332_0081755
LOG (gmm-align-compiled[5.4.105~1-4fda]:main():gmm-align-compiled.cc:127) AMI_IS1006b_H01_MIO040_0085853_0086085
LOG (gmm-align-compiled[5.4.105~1-4fda]:main():gmm-align-compiled.cc:127) AMI_IS1006b_H01_MIO040_0088373_0088648
LOG (gmm-align-compiled[5.4.105~1-4fda]:main():gmm-align-compiled.cc:127) AMI_IS1006b_H01_MIO040_0092692_0093081
LOG (gmm-align-compiled[5.4.105~1-4fda]:main():gmm-align-compiled.cc:127) AMI_IS1006b_H01_MIO040_0100668_0101238
LOG (gmm-align-compiled[5.4.105~1-4fda]:main():gmm-align-compiled.cc:127) AMI_IS1006b_H01_MIO040_0104822_0104857
LOG (apply-cmvn[5.4.105~1-4fda]:main():apply-cmvn.cc:162) Applied cepstral mean normalization to 509 utterances, errors on 0
LOG (gmm-align-compiled[5.4.105~1-4fda]:main():gmm-align-compiled.cc:127) AMI_IS1006b_H01_MIO040_0111482_0111833
LOG (gmm-align-compiled[5.4.105~1-4fda]:main():gmm-align-compiled.cc:127) AMI_IS1006b_H01_MIO040_0116058_0116077
LOG (gmm-align-compiled[5.4.105~1-4fda]:main():gmm-align-compiled.cc:127) AMI_IS1006b_H01_MIO040_0123098_0123304
LOG (gmm-align-compiled[5.4.105~1-4fda]:main():gmm-align-compiled.cc:127) AMI_IS1006b_H01_MIO040_0129265_0129316
LOG (gmm-align-compiled[5.4.105~1-4fda]:main():gmm-align-compiled.cc:127) AMI_IS1006b_H01_MIO040_0172947_0173725
LOG (gmm-align-compiled[5.4.105~1-4fda]:main():gmm-align-compiled.cc:127) AMI_IS1006b_H01_MIO040_0202719_0203222
LOG (gmm-align-compiled[5.4.105~1-4fda]:main():gmm-align-compiled.cc:127) AMI_IS1006b_H01_MIO040_0207026_0207225
LOG (gmm-align-compiled[5.4.105~1-4fda]:main():gmm-align-compiled.cc:135) Overall log-likelihood per frame is -98.2843 over 154464 frames.
LOG (gmm-align-compiled[5.4.105~1-4fda]:main():gmm-align-compiled.cc:137) Retried 6 out of 509 utterances.
LOG (gmm-align-compiled[5.4.105~1-4fda]:main():gmm-align-compiled.cc:139) Done 509, errors on 0
# Accounting: time=16 threads=1
# Ended (code 0) at Wed Oct 31 22:13:53 EDT 2018, elapsed time 16 seconds
