# gmm-align-compiled --transition-scale=1.0 --acoustic-scale=0.1 --self-loop-scale=0.1 --beam=10 --retry-beam=40 --careful=false "gmm-boost-silence --boost=1.0 1 exp2/mono/14.mdl - |" "ark:gunzip -c exp2/mono/fsts.12.gz|" "ark,s,cs:apply-cmvn  --utt2spk=ark:data/st_ihm_all/train_15k/split30/12/utt2spk scp:data/st_ihm_all/train_15k/split30/12/cmvn.scp scp:data/st_ihm_all/train_15k/split30/12/feats.scp ark:- | add-deltas  ark:- ark:- |" "ark,t:|gzip -c >exp2/mono/ali.12.gz" 
# Started at Wed Oct 31 22:10:54 EDT 2018
#
gmm-align-compiled --transition-scale=1.0 --acoustic-scale=0.1 --self-loop-scale=0.1 --beam=10 --retry-beam=40 --careful=false 'gmm-boost-silence --boost=1.0 1 exp2/mono/14.mdl - |' 'ark:gunzip -c exp2/mono/fsts.12.gz|' 'ark,s,cs:apply-cmvn  --utt2spk=ark:data/st_ihm_all/train_15k/split30/12/utt2spk scp:data/st_ihm_all/train_15k/split30/12/cmvn.scp scp:data/st_ihm_all/train_15k/split30/12/feats.scp ark:- | add-deltas  ark:- ark:- |' 'ark,t:|gzip -c >exp2/mono/ali.12.gz' 
gmm-boost-silence --boost=1.0 1 exp2/mono/14.mdl - 
WARNING (gmm-boost-silence[5.4.105~1-4fda]:main():gmm-boost-silence.cc:82) The pdfs for the silence phones may be shared by other phones (note: this probably does not matter.)
LOG (gmm-boost-silence[5.4.105~1-4fda]:main():gmm-boost-silence.cc:93) Boosted weights for 5 pdfs, by factor of 1
LOG (gmm-boost-silence[5.4.105~1-4fda]:main():gmm-boost-silence.cc:103) Wrote model to -
apply-cmvn --utt2spk=ark:data/st_ihm_all/train_15k/split30/12/utt2spk scp:data/st_ihm_all/train_15k/split30/12/cmvn.scp scp:data/st_ihm_all/train_15k/split30/12/feats.scp ark:- 
add-deltas ark:- ark:- 
LOG (gmm-align-compiled[5.4.105~1-4fda]:main():gmm-align-compiled.cc:127) AMI_ES2008b_H03_FEE032_0216313_0216419
LOG (gmm-align-compiled[5.4.105~1-4fda]:main():gmm-align-compiled.cc:127) AMI_ES2008b_H03_FEE032_0220089_0220115
LOG (gmm-align-compiled[5.4.105~1-4fda]:main():gmm-align-compiled.cc:127) AMI_ES2008c_H00_FEE029_0005688_0005747
LOG (gmm-align-compiled[5.4.105~1-4fda]:main():gmm-align-compiled.cc:127) AMI_ES2008c_H00_FEE029_0012859_0013260
LOG (gmm-align-compiled[5.4.105~1-4fda]:main():gmm-align-compiled.cc:127) AMI_ES2008c_H00_FEE029_0030213_0030254
LOG (gmm-align-compiled[5.4.105~1-4fda]:main():gmm-align-compiled.cc:127) AMI_ES2008c_H00_FEE029_0048897_0048928
LOG (gmm-align-compiled[5.4.105~1-4fda]:main():gmm-align-compiled.cc:127) AMI_ES2008c_H00_FEE029_0053694_0053858
LOG (gmm-align-compiled[5.4.105~1-4fda]:main():gmm-align-compiled.cc:127) AMI_ES2008c_H00_FEE029_0092120_0092157
LOG (gmm-align-compiled[5.4.105~1-4fda]:main():gmm-align-compiled.cc:127) AMI_ES2008c_H00_FEE029_0096605_0096694
LOG (gmm-align-compiled[5.4.105~1-4fda]:main():gmm-align-compiled.cc:127) AMI_ES2008c_H00_FEE029_0107270_0107322
LOG (gmm-align-compiled[5.4.105~1-4fda]:main():gmm-align-compiled.cc:127) AMI_ES2008c_H00_FEE029_0135205_0135320
LOG (gmm-align-compiled[5.4.105~1-4fda]:main():gmm-align-compiled.cc:127) AMI_ES2008c_H00_FEE029_0139372_0139517
WARNING (gmm-align-compiled[5.4.105~1-4fda]:AlignUtteranceWrapper():decoder-wrappers.cc:468) Retrying utterance AMI_ES2008c_H00_FEE029_0139372_0139517 with beam 40
LOG (gmm-align-compiled[5.4.105~1-4fda]:main():gmm-align-compiled.cc:127) AMI_ES2008c_H00_FEE029_0143321_0143378
LOG (gmm-align-compiled[5.4.105~1-4fda]:main():gmm-align-compiled.cc:127) AMI_ES2008c_H00_FEE029_0153158_0153408
LOG (gmm-align-compiled[5.4.105~1-4fda]:main():gmm-align-compiled.cc:127) AMI_ES2008c_H00_FEE029_0160427_0160607
LOG (gmm-align-compiled[5.4.105~1-4fda]:main():gmm-align-compiled.cc:127) AMI_ES2008c_H00_FEE029_0169544_0169825
LOG (gmm-align-compiled[5.4.105~1-4fda]:main():gmm-align-compiled.cc:127) AMI_ES2008c_H00_FEE029_0181745_0182049
LOG (gmm-align-compiled[5.4.105~1-4fda]:main():gmm-align-compiled.cc:127) AMI_ES2008c_H00_FEE029_0187938_0188019
LOG (gmm-align-compiled[5.4.105~1-4fda]:main():gmm-align-compiled.cc:127) AMI_ES2008c_H00_FEE029_0191420_0191882
LOG (gmm-align-compiled[5.4.105~1-4fda]:main():gmm-align-compiled.cc:127) AMI_ES2008c_H00_FEE029_0197854_0197929
LOG (gmm-align-compiled[5.4.105~1-4fda]:main():gmm-align-compiled.cc:127) AMI_ES2008c_H00_FEE029_0203620_0204200
LOG (gmm-align-compiled[5.4.105~1-4fda]:main():gmm-align-compiled.cc:127) AMI_ES2008c_H00_FEE029_0207946_0208148
LOG (gmm-align-compiled[5.4.105~1-4fda]:main():gmm-align-compiled.cc:127) AMI_ES2008c_H01_FEE030_0013419_0013496
LOG (gmm-align-compiled[5.4.105~1-4fda]:main():gmm-align-compiled.cc:127) AMI_ES2008c_H01_FEE030_0018809_0019495
LOG (gmm-align-compiled[5.4.105~1-4fda]:main():gmm-align-compiled.cc:127) AMI_ES2008c_H01_FEE030_0022513_0022951
WARNING (gmm-align-compiled[5.4.105~1-4fda]:AlignUtteranceWrapper():decoder-wrappers.cc:468) Retrying utterance AMI_ES2008c_H01_FEE030_0022513_0022951 with beam 40
LOG (gmm-align-compiled[5.4.105~1-4fda]:main():gmm-align-compiled.cc:127) AMI_ES2008c_H01_FEE030_0027105_0027418
WARNING (gmm-align-compiled[5.4.105~1-4fda]:AlignUtteranceWrapper():decoder-wrappers.cc:468) Retrying utterance AMI_ES2008c_H01_FEE030_0027105_0027418 with beam 40
LOG (gmm-align-compiled[5.4.105~1-4fda]:main():gmm-align-compiled.cc:127) AMI_ES2008c_H01_FEE030_0031102_0031618
LOG (gmm-align-compiled[5.4.105~1-4fda]:main():gmm-align-compiled.cc:127) AMI_ES2008c_H01_FEE030_0034793_0035415
WARNING (gmm-align-compiled[5.4.105~1-4fda]:AlignUtteranceWrapper():decoder-wrappers.cc:468) Retrying utterance AMI_ES2008c_H01_FEE030_0034793_0035415 with beam 40
LOG (gmm-align-compiled[5.4.105~1-4fda]:main():gmm-align-compiled.cc:127) AMI_ES2008c_H01_FEE030_0038267_0038593
LOG (gmm-align-compiled[5.4.105~1-4fda]:main():gmm-align-compiled.cc:127) AMI_ES2008c_H01_FEE030_0042117_0042324
LOG (gmm-align-compiled[5.4.105~1-4fda]:main():gmm-align-compiled.cc:127) AMI_ES2008c_H01_FEE030_0045137_0045252
LOG (gmm-align-compiled[5.4.105~1-4fda]:main():gmm-align-compiled.cc:127) AMI_ES2008c_H01_FEE030_0047620_0048306
LOG (gmm-align-compiled[5.4.105~1-4fda]:main():gmm-align-compiled.cc:127) AMI_ES2008c_H01_FEE030_0068244_0068324
LOG (gmm-align-compiled[5.4.105~1-4fda]:main():gmm-align-compiled.cc:127) AMI_ES2008c_H01_FEE030_0091483_0091531
LOG (gmm-align-compiled[5.4.105~1-4fda]:main():gmm-align-compiled.cc:127) AMI_ES2008c_H01_FEE030_0098216_0098245
LOG (gmm-align-compiled[5.4.105~1-4fda]:main():gmm-align-compiled.cc:127) AMI_ES2008c_H01_FEE030_0129156_0129902
LOG (gmm-align-compiled[5.4.105~1-4fda]:main():gmm-align-compiled.cc:127) AMI_ES2008c_H01_FEE030_0133980_0134233
WARNING (gmm-align-compiled[5.4.105~1-4fda]:AlignUtteranceWrapper():decoder-wrappers.cc:468) Retrying utterance AMI_ES2008c_H01_FEE030_0133980_0134233 with beam 40
LOG (gmm-align-compiled[5.4.105~1-4fda]:main():gmm-align-compiled.cc:127) AMI_ES2008c_H01_FEE030_0138543_0138690
LOG (gmm-align-compiled[5.4.105~1-4fda]:main():gmm-align-compiled.cc:127) AMI_ES2008c_H01_FEE030_0141627_0141651
LOG (gmm-align-compiled[5.4.105~1-4fda]:main():gmm-align-compiled.cc:127) AMI_ES2008c_H01_FEE030_0146706_0147177
LOG (gmm-align-compiled[5.4.105~1-4fda]:main():gmm-align-compiled.cc:127) AMI_ES2008c_H01_FEE030_0150247_0150922
LOG (gmm-align-compiled[5.4.105~1-4fda]:main():gmm-align-compiled.cc:127) AMI_ES2008c_H01_FEE030_0154415_0154901
WARNING (gmm-align-compiled[5.4.105~1-4fda]:AlignUtteranceWrapper():decoder-wrappers.cc:468) Retrying utterance AMI_ES2008c_H01_FEE030_0154415_0154901 with beam 40
LOG (gmm-align-compiled[5.4.105~1-4fda]:main():gmm-align-compiled.cc:127) AMI_ES2008c_H01_FEE030_0158637_0158754
LOG (gmm-align-compiled[5.4.105~1-4fda]:main():gmm-align-compiled.cc:127) AMI_ES2008c_H01_FEE030_0161819_0161892
LOG (gmm-align-compiled[5.4.105~1-4fda]:main():gmm-align-compiled.cc:127) AMI_ES2008c_H01_FEE030_0166334_0166841
LOG (gmm-align-compiled[5.4.105~1-4fda]:main():gmm-align-compiled.cc:127) AMI_ES2008c_H01_FEE030_0168657_0168696
LOG (gmm-align-compiled[5.4.105~1-4fda]:main():gmm-align-compiled.cc:127) AMI_ES2008c_H01_FEE030_0171935_0173000
LOG (gmm-align-compiled[5.4.105~1-4fda]:main():gmm-align-compiled.cc:127) AMI_ES2008c_H01_FEE030_0182527_0182781
LOG (gmm-align-compiled[5.4.105~1-4fda]:main():gmm-align-compiled.cc:127) AMI_ES2008c_H01_FEE030_0186605_0186743
LOG (gmm-align-compiled[5.4.105~1-4fda]:main():gmm-align-compiled.cc:127) AMI_ES2008c_H01_FEE030_0193375_0193428
LOG (gmm-align-compiled[5.4.105~1-4fda]:main():gmm-align-compiled.cc:127) AMI_ES2008c_H01_FEE030_0201905_0201928
LOG (gmm-align-compiled[5.4.105~1-4fda]:main():gmm-align-compiled.cc:127) AMI_ES2008c_H01_FEE030_0208086_0208151
LOG (gmm-align-compiled[5.4.105~1-4fda]:main():gmm-align-compiled.cc:127) AMI_ES2008c_H02_MEE031_0058338_0058865
LOG (gmm-align-compiled[5.4.105~1-4fda]:main():gmm-align-compiled.cc:127) AMI_ES2008c_H02_MEE031_0063882_0064404
LOG (gmm-align-compiled[5.4.105~1-4fda]:main():gmm-align-compiled.cc:127) AMI_ES2008c_H02_MEE031_0067851_0068024
LOG (gmm-align-compiled[5.4.105~1-4fda]:main():gmm-align-compiled.cc:127) AMI_ES2008c_H02_MEE031_0070915_0071826
LOG (gmm-align-compiled[5.4.105~1-4fda]:main():gmm-align-compiled.cc:127) AMI_ES2008c_H02_MEE031_0074125_0074754
LOG (gmm-align-compiled[5.4.105~1-4fda]:main():gmm-align-compiled.cc:127) AMI_ES2008c_H02_MEE031_0078159_0078396
LOG (gmm-align-compiled[5.4.105~1-4fda]:main():gmm-align-compiled.cc:127) AMI_ES2008c_H02_MEE031_0081803_0082114
LOG (gmm-align-compiled[5.4.105~1-4fda]:main():gmm-align-compiled.cc:127) AMI_ES2008c_H02_MEE031_0087728_0088086
LOG (gmm-align-compiled[5.4.105~1-4fda]:main():gmm-align-compiled.cc:127) AMI_ES2008c_H02_MEE031_0091472_0091707
LOG (gmm-align-compiled[5.4.105~1-4fda]:main():gmm-align-compiled.cc:127) AMI_ES2008c_H02_MEE031_0097276_0098044
WARNING (gmm-align-compiled[5.4.105~1-4fda]:AlignUtteranceWrapper():decoder-wrappers.cc:468) Retrying utterance AMI_ES2008c_H02_MEE031_0097276_0098044 with beam 40
LOG (gmm-align-compiled[5.4.105~1-4fda]:main():gmm-align-compiled.cc:127) AMI_ES2008c_H02_MEE031_0138629_0138707
LOG (gmm-align-compiled[5.4.105~1-4fda]:main():gmm-align-compiled.cc:127) AMI_ES2008c_H02_MEE031_0142223_0142738
LOG (gmm-align-compiled[5.4.105~1-4fda]:main():gmm-align-compiled.cc:127) AMI_ES2008c_H02_MEE031_0150787_0151070
LOG (gmm-align-compiled[5.4.105~1-4fda]:main():gmm-align-compiled.cc:127) AMI_ES2008c_H02_MEE031_0162881_0163500
LOG (gmm-align-compiled[5.4.105~1-4fda]:main():gmm-align-compiled.cc:127) AMI_ES2008c_H02_MEE031_0174616_0174758
LOG (gmm-align-compiled[5.4.105~1-4fda]:main():gmm-align-compiled.cc:127) AMI_ES2008c_H02_MEE031_0183199_0183220
LOG (gmm-align-compiled[5.4.105~1-4fda]:main():gmm-align-compiled.cc:127) AMI_ES2008c_H02_MEE031_0192184_0192670
LOG (gmm-align-compiled[5.4.105~1-4fda]:main():gmm-align-compiled.cc:127) AMI_ES2008c_H02_MEE031_0202422_0203092
LOG (gmm-align-compiled[5.4.105~1-4fda]:main():gmm-align-compiled.cc:127) AMI_ES2008c_H02_MEE031_0207556_0207929
LOG (gmm-align-compiled[5.4.105~1-4fda]:main():gmm-align-compiled.cc:127) AMI_ES2008c_H03_FEE032_0042735_0043414
LOG (gmm-align-compiled[5.4.105~1-4fda]:main():gmm-align-compiled.cc:127) AMI_ES2008c_H03_FEE032_0104767_0104947
LOG (gmm-align-compiled[5.4.105~1-4fda]:main():gmm-align-compiled.cc:127) AMI_ES2008c_H03_FEE032_0110448_0111108
LOG (gmm-align-compiled[5.4.105~1-4fda]:main():gmm-align-compiled.cc:127) AMI_ES2008c_H03_FEE032_0114897_0115386
LOG (gmm-align-compiled[5.4.105~1-4fda]:main():gmm-align-compiled.cc:127) AMI_ES2008c_H03_FEE032_0119181_0119585
LOG (gmm-align-compiled[5.4.105~1-4fda]:main():gmm-align-compiled.cc:127) AMI_ES2008c_H03_FEE032_0132239_0132585
LOG (gmm-align-compiled[5.4.105~1-4fda]:main():gmm-align-compiled.cc:127) AMI_ES2008c_H03_FEE032_0137441_0137788
LOG (gmm-align-compiled[5.4.105~1-4fda]:main():gmm-align-compiled.cc:127) AMI_ES2008c_H03_FEE032_0147699_0148491
LOG (gmm-align-compiled[5.4.105~1-4fda]:main():gmm-align-compiled.cc:127) AMI_ES2008c_H03_FEE032_0152407_0152458
LOG (gmm-align-compiled[5.4.105~1-4fda]:main():gmm-align-compiled.cc:127) AMI_ES2008c_H03_FEE032_0163704_0163771
LOG (gmm-align-compiled[5.4.105~1-4fda]:main():gmm-align-compiled.cc:127) AMI_ES2008c_H03_FEE032_0184060_0184319
LOG (gmm-align-compiled[5.4.105~1-4fda]:main():gmm-align-compiled.cc:127) AMI_ES2008d_H00_FEE029_0003632_0003740
LOG (gmm-align-compiled[5.4.105~1-4fda]:main():gmm-align-compiled.cc:127) AMI_ES2008d_H00_FEE029_0007403_0007983
LOG (gmm-align-compiled[5.4.105~1-4fda]:main():gmm-align-compiled.cc:127) AMI_ES2008d_H00_FEE029_0018743_0018904
LOG (gmm-align-compiled[5.4.105~1-4fda]:main():gmm-align-compiled.cc:127) AMI_ES2008d_H00_FEE029_0028277_0028306
LOG (gmm-align-compiled[5.4.105~1-4fda]:main():gmm-align-compiled.cc:127) AMI_ES2008d_H00_FEE029_0041368_0041406
LOG (gmm-align-compiled[5.4.105~1-4fda]:main():gmm-align-compiled.cc:127) AMI_ES2008d_H00_FEE029_0045101_0045299
LOG (gmm-align-compiled[5.4.105~1-4fda]:main():gmm-align-compiled.cc:127) AMI_ES2008d_H00_FEE029_0053342_0053526
LOG (gmm-align-compiled[5.4.105~1-4fda]:main():gmm-align-compiled.cc:127) AMI_ES2008d_H00_FEE029_0056407_0056432
WARNING (gmm-align-compiled[5.4.105~1-4fda]:AlignUtteranceWrapper():decoder-wrappers.cc:468) Retrying utterance AMI_ES2008d_H00_FEE029_0056407_0056432 with beam 40
LOG (gmm-align-compiled[5.4.105~1-4fda]:main():gmm-align-compiled.cc:127) AMI_ES2008d_H00_FEE029_0060846_0060898
LOG (gmm-align-compiled[5.4.105~1-4fda]:main():gmm-align-compiled.cc:127) AMI_ES2008d_H00_FEE029_0075038_0075349
LOG (gmm-align-compiled[5.4.105~1-4fda]:main():gmm-align-compiled.cc:127) AMI_ES2008d_H00_FEE029_0081424_0081438
LOG (gmm-align-compiled[5.4.105~1-4fda]:main():gmm-align-compiled.cc:127) AMI_ES2008d_H00_FEE029_0089969_0090055
LOG (gmm-align-compiled[5.4.105~1-4fda]:main():gmm-align-compiled.cc:127) AMI_ES2008d_H00_FEE029_0095283_0095886
LOG (gmm-align-compiled[5.4.105~1-4fda]:main():gmm-align-compiled.cc:127) AMI_ES2008d_H00_FEE029_0100243_0100314
LOG (gmm-align-compiled[5.4.105~1-4fda]:main():gmm-align-compiled.cc:127) AMI_ES2008d_H00_FEE029_0108292_0108323
LOG (gmm-align-compiled[5.4.105~1-4fda]:main():gmm-align-compiled.cc:127) AMI_ES2008d_H00_FEE029_0119378_0119498
LOG (gmm-align-compiled[5.4.105~1-4fda]:main():gmm-align-compiled.cc:127) AMI_ES2008d_H00_FEE029_0127842_0127904
LOG (gmm-align-compiled[5.4.105~1-4fda]:main():gmm-align-compiled.cc:127) AMI_ES2008d_H00_FEE029_0130413_0130532
LOG (gmm-align-compiled[5.4.105~1-4fda]:main():gmm-align-compiled.cc:127) AMI_ES2008d_H00_FEE029_0132640_0132673
LOG (gmm-align-compiled[5.4.105~1-4fda]:main():gmm-align-compiled.cc:127) AMI_ES2008d_H00_FEE029_0136416_0136454
LOG (gmm-align-compiled[5.4.105~1-4fda]:main():gmm-align-compiled.cc:127) AMI_ES2008d_H00_FEE029_0139750_0139981
LOG (gmm-align-compiled[5.4.105~1-4fda]:main():gmm-align-compiled.cc:127) AMI_ES2008d_H00_FEE029_0142959_0143406
LOG (gmm-align-compiled[5.4.105~1-4fda]:main():gmm-align-compiled.cc:127) AMI_ES2008d_H00_FEE029_0145978_0146003
LOG (gmm-align-compiled[5.4.105~1-4fda]:main():gmm-align-compiled.cc:127) AMI_ES2008d_H00_FEE029_0152651_0152816
LOG (gmm-align-compiled[5.4.105~1-4fda]:main():gmm-align-compiled.cc:127) AMI_ES2008d_H00_FEE029_0154478_0154667
LOG (gmm-align-compiled[5.4.105~1-4fda]:main():gmm-align-compiled.cc:127) AMI_ES2008d_H00_FEE029_0157536_0158161
LOG (gmm-align-compiled[5.4.105~1-4fda]:main():gmm-align-compiled.cc:127) AMI_ES2008d_H00_FEE029_0167453_0167509
LOG (gmm-align-compiled[5.4.105~1-4fda]:main():gmm-align-compiled.cc:127) AMI_ES2008d_H00_FEE029_0173964_0174083
LOG (gmm-align-compiled[5.4.105~1-4fda]:main():gmm-align-compiled.cc:127) AMI_ES2008d_H00_FEE029_0177419_0177614
LOG (gmm-align-compiled[5.4.105~1-4fda]:main():gmm-align-compiled.cc:127) AMI_ES2008d_H00_FEE029_0180552_0180738
WARNING (gmm-align-compiled[5.4.105~1-4fda]:AlignUtteranceWrapper():decoder-wrappers.cc:468) Retrying utterance AMI_ES2008d_H00_FEE029_0180552_0180738 with beam 40
LOG (gmm-align-compiled[5.4.105~1-4fda]:main():gmm-align-compiled.cc:127) AMI_ES2008d_H00_FEE029_0183956_0184021
LOG (gmm-align-compiled[5.4.105~1-4fda]:main():gmm-align-compiled.cc:127) AMI_ES2008d_H00_FEE029_0188547_0188912
LOG (gmm-align-compiled[5.4.105~1-4fda]:main():gmm-align-compiled.cc:127) AMI_ES2008d_H00_FEE029_0192340_0192539
LOG (gmm-align-compiled[5.4.105~1-4fda]:main():gmm-align-compiled.cc:127) AMI_ES2008d_H00_FEE029_0200497_0200523
LOG (gmm-align-compiled[5.4.105~1-4fda]:main():gmm-align-compiled.cc:127) AMI_ES2008d_H00_FEE029_0204914_0205538
WARNING (gmm-align-compiled[5.4.105~1-4fda]:AlignUtteranceWrapper():decoder-wrappers.cc:468) Retrying utterance AMI_ES2008d_H00_FEE029_0204914_0205538 with beam 40
LOG (gmm-align-compiled[5.4.105~1-4fda]:main():gmm-align-compiled.cc:127) AMI_ES2008d_H00_FEE029_0213819_0213864
LOG (gmm-align-compiled[5.4.105~1-4fda]:main():gmm-align-compiled.cc:127) AMI_ES2008d_H00_FEE029_0216980_0217162
LOG (gmm-align-compiled[5.4.105~1-4fda]:main():gmm-align-compiled.cc:127) AMI_ES2008d_H00_FEE029_0222980_0223016
LOG (gmm-align-compiled[5.4.105~1-4fda]:main():gmm-align-compiled.cc:127) AMI_ES2008d_H00_FEE029_0232380_0232735
LOG (gmm-align-compiled[5.4.105~1-4fda]:main():gmm-align-compiled.cc:127) AMI_ES2008d_H00_FEE029_0241687_0241707
LOG (gmm-align-compiled[5.4.105~1-4fda]:main():gmm-align-compiled.cc:127) AMI_ES2008d_H00_FEE029_0246196_0246219
LOG (gmm-align-compiled[5.4.105~1-4fda]:main():gmm-align-compiled.cc:127) AMI_ES2008d_H00_FEE029_0250954_0251192
LOG (gmm-align-compiled[5.4.105~1-4fda]:main():gmm-align-compiled.cc:127) AMI_ES2008d_H00_FEE029_0258791_0259062
LOG (gmm-align-compiled[5.4.105~1-4fda]:main():gmm-align-compiled.cc:127) AMI_ES2008d_H01_FEE030_0013835_0014421
WARNING (gmm-align-compiled[5.4.105~1-4fda]:AlignUtteranceWrapper():decoder-wrappers.cc:468) Retrying utterance AMI_ES2008d_H01_FEE030_0013835_0014421 with beam 40
LOG (gmm-align-compiled[5.4.105~1-4fda]:main():gmm-align-compiled.cc:127) AMI_ES2008d_H01_FEE030_0018282_0018561
LOG (gmm-align-compiled[5.4.105~1-4fda]:main():gmm-align-compiled.cc:127) AMI_ES2008d_H01_FEE030_0032661_0033019
LOG (gmm-align-compiled[5.4.105~1-4fda]:main():gmm-align-compiled.cc:127) AMI_ES2008d_H01_FEE030_0040055_0040844
LOG (gmm-align-compiled[5.4.105~1-4fda]:main():gmm-align-compiled.cc:127) AMI_ES2008d_H01_FEE030_0048810_0049215
LOG (gmm-align-compiled[5.4.105~1-4fda]:main():gmm-align-compiled.cc:127) AMI_ES2008d_H01_FEE030_0057073_0057115
LOG (gmm-align-compiled[5.4.105~1-4fda]:main():gmm-align-compiled.cc:127) AMI_ES2008d_H01_FEE030_0061292_0061833
LOG (gmm-align-compiled[5.4.105~1-4fda]:main():gmm-align-compiled.cc:127) AMI_ES2008d_H01_FEE030_0068552_0068678
LOG (gmm-align-compiled[5.4.105~1-4fda]:main():gmm-align-compiled.cc:127) AMI_ES2008d_H01_FEE030_0078600_0078691
LOG (gmm-align-compiled[5.4.105~1-4fda]:main():gmm-align-compiled.cc:127) AMI_ES2008d_H01_FEE030_0091743_0092168
LOG (gmm-align-compiled[5.4.105~1-4fda]:main():gmm-align-compiled.cc:127) AMI_ES2008d_H01_FEE030_0096868_0097294
WARNING (gmm-align-compiled[5.4.105~1-4fda]:AlignUtteranceWrapper():decoder-wrappers.cc:468) Retrying utterance AMI_ES2008d_H01_FEE030_0096868_0097294 with beam 40
LOG (gmm-align-compiled[5.4.105~1-4fda]:main():gmm-align-compiled.cc:127) AMI_ES2008d_H01_FEE030_0107125_0107713
LOG (gmm-align-compiled[5.4.105~1-4fda]:main():gmm-align-compiled.cc:127) AMI_ES2008d_H01_FEE030_0117532_0117564
LOG (gmm-align-compiled[5.4.105~1-4fda]:main():gmm-align-compiled.cc:127) AMI_ES2008d_H01_FEE030_0126444_0126512
LOG (gmm-align-compiled[5.4.105~1-4fda]:main():gmm-align-compiled.cc:127) AMI_ES2008d_H01_FEE030_0132968_0133236
LOG (gmm-align-compiled[5.4.105~1-4fda]:main():gmm-align-compiled.cc:127) AMI_ES2008d_H01_FEE030_0136461_0136688
LOG (gmm-align-compiled[5.4.105~1-4fda]:main():gmm-align-compiled.cc:127) AMI_ES2008d_H01_FEE030_0139940_0139969
LOG (gmm-align-compiled[5.4.105~1-4fda]:main():gmm-align-compiled.cc:127) AMI_ES2008d_H01_FEE030_0142148_0142662
LOG (gmm-align-compiled[5.4.105~1-4fda]:main():gmm-align-compiled.cc:127) AMI_ES2008d_H01_FEE030_0145880_0146216
LOG (gmm-align-compiled[5.4.105~1-4fda]:main():gmm-align-compiled.cc:127) AMI_ES2008d_H01_FEE030_0149020_0149132
LOG (gmm-align-compiled[5.4.105~1-4fda]:main():gmm-align-compiled.cc:127) AMI_ES2008d_H01_FEE030_0152290_0152516
WARNING (gmm-align-compiled[5.4.105~1-4fda]:AlignUtteranceWrapper():decoder-wrappers.cc:468) Retrying utterance AMI_ES2008d_H01_FEE030_0152290_0152516 with beam 40
WARNING (gmm-align-compiled[5.4.105~1-4fda]:AlignUtteranceWrapper():decoder-wrappers.cc:477) Did not successfully decode file AMI_ES2008d_H01_FEE030_0152290_0152516, len = 224
LOG (gmm-align-compiled[5.4.105~1-4fda]:main():gmm-align-compiled.cc:127) AMI_ES2008d_H01_FEE030_0160300_0160623
LOG (gmm-align-compiled[5.4.105~1-4fda]:main():gmm-align-compiled.cc:127) AMI_ES2008d_H01_FEE030_0164676_0164986
LOG (gmm-align-compiled[5.4.105~1-4fda]:main():gmm-align-compiled.cc:127) AMI_ES2008d_H01_FEE030_0172129_0172747
WARNING (gmm-align-compiled[5.4.105~1-4fda]:AlignUtteranceWrapper():decoder-wrappers.cc:468) Retrying utterance AMI_ES2008d_H01_FEE030_0172129_0172747 with beam 40
LOG (gmm-align-compiled[5.4.105~1-4fda]:main():gmm-align-compiled.cc:127) AMI_ES2008d_H01_FEE030_0184141_0184518
LOG (gmm-align-compiled[5.4.105~1-4fda]:main():gmm-align-compiled.cc:127) AMI_ES2008d_H01_FEE030_0193391_0194186
LOG (gmm-align-compiled[5.4.105~1-4fda]:main():gmm-align-compiled.cc:127) AMI_ES2008d_H01_FEE030_0198639_0198865
LOG (gmm-align-compiled[5.4.105~1-4fda]:main():gmm-align-compiled.cc:127) AMI_ES2008d_H01_FEE030_0203642_0204008
LOG (gmm-align-compiled[5.4.105~1-4fda]:main():gmm-align-compiled.cc:127) AMI_ES2008d_H01_FEE030_0208748_0208798
LOG (gmm-align-compiled[5.4.105~1-4fda]:main():gmm-align-compiled.cc:127) AMI_ES2008d_H01_FEE030_0216242_0216344
LOG (gmm-align-compiled[5.4.105~1-4fda]:main():gmm-align-compiled.cc:127) AMI_ES2008d_H01_FEE030_0221132_0221156
LOG (gmm-align-compiled[5.4.105~1-4fda]:main():gmm-align-compiled.cc:127) AMI_ES2008d_H01_FEE030_0224189_0224507
LOG (gmm-align-compiled[5.4.105~1-4fda]:main():gmm-align-compiled.cc:127) AMI_ES2008d_H01_FEE030_0228071_0228523
LOG (gmm-align-compiled[5.4.105~1-4fda]:main():gmm-align-compiled.cc:127) AMI_ES2008d_H01_FEE030_0231915_0232067
LOG (gmm-align-compiled[5.4.105~1-4fda]:main():gmm-align-compiled.cc:127) AMI_ES2008d_H01_FEE030_0236069_0236412
LOG (gmm-align-compiled[5.4.105~1-4fda]:main():gmm-align-compiled.cc:127) AMI_ES2008d_H01_FEE030_0239523_0239976
LOG (gmm-align-compiled[5.4.105~1-4fda]:main():gmm-align-compiled.cc:127) AMI_ES2008d_H01_FEE030_0243685_0244044
LOG (gmm-align-compiled[5.4.105~1-4fda]:main():gmm-align-compiled.cc:127) AMI_ES2008d_H01_FEE030_0247061_0247162
LOG (gmm-align-compiled[5.4.105~1-4fda]:main():gmm-align-compiled.cc:127) AMI_ES2008d_H01_FEE030_0256834_0256871
LOG (gmm-align-compiled[5.4.105~1-4fda]:main():gmm-align-compiled.cc:127) AMI_ES2008d_H02_MEE031_0019247_0019677
LOG (gmm-align-compiled[5.4.105~1-4fda]:main():gmm-align-compiled.cc:127) AMI_ES2008d_H02_MEE031_0021787_0021861
LOG (gmm-align-compiled[5.4.105~1-4fda]:main():gmm-align-compiled.cc:127) AMI_ES2008d_H02_MEE031_0027777_0028032
LOG (gmm-align-compiled[5.4.105~1-4fda]:main():gmm-align-compiled.cc:127) AMI_ES2008d_H02_MEE031_0034664_0035078
LOG (gmm-align-compiled[5.4.105~1-4fda]:main():gmm-align-compiled.cc:127) AMI_ES2008d_H02_MEE031_0043879_0044891
LOG (gmm-align-compiled[5.4.105~1-4fda]:main():gmm-align-compiled.cc:127) AMI_ES2008d_H02_MEE031_0058333_0058472
LOG (gmm-align-compiled[5.4.105~1-4fda]:main():gmm-align-compiled.cc:127) AMI_ES2008d_H02_MEE031_0065772_0065790
LOG (gmm-align-compiled[5.4.105~1-4fda]:main():gmm-align-compiled.cc:127) AMI_ES2008d_H02_MEE031_0091522_0091696
LOG (gmm-align-compiled[5.4.105~1-4fda]:main():gmm-align-compiled.cc:127) AMI_ES2008d_H02_MEE031_0097588_0098015
LOG (gmm-align-compiled[5.4.105~1-4fda]:main():gmm-align-compiled.cc:127) AMI_ES2008d_H02_MEE031_0109976_0110002
LOG (gmm-align-compiled[5.4.105~1-4fda]:main():gmm-align-compiled.cc:127) AMI_ES2008d_H02_MEE031_0133268_0133362
LOG (gmm-align-compiled[5.4.105~1-4fda]:main():gmm-align-compiled.cc:127) AMI_ES2008d_H02_MEE031_0153357_0153425
LOG (gmm-align-compiled[5.4.105~1-4fda]:main():gmm-align-compiled.cc:127) AMI_ES2008d_H02_MEE031_0181426_0181479
LOG (gmm-align-compiled[5.4.105~1-4fda]:main():gmm-align-compiled.cc:127) AMI_ES2008d_H02_MEE031_0198618_0198638
LOG (gmm-align-compiled[5.4.105~1-4fda]:main():gmm-align-compiled.cc:127) AMI_ES2008d_H02_MEE031_0211434_0212216
LOG (gmm-align-compiled[5.4.105~1-4fda]:main():gmm-align-compiled.cc:127) AMI_ES2008d_H03_FEE032_0049269_0049956
WARNING (gmm-align-compiled[5.4.105~1-4fda]:AlignUtteranceWrapper():decoder-wrappers.cc:468) Retrying utterance AMI_ES2008d_H03_FEE032_0049269_0049956 with beam 40
LOG (gmm-align-compiled[5.4.105~1-4fda]:main():gmm-align-compiled.cc:127) AMI_ES2008d_H03_FEE032_0055215_0055886
LOG (gmm-align-compiled[5.4.105~1-4fda]:main():gmm-align-compiled.cc:127) AMI_ES2008d_H03_FEE032_0071159_0071949
LOG (gmm-align-compiled[5.4.105~1-4fda]:main():gmm-align-compiled.cc:127) AMI_ES2008d_H03_FEE032_0075365_0075667
LOG (gmm-align-compiled[5.4.105~1-4fda]:main():gmm-align-compiled.cc:127) AMI_ES2008d_H03_FEE032_0080266_0080470
LOG (gmm-align-compiled[5.4.105~1-4fda]:main():gmm-align-compiled.cc:127) AMI_ES2008d_H03_FEE032_0083167_0083370
LOG (gmm-align-compiled[5.4.105~1-4fda]:main():gmm-align-compiled.cc:127) AMI_ES2008d_H03_FEE032_0088199_0088391
LOG (gmm-align-compiled[5.4.105~1-4fda]:main():gmm-align-compiled.cc:127) AMI_ES2008d_H03_FEE032_0097191_0097214
LOG (gmm-align-compiled[5.4.105~1-4fda]:main():gmm-align-compiled.cc:127) AMI_ES2008d_H03_FEE032_0100663_0100745
LOG (gmm-align-compiled[5.4.105~1-4fda]:main():gmm-align-compiled.cc:127) AMI_ES2008d_H03_FEE032_0105698_0106064
WARNING (gmm-align-compiled[5.4.105~1-4fda]:AlignUtteranceWrapper():decoder-wrappers.cc:468) Retrying utterance AMI_ES2008d_H03_FEE032_0105698_0106064 with beam 40
LOG (gmm-align-compiled[5.4.105~1-4fda]:main():gmm-align-compiled.cc:127) AMI_ES2008d_H03_FEE032_0111370_0112022
LOG (gmm-align-compiled[5.4.105~1-4fda]:main():gmm-align-compiled.cc:127) AMI_ES2008d_H03_FEE032_0119146_0119281
LOG (gmm-align-compiled[5.4.105~1-4fda]:main():gmm-align-compiled.cc:127) AMI_ES2008d_H03_FEE032_0123101_0123210
LOG (gmm-align-compiled[5.4.105~1-4fda]:main():gmm-align-compiled.cc:127) AMI_ES2008d_H03_FEE032_0129740_0129784
LOG (gmm-align-compiled[5.4.105~1-4fda]:main():gmm-align-compiled.cc:127) AMI_ES2008d_H03_FEE032_0142892_0142982
LOG (gmm-align-compiled[5.4.105~1-4fda]:main():gmm-align-compiled.cc:127) AMI_ES2008d_H03_FEE032_0149892_0150107
WARNING (gmm-align-compiled[5.4.105~1-4fda]:AlignUtteranceWrapper():decoder-wrappers.cc:468) Retrying utterance AMI_ES2008d_H03_FEE032_0149892_0150107 with beam 40
LOG (gmm-align-compiled[5.4.105~1-4fda]:main():gmm-align-compiled.cc:127) AMI_ES2008d_H03_FEE032_0166705_0167150
LOG (gmm-align-compiled[5.4.105~1-4fda]:main():gmm-align-compiled.cc:127) AMI_ES2008d_H03_FEE032_0180455_0180610
LOG (gmm-align-compiled[5.4.105~1-4fda]:main():gmm-align-compiled.cc:127) AMI_ES2008d_H03_FEE032_0186767_0187093
LOG (gmm-align-compiled[5.4.105~1-4fda]:main():gmm-align-compiled.cc:127) AMI_ES2008d_H03_FEE032_0191543_0191590
LOG (gmm-align-compiled[5.4.105~1-4fda]:main():gmm-align-compiled.cc:127) AMI_ES2008d_H03_FEE032_0194754_0194886
WARNING (gmm-align-compiled[5.4.105~1-4fda]:AlignUtteranceWrapper():decoder-wrappers.cc:468) Retrying utterance AMI_ES2008d_H03_FEE032_0194754_0194886 with beam 40
LOG (gmm-align-compiled[5.4.105~1-4fda]:main():gmm-align-compiled.cc:127) AMI_ES2008d_H03_FEE032_0201979_0202122
LOG (gmm-align-compiled[5.4.105~1-4fda]:main():gmm-align-compiled.cc:127) AMI_ES2008d_H03_FEE032_0223007_0223144
WARNING (gmm-align-compiled[5.4.105~1-4fda]:AlignUtteranceWrapper():decoder-wrappers.cc:468) Retrying utterance AMI_ES2008d_H03_FEE032_0223007_0223144 with beam 40
LOG (gmm-align-compiled[5.4.105~1-4fda]:main():gmm-align-compiled.cc:127) AMI_ES2008d_H03_FEE032_0233978_0234015
WARNING (gmm-align-compiled[5.4.105~1-4fda]:AlignUtteranceWrapper():decoder-wrappers.cc:468) Retrying utterance AMI_ES2008d_H03_FEE032_0233978_0234015 with beam 40
LOG (gmm-align-compiled[5.4.105~1-4fda]:main():gmm-align-compiled.cc:127) AMI_ES2008d_H03_FEE032_0250348_0250423
LOG (gmm-align-compiled[5.4.105~1-4fda]:main():gmm-align-compiled.cc:127) AMI_ES2008d_H03_FEE032_0255271_0256121
WARNING (gmm-align-compiled[5.4.105~1-4fda]:AlignUtteranceWrapper():decoder-wrappers.cc:468) Retrying utterance AMI_ES2008d_H03_FEE032_0255271_0256121 with beam 40
WARNING (gmm-align-compiled[5.4.105~1-4fda]:AlignUtteranceWrapper():decoder-wrappers.cc:477) Did not successfully decode file AMI_ES2008d_H03_FEE032_0255271_0256121, len = 848
LOG (gmm-align-compiled[5.4.105~1-4fda]:main():gmm-align-compiled.cc:127) AMI_ES2009a_H00_MEE033_0001957_0002032
LOG (gmm-align-compiled[5.4.105~1-4fda]:main():gmm-align-compiled.cc:127) AMI_ES2009a_H00_MEE033_0007338_0007376
LOG (gmm-align-compiled[5.4.105~1-4fda]:main():gmm-align-compiled.cc:127) AMI_ES2009a_H00_MEE033_0011082_0011880
LOG (gmm-align-compiled[5.4.105~1-4fda]:main():gmm-align-compiled.cc:127) AMI_ES2009a_H00_MEE033_0018531_0018817
LOG (gmm-align-compiled[5.4.105~1-4fda]:main():gmm-align-compiled.cc:127) AMI_ES2009a_H00_MEE033_0024081_0024681
LOG (gmm-align-compiled[5.4.105~1-4fda]:main():gmm-align-compiled.cc:127) AMI_ES2009a_H00_MEE033_0029683_0031523
LOG (gmm-align-compiled[5.4.105~1-4fda]:main():gmm-align-compiled.cc:127) AMI_ES2009a_H00_MEE033_0034613_0035854
LOG (gmm-align-compiled[5.4.105~1-4fda]:main():gmm-align-compiled.cc:127) AMI_ES2009a_H00_MEE033_0037774_0037861
LOG (gmm-align-compiled[5.4.105~1-4fda]:main():gmm-align-compiled.cc:127) AMI_ES2009a_H00_MEE033_0041203_0041583
LOG (gmm-align-compiled[5.4.105~1-4fda]:main():gmm-align-compiled.cc:127) AMI_ES2009a_H00_MEE033_0044056_0044133
LOG (gmm-align-compiled[5.4.105~1-4fda]:main():gmm-align-compiled.cc:127) AMI_ES2009a_H00_MEE033_0046781_0046807
LOG (gmm-align-compiled[5.4.105~1-4fda]:main():gmm-align-compiled.cc:127) AMI_ES2009a_H00_MEE033_0048426_0048940
LOG (gmm-align-compiled[5.4.105~1-4fda]:main():gmm-align-compiled.cc:127) AMI_ES2009a_H00_MEE033_0053150_0053286
LOG (gmm-align-compiled[5.4.105~1-4fda]:main():gmm-align-compiled.cc:127) AMI_ES2009a_H00_MEE033_0058684_0058852
LOG (gmm-align-compiled[5.4.105~1-4fda]:main():gmm-align-compiled.cc:127) AMI_ES2009a_H00_MEE033_0059994_0060104
LOG (gmm-align-compiled[5.4.105~1-4fda]:main():gmm-align-compiled.cc:127) AMI_ES2009a_H00_MEE033_0063887_0064510
LOG (gmm-align-compiled[5.4.105~1-4fda]:main():gmm-align-compiled.cc:127) AMI_ES2009a_H00_MEE033_0067052_0067138
LOG (gmm-align-compiled[5.4.105~1-4fda]:main():gmm-align-compiled.cc:127) AMI_ES2009a_H00_MEE033_0070594_0071340
LOG (gmm-align-compiled[5.4.105~1-4fda]:main():gmm-align-compiled.cc:127) AMI_ES2009a_H00_MEE033_0076274_0076741
LOG (gmm-align-compiled[5.4.105~1-4fda]:main():gmm-align-compiled.cc:127) AMI_ES2009a_H00_MEE033_0078619_0079221
LOG (gmm-align-compiled[5.4.105~1-4fda]:main():gmm-align-compiled.cc:127) AMI_ES2009a_H00_MEE033_0083308_0084161
LOG (gmm-align-compiled[5.4.105~1-4fda]:main():gmm-align-compiled.cc:127) AMI_ES2009a_H00_MEE033_0087814_0088353
LOG (gmm-align-compiled[5.4.105~1-4fda]:main():gmm-align-compiled.cc:127) AMI_ES2009a_H00_MEE033_0092876_0093676
LOG (gmm-align-compiled[5.4.105~1-4fda]:main():gmm-align-compiled.cc:127) AMI_ES2009a_H00_MEE033_0095900_0095974
LOG (gmm-align-compiled[5.4.105~1-4fda]:main():gmm-align-compiled.cc:127) AMI_ES2009a_H00_MEE033_0099138_0099338
LOG (gmm-align-compiled[5.4.105~1-4fda]:main():gmm-align-compiled.cc:127) AMI_ES2009a_H00_MEE033_0104401_0104895
LOG (gmm-align-compiled[5.4.105~1-4fda]:main():gmm-align-compiled.cc:127) AMI_ES2009a_H00_MEE033_0108927_0109158
LOG (gmm-align-compiled[5.4.105~1-4fda]:main():gmm-align-compiled.cc:127) AMI_ES2009a_H00_MEE033_0112343_0112432
LOG (gmm-align-compiled[5.4.105~1-4fda]:main():gmm-align-compiled.cc:127) AMI_ES2009a_H00_MEE033_0114568_0114605
LOG (gmm-align-compiled[5.4.105~1-4fda]:main():gmm-align-compiled.cc:127) AMI_ES2009a_H00_MEE033_0120569_0120595
LOG (gmm-align-compiled[5.4.105~1-4fda]:main():gmm-align-compiled.cc:127) AMI_ES2009a_H00_MEE033_0127294_0127972
LOG (gmm-align-compiled[5.4.105~1-4fda]:main():gmm-align-compiled.cc:127) AMI_ES2009a_H00_MEE033_0133877_0134044
LOG (gmm-align-compiled[5.4.105~1-4fda]:main():gmm-align-compiled.cc:127) AMI_ES2009a_H00_MEE033_0138378_0138544
LOG (gmm-align-compiled[5.4.105~1-4fda]:main():gmm-align-compiled.cc:127) AMI_ES2009a_H01_MEE034_0041071_0041117
LOG (gmm-align-compiled[5.4.105~1-4fda]:main():gmm-align-compiled.cc:127) AMI_ES2009a_H01_MEE034_0062164_0062195
LOG (gmm-align-compiled[5.4.105~1-4fda]:main():gmm-align-compiled.cc:127) AMI_ES2009a_H01_MEE034_0067167_0067586
LOG (gmm-align-compiled[5.4.105~1-4fda]:main():gmm-align-compiled.cc:127) AMI_ES2009a_H01_MEE034_0072289_0072377
LOG (gmm-align-compiled[5.4.105~1-4fda]:main():gmm-align-compiled.cc:127) AMI_ES2009a_H01_MEE034_0075675_0075725
LOG (gmm-align-compiled[5.4.105~1-4fda]:main():gmm-align-compiled.cc:127) AMI_ES2009a_H01_MEE034_0094632_0094700
LOG (gmm-align-compiled[5.4.105~1-4fda]:main():gmm-align-compiled.cc:127) AMI_ES2009a_H01_MEE034_0108274_0108684
LOG (gmm-align-compiled[5.4.105~1-4fda]:main():gmm-align-compiled.cc:127) AMI_ES2009a_H01_MEE034_0126682_0126709
LOG (gmm-align-compiled[5.4.105~1-4fda]:main():gmm-align-compiled.cc:127) AMI_ES2009a_H02_MEE035_0002592_0002660
LOG (gmm-align-compiled[5.4.105~1-4fda]:main():gmm-align-compiled.cc:127) AMI_ES2009a_H02_MEE035_0054383_0054871
LOG (gmm-align-compiled[5.4.105~1-4fda]:main():gmm-align-compiled.cc:127) AMI_ES2009a_H02_MEE035_0057263_0057802
LOG (gmm-align-compiled[5.4.105~1-4fda]:main():gmm-align-compiled.cc:127) AMI_ES2009a_H02_MEE035_0061887_0062125
LOG (gmm-align-compiled[5.4.105~1-4fda]:main():gmm-align-compiled.cc:127) AMI_ES2009a_H02_MEE035_0089276_0090080
LOG (gmm-align-compiled[5.4.105~1-4fda]:main():gmm-align-compiled.cc:127) AMI_ES2009a_H02_MEE035_0098844_0099168
LOG (gmm-align-compiled[5.4.105~1-4fda]:main():gmm-align-compiled.cc:127) AMI_ES2009a_H02_MEE035_0121703_0122038
LOG (gmm-align-compiled[5.4.105~1-4fda]:main():gmm-align-compiled.cc:127) AMI_ES2009a_H02_MEE035_0132554_0132755
LOG (gmm-align-compiled[5.4.105~1-4fda]:main():gmm-align-compiled.cc:127) AMI_ES2009a_H03_FEE036_0003572_0003994
LOG (gmm-align-compiled[5.4.105~1-4fda]:main():gmm-align-compiled.cc:127) AMI_ES2009a_H03_FEE036_0019016_0019065
LOG (gmm-align-compiled[5.4.105~1-4fda]:main():gmm-align-compiled.cc:127) AMI_ES2009a_H03_FEE036_0041684_0041947
WARNING (gmm-align-compiled[5.4.105~1-4fda]:AlignUtteranceWrapper():decoder-wrappers.cc:468) Retrying utterance AMI_ES2009a_H03_FEE036_0041684_0041947 with beam 40
LOG (gmm-align-compiled[5.4.105~1-4fda]:main():gmm-align-compiled.cc:127) AMI_ES2009a_H03_FEE036_0043922_0043979
LOG (gmm-align-compiled[5.4.105~1-4fda]:main():gmm-align-compiled.cc:127) AMI_ES2009a_H03_FEE036_0046846_0046897
LOG (gmm-align-compiled[5.4.105~1-4fda]:main():gmm-align-compiled.cc:127) AMI_ES2009a_H03_FEE036_0049997_0050095
LOG (gmm-align-compiled[5.4.105~1-4fda]:main():gmm-align-compiled.cc:127) AMI_ES2009a_H03_FEE036_0053492_0053613
LOG (gmm-align-compiled[5.4.105~1-4fda]:main():gmm-align-compiled.cc:127) AMI_ES2009a_H03_FEE036_0058402_0058441
LOG (gmm-align-compiled[5.4.105~1-4fda]:main():gmm-align-compiled.cc:127) AMI_ES2009a_H03_FEE036_0060607_0060688
LOG (gmm-align-compiled[5.4.105~1-4fda]:main():gmm-align-compiled.cc:127) AMI_ES2009a_H03_FEE036_0063389_0063902
WARNING (gmm-align-compiled[5.4.105~1-4fda]:AlignUtteranceWrapper():decoder-wrappers.cc:468) Retrying utterance AMI_ES2009a_H03_FEE036_0063389_0063902 with beam 40
LOG (gmm-align-compiled[5.4.105~1-4fda]:main():gmm-align-compiled.cc:127) AMI_ES2009a_H03_FEE036_0065484_0065712
LOG (gmm-align-compiled[5.4.105~1-4fda]:main():gmm-align-compiled.cc:127) AMI_ES2009a_H03_FEE036_0068389_0068439
LOG (gmm-align-compiled[5.4.105~1-4fda]:main():gmm-align-compiled.cc:127) AMI_ES2009a_H03_FEE036_0081212_0081240
LOG (gmm-align-compiled[5.4.105~1-4fda]:main():gmm-align-compiled.cc:127) AMI_ES2009a_H03_FEE036_0101031_0101702
LOG (gmm-align-compiled[5.4.105~1-4fda]:main():gmm-align-compiled.cc:127) AMI_ES2009a_H03_FEE036_0103966_0104042
LOG (gmm-align-compiled[5.4.105~1-4fda]:main():gmm-align-compiled.cc:127) AMI_ES2009a_H03_FEE036_0108173_0108274
LOG (gmm-align-compiled[5.4.105~1-4fda]:main():gmm-align-compiled.cc:127) AMI_ES2009a_H03_FEE036_0112342_0112376
LOG (gmm-align-compiled[5.4.105~1-4fda]:main():gmm-align-compiled.cc:127) AMI_ES2009a_H03_FEE036_0116111_0116610
LOG (gmm-align-compiled[5.4.105~1-4fda]:main():gmm-align-compiled.cc:127) AMI_ES2009a_H03_FEE036_0118155_0118233
LOG (gmm-align-compiled[5.4.105~1-4fda]:main():gmm-align-compiled.cc:127) AMI_ES2009a_H03_FEE036_0124508_0124551
LOG (gmm-align-compiled[5.4.105~1-4fda]:main():gmm-align-compiled.cc:127) AMI_ES2009a_H03_FEE036_0128223_0128252
LOG (gmm-align-compiled[5.4.105~1-4fda]:main():gmm-align-compiled.cc:127) AMI_ES2009a_H03_FEE036_0132359_0132418
LOG (gmm-align-compiled[5.4.105~1-4fda]:main():gmm-align-compiled.cc:127) AMI_ES2009a_H03_FEE036_0139561_0139595
LOG (gmm-align-compiled[5.4.105~1-4fda]:main():gmm-align-compiled.cc:127) AMI_ES2009b_H00_MEE033_0001494_0002167
WARNING (gmm-align-compiled[5.4.105~1-4fda]:AlignUtteranceWrapper():decoder-wrappers.cc:468) Retrying utterance AMI_ES2009b_H00_MEE033_0001494_0002167 with beam 40
LOG (gmm-align-compiled[5.4.105~1-4fda]:main():gmm-align-compiled.cc:127) AMI_ES2009b_H00_MEE033_0004953_0005622
LOG (gmm-align-compiled[5.4.105~1-4fda]:main():gmm-align-compiled.cc:127) AMI_ES2009b_H00_MEE033_0009079_0009093
LOG (gmm-align-compiled[5.4.105~1-4fda]:main():gmm-align-compiled.cc:127) AMI_ES2009b_H00_MEE033_0023113_0023173
LOG (gmm-align-compiled[5.4.105~1-4fda]:main():gmm-align-compiled.cc:127) AMI_ES2009b_H00_MEE033_0029183_0029377
LOG (gmm-align-compiled[5.4.105~1-4fda]:main():gmm-align-compiled.cc:127) AMI_ES2009b_H00_MEE033_0047479_0047550
LOG (gmm-align-compiled[5.4.105~1-4fda]:main():gmm-align-compiled.cc:127) AMI_ES2009b_H00_MEE033_0061952_0062440
LOG (gmm-align-compiled[5.4.105~1-4fda]:main():gmm-align-compiled.cc:127) AMI_ES2009b_H00_MEE033_0069312_0069503
LOG (gmm-align-compiled[5.4.105~1-4fda]:main():gmm-align-compiled.cc:127) AMI_ES2009b_H00_MEE033_0072946_0073396
LOG (gmm-align-compiled[5.4.105~1-4fda]:main():gmm-align-compiled.cc:127) AMI_ES2009b_H00_MEE033_0078759_0078912
LOG (gmm-align-compiled[5.4.105~1-4fda]:main():gmm-align-compiled.cc:127) AMI_ES2009b_H00_MEE033_0085835_0085957
LOG (gmm-align-compiled[5.4.105~1-4fda]:main():gmm-align-compiled.cc:127) AMI_ES2009b_H00_MEE033_0090933_0091650
LOG (gmm-align-compiled[5.4.105~1-4fda]:main():gmm-align-compiled.cc:127) AMI_ES2009b_H00_MEE033_0095412_0095819
LOG (gmm-align-compiled[5.4.105~1-4fda]:main():gmm-align-compiled.cc:127) AMI_ES2009b_H00_MEE033_0100364_0100411
LOG (gmm-align-compiled[5.4.105~1-4fda]:main():gmm-align-compiled.cc:127) AMI_ES2009b_H00_MEE033_0103880_0103904
LOG (gmm-align-compiled[5.4.105~1-4fda]:main():gmm-align-compiled.cc:127) AMI_ES2009b_H00_MEE033_0108308_0108444
LOG (gmm-align-compiled[5.4.105~1-4fda]:main():gmm-align-compiled.cc:127) AMI_ES2009b_H00_MEE033_0111413_0112544
LOG (gmm-align-compiled[5.4.105~1-4fda]:main():gmm-align-compiled.cc:127) AMI_ES2009b_H00_MEE033_0115645_0115677
LOG (gmm-align-compiled[5.4.105~1-4fda]:main():gmm-align-compiled.cc:127) AMI_ES2009b_H00_MEE033_0119820_0120692
LOG (gmm-align-compiled[5.4.105~1-4fda]:main():gmm-align-compiled.cc:127) AMI_ES2009b_H00_MEE033_0128845_0129908
WARNING (gmm-align-compiled[5.4.105~1-4fda]:AlignUtteranceWrapper():decoder-wrappers.cc:468) Retrying utterance AMI_ES2009b_H00_MEE033_0128845_0129908 with beam 40
LOG (gmm-align-compiled[5.4.105~1-4fda]:main():gmm-align-compiled.cc:127) AMI_ES2009b_H00_MEE033_0137516_0137689
LOG (gmm-align-compiled[5.4.105~1-4fda]:main():gmm-align-compiled.cc:127) AMI_ES2009b_H00_MEE033_0139753_0139843
LOG (gmm-align-compiled[5.4.105~1-4fda]:main():gmm-align-compiled.cc:127) AMI_ES2009b_H00_MEE033_0142808_0142926
LOG (gmm-align-compiled[5.4.105~1-4fda]:main():gmm-align-compiled.cc:127) AMI_ES2009b_H01_MEE034_0011712_0011892
LOG (gmm-align-compiled[5.4.105~1-4fda]:main():gmm-align-compiled.cc:127) AMI_ES2009b_H01_MEE034_0016169_0016282
LOG (gmm-align-compiled[5.4.105~1-4fda]:main():gmm-align-compiled.cc:127) AMI_ES2009b_H01_MEE034_0019682_0020027
LOG (gmm-align-compiled[5.4.105~1-4fda]:main():gmm-align-compiled.cc:127) AMI_ES2009b_H01_MEE034_0024153_0024450
LOG (gmm-align-compiled[5.4.105~1-4fda]:main():gmm-align-compiled.cc:127) AMI_ES2009b_H01_MEE034_0075445_0075688
LOG (gmm-align-compiled[5.4.105~1-4fda]:main():gmm-align-compiled.cc:127) AMI_ES2009b_H01_MEE034_0082397_0082465
LOG (gmm-align-compiled[5.4.105~1-4fda]:main():gmm-align-compiled.cc:127) AMI_ES2009b_H01_MEE034_0089564_0089795
LOG (gmm-align-compiled[5.4.105~1-4fda]:main():gmm-align-compiled.cc:127) AMI_ES2009b_H01_MEE034_0101643_0102098
LOG (gmm-align-compiled[5.4.105~1-4fda]:main():gmm-align-compiled.cc:127) AMI_ES2009b_H01_MEE034_0127259_0127392
WARNING (gmm-align-compiled[5.4.105~1-4fda]:AlignUtteranceWrapper():decoder-wrappers.cc:468) Retrying utterance AMI_ES2009b_H01_MEE034_0127259_0127392 with beam 40
LOG (gmm-align-compiled[5.4.105~1-4fda]:main():gmm-align-compiled.cc:127) AMI_ES2009b_H01_MEE034_0135135_0135194
LOG (gmm-align-compiled[5.4.105~1-4fda]:main():gmm-align-compiled.cc:127) AMI_ES2009b_H02_MEE035_0036395_0037414
LOG (gmm-align-compiled[5.4.105~1-4fda]:main():gmm-align-compiled.cc:127) AMI_ES2009b_H02_MEE035_0045439_0046271
LOG (gmm-align-compiled[5.4.105~1-4fda]:main():gmm-align-compiled.cc:127) AMI_ES2009b_H02_MEE035_0079240_0079401
LOG (gmm-align-compiled[5.4.105~1-4fda]:main():gmm-align-compiled.cc:127) AMI_ES2009b_H02_MEE035_0097188_0097513
LOG (gmm-align-compiled[5.4.105~1-4fda]:main():gmm-align-compiled.cc:127) AMI_ES2009b_H02_MEE035_0108109_0108171
LOG (gmm-align-compiled[5.4.105~1-4fda]:main():gmm-align-compiled.cc:127) AMI_ES2009b_H02_MEE035_0136236_0136256
LOG (gmm-align-compiled[5.4.105~1-4fda]:main():gmm-align-compiled.cc:127) AMI_ES2009b_H03_FEE036_0011462_0011555
LOG (gmm-align-compiled[5.4.105~1-4fda]:main():gmm-align-compiled.cc:127) AMI_ES2009b_H03_FEE036_0047896_0048036
WARNING (gmm-align-compiled[5.4.105~1-4fda]:AlignUtteranceWrapper():decoder-wrappers.cc:468) Retrying utterance AMI_ES2009b_H03_FEE036_0047896_0048036 with beam 40
LOG (gmm-align-compiled[5.4.105~1-4fda]:main():gmm-align-compiled.cc:127) AMI_ES2009b_H03_FEE036_0049215_0049234
LOG (gmm-align-compiled[5.4.105~1-4fda]:main():gmm-align-compiled.cc:127) AMI_ES2009b_H03_FEE036_0053599_0054029
WARNING (gmm-align-compiled[5.4.105~1-4fda]:AlignUtteranceWrapper():decoder-wrappers.cc:468) Retrying utterance AMI_ES2009b_H03_FEE036_0053599_0054029 with beam 40
LOG (gmm-align-compiled[5.4.105~1-4fda]:main():gmm-align-compiled.cc:127) AMI_ES2009b_H03_FEE036_0056763_0057492
LOG (gmm-align-compiled[5.4.105~1-4fda]:main():gmm-align-compiled.cc:127) AMI_ES2009b_H03_FEE036_0061540_0061617
LOG (gmm-align-compiled[5.4.105~1-4fda]:main():gmm-align-compiled.cc:127) AMI_ES2009b_H03_FEE036_0071620_0071641
LOG (gmm-align-compiled[5.4.105~1-4fda]:main():gmm-align-compiled.cc:127) AMI_ES2009b_H03_FEE036_0075948_0075980
LOG (gmm-align-compiled[5.4.105~1-4fda]:main():gmm-align-compiled.cc:127) AMI_ES2009b_H03_FEE036_0080082_0080109
LOG (gmm-align-compiled[5.4.105~1-4fda]:main():gmm-align-compiled.cc:127) AMI_ES2009b_H03_FEE036_0084167_0084225
LOG (gmm-align-compiled[5.4.105~1-4fda]:main():gmm-align-compiled.cc:127) AMI_ES2009b_H03_FEE036_0093922_0093952
LOG (gmm-align-compiled[5.4.105~1-4fda]:main():gmm-align-compiled.cc:127) AMI_ES2009b_H03_FEE036_0102938_0102965
LOG (gmm-align-compiled[5.4.105~1-4fda]:main():gmm-align-compiled.cc:127) AMI_ES2009b_H03_FEE036_0113858_0113908
LOG (gmm-align-compiled[5.4.105~1-4fda]:main():gmm-align-compiled.cc:127) AMI_ES2009b_H03_FEE036_0118667_0118711
LOG (gmm-align-compiled[5.4.105~1-4fda]:main():gmm-align-compiled.cc:127) AMI_ES2009b_H03_FEE036_0128478_0128511
LOG (gmm-align-compiled[5.4.105~1-4fda]:main():gmm-align-compiled.cc:127) AMI_ES2009b_H03_FEE036_0133455_0134320
LOG (gmm-align-compiled[5.4.105~1-4fda]:main():gmm-align-compiled.cc:127) AMI_ES2009b_H03_FEE036_0137324_0137347
LOG (gmm-align-compiled[5.4.105~1-4fda]:main():gmm-align-compiled.cc:127) AMI_ES2009c_H00_MEE033_0006489_0006540
LOG (gmm-align-compiled[5.4.105~1-4fda]:main():gmm-align-compiled.cc:127) AMI_ES2009c_H00_MEE033_0010803_0010874
LOG (gmm-align-compiled[5.4.105~1-4fda]:main():gmm-align-compiled.cc:127) AMI_ES2009c_H00_MEE033_0023562_0023580
LOG (gmm-align-compiled[5.4.105~1-4fda]:main():gmm-align-compiled.cc:127) AMI_ES2009c_H00_MEE033_0038098_0038226
LOG (gmm-align-compiled[5.4.105~1-4fda]:main():gmm-align-compiled.cc:127) AMI_ES2009c_H00_MEE033_0041221_0041400
LOG (gmm-align-compiled[5.4.105~1-4fda]:main():gmm-align-compiled.cc:127) AMI_ES2009c_H00_MEE033_0059819_0060064
LOG (gmm-align-compiled[5.4.105~1-4fda]:main():gmm-align-compiled.cc:127) AMI_ES2009c_H00_MEE033_0085792_0085825
LOG (gmm-align-compiled[5.4.105~1-4fda]:main():gmm-align-compiled.cc:127) AMI_ES2009c_H00_MEE033_0093961_0094065
LOG (gmm-align-compiled[5.4.105~1-4fda]:main():gmm-align-compiled.cc:127) AMI_ES2009c_H00_MEE033_0097680_0097872
LOG (gmm-align-compiled[5.4.105~1-4fda]:main():gmm-align-compiled.cc:127) AMI_ES2009c_H00_MEE033_0105535_0105561
LOG (gmm-align-compiled[5.4.105~1-4fda]:main():gmm-align-compiled.cc:127) AMI_ES2009c_H00_MEE033_0110210_0110266
LOG (gmm-align-compiled[5.4.105~1-4fda]:main():gmm-align-compiled.cc:127) AMI_ES2009c_H00_MEE033_0118207_0118481
LOG (gmm-align-compiled[5.4.105~1-4fda]:main():gmm-align-compiled.cc:127) AMI_ES2009c_H00_MEE033_0123800_0123928
LOG (gmm-align-compiled[5.4.105~1-4fda]:main():gmm-align-compiled.cc:127) AMI_ES2009c_H00_MEE033_0128825_0129009
LOG (gmm-align-compiled[5.4.105~1-4fda]:main():gmm-align-compiled.cc:127) AMI_ES2009c_H00_MEE033_0131899_0131940
LOG (gmm-align-compiled[5.4.105~1-4fda]:main():gmm-align-compiled.cc:127) AMI_ES2009c_H00_MEE033_0137209_0137326
LOG (gmm-align-compiled[5.4.105~1-4fda]:main():gmm-align-compiled.cc:127) AMI_ES2009c_H00_MEE033_0143691_0143764
LOG (gmm-align-compiled[5.4.105~1-4fda]:main():gmm-align-compiled.cc:127) AMI_ES2009c_H00_MEE033_0149100_0149145
LOG (gmm-align-compiled[5.4.105~1-4fda]:main():gmm-align-compiled.cc:127) AMI_ES2009c_H00_MEE033_0152799_0153425
LOG (gmm-align-compiled[5.4.105~1-4fda]:main():gmm-align-compiled.cc:127) AMI_ES2009c_H00_MEE033_0157186_0157702
LOG (gmm-align-compiled[5.4.105~1-4fda]:main():gmm-align-compiled.cc:127) AMI_ES2009c_H00_MEE033_0160897_0161108
LOG (gmm-align-compiled[5.4.105~1-4fda]:main():gmm-align-compiled.cc:127) AMI_ES2009c_H00_MEE033_0166999_0167560
LOG (gmm-align-compiled[5.4.105~1-4fda]:main():gmm-align-compiled.cc:127) AMI_ES2009c_H00_MEE033_0178430_0179071
LOG (gmm-align-compiled[5.4.105~1-4fda]:main():gmm-align-compiled.cc:127) AMI_ES2009c_H00_MEE033_0184524_0184892
LOG (gmm-align-compiled[5.4.105~1-4fda]:main():gmm-align-compiled.cc:127) AMI_ES2009c_H00_MEE033_0190278_0190460
LOG (gmm-align-compiled[5.4.105~1-4fda]:main():gmm-align-compiled.cc:127) AMI_ES2009c_H00_MEE033_0194882_0194938
LOG (gmm-align-compiled[5.4.105~1-4fda]:main():gmm-align-compiled.cc:127) AMI_ES2009c_H01_MEE034_0011915_0012213
LOG (gmm-align-compiled[5.4.105~1-4fda]:main():gmm-align-compiled.cc:127) AMI_ES2009c_H01_MEE034_0015737_0016375
LOG (gmm-align-compiled[5.4.105~1-4fda]:main():gmm-align-compiled.cc:127) AMI_ES2009c_H01_MEE034_0020164_0020493
LOG (gmm-align-compiled[5.4.105~1-4fda]:main():gmm-align-compiled.cc:127) AMI_ES2009c_H01_MEE034_0029002_0029123
LOG (gmm-align-compiled[5.4.105~1-4fda]:main():gmm-align-compiled.cc:127) AMI_ES2009c_H01_MEE034_0031336_0031950
LOG (gmm-align-compiled[5.4.105~1-4fda]:main():gmm-align-compiled.cc:127) AMI_ES2009c_H01_MEE034_0035835_0036887
LOG (gmm-align-compiled[5.4.105~1-4fda]:main():gmm-align-compiled.cc:127) AMI_ES2009c_H01_MEE034_0052461_0052660
LOG (gmm-align-compiled[5.4.105~1-4fda]:main():gmm-align-compiled.cc:127) AMI_ES2009c_H01_MEE034_0087978_0088091
LOG (gmm-align-compiled[5.4.105~1-4fda]:main():gmm-align-compiled.cc:127) AMI_ES2009c_H01_MEE034_0099928_0100203
LOG (gmm-align-compiled[5.4.105~1-4fda]:main():gmm-align-compiled.cc:127) AMI_ES2009c_H01_MEE034_0123273_0123766
LOG (gmm-align-compiled[5.4.105~1-4fda]:main():gmm-align-compiled.cc:127) AMI_ES2009c_H01_MEE034_0136512_0136939
WARNING (gmm-align-compiled[5.4.105~1-4fda]:AlignUtteranceWrapper():decoder-wrappers.cc:468) Retrying utterance AMI_ES2009c_H01_MEE034_0136512_0136939 with beam 40
LOG (gmm-align-compiled[5.4.105~1-4fda]:main():gmm-align-compiled.cc:127) AMI_ES2009c_H01_MEE034_0145200_0145224
LOG (gmm-align-compiled[5.4.105~1-4fda]:main():gmm-align-compiled.cc:127) AMI_ES2009c_H01_MEE034_0157813_0158585
WARNING (gmm-align-compiled[5.4.105~1-4fda]:AlignUtteranceWrapper():decoder-wrappers.cc:468) Retrying utterance AMI_ES2009c_H01_MEE034_0157813_0158585 with beam 40
LOG (gmm-align-compiled[5.4.105~1-4fda]:main():gmm-align-compiled.cc:127) AMI_ES2009c_H01_MEE034_0169385_0169551
LOG (gmm-align-compiled[5.4.105~1-4fda]:main():gmm-align-compiled.cc:127) AMI_ES2009c_H01_MEE034_0194365_0194510
LOG (gmm-align-compiled[5.4.105~1-4fda]:main():gmm-align-compiled.cc:127) AMI_ES2009c_H02_MEE035_0053396_0053445
LOG (gmm-align-compiled[5.4.105~1-4fda]:main():gmm-align-compiled.cc:127) AMI_ES2009c_H02_MEE035_0062626_0063710
LOG (gmm-align-compiled[5.4.105~1-4fda]:main():gmm-align-compiled.cc:127) AMI_ES2009c_H02_MEE035_0066903_0067371
LOG (gmm-align-compiled[5.4.105~1-4fda]:main():gmm-align-compiled.cc:127) AMI_ES2009c_H02_MEE035_0070959_0071264
LOG (gmm-align-compiled[5.4.105~1-4fda]:main():gmm-align-compiled.cc:127) AMI_ES2009c_H02_MEE035_0075924_0075967
LOG (gmm-align-compiled[5.4.105~1-4fda]:main():gmm-align-compiled.cc:127) AMI_ES2009c_H02_MEE035_0082151_0082239
LOG (gmm-align-compiled[5.4.105~1-4fda]:main():gmm-align-compiled.cc:127) AMI_ES2009c_H02_MEE035_0094634_0094825
LOG (gmm-align-compiled[5.4.105~1-4fda]:main():gmm-align-compiled.cc:127) AMI_ES2009c_H02_MEE035_0111296_0111933
LOG (gmm-align-compiled[5.4.105~1-4fda]:main():gmm-align-compiled.cc:127) AMI_ES2009c_H02_MEE035_0136104_0136163
LOG (gmm-align-compiled[5.4.105~1-4fda]:main():gmm-align-compiled.cc:127) AMI_ES2009c_H02_MEE035_0149027_0149062
LOG (gmm-align-compiled[5.4.105~1-4fda]:main():gmm-align-compiled.cc:127) AMI_ES2009c_H03_FEE036_0023642_0023674
LOG (gmm-align-compiled[5.4.105~1-4fda]:main():gmm-align-compiled.cc:127) AMI_ES2009c_H03_FEE036_0032989_0033409
LOG (gmm-align-compiled[5.4.105~1-4fda]:main():gmm-align-compiled.cc:127) AMI_ES2009c_H03_FEE036_0040467_0041032
LOG (gmm-align-compiled[5.4.105~1-4fda]:main():gmm-align-compiled.cc:127) AMI_ES2009c_H03_FEE036_0042470_0043119
LOG (gmm-align-compiled[5.4.105~1-4fda]:main():gmm-align-compiled.cc:127) AMI_ES2009c_H03_FEE036_0047613_0047931
LOG (gmm-align-compiled[5.4.105~1-4fda]:main():gmm-align-compiled.cc:127) AMI_ES2009c_H03_FEE036_0052865_0052907
LOG (gmm-align-compiled[5.4.105~1-4fda]:main():gmm-align-compiled.cc:127) AMI_ES2009c_H03_FEE036_0056012_0056108
LOG (gmm-align-compiled[5.4.105~1-4fda]:main():gmm-align-compiled.cc:127) AMI_ES2009c_H03_FEE036_0058530_0058585
LOG (gmm-align-compiled[5.4.105~1-4fda]:main():gmm-align-compiled.cc:127) AMI_ES2009c_H03_FEE036_0071244_0071407
LOG (gmm-align-compiled[5.4.105~1-4fda]:main():gmm-align-compiled.cc:127) AMI_ES2009c_H03_FEE036_0086790_0086828
LOG (gmm-align-compiled[5.4.105~1-4fda]:main():gmm-align-compiled.cc:127) AMI_ES2009c_H03_FEE036_0095436_0095527
LOG (gmm-align-compiled[5.4.105~1-4fda]:main():gmm-align-compiled.cc:127) AMI_ES2009c_H03_FEE036_0103108_0103150
LOG (gmm-align-compiled[5.4.105~1-4fda]:main():gmm-align-compiled.cc:127) AMI_ES2009c_H03_FEE036_0108639_0109005
LOG (gmm-align-compiled[5.4.105~1-4fda]:main():gmm-align-compiled.cc:127) AMI_ES2009c_H03_FEE036_0114936_0115226
LOG (gmm-align-compiled[5.4.105~1-4fda]:main():gmm-align-compiled.cc:127) AMI_ES2009c_H03_FEE036_0121324_0122548
LOG (gmm-align-compiled[5.4.105~1-4fda]:main():gmm-align-compiled.cc:127) AMI_ES2009c_H03_FEE036_0136282_0136436
LOG (gmm-align-compiled[5.4.105~1-4fda]:main():gmm-align-compiled.cc:127) AMI_ES2009c_H03_FEE036_0142637_0143296
LOG (gmm-align-compiled[5.4.105~1-4fda]:main():gmm-align-compiled.cc:127) AMI_ES2009c_H03_FEE036_0148226_0148280
LOG (gmm-align-compiled[5.4.105~1-4fda]:main():gmm-align-compiled.cc:127) AMI_ES2009c_H03_FEE036_0153396_0153430
LOG (gmm-align-compiled[5.4.105~1-4fda]:main():gmm-align-compiled.cc:127) AMI_ES2009c_H03_FEE036_0161792_0162717
LOG (gmm-align-compiled[5.4.105~1-4fda]:main():gmm-align-compiled.cc:127) AMI_ES2009c_H03_FEE036_0166130_0166160
LOG (gmm-align-compiled[5.4.105~1-4fda]:main():gmm-align-compiled.cc:127) AMI_ES2009c_H03_FEE036_0172165_0172198
LOG (gmm-align-compiled[5.4.105~1-4fda]:main():gmm-align-compiled.cc:127) AMI_ES2009c_H03_FEE036_0179385_0179471
LOG (gmm-align-compiled[5.4.105~1-4fda]:main():gmm-align-compiled.cc:127) AMI_ES2009c_H03_FEE036_0185552_0185614
LOG (gmm-align-compiled[5.4.105~1-4fda]:main():gmm-align-compiled.cc:127) AMI_ES2009d_H00_MEE033_0006112_0007183
LOG (gmm-align-compiled[5.4.105~1-4fda]:main():gmm-align-compiled.cc:127) AMI_ES2009d_H00_MEE033_0009804_0010024
LOG (gmm-align-compiled[5.4.105~1-4fda]:main():gmm-align-compiled.cc:127) AMI_ES2009d_H00_MEE033_0013706_0014246
WARNING (gmm-align-compiled[5.4.105~1-4fda]:AlignUtteranceWrapper():decoder-wrappers.cc:468) Retrying utterance AMI_ES2009d_H00_MEE033_0013706_0014246 with beam 40
LOG (gmm-align-compiled[5.4.105~1-4fda]:main():gmm-align-compiled.cc:127) AMI_ES2009d_H00_MEE033_0021392_0021430
LOG (gmm-align-compiled[5.4.105~1-4fda]:main():gmm-align-compiled.cc:127) AMI_ES2009d_H00_MEE033_0045914_0045944
LOG (gmm-align-compiled[5.4.105~1-4fda]:main():gmm-align-compiled.cc:127) AMI_ES2009d_H00_MEE033_0065129_0065542
LOG (gmm-align-compiled[5.4.105~1-4fda]:main():gmm-align-compiled.cc:127) AMI_ES2009d_H00_MEE033_0071698_0071791
LOG (gmm-align-compiled[5.4.105~1-4fda]:main():gmm-align-compiled.cc:127) AMI_ES2009d_H00_MEE033_0074856_0075483
LOG (gmm-align-compiled[5.4.105~1-4fda]:main():gmm-align-compiled.cc:127) AMI_ES2009d_H00_MEE033_0082061_0082169
LOG (gmm-align-compiled[5.4.105~1-4fda]:main():gmm-align-compiled.cc:127) AMI_ES2009d_H00_MEE033_0092993_0093266
LOG (gmm-align-compiled[5.4.105~1-4fda]:main():gmm-align-compiled.cc:127) AMI_ES2009d_H00_MEE033_0097284_0097377
LOG (gmm-align-compiled[5.4.105~1-4fda]:main():gmm-align-compiled.cc:127) AMI_ES2009d_H00_MEE033_0108917_0108980
LOG (gmm-align-compiled[5.4.105~1-4fda]:main():gmm-align-compiled.cc:127) AMI_ES2009d_H00_MEE033_0113248_0113327
LOG (gmm-align-compiled[5.4.105~1-4fda]:main():gmm-align-compiled.cc:127) AMI_ES2009d_H00_MEE033_0129976_0130327
LOG (gmm-align-compiled[5.4.105~1-4fda]:main():gmm-align-compiled.cc:127) AMI_ES2009d_H00_MEE033_0141767_0141817
LOG (gmm-align-compiled[5.4.105~1-4fda]:main():gmm-align-compiled.cc:127) AMI_ES2009d_H00_MEE033_0147089_0147306
WARNING (gmm-align-compiled[5.4.105~1-4fda]:AlignUtteranceWrapper():decoder-wrappers.cc:468) Retrying utterance AMI_ES2009d_H00_MEE033_0147089_0147306 with beam 40
LOG (gmm-align-compiled[5.4.105~1-4fda]:main():gmm-align-compiled.cc:127) AMI_ES2009d_H00_MEE033_0151824_0152036
LOG (gmm-align-compiled[5.4.105~1-4fda]:main():gmm-align-compiled.cc:127) AMI_ES2009d_H00_MEE033_0154493_0154700
LOG (gmm-align-compiled[5.4.105~1-4fda]:main():gmm-align-compiled.cc:127) AMI_ES2009d_H00_MEE033_0160360_0160517
LOG (gmm-align-compiled[5.4.105~1-4fda]:main():gmm-align-compiled.cc:127) AMI_ES2009d_H00_MEE033_0164392_0164424
LOG (gmm-align-compiled[5.4.105~1-4fda]:main():gmm-align-compiled.cc:127) AMI_ES2009d_H00_MEE033_0168514_0168706
LOG (gmm-align-compiled[5.4.105~1-4fda]:main():gmm-align-compiled.cc:127) AMI_ES2009d_H00_MEE033_0174044_0174068
LOG (gmm-align-compiled[5.4.105~1-4fda]:main():gmm-align-compiled.cc:127) AMI_ES2009d_H00_MEE033_0177553_0177610
LOG (gmm-align-compiled[5.4.105~1-4fda]:main():gmm-align-compiled.cc:127) AMI_ES2009d_H00_MEE033_0184816_0184898
LOG (gmm-align-compiled[5.4.105~1-4fda]:main():gmm-align-compiled.cc:127) AMI_ES2009d_H00_MEE033_0189400_0189428
LOG (gmm-align-compiled[5.4.105~1-4fda]:main():gmm-align-compiled.cc:127) AMI_ES2009d_H00_MEE033_0193201_0193263
LOG (gmm-align-compiled[5.4.105~1-4fda]:main():gmm-align-compiled.cc:127) AMI_ES2009d_H00_MEE033_0196564_0196660
LOG (gmm-align-compiled[5.4.105~1-4fda]:main():gmm-align-compiled.cc:127) AMI_ES2009d_H00_MEE033_0200345_0200370
LOG (gmm-align-compiled[5.4.105~1-4fda]:main():gmm-align-compiled.cc:127) AMI_ES2009d_H00_MEE033_0202692_0203181
LOG (gmm-align-compiled[5.4.105~1-4fda]:main():gmm-align-compiled.cc:127) AMI_ES2009d_H00_MEE033_0208709_0208792
LOG (gmm-align-compiled[5.4.105~1-4fda]:main():gmm-align-compiled.cc:127) AMI_ES2009d_H01_MEE034_0005454_0005659
LOG (gmm-align-compiled[5.4.105~1-4fda]:main():gmm-align-compiled.cc:127) AMI_ES2009d_H01_MEE034_0020768_0022074
LOG (gmm-align-compiled[5.4.105~1-4fda]:main():gmm-align-compiled.cc:127) AMI_ES2009d_H01_MEE034_0026892_0026962
LOG (gmm-align-compiled[5.4.105~1-4fda]:main():gmm-align-compiled.cc:127) AMI_ES2009d_H01_MEE034_0038333_0038661
LOG (gmm-align-compiled[5.4.105~1-4fda]:main():gmm-align-compiled.cc:127) AMI_ES2009d_H01_MEE034_0043933_0044241
LOG (gmm-align-compiled[5.4.105~1-4fda]:main():gmm-align-compiled.cc:127) AMI_ES2009d_H01_MEE034_0059836_0060733
WARNING (gmm-align-compiled[5.4.105~1-4fda]:AlignUtteranceWrapper():decoder-wrappers.cc:468) Retrying utterance AMI_ES2009d_H01_MEE034_0059836_0060733 with beam 40
LOG (gmm-align-compiled[5.4.105~1-4fda]:main():gmm-align-compiled.cc:127) AMI_ES2009d_H01_MEE034_0068827_0068934
LOG (gmm-align-compiled[5.4.105~1-4fda]:main():gmm-align-compiled.cc:127) AMI_ES2009d_H01_MEE034_0074504_0074659
LOG (gmm-align-compiled[5.4.105~1-4fda]:main():gmm-align-compiled.cc:127) AMI_ES2009d_H01_MEE034_0085116_0085150
LOG (gmm-align-compiled[5.4.105~1-4fda]:main():gmm-align-compiled.cc:127) AMI_ES2009d_H01_MEE034_0093980_0094089
LOG (gmm-align-compiled[5.4.105~1-4fda]:main():gmm-align-compiled.cc:127) AMI_ES2009d_H01_MEE034_0108078_0108134
LOG (gmm-align-compiled[5.4.105~1-4fda]:main():gmm-align-compiled.cc:127) AMI_ES2009d_H01_MEE034_0117951_0117985
LOG (gmm-align-compiled[5.4.105~1-4fda]:main():gmm-align-compiled.cc:127) AMI_ES2009d_H01_MEE034_0130473_0130519
LOG (gmm-align-compiled[5.4.105~1-4fda]:main():gmm-align-compiled.cc:127) AMI_ES2009d_H01_MEE034_0137748_0137803
LOG (gmm-align-compiled[5.4.105~1-4fda]:main():gmm-align-compiled.cc:127) AMI_ES2009d_H01_MEE034_0143727_0143771
LOG (gmm-align-compiled[5.4.105~1-4fda]:main():gmm-align-compiled.cc:127) AMI_ES2009d_H01_MEE034_0153976_0154768
LOG (gmm-align-compiled[5.4.105~1-4fda]:main():gmm-align-compiled.cc:127) AMI_ES2009d_H01_MEE034_0164567_0164852
LOG (gmm-align-compiled[5.4.105~1-4fda]:main():gmm-align-compiled.cc:127) AMI_ES2009d_H01_MEE034_0173257_0173286
LOG (gmm-align-compiled[5.4.105~1-4fda]:main():gmm-align-compiled.cc:127) AMI_ES2009d_H01_MEE034_0180275_0180580
LOG (gmm-align-compiled[5.4.105~1-4fda]:main():gmm-align-compiled.cc:127) AMI_ES2009d_H01_MEE034_0200041_0200667
LOG (gmm-align-compiled[5.4.105~1-4fda]:main():gmm-align-compiled.cc:127) AMI_ES2009d_H01_MEE034_0208259_0208339
LOG (gmm-align-compiled[5.4.105~1-4fda]:main():gmm-align-compiled.cc:127) AMI_ES2009d_H02_MEE035_0028614_0028697
LOG (gmm-align-compiled[5.4.105~1-4fda]:main():gmm-align-compiled.cc:127) AMI_ES2009d_H02_MEE035_0034060_0034365
LOG (gmm-align-compiled[5.4.105~1-4fda]:main():gmm-align-compiled.cc:127) AMI_ES2009d_H02_MEE035_0041212_0042164
LOG (gmm-align-compiled[5.4.105~1-4fda]:main():gmm-align-compiled.cc:127) AMI_ES2009d_H02_MEE035_0050714_0051457
LOG (gmm-align-compiled[5.4.105~1-4fda]:main():gmm-align-compiled.cc:127) AMI_ES2009d_H02_MEE035_0058726_0059617
LOG (gmm-align-compiled[5.4.105~1-4fda]:main():gmm-align-compiled.cc:127) AMI_ES2009d_H02_MEE035_0088456_0089908
LOG (gmm-align-compiled[5.4.105~1-4fda]:main():gmm-align-compiled.cc:127) AMI_ES2009d_H02_MEE035_0108458_0108553
LOG (gmm-align-compiled[5.4.105~1-4fda]:main():gmm-align-compiled.cc:127) AMI_ES2009d_H02_MEE035_0125349_0125465
LOG (gmm-align-compiled[5.4.105~1-4fda]:main():gmm-align-compiled.cc:127) AMI_ES2009d_H02_MEE035_0144974_0145490
LOG (gmm-align-compiled[5.4.105~1-4fda]:main():gmm-align-compiled.cc:127) AMI_ES2009d_H02_MEE035_0156013_0156531
LOG (gmm-align-compiled[5.4.105~1-4fda]:main():gmm-align-compiled.cc:127) AMI_ES2009d_H02_MEE035_0170543_0170724
LOG (gmm-align-compiled[5.4.105~1-4fda]:main():gmm-align-compiled.cc:127) AMI_ES2009d_H02_MEE035_0177308_0177625
LOG (gmm-align-compiled[5.4.105~1-4fda]:main():gmm-align-compiled.cc:127) AMI_ES2009d_H02_MEE035_0201515_0201608
LOG (gmm-align-compiled[5.4.105~1-4fda]:main():gmm-align-compiled.cc:127) AMI_ES2009d_H03_FEE036_0003600_0003715
LOG (gmm-align-compiled[5.4.105~1-4fda]:main():gmm-align-compiled.cc:127) AMI_ES2009d_H03_FEE036_0028160_0028202
LOG (gmm-align-compiled[5.4.105~1-4fda]:main():gmm-align-compiled.cc:127) AMI_ES2009d_H03_FEE036_0039361_0039694
LOG (gmm-align-compiled[5.4.105~1-4fda]:main():gmm-align-compiled.cc:127) AMI_ES2009d_H03_FEE036_0046796_0046823
LOG (gmm-align-compiled[5.4.105~1-4fda]:main():gmm-align-compiled.cc:127) AMI_ES2009d_H03_FEE036_0054653_0054785
WARNING (gmm-align-compiled[5.4.105~1-4fda]:AlignUtteranceWrapper():decoder-wrappers.cc:468) Retrying utterance AMI_ES2009d_H03_FEE036_0054653_0054785 with beam 40
LOG (gmm-align-compiled[5.4.105~1-4fda]:main():gmm-align-compiled.cc:127) AMI_ES2009d_H03_FEE036_0057376_0057445
LOG (gmm-align-compiled[5.4.105~1-4fda]:main():gmm-align-compiled.cc:127) AMI_ES2009d_H03_FEE036_0061722_0061754
LOG (gmm-align-compiled[5.4.105~1-4fda]:main():gmm-align-compiled.cc:127) AMI_ES2009d_H03_FEE036_0085903_0086491
LOG (gmm-align-compiled[5.4.105~1-4fda]:main():gmm-align-compiled.cc:127) AMI_ES2009d_H03_FEE036_0090794_0090828
LOG (gmm-align-compiled[5.4.105~1-4fda]:main():gmm-align-compiled.cc:127) AMI_ES2009d_H03_FEE036_0097719_0097959
LOG (gmm-align-compiled[5.4.105~1-4fda]:main():gmm-align-compiled.cc:127) AMI_ES2009d_H03_FEE036_0100535_0101251
LOG (gmm-align-compiled[5.4.105~1-4fda]:main():gmm-align-compiled.cc:127) AMI_ES2009d_H03_FEE036_0103826_0103975
LOG (gmm-align-compiled[5.4.105~1-4fda]:main():gmm-align-compiled.cc:127) AMI_ES2009d_H03_FEE036_0106695_0106817
LOG (gmm-align-compiled[5.4.105~1-4fda]:main():gmm-align-compiled.cc:127) AMI_ES2009d_H03_FEE036_0115332_0115361
LOG (apply-cmvn[5.4.105~1-4fda]:main():apply-cmvn.cc:162) Applied cepstral mean normalization to 494 utterances, errors on 0
LOG (gmm-align-compiled[5.4.105~1-4fda]:main():gmm-align-compiled.cc:127) AMI_ES2009d_H03_FEE036_0123449_0124083
LOG (gmm-align-compiled[5.4.105~1-4fda]:main():gmm-align-compiled.cc:127) AMI_ES2009d_H03_FEE036_0128133_0128868
LOG (gmm-align-compiled[5.4.105~1-4fda]:main():gmm-align-compiled.cc:127) AMI_ES2009d_H03_FEE036_0133157_0133631
WARNING (gmm-align-compiled[5.4.105~1-4fda]:AlignUtteranceWrapper():decoder-wrappers.cc:468) Retrying utterance AMI_ES2009d_H03_FEE036_0133157_0133631 with beam 40
LOG (gmm-align-compiled[5.4.105~1-4fda]:main():gmm-align-compiled.cc:127) AMI_ES2009d_H03_FEE036_0137013_0137046
LOG (gmm-align-compiled[5.4.105~1-4fda]:main():gmm-align-compiled.cc:127) AMI_ES2009d_H03_FEE036_0142431_0142459
LOG (gmm-align-compiled[5.4.105~1-4fda]:main():gmm-align-compiled.cc:127) AMI_ES2009d_H03_FEE036_0147400_0147442
WARNING (gmm-align-compiled[5.4.105~1-4fda]:AlignUtteranceWrapper():decoder-wrappers.cc:468) Retrying utterance AMI_ES2009d_H03_FEE036_0147400_0147442 with beam 40
LOG (gmm-align-compiled[5.4.105~1-4fda]:main():gmm-align-compiled.cc:127) AMI_ES2009d_H03_FEE036_0154323_0154353
LOG (gmm-align-compiled[5.4.105~1-4fda]:main():gmm-align-compiled.cc:127) AMI_ES2009d_H03_FEE036_0157000_0157138
LOG (gmm-align-compiled[5.4.105~1-4fda]:main():gmm-align-compiled.cc:135) Overall log-likelihood per frame is -101.7 over 132827 frames.
LOG (gmm-align-compiled[5.4.105~1-4fda]:main():gmm-align-compiled.cc:137) Retried 36 out of 494 utterances.
LOG (gmm-align-compiled[5.4.105~1-4fda]:main():gmm-align-compiled.cc:139) Done 492, errors on 2
# Accounting: time=19 threads=1
# Ended (code 0) at Wed Oct 31 22:11:13 EDT 2018, elapsed time 19 seconds
