# align-equal-compiled "ark:gunzip -c exp2/mono/fsts.19.gz|" "ark,s,cs:apply-cmvn  --utt2spk=ark:data/st_ihm_all/train_15k/split30/19/utt2spk scp:data/st_ihm_all/train_15k/split30/19/cmvn.scp scp:data/st_ihm_all/train_15k/split30/19/feats.scp ark:- | add-deltas  ark:- ark:- |" ark,t:- | gmm-acc-stats-ali --binary=true exp2/mono/0.mdl "ark,s,cs:apply-cmvn  --utt2spk=ark:data/st_ihm_all/train_15k/split30/19/utt2spk scp:data/st_ihm_all/train_15k/split30/19/cmvn.scp scp:data/st_ihm_all/train_15k/split30/19/feats.scp ark:- | add-deltas  ark:- ark:- |" ark:- exp2/mono/0.19.acc 
# Started at Wed Oct 31 21:58:59 EDT 2018
#
align-equal-compiled 'ark:gunzip -c exp2/mono/fsts.19.gz|' 'ark,s,cs:apply-cmvn  --utt2spk=ark:data/st_ihm_all/train_15k/split30/19/utt2spk scp:data/st_ihm_all/train_15k/split30/19/cmvn.scp scp:data/st_ihm_all/train_15k/split30/19/feats.scp ark:- | add-deltas  ark:- ark:- |' ark,t:- 
gmm-acc-stats-ali --binary=true exp2/mono/0.mdl 'ark,s,cs:apply-cmvn  --utt2spk=ark:data/st_ihm_all/train_15k/split30/19/utt2spk scp:data/st_ihm_all/train_15k/split30/19/cmvn.scp scp:data/st_ihm_all/train_15k/split30/19/feats.scp ark:- | add-deltas  ark:- ark:- |' ark:- exp2/mono/0.19.acc 
apply-cmvn --utt2spk=ark:data/st_ihm_all/train_15k/split30/19/utt2spk scp:data/st_ihm_all/train_15k/split30/19/cmvn.scp scp:data/st_ihm_all/train_15k/split30/19/feats.scp ark:- 
apply-cmvn --utt2spk=ark:data/st_ihm_all/train_15k/split30/19/utt2spk scp:data/st_ihm_all/train_15k/split30/19/cmvn.scp scp:data/st_ihm_all/train_15k/split30/19/feats.scp ark:- 
add-deltas ark:- ark:- 
add-deltas ark:- ark:- 
LOG (gmm-acc-stats-ali[5.4.105~1-4fda]:main():gmm-acc-stats-ali.cc:105) Processed 50 utterances; for utterance AMI_IN1014_H02_MIO016_0019877_0019903 avg. like is -102.182 over 24 frames.
LOG (gmm-acc-stats-ali[5.4.105~1-4fda]:main():gmm-acc-stats-ali.cc:105) Processed 100 utterances; for utterance AMI_IN1014_H03_MIO031_0193914_0193948 avg. like is -103.698 over 32 frames.
WARNING (align-equal-compiled[5.4.105~1-4fda]:EqualAlign():fstext/fstext-utils-inl.h:876) EqualAlign: the randomly constructed paths lengths: 607,531,564,553,564,643,576,611,519,591
WARNING (align-equal-compiled[5.4.105~1-4fda]:EqualAlign():fstext/fstext-utils-inl.h:877) EqualAlign: utterance has too few frames 348 to align.
WARNING (align-equal-compiled[5.4.105~1-4fda]:main():align-equal-compiled.cc:100) AlignEqual: did not align utterence AMI_IN1016_H01_MIO031_0020619_0020969
LOG (gmm-acc-stats-ali[5.4.105~1-4fda]:main():gmm-acc-stats-ali.cc:105) Processed 150 utterances; for utterance AMI_IN1016_H00_MIO104_0353731_0353766 avg. like is -99.8793 over 33 frames.
WARNING (align-equal-compiled[5.4.105~1-4fda]:EqualAlign():fstext/fstext-utils-inl.h:876) EqualAlign: the randomly constructed paths lengths: 36,39,38,38,40,38,36,36,47,41
WARNING (align-equal-compiled[5.4.105~1-4fda]:EqualAlign():fstext/fstext-utils-inl.h:877) EqualAlign: utterance has too few frames 34 to align.
WARNING (align-equal-compiled[5.4.105~1-4fda]:main():align-equal-compiled.cc:100) AlignEqual: did not align utterence AMI_IS1000a_H01_MIO082_0014897_0014933
LOG (apply-cmvn[5.4.105~1-4fda]:main():apply-cmvn.cc:162) Applied cepstral mean normalization to 507 utterances, errors on 0
WARNING (align-equal-compiled[5.4.105~1-4fda]:main():align-equal-compiled.cc:109) Computed 505 alignments; 0 lacked features, 2 had other errors.
WARNING (gmm-acc-stats-ali[5.4.105~1-4fda]:main():gmm-acc-stats-ali.cc:79) No alignment for utterance AMI_IN1016_H01_MIO031_0020619_0020969
LOG (gmm-acc-stats-ali[5.4.105~1-4fda]:main():gmm-acc-stats-ali.cc:105) Processed 200 utterances; for utterance AMI_IN1016_H01_MIO031_0304568_0304680 avg. like is -105.027 over 110 frames.
LOG (gmm-acc-stats-ali[5.4.105~1-4fda]:main():gmm-acc-stats-ali.cc:105) Processed 250 utterances; for utterance AMI_IN1016_H02_MIE034_0296247_0296841 avg. like is -107.635 over 592 frames.
LOG (gmm-acc-stats-ali[5.4.105~1-4fda]:main():gmm-acc-stats-ali.cc:105) Processed 300 utterances; for utterance AMI_IN1016_H03_MIO050_0298931_0299034 avg. like is -106.38 over 101 frames.
WARNING (gmm-acc-stats-ali[5.4.105~1-4fda]:main():gmm-acc-stats-ali.cc:79) No alignment for utterance AMI_IS1000a_H01_MIO082_0014897_0014933
LOG (gmm-acc-stats-ali[5.4.105~1-4fda]:main():gmm-acc-stats-ali.cc:105) Processed 350 utterances; for utterance AMI_IS1000a_H01_MIO082_0126778_0126901 avg. like is -99.5482 over 121 frames.
LOG (gmm-acc-stats-ali[5.4.105~1-4fda]:main():gmm-acc-stats-ali.cc:105) Processed 400 utterances; for utterance AMI_IS1000b_H00_FIE081_0169790_0169816 avg. like is -97.7101 over 24 frames.
LOG (gmm-acc-stats-ali[5.4.105~1-4fda]:main():gmm-acc-stats-ali.cc:105) Processed 450 utterances; for utterance AMI_IS1000b_H02_MIO050_0217437_0217508 avg. like is -104.869 over 69 frames.
LOG (apply-cmvn[5.4.105~1-4fda]:main():apply-cmvn.cc:162) Applied cepstral mean normalization to 507 utterances, errors on 0
LOG (gmm-acc-stats-ali[5.4.105~1-4fda]:main():gmm-acc-stats-ali.cc:105) Processed 500 utterances; for utterance AMI_IS1000c_H01_MIO082_0107597_0109067 avg. like is -107.254 over 1468 frames.
LOG (gmm-acc-stats-ali[5.4.105~1-4fda]:main():gmm-acc-stats-ali.cc:112) Done 505 files, 2 with errors.
LOG (gmm-acc-stats-ali[5.4.105~1-4fda]:main():gmm-acc-stats-ali.cc:115) Overall avg like per frame (Gaussian only) = -105.786 over 131713 frames.
LOG (gmm-acc-stats-ali[5.4.105~1-4fda]:main():gmm-acc-stats-ali.cc:123) Written accs.
# Accounting: time=2 threads=1
# Ended (code 0) at Wed Oct 31 21:59:01 EDT 2018, elapsed time 2 seconds
