# gmm-align-compiled --transition-scale=1.0 --acoustic-scale=0.1 --self-loop-scale=0.1 --beam=10 --retry-beam=40 --careful=false "gmm-boost-silence --boost=1.0 1 exp2/mono/26.mdl - |" "ark:gunzip -c exp2/mono/fsts.5.gz|" "ark,s,cs:apply-cmvn  --utt2spk=ark:data/st_ihm_all/train_15k/split30/5/utt2spk scp:data/st_ihm_all/train_15k/split30/5/cmvn.scp scp:data/st_ihm_all/train_15k/split30/5/feats.scp ark:- | add-deltas  ark:- ark:- |" "ark,t:|gzip -c >exp2/mono/ali.5.gz" 
# Started at Wed Oct 31 22:15:09 EDT 2018
#
gmm-align-compiled --transition-scale=1.0 --acoustic-scale=0.1 --self-loop-scale=0.1 --beam=10 --retry-beam=40 --careful=false 'gmm-boost-silence --boost=1.0 1 exp2/mono/26.mdl - |' 'ark:gunzip -c exp2/mono/fsts.5.gz|' 'ark,s,cs:apply-cmvn  --utt2spk=ark:data/st_ihm_all/train_15k/split30/5/utt2spk scp:data/st_ihm_all/train_15k/split30/5/cmvn.scp scp:data/st_ihm_all/train_15k/split30/5/feats.scp ark:- | add-deltas  ark:- ark:- |' 'ark,t:|gzip -c >exp2/mono/ali.5.gz' 
gmm-boost-silence --boost=1.0 1 exp2/mono/26.mdl - 
WARNING (gmm-boost-silence[5.4.105~1-4fda]:main():gmm-boost-silence.cc:82) The pdfs for the silence phones may be shared by other phones (note: this probably does not matter.)
LOG (gmm-boost-silence[5.4.105~1-4fda]:main():gmm-boost-silence.cc:93) Boosted weights for 5 pdfs, by factor of 1
LOG (gmm-boost-silence[5.4.105~1-4fda]:main():gmm-boost-silence.cc:103) Wrote model to -
apply-cmvn --utt2spk=ark:data/st_ihm_all/train_15k/split30/5/utt2spk scp:data/st_ihm_all/train_15k/split30/5/cmvn.scp scp:data/st_ihm_all/train_15k/split30/5/feats.scp ark:- 
add-deltas ark:- ark:- 
LOG (gmm-align-compiled[5.4.105~1-4fda]:main():gmm-align-compiled.cc:127) AMI_EN2001b_H03_MEE068_0060900_0061091
LOG (gmm-align-compiled[5.4.105~1-4fda]:main():gmm-align-compiled.cc:127) AMI_EN2001b_H03_MEE068_0136282_0136319
LOG (gmm-align-compiled[5.4.105~1-4fda]:main():gmm-align-compiled.cc:127) AMI_EN2001b_H03_MEE068_0177654_0177792
LOG (gmm-align-compiled[5.4.105~1-4fda]:main():gmm-align-compiled.cc:127) AMI_EN2001b_H03_MEE068_0210357_0210390
LOG (gmm-align-compiled[5.4.105~1-4fda]:main():gmm-align-compiled.cc:127) AMI_EN2001b_H03_MEE068_0242762_0242785
LOG (gmm-align-compiled[5.4.105~1-4fda]:main():gmm-align-compiled.cc:127) AMI_EN2001b_H03_MEE068_0292467_0292842
LOG (gmm-align-compiled[5.4.105~1-4fda]:main():gmm-align-compiled.cc:127) AMI_EN2001d_H00_FEO066_0016973_0017001
LOG (gmm-align-compiled[5.4.105~1-4fda]:main():gmm-align-compiled.cc:127) AMI_EN2001d_H00_FEO066_0039852_0040009
LOG (gmm-align-compiled[5.4.105~1-4fda]:main():gmm-align-compiled.cc:127) AMI_EN2001d_H00_FEO066_0049038_0049321
LOG (gmm-align-compiled[5.4.105~1-4fda]:main():gmm-align-compiled.cc:127) AMI_EN2001d_H00_FEO066_0083577_0084035
LOG (gmm-align-compiled[5.4.105~1-4fda]:main():gmm-align-compiled.cc:127) AMI_EN2001d_H00_FEO066_0093380_0093401
LOG (gmm-align-compiled[5.4.105~1-4fda]:main():gmm-align-compiled.cc:127) AMI_EN2001d_H00_FEO066_0129833_0130130
LOG (gmm-align-compiled[5.4.105~1-4fda]:main():gmm-align-compiled.cc:127) AMI_EN2001d_H00_FEO066_0177098_0177129
LOG (gmm-align-compiled[5.4.105~1-4fda]:main():gmm-align-compiled.cc:127) AMI_EN2001d_H00_FEO066_0238740_0238765
LOG (gmm-align-compiled[5.4.105~1-4fda]:main():gmm-align-compiled.cc:127) AMI_EN2001d_H00_FEO066_0260101_0260652
LOG (gmm-align-compiled[5.4.105~1-4fda]:main():gmm-align-compiled.cc:127) AMI_EN2001d_H00_FEO066_0298454_0298474
LOG (gmm-align-compiled[5.4.105~1-4fda]:main():gmm-align-compiled.cc:127) AMI_EN2001d_H01_MEO069_0007179_0007709
LOG (gmm-align-compiled[5.4.105~1-4fda]:main():gmm-align-compiled.cc:127) AMI_EN2001d_H01_MEO069_0011348_0011588
LOG (gmm-align-compiled[5.4.105~1-4fda]:main():gmm-align-compiled.cc:127) AMI_EN2001d_H01_MEO069_0014778_0015336
LOG (gmm-align-compiled[5.4.105~1-4fda]:main():gmm-align-compiled.cc:127) AMI_EN2001d_H01_MEO069_0018363_0018715
LOG (gmm-align-compiled[5.4.105~1-4fda]:main():gmm-align-compiled.cc:127) AMI_EN2001d_H01_MEO069_0026287_0026400
LOG (gmm-align-compiled[5.4.105~1-4fda]:main():gmm-align-compiled.cc:127) AMI_EN2001d_H01_MEO069_0029769_0029974
LOG (gmm-align-compiled[5.4.105~1-4fda]:main():gmm-align-compiled.cc:127) AMI_EN2001d_H01_MEO069_0034164_0034322
LOG (gmm-align-compiled[5.4.105~1-4fda]:main():gmm-align-compiled.cc:127) AMI_EN2001d_H01_MEO069_0035617_0036486
LOG (gmm-align-compiled[5.4.105~1-4fda]:main():gmm-align-compiled.cc:127) AMI_EN2001d_H01_MEO069_0040443_0040512
LOG (gmm-align-compiled[5.4.105~1-4fda]:main():gmm-align-compiled.cc:127) AMI_EN2001d_H01_MEO069_0044418_0044724
LOG (gmm-align-compiled[5.4.105~1-4fda]:main():gmm-align-compiled.cc:127) AMI_EN2001d_H01_MEO069_0048232_0048491
LOG (gmm-align-compiled[5.4.105~1-4fda]:main():gmm-align-compiled.cc:127) AMI_EN2001d_H01_MEO069_0059691_0059912
LOG (gmm-align-compiled[5.4.105~1-4fda]:main():gmm-align-compiled.cc:127) AMI_EN2001d_H01_MEO069_0067968_0067999
LOG (gmm-align-compiled[5.4.105~1-4fda]:main():gmm-align-compiled.cc:127) AMI_EN2001d_H01_MEO069_0071959_0072115
LOG (gmm-align-compiled[5.4.105~1-4fda]:main():gmm-align-compiled.cc:127) AMI_EN2001d_H01_MEO069_0074948_0075173
LOG (gmm-align-compiled[5.4.105~1-4fda]:main():gmm-align-compiled.cc:127) AMI_EN2001d_H01_MEO069_0080122_0080457
LOG (gmm-align-compiled[5.4.105~1-4fda]:main():gmm-align-compiled.cc:127) AMI_EN2001d_H01_MEO069_0085325_0085705
LOG (gmm-align-compiled[5.4.105~1-4fda]:main():gmm-align-compiled.cc:127) AMI_EN2001d_H01_MEO069_0089144_0089741
LOG (gmm-align-compiled[5.4.105~1-4fda]:main():gmm-align-compiled.cc:127) AMI_EN2001d_H01_MEO069_0095745_0095956
LOG (gmm-align-compiled[5.4.105~1-4fda]:main():gmm-align-compiled.cc:127) AMI_EN2001d_H01_MEO069_0100157_0100741
LOG (gmm-align-compiled[5.4.105~1-4fda]:main():gmm-align-compiled.cc:127) AMI_EN2001d_H01_MEO069_0104518_0105096
LOG (gmm-align-compiled[5.4.105~1-4fda]:main():gmm-align-compiled.cc:127) AMI_EN2001d_H01_MEO069_0109153_0109627
LOG (gmm-align-compiled[5.4.105~1-4fda]:main():gmm-align-compiled.cc:127) AMI_EN2001d_H01_MEO069_0118554_0119214
LOG (gmm-align-compiled[5.4.105~1-4fda]:main():gmm-align-compiled.cc:127) AMI_EN2001d_H01_MEO069_0122078_0122883
LOG (gmm-align-compiled[5.4.105~1-4fda]:main():gmm-align-compiled.cc:127) AMI_EN2001d_H01_MEO069_0126875_0127380
LOG (gmm-align-compiled[5.4.105~1-4fda]:main():gmm-align-compiled.cc:127) AMI_EN2001d_H01_MEO069_0134957_0135149
LOG (gmm-align-compiled[5.4.105~1-4fda]:main():gmm-align-compiled.cc:127) AMI_EN2001d_H01_MEO069_0148916_0149469
LOG (gmm-align-compiled[5.4.105~1-4fda]:main():gmm-align-compiled.cc:127) AMI_EN2001d_H01_MEO069_0151865_0152063
LOG (gmm-align-compiled[5.4.105~1-4fda]:main():gmm-align-compiled.cc:127) AMI_EN2001d_H01_MEO069_0157011_0157198
LOG (gmm-align-compiled[5.4.105~1-4fda]:main():gmm-align-compiled.cc:127) AMI_EN2001d_H01_MEO069_0160982_0161096
LOG (gmm-align-compiled[5.4.105~1-4fda]:main():gmm-align-compiled.cc:127) AMI_EN2001d_H01_MEO069_0165120_0165168
LOG (gmm-align-compiled[5.4.105~1-4fda]:main():gmm-align-compiled.cc:127) AMI_EN2001d_H01_MEO069_0170926_0170989
LOG (gmm-align-compiled[5.4.105~1-4fda]:main():gmm-align-compiled.cc:127) AMI_EN2001d_H01_MEO069_0173279_0173843
LOG (gmm-align-compiled[5.4.105~1-4fda]:main():gmm-align-compiled.cc:127) AMI_EN2001d_H01_MEO069_0176410_0176488
LOG (gmm-align-compiled[5.4.105~1-4fda]:main():gmm-align-compiled.cc:127) AMI_EN2001d_H01_MEO069_0179166_0179508
LOG (gmm-align-compiled[5.4.105~1-4fda]:main():gmm-align-compiled.cc:127) AMI_EN2001d_H01_MEO069_0183101_0184068
LOG (gmm-align-compiled[5.4.105~1-4fda]:main():gmm-align-compiled.cc:127) AMI_EN2001d_H01_MEO069_0191411_0191516
LOG (gmm-align-compiled[5.4.105~1-4fda]:main():gmm-align-compiled.cc:127) AMI_EN2001d_H01_MEO069_0195863_0196226
LOG (gmm-align-compiled[5.4.105~1-4fda]:main():gmm-align-compiled.cc:127) AMI_EN2001d_H01_MEO069_0199411_0200037
LOG (gmm-align-compiled[5.4.105~1-4fda]:main():gmm-align-compiled.cc:127) AMI_EN2001d_H01_MEO069_0203656_0203679
LOG (gmm-align-compiled[5.4.105~1-4fda]:main():gmm-align-compiled.cc:127) AMI_EN2001d_H01_MEO069_0209007_0209667
LOG (gmm-align-compiled[5.4.105~1-4fda]:main():gmm-align-compiled.cc:127) AMI_EN2001d_H01_MEO069_0224514_0225291
LOG (gmm-align-compiled[5.4.105~1-4fda]:main():gmm-align-compiled.cc:127) AMI_EN2001d_H01_MEO069_0237800_0237952
LOG (gmm-align-compiled[5.4.105~1-4fda]:main():gmm-align-compiled.cc:127) AMI_EN2001d_H01_MEO069_0240569_0240852
LOG (gmm-align-compiled[5.4.105~1-4fda]:main():gmm-align-compiled.cc:127) AMI_EN2001d_H01_MEO069_0243864_0243948
LOG (gmm-align-compiled[5.4.105~1-4fda]:main():gmm-align-compiled.cc:127) AMI_EN2001d_H01_MEO069_0246957_0247596
LOG (gmm-align-compiled[5.4.105~1-4fda]:main():gmm-align-compiled.cc:127) AMI_EN2001d_H01_MEO069_0251319_0252132
LOG (gmm-align-compiled[5.4.105~1-4fda]:main():gmm-align-compiled.cc:127) AMI_EN2001d_H01_MEO069_0254653_0254944
LOG (gmm-align-compiled[5.4.105~1-4fda]:main():gmm-align-compiled.cc:127) AMI_EN2001d_H01_MEO069_0257255_0257342
LOG (gmm-align-compiled[5.4.105~1-4fda]:main():gmm-align-compiled.cc:127) AMI_EN2001d_H01_MEO069_0267734_0268296
LOG (gmm-align-compiled[5.4.105~1-4fda]:main():gmm-align-compiled.cc:127) AMI_EN2001d_H01_MEO069_0275017_0275172
LOG (gmm-align-compiled[5.4.105~1-4fda]:main():gmm-align-compiled.cc:127) AMI_EN2001d_H01_MEO069_0281551_0281573
LOG (gmm-align-compiled[5.4.105~1-4fda]:main():gmm-align-compiled.cc:127) AMI_EN2001d_H01_MEO069_0286582_0286960
LOG (gmm-align-compiled[5.4.105~1-4fda]:main():gmm-align-compiled.cc:127) AMI_EN2001d_H01_MEO069_0291279_0291519
LOG (gmm-align-compiled[5.4.105~1-4fda]:main():gmm-align-compiled.cc:127) AMI_EN2001d_H01_MEO069_0293008_0293378
LOG (gmm-align-compiled[5.4.105~1-4fda]:main():gmm-align-compiled.cc:127) AMI_EN2001d_H01_MEO069_0297454_0297791
LOG (gmm-align-compiled[5.4.105~1-4fda]:main():gmm-align-compiled.cc:127) AMI_EN2001d_H01_MEO069_0306611_0307981
LOG (gmm-align-compiled[5.4.105~1-4fda]:main():gmm-align-compiled.cc:127) AMI_EN2001d_H01_MEO069_0311811_0312081
LOG (gmm-align-compiled[5.4.105~1-4fda]:main():gmm-align-compiled.cc:127) AMI_EN2001d_H01_MEO069_0315993_0316131
LOG (gmm-align-compiled[5.4.105~1-4fda]:main():gmm-align-compiled.cc:127) AMI_EN2001d_H01_MEO069_0319366_0320105
LOG (gmm-align-compiled[5.4.105~1-4fda]:main():gmm-align-compiled.cc:127) AMI_EN2001d_H01_MEO069_0328025_0328563
LOG (gmm-align-compiled[5.4.105~1-4fda]:main():gmm-align-compiled.cc:127) AMI_EN2001d_H01_MEO069_0332194_0332358
LOG (gmm-align-compiled[5.4.105~1-4fda]:main():gmm-align-compiled.cc:127) AMI_EN2001d_H02_FEO065_0026479_0026582
LOG (gmm-align-compiled[5.4.105~1-4fda]:main():gmm-align-compiled.cc:127) AMI_EN2001d_H02_FEO065_0135892_0136448
LOG (gmm-align-compiled[5.4.105~1-4fda]:main():gmm-align-compiled.cc:127) AMI_EN2001d_H02_FEO065_0171151_0171485
LOG (gmm-align-compiled[5.4.105~1-4fda]:main():gmm-align-compiled.cc:127) AMI_EN2001d_H02_FEO065_0178145_0178175
LOG (gmm-align-compiled[5.4.105~1-4fda]:main():gmm-align-compiled.cc:127) AMI_EN2001d_H02_FEO065_0200568_0200583
LOG (gmm-align-compiled[5.4.105~1-4fda]:main():gmm-align-compiled.cc:127) AMI_EN2001d_H02_FEO065_0229011_0229130
LOG (gmm-align-compiled[5.4.105~1-4fda]:main():gmm-align-compiled.cc:127) AMI_EN2001d_H02_FEO065_0244263_0244823
LOG (gmm-align-compiled[5.4.105~1-4fda]:main():gmm-align-compiled.cc:127) AMI_EN2001d_H02_FEO065_0320782_0321403
LOG (gmm-align-compiled[5.4.105~1-4fda]:main():gmm-align-compiled.cc:127) AMI_EN2001d_H03_MEE067_0011540_0011579
LOG (gmm-align-compiled[5.4.105~1-4fda]:main():gmm-align-compiled.cc:127) AMI_EN2001d_H03_MEE067_0023311_0023336
LOG (gmm-align-compiled[5.4.105~1-4fda]:main():gmm-align-compiled.cc:127) AMI_EN2001d_H03_MEE067_0027701_0027961
LOG (gmm-align-compiled[5.4.105~1-4fda]:main():gmm-align-compiled.cc:127) AMI_EN2001d_H03_MEE067_0030152_0030260
LOG (gmm-align-compiled[5.4.105~1-4fda]:main():gmm-align-compiled.cc:127) AMI_EN2001d_H03_MEE067_0035061_0035093
LOG (gmm-align-compiled[5.4.105~1-4fda]:main():gmm-align-compiled.cc:127) AMI_EN2001d_H03_MEE067_0052310_0052658
LOG (gmm-align-compiled[5.4.105~1-4fda]:main():gmm-align-compiled.cc:127) AMI_EN2001d_H03_MEE067_0064366_0064684
LOG (gmm-align-compiled[5.4.105~1-4fda]:main():gmm-align-compiled.cc:127) AMI_EN2001d_H03_MEE067_0068198_0068453
LOG (gmm-align-compiled[5.4.105~1-4fda]:main():gmm-align-compiled.cc:127) AMI_EN2001d_H03_MEE067_0073025_0073060
LOG (gmm-align-compiled[5.4.105~1-4fda]:main():gmm-align-compiled.cc:127) AMI_EN2001d_H03_MEE067_0085931_0086358
LOG (gmm-align-compiled[5.4.105~1-4fda]:main():gmm-align-compiled.cc:127) AMI_EN2001d_H03_MEE067_0099005_0099208
WARNING (gmm-align-compiled[5.4.105~1-4fda]:AlignUtteranceWrapper():decoder-wrappers.cc:468) Retrying utterance AMI_EN2001d_H03_MEE067_0099005_0099208 with beam 40
LOG (gmm-align-compiled[5.4.105~1-4fda]:main():gmm-align-compiled.cc:127) AMI_EN2001d_H03_MEE067_0112358_0112994
LOG (gmm-align-compiled[5.4.105~1-4fda]:main():gmm-align-compiled.cc:127) AMI_EN2001d_H03_MEE067_0116420_0116645
LOG (gmm-align-compiled[5.4.105~1-4fda]:main():gmm-align-compiled.cc:127) AMI_EN2001d_H03_MEE067_0121459_0121582
LOG (gmm-align-compiled[5.4.105~1-4fda]:main():gmm-align-compiled.cc:127) AMI_EN2001d_H03_MEE067_0124526_0124921
LOG (gmm-align-compiled[5.4.105~1-4fda]:main():gmm-align-compiled.cc:127) AMI_EN2001d_H03_MEE067_0133344_0133606
LOG (gmm-align-compiled[5.4.105~1-4fda]:main():gmm-align-compiled.cc:127) AMI_EN2001d_H03_MEE067_0138496_0138648
LOG (gmm-align-compiled[5.4.105~1-4fda]:main():gmm-align-compiled.cc:127) AMI_EN2001d_H03_MEE067_0142778_0142810
LOG (gmm-align-compiled[5.4.105~1-4fda]:main():gmm-align-compiled.cc:127) AMI_EN2001d_H03_MEE067_0149788_0149962
LOG (gmm-align-compiled[5.4.105~1-4fda]:main():gmm-align-compiled.cc:127) AMI_EN2001d_H03_MEE067_0168621_0168793
WARNING (gmm-align-compiled[5.4.105~1-4fda]:AlignUtteranceWrapper():decoder-wrappers.cc:468) Retrying utterance AMI_EN2001d_H03_MEE067_0168621_0168793 with beam 40
LOG (gmm-align-compiled[5.4.105~1-4fda]:main():gmm-align-compiled.cc:127) AMI_EN2001d_H03_MEE067_0176483_0176776
LOG (gmm-align-compiled[5.4.105~1-4fda]:main():gmm-align-compiled.cc:127) AMI_EN2001d_H03_MEE067_0186215_0186492
LOG (gmm-align-compiled[5.4.105~1-4fda]:main():gmm-align-compiled.cc:127) AMI_EN2001d_H03_MEE067_0193978_0194063
LOG (gmm-align-compiled[5.4.105~1-4fda]:main():gmm-align-compiled.cc:127) AMI_EN2001d_H03_MEE067_0203058_0203250
LOG (gmm-align-compiled[5.4.105~1-4fda]:main():gmm-align-compiled.cc:127) AMI_EN2001d_H03_MEE067_0210010_0210653
LOG (gmm-align-compiled[5.4.105~1-4fda]:main():gmm-align-compiled.cc:127) AMI_EN2001d_H03_MEE067_0216082_0216952
LOG (gmm-align-compiled[5.4.105~1-4fda]:main():gmm-align-compiled.cc:127) AMI_EN2001d_H03_MEE067_0223592_0223727
LOG (gmm-align-compiled[5.4.105~1-4fda]:main():gmm-align-compiled.cc:127) AMI_EN2001d_H03_MEE067_0232733_0232942
LOG (gmm-align-compiled[5.4.105~1-4fda]:main():gmm-align-compiled.cc:127) AMI_EN2001d_H03_MEE067_0242755_0243198
LOG (gmm-align-compiled[5.4.105~1-4fda]:main():gmm-align-compiled.cc:127) AMI_EN2001d_H03_MEE067_0260742_0261184
LOG (gmm-align-compiled[5.4.105~1-4fda]:main():gmm-align-compiled.cc:127) AMI_EN2001d_H03_MEE067_0277336_0278440
LOG (gmm-align-compiled[5.4.105~1-4fda]:main():gmm-align-compiled.cc:127) AMI_EN2001d_H03_MEE067_0283948_0284373
LOG (gmm-align-compiled[5.4.105~1-4fda]:main():gmm-align-compiled.cc:127) AMI_EN2001d_H03_MEE067_0288527_0288807
LOG (gmm-align-compiled[5.4.105~1-4fda]:main():gmm-align-compiled.cc:127) AMI_EN2001d_H03_MEE067_0292803_0293009
LOG (gmm-align-compiled[5.4.105~1-4fda]:main():gmm-align-compiled.cc:127) AMI_EN2001d_H03_MEE067_0299260_0299710
LOG (gmm-align-compiled[5.4.105~1-4fda]:main():gmm-align-compiled.cc:127) AMI_EN2001d_H03_MEE067_0308410_0309036
LOG (gmm-align-compiled[5.4.105~1-4fda]:main():gmm-align-compiled.cc:127) AMI_EN2001d_H03_MEE067_0314069_0314218
LOG (gmm-align-compiled[5.4.105~1-4fda]:main():gmm-align-compiled.cc:127) AMI_EN2001d_H03_MEE067_0322092_0322393
LOG (gmm-align-compiled[5.4.105~1-4fda]:main():gmm-align-compiled.cc:127) AMI_EN2001d_H03_MEE067_0327281_0327941
LOG (gmm-align-compiled[5.4.105~1-4fda]:main():gmm-align-compiled.cc:127) AMI_EN2001d_H03_MEE067_0331764_0332275
LOG (gmm-align-compiled[5.4.105~1-4fda]:main():gmm-align-compiled.cc:127) AMI_EN2001d_H04_MEE068_0037805_0037821
LOG (gmm-align-compiled[5.4.105~1-4fda]:main():gmm-align-compiled.cc:127) AMI_EN2001d_H04_MEE068_0054179_0054505
LOG (gmm-align-compiled[5.4.105~1-4fda]:main():gmm-align-compiled.cc:127) AMI_EN2001d_H04_MEE068_0060204_0060386
LOG (gmm-align-compiled[5.4.105~1-4fda]:main():gmm-align-compiled.cc:127) AMI_EN2001d_H04_MEE068_0102821_0102852
LOG (gmm-align-compiled[5.4.105~1-4fda]:main():gmm-align-compiled.cc:127) AMI_EN2001d_H04_MEE068_0111969_0111986
LOG (gmm-align-compiled[5.4.105~1-4fda]:main():gmm-align-compiled.cc:127) AMI_EN2001d_H04_MEE068_0114804_0114833
LOG (gmm-align-compiled[5.4.105~1-4fda]:main():gmm-align-compiled.cc:127) AMI_EN2001d_H04_MEE068_0117725_0117865
LOG (gmm-align-compiled[5.4.105~1-4fda]:main():gmm-align-compiled.cc:127) AMI_EN2001d_H04_MEE068_0125051_0125359
WARNING (gmm-align-compiled[5.4.105~1-4fda]:AlignUtteranceWrapper():decoder-wrappers.cc:468) Retrying utterance AMI_EN2001d_H04_MEE068_0125051_0125359 with beam 40
LOG (gmm-align-compiled[5.4.105~1-4fda]:main():gmm-align-compiled.cc:127) AMI_EN2001d_H04_MEE068_0133715_0133817
LOG (gmm-align-compiled[5.4.105~1-4fda]:main():gmm-align-compiled.cc:127) AMI_EN2001d_H04_MEE068_0141820_0142200
LOG (gmm-align-compiled[5.4.105~1-4fda]:main():gmm-align-compiled.cc:127) AMI_EN2001d_H04_MEE068_0153962_0154010
LOG (gmm-align-compiled[5.4.105~1-4fda]:main():gmm-align-compiled.cc:127) AMI_EN2001d_H04_MEE068_0179533_0179564
LOG (gmm-align-compiled[5.4.105~1-4fda]:main():gmm-align-compiled.cc:127) AMI_EN2001d_H04_MEE068_0185002_0185049
LOG (gmm-align-compiled[5.4.105~1-4fda]:main():gmm-align-compiled.cc:127) AMI_EN2001d_H04_MEE068_0188404_0188566
LOG (gmm-align-compiled[5.4.105~1-4fda]:main():gmm-align-compiled.cc:127) AMI_EN2001d_H04_MEE068_0229173_0229542
LOG (gmm-align-compiled[5.4.105~1-4fda]:main():gmm-align-compiled.cc:127) AMI_EN2001d_H04_MEE068_0257998_0258021
LOG (gmm-align-compiled[5.4.105~1-4fda]:main():gmm-align-compiled.cc:127) AMI_EN2001d_H04_MEE068_0273847_0273925
LOG (gmm-align-compiled[5.4.105~1-4fda]:main():gmm-align-compiled.cc:127) AMI_EN2001e_H00_FEO066_0030438_0030985
LOG (gmm-align-compiled[5.4.105~1-4fda]:main():gmm-align-compiled.cc:127) AMI_EN2001e_H00_FEO066_0043781_0043988
LOG (gmm-align-compiled[5.4.105~1-4fda]:main():gmm-align-compiled.cc:127) AMI_EN2001e_H00_FEO066_0059425_0060229
LOG (gmm-align-compiled[5.4.105~1-4fda]:main():gmm-align-compiled.cc:127) AMI_EN2001e_H00_FEO066_0075466_0075841
LOG (gmm-align-compiled[5.4.105~1-4fda]:main():gmm-align-compiled.cc:127) AMI_EN2001e_H00_FEO066_0097285_0097316
LOG (gmm-align-compiled[5.4.105~1-4fda]:main():gmm-align-compiled.cc:127) AMI_EN2001e_H00_FEO066_0112731_0112877
LOG (gmm-align-compiled[5.4.105~1-4fda]:main():gmm-align-compiled.cc:127) AMI_EN2001e_H00_FEO066_0169610_0169644
LOG (gmm-align-compiled[5.4.105~1-4fda]:main():gmm-align-compiled.cc:127) AMI_EN2001e_H00_FEO066_0181335_0181828
LOG (gmm-align-compiled[5.4.105~1-4fda]:main():gmm-align-compiled.cc:127) AMI_EN2001e_H00_FEO066_0194038_0194109
LOG (gmm-align-compiled[5.4.105~1-4fda]:main():gmm-align-compiled.cc:127) AMI_EN2001e_H00_FEO066_0195879_0197174
LOG (gmm-align-compiled[5.4.105~1-4fda]:main():gmm-align-compiled.cc:127) AMI_EN2001e_H00_FEO066_0203040_0204480
LOG (gmm-align-compiled[5.4.105~1-4fda]:main():gmm-align-compiled.cc:127) AMI_EN2001e_H00_FEO066_0211106_0211805
LOG (gmm-align-compiled[5.4.105~1-4fda]:main():gmm-align-compiled.cc:127) AMI_EN2001e_H00_FEO066_0219055_0219169
LOG (gmm-align-compiled[5.4.105~1-4fda]:main():gmm-align-compiled.cc:127) AMI_EN2001e_H00_FEO066_0223598_0224028
LOG (gmm-align-compiled[5.4.105~1-4fda]:main():gmm-align-compiled.cc:127) AMI_EN2001e_H00_FEO066_0226121_0226342
LOG (gmm-align-compiled[5.4.105~1-4fda]:main():gmm-align-compiled.cc:127) AMI_EN2001e_H00_FEO066_0230228_0230255
LOG (gmm-align-compiled[5.4.105~1-4fda]:main():gmm-align-compiled.cc:127) AMI_EN2001e_H00_FEO066_0243234_0243577
LOG (gmm-align-compiled[5.4.105~1-4fda]:main():gmm-align-compiled.cc:127) AMI_EN2001e_H00_FEO066_0247996_0248665
LOG (gmm-align-compiled[5.4.105~1-4fda]:main():gmm-align-compiled.cc:127) AMI_EN2001e_H00_FEO066_0258077_0258567
LOG (gmm-align-compiled[5.4.105~1-4fda]:main():gmm-align-compiled.cc:127) AMI_EN2001e_H00_FEO066_0263433_0263740
LOG (gmm-align-compiled[5.4.105~1-4fda]:main():gmm-align-compiled.cc:127) AMI_EN2001e_H00_FEO066_0278437_0279001
LOG (gmm-align-compiled[5.4.105~1-4fda]:main():gmm-align-compiled.cc:127) AMI_EN2001e_H00_FEO066_0338170_0338664
LOG (gmm-align-compiled[5.4.105~1-4fda]:main():gmm-align-compiled.cc:127) AMI_EN2001e_H00_FEO066_0348287_0348321
LOG (gmm-align-compiled[5.4.105~1-4fda]:main():gmm-align-compiled.cc:127) AMI_EN2001e_H01_MEO069_0000433_0002091
LOG (gmm-align-compiled[5.4.105~1-4fda]:main():gmm-align-compiled.cc:127) AMI_EN2001e_H01_MEO069_0004714_0005083
LOG (gmm-align-compiled[5.4.105~1-4fda]:main():gmm-align-compiled.cc:127) AMI_EN2001e_H01_MEO069_0007758_0007920
LOG (gmm-align-compiled[5.4.105~1-4fda]:main():gmm-align-compiled.cc:127) AMI_EN2001e_H01_MEO069_0010894_0011830
LOG (gmm-align-compiled[5.4.105~1-4fda]:main():gmm-align-compiled.cc:127) AMI_EN2001e_H01_MEO069_0015576_0015807
LOG (gmm-align-compiled[5.4.105~1-4fda]:main():gmm-align-compiled.cc:127) AMI_EN2001e_H01_MEO069_0019547_0020075
LOG (gmm-align-compiled[5.4.105~1-4fda]:main():gmm-align-compiled.cc:127) AMI_EN2001e_H01_MEO069_0023752_0024099
LOG (gmm-align-compiled[5.4.105~1-4fda]:main():gmm-align-compiled.cc:127) AMI_EN2001e_H01_MEO069_0027557_0027607
LOG (gmm-align-compiled[5.4.105~1-4fda]:main():gmm-align-compiled.cc:127) AMI_EN2001e_H01_MEO069_0061665_0061869
LOG (gmm-align-compiled[5.4.105~1-4fda]:main():gmm-align-compiled.cc:127) AMI_EN2001e_H01_MEO069_0064629_0064777
LOG (gmm-align-compiled[5.4.105~1-4fda]:main():gmm-align-compiled.cc:127) AMI_EN2001e_H01_MEO069_0068122_0068593
WARNING (gmm-align-compiled[5.4.105~1-4fda]:AlignUtteranceWrapper():decoder-wrappers.cc:468) Retrying utterance AMI_EN2001e_H01_MEO069_0068122_0068593 with beam 40
LOG (gmm-align-compiled[5.4.105~1-4fda]:main():gmm-align-compiled.cc:127) AMI_EN2001e_H01_MEO069_0072372_0072454
LOG (gmm-align-compiled[5.4.105~1-4fda]:main():gmm-align-compiled.cc:127) AMI_EN2001e_H01_MEO069_0076486_0077073
LOG (gmm-align-compiled[5.4.105~1-4fda]:main():gmm-align-compiled.cc:127) AMI_EN2001e_H01_MEO069_0078176_0078516
LOG (gmm-align-compiled[5.4.105~1-4fda]:main():gmm-align-compiled.cc:127) AMI_EN2001e_H01_MEO069_0081949_0083037
LOG (gmm-align-compiled[5.4.105~1-4fda]:main():gmm-align-compiled.cc:127) AMI_EN2001e_H01_MEO069_0085328_0085527
LOG (gmm-align-compiled[5.4.105~1-4fda]:main():gmm-align-compiled.cc:127) AMI_EN2001e_H01_MEO069_0088976_0089447
LOG (gmm-align-compiled[5.4.105~1-4fda]:main():gmm-align-compiled.cc:127) AMI_EN2001e_H01_MEO069_0091909_0092216
LOG (gmm-align-compiled[5.4.105~1-4fda]:main():gmm-align-compiled.cc:127) AMI_EN2001e_H01_MEO069_0097389_0097494
LOG (gmm-align-compiled[5.4.105~1-4fda]:main():gmm-align-compiled.cc:127) AMI_EN2001e_H01_MEO069_0102900_0102960
LOG (gmm-align-compiled[5.4.105~1-4fda]:main():gmm-align-compiled.cc:127) AMI_EN2001e_H01_MEO069_0114792_0114828
LOG (gmm-align-compiled[5.4.105~1-4fda]:main():gmm-align-compiled.cc:127) AMI_EN2001e_H01_MEO069_0117658_0117746
LOG (gmm-align-compiled[5.4.105~1-4fda]:main():gmm-align-compiled.cc:127) AMI_EN2001e_H01_MEO069_0122738_0122843
LOG (gmm-align-compiled[5.4.105~1-4fda]:main():gmm-align-compiled.cc:127) AMI_EN2001e_H01_MEO069_0129897_0130600
LOG (gmm-align-compiled[5.4.105~1-4fda]:main():gmm-align-compiled.cc:127) AMI_EN2001e_H01_MEO069_0136773_0137658
LOG (gmm-align-compiled[5.4.105~1-4fda]:main():gmm-align-compiled.cc:127) AMI_EN2001e_H01_MEO069_0142066_0142131
LOG (gmm-align-compiled[5.4.105~1-4fda]:main():gmm-align-compiled.cc:127) AMI_EN2001e_H01_MEO069_0143775_0143909
LOG (gmm-align-compiled[5.4.105~1-4fda]:main():gmm-align-compiled.cc:127) AMI_EN2001e_H01_MEO069_0149340_0150093
WARNING (gmm-align-compiled[5.4.105~1-4fda]:AlignUtteranceWrapper():decoder-wrappers.cc:468) Retrying utterance AMI_EN2001e_H01_MEO069_0149340_0150093 with beam 40
LOG (gmm-align-compiled[5.4.105~1-4fda]:main():gmm-align-compiled.cc:127) AMI_EN2001e_H01_MEO069_0152098_0152722
LOG (gmm-align-compiled[5.4.105~1-4fda]:main():gmm-align-compiled.cc:127) AMI_EN2001e_H01_MEO069_0154797_0154896
LOG (gmm-align-compiled[5.4.105~1-4fda]:main():gmm-align-compiled.cc:127) AMI_EN2001e_H01_MEO069_0161307_0161487
LOG (gmm-align-compiled[5.4.105~1-4fda]:main():gmm-align-compiled.cc:127) AMI_EN2001e_H01_MEO069_0164505_0164732
WARNING (gmm-align-compiled[5.4.105~1-4fda]:AlignUtteranceWrapper():decoder-wrappers.cc:468) Retrying utterance AMI_EN2001e_H01_MEO069_0164505_0164732 with beam 40
LOG (gmm-align-compiled[5.4.105~1-4fda]:main():gmm-align-compiled.cc:127) AMI_EN2001e_H01_MEO069_0167825_0167860
LOG (gmm-align-compiled[5.4.105~1-4fda]:main():gmm-align-compiled.cc:127) AMI_EN2001e_H01_MEO069_0170253_0170300
LOG (gmm-align-compiled[5.4.105~1-4fda]:main():gmm-align-compiled.cc:127) AMI_EN2001e_H01_MEO069_0173537_0173877
LOG (gmm-align-compiled[5.4.105~1-4fda]:main():gmm-align-compiled.cc:127) AMI_EN2001e_H01_MEO069_0178634_0179186
LOG (gmm-align-compiled[5.4.105~1-4fda]:main():gmm-align-compiled.cc:127) AMI_EN2001e_H01_MEO069_0182498_0182555
LOG (gmm-align-compiled[5.4.105~1-4fda]:main():gmm-align-compiled.cc:127) AMI_EN2001e_H01_MEO069_0188785_0189029
LOG (gmm-align-compiled[5.4.105~1-4fda]:main():gmm-align-compiled.cc:127) AMI_EN2001e_H01_MEO069_0214514_0215262
LOG (gmm-align-compiled[5.4.105~1-4fda]:main():gmm-align-compiled.cc:127) AMI_EN2001e_H01_MEO069_0219034_0219106
LOG (gmm-align-compiled[5.4.105~1-4fda]:main():gmm-align-compiled.cc:127) AMI_EN2001e_H01_MEO069_0225038_0225057
LOG (gmm-align-compiled[5.4.105~1-4fda]:main():gmm-align-compiled.cc:127) AMI_EN2001e_H01_MEO069_0232492_0232590
LOG (gmm-align-compiled[5.4.105~1-4fda]:main():gmm-align-compiled.cc:127) AMI_EN2001e_H01_MEO069_0237108_0237141
LOG (gmm-align-compiled[5.4.105~1-4fda]:main():gmm-align-compiled.cc:127) AMI_EN2001e_H01_MEO069_0245429_0245864
LOG (gmm-align-compiled[5.4.105~1-4fda]:main():gmm-align-compiled.cc:127) AMI_EN2001e_H01_MEO069_0253167_0253519
LOG (gmm-align-compiled[5.4.105~1-4fda]:main():gmm-align-compiled.cc:127) AMI_EN2001e_H01_MEO069_0260251_0261232
LOG (gmm-align-compiled[5.4.105~1-4fda]:main():gmm-align-compiled.cc:127) AMI_EN2001e_H01_MEO069_0267365_0267607
WARNING (gmm-align-compiled[5.4.105~1-4fda]:AlignUtteranceWrapper():decoder-wrappers.cc:468) Retrying utterance AMI_EN2001e_H01_MEO069_0267365_0267607 with beam 40
LOG (gmm-align-compiled[5.4.105~1-4fda]:main():gmm-align-compiled.cc:127) AMI_EN2001e_H01_MEO069_0276008_0276482
LOG (gmm-align-compiled[5.4.105~1-4fda]:main():gmm-align-compiled.cc:127) AMI_EN2001e_H01_MEO069_0279035_0279350
LOG (gmm-align-compiled[5.4.105~1-4fda]:main():gmm-align-compiled.cc:127) AMI_EN2001e_H01_MEO069_0285678_0286047
LOG (gmm-align-compiled[5.4.105~1-4fda]:main():gmm-align-compiled.cc:127) AMI_EN2001e_H01_MEO069_0290952_0291062
LOG (gmm-align-compiled[5.4.105~1-4fda]:main():gmm-align-compiled.cc:127) AMI_EN2001e_H01_MEO069_0295108_0295139
LOG (gmm-align-compiled[5.4.105~1-4fda]:main():gmm-align-compiled.cc:127) AMI_EN2001e_H01_MEO069_0305310_0305589
LOG (gmm-align-compiled[5.4.105~1-4fda]:main():gmm-align-compiled.cc:127) AMI_EN2001e_H01_MEO069_0308976_0309155
LOG (gmm-align-compiled[5.4.105~1-4fda]:main():gmm-align-compiled.cc:127) AMI_EN2001e_H01_MEO069_0314230_0314761
LOG (gmm-align-compiled[5.4.105~1-4fda]:main():gmm-align-compiled.cc:127) AMI_EN2001e_H01_MEO069_0319265_0319848
LOG (gmm-align-compiled[5.4.105~1-4fda]:main():gmm-align-compiled.cc:127) AMI_EN2001e_H01_MEO069_0322055_0322809
LOG (gmm-align-compiled[5.4.105~1-4fda]:main():gmm-align-compiled.cc:127) AMI_EN2001e_H01_MEO069_0325691_0325795
LOG (gmm-align-compiled[5.4.105~1-4fda]:main():gmm-align-compiled.cc:127) AMI_EN2001e_H01_MEO069_0329499_0330305
LOG (gmm-align-compiled[5.4.105~1-4fda]:main():gmm-align-compiled.cc:127) AMI_EN2001e_H01_MEO069_0339527_0339629
LOG (gmm-align-compiled[5.4.105~1-4fda]:main():gmm-align-compiled.cc:127) AMI_EN2001e_H01_MEO069_0343157_0343579
LOG (gmm-align-compiled[5.4.105~1-4fda]:main():gmm-align-compiled.cc:127) AMI_EN2001e_H01_MEO069_0346550_0346914
LOG (gmm-align-compiled[5.4.105~1-4fda]:main():gmm-align-compiled.cc:127) AMI_EN2001e_H01_MEO069_0349278_0349464
LOG (gmm-align-compiled[5.4.105~1-4fda]:main():gmm-align-compiled.cc:127) AMI_EN2001e_H01_MEO069_0353856_0354206
LOG (gmm-align-compiled[5.4.105~1-4fda]:main():gmm-align-compiled.cc:127) AMI_EN2001e_H01_MEO069_0357966_0357996
LOG (gmm-align-compiled[5.4.105~1-4fda]:main():gmm-align-compiled.cc:127) AMI_EN2001e_H01_MEO069_0362765_0362863
LOG (gmm-align-compiled[5.4.105~1-4fda]:main():gmm-align-compiled.cc:127) AMI_EN2001e_H01_MEO069_0372529_0372837
LOG (gmm-align-compiled[5.4.105~1-4fda]:main():gmm-align-compiled.cc:127) AMI_EN2001e_H01_MEO069_0377502_0377580
LOG (gmm-align-compiled[5.4.105~1-4fda]:main():gmm-align-compiled.cc:127) AMI_EN2001e_H01_MEO069_0382643_0383046
LOG (gmm-align-compiled[5.4.105~1-4fda]:main():gmm-align-compiled.cc:127) AMI_EN2001e_H01_MEO069_0389157_0389206
LOG (gmm-align-compiled[5.4.105~1-4fda]:main():gmm-align-compiled.cc:127) AMI_EN2001e_H01_MEO069_0394096_0394376
LOG (gmm-align-compiled[5.4.105~1-4fda]:main():gmm-align-compiled.cc:127) AMI_EN2001e_H02_FEO065_0053729_0053780
LOG (gmm-align-compiled[5.4.105~1-4fda]:main():gmm-align-compiled.cc:127) AMI_EN2001e_H02_FEO065_0058911_0058984
LOG (gmm-align-compiled[5.4.105~1-4fda]:main():gmm-align-compiled.cc:127) AMI_EN2001e_H02_FEO065_0063091_0063145
LOG (gmm-align-compiled[5.4.105~1-4fda]:main():gmm-align-compiled.cc:127) AMI_EN2001e_H02_FEO065_0112415_0112791
LOG (gmm-align-compiled[5.4.105~1-4fda]:main():gmm-align-compiled.cc:127) AMI_EN2001e_H02_FEO065_0271568_0272036
LOG (gmm-align-compiled[5.4.105~1-4fda]:main():gmm-align-compiled.cc:127) AMI_EN2001e_H02_FEO065_0276549_0276741
LOG (gmm-align-compiled[5.4.105~1-4fda]:main():gmm-align-compiled.cc:127) AMI_EN2001e_H02_FEO065_0286739_0286768
LOG (gmm-align-compiled[5.4.105~1-4fda]:main():gmm-align-compiled.cc:127) AMI_EN2001e_H03_MEE067_0017488_0018235
LOG (gmm-align-compiled[5.4.105~1-4fda]:main():gmm-align-compiled.cc:127) AMI_EN2001e_H03_MEE067_0028802_0029035
LOG (gmm-align-compiled[5.4.105~1-4fda]:main():gmm-align-compiled.cc:127) AMI_EN2001e_H03_MEE067_0039968_0040345
LOG (gmm-align-compiled[5.4.105~1-4fda]:main():gmm-align-compiled.cc:127) AMI_EN2001e_H03_MEE067_0052465_0052597
LOG (gmm-align-compiled[5.4.105~1-4fda]:main():gmm-align-compiled.cc:127) AMI_EN2001e_H03_MEE067_0063470_0063690
LOG (gmm-align-compiled[5.4.105~1-4fda]:main():gmm-align-compiled.cc:127) AMI_EN2001e_H03_MEE067_0074516_0074566
LOG (gmm-align-compiled[5.4.105~1-4fda]:main():gmm-align-compiled.cc:127) AMI_EN2001e_H03_MEE067_0080411_0080750
LOG (gmm-align-compiled[5.4.105~1-4fda]:main():gmm-align-compiled.cc:127) AMI_EN2001e_H03_MEE067_0088902_0088925
LOG (gmm-align-compiled[5.4.105~1-4fda]:main():gmm-align-compiled.cc:127) AMI_EN2001e_H03_MEE067_0097125_0097381
LOG (gmm-align-compiled[5.4.105~1-4fda]:main():gmm-align-compiled.cc:127) AMI_EN2001e_H03_MEE067_0104934_0105303
LOG (gmm-align-compiled[5.4.105~1-4fda]:main():gmm-align-compiled.cc:127) AMI_EN2001e_H03_MEE067_0112693_0112740
LOG (gmm-align-compiled[5.4.105~1-4fda]:main():gmm-align-compiled.cc:127) AMI_EN2001e_H03_MEE067_0118094_0118182
LOG (gmm-align-compiled[5.4.105~1-4fda]:main():gmm-align-compiled.cc:127) AMI_EN2001e_H03_MEE067_0125073_0125388
LOG (gmm-align-compiled[5.4.105~1-4fda]:main():gmm-align-compiled.cc:127) AMI_EN2001e_H03_MEE067_0128406_0128880
LOG (gmm-align-compiled[5.4.105~1-4fda]:main():gmm-align-compiled.cc:127) AMI_EN2001e_H03_MEE067_0133232_0134070
LOG (gmm-align-compiled[5.4.105~1-4fda]:main():gmm-align-compiled.cc:127) AMI_EN2001e_H03_MEE067_0135673_0136724
LOG (gmm-align-compiled[5.4.105~1-4fda]:main():gmm-align-compiled.cc:127) AMI_EN2001e_H03_MEE067_0143640_0143784
LOG (gmm-align-compiled[5.4.105~1-4fda]:main():gmm-align-compiled.cc:127) AMI_EN2001e_H03_MEE067_0161081_0161531
LOG (gmm-align-compiled[5.4.105~1-4fda]:main():gmm-align-compiled.cc:127) AMI_EN2001e_H03_MEE067_0170939_0171011
LOG (gmm-align-compiled[5.4.105~1-4fda]:main():gmm-align-compiled.cc:127) AMI_EN2001e_H03_MEE067_0174867_0175599
LOG (gmm-align-compiled[5.4.105~1-4fda]:main():gmm-align-compiled.cc:127) AMI_EN2001e_H03_MEE067_0187691_0187741
LOG (gmm-align-compiled[5.4.105~1-4fda]:main():gmm-align-compiled.cc:127) AMI_EN2001e_H03_MEE067_0193877_0194162
LOG (gmm-align-compiled[5.4.105~1-4fda]:main():gmm-align-compiled.cc:127) AMI_EN2001e_H03_MEE067_0219029_0219271
LOG (gmm-align-compiled[5.4.105~1-4fda]:main():gmm-align-compiled.cc:127) AMI_EN2001e_H03_MEE067_0227777_0227926
LOG (gmm-align-compiled[5.4.105~1-4fda]:main():gmm-align-compiled.cc:127) AMI_EN2001e_H03_MEE067_0231167_0231340
LOG (gmm-align-compiled[5.4.105~1-4fda]:main():gmm-align-compiled.cc:127) AMI_EN2001e_H03_MEE067_0240594_0241363
LOG (gmm-align-compiled[5.4.105~1-4fda]:main():gmm-align-compiled.cc:127) AMI_EN2001e_H03_MEE067_0252839_0252930
LOG (gmm-align-compiled[5.4.105~1-4fda]:main():gmm-align-compiled.cc:127) AMI_EN2001e_H03_MEE067_0259306_0259444
LOG (gmm-align-compiled[5.4.105~1-4fda]:main():gmm-align-compiled.cc:127) AMI_EN2001e_H03_MEE067_0268341_0268793
LOG (gmm-align-compiled[5.4.105~1-4fda]:main():gmm-align-compiled.cc:127) AMI_EN2001e_H03_MEE067_0283239_0283423
LOG (gmm-align-compiled[5.4.105~1-4fda]:main():gmm-align-compiled.cc:127) AMI_EN2001e_H03_MEE067_0290530_0290907
LOG (gmm-align-compiled[5.4.105~1-4fda]:main():gmm-align-compiled.cc:127) AMI_EN2001e_H03_MEE067_0293900_0294083
LOG (gmm-align-compiled[5.4.105~1-4fda]:main():gmm-align-compiled.cc:127) AMI_EN2001e_H03_MEE067_0307935_0308208
LOG (gmm-align-compiled[5.4.105~1-4fda]:main():gmm-align-compiled.cc:127) AMI_EN2001e_H03_MEE067_0312301_0312591
LOG (gmm-align-compiled[5.4.105~1-4fda]:main():gmm-align-compiled.cc:127) AMI_EN2001e_H03_MEE067_0323698_0324028
LOG (gmm-align-compiled[5.4.105~1-4fda]:main():gmm-align-compiled.cc:127) AMI_EN2001e_H03_MEE067_0332348_0332386
LOG (gmm-align-compiled[5.4.105~1-4fda]:main():gmm-align-compiled.cc:127) AMI_EN2001e_H03_MEE067_0337641_0337874
LOG (gmm-align-compiled[5.4.105~1-4fda]:main():gmm-align-compiled.cc:127) AMI_EN2001e_H03_MEE067_0342952_0343455
WARNING (gmm-align-compiled[5.4.105~1-4fda]:AlignUtteranceWrapper():decoder-wrappers.cc:468) Retrying utterance AMI_EN2001e_H03_MEE067_0342952_0343455 with beam 40
LOG (gmm-align-compiled[5.4.105~1-4fda]:main():gmm-align-compiled.cc:127) AMI_EN2001e_H03_MEE067_0349457_0349479
LOG (gmm-align-compiled[5.4.105~1-4fda]:main():gmm-align-compiled.cc:127) AMI_EN2001e_H03_MEE067_0356687_0356870
LOG (gmm-align-compiled[5.4.105~1-4fda]:main():gmm-align-compiled.cc:127) AMI_EN2001e_H03_MEE067_0362369_0362597
LOG (gmm-align-compiled[5.4.105~1-4fda]:main():gmm-align-compiled.cc:127) AMI_EN2001e_H03_MEE067_0368859_0369179
LOG (gmm-align-compiled[5.4.105~1-4fda]:main():gmm-align-compiled.cc:127) AMI_EN2001e_H03_MEE067_0372945_0373320
WARNING (gmm-align-compiled[5.4.105~1-4fda]:AlignUtteranceWrapper():decoder-wrappers.cc:468) Retrying utterance AMI_EN2001e_H03_MEE067_0372945_0373320 with beam 40
LOG (gmm-align-compiled[5.4.105~1-4fda]:main():gmm-align-compiled.cc:127) AMI_EN2001e_H03_MEE067_0380078_0380118
LOG (gmm-align-compiled[5.4.105~1-4fda]:main():gmm-align-compiled.cc:127) AMI_EN2001e_H03_MEE067_0386971_0387304
LOG (gmm-align-compiled[5.4.105~1-4fda]:main():gmm-align-compiled.cc:127) AMI_EN2001e_H03_MEE067_0393497_0393682
LOG (gmm-align-compiled[5.4.105~1-4fda]:main():gmm-align-compiled.cc:127) AMI_EN2001e_H04_MEE068_0035204_0035235
LOG (gmm-align-compiled[5.4.105~1-4fda]:main():gmm-align-compiled.cc:127) AMI_EN2001e_H04_MEE068_0049123_0049322
LOG (gmm-align-compiled[5.4.105~1-4fda]:main():gmm-align-compiled.cc:127) AMI_EN2001e_H04_MEE068_0063498_0065654
LOG (gmm-align-compiled[5.4.105~1-4fda]:main():gmm-align-compiled.cc:127) AMI_EN2001e_H04_MEE068_0097200_0097441
LOG (gmm-align-compiled[5.4.105~1-4fda]:main():gmm-align-compiled.cc:127) AMI_EN2001e_H04_MEE068_0105371_0105413
LOG (gmm-align-compiled[5.4.105~1-4fda]:main():gmm-align-compiled.cc:127) AMI_EN2001e_H04_MEE068_0176733_0176756
LOG (gmm-align-compiled[5.4.105~1-4fda]:main():gmm-align-compiled.cc:127) AMI_EN2001e_H04_MEE068_0282410_0282421
LOG (gmm-align-compiled[5.4.105~1-4fda]:main():gmm-align-compiled.cc:127) AMI_EN2001e_H04_MEE068_0294120_0294275
LOG (gmm-align-compiled[5.4.105~1-4fda]:main():gmm-align-compiled.cc:127) AMI_EN2001e_H04_MEE068_0315428_0315459
LOG (gmm-align-compiled[5.4.105~1-4fda]:main():gmm-align-compiled.cc:127) AMI_EN2001e_H04_MEE068_0332422_0332452
LOG (gmm-align-compiled[5.4.105~1-4fda]:main():gmm-align-compiled.cc:127) AMI_EN2001e_H04_MEE068_0341665_0341709
LOG (gmm-align-compiled[5.4.105~1-4fda]:main():gmm-align-compiled.cc:127) AMI_EN2001e_H04_MEE068_0351432_0351458
LOG (gmm-align-compiled[5.4.105~1-4fda]:main():gmm-align-compiled.cc:127) AMI_EN2001e_H04_MEE068_0369248_0369313
LOG (gmm-align-compiled[5.4.105~1-4fda]:main():gmm-align-compiled.cc:127) AMI_EN2001e_H04_MEE068_0381071_0381116
LOG (gmm-align-compiled[5.4.105~1-4fda]:main():gmm-align-compiled.cc:127) AMI_EN2001e_H04_MEE068_0389171_0389201
LOG (gmm-align-compiled[5.4.105~1-4fda]:main():gmm-align-compiled.cc:127) AMI_EN2003a_H00_MEE075_0004628_0005275
LOG (gmm-align-compiled[5.4.105~1-4fda]:main():gmm-align-compiled.cc:127) AMI_EN2003a_H00_MEE075_0011021_0011517
LOG (gmm-align-compiled[5.4.105~1-4fda]:main():gmm-align-compiled.cc:127) AMI_EN2003a_H00_MEE075_0016269_0016904
LOG (gmm-align-compiled[5.4.105~1-4fda]:main():gmm-align-compiled.cc:127) AMI_EN2003a_H00_MEE075_0020705_0020850
LOG (gmm-align-compiled[5.4.105~1-4fda]:main():gmm-align-compiled.cc:127) AMI_EN2003a_H00_MEE075_0024655_0025366
LOG (gmm-align-compiled[5.4.105~1-4fda]:main():gmm-align-compiled.cc:127) AMI_EN2003a_H00_MEE075_0028269_0028356
LOG (gmm-align-compiled[5.4.105~1-4fda]:main():gmm-align-compiled.cc:127) AMI_EN2003a_H00_MEE075_0031229_0031775
LOG (gmm-align-compiled[5.4.105~1-4fda]:main():gmm-align-compiled.cc:127) AMI_EN2003a_H00_MEE075_0035813_0035854
LOG (gmm-align-compiled[5.4.105~1-4fda]:main():gmm-align-compiled.cc:127) AMI_EN2003a_H00_MEE075_0043924_0044096
LOG (gmm-align-compiled[5.4.105~1-4fda]:main():gmm-align-compiled.cc:127) AMI_EN2003a_H00_MEE075_0047916_0048599
LOG (gmm-align-compiled[5.4.105~1-4fda]:main():gmm-align-compiled.cc:127) AMI_EN2003a_H00_MEE075_0053524_0053713
WARNING (gmm-align-compiled[5.4.105~1-4fda]:AlignUtteranceWrapper():decoder-wrappers.cc:468) Retrying utterance AMI_EN2003a_H00_MEE075_0053524_0053713 with beam 40
LOG (gmm-align-compiled[5.4.105~1-4fda]:main():gmm-align-compiled.cc:127) AMI_EN2003a_H00_MEE075_0057129_0057246
LOG (gmm-align-compiled[5.4.105~1-4fda]:main():gmm-align-compiled.cc:127) AMI_EN2003a_H00_MEE075_0062557_0063288
LOG (gmm-align-compiled[5.4.105~1-4fda]:main():gmm-align-compiled.cc:127) AMI_EN2003a_H00_MEE075_0064948_0065574
LOG (gmm-align-compiled[5.4.105~1-4fda]:main():gmm-align-compiled.cc:127) AMI_EN2003a_H00_MEE075_0070356_0070719
LOG (gmm-align-compiled[5.4.105~1-4fda]:main():gmm-align-compiled.cc:127) AMI_EN2003a_H00_MEE075_0081823_0081958
LOG (gmm-align-compiled[5.4.105~1-4fda]:main():gmm-align-compiled.cc:127) AMI_EN2003a_H00_MEE075_0088769_0089424
LOG (gmm-align-compiled[5.4.105~1-4fda]:main():gmm-align-compiled.cc:127) AMI_EN2003a_H00_MEE075_0092749_0092765
LOG (gmm-align-compiled[5.4.105~1-4fda]:main():gmm-align-compiled.cc:127) AMI_EN2003a_H00_MEE075_0095619_0095665
LOG (gmm-align-compiled[5.4.105~1-4fda]:main():gmm-align-compiled.cc:127) AMI_EN2003a_H00_MEE075_0099464_0099838
LOG (gmm-align-compiled[5.4.105~1-4fda]:main():gmm-align-compiled.cc:127) AMI_EN2003a_H00_MEE075_0103483_0103929
LOG (gmm-align-compiled[5.4.105~1-4fda]:main():gmm-align-compiled.cc:127) AMI_EN2003a_H00_MEE075_0108432_0108643
LOG (gmm-align-compiled[5.4.105~1-4fda]:main():gmm-align-compiled.cc:127) AMI_EN2003a_H00_MEE075_0112155_0112422
WARNING (gmm-align-compiled[5.4.105~1-4fda]:AlignUtteranceWrapper():decoder-wrappers.cc:468) Retrying utterance AMI_EN2003a_H00_MEE075_0112155_0112422 with beam 40
LOG (gmm-align-compiled[5.4.105~1-4fda]:main():gmm-align-compiled.cc:127) AMI_EN2003a_H00_MEE075_0115560_0116058
LOG (gmm-align-compiled[5.4.105~1-4fda]:main():gmm-align-compiled.cc:127) AMI_EN2003a_H00_MEE075_0117898_0118825
LOG (gmm-align-compiled[5.4.105~1-4fda]:main():gmm-align-compiled.cc:127) AMI_EN2003a_H00_MEE075_0124635_0125417
LOG (gmm-align-compiled[5.4.105~1-4fda]:main():gmm-align-compiled.cc:127) AMI_EN2003a_H00_MEE075_0129420_0130345
LOG (gmm-align-compiled[5.4.105~1-4fda]:main():gmm-align-compiled.cc:127) AMI_EN2003a_H00_MEE075_0132418_0132899
LOG (gmm-align-compiled[5.4.105~1-4fda]:main():gmm-align-compiled.cc:127) AMI_EN2003a_H00_MEE075_0135399_0135456
LOG (gmm-align-compiled[5.4.105~1-4fda]:main():gmm-align-compiled.cc:127) AMI_EN2003a_H00_MEE075_0138873_0139116
LOG (gmm-align-compiled[5.4.105~1-4fda]:main():gmm-align-compiled.cc:127) AMI_EN2003a_H00_MEE075_0143751_0144060
LOG (gmm-align-compiled[5.4.105~1-4fda]:main():gmm-align-compiled.cc:127) AMI_EN2003a_H00_MEE075_0148623_0148990
LOG (gmm-align-compiled[5.4.105~1-4fda]:main():gmm-align-compiled.cc:127) AMI_EN2003a_H00_MEE075_0151560_0151978
LOG (gmm-align-compiled[5.4.105~1-4fda]:main():gmm-align-compiled.cc:127) AMI_EN2003a_H00_MEE075_0154524_0155046
WARNING (gmm-align-compiled[5.4.105~1-4fda]:AlignUtteranceWrapper():decoder-wrappers.cc:468) Retrying utterance AMI_EN2003a_H00_MEE075_0154524_0155046 with beam 40
LOG (gmm-align-compiled[5.4.105~1-4fda]:main():gmm-align-compiled.cc:127) AMI_EN2003a_H00_MEE075_0158625_0158676
LOG (gmm-align-compiled[5.4.105~1-4fda]:main():gmm-align-compiled.cc:127) AMI_EN2003a_H00_MEE075_0161089_0161300
LOG (gmm-align-compiled[5.4.105~1-4fda]:main():gmm-align-compiled.cc:127) AMI_EN2003a_H00_MEE075_0166232_0166428
LOG (gmm-align-compiled[5.4.105~1-4fda]:main():gmm-align-compiled.cc:127) AMI_EN2003a_H00_MEE075_0172184_0173111
LOG (gmm-align-compiled[5.4.105~1-4fda]:main():gmm-align-compiled.cc:127) AMI_EN2003a_H00_MEE075_0177084_0177160
LOG (gmm-align-compiled[5.4.105~1-4fda]:main():gmm-align-compiled.cc:127) AMI_EN2003a_H00_MEE075_0180600_0180777
LOG (gmm-align-compiled[5.4.105~1-4fda]:main():gmm-align-compiled.cc:127) AMI_EN2003a_H00_MEE075_0183852_0183940
LOG (gmm-align-compiled[5.4.105~1-4fda]:main():gmm-align-compiled.cc:127) AMI_EN2003a_H00_MEE075_0186657_0186920
LOG (gmm-align-compiled[5.4.105~1-4fda]:main():gmm-align-compiled.cc:127) AMI_EN2003a_H00_MEE075_0189970_0190813
LOG (gmm-align-compiled[5.4.105~1-4fda]:main():gmm-align-compiled.cc:127) AMI_EN2003a_H00_MEE075_0193823_0194148
LOG (gmm-align-compiled[5.4.105~1-4fda]:main():gmm-align-compiled.cc:127) AMI_EN2003a_H00_MEE075_0200570_0200852
LOG (gmm-align-compiled[5.4.105~1-4fda]:main():gmm-align-compiled.cc:127) AMI_EN2003a_H00_MEE075_0203661_0204089
LOG (gmm-align-compiled[5.4.105~1-4fda]:main():gmm-align-compiled.cc:127) AMI_EN2003a_H00_MEE075_0206044_0206157
LOG (gmm-align-compiled[5.4.105~1-4fda]:main():gmm-align-compiled.cc:127) AMI_EN2003a_H00_MEE075_0208790_0209169
LOG (gmm-align-compiled[5.4.105~1-4fda]:main():gmm-align-compiled.cc:127) AMI_EN2003a_H00_MEE075_0213717_0214012
LOG (gmm-align-compiled[5.4.105~1-4fda]:main():gmm-align-compiled.cc:127) AMI_EN2003a_H00_MEE075_0217357_0217707
LOG (gmm-align-compiled[5.4.105~1-4fda]:main():gmm-align-compiled.cc:127) AMI_EN2003a_H00_MEE075_0222342_0222362
LOG (gmm-align-compiled[5.4.105~1-4fda]:main():gmm-align-compiled.cc:127) AMI_EN2003a_H01_MEE076_0010068_0010212
LOG (gmm-align-compiled[5.4.105~1-4fda]:main():gmm-align-compiled.cc:127) AMI_EN2003a_H01_MEE076_0025526_0025700
LOG (gmm-align-compiled[5.4.105~1-4fda]:main():gmm-align-compiled.cc:127) AMI_EN2003a_H01_MEE076_0038591_0038634
LOG (gmm-align-compiled[5.4.105~1-4fda]:main():gmm-align-compiled.cc:127) AMI_EN2003a_H01_MEE076_0046832_0047247
LOG (gmm-align-compiled[5.4.105~1-4fda]:main():gmm-align-compiled.cc:127) AMI_EN2003a_H01_MEE076_0055620_0055653
LOG (gmm-align-compiled[5.4.105~1-4fda]:main():gmm-align-compiled.cc:127) AMI_EN2003a_H01_MEE076_0069260_0069465
LOG (gmm-align-compiled[5.4.105~1-4fda]:main():gmm-align-compiled.cc:127) AMI_EN2003a_H01_MEE076_0074733_0075156
LOG (gmm-align-compiled[5.4.105~1-4fda]:main():gmm-align-compiled.cc:127) AMI_EN2003a_H01_MEE076_0079890_0079929
LOG (gmm-align-compiled[5.4.105~1-4fda]:main():gmm-align-compiled.cc:127) AMI_EN2003a_H01_MEE076_0092267_0092505
LOG (gmm-align-compiled[5.4.105~1-4fda]:main():gmm-align-compiled.cc:127) AMI_EN2003a_H01_MEE076_0099253_0099302
LOG (gmm-align-compiled[5.4.105~1-4fda]:main():gmm-align-compiled.cc:127) AMI_EN2003a_H01_MEE076_0110119_0110205
LOG (gmm-align-compiled[5.4.105~1-4fda]:main():gmm-align-compiled.cc:127) AMI_EN2003a_H01_MEE076_0117256_0117577
LOG (gmm-align-compiled[5.4.105~1-4fda]:main():gmm-align-compiled.cc:127) AMI_EN2003a_H01_MEE076_0123439_0123883
LOG (gmm-align-compiled[5.4.105~1-4fda]:main():gmm-align-compiled.cc:127) AMI_EN2003a_H01_MEE076_0134220_0134414
LOG (gmm-align-compiled[5.4.105~1-4fda]:main():gmm-align-compiled.cc:127) AMI_EN2003a_H01_MEE076_0140373_0140939
LOG (gmm-align-compiled[5.4.105~1-4fda]:main():gmm-align-compiled.cc:127) AMI_EN2003a_H01_MEE076_0172352_0172383
LOG (gmm-align-compiled[5.4.105~1-4fda]:main():gmm-align-compiled.cc:127) AMI_EN2003a_H01_MEE076_0183948_0183986
LOG (gmm-align-compiled[5.4.105~1-4fda]:main():gmm-align-compiled.cc:127) AMI_EN2003a_H01_MEE076_0195263_0195306
LOG (gmm-align-compiled[5.4.105~1-4fda]:main():gmm-align-compiled.cc:127) AMI_EN2003a_H01_MEE076_0208946_0208998
LOG (gmm-align-compiled[5.4.105~1-4fda]:main():gmm-align-compiled.cc:127) AMI_EN2003a_H01_MEE076_0216542_0216581
LOG (gmm-align-compiled[5.4.105~1-4fda]:main():gmm-align-compiled.cc:127) AMI_EN2003a_H01_MEE076_0220506_0220751
LOG (gmm-align-compiled[5.4.105~1-4fda]:main():gmm-align-compiled.cc:127) AMI_EN2003a_H03_MEO074_0004270_0004304
LOG (gmm-align-compiled[5.4.105~1-4fda]:main():gmm-align-compiled.cc:127) AMI_EN2003a_H03_MEO074_0021230_0021256
LOG (gmm-align-compiled[5.4.105~1-4fda]:main():gmm-align-compiled.cc:127) AMI_EN2003a_H03_MEO074_0027027_0027841
LOG (gmm-align-compiled[5.4.105~1-4fda]:main():gmm-align-compiled.cc:127) AMI_EN2003a_H03_MEO074_0032166_0032177
LOG (gmm-align-compiled[5.4.105~1-4fda]:main():gmm-align-compiled.cc:127) AMI_EN2003a_H03_MEO074_0040980_0041011
LOG (gmm-align-compiled[5.4.105~1-4fda]:main():gmm-align-compiled.cc:127) AMI_EN2003a_H03_MEO074_0047346_0047415
LOG (gmm-align-compiled[5.4.105~1-4fda]:main():gmm-align-compiled.cc:127) AMI_EN2003a_H03_MEO074_0051334_0051565
LOG (gmm-align-compiled[5.4.105~1-4fda]:main():gmm-align-compiled.cc:127) AMI_EN2003a_H03_MEO074_0063370_0063405
LOG (gmm-align-compiled[5.4.105~1-4fda]:main():gmm-align-compiled.cc:127) AMI_EN2003a_H03_MEO074_0073151_0073211
LOG (gmm-align-compiled[5.4.105~1-4fda]:main():gmm-align-compiled.cc:127) AMI_EN2003a_H03_MEO074_0083027_0083088
LOG (gmm-align-compiled[5.4.105~1-4fda]:main():gmm-align-compiled.cc:127) AMI_EN2003a_H03_MEO074_0087136_0087753
LOG (gmm-align-compiled[5.4.105~1-4fda]:main():gmm-align-compiled.cc:127) AMI_EN2003a_H03_MEO074_0092151_0092180
LOG (gmm-align-compiled[5.4.105~1-4fda]:main():gmm-align-compiled.cc:127) AMI_EN2003a_H03_MEO074_0100983_0101514
LOG (gmm-align-compiled[5.4.105~1-4fda]:main():gmm-align-compiled.cc:127) AMI_EN2003a_H03_MEO074_0104675_0104759
LOG (gmm-align-compiled[5.4.105~1-4fda]:main():gmm-align-compiled.cc:127) AMI_EN2003a_H03_MEO074_0113732_0113801
LOG (gmm-align-compiled[5.4.105~1-4fda]:main():gmm-align-compiled.cc:127) AMI_EN2003a_H03_MEO074_0123943_0123976
LOG (gmm-align-compiled[5.4.105~1-4fda]:main():gmm-align-compiled.cc:127) AMI_EN2003a_H03_MEO074_0141154_0141275
LOG (gmm-align-compiled[5.4.105~1-4fda]:main():gmm-align-compiled.cc:127) AMI_EN2003a_H03_MEO074_0156248_0156271
LOG (gmm-align-compiled[5.4.105~1-4fda]:main():gmm-align-compiled.cc:127) AMI_EN2003a_H03_MEO074_0161887_0161947
LOG (gmm-align-compiled[5.4.105~1-4fda]:main():gmm-align-compiled.cc:127) AMI_EN2003a_H03_MEO074_0171302_0171326
LOG (gmm-align-compiled[5.4.105~1-4fda]:main():gmm-align-compiled.cc:127) AMI_EN2003a_H03_MEO074_0181025_0181060
LOG (gmm-align-compiled[5.4.105~1-4fda]:main():gmm-align-compiled.cc:127) AMI_EN2003a_H03_MEO074_0189944_0190103
LOG (gmm-align-compiled[5.4.105~1-4fda]:main():gmm-align-compiled.cc:127) AMI_EN2003a_H03_MEO074_0197562_0197606
LOG (gmm-align-compiled[5.4.105~1-4fda]:main():gmm-align-compiled.cc:127) AMI_EN2003a_H03_MEO074_0203818_0203849
LOG (gmm-align-compiled[5.4.105~1-4fda]:main():gmm-align-compiled.cc:127) AMI_EN2003a_H03_MEO074_0213267_0213292
LOG (gmm-align-compiled[5.4.105~1-4fda]:main():gmm-align-compiled.cc:127) AMI_EN2003a_H03_MEO074_0221725_0222077
LOG (gmm-align-compiled[5.4.105~1-4fda]:main():gmm-align-compiled.cc:127) AMI_EN2004a_H00_FEE080_0022443_0022545
LOG (gmm-align-compiled[5.4.105~1-4fda]:main():gmm-align-compiled.cc:127) AMI_EN2004a_H00_FEE080_0029968_0030104
LOG (gmm-align-compiled[5.4.105~1-4fda]:main():gmm-align-compiled.cc:127) AMI_EN2004a_H00_FEE080_0039387_0039499
LOG (gmm-align-compiled[5.4.105~1-4fda]:main():gmm-align-compiled.cc:127) AMI_EN2004a_H00_FEE080_0051038_0051487
LOG (gmm-align-compiled[5.4.105~1-4fda]:main():gmm-align-compiled.cc:127) AMI_EN2004a_H00_FEE080_0061022_0061107
LOG (gmm-align-compiled[5.4.105~1-4fda]:main():gmm-align-compiled.cc:127) AMI_EN2004a_H00_FEE080_0097680_0097971
LOG (gmm-align-compiled[5.4.105~1-4fda]:main():gmm-align-compiled.cc:127) AMI_EN2004a_H00_FEE080_0107224_0107247
LOG (gmm-align-compiled[5.4.105~1-4fda]:main():gmm-align-compiled.cc:127) AMI_EN2004a_H00_FEE080_0113039_0113375
LOG (gmm-align-compiled[5.4.105~1-4fda]:main():gmm-align-compiled.cc:127) AMI_EN2004a_H00_FEE080_0115639_0116248
LOG (gmm-align-compiled[5.4.105~1-4fda]:main():gmm-align-compiled.cc:127) AMI_EN2004a_H00_FEE080_0122036_0122244
LOG (gmm-align-compiled[5.4.105~1-4fda]:main():gmm-align-compiled.cc:127) AMI_EN2004a_H00_FEE080_0133136_0133154
LOG (gmm-align-compiled[5.4.105~1-4fda]:main():gmm-align-compiled.cc:127) AMI_EN2004a_H00_FEE080_0141357_0141454
WARNING (gmm-align-compiled[5.4.105~1-4fda]:AlignUtteranceWrapper():decoder-wrappers.cc:468) Retrying utterance AMI_EN2004a_H00_FEE080_0141357_0141454 with beam 40
LOG (gmm-align-compiled[5.4.105~1-4fda]:main():gmm-align-compiled.cc:127) AMI_EN2004a_H00_FEE080_0152621_0152655
LOG (gmm-align-compiled[5.4.105~1-4fda]:main():gmm-align-compiled.cc:127) AMI_EN2004a_H00_FEE080_0169322_0169718
LOG (gmm-align-compiled[5.4.105~1-4fda]:main():gmm-align-compiled.cc:127) AMI_EN2004a_H00_FEE080_0174898_0174983
LOG (gmm-align-compiled[5.4.105~1-4fda]:main():gmm-align-compiled.cc:127) AMI_EN2004a_H00_FEE080_0181061_0181290
WARNING (gmm-align-compiled[5.4.105~1-4fda]:AlignUtteranceWrapper():decoder-wrappers.cc:468) Retrying utterance AMI_EN2004a_H00_FEE080_0181061_0181290 with beam 40
LOG (gmm-align-compiled[5.4.105~1-4fda]:main():gmm-align-compiled.cc:127) AMI_EN2004a_H00_FEE080_0193444_0193495
LOG (gmm-align-compiled[5.4.105~1-4fda]:main():gmm-align-compiled.cc:127) AMI_EN2004a_H00_FEE080_0201423_0201507
LOG (gmm-align-compiled[5.4.105~1-4fda]:main():gmm-align-compiled.cc:127) AMI_EN2004a_H00_FEE080_0208829_0208883
LOG (gmm-align-compiled[5.4.105~1-4fda]:main():gmm-align-compiled.cc:127) AMI_EN2004a_H00_FEE080_0216423_0216448
LOG (gmm-align-compiled[5.4.105~1-4fda]:main():gmm-align-compiled.cc:127) AMI_EN2004a_H00_FEE080_0229798_0229846
LOG (gmm-align-compiled[5.4.105~1-4fda]:main():gmm-align-compiled.cc:127) AMI_EN2004a_H00_FEE080_0237039_0237435
LOG (gmm-align-compiled[5.4.105~1-4fda]:main():gmm-align-compiled.cc:127) AMI_EN2004a_H00_FEE080_0240919_0240942
LOG (gmm-align-compiled[5.4.105~1-4fda]:main():gmm-align-compiled.cc:127) AMI_EN2004a_H00_FEE080_0253931_0254296
LOG (gmm-align-compiled[5.4.105~1-4fda]:main():gmm-align-compiled.cc:127) AMI_EN2004a_H00_FEE080_0276063_0276092
LOG (gmm-align-compiled[5.4.105~1-4fda]:main():gmm-align-compiled.cc:127) AMI_EN2004a_H00_FEE080_0283552_0283582
LOG (gmm-align-compiled[5.4.105~1-4fda]:main():gmm-align-compiled.cc:127) AMI_EN2004a_H00_FEE080_0292576_0292755
LOG (gmm-align-compiled[5.4.105~1-4fda]:main():gmm-align-compiled.cc:127) AMI_EN2004a_H00_FEE080_0305458_0305487
LOG (gmm-align-compiled[5.4.105~1-4fda]:main():gmm-align-compiled.cc:127) AMI_EN2004a_H00_FEE080_0321367_0321937
WARNING (gmm-align-compiled[5.4.105~1-4fda]:AlignUtteranceWrapper():decoder-wrappers.cc:468) Retrying utterance AMI_EN2004a_H00_FEE080_0321367_0321937 with beam 40
LOG (gmm-align-compiled[5.4.105~1-4fda]:main():gmm-align-compiled.cc:127) AMI_EN2004a_H00_FEE080_0324902_0325438
LOG (gmm-align-compiled[5.4.105~1-4fda]:main():gmm-align-compiled.cc:127) AMI_EN2004a_H00_FEE080_0331457_0331955
LOG (gmm-align-compiled[5.4.105~1-4fda]:main():gmm-align-compiled.cc:127) AMI_EN2004a_H00_FEE080_0334932_0335160
LOG (gmm-align-compiled[5.4.105~1-4fda]:main():gmm-align-compiled.cc:127) AMI_EN2004a_H00_FEE080_0339396_0339418
LOG (gmm-align-compiled[5.4.105~1-4fda]:main():gmm-align-compiled.cc:127) AMI_EN2004a_H00_FEE080_0344125_0344360
LOG (gmm-align-compiled[5.4.105~1-4fda]:main():gmm-align-compiled.cc:127) AMI_EN2004a_H01_FEE078_0007270_0008424
LOG (gmm-align-compiled[5.4.105~1-4fda]:main():gmm-align-compiled.cc:127) AMI_EN2004a_H01_FEE078_0011691_0012608
LOG (gmm-align-compiled[5.4.105~1-4fda]:main():gmm-align-compiled.cc:127) AMI_EN2004a_H01_FEE078_0015206_0015268
LOG (gmm-align-compiled[5.4.105~1-4fda]:main():gmm-align-compiled.cc:127) AMI_EN2004a_H01_FEE078_0020165_0021526
LOG (gmm-align-compiled[5.4.105~1-4fda]:main():gmm-align-compiled.cc:127) AMI_EN2004a_H01_FEE078_0026410_0027100
LOG (gmm-align-compiled[5.4.105~1-4fda]:main():gmm-align-compiled.cc:127) AMI_EN2004a_H01_FEE078_0032805_0032864
LOG (gmm-align-compiled[5.4.105~1-4fda]:main():gmm-align-compiled.cc:127) AMI_EN2004a_H01_FEE078_0036307_0036778
LOG (gmm-align-compiled[5.4.105~1-4fda]:main():gmm-align-compiled.cc:127) AMI_EN2004a_H01_FEE078_0039514_0039562
LOG (gmm-align-compiled[5.4.105~1-4fda]:main():gmm-align-compiled.cc:127) AMI_EN2004a_H01_FEE078_0044661_0044987
LOG (gmm-align-compiled[5.4.105~1-4fda]:main():gmm-align-compiled.cc:127) AMI_EN2004a_H01_FEE078_0048496_0048638
LOG (gmm-align-compiled[5.4.105~1-4fda]:main():gmm-align-compiled.cc:127) AMI_EN2004a_H01_FEE078_0053749_0054103
LOG (gmm-align-compiled[5.4.105~1-4fda]:main():gmm-align-compiled.cc:127) AMI_EN2004a_H01_FEE078_0059304_0059594
WARNING (gmm-align-compiled[5.4.105~1-4fda]:AlignUtteranceWrapper():decoder-wrappers.cc:468) Retrying utterance AMI_EN2004a_H01_FEE078_0059304_0059594 with beam 40
LOG (gmm-align-compiled[5.4.105~1-4fda]:main():gmm-align-compiled.cc:127) AMI_EN2004a_H01_FEE078_0062842_0063076
LOG (gmm-align-compiled[5.4.105~1-4fda]:main():gmm-align-compiled.cc:127) AMI_EN2004a_H01_FEE078_0067018_0067243
LOG (gmm-align-compiled[5.4.105~1-4fda]:main():gmm-align-compiled.cc:127) AMI_EN2004a_H01_FEE078_0071854_0071922
LOG (gmm-align-compiled[5.4.105~1-4fda]:main():gmm-align-compiled.cc:127) AMI_EN2004a_H01_FEE078_0082912_0082954
LOG (gmm-align-compiled[5.4.105~1-4fda]:main():gmm-align-compiled.cc:127) AMI_EN2004a_H01_FEE078_0087531_0088473
LOG (gmm-align-compiled[5.4.105~1-4fda]:main():gmm-align-compiled.cc:127) AMI_EN2004a_H01_FEE078_0092052_0092282
LOG (gmm-align-compiled[5.4.105~1-4fda]:main():gmm-align-compiled.cc:127) AMI_EN2004a_H01_FEE078_0096488_0096723
LOG (gmm-align-compiled[5.4.105~1-4fda]:main():gmm-align-compiled.cc:127) AMI_EN2004a_H01_FEE078_0098796_0099251
LOG (gmm-align-compiled[5.4.105~1-4fda]:main():gmm-align-compiled.cc:127) AMI_EN2004a_H01_FEE078_0102222_0102291
LOG (gmm-align-compiled[5.4.105~1-4fda]:main():gmm-align-compiled.cc:127) AMI_EN2004a_H01_FEE078_0105935_0106857
LOG (gmm-align-compiled[5.4.105~1-4fda]:main():gmm-align-compiled.cc:127) AMI_EN2004a_H01_FEE078_0116852_0117368
LOG (gmm-align-compiled[5.4.105~1-4fda]:main():gmm-align-compiled.cc:127) AMI_EN2004a_H01_FEE078_0119907_0119990
LOG (gmm-align-compiled[5.4.105~1-4fda]:main():gmm-align-compiled.cc:127) AMI_EN2004a_H01_FEE078_0123442_0123526
LOG (gmm-align-compiled[5.4.105~1-4fda]:main():gmm-align-compiled.cc:127) AMI_EN2004a_H01_FEE078_0125499_0125645
LOG (gmm-align-compiled[5.4.105~1-4fda]:main():gmm-align-compiled.cc:127) AMI_EN2004a_H01_FEE078_0129134_0129956
WARNING (gmm-align-compiled[5.4.105~1-4fda]:AlignUtteranceWrapper():decoder-wrappers.cc:468) Retrying utterance AMI_EN2004a_H01_FEE078_0129134_0129956 with beam 40
LOG (gmm-align-compiled[5.4.105~1-4fda]:main():gmm-align-compiled.cc:127) AMI_EN2004a_H01_FEE078_0132214_0132566
LOG (gmm-align-compiled[5.4.105~1-4fda]:main():gmm-align-compiled.cc:127) AMI_EN2004a_H01_FEE078_0136527_0136905
LOG (gmm-align-compiled[5.4.105~1-4fda]:main():gmm-align-compiled.cc:127) AMI_EN2004a_H01_FEE078_0141556_0141687
LOG (gmm-align-compiled[5.4.105~1-4fda]:main():gmm-align-compiled.cc:127) AMI_EN2004a_H01_FEE078_0144403_0144615
LOG (gmm-align-compiled[5.4.105~1-4fda]:main():gmm-align-compiled.cc:127) AMI_EN2004a_H01_FEE078_0147927_0148081
LOG (gmm-align-compiled[5.4.105~1-4fda]:main():gmm-align-compiled.cc:127) AMI_EN2004a_H01_FEE078_0150835_0150863
LOG (gmm-align-compiled[5.4.105~1-4fda]:main():gmm-align-compiled.cc:127) AMI_EN2004a_H01_FEE078_0152186_0152209
LOG (gmm-align-compiled[5.4.105~1-4fda]:main():gmm-align-compiled.cc:127) AMI_EN2004a_H01_FEE078_0155257_0156288
LOG (gmm-align-compiled[5.4.105~1-4fda]:main():gmm-align-compiled.cc:127) AMI_EN2004a_H01_FEE078_0161667_0161712
LOG (gmm-align-compiled[5.4.105~1-4fda]:main():gmm-align-compiled.cc:127) AMI_EN2004a_H01_FEE078_0164457_0164909
LOG (gmm-align-compiled[5.4.105~1-4fda]:main():gmm-align-compiled.cc:127) AMI_EN2004a_H01_FEE078_0169136_0169474
LOG (apply-cmvn[5.4.105~1-4fda]:main():apply-cmvn.cc:162) Applied cepstral mean normalization to 484 utterances, errors on 0
LOG (gmm-align-compiled[5.4.105~1-4fda]:main():gmm-align-compiled.cc:127) AMI_EN2004a_H01_FEE078_0173178_0173621
LOG (gmm-align-compiled[5.4.105~1-4fda]:main():gmm-align-compiled.cc:127) AMI_EN2004a_H01_FEE078_0177770_0177921
LOG (gmm-align-compiled[5.4.105~1-4fda]:main():gmm-align-compiled.cc:127) AMI_EN2004a_H01_FEE078_0179804_0179852
LOG (gmm-align-compiled[5.4.105~1-4fda]:main():gmm-align-compiled.cc:127) AMI_EN2004a_H01_FEE078_0184630_0184780
LOG (gmm-align-compiled[5.4.105~1-4fda]:main():gmm-align-compiled.cc:127) AMI_EN2004a_H01_FEE078_0187100_0187281
LOG (gmm-align-compiled[5.4.105~1-4fda]:main():gmm-align-compiled.cc:127) AMI_EN2004a_H01_FEE078_0190419_0190522
LOG (gmm-align-compiled[5.4.105~1-4fda]:main():gmm-align-compiled.cc:127) AMI_EN2004a_H01_FEE078_0198193_0198233
LOG (gmm-align-compiled[5.4.105~1-4fda]:main():gmm-align-compiled.cc:127) AMI_EN2004a_H01_FEE078_0200848_0201055
LOG (gmm-align-compiled[5.4.105~1-4fda]:main():gmm-align-compiled.cc:127) AMI_EN2004a_H01_FEE078_0203859_0204522
WARNING (gmm-align-compiled[5.4.105~1-4fda]:AlignUtteranceWrapper():decoder-wrappers.cc:468) Retrying utterance AMI_EN2004a_H01_FEE078_0203859_0204522 with beam 40
LOG (gmm-align-compiled[5.4.105~1-4fda]:main():gmm-align-compiled.cc:135) Overall log-likelihood per frame is -99.7542 over 142086 frames.
LOG (gmm-align-compiled[5.4.105~1-4fda]:main():gmm-align-compiled.cc:137) Retried 18 out of 484 utterances.
LOG (gmm-align-compiled[5.4.105~1-4fda]:main():gmm-align-compiled.cc:139) Done 484, errors on 0
# Accounting: time=19 threads=1
# Ended (code 0) at Wed Oct 31 22:15:28 EDT 2018, elapsed time 19 seconds
