# align-equal-compiled "ark:gunzip -c exp2/mono/fsts.6.gz|" "ark,s,cs:apply-cmvn  --utt2spk=ark:data/st_ihm_all/train_15k/split30/6/utt2spk scp:data/st_ihm_all/train_15k/split30/6/cmvn.scp scp:data/st_ihm_all/train_15k/split30/6/feats.scp ark:- | add-deltas  ark:- ark:- |" ark,t:- | gmm-acc-stats-ali --binary=true exp2/mono/0.mdl "ark,s,cs:apply-cmvn  --utt2spk=ark:data/st_ihm_all/train_15k/split30/6/utt2spk scp:data/st_ihm_all/train_15k/split30/6/cmvn.scp scp:data/st_ihm_all/train_15k/split30/6/feats.scp ark:- | add-deltas  ark:- ark:- |" ark:- exp2/mono/0.6.acc 
# Started at Wed Oct 31 21:58:56 EDT 2018
#
align-equal-compiled 'ark:gunzip -c exp2/mono/fsts.6.gz|' 'ark,s,cs:apply-cmvn  --utt2spk=ark:data/st_ihm_all/train_15k/split30/6/utt2spk scp:data/st_ihm_all/train_15k/split30/6/cmvn.scp scp:data/st_ihm_all/train_15k/split30/6/feats.scp ark:- | add-deltas  ark:- ark:- |' ark,t:- 
gmm-acc-stats-ali --binary=true exp2/mono/0.mdl 'ark,s,cs:apply-cmvn  --utt2spk=ark:data/st_ihm_all/train_15k/split30/6/utt2spk scp:data/st_ihm_all/train_15k/split30/6/cmvn.scp scp:data/st_ihm_all/train_15k/split30/6/feats.scp ark:- | add-deltas  ark:- ark:- |' ark:- exp2/mono/0.6.acc 
add-deltas ark:- ark:- 
add-deltas ark:- ark:- 
apply-cmvn --utt2spk=ark:data/st_ihm_all/train_15k/split30/6/utt2spk scp:data/st_ihm_all/train_15k/split30/6/cmvn.scp scp:data/st_ihm_all/train_15k/split30/6/feats.scp ark:- 
apply-cmvn --utt2spk=ark:data/st_ihm_all/train_15k/split30/6/utt2spk scp:data/st_ihm_all/train_15k/split30/6/cmvn.scp scp:data/st_ihm_all/train_15k/split30/6/feats.scp ark:- 
LOG (gmm-acc-stats-ali[5.4.105~1-4fda]:main():gmm-acc-stats-ali.cc:105) Processed 50 utterances; for utterance AMI_EN2004a_H02_FEO079_0144766_0145135 avg. like is -109.185 over 367 frames.
LOG (gmm-acc-stats-ali[5.4.105~1-4fda]:main():gmm-acc-stats-ali.cc:105) Processed 100 utterances; for utterance AMI_EN2005a_H00_MEO082_0049432_0049556 avg. like is -101.331 over 122 frames.
LOG (gmm-acc-stats-ali[5.4.105~1-4fda]:main():gmm-acc-stats-ali.cc:105) Processed 150 utterances; for utterance AMI_EN2005a_H00_MEO082_0525560_0525654 avg. like is -102.801 over 92 frames.
WARNING (align-equal-compiled[5.4.105~1-4fda]:EqualAlign():fstext/fstext-utils-inl.h:876) EqualAlign: the randomly constructed paths lengths: 18,22,21,21,26,28,24,19,26,22
WARNING (align-equal-compiled[5.4.105~1-4fda]:EqualAlign():fstext/fstext-utils-inl.h:877) EqualAlign: utterance has too few frames 16 to align.
WARNING (align-equal-compiled[5.4.105~1-4fda]:main():align-equal-compiled.cc:100) AlignEqual: did not align utterence AMI_EN2005a_H01_FEE083_0057591_0057609
WARNING (align-equal-compiled[5.4.105~1-4fda]:EqualAlign():fstext/fstext-utils-inl.h:876) EqualAlign: the randomly constructed paths lengths: 18,26,12,16,26,13,24,19,12,19
WARNING (align-equal-compiled[5.4.105~1-4fda]:EqualAlign():fstext/fstext-utils-inl.h:877) EqualAlign: utterance has too few frames 9 to align.
WARNING (align-equal-compiled[5.4.105~1-4fda]:main():align-equal-compiled.cc:100) AlignEqual: did not align utterence AMI_EN2006a_H01_FEE087_0278508_0278519
WARNING (align-equal-compiled[5.4.105~1-4fda]:EqualAlign():fstext/fstext-utils-inl.h:876) EqualAlign: the randomly constructed paths lengths: 46,55,53,50,45,50,48,46,44,37
WARNING (align-equal-compiled[5.4.105~1-4fda]:EqualAlign():fstext/fstext-utils-inl.h:877) EqualAlign: utterance has too few frames 32 to align.
WARNING (align-equal-compiled[5.4.105~1-4fda]:main():align-equal-compiled.cc:100) AlignEqual: did not align utterence AMI_EN2006a_H02_FEE088_0216223_0216257
LOG (apply-cmvn[5.4.105~1-4fda]:main():apply-cmvn.cc:162) Applied cepstral mean normalization to 484 utterances, errors on 0
WARNING (align-equal-compiled[5.4.105~1-4fda]:EqualAlign():fstext/fstext-utils-inl.h:876) EqualAlign: the randomly constructed paths lengths: 18,20,22,19,20,18,21,21,16,16
WARNING (align-equal-compiled[5.4.105~1-4fda]:EqualAlign():fstext/fstext-utils-inl.h:877) EqualAlign: utterance has too few frames 13 to align.
WARNING (align-equal-compiled[5.4.105~1-4fda]:main():align-equal-compiled.cc:100) AlignEqual: did not align utterence AMI_EN2006a_H03_MEO086_0085457_0085472
WARNING (align-equal-compiled[5.4.105~1-4fda]:main():align-equal-compiled.cc:109) Computed 480 alignments; 0 lacked features, 4 had other errors.
WARNING (gmm-acc-stats-ali[5.4.105~1-4fda]:main():gmm-acc-stats-ali.cc:79) No alignment for utterance AMI_EN2005a_H01_FEE083_0057591_0057609
LOG (gmm-acc-stats-ali[5.4.105~1-4fda]:main():gmm-acc-stats-ali.cc:105) Processed 200 utterances; for utterance AMI_EN2005a_H01_FEE083_0398546_0398697 avg. like is -113.431 over 149 frames.
LOG (gmm-acc-stats-ali[5.4.105~1-4fda]:main():gmm-acc-stats-ali.cc:105) Processed 250 utterances; for utterance AMI_EN2005a_H03_FEE085_0264446_0265302 avg. like is -105.861 over 854 frames.
LOG (gmm-acc-stats-ali[5.4.105~1-4fda]:main():gmm-acc-stats-ali.cc:105) Processed 300 utterances; for utterance AMI_EN2006a_H00_MEE089_0055994_0056152 avg. like is -109.037 over 156 frames.
LOG (gmm-acc-stats-ali[5.4.105~1-4fda]:main():gmm-acc-stats-ali.cc:105) Processed 350 utterances; for utterance AMI_EN2006a_H01_FEE087_0102982_0103388 avg. like is -109.411 over 404 frames.
WARNING (gmm-acc-stats-ali[5.4.105~1-4fda]:main():gmm-acc-stats-ali.cc:79) No alignment for utterance AMI_EN2006a_H01_FEE087_0278508_0278519
LOG (gmm-acc-stats-ali[5.4.105~1-4fda]:main():gmm-acc-stats-ali.cc:105) Processed 400 utterances; for utterance AMI_EN2006a_H01_FEE087_0342614_0342697 avg. like is -103.334 over 81 frames.
WARNING (gmm-acc-stats-ali[5.4.105~1-4fda]:main():gmm-acc-stats-ali.cc:79) No alignment for utterance AMI_EN2006a_H02_FEE088_0216223_0216257
LOG (gmm-acc-stats-ali[5.4.105~1-4fda]:main():gmm-acc-stats-ali.cc:105) Processed 450 utterances; for utterance AMI_EN2006a_H02_FEE088_0245692_0245719 avg. like is -99.8318 over 25 frames.
LOG (apply-cmvn[5.4.105~1-4fda]:main():apply-cmvn.cc:162) Applied cepstral mean normalization to 484 utterances, errors on 0
WARNING (gmm-acc-stats-ali[5.4.105~1-4fda]:main():gmm-acc-stats-ali.cc:79) No alignment for utterance AMI_EN2006a_H03_MEO086_0085457_0085472
LOG (gmm-acc-stats-ali[5.4.105~1-4fda]:main():gmm-acc-stats-ali.cc:112) Done 480 files, 4 with errors.
LOG (gmm-acc-stats-ali[5.4.105~1-4fda]:main():gmm-acc-stats-ali.cc:115) Overall avg like per frame (Gaussian only) = -108.876 over 126923 frames.
LOG (gmm-acc-stats-ali[5.4.105~1-4fda]:main():gmm-acc-stats-ali.cc:123) Written accs.
# Accounting: time=4 threads=1
# Ended (code 0) at Wed Oct 31 21:59:00 EDT 2018, elapsed time 4 seconds
