# gmm-align-compiled --transition-scale=1.0 --acoustic-scale=0.1 --self-loop-scale=0.1 --beam=10 --retry-beam=40 --careful=false "gmm-boost-silence --boost=1.0 1 exp2/mono/5.mdl - |" "ark:gunzip -c exp2/mono/fsts.14.gz|" "ark,s,cs:apply-cmvn  --utt2spk=ark:data/st_ihm_all/train_15k/split30/14/utt2spk scp:data/st_ihm_all/train_15k/split30/14/cmvn.scp scp:data/st_ihm_all/train_15k/split30/14/feats.scp ark:- | add-deltas  ark:- ark:- |" "ark,t:|gzip -c >exp2/mono/ali.14.gz" 
# Started at Wed Oct 31 22:05:19 EDT 2018
#
gmm-align-compiled --transition-scale=1.0 --acoustic-scale=0.1 --self-loop-scale=0.1 --beam=10 --retry-beam=40 --careful=false 'gmm-boost-silence --boost=1.0 1 exp2/mono/5.mdl - |' 'ark:gunzip -c exp2/mono/fsts.14.gz|' 'ark,s,cs:apply-cmvn  --utt2spk=ark:data/st_ihm_all/train_15k/split30/14/utt2spk scp:data/st_ihm_all/train_15k/split30/14/cmvn.scp scp:data/st_ihm_all/train_15k/split30/14/feats.scp ark:- | add-deltas  ark:- ark:- |' 'ark,t:|gzip -c >exp2/mono/ali.14.gz' 
gmm-boost-silence --boost=1.0 1 exp2/mono/5.mdl - 
WARNING (gmm-boost-silence[5.4.105~1-4fda]:main():gmm-boost-silence.cc:82) The pdfs for the silence phones may be shared by other phones (note: this probably does not matter.)
LOG (gmm-boost-silence[5.4.105~1-4fda]:main():gmm-boost-silence.cc:93) Boosted weights for 5 pdfs, by factor of 1
LOG (gmm-boost-silence[5.4.105~1-4fda]:main():gmm-boost-silence.cc:103) Wrote model to -
add-deltas ark:- ark:- 
apply-cmvn --utt2spk=ark:data/st_ihm_all/train_15k/split30/14/utt2spk scp:data/st_ihm_all/train_15k/split30/14/cmvn.scp scp:data/st_ihm_all/train_15k/split30/14/feats.scp ark:- 
LOG (gmm-align-compiled[5.4.105~1-4fda]:main():gmm-align-compiled.cc:127) AMI_ES2013a_H03_FEE052_0072240_0072852
LOG (gmm-align-compiled[5.4.105~1-4fda]:main():gmm-align-compiled.cc:127) AMI_ES2013b_H00_FEE049_0002051_0002296
WARNING (gmm-align-compiled[5.4.105~1-4fda]:AlignUtteranceWrapper():decoder-wrappers.cc:468) Retrying utterance AMI_ES2013b_H00_FEE049_0002051_0002296 with beam 40
LOG (gmm-align-compiled[5.4.105~1-4fda]:main():gmm-align-compiled.cc:127) AMI_ES2013b_H00_FEE049_0006593_0007614
LOG (gmm-align-compiled[5.4.105~1-4fda]:main():gmm-align-compiled.cc:127) AMI_ES2013b_H00_FEE049_0010784_0011052
LOG (gmm-align-compiled[5.4.105~1-4fda]:main():gmm-align-compiled.cc:127) AMI_ES2013b_H00_FEE049_0015680_0016153
LOG (gmm-align-compiled[5.4.105~1-4fda]:main():gmm-align-compiled.cc:127) AMI_ES2013b_H00_FEE049_0019591_0019811
LOG (gmm-align-compiled[5.4.105~1-4fda]:main():gmm-align-compiled.cc:127) AMI_ES2013b_H00_FEE049_0022439_0022575
LOG (gmm-align-compiled[5.4.105~1-4fda]:main():gmm-align-compiled.cc:127) AMI_ES2013b_H00_FEE049_0047905_0047933
LOG (gmm-align-compiled[5.4.105~1-4fda]:main():gmm-align-compiled.cc:127) AMI_ES2013b_H00_FEE049_0057882_0057958
LOG (gmm-align-compiled[5.4.105~1-4fda]:main():gmm-align-compiled.cc:127) AMI_ES2013b_H00_FEE049_0075346_0075798
LOG (gmm-align-compiled[5.4.105~1-4fda]:main():gmm-align-compiled.cc:127) AMI_ES2013b_H00_FEE049_0085413_0085516
LOG (gmm-align-compiled[5.4.105~1-4fda]:main():gmm-align-compiled.cc:127) AMI_ES2013b_H00_FEE049_0097858_0098077
WARNING (gmm-align-compiled[5.4.105~1-4fda]:AlignUtteranceWrapper():decoder-wrappers.cc:468) Retrying utterance AMI_ES2013b_H00_FEE049_0097858_0098077 with beam 40
LOG (gmm-align-compiled[5.4.105~1-4fda]:main():gmm-align-compiled.cc:127) AMI_ES2013b_H00_FEE049_0103544_0103594
LOG (gmm-align-compiled[5.4.105~1-4fda]:main():gmm-align-compiled.cc:127) AMI_ES2013b_H00_FEE049_0131436_0132252
LOG (gmm-align-compiled[5.4.105~1-4fda]:main():gmm-align-compiled.cc:127) AMI_ES2013b_H00_FEE049_0135770_0136782
LOG (gmm-align-compiled[5.4.105~1-4fda]:main():gmm-align-compiled.cc:127) AMI_ES2013b_H00_FEE049_0143133_0143215
LOG (gmm-align-compiled[5.4.105~1-4fda]:main():gmm-align-compiled.cc:127) AMI_ES2013b_H00_FEE049_0159042_0159071
LOG (gmm-align-compiled[5.4.105~1-4fda]:main():gmm-align-compiled.cc:127) AMI_ES2013b_H00_FEE049_0162417_0162454
LOG (gmm-align-compiled[5.4.105~1-4fda]:main():gmm-align-compiled.cc:127) AMI_ES2013b_H00_FEE049_0170011_0170162
LOG (gmm-align-compiled[5.4.105~1-4fda]:main():gmm-align-compiled.cc:127) AMI_ES2013b_H00_FEE049_0174262_0174418
LOG (gmm-align-compiled[5.4.105~1-4fda]:main():gmm-align-compiled.cc:127) AMI_ES2013b_H00_FEE049_0179778_0180178
LOG (gmm-align-compiled[5.4.105~1-4fda]:main():gmm-align-compiled.cc:127) AMI_ES2013b_H00_FEE049_0189488_0189539
LOG (gmm-align-compiled[5.4.105~1-4fda]:main():gmm-align-compiled.cc:127) AMI_ES2013b_H00_FEE049_0194076_0194237
LOG (gmm-align-compiled[5.4.105~1-4fda]:main():gmm-align-compiled.cc:127) AMI_ES2013b_H00_FEE049_0204415_0204862
LOG (gmm-align-compiled[5.4.105~1-4fda]:main():gmm-align-compiled.cc:127) AMI_ES2013b_H00_FEE049_0207279_0207734
LOG (gmm-align-compiled[5.4.105~1-4fda]:main():gmm-align-compiled.cc:127) AMI_ES2013b_H01_FEE050_0007895_0007938
LOG (gmm-align-compiled[5.4.105~1-4fda]:main():gmm-align-compiled.cc:127) AMI_ES2013b_H01_FEE050_0060449_0061121
WARNING (gmm-align-compiled[5.4.105~1-4fda]:AlignUtteranceWrapper():decoder-wrappers.cc:468) Retrying utterance AMI_ES2013b_H01_FEE050_0060449_0061121 with beam 40
LOG (gmm-align-compiled[5.4.105~1-4fda]:main():gmm-align-compiled.cc:127) AMI_ES2013b_H01_FEE050_0079155_0079358
WARNING (gmm-align-compiled[5.4.105~1-4fda]:AlignUtteranceWrapper():decoder-wrappers.cc:468) Retrying utterance AMI_ES2013b_H01_FEE050_0079155_0079358 with beam 40
LOG (gmm-align-compiled[5.4.105~1-4fda]:main():gmm-align-compiled.cc:127) AMI_ES2013b_H01_FEE050_0113319_0113875
LOG (gmm-align-compiled[5.4.105~1-4fda]:main():gmm-align-compiled.cc:127) AMI_ES2013b_H01_FEE050_0119228_0119755
LOG (gmm-align-compiled[5.4.105~1-4fda]:main():gmm-align-compiled.cc:127) AMI_ES2013b_H01_FEE050_0122804_0123124
LOG (gmm-align-compiled[5.4.105~1-4fda]:main():gmm-align-compiled.cc:127) AMI_ES2013b_H01_FEE050_0128808_0129280
LOG (gmm-align-compiled[5.4.105~1-4fda]:main():gmm-align-compiled.cc:127) AMI_ES2013b_H01_FEE050_0140217_0140458
LOG (gmm-align-compiled[5.4.105~1-4fda]:main():gmm-align-compiled.cc:127) AMI_ES2013b_H01_FEE050_0153437_0153534
LOG (gmm-align-compiled[5.4.105~1-4fda]:main():gmm-align-compiled.cc:127) AMI_ES2013b_H01_FEE050_0163412_0163962
LOG (gmm-align-compiled[5.4.105~1-4fda]:main():gmm-align-compiled.cc:127) AMI_ES2013b_H01_FEE050_0168340_0168458
LOG (gmm-align-compiled[5.4.105~1-4fda]:main():gmm-align-compiled.cc:127) AMI_ES2013b_H01_FEE050_0184456_0184569
LOG (gmm-align-compiled[5.4.105~1-4fda]:main():gmm-align-compiled.cc:127) AMI_ES2013b_H01_FEE050_0205297_0205398
LOG (gmm-align-compiled[5.4.105~1-4fda]:main():gmm-align-compiled.cc:127) AMI_ES2013b_H02_FEE051_0078064_0078157
LOG (gmm-align-compiled[5.4.105~1-4fda]:main():gmm-align-compiled.cc:127) AMI_ES2013b_H02_FEE051_0082092_0082588
LOG (gmm-align-compiled[5.4.105~1-4fda]:main():gmm-align-compiled.cc:127) AMI_ES2013b_H02_FEE051_0086399_0086532
LOG (gmm-align-compiled[5.4.105~1-4fda]:main():gmm-align-compiled.cc:127) AMI_ES2013b_H02_FEE051_0089808_0090266
WARNING (gmm-align-compiled[5.4.105~1-4fda]:AlignUtteranceWrapper():decoder-wrappers.cc:468) Retrying utterance AMI_ES2013b_H02_FEE051_0089808_0090266 with beam 40
LOG (gmm-align-compiled[5.4.105~1-4fda]:main():gmm-align-compiled.cc:127) AMI_ES2013b_H02_FEE051_0095650_0096526
LOG (gmm-align-compiled[5.4.105~1-4fda]:main():gmm-align-compiled.cc:127) AMI_ES2013b_H02_FEE051_0099327_0100041
LOG (gmm-align-compiled[5.4.105~1-4fda]:main():gmm-align-compiled.cc:127) AMI_ES2013b_H02_FEE051_0105566_0106220
LOG (gmm-align-compiled[5.4.105~1-4fda]:main():gmm-align-compiled.cc:127) AMI_ES2013b_H02_FEE051_0148398_0149022
WARNING (gmm-align-compiled[5.4.105~1-4fda]:AlignUtteranceWrapper():decoder-wrappers.cc:468) Retrying utterance AMI_ES2013b_H02_FEE051_0148398_0149022 with beam 40
LOG (gmm-align-compiled[5.4.105~1-4fda]:main():gmm-align-compiled.cc:127) AMI_ES2013b_H02_FEE051_0155146_0156448
LOG (gmm-align-compiled[5.4.105~1-4fda]:main():gmm-align-compiled.cc:127) AMI_ES2013b_H02_FEE051_0168413_0168722
LOG (gmm-align-compiled[5.4.105~1-4fda]:main():gmm-align-compiled.cc:127) AMI_ES2013b_H02_FEE051_0187594_0187902
LOG (gmm-align-compiled[5.4.105~1-4fda]:main():gmm-align-compiled.cc:127) AMI_ES2013b_H02_FEE051_0210666_0211019
LOG (gmm-align-compiled[5.4.105~1-4fda]:main():gmm-align-compiled.cc:127) AMI_ES2013b_H03_FEE052_0021106_0021142
LOG (gmm-align-compiled[5.4.105~1-4fda]:main():gmm-align-compiled.cc:127) AMI_ES2013b_H03_FEE052_0028901_0029945
LOG (gmm-align-compiled[5.4.105~1-4fda]:main():gmm-align-compiled.cc:127) AMI_ES2013b_H03_FEE052_0040631_0041374
LOG (gmm-align-compiled[5.4.105~1-4fda]:main():gmm-align-compiled.cc:127) AMI_ES2013b_H03_FEE052_0048002_0048782
LOG (gmm-align-compiled[5.4.105~1-4fda]:main():gmm-align-compiled.cc:127) AMI_ES2013b_H03_FEE052_0054141_0054845
LOG (gmm-align-compiled[5.4.105~1-4fda]:main():gmm-align-compiled.cc:127) AMI_ES2013b_H03_FEE052_0056972_0057946
LOG (gmm-align-compiled[5.4.105~1-4fda]:main():gmm-align-compiled.cc:127) AMI_ES2013b_H03_FEE052_0062674_0063304
LOG (gmm-align-compiled[5.4.105~1-4fda]:main():gmm-align-compiled.cc:127) AMI_ES2013b_H03_FEE052_0068007_0068090
LOG (gmm-align-compiled[5.4.105~1-4fda]:main():gmm-align-compiled.cc:127) AMI_ES2013b_H03_FEE052_0072622_0072711
LOG (gmm-align-compiled[5.4.105~1-4fda]:main():gmm-align-compiled.cc:127) AMI_ES2013b_H03_FEE052_0102300_0102336
LOG (gmm-align-compiled[5.4.105~1-4fda]:main():gmm-align-compiled.cc:127) AMI_ES2013b_H03_FEE052_0142945_0143129
LOG (gmm-align-compiled[5.4.105~1-4fda]:main():gmm-align-compiled.cc:127) AMI_ES2013b_H03_FEE052_0148299_0148328
LOG (gmm-align-compiled[5.4.105~1-4fda]:main():gmm-align-compiled.cc:127) AMI_ES2013b_H03_FEE052_0153420_0153463
LOG (gmm-align-compiled[5.4.105~1-4fda]:main():gmm-align-compiled.cc:127) AMI_ES2013b_H03_FEE052_0158610_0159049
LOG (gmm-align-compiled[5.4.105~1-4fda]:main():gmm-align-compiled.cc:127) AMI_ES2013b_H03_FEE052_0162383_0162494
LOG (gmm-align-compiled[5.4.105~1-4fda]:main():gmm-align-compiled.cc:127) AMI_ES2013b_H03_FEE052_0166863_0166896
LOG (gmm-align-compiled[5.4.105~1-4fda]:main():gmm-align-compiled.cc:127) AMI_ES2013b_H03_FEE052_0175032_0175245
LOG (gmm-align-compiled[5.4.105~1-4fda]:main():gmm-align-compiled.cc:127) AMI_ES2013b_H03_FEE052_0183729_0184345
LOG (gmm-align-compiled[5.4.105~1-4fda]:main():gmm-align-compiled.cc:127) AMI_ES2013b_H03_FEE052_0186831_0187043
LOG (gmm-align-compiled[5.4.105~1-4fda]:main():gmm-align-compiled.cc:127) AMI_ES2013b_H03_FEE052_0191820_0192111
LOG (gmm-align-compiled[5.4.105~1-4fda]:main():gmm-align-compiled.cc:127) AMI_ES2013b_H03_FEE052_0208319_0208635
LOG (gmm-align-compiled[5.4.105~1-4fda]:main():gmm-align-compiled.cc:127) AMI_ES2013c_H00_FEE049_0006003_0006704
LOG (gmm-align-compiled[5.4.105~1-4fda]:main():gmm-align-compiled.cc:127) AMI_ES2013c_H00_FEE049_0011282_0011595
WARNING (gmm-align-compiled[5.4.105~1-4fda]:AlignUtteranceWrapper():decoder-wrappers.cc:468) Retrying utterance AMI_ES2013c_H00_FEE049_0011282_0011595 with beam 40
LOG (gmm-align-compiled[5.4.105~1-4fda]:main():gmm-align-compiled.cc:127) AMI_ES2013c_H00_FEE049_0017933_0018715
LOG (gmm-align-compiled[5.4.105~1-4fda]:main():gmm-align-compiled.cc:127) AMI_ES2013c_H00_FEE049_0026744_0027171
LOG (gmm-align-compiled[5.4.105~1-4fda]:main():gmm-align-compiled.cc:127) AMI_ES2013c_H00_FEE049_0029252_0029298
LOG (gmm-align-compiled[5.4.105~1-4fda]:main():gmm-align-compiled.cc:127) AMI_ES2013c_H00_FEE049_0033396_0033448
LOG (gmm-align-compiled[5.4.105~1-4fda]:main():gmm-align-compiled.cc:127) AMI_ES2013c_H00_FEE049_0061801_0061859
LOG (gmm-align-compiled[5.4.105~1-4fda]:main():gmm-align-compiled.cc:127) AMI_ES2013c_H00_FEE049_0075703_0075789
LOG (gmm-align-compiled[5.4.105~1-4fda]:main():gmm-align-compiled.cc:127) AMI_ES2013c_H00_FEE049_0097372_0097431
LOG (gmm-align-compiled[5.4.105~1-4fda]:main():gmm-align-compiled.cc:127) AMI_ES2013c_H00_FEE049_0131398_0131439
LOG (gmm-align-compiled[5.4.105~1-4fda]:main():gmm-align-compiled.cc:127) AMI_ES2013c_H00_FEE049_0183038_0183404
WARNING (gmm-align-compiled[5.4.105~1-4fda]:AlignUtteranceWrapper():decoder-wrappers.cc:468) Retrying utterance AMI_ES2013c_H00_FEE049_0183038_0183404 with beam 40
LOG (gmm-align-compiled[5.4.105~1-4fda]:main():gmm-align-compiled.cc:127) AMI_ES2013c_H00_FEE049_0188430_0188766
LOG (gmm-align-compiled[5.4.105~1-4fda]:main():gmm-align-compiled.cc:127) AMI_ES2013c_H00_FEE049_0193159_0193316
LOG (gmm-align-compiled[5.4.105~1-4fda]:main():gmm-align-compiled.cc:127) AMI_ES2013c_H00_FEE049_0197542_0197609
LOG (gmm-align-compiled[5.4.105~1-4fda]:main():gmm-align-compiled.cc:127) AMI_ES2013c_H00_FEE049_0203359_0203398
LOG (gmm-align-compiled[5.4.105~1-4fda]:main():gmm-align-compiled.cc:127) AMI_ES2013c_H00_FEE049_0207056_0207089
LOG (gmm-align-compiled[5.4.105~1-4fda]:main():gmm-align-compiled.cc:127) AMI_ES2013c_H00_FEE049_0212207_0212414
LOG (gmm-align-compiled[5.4.105~1-4fda]:main():gmm-align-compiled.cc:127) AMI_ES2013c_H00_FEE049_0217469_0217610
LOG (gmm-align-compiled[5.4.105~1-4fda]:main():gmm-align-compiled.cc:127) AMI_ES2013c_H00_FEE049_0221377_0221561
LOG (gmm-align-compiled[5.4.105~1-4fda]:main():gmm-align-compiled.cc:127) AMI_ES2013c_H00_FEE049_0226806_0227091
LOG (gmm-align-compiled[5.4.105~1-4fda]:main():gmm-align-compiled.cc:127) AMI_ES2013c_H00_FEE049_0230604_0230962
LOG (gmm-align-compiled[5.4.105~1-4fda]:main():gmm-align-compiled.cc:127) AMI_ES2013c_H00_FEE049_0234469_0234626
LOG (gmm-align-compiled[5.4.105~1-4fda]:main():gmm-align-compiled.cc:127) AMI_ES2013c_H01_FEE050_0053206_0053379
LOG (gmm-align-compiled[5.4.105~1-4fda]:main():gmm-align-compiled.cc:127) AMI_ES2013c_H01_FEE050_0077878_0077950
LOG (gmm-align-compiled[5.4.105~1-4fda]:main():gmm-align-compiled.cc:127) AMI_ES2013c_H01_FEE050_0086142_0086667
WARNING (gmm-align-compiled[5.4.105~1-4fda]:AlignUtteranceWrapper():decoder-wrappers.cc:468) Retrying utterance AMI_ES2013c_H01_FEE050_0086142_0086667 with beam 40
LOG (gmm-align-compiled[5.4.105~1-4fda]:main():gmm-align-compiled.cc:127) AMI_ES2013c_H01_FEE050_0093961_0094439
LOG (gmm-align-compiled[5.4.105~1-4fda]:main():gmm-align-compiled.cc:127) AMI_ES2013c_H01_FEE050_0098780_0099122
LOG (gmm-align-compiled[5.4.105~1-4fda]:main():gmm-align-compiled.cc:127) AMI_ES2013c_H01_FEE050_0103647_0104038
LOG (gmm-align-compiled[5.4.105~1-4fda]:main():gmm-align-compiled.cc:127) AMI_ES2013c_H01_FEE050_0107322_0107824
LOG (gmm-align-compiled[5.4.105~1-4fda]:main():gmm-align-compiled.cc:127) AMI_ES2013c_H01_FEE050_0111881_0112631
LOG (gmm-align-compiled[5.4.105~1-4fda]:main():gmm-align-compiled.cc:127) AMI_ES2013c_H01_FEE050_0115520_0115963
LOG (gmm-align-compiled[5.4.105~1-4fda]:main():gmm-align-compiled.cc:127) AMI_ES2013c_H01_FEE050_0124714_0125363
WARNING (gmm-align-compiled[5.4.105~1-4fda]:AlignUtteranceWrapper():decoder-wrappers.cc:468) Retrying utterance AMI_ES2013c_H01_FEE050_0124714_0125363 with beam 40
LOG (gmm-align-compiled[5.4.105~1-4fda]:main():gmm-align-compiled.cc:127) AMI_ES2013c_H01_FEE050_0154896_0154922
LOG (gmm-align-compiled[5.4.105~1-4fda]:main():gmm-align-compiled.cc:127) AMI_ES2013c_H01_FEE050_0169183_0169211
LOG (gmm-align-compiled[5.4.105~1-4fda]:main():gmm-align-compiled.cc:127) AMI_ES2013c_H01_FEE050_0179580_0179853
LOG (gmm-align-compiled[5.4.105~1-4fda]:main():gmm-align-compiled.cc:127) AMI_ES2013c_H01_FEE050_0198554_0198605
LOG (gmm-align-compiled[5.4.105~1-4fda]:main():gmm-align-compiled.cc:127) AMI_ES2013c_H01_FEE050_0209206_0209536
LOG (gmm-align-compiled[5.4.105~1-4fda]:main():gmm-align-compiled.cc:127) AMI_ES2013c_H01_FEE050_0220138_0220217
LOG (gmm-align-compiled[5.4.105~1-4fda]:main():gmm-align-compiled.cc:127) AMI_ES2013c_H02_FEE051_0035355_0035378
LOG (gmm-align-compiled[5.4.105~1-4fda]:main():gmm-align-compiled.cc:127) AMI_ES2013c_H02_FEE051_0070413_0070546
LOG (gmm-align-compiled[5.4.105~1-4fda]:main():gmm-align-compiled.cc:127) AMI_ES2013c_H02_FEE051_0122041_0122820
LOG (gmm-align-compiled[5.4.105~1-4fda]:main():gmm-align-compiled.cc:127) AMI_ES2013c_H02_FEE051_0128431_0128650
LOG (gmm-align-compiled[5.4.105~1-4fda]:main():gmm-align-compiled.cc:127) AMI_ES2013c_H02_FEE051_0137963_0139171
LOG (gmm-align-compiled[5.4.105~1-4fda]:main():gmm-align-compiled.cc:127) AMI_ES2013c_H02_FEE051_0142532_0143037
LOG (gmm-align-compiled[5.4.105~1-4fda]:main():gmm-align-compiled.cc:127) AMI_ES2013c_H02_FEE051_0147146_0147498
WARNING (gmm-align-compiled[5.4.105~1-4fda]:AlignUtteranceWrapper():decoder-wrappers.cc:468) Retrying utterance AMI_ES2013c_H02_FEE051_0147146_0147498 with beam 40
LOG (gmm-align-compiled[5.4.105~1-4fda]:main():gmm-align-compiled.cc:127) AMI_ES2013c_H02_FEE051_0151817_0152600
LOG (gmm-align-compiled[5.4.105~1-4fda]:main():gmm-align-compiled.cc:127) AMI_ES2013c_H02_FEE051_0157763_0157869
LOG (gmm-align-compiled[5.4.105~1-4fda]:main():gmm-align-compiled.cc:127) AMI_ES2013c_H02_FEE051_0161737_0162371
LOG (gmm-align-compiled[5.4.105~1-4fda]:main():gmm-align-compiled.cc:127) AMI_ES2013c_H02_FEE051_0165582_0166364
LOG (gmm-align-compiled[5.4.105~1-4fda]:main():gmm-align-compiled.cc:127) AMI_ES2013c_H02_FEE051_0168834_0169064
WARNING (gmm-align-compiled[5.4.105~1-4fda]:AlignUtteranceWrapper():decoder-wrappers.cc:468) Retrying utterance AMI_ES2013c_H02_FEE051_0168834_0169064 with beam 40
LOG (gmm-align-compiled[5.4.105~1-4fda]:main():gmm-align-compiled.cc:127) AMI_ES2013c_H02_FEE051_0172335_0172351
LOG (gmm-align-compiled[5.4.105~1-4fda]:main():gmm-align-compiled.cc:127) AMI_ES2013c_H02_FEE051_0175069_0175395
LOG (gmm-align-compiled[5.4.105~1-4fda]:main():gmm-align-compiled.cc:127) AMI_ES2013c_H02_FEE051_0178896_0179004
LOG (gmm-align-compiled[5.4.105~1-4fda]:main():gmm-align-compiled.cc:127) AMI_ES2013c_H02_FEE051_0182962_0183012
LOG (gmm-align-compiled[5.4.105~1-4fda]:main():gmm-align-compiled.cc:127) AMI_ES2013c_H02_FEE051_0202029_0202108
LOG (gmm-align-compiled[5.4.105~1-4fda]:main():gmm-align-compiled.cc:127) AMI_ES2013c_H02_FEE051_0218580_0218923
LOG (gmm-align-compiled[5.4.105~1-4fda]:main():gmm-align-compiled.cc:127) AMI_ES2013c_H02_FEE051_0224180_0224283
LOG (gmm-align-compiled[5.4.105~1-4fda]:main():gmm-align-compiled.cc:127) AMI_ES2013c_H03_FEE052_0030743_0030880
LOG (gmm-align-compiled[5.4.105~1-4fda]:main():gmm-align-compiled.cc:127) AMI_ES2013c_H03_FEE052_0038661_0038760
LOG (gmm-align-compiled[5.4.105~1-4fda]:main():gmm-align-compiled.cc:127) AMI_ES2013c_H03_FEE052_0045316_0045400
LOG (gmm-align-compiled[5.4.105~1-4fda]:main():gmm-align-compiled.cc:127) AMI_ES2013c_H03_FEE052_0048119_0048605
LOG (gmm-align-compiled[5.4.105~1-4fda]:main():gmm-align-compiled.cc:127) AMI_ES2013c_H03_FEE052_0053891_0053973
LOG (gmm-align-compiled[5.4.105~1-4fda]:main():gmm-align-compiled.cc:127) AMI_ES2013c_H03_FEE052_0061108_0061235
WARNING (gmm-align-compiled[5.4.105~1-4fda]:AlignUtteranceWrapper():decoder-wrappers.cc:468) Retrying utterance AMI_ES2013c_H03_FEE052_0061108_0061235 with beam 40
LOG (gmm-align-compiled[5.4.105~1-4fda]:main():gmm-align-compiled.cc:127) AMI_ES2013c_H03_FEE052_0065721_0065884
WARNING (gmm-align-compiled[5.4.105~1-4fda]:AlignUtteranceWrapper():decoder-wrappers.cc:468) Retrying utterance AMI_ES2013c_H03_FEE052_0065721_0065884 with beam 40
LOG (gmm-align-compiled[5.4.105~1-4fda]:main():gmm-align-compiled.cc:127) AMI_ES2013c_H03_FEE052_0068673_0068753
LOG (gmm-align-compiled[5.4.105~1-4fda]:main():gmm-align-compiled.cc:127) AMI_ES2013c_H03_FEE052_0073701_0073860
LOG (gmm-align-compiled[5.4.105~1-4fda]:main():gmm-align-compiled.cc:127) AMI_ES2013c_H03_FEE052_0077740_0077973
LOG (gmm-align-compiled[5.4.105~1-4fda]:main():gmm-align-compiled.cc:127) AMI_ES2013c_H03_FEE052_0099106_0099125
LOG (gmm-align-compiled[5.4.105~1-4fda]:main():gmm-align-compiled.cc:127) AMI_ES2013c_H03_FEE052_0119232_0119272
LOG (gmm-align-compiled[5.4.105~1-4fda]:main():gmm-align-compiled.cc:127) AMI_ES2013c_H03_FEE052_0127570_0127643
LOG (gmm-align-compiled[5.4.105~1-4fda]:main():gmm-align-compiled.cc:127) AMI_ES2013c_H03_FEE052_0160088_0160108
LOG (gmm-align-compiled[5.4.105~1-4fda]:main():gmm-align-compiled.cc:127) AMI_ES2013c_H03_FEE052_0173808_0173845
LOG (gmm-align-compiled[5.4.105~1-4fda]:main():gmm-align-compiled.cc:127) AMI_ES2013c_H03_FEE052_0182958_0183144
LOG (gmm-align-compiled[5.4.105~1-4fda]:main():gmm-align-compiled.cc:127) AMI_ES2013c_H03_FEE052_0201188_0201865
LOG (gmm-align-compiled[5.4.105~1-4fda]:main():gmm-align-compiled.cc:127) AMI_ES2013c_H03_FEE052_0205650_0205712
LOG (gmm-align-compiled[5.4.105~1-4fda]:main():gmm-align-compiled.cc:127) AMI_ES2013c_H03_FEE052_0218365_0218559
LOG (gmm-align-compiled[5.4.105~1-4fda]:main():gmm-align-compiled.cc:127) AMI_ES2013c_H03_FEE052_0231629_0231667
LOG (gmm-align-compiled[5.4.105~1-4fda]:main():gmm-align-compiled.cc:127) AMI_ES2013d_H00_FEE049_0004234_0004355
LOG (gmm-align-compiled[5.4.105~1-4fda]:main():gmm-align-compiled.cc:127) AMI_ES2013d_H00_FEE049_0009022_0009083
LOG (gmm-align-compiled[5.4.105~1-4fda]:main():gmm-align-compiled.cc:127) AMI_ES2013d_H00_FEE049_0013416_0013738
LOG (gmm-align-compiled[5.4.105~1-4fda]:main():gmm-align-compiled.cc:127) AMI_ES2013d_H00_FEE049_0017370_0017530
LOG (gmm-align-compiled[5.4.105~1-4fda]:main():gmm-align-compiled.cc:127) AMI_ES2013d_H00_FEE049_0020460_0021630
LOG (gmm-align-compiled[5.4.105~1-4fda]:main():gmm-align-compiled.cc:127) AMI_ES2013d_H00_FEE049_0026095_0026839
LOG (gmm-align-compiled[5.4.105~1-4fda]:main():gmm-align-compiled.cc:127) AMI_ES2013d_H00_FEE049_0032739_0033114
LOG (gmm-align-compiled[5.4.105~1-4fda]:main():gmm-align-compiled.cc:127) AMI_ES2013d_H00_FEE049_0066045_0066282
LOG (gmm-align-compiled[5.4.105~1-4fda]:main():gmm-align-compiled.cc:127) AMI_ES2013d_H00_FEE049_0076719_0076789
LOG (gmm-align-compiled[5.4.105~1-4fda]:main():gmm-align-compiled.cc:127) AMI_ES2013d_H00_FEE049_0104728_0104765
LOG (gmm-align-compiled[5.4.105~1-4fda]:main():gmm-align-compiled.cc:127) AMI_ES2013d_H00_FEE049_0113046_0113127
LOG (gmm-align-compiled[5.4.105~1-4fda]:main():gmm-align-compiled.cc:127) AMI_ES2013d_H00_FEE049_0122704_0122929
LOG (gmm-align-compiled[5.4.105~1-4fda]:main():gmm-align-compiled.cc:127) AMI_ES2013d_H00_FEE049_0136481_0136500
LOG (gmm-align-compiled[5.4.105~1-4fda]:main():gmm-align-compiled.cc:127) AMI_ES2013d_H00_FEE049_0141218_0141689
LOG (gmm-align-compiled[5.4.105~1-4fda]:main():gmm-align-compiled.cc:127) AMI_ES2013d_H00_FEE049_0144251_0144394
LOG (gmm-align-compiled[5.4.105~1-4fda]:main():gmm-align-compiled.cc:127) AMI_ES2013d_H00_FEE049_0149424_0149660
LOG (gmm-align-compiled[5.4.105~1-4fda]:main():gmm-align-compiled.cc:127) AMI_ES2013d_H00_FEE049_0152261_0152296
LOG (gmm-align-compiled[5.4.105~1-4fda]:main():gmm-align-compiled.cc:127) AMI_ES2013d_H00_FEE049_0155633_0156065
LOG (gmm-align-compiled[5.4.105~1-4fda]:main():gmm-align-compiled.cc:127) AMI_ES2013d_H00_FEE049_0161169_0161241
LOG (gmm-align-compiled[5.4.105~1-4fda]:main():gmm-align-compiled.cc:127) AMI_ES2013d_H00_FEE049_0165458_0165871
LOG (gmm-align-compiled[5.4.105~1-4fda]:main():gmm-align-compiled.cc:127) AMI_ES2013d_H00_FEE049_0168381_0168762
LOG (gmm-align-compiled[5.4.105~1-4fda]:main():gmm-align-compiled.cc:127) AMI_ES2013d_H00_FEE049_0173600_0174217
LOG (gmm-align-compiled[5.4.105~1-4fda]:main():gmm-align-compiled.cc:127) AMI_ES2013d_H00_FEE049_0188803_0188953
WARNING (gmm-align-compiled[5.4.105~1-4fda]:AlignUtteranceWrapper():decoder-wrappers.cc:468) Retrying utterance AMI_ES2013d_H00_FEE049_0188803_0188953 with beam 40
LOG (gmm-align-compiled[5.4.105~1-4fda]:main():gmm-align-compiled.cc:127) AMI_ES2013d_H01_FEE050_0054754_0055283
LOG (gmm-align-compiled[5.4.105~1-4fda]:main():gmm-align-compiled.cc:127) AMI_ES2013d_H01_FEE050_0059233_0059624
LOG (gmm-align-compiled[5.4.105~1-4fda]:main():gmm-align-compiled.cc:127) AMI_ES2013d_H01_FEE050_0066203_0066416
WARNING (gmm-align-compiled[5.4.105~1-4fda]:AlignUtteranceWrapper():decoder-wrappers.cc:468) Retrying utterance AMI_ES2013d_H01_FEE050_0066203_0066416 with beam 40
LOG (gmm-align-compiled[5.4.105~1-4fda]:main():gmm-align-compiled.cc:127) AMI_ES2013d_H01_FEE050_0100309_0100422
LOG (gmm-align-compiled[5.4.105~1-4fda]:main():gmm-align-compiled.cc:127) AMI_ES2013d_H01_FEE050_0114334_0114498
LOG (gmm-align-compiled[5.4.105~1-4fda]:main():gmm-align-compiled.cc:127) AMI_ES2013d_H01_FEE050_0120183_0120210
LOG (gmm-align-compiled[5.4.105~1-4fda]:main():gmm-align-compiled.cc:127) AMI_ES2013d_H01_FEE050_0127907_0127959
LOG (gmm-align-compiled[5.4.105~1-4fda]:main():gmm-align-compiled.cc:127) AMI_ES2013d_H01_FEE050_0148887_0149097
LOG (gmm-align-compiled[5.4.105~1-4fda]:main():gmm-align-compiled.cc:127) AMI_ES2013d_H01_FEE050_0154112_0154179
LOG (gmm-align-compiled[5.4.105~1-4fda]:main():gmm-align-compiled.cc:127) AMI_ES2013d_H01_FEE050_0160092_0160145
LOG (gmm-align-compiled[5.4.105~1-4fda]:main():gmm-align-compiled.cc:127) AMI_ES2013d_H01_FEE050_0172493_0172568
LOG (gmm-align-compiled[5.4.105~1-4fda]:main():gmm-align-compiled.cc:127) AMI_ES2013d_H01_FEE050_0184416_0184450
LOG (gmm-align-compiled[5.4.105~1-4fda]:main():gmm-align-compiled.cc:127) AMI_ES2013d_H02_FEE051_0034752_0034817
LOG (gmm-align-compiled[5.4.105~1-4fda]:main():gmm-align-compiled.cc:127) AMI_ES2013d_H02_FEE051_0038117_0038494
LOG (gmm-align-compiled[5.4.105~1-4fda]:main():gmm-align-compiled.cc:127) AMI_ES2013d_H02_FEE051_0045463_0046487
LOG (gmm-align-compiled[5.4.105~1-4fda]:main():gmm-align-compiled.cc:127) AMI_ES2013d_H02_FEE051_0050031_0050706
LOG (gmm-align-compiled[5.4.105~1-4fda]:main():gmm-align-compiled.cc:127) AMI_ES2013d_H02_FEE051_0060582_0061411
LOG (gmm-align-compiled[5.4.105~1-4fda]:main():gmm-align-compiled.cc:127) AMI_ES2013d_H02_FEE051_0064664_0064821
LOG (gmm-align-compiled[5.4.105~1-4fda]:main():gmm-align-compiled.cc:127) AMI_ES2013d_H02_FEE051_0070498_0071070
LOG (gmm-align-compiled[5.4.105~1-4fda]:main():gmm-align-compiled.cc:127) AMI_ES2013d_H02_FEE051_0073825_0074634
WARNING (gmm-align-compiled[5.4.105~1-4fda]:AlignUtteranceWrapper():decoder-wrappers.cc:468) Retrying utterance AMI_ES2013d_H02_FEE051_0073825_0074634 with beam 40
LOG (gmm-align-compiled[5.4.105~1-4fda]:main():gmm-align-compiled.cc:127) AMI_ES2013d_H02_FEE051_0096832_0097048
LOG (gmm-align-compiled[5.4.105~1-4fda]:main():gmm-align-compiled.cc:127) AMI_ES2013d_H02_FEE051_0108646_0108899
LOG (gmm-align-compiled[5.4.105~1-4fda]:main():gmm-align-compiled.cc:127) AMI_ES2013d_H02_FEE051_0117820_0118003
WARNING (gmm-align-compiled[5.4.105~1-4fda]:AlignUtteranceWrapper():decoder-wrappers.cc:468) Retrying utterance AMI_ES2013d_H02_FEE051_0117820_0118003 with beam 40
LOG (gmm-align-compiled[5.4.105~1-4fda]:main():gmm-align-compiled.cc:127) AMI_ES2013d_H02_FEE051_0121733_0121753
LOG (gmm-align-compiled[5.4.105~1-4fda]:main():gmm-align-compiled.cc:127) AMI_ES2013d_H02_FEE051_0128265_0128410
LOG (gmm-align-compiled[5.4.105~1-4fda]:main():gmm-align-compiled.cc:127) AMI_ES2013d_H02_FEE051_0149671_0149785
LOG (gmm-align-compiled[5.4.105~1-4fda]:main():gmm-align-compiled.cc:127) AMI_ES2013d_H02_FEE051_0154277_0154301
LOG (gmm-align-compiled[5.4.105~1-4fda]:main():gmm-align-compiled.cc:127) AMI_ES2013d_H02_FEE051_0171739_0172048
LOG (gmm-align-compiled[5.4.105~1-4fda]:main():gmm-align-compiled.cc:127) AMI_ES2013d_H02_FEE051_0187012_0187156
LOG (gmm-align-compiled[5.4.105~1-4fda]:main():gmm-align-compiled.cc:127) AMI_ES2013d_H03_FEE052_0068704_0069164
LOG (gmm-align-compiled[5.4.105~1-4fda]:main():gmm-align-compiled.cc:127) AMI_ES2013d_H03_FEE052_0073252_0073823
LOG (gmm-align-compiled[5.4.105~1-4fda]:main():gmm-align-compiled.cc:127) AMI_ES2013d_H03_FEE052_0080692_0080875
LOG (gmm-align-compiled[5.4.105~1-4fda]:main():gmm-align-compiled.cc:127) AMI_ES2013d_H03_FEE052_0085286_0085979
LOG (gmm-align-compiled[5.4.105~1-4fda]:main():gmm-align-compiled.cc:127) AMI_ES2013d_H03_FEE052_0090186_0090555
LOG (gmm-align-compiled[5.4.105~1-4fda]:main():gmm-align-compiled.cc:127) AMI_ES2013d_H03_FEE052_0094013_0094086
LOG (gmm-align-compiled[5.4.105~1-4fda]:main():gmm-align-compiled.cc:127) AMI_ES2013d_H03_FEE052_0098459_0098855
LOG (gmm-align-compiled[5.4.105~1-4fda]:main():gmm-align-compiled.cc:127) AMI_ES2013d_H03_FEE052_0101436_0101731
LOG (gmm-align-compiled[5.4.105~1-4fda]:main():gmm-align-compiled.cc:127) AMI_ES2013d_H03_FEE052_0104958_0105001
LOG (gmm-align-compiled[5.4.105~1-4fda]:main():gmm-align-compiled.cc:127) AMI_ES2013d_H03_FEE052_0109999_0110157
LOG (gmm-align-compiled[5.4.105~1-4fda]:main():gmm-align-compiled.cc:127) AMI_ES2013d_H03_FEE052_0112110_0112208
LOG (gmm-align-compiled[5.4.105~1-4fda]:main():gmm-align-compiled.cc:127) AMI_ES2013d_H03_FEE052_0115597_0115858
LOG (gmm-align-compiled[5.4.105~1-4fda]:main():gmm-align-compiled.cc:127) AMI_ES2013d_H03_FEE052_0118441_0118478
LOG (gmm-align-compiled[5.4.105~1-4fda]:main():gmm-align-compiled.cc:127) AMI_ES2013d_H03_FEE052_0121782_0121933
LOG (gmm-align-compiled[5.4.105~1-4fda]:main():gmm-align-compiled.cc:127) AMI_ES2013d_H03_FEE052_0130025_0130058
LOG (gmm-align-compiled[5.4.105~1-4fda]:main():gmm-align-compiled.cc:127) AMI_ES2013d_H03_FEE052_0136037_0136779
LOG (gmm-align-compiled[5.4.105~1-4fda]:main():gmm-align-compiled.cc:127) AMI_ES2013d_H03_FEE052_0175180_0175918
WARNING (gmm-align-compiled[5.4.105~1-4fda]:AlignUtteranceWrapper():decoder-wrappers.cc:468) Retrying utterance AMI_ES2013d_H03_FEE052_0175180_0175918 with beam 40
LOG (gmm-align-compiled[5.4.105~1-4fda]:main():gmm-align-compiled.cc:127) AMI_ES2013d_H03_FEE052_0182308_0182896
LOG (gmm-align-compiled[5.4.105~1-4fda]:main():gmm-align-compiled.cc:127) AMI_ES2013d_H03_FEE052_0187428_0187533
LOG (gmm-align-compiled[5.4.105~1-4fda]:main():gmm-align-compiled.cc:127) AMI_ES2014a_H00_MEE053_0007142_0007212
LOG (gmm-align-compiled[5.4.105~1-4fda]:main():gmm-align-compiled.cc:127) AMI_ES2014a_H00_MEE053_0010264_0010424
LOG (gmm-align-compiled[5.4.105~1-4fda]:main():gmm-align-compiled.cc:127) AMI_ES2014a_H00_MEE053_0014043_0014265
LOG (gmm-align-compiled[5.4.105~1-4fda]:main():gmm-align-compiled.cc:127) AMI_ES2014a_H00_MEE053_0019027_0019708
LOG (gmm-align-compiled[5.4.105~1-4fda]:main():gmm-align-compiled.cc:127) AMI_ES2014a_H00_MEE053_0023928_0024221
LOG (gmm-align-compiled[5.4.105~1-4fda]:main():gmm-align-compiled.cc:127) AMI_ES2014a_H00_MEE053_0026804_0027412
LOG (gmm-align-compiled[5.4.105~1-4fda]:main():gmm-align-compiled.cc:127) AMI_ES2014a_H00_MEE053_0029908_0030070
LOG (gmm-align-compiled[5.4.105~1-4fda]:main():gmm-align-compiled.cc:127) AMI_ES2014a_H00_MEE053_0037645_0037699
LOG (gmm-align-compiled[5.4.105~1-4fda]:main():gmm-align-compiled.cc:127) AMI_ES2014a_H00_MEE053_0054899_0055227
LOG (gmm-align-compiled[5.4.105~1-4fda]:main():gmm-align-compiled.cc:127) AMI_ES2014a_H00_MEE053_0060147_0060299
LOG (gmm-align-compiled[5.4.105~1-4fda]:main():gmm-align-compiled.cc:127) AMI_ES2014a_H00_MEE053_0069693_0071003
LOG (gmm-align-compiled[5.4.105~1-4fda]:main():gmm-align-compiled.cc:127) AMI_ES2014a_H00_MEE053_0076583_0076969
LOG (gmm-align-compiled[5.4.105~1-4fda]:main():gmm-align-compiled.cc:127) AMI_ES2014a_H00_MEE053_0080308_0080360
LOG (gmm-align-compiled[5.4.105~1-4fda]:main():gmm-align-compiled.cc:127) AMI_ES2014a_H00_MEE053_0088736_0089062
LOG (gmm-align-compiled[5.4.105~1-4fda]:main():gmm-align-compiled.cc:127) AMI_ES2014a_H00_MEE053_0097453_0097560
LOG (gmm-align-compiled[5.4.105~1-4fda]:main():gmm-align-compiled.cc:127) AMI_ES2014a_H00_MEE053_0102716_0102821
LOG (gmm-align-compiled[5.4.105~1-4fda]:main():gmm-align-compiled.cc:127) AMI_ES2014a_H00_MEE053_0106564_0106876
LOG (gmm-align-compiled[5.4.105~1-4fda]:main():gmm-align-compiled.cc:127) AMI_ES2014a_H00_MEE053_0109039_0109913
LOG (gmm-align-compiled[5.4.105~1-4fda]:main():gmm-align-compiled.cc:127) AMI_ES2014a_H00_MEE053_0114391_0114652
LOG (gmm-align-compiled[5.4.105~1-4fda]:main():gmm-align-compiled.cc:127) AMI_ES2014a_H01_MEE054_0022386_0022415
LOG (gmm-align-compiled[5.4.105~1-4fda]:main():gmm-align-compiled.cc:127) AMI_ES2014a_H01_MEE054_0038668_0039026
LOG (gmm-align-compiled[5.4.105~1-4fda]:main():gmm-align-compiled.cc:127) AMI_ES2014a_H01_MEE054_0041329_0041370
LOG (gmm-align-compiled[5.4.105~1-4fda]:main():gmm-align-compiled.cc:127) AMI_ES2014a_H01_MEE054_0073344_0073404
LOG (gmm-align-compiled[5.4.105~1-4fda]:main():gmm-align-compiled.cc:127) AMI_ES2014a_H01_MEE054_0078908_0078944
LOG (gmm-align-compiled[5.4.105~1-4fda]:main():gmm-align-compiled.cc:127) AMI_ES2014a_H01_MEE054_0098872_0098922
LOG (gmm-align-compiled[5.4.105~1-4fda]:main():gmm-align-compiled.cc:127) AMI_ES2014a_H02_FEE055_0028872_0029025
LOG (gmm-align-compiled[5.4.105~1-4fda]:main():gmm-align-compiled.cc:127) AMI_ES2014a_H02_FEE055_0033608_0033731
WARNING (gmm-align-compiled[5.4.105~1-4fda]:AlignUtteranceWrapper():decoder-wrappers.cc:468) Retrying utterance AMI_ES2014a_H02_FEE055_0033608_0033731 with beam 40
LOG (gmm-align-compiled[5.4.105~1-4fda]:main():gmm-align-compiled.cc:127) AMI_ES2014a_H02_FEE055_0049625_0049810
LOG (gmm-align-compiled[5.4.105~1-4fda]:main():gmm-align-compiled.cc:127) AMI_ES2014a_H02_FEE055_0081087_0081288
LOG (gmm-align-compiled[5.4.105~1-4fda]:main():gmm-align-compiled.cc:127) AMI_ES2014a_H03_MEE056_0007613_0007640
LOG (gmm-align-compiled[5.4.105~1-4fda]:main():gmm-align-compiled.cc:127) AMI_ES2014a_H03_MEE056_0030102_0030198
LOG (gmm-align-compiled[5.4.105~1-4fda]:main():gmm-align-compiled.cc:127) AMI_ES2014a_H03_MEE056_0050276_0050331
LOG (gmm-align-compiled[5.4.105~1-4fda]:main():gmm-align-compiled.cc:127) AMI_ES2014a_H03_MEE056_0083939_0083952
LOG (gmm-align-compiled[5.4.105~1-4fda]:main():gmm-align-compiled.cc:127) AMI_ES2014a_H03_MEE056_0086859_0087987
LOG (gmm-align-compiled[5.4.105~1-4fda]:main():gmm-align-compiled.cc:127) AMI_ES2014a_H03_MEE056_0094334_0094366
LOG (gmm-align-compiled[5.4.105~1-4fda]:main():gmm-align-compiled.cc:127) AMI_ES2014a_H03_MEE056_0100314_0100432
LOG (gmm-align-compiled[5.4.105~1-4fda]:main():gmm-align-compiled.cc:127) AMI_ES2014a_H03_MEE056_0114340_0114483
LOG (gmm-align-compiled[5.4.105~1-4fda]:main():gmm-align-compiled.cc:127) AMI_ES2014b_H00_MEE053_0009193_0009228
LOG (gmm-align-compiled[5.4.105~1-4fda]:main():gmm-align-compiled.cc:127) AMI_ES2014b_H00_MEE053_0013479_0013616
LOG (gmm-align-compiled[5.4.105~1-4fda]:main():gmm-align-compiled.cc:127) AMI_ES2014b_H00_MEE053_0019239_0019772
LOG (gmm-align-compiled[5.4.105~1-4fda]:main():gmm-align-compiled.cc:127) AMI_ES2014b_H00_MEE053_0045499_0045802
LOG (gmm-align-compiled[5.4.105~1-4fda]:main():gmm-align-compiled.cc:127) AMI_ES2014b_H00_MEE053_0073066_0073869
LOG (gmm-align-compiled[5.4.105~1-4fda]:main():gmm-align-compiled.cc:127) AMI_ES2014b_H00_MEE053_0081072_0081233
LOG (gmm-align-compiled[5.4.105~1-4fda]:main():gmm-align-compiled.cc:127) AMI_ES2014b_H00_MEE053_0086641_0088146
LOG (gmm-align-compiled[5.4.105~1-4fda]:main():gmm-align-compiled.cc:127) AMI_ES2014b_H00_MEE053_0091416_0092286
LOG (gmm-align-compiled[5.4.105~1-4fda]:main():gmm-align-compiled.cc:127) AMI_ES2014b_H00_MEE053_0096226_0096259
LOG (gmm-align-compiled[5.4.105~1-4fda]:main():gmm-align-compiled.cc:127) AMI_ES2014b_H00_MEE053_0100027_0101385
LOG (gmm-align-compiled[5.4.105~1-4fda]:main():gmm-align-compiled.cc:127) AMI_ES2014b_H00_MEE053_0131485_0131674
LOG (gmm-align-compiled[5.4.105~1-4fda]:main():gmm-align-compiled.cc:127) AMI_ES2014b_H00_MEE053_0138367_0139182
LOG (gmm-align-compiled[5.4.105~1-4fda]:main():gmm-align-compiled.cc:127) AMI_ES2014b_H00_MEE053_0142864_0143157
LOG (gmm-align-compiled[5.4.105~1-4fda]:main():gmm-align-compiled.cc:127) AMI_ES2014b_H00_MEE053_0148011_0148766
WARNING (gmm-align-compiled[5.4.105~1-4fda]:AlignUtteranceWrapper():decoder-wrappers.cc:468) Retrying utterance AMI_ES2014b_H00_MEE053_0148011_0148766 with beam 40
LOG (gmm-align-compiled[5.4.105~1-4fda]:main():gmm-align-compiled.cc:127) AMI_ES2014b_H00_MEE053_0154292_0154474
LOG (gmm-align-compiled[5.4.105~1-4fda]:main():gmm-align-compiled.cc:127) AMI_ES2014b_H00_MEE053_0157489_0157887
LOG (gmm-align-compiled[5.4.105~1-4fda]:main():gmm-align-compiled.cc:127) AMI_ES2014b_H00_MEE053_0162347_0162623
LOG (gmm-align-compiled[5.4.105~1-4fda]:main():gmm-align-compiled.cc:127) AMI_ES2014b_H00_MEE053_0171396_0171499
LOG (gmm-align-compiled[5.4.105~1-4fda]:main():gmm-align-compiled.cc:127) AMI_ES2014b_H00_MEE053_0176409_0176934
LOG (gmm-align-compiled[5.4.105~1-4fda]:main():gmm-align-compiled.cc:127) AMI_ES2014b_H00_MEE053_0186774_0186810
LOG (gmm-align-compiled[5.4.105~1-4fda]:main():gmm-align-compiled.cc:127) AMI_ES2014b_H00_MEE053_0191586_0191641
LOG (gmm-align-compiled[5.4.105~1-4fda]:main():gmm-align-compiled.cc:127) AMI_ES2014b_H00_MEE053_0202021_0203157
LOG (gmm-align-compiled[5.4.105~1-4fda]:main():gmm-align-compiled.cc:127) AMI_ES2014b_H00_MEE053_0206936_0207071
LOG (gmm-align-compiled[5.4.105~1-4fda]:main():gmm-align-compiled.cc:127) AMI_ES2014b_H00_MEE053_0212784_0213279
LOG (gmm-align-compiled[5.4.105~1-4fda]:main():gmm-align-compiled.cc:127) AMI_ES2014b_H00_MEE053_0220571_0220667
LOG (gmm-align-compiled[5.4.105~1-4fda]:main():gmm-align-compiled.cc:127) AMI_ES2014b_H00_MEE053_0226483_0226511
LOG (gmm-align-compiled[5.4.105~1-4fda]:main():gmm-align-compiled.cc:127) AMI_ES2014b_H00_MEE053_0231671_0231731
LOG (gmm-align-compiled[5.4.105~1-4fda]:main():gmm-align-compiled.cc:127) AMI_ES2014b_H01_MEE054_0020433_0020841
WARNING (gmm-align-compiled[5.4.105~1-4fda]:AlignUtteranceWrapper():decoder-wrappers.cc:468) Retrying utterance AMI_ES2014b_H01_MEE054_0020433_0020841 with beam 40
LOG (gmm-align-compiled[5.4.105~1-4fda]:main():gmm-align-compiled.cc:127) AMI_ES2014b_H01_MEE054_0027817_0027961
LOG (gmm-align-compiled[5.4.105~1-4fda]:main():gmm-align-compiled.cc:127) AMI_ES2014b_H01_MEE054_0034189_0034595
LOG (gmm-align-compiled[5.4.105~1-4fda]:main():gmm-align-compiled.cc:127) AMI_ES2014b_H01_MEE054_0039611_0040146
LOG (gmm-align-compiled[5.4.105~1-4fda]:main():gmm-align-compiled.cc:127) AMI_ES2014b_H01_MEE054_0046618_0047436
WARNING (gmm-align-compiled[5.4.105~1-4fda]:AlignUtteranceWrapper():decoder-wrappers.cc:468) Retrying utterance AMI_ES2014b_H01_MEE054_0046618_0047436 with beam 40
LOG (gmm-align-compiled[5.4.105~1-4fda]:main():gmm-align-compiled.cc:127) AMI_ES2014b_H01_MEE054_0049674_0050320
WARNING (gmm-align-compiled[5.4.105~1-4fda]:AlignUtteranceWrapper():decoder-wrappers.cc:468) Retrying utterance AMI_ES2014b_H01_MEE054_0049674_0050320 with beam 40
LOG (gmm-align-compiled[5.4.105~1-4fda]:main():gmm-align-compiled.cc:127) AMI_ES2014b_H01_MEE054_0053764_0053980
LOG (gmm-align-compiled[5.4.105~1-4fda]:main():gmm-align-compiled.cc:127) AMI_ES2014b_H01_MEE054_0056349_0056423
LOG (gmm-align-compiled[5.4.105~1-4fda]:main():gmm-align-compiled.cc:127) AMI_ES2014b_H01_MEE054_0059188_0059374
LOG (gmm-align-compiled[5.4.105~1-4fda]:main():gmm-align-compiled.cc:127) AMI_ES2014b_H01_MEE054_0083383_0083836
LOG (gmm-align-compiled[5.4.105~1-4fda]:main():gmm-align-compiled.cc:127) AMI_ES2014b_H01_MEE054_0097149_0097185
LOG (gmm-align-compiled[5.4.105~1-4fda]:main():gmm-align-compiled.cc:127) AMI_ES2014b_H01_MEE054_0101235_0101256
LOG (gmm-align-compiled[5.4.105~1-4fda]:main():gmm-align-compiled.cc:127) AMI_ES2014b_H01_MEE054_0134037_0134261
LOG (gmm-align-compiled[5.4.105~1-4fda]:main():gmm-align-compiled.cc:127) AMI_ES2014b_H01_MEE054_0137824_0138294
WARNING (gmm-align-compiled[5.4.105~1-4fda]:AlignUtteranceWrapper():decoder-wrappers.cc:468) Retrying utterance AMI_ES2014b_H01_MEE054_0137824_0138294 with beam 40
LOG (gmm-align-compiled[5.4.105~1-4fda]:main():gmm-align-compiled.cc:127) AMI_ES2014b_H01_MEE054_0145981_0145998
LOG (gmm-align-compiled[5.4.105~1-4fda]:main():gmm-align-compiled.cc:127) AMI_ES2014b_H01_MEE054_0157333_0157350
LOG (gmm-align-compiled[5.4.105~1-4fda]:main():gmm-align-compiled.cc:127) AMI_ES2014b_H01_MEE054_0180474_0181340
WARNING (gmm-align-compiled[5.4.105~1-4fda]:AlignUtteranceWrapper():decoder-wrappers.cc:468) Retrying utterance AMI_ES2014b_H01_MEE054_0180474_0181340 with beam 40
LOG (gmm-align-compiled[5.4.105~1-4fda]:main():gmm-align-compiled.cc:127) AMI_ES2014b_H01_MEE054_0185633_0186053
WARNING (gmm-align-compiled[5.4.105~1-4fda]:AlignUtteranceWrapper():decoder-wrappers.cc:468) Retrying utterance AMI_ES2014b_H01_MEE054_0185633_0186053 with beam 40
LOG (gmm-align-compiled[5.4.105~1-4fda]:main():gmm-align-compiled.cc:127) AMI_ES2014b_H01_MEE054_0189013_0189041
LOG (gmm-align-compiled[5.4.105~1-4fda]:main():gmm-align-compiled.cc:127) AMI_ES2014b_H01_MEE054_0201661_0201709
LOG (gmm-align-compiled[5.4.105~1-4fda]:main():gmm-align-compiled.cc:127) AMI_ES2014b_H01_MEE054_0207094_0207270
WARNING (gmm-align-compiled[5.4.105~1-4fda]:AlignUtteranceWrapper():decoder-wrappers.cc:468) Retrying utterance AMI_ES2014b_H01_MEE054_0207094_0207270 with beam 40
LOG (gmm-align-compiled[5.4.105~1-4fda]:main():gmm-align-compiled.cc:127) AMI_ES2014b_H01_MEE054_0212308_0212515
WARNING (gmm-align-compiled[5.4.105~1-4fda]:AlignUtteranceWrapper():decoder-wrappers.cc:468) Retrying utterance AMI_ES2014b_H01_MEE054_0212308_0212515 with beam 40
LOG (gmm-align-compiled[5.4.105~1-4fda]:main():gmm-align-compiled.cc:127) AMI_ES2014b_H01_MEE054_0217511_0217627
LOG (gmm-align-compiled[5.4.105~1-4fda]:main():gmm-align-compiled.cc:127) AMI_ES2014b_H01_MEE054_0224767_0225000
LOG (gmm-align-compiled[5.4.105~1-4fda]:main():gmm-align-compiled.cc:127) AMI_ES2014b_H01_MEE054_0228876_0228917
LOG (gmm-align-compiled[5.4.105~1-4fda]:main():gmm-align-compiled.cc:127) AMI_ES2014b_H02_FEE055_0025255_0025497
LOG (gmm-align-compiled[5.4.105~1-4fda]:main():gmm-align-compiled.cc:127) AMI_ES2014b_H02_FEE055_0065941_0066610
LOG (gmm-align-compiled[5.4.105~1-4fda]:main():gmm-align-compiled.cc:127) AMI_ES2014b_H02_FEE055_0069885_0070272
LOG (gmm-align-compiled[5.4.105~1-4fda]:main():gmm-align-compiled.cc:127) AMI_ES2014b_H02_FEE055_0074840_0074982
LOG (gmm-align-compiled[5.4.105~1-4fda]:main():gmm-align-compiled.cc:127) AMI_ES2014b_H02_FEE055_0081010_0081312
LOG (gmm-align-compiled[5.4.105~1-4fda]:main():gmm-align-compiled.cc:127) AMI_ES2014b_H02_FEE055_0093326_0093428
LOG (gmm-align-compiled[5.4.105~1-4fda]:main():gmm-align-compiled.cc:127) AMI_ES2014b_H02_FEE055_0095483_0095655
LOG (gmm-align-compiled[5.4.105~1-4fda]:main():gmm-align-compiled.cc:127) AMI_ES2014b_H02_FEE055_0137417_0137587
WARNING (gmm-align-compiled[5.4.105~1-4fda]:AlignUtteranceWrapper():decoder-wrappers.cc:468) Retrying utterance AMI_ES2014b_H02_FEE055_0137417_0137587 with beam 40
LOG (gmm-align-compiled[5.4.105~1-4fda]:main():gmm-align-compiled.cc:127) AMI_ES2014b_H02_FEE055_0180981_0181166
LOG (gmm-align-compiled[5.4.105~1-4fda]:main():gmm-align-compiled.cc:127) AMI_ES2014b_H02_FEE055_0199495_0199838
WARNING (gmm-align-compiled[5.4.105~1-4fda]:AlignUtteranceWrapper():decoder-wrappers.cc:468) Retrying utterance AMI_ES2014b_H02_FEE055_0199495_0199838 with beam 40
LOG (gmm-align-compiled[5.4.105~1-4fda]:main():gmm-align-compiled.cc:127) AMI_ES2014b_H02_FEE055_0206264_0206306
LOG (gmm-align-compiled[5.4.105~1-4fda]:main():gmm-align-compiled.cc:127) AMI_ES2014b_H02_FEE055_0211351_0211500
LOG (gmm-align-compiled[5.4.105~1-4fda]:main():gmm-align-compiled.cc:127) AMI_ES2014b_H02_FEE055_0214946_0214963
LOG (gmm-align-compiled[5.4.105~1-4fda]:main():gmm-align-compiled.cc:127) AMI_ES2014b_H02_FEE055_0222298_0222392
WARNING (gmm-align-compiled[5.4.105~1-4fda]:AlignUtteranceWrapper():decoder-wrappers.cc:468) Retrying utterance AMI_ES2014b_H02_FEE055_0222298_0222392 with beam 40
LOG (gmm-align-compiled[5.4.105~1-4fda]:main():gmm-align-compiled.cc:127) AMI_ES2014b_H02_FEE055_0228884_0229142
LOG (gmm-align-compiled[5.4.105~1-4fda]:main():gmm-align-compiled.cc:127) AMI_ES2014b_H03_MEE056_0082131_0082161
LOG (gmm-align-compiled[5.4.105~1-4fda]:main():gmm-align-compiled.cc:127) AMI_ES2014b_H03_MEE056_0101967_0102043
LOG (gmm-align-compiled[5.4.105~1-4fda]:main():gmm-align-compiled.cc:127) AMI_ES2014b_H03_MEE056_0109791_0109906
LOG (gmm-align-compiled[5.4.105~1-4fda]:main():gmm-align-compiled.cc:127) AMI_ES2014b_H03_MEE056_0115029_0116121
LOG (gmm-align-compiled[5.4.105~1-4fda]:main():gmm-align-compiled.cc:127) AMI_ES2014b_H03_MEE056_0119744_0120093
LOG (gmm-align-compiled[5.4.105~1-4fda]:main():gmm-align-compiled.cc:127) AMI_ES2014b_H03_MEE056_0124463_0124965
WARNING (gmm-align-compiled[5.4.105~1-4fda]:AlignUtteranceWrapper():decoder-wrappers.cc:468) Retrying utterance AMI_ES2014b_H03_MEE056_0124463_0124965 with beam 40
LOG (gmm-align-compiled[5.4.105~1-4fda]:main():gmm-align-compiled.cc:127) AMI_ES2014b_H03_MEE056_0128725_0129360
LOG (gmm-align-compiled[5.4.105~1-4fda]:main():gmm-align-compiled.cc:127) AMI_ES2014b_H03_MEE056_0132002_0132120
LOG (gmm-align-compiled[5.4.105~1-4fda]:main():gmm-align-compiled.cc:127) AMI_ES2014b_H03_MEE056_0141543_0141569
LOG (gmm-align-compiled[5.4.105~1-4fda]:main():gmm-align-compiled.cc:127) AMI_ES2014b_H03_MEE056_0148704_0148728
LOG (gmm-align-compiled[5.4.105~1-4fda]:main():gmm-align-compiled.cc:127) AMI_ES2014b_H03_MEE056_0161319_0161344
LOG (gmm-align-compiled[5.4.105~1-4fda]:main():gmm-align-compiled.cc:127) AMI_ES2014b_H03_MEE056_0169055_0169076
LOG (gmm-align-compiled[5.4.105~1-4fda]:main():gmm-align-compiled.cc:127) AMI_ES2014b_H03_MEE056_0176688_0176977
LOG (gmm-align-compiled[5.4.105~1-4fda]:main():gmm-align-compiled.cc:127) AMI_ES2014b_H03_MEE056_0181955_0182297
LOG (gmm-align-compiled[5.4.105~1-4fda]:main():gmm-align-compiled.cc:127) AMI_ES2014b_H03_MEE056_0189679_0189710
LOG (gmm-align-compiled[5.4.105~1-4fda]:main():gmm-align-compiled.cc:127) AMI_ES2014b_H03_MEE056_0194766_0194783
LOG (gmm-align-compiled[5.4.105~1-4fda]:main():gmm-align-compiled.cc:127) AMI_ES2014b_H03_MEE056_0200172_0200195
LOG (gmm-align-compiled[5.4.105~1-4fda]:main():gmm-align-compiled.cc:127) AMI_ES2014b_H03_MEE056_0205863_0206426
LOG (gmm-align-compiled[5.4.105~1-4fda]:main():gmm-align-compiled.cc:127) AMI_ES2014b_H03_MEE056_0212521_0212553
LOG (gmm-align-compiled[5.4.105~1-4fda]:main():gmm-align-compiled.cc:127) AMI_ES2014b_H03_MEE056_0217310_0217394
LOG (gmm-align-compiled[5.4.105~1-4fda]:main():gmm-align-compiled.cc:127) AMI_ES2014b_H03_MEE056_0222879_0223053
WARNING (gmm-align-compiled[5.4.105~1-4fda]:AlignUtteranceWrapper():decoder-wrappers.cc:468) Retrying utterance AMI_ES2014b_H03_MEE056_0222879_0223053 with beam 40
LOG (gmm-align-compiled[5.4.105~1-4fda]:main():gmm-align-compiled.cc:127) AMI_ES2014b_H03_MEE056_0230096_0230110
LOG (gmm-align-compiled[5.4.105~1-4fda]:main():gmm-align-compiled.cc:127) AMI_ES2014c_H00_MEE053_0013578_0014184
LOG (gmm-align-compiled[5.4.105~1-4fda]:main():gmm-align-compiled.cc:127) AMI_ES2014c_H00_MEE053_0021985_0022038
LOG (gmm-align-compiled[5.4.105~1-4fda]:main():gmm-align-compiled.cc:127) AMI_ES2014c_H00_MEE053_0039965_0040016
LOG (gmm-align-compiled[5.4.105~1-4fda]:main():gmm-align-compiled.cc:127) AMI_ES2014c_H00_MEE053_0055749_0056824
LOG (gmm-align-compiled[5.4.105~1-4fda]:main():gmm-align-compiled.cc:127) AMI_ES2014c_H00_MEE053_0062723_0062977
LOG (gmm-align-compiled[5.4.105~1-4fda]:main():gmm-align-compiled.cc:127) AMI_ES2014c_H00_MEE053_0067464_0067572
LOG (gmm-align-compiled[5.4.105~1-4fda]:main():gmm-align-compiled.cc:127) AMI_ES2014c_H00_MEE053_0073269_0073375
LOG (gmm-align-compiled[5.4.105~1-4fda]:main():gmm-align-compiled.cc:127) AMI_ES2014c_H00_MEE053_0078806_0078879
LOG (gmm-align-compiled[5.4.105~1-4fda]:main():gmm-align-compiled.cc:127) AMI_ES2014c_H00_MEE053_0082579_0082756
LOG (gmm-align-compiled[5.4.105~1-4fda]:main():gmm-align-compiled.cc:127) AMI_ES2014c_H00_MEE053_0087055_0087186
LOG (gmm-align-compiled[5.4.105~1-4fda]:main():gmm-align-compiled.cc:127) AMI_ES2014c_H00_MEE053_0092173_0092263
LOG (gmm-align-compiled[5.4.105~1-4fda]:main():gmm-align-compiled.cc:127) AMI_ES2014c_H00_MEE053_0107595_0108117
LOG (gmm-align-compiled[5.4.105~1-4fda]:main():gmm-align-compiled.cc:127) AMI_ES2014c_H00_MEE053_0112908_0112961
LOG (gmm-align-compiled[5.4.105~1-4fda]:main():gmm-align-compiled.cc:127) AMI_ES2014c_H00_MEE053_0118780_0118964
LOG (gmm-align-compiled[5.4.105~1-4fda]:main():gmm-align-compiled.cc:127) AMI_ES2014c_H00_MEE053_0125847_0125898
LOG (gmm-align-compiled[5.4.105~1-4fda]:main():gmm-align-compiled.cc:127) AMI_ES2014c_H00_MEE053_0133415_0133459
LOG (gmm-align-compiled[5.4.105~1-4fda]:main():gmm-align-compiled.cc:127) AMI_ES2014c_H00_MEE053_0159695_0159737
LOG (gmm-align-compiled[5.4.105~1-4fda]:main():gmm-align-compiled.cc:127) AMI_ES2014c_H00_MEE053_0163748_0163787
LOG (gmm-align-compiled[5.4.105~1-4fda]:main():gmm-align-compiled.cc:127) AMI_ES2014c_H00_MEE053_0169830_0170789
WARNING (gmm-align-compiled[5.4.105~1-4fda]:AlignUtteranceWrapper():decoder-wrappers.cc:468) Retrying utterance AMI_ES2014c_H00_MEE053_0169830_0170789 with beam 40
LOG (gmm-align-compiled[5.4.105~1-4fda]:main():gmm-align-compiled.cc:127) AMI_ES2014c_H00_MEE053_0176637_0177210
WARNING (gmm-align-compiled[5.4.105~1-4fda]:AlignUtteranceWrapper():decoder-wrappers.cc:468) Retrying utterance AMI_ES2014c_H00_MEE053_0176637_0177210 with beam 40
LOG (gmm-align-compiled[5.4.105~1-4fda]:main():gmm-align-compiled.cc:127) AMI_ES2014c_H00_MEE053_0181249_0181680
LOG (gmm-align-compiled[5.4.105~1-4fda]:main():gmm-align-compiled.cc:127) AMI_ES2014c_H00_MEE053_0185078_0185619
LOG (gmm-align-compiled[5.4.105~1-4fda]:main():gmm-align-compiled.cc:127) AMI_ES2014c_H00_MEE053_0193928_0195249
LOG (gmm-align-compiled[5.4.105~1-4fda]:main():gmm-align-compiled.cc:127) AMI_ES2014c_H00_MEE053_0211204_0211389
LOG (gmm-align-compiled[5.4.105~1-4fda]:main():gmm-align-compiled.cc:127) AMI_ES2014c_H00_MEE053_0216101_0216453
LOG (gmm-align-compiled[5.4.105~1-4fda]:main():gmm-align-compiled.cc:127) AMI_ES2014c_H00_MEE053_0222725_0222848
LOG (gmm-align-compiled[5.4.105~1-4fda]:main():gmm-align-compiled.cc:127) AMI_ES2014c_H00_MEE053_0227261_0227336
LOG (gmm-align-compiled[5.4.105~1-4fda]:main():gmm-align-compiled.cc:127) AMI_ES2014c_H01_MEE054_0030677_0031181
LOG (gmm-align-compiled[5.4.105~1-4fda]:main():gmm-align-compiled.cc:127) AMI_ES2014c_H01_MEE054_0033540_0034201
LOG (gmm-align-compiled[5.4.105~1-4fda]:main():gmm-align-compiled.cc:127) AMI_ES2014c_H01_MEE054_0037704_0038324
LOG (gmm-align-compiled[5.4.105~1-4fda]:main():gmm-align-compiled.cc:127) AMI_ES2014c_H01_MEE054_0044641_0044945
LOG (gmm-align-compiled[5.4.105~1-4fda]:main():gmm-align-compiled.cc:127) AMI_ES2014c_H01_MEE054_0048110_0049266
LOG (gmm-align-compiled[5.4.105~1-4fda]:main():gmm-align-compiled.cc:127) AMI_ES2014c_H01_MEE054_0054315_0054575
LOG (gmm-align-compiled[5.4.105~1-4fda]:main():gmm-align-compiled.cc:127) AMI_ES2014c_H01_MEE054_0057389_0057429
LOG (gmm-align-compiled[5.4.105~1-4fda]:main():gmm-align-compiled.cc:127) AMI_ES2014c_H01_MEE054_0062284_0062704
LOG (gmm-align-compiled[5.4.105~1-4fda]:main():gmm-align-compiled.cc:127) AMI_ES2014c_H01_MEE054_0065522_0066028
WARNING (gmm-align-compiled[5.4.105~1-4fda]:AlignUtteranceWrapper():decoder-wrappers.cc:468) Retrying utterance AMI_ES2014c_H01_MEE054_0065522_0066028 with beam 40
LOG (gmm-align-compiled[5.4.105~1-4fda]:main():gmm-align-compiled.cc:127) AMI_ES2014c_H01_MEE054_0071630_0071925
LOG (gmm-align-compiled[5.4.105~1-4fda]:main():gmm-align-compiled.cc:127) AMI_ES2014c_H01_MEE054_0079794_0080245
WARNING (gmm-align-compiled[5.4.105~1-4fda]:AlignUtteranceWrapper():decoder-wrappers.cc:468) Retrying utterance AMI_ES2014c_H01_MEE054_0079794_0080245 with beam 40
LOG (gmm-align-compiled[5.4.105~1-4fda]:main():gmm-align-compiled.cc:127) AMI_ES2014c_H01_MEE054_0083470_0084015
LOG (gmm-align-compiled[5.4.105~1-4fda]:main():gmm-align-compiled.cc:127) AMI_ES2014c_H01_MEE054_0087672_0087923
LOG (gmm-align-compiled[5.4.105~1-4fda]:main():gmm-align-compiled.cc:127) AMI_ES2014c_H01_MEE054_0102500_0102583
LOG (gmm-align-compiled[5.4.105~1-4fda]:main():gmm-align-compiled.cc:127) AMI_ES2014c_H01_MEE054_0114688_0114828
LOG (gmm-align-compiled[5.4.105~1-4fda]:main():gmm-align-compiled.cc:127) AMI_ES2014c_H01_MEE054_0127710_0127722
LOG (gmm-align-compiled[5.4.105~1-4fda]:main():gmm-align-compiled.cc:127) AMI_ES2014c_H01_MEE054_0130640_0130832
LOG (gmm-align-compiled[5.4.105~1-4fda]:main():gmm-align-compiled.cc:127) AMI_ES2014c_H01_MEE054_0159328_0159613
LOG (gmm-align-compiled[5.4.105~1-4fda]:main():gmm-align-compiled.cc:127) AMI_ES2014c_H01_MEE054_0171954_0172102
LOG (gmm-align-compiled[5.4.105~1-4fda]:main():gmm-align-compiled.cc:127) AMI_ES2014c_H01_MEE054_0178194_0178352
LOG (gmm-align-compiled[5.4.105~1-4fda]:main():gmm-align-compiled.cc:127) AMI_ES2014c_H01_MEE054_0189075_0189447
LOG (gmm-align-compiled[5.4.105~1-4fda]:main():gmm-align-compiled.cc:127) AMI_ES2014c_H01_MEE054_0196914_0196927
LOG (gmm-align-compiled[5.4.105~1-4fda]:main():gmm-align-compiled.cc:127) AMI_ES2014c_H01_MEE054_0207061_0207133
LOG (gmm-align-compiled[5.4.105~1-4fda]:main():gmm-align-compiled.cc:127) AMI_ES2014c_H01_MEE054_0210723_0210744
LOG (gmm-align-compiled[5.4.105~1-4fda]:main():gmm-align-compiled.cc:127) AMI_ES2014c_H01_MEE054_0219079_0219156
LOG (gmm-align-compiled[5.4.105~1-4fda]:main():gmm-align-compiled.cc:127) AMI_ES2014c_H02_FEE055_0060216_0060370
LOG (gmm-align-compiled[5.4.105~1-4fda]:main():gmm-align-compiled.cc:127) AMI_ES2014c_H02_FEE055_0076395_0076873
LOG (gmm-align-compiled[5.4.105~1-4fda]:main():gmm-align-compiled.cc:127) AMI_ES2014c_H02_FEE055_0079321_0079609
WARNING (gmm-align-compiled[5.4.105~1-4fda]:AlignUtteranceWrapper():decoder-wrappers.cc:468) Retrying utterance AMI_ES2014c_H02_FEE055_0079321_0079609 with beam 40
LOG (gmm-align-compiled[5.4.105~1-4fda]:main():gmm-align-compiled.cc:127) AMI_ES2014c_H02_FEE055_0089463_0089659
LOG (gmm-align-compiled[5.4.105~1-4fda]:main():gmm-align-compiled.cc:127) AMI_ES2014c_H02_FEE055_0095294_0095736
LOG (gmm-align-compiled[5.4.105~1-4fda]:main():gmm-align-compiled.cc:127) AMI_ES2014c_H02_FEE055_0098100_0098370
LOG (gmm-align-compiled[5.4.105~1-4fda]:main():gmm-align-compiled.cc:127) AMI_ES2014c_H02_FEE055_0102054_0102829
LOG (gmm-align-compiled[5.4.105~1-4fda]:main():gmm-align-compiled.cc:127) AMI_ES2014c_H02_FEE055_0112489_0113301
LOG (gmm-align-compiled[5.4.105~1-4fda]:main():gmm-align-compiled.cc:127) AMI_ES2014c_H02_FEE055_0117675_0117851
LOG (gmm-align-compiled[5.4.105~1-4fda]:main():gmm-align-compiled.cc:127) AMI_ES2014c_H02_FEE055_0123164_0123313
LOG (gmm-align-compiled[5.4.105~1-4fda]:main():gmm-align-compiled.cc:127) AMI_ES2014c_H02_FEE055_0126272_0126741
WARNING (gmm-align-compiled[5.4.105~1-4fda]:AlignUtteranceWrapper():decoder-wrappers.cc:468) Retrying utterance AMI_ES2014c_H02_FEE055_0126272_0126741 with beam 40
LOG (gmm-align-compiled[5.4.105~1-4fda]:main():gmm-align-compiled.cc:127) AMI_ES2014c_H02_FEE055_0151237_0151687
LOG (gmm-align-compiled[5.4.105~1-4fda]:main():gmm-align-compiled.cc:127) AMI_ES2014c_H02_FEE055_0159703_0160314
WARNING (gmm-align-compiled[5.4.105~1-4fda]:AlignUtteranceWrapper():decoder-wrappers.cc:468) Retrying utterance AMI_ES2014c_H02_FEE055_0159703_0160314 with beam 40
LOG (gmm-align-compiled[5.4.105~1-4fda]:main():gmm-align-compiled.cc:127) AMI_ES2014c_H02_FEE055_0176150_0176660
LOG (gmm-align-compiled[5.4.105~1-4fda]:main():gmm-align-compiled.cc:127) AMI_ES2014c_H02_FEE055_0186898_0187286
WARNING (gmm-align-compiled[5.4.105~1-4fda]:AlignUtteranceWrapper():decoder-wrappers.cc:468) Retrying utterance AMI_ES2014c_H02_FEE055_0186898_0187286 with beam 40
LOG (gmm-align-compiled[5.4.105~1-4fda]:main():gmm-align-compiled.cc:127) AMI_ES2014c_H02_FEE055_0198516_0198766
LOG (gmm-align-compiled[5.4.105~1-4fda]:main():gmm-align-compiled.cc:127) AMI_ES2014c_H02_FEE055_0200323_0200450
LOG (gmm-align-compiled[5.4.105~1-4fda]:main():gmm-align-compiled.cc:127) AMI_ES2014c_H02_FEE055_0207798_0207851
LOG (gmm-align-compiled[5.4.105~1-4fda]:main():gmm-align-compiled.cc:127) AMI_ES2014c_H02_FEE055_0213151_0213317
LOG (gmm-align-compiled[5.4.105~1-4fda]:main():gmm-align-compiled.cc:127) AMI_ES2014c_H02_FEE055_0217239_0217287
LOG (gmm-align-compiled[5.4.105~1-4fda]:main():gmm-align-compiled.cc:127) AMI_ES2014c_H02_FEE055_0221546_0221777
LOG (gmm-align-compiled[5.4.105~1-4fda]:main():gmm-align-compiled.cc:127) AMI_ES2014c_H03_MEE056_0055627_0055652
LOG (gmm-align-compiled[5.4.105~1-4fda]:main():gmm-align-compiled.cc:127) AMI_ES2014c_H03_MEE056_0082616_0082635
LOG (gmm-align-compiled[5.4.105~1-4fda]:main():gmm-align-compiled.cc:127) AMI_ES2014c_H03_MEE056_0090812_0090843
LOG (gmm-align-compiled[5.4.105~1-4fda]:main():gmm-align-compiled.cc:127) AMI_ES2014c_H03_MEE056_0130699_0130721
LOG (gmm-align-compiled[5.4.105~1-4fda]:main():gmm-align-compiled.cc:127) AMI_ES2014c_H03_MEE056_0136908_0137473
WARNING (gmm-align-compiled[5.4.105~1-4fda]:AlignUtteranceWrapper():decoder-wrappers.cc:468) Retrying utterance AMI_ES2014c_H03_MEE056_0136908_0137473 with beam 40
LOG (gmm-align-compiled[5.4.105~1-4fda]:main():gmm-align-compiled.cc:127) AMI_ES2014c_H03_MEE056_0141351_0142542
LOG (gmm-align-compiled[5.4.105~1-4fda]:main():gmm-align-compiled.cc:127) AMI_ES2014c_H03_MEE056_0145773_0146350
LOG (gmm-align-compiled[5.4.105~1-4fda]:main():gmm-align-compiled.cc:127) AMI_ES2014c_H03_MEE056_0149989_0150442
LOG (gmm-align-compiled[5.4.105~1-4fda]:main():gmm-align-compiled.cc:127) AMI_ES2014c_H03_MEE056_0160372_0160404
LOG (gmm-align-compiled[5.4.105~1-4fda]:main():gmm-align-compiled.cc:127) AMI_ES2014c_H03_MEE056_0168404_0168437
LOG (gmm-align-compiled[5.4.105~1-4fda]:main():gmm-align-compiled.cc:127) AMI_ES2014c_H03_MEE056_0177351_0177393
LOG (gmm-align-compiled[5.4.105~1-4fda]:main():gmm-align-compiled.cc:127) AMI_ES2014c_H03_MEE056_0186704_0186734
LOG (gmm-align-compiled[5.4.105~1-4fda]:main():gmm-align-compiled.cc:127) AMI_ES2014c_H03_MEE056_0189644_0189682
LOG (gmm-align-compiled[5.4.105~1-4fda]:main():gmm-align-compiled.cc:127) AMI_ES2014c_H03_MEE056_0192346_0192512
LOG (gmm-align-compiled[5.4.105~1-4fda]:main():gmm-align-compiled.cc:127) AMI_ES2014c_H03_MEE056_0198758_0198826
LOG (gmm-align-compiled[5.4.105~1-4fda]:main():gmm-align-compiled.cc:127) AMI_ES2014c_H03_MEE056_0210402_0210452
LOG (gmm-align-compiled[5.4.105~1-4fda]:main():gmm-align-compiled.cc:127) AMI_ES2014c_H03_MEE056_0214046_0214182
LOG (gmm-align-compiled[5.4.105~1-4fda]:main():gmm-align-compiled.cc:127) AMI_ES2014c_H03_MEE056_0216869_0217310
LOG (gmm-align-compiled[5.4.105~1-4fda]:main():gmm-align-compiled.cc:127) AMI_ES2014c_H03_MEE056_0220988_0221032
LOG (gmm-align-compiled[5.4.105~1-4fda]:main():gmm-align-compiled.cc:127) AMI_ES2014d_H00_MEE053_0007148_0007198
LOG (gmm-align-compiled[5.4.105~1-4fda]:main():gmm-align-compiled.cc:127) AMI_ES2014d_H00_MEE053_0020334_0020748
LOG (gmm-align-compiled[5.4.105~1-4fda]:main():gmm-align-compiled.cc:127) AMI_ES2014d_H00_MEE053_0024036_0025284
LOG (gmm-align-compiled[5.4.105~1-4fda]:main():gmm-align-compiled.cc:127) AMI_ES2014d_H00_MEE053_0028641_0028920
LOG (gmm-align-compiled[5.4.105~1-4fda]:main():gmm-align-compiled.cc:127) AMI_ES2014d_H00_MEE053_0033608_0034505
LOG (gmm-align-compiled[5.4.105~1-4fda]:main():gmm-align-compiled.cc:127) AMI_ES2014d_H00_MEE053_0039644_0040469
LOG (gmm-align-compiled[5.4.105~1-4fda]:main():gmm-align-compiled.cc:127) AMI_ES2014d_H00_MEE053_0044359_0044787
LOG (gmm-align-compiled[5.4.105~1-4fda]:main():gmm-align-compiled.cc:127) AMI_ES2014d_H00_MEE053_0048162_0049163
LOG (gmm-align-compiled[5.4.105~1-4fda]:main():gmm-align-compiled.cc:127) AMI_ES2014d_H00_MEE053_0054441_0054891
LOG (gmm-align-compiled[5.4.105~1-4fda]:main():gmm-align-compiled.cc:127) AMI_ES2014d_H00_MEE053_0060604_0061030
LOG (gmm-align-compiled[5.4.105~1-4fda]:main():gmm-align-compiled.cc:127) AMI_ES2014d_H00_MEE053_0065673_0065825
LOG (gmm-align-compiled[5.4.105~1-4fda]:main():gmm-align-compiled.cc:127) AMI_ES2014d_H00_MEE053_0079041_0079289
LOG (gmm-align-compiled[5.4.105~1-4fda]:main():gmm-align-compiled.cc:127) AMI_ES2014d_H00_MEE053_0098523_0098716
LOG (gmm-align-compiled[5.4.105~1-4fda]:main():gmm-align-compiled.cc:127) AMI_ES2014d_H00_MEE053_0104830_0104891
LOG (gmm-align-compiled[5.4.105~1-4fda]:main():gmm-align-compiled.cc:127) AMI_ES2014d_H00_MEE053_0108471_0109655
LOG (gmm-align-compiled[5.4.105~1-4fda]:main():gmm-align-compiled.cc:127) AMI_ES2014d_H00_MEE053_0116694_0117722
LOG (gmm-align-compiled[5.4.105~1-4fda]:main():gmm-align-compiled.cc:127) AMI_ES2014d_H00_MEE053_0122022_0122157
LOG (gmm-align-compiled[5.4.105~1-4fda]:main():gmm-align-compiled.cc:127) AMI_ES2014d_H00_MEE053_0126580_0126666
LOG (gmm-align-compiled[5.4.105~1-4fda]:main():gmm-align-compiled.cc:127) AMI_ES2014d_H00_MEE053_0129761_0130043
LOG (gmm-align-compiled[5.4.105~1-4fda]:main():gmm-align-compiled.cc:127) AMI_ES2014d_H00_MEE053_0135980_0136207
LOG (gmm-align-compiled[5.4.105~1-4fda]:main():gmm-align-compiled.cc:127) AMI_ES2014d_H00_MEE053_0138890_0138931
LOG (gmm-align-compiled[5.4.105~1-4fda]:main():gmm-align-compiled.cc:127) AMI_ES2014d_H00_MEE053_0144309_0144557
LOG (gmm-align-compiled[5.4.105~1-4fda]:main():gmm-align-compiled.cc:127) AMI_ES2014d_H00_MEE053_0146917_0147362
LOG (gmm-align-compiled[5.4.105~1-4fda]:main():gmm-align-compiled.cc:127) AMI_ES2014d_H00_MEE053_0152210_0152352
LOG (gmm-align-compiled[5.4.105~1-4fda]:main():gmm-align-compiled.cc:127) AMI_ES2014d_H00_MEE053_0156146_0156663
LOG (gmm-align-compiled[5.4.105~1-4fda]:main():gmm-align-compiled.cc:127) AMI_ES2014d_H00_MEE053_0160907_0160966
LOG (gmm-align-compiled[5.4.105~1-4fda]:main():gmm-align-compiled.cc:127) AMI_ES2014d_H00_MEE053_0166798_0167446
LOG (gmm-align-compiled[5.4.105~1-4fda]:main():gmm-align-compiled.cc:127) AMI_ES2014d_H00_MEE053_0175299_0175343
LOG (gmm-align-compiled[5.4.105~1-4fda]:main():gmm-align-compiled.cc:127) AMI_ES2014d_H00_MEE053_0183754_0183781
LOG (gmm-align-compiled[5.4.105~1-4fda]:main():gmm-align-compiled.cc:127) AMI_ES2014d_H00_MEE053_0191478_0192120
LOG (gmm-align-compiled[5.4.105~1-4fda]:main():gmm-align-compiled.cc:127) AMI_ES2014d_H00_MEE053_0197314_0197358
LOG (gmm-align-compiled[5.4.105~1-4fda]:main():gmm-align-compiled.cc:127) AMI_ES2014d_H00_MEE053_0203401_0203440
LOG (gmm-align-compiled[5.4.105~1-4fda]:main():gmm-align-compiled.cc:127) AMI_ES2014d_H00_MEE053_0216581_0216681
LOG (gmm-align-compiled[5.4.105~1-4fda]:main():gmm-align-compiled.cc:127) AMI_ES2014d_H00_MEE053_0229614_0229665
LOG (gmm-align-compiled[5.4.105~1-4fda]:main():gmm-align-compiled.cc:127) AMI_ES2014d_H00_MEE053_0233206_0233825
LOG (gmm-align-compiled[5.4.105~1-4fda]:main():gmm-align-compiled.cc:127) AMI_ES2014d_H00_MEE053_0238248_0238367
LOG (gmm-align-compiled[5.4.105~1-4fda]:main():gmm-align-compiled.cc:127) AMI_ES2014d_H00_MEE053_0242209_0242313
LOG (gmm-align-compiled[5.4.105~1-4fda]:main():gmm-align-compiled.cc:127) AMI_ES2014d_H00_MEE053_0245157_0245485
LOG (gmm-align-compiled[5.4.105~1-4fda]:main():gmm-align-compiled.cc:127) AMI_ES2014d_H00_MEE053_0250501_0251069
LOG (gmm-align-compiled[5.4.105~1-4fda]:main():gmm-align-compiled.cc:127) AMI_ES2014d_H00_MEE053_0257940_0258525
LOG (gmm-align-compiled[5.4.105~1-4fda]:main():gmm-align-compiled.cc:127) AMI_ES2014d_H00_MEE053_0263992_0264024
LOG (gmm-align-compiled[5.4.105~1-4fda]:main():gmm-align-compiled.cc:127) AMI_ES2014d_H00_MEE053_0273333_0274503
LOG (gmm-align-compiled[5.4.105~1-4fda]:main():gmm-align-compiled.cc:127) AMI_ES2014d_H00_MEE053_0284040_0284233
LOG (gmm-align-compiled[5.4.105~1-4fda]:main():gmm-align-compiled.cc:127) AMI_ES2014d_H00_MEE053_0287943_0288275
LOG (gmm-align-compiled[5.4.105~1-4fda]:main():gmm-align-compiled.cc:127) AMI_ES2014d_H01_MEE054_0012482_0012648
LOG (gmm-align-compiled[5.4.105~1-4fda]:main():gmm-align-compiled.cc:127) AMI_ES2014d_H01_MEE054_0025591_0025618
LOG (gmm-align-compiled[5.4.105~1-4fda]:main():gmm-align-compiled.cc:127) AMI_ES2014d_H01_MEE054_0036762_0036829
LOG (gmm-align-compiled[5.4.105~1-4fda]:main():gmm-align-compiled.cc:127) AMI_ES2014d_H01_MEE054_0045031_0045125
LOG (gmm-align-compiled[5.4.105~1-4fda]:main():gmm-align-compiled.cc:127) AMI_ES2014d_H01_MEE054_0069236_0069454
LOG (gmm-align-compiled[5.4.105~1-4fda]:main():gmm-align-compiled.cc:127) AMI_ES2014d_H01_MEE054_0073152_0073735
WARNING (gmm-align-compiled[5.4.105~1-4fda]:AlignUtteranceWrapper():decoder-wrappers.cc:468) Retrying utterance AMI_ES2014d_H01_MEE054_0073152_0073735 with beam 40
LOG (gmm-align-compiled[5.4.105~1-4fda]:main():gmm-align-compiled.cc:127) AMI_ES2014d_H01_MEE054_0093340_0093589
WARNING (gmm-align-compiled[5.4.105~1-4fda]:AlignUtteranceWrapper():decoder-wrappers.cc:468) Retrying utterance AMI_ES2014d_H01_MEE054_0093340_0093589 with beam 40
LOG (gmm-align-compiled[5.4.105~1-4fda]:main():gmm-align-compiled.cc:127) AMI_ES2014d_H01_MEE054_0104031_0104104
LOG (gmm-align-compiled[5.4.105~1-4fda]:main():gmm-align-compiled.cc:127) AMI_ES2014d_H01_MEE054_0118793_0118823
LOG (gmm-align-compiled[5.4.105~1-4fda]:main():gmm-align-compiled.cc:127) AMI_ES2014d_H01_MEE054_0129449_0129814
LOG (gmm-align-compiled[5.4.105~1-4fda]:main():gmm-align-compiled.cc:127) AMI_ES2014d_H01_MEE054_0141740_0141874
LOG (apply-cmvn[5.4.105~1-4fda]:main():apply-cmvn.cc:162) Applied cepstral mean normalization to 497 utterances, errors on 0
LOG (gmm-align-compiled[5.4.105~1-4fda]:main():gmm-align-compiled.cc:127) AMI_ES2014d_H01_MEE054_0153807_0154305
LOG (gmm-align-compiled[5.4.105~1-4fda]:main():gmm-align-compiled.cc:127) AMI_ES2014d_H01_MEE054_0158698_0159020
LOG (gmm-align-compiled[5.4.105~1-4fda]:main():gmm-align-compiled.cc:127) AMI_ES2014d_H01_MEE054_0164917_0165153
LOG (gmm-align-compiled[5.4.105~1-4fda]:main():gmm-align-compiled.cc:127) AMI_ES2014d_H01_MEE054_0167592_0168313
LOG (gmm-align-compiled[5.4.105~1-4fda]:main():gmm-align-compiled.cc:127) AMI_ES2014d_H01_MEE054_0174813_0175128
LOG (gmm-align-compiled[5.4.105~1-4fda]:main():gmm-align-compiled.cc:135) Overall log-likelihood per frame is -101.839 over 147745 frames.
LOG (gmm-align-compiled[5.4.105~1-4fda]:main():gmm-align-compiled.cc:137) Retried 45 out of 497 utterances.
LOG (gmm-align-compiled[5.4.105~1-4fda]:main():gmm-align-compiled.cc:139) Done 497, errors on 0
# Accounting: time=24 threads=1
# Ended (code 0) at Wed Oct 31 22:05:43 EDT 2018, elapsed time 24 seconds
