# align-equal-compiled "ark:gunzip -c exp2/mono/fsts.1.gz|" "ark,s,cs:apply-cmvn  --utt2spk=ark:data/st_ihm_all/train_15k/split30/1/utt2spk scp:data/st_ihm_all/train_15k/split30/1/cmvn.scp scp:data/st_ihm_all/train_15k/split30/1/feats.scp ark:- | add-deltas  ark:- ark:- |" ark,t:- | gmm-acc-stats-ali --binary=true exp2/mono/0.mdl "ark,s,cs:apply-cmvn  --utt2spk=ark:data/st_ihm_all/train_15k/split30/1/utt2spk scp:data/st_ihm_all/train_15k/split30/1/cmvn.scp scp:data/st_ihm_all/train_15k/split30/1/feats.scp ark:- | add-deltas  ark:- ark:- |" ark:- exp2/mono/0.1.acc 
# Started at Wed Oct 31 21:58:56 EDT 2018
#
gmm-acc-stats-ali --binary=true exp2/mono/0.mdl 'ark,s,cs:apply-cmvn  --utt2spk=ark:data/st_ihm_all/train_15k/split30/1/utt2spk scp:data/st_ihm_all/train_15k/split30/1/cmvn.scp scp:data/st_ihm_all/train_15k/split30/1/feats.scp ark:- | add-deltas  ark:- ark:- |' ark:- exp2/mono/0.1.acc 
align-equal-compiled 'ark:gunzip -c exp2/mono/fsts.1.gz|' 'ark,s,cs:apply-cmvn  --utt2spk=ark:data/st_ihm_all/train_15k/split30/1/utt2spk scp:data/st_ihm_all/train_15k/split30/1/cmvn.scp scp:data/st_ihm_all/train_15k/split30/1/feats.scp ark:- | add-deltas  ark:- ark:- |' ark,t:- 
add-deltas ark:- ark:- 
apply-cmvn --utt2spk=ark:data/st_ihm_all/train_15k/split30/1/utt2spk scp:data/st_ihm_all/train_15k/split30/1/cmvn.scp scp:data/st_ihm_all/train_15k/split30/1/feats.scp ark:- 
apply-cmvn --utt2spk=ark:data/st_ihm_all/train_15k/split30/1/utt2spk scp:data/st_ihm_all/train_15k/split30/1/cmvn.scp scp:data/st_ihm_all/train_15k/split30/1/feats.scp ark:- 
add-deltas ark:- ark:- 
LOG (gmm-acc-stats-ali[5.4.105~1-4fda]:main():gmm-acc-stats-ali.cc:105) Processed 50 utterances; for utterance 0110440 avg. like is -112.199 over 222 frames.
LOG (gmm-acc-stats-ali[5.4.105~1-4fda]:main():gmm-acc-stats-ali.cc:105) Processed 100 utterances; for utterance 0110894 avg. like is -104.854 over 338 frames.
LOG (gmm-acc-stats-ali[5.4.105~1-4fda]:main():gmm-acc-stats-ali.cc:105) Processed 150 utterances; for utterance 0111331 avg. like is -122.784 over 230 frames.
LOG (gmm-acc-stats-ali[5.4.105~1-4fda]:main():gmm-acc-stats-ali.cc:105) Processed 200 utterances; for utterance 013666 avg. like is -106.661 over 374 frames.
LOG (gmm-acc-stats-ali[5.4.105~1-4fda]:main():gmm-acc-stats-ali.cc:105) Processed 250 utterances; for utterance 014136 avg. like is -109.765 over 426 frames.
LOG (gmm-acc-stats-ali[5.4.105~1-4fda]:main():gmm-acc-stats-ali.cc:105) Processed 300 utterances; for utterance 014587 avg. like is -112.813 over 226 frames.
LOG (gmm-acc-stats-ali[5.4.105~1-4fda]:main():gmm-acc-stats-ali.cc:105) Processed 350 utterances; for utterance 016161 avg. like is -107.773 over 314 frames.
LOG (gmm-acc-stats-ali[5.4.105~1-4fda]:main():gmm-acc-stats-ali.cc:105) Processed 400 utterances; for utterance 016635 avg. like is -118.606 over 210 frames.
LOG (apply-cmvn[5.4.105~1-4fda]:main():apply-cmvn.cc:162) Applied cepstral mean normalization to 479 utterances, errors on 0
LOG (gmm-acc-stats-ali[5.4.105~1-4fda]:main():gmm-acc-stats-ali.cc:105) Processed 450 utterances; for utterance 017110 avg. like is -109.5 over 294 frames.
LOG (align-equal-compiled[5.4.105~1-4fda]:main():align-equal-compiled.cc:107) Success: done 479 utterances.
LOG (apply-cmvn[5.4.105~1-4fda]:main():apply-cmvn.cc:162) Applied cepstral mean normalization to 479 utterances, errors on 0
LOG (gmm-acc-stats-ali[5.4.105~1-4fda]:main():gmm-acc-stats-ali.cc:112) Done 479 files, 0 with errors.
LOG (gmm-acc-stats-ali[5.4.105~1-4fda]:main():gmm-acc-stats-ali.cc:115) Overall avg like per frame (Gaussian only) = -110.302 over 160574 frames.
LOG (gmm-acc-stats-ali[5.4.105~1-4fda]:main():gmm-acc-stats-ali.cc:123) Written accs.
# Accounting: time=3 threads=1
# Ended (code 0) at Wed Oct 31 21:58:59 EDT 2018, elapsed time 3 seconds
