# align-equal-compiled "ark:gunzip -c exp2/mono/fsts.29.gz|" "ark,s,cs:apply-cmvn  --utt2spk=ark:data/st_ihm_all/train_15k/split30/29/utt2spk scp:data/st_ihm_all/train_15k/split30/29/cmvn.scp scp:data/st_ihm_all/train_15k/split30/29/feats.scp ark:- | add-deltas  ark:- ark:- |" ark,t:- | gmm-acc-stats-ali --binary=true exp2/mono/0.mdl "ark,s,cs:apply-cmvn  --utt2spk=ark:data/st_ihm_all/train_15k/split30/29/utt2spk scp:data/st_ihm_all/train_15k/split30/29/cmvn.scp scp:data/st_ihm_all/train_15k/split30/29/feats.scp ark:- | add-deltas  ark:- ark:- |" ark:- exp2/mono/0.29.acc 
# Started at Wed Oct 31 21:58:59 EDT 2018
#
align-equal-compiled 'ark:gunzip -c exp2/mono/fsts.29.gz|' 'ark,s,cs:apply-cmvn  --utt2spk=ark:data/st_ihm_all/train_15k/split30/29/utt2spk scp:data/st_ihm_all/train_15k/split30/29/cmvn.scp scp:data/st_ihm_all/train_15k/split30/29/feats.scp ark:- | add-deltas  ark:- ark:- |' ark,t:- 
gmm-acc-stats-ali --binary=true exp2/mono/0.mdl 'ark,s,cs:apply-cmvn  --utt2spk=ark:data/st_ihm_all/train_15k/split30/29/utt2spk scp:data/st_ihm_all/train_15k/split30/29/cmvn.scp scp:data/st_ihm_all/train_15k/split30/29/feats.scp ark:- | add-deltas  ark:- ark:- |' ark:- exp2/mono/0.29.acc 
add-deltas ark:- ark:- 
add-deltas ark:- ark:- 
apply-cmvn --utt2spk=ark:data/st_ihm_all/train_15k/split30/29/utt2spk scp:data/st_ihm_all/train_15k/split30/29/cmvn.scp scp:data/st_ihm_all/train_15k/split30/29/feats.scp ark:- 
apply-cmvn --utt2spk=ark:data/st_ihm_all/train_15k/split30/29/utt2spk scp:data/st_ihm_all/train_15k/split30/29/cmvn.scp scp:data/st_ihm_all/train_15k/split30/29/feats.scp ark:- 
LOG (gmm-acc-stats-ali[5.4.105~1-4fda]:main():gmm-acc-stats-ali.cc:105) Processed 50 utterances; for utterance AMI_TS3010c_H00_MTD037PM_0006220_0006409 avg. like is -102.376 over 187 frames.
LOG (gmm-acc-stats-ali[5.4.105~1-4fda]:main():gmm-acc-stats-ali.cc:105) Processed 100 utterances; for utterance AMI_TS3010c_H02_MTD038ID_0055140_0055317 avg. like is -108.232 over 175 frames.
LOG (gmm-acc-stats-ali[5.4.105~1-4fda]:main():gmm-acc-stats-ali.cc:105) Processed 150 utterances; for utterance AMI_TS3010d_H00_MTD037PM_0087274_0087303 avg. like is -105.047 over 27 frames.
LOG (gmm-acc-stats-ali[5.4.105~1-4fda]:main():gmm-acc-stats-ali.cc:105) Processed 200 utterances; for utterance AMI_TS3010d_H03_MTD040ME_0030845_0030955 avg. like is -106.277 over 108 frames.
LOG (gmm-acc-stats-ali[5.4.105~1-4fda]:main():gmm-acc-stats-ali.cc:105) Processed 250 utterances; for utterance AMI_TS3011a_H01_MTD043UID_0113203_0113308 avg. like is -101.635 over 103 frames.
LOG (gmm-acc-stats-ali[5.4.105~1-4fda]:main():gmm-acc-stats-ali.cc:105) Processed 300 utterances; for utterance AMI_TS3011b_H00_MTD041PM_0188861_0188942 avg. like is -101.668 over 79 frames.
LOG (gmm-acc-stats-ali[5.4.105~1-4fda]:main():gmm-acc-stats-ali.cc:105) Processed 350 utterances; for utterance AMI_TS3011b_H02_MTD042ID_0133568_0133742 avg. like is -106.339 over 172 frames.
LOG (gmm-acc-stats-ali[5.4.105~1-4fda]:main():gmm-acc-stats-ali.cc:105) Processed 400 utterances; for utterance AMI_TS3011c_H00_MTD041PM_0170962_0170994 avg. like is -108.567 over 30 frames.
LOG (gmm-acc-stats-ali[5.4.105~1-4fda]:main():gmm-acc-stats-ali.cc:105) Processed 450 utterances; for utterance AMI_TS3011c_H02_MTD042ID_0116258_0116394 avg. like is -105.593 over 134 frames.
LOG (gmm-acc-stats-ali[5.4.105~1-4fda]:main():gmm-acc-stats-ali.cc:105) Processed 500 utterances; for utterance AMI_TS3011d_H00_MTD041PM_0103356_0103879 avg. like is -106.822 over 521 frames.
LOG (apply-cmvn[5.4.105~1-4fda]:main():apply-cmvn.cc:162) Applied cepstral mean normalization to 523 utterances, errors on 0
LOG (align-equal-compiled[5.4.105~1-4fda]:main():align-equal-compiled.cc:107) Success: done 523 utterances.
LOG (apply-cmvn[5.4.105~1-4fda]:main():apply-cmvn.cc:162) Applied cepstral mean normalization to 523 utterances, errors on 0
LOG (gmm-acc-stats-ali[5.4.105~1-4fda]:main():gmm-acc-stats-ali.cc:112) Done 523 files, 0 with errors.
LOG (gmm-acc-stats-ali[5.4.105~1-4fda]:main():gmm-acc-stats-ali.cc:115) Overall avg like per frame (Gaussian only) = -105.015 over 125947 frames.
LOG (gmm-acc-stats-ali[5.4.105~1-4fda]:main():gmm-acc-stats-ali.cc:123) Written accs.
# Accounting: time=2 threads=1
# Ended (code 0) at Wed Oct 31 21:59:01 EDT 2018, elapsed time 2 seconds
