# compile-train-graphs --read-disambig-syms=data/lang_v1/phones/disambig.int exp2/mono/tree exp2/mono/0.mdl data/lang_v1/L.fst "ark:sym2int.pl --map-oov 6 -f 2- data/lang_v1/words.txt < data/st_ihm_all/train_15k/split30/15/text|" "ark:|gzip -c >exp2/mono/fsts.15.gz" 
# Started at Wed Oct 31 21:58:41 EDT 2018
#
compile-train-graphs --read-disambig-syms=data/lang_v1/phones/disambig.int exp2/mono/tree exp2/mono/0.mdl data/lang_v1/L.fst 'ark:sym2int.pl --map-oov 6 -f 2- data/lang_v1/words.txt < data/st_ihm_all/train_15k/split30/15/text|' 'ark:|gzip -c >exp2/mono/fsts.15.gz' 
sym2int.pl: replacing SH with 6
sym2int.pl: replacing D with 6
sym2int.pl: replacing PR with 6
sym2int.pl: replacing FAL with 6
sym2int.pl: replacing SH with 6
sym2int.pl: replacing RECOGNISABLE with 6
sym2int.pl: replacing LON with 6
sym2int.pl: replacing INEX with 6
sym2int.pl: replacing ELS with 6
sym2int.pl: replacing WH with 6
sym2int.pl: replacing D with 6
sym2int.pl: replacing DECONSTRUCTED with 6
sym2int.pl: replacing D with 6
sym2int.pl: replacing POWERPOINT with 6
sym2int.pl: replacing WHATE with 6
sym2int.pl: replacing CH with 6
sym2int.pl: replacing POWERPOINT with 6
sym2int.pl: replacing FACEPLATE with 6
sym2int.pl: replacing PRODU with 6
sym2int.pl: replacing DRAF with 6
sym2int.pl: not warning for OOVs any more times
** Replaced 41 instances of OOVs with 6
LOG (compile-train-graphs[5.4.105~1-4fda]:main():compile-train-graphs.cc:147) compile-train-graphs: succeeded for 499 graphs, failed for 0
# Accounting: time=7 threads=1
# Ended (code 0) at Wed Oct 31 21:58:48 EDT 2018, elapsed time 7 seconds
