# compile-train-graphs --read-disambig-syms=data/lang_v1/phones/disambig.int exp2/mono/tree exp2/mono/0.mdl data/lang_v1/L.fst "ark:sym2int.pl --map-oov 6 -f 2- data/lang_v1/words.txt < data/st_ihm_all/train_15k/split30/6/text|" "ark:|gzip -c >exp2/mono/fsts.6.gz" 
# Started at Wed Oct 31 21:58:41 EDT 2018
#
compile-train-graphs --read-disambig-syms=data/lang_v1/phones/disambig.int exp2/mono/tree exp2/mono/0.mdl data/lang_v1/L.fst 'ark:sym2int.pl --map-oov 6 -f 2- data/lang_v1/words.txt < data/st_ihm_all/train_15k/split30/6/text|' 'ark:|gzip -c >exp2/mono/fsts.6.gz' 
sym2int.pl: replacing SH with 6
sym2int.pl: replacing CAPITALISATION with 6
sym2int.pl: replacing W with 6
sym2int.pl: replacing D with 6
sym2int.pl: replacing IT' with 6
sym2int.pl: replacing REALISES with 6
sym2int.pl: replacing ALII with 6
sym2int.pl: replacing CAPITALISED with 6
sym2int.pl: replacing CARETS with 6
sym2int.pl: replacing B with 6
sym2int.pl: replacing ANALYSING with 6
sym2int.pl: replacing W with 6
sym2int.pl: replacing COU with 6
sym2int.pl: replacing B with 6
sym2int.pl: replacing VE with 6
sym2int.pl: replacing W with 6
sym2int.pl: replacing CHUNKER with 6
sym2int.pl: replacing WEI with 6
sym2int.pl: replacing XUN'S with 6
sym2int.pl: replacing PROPOSITIONAL with 6
sym2int.pl: not warning for OOVs any more times
** Replaced 73 instances of OOVs with 6
LOG (compile-train-graphs[5.4.105~1-4fda]:main():compile-train-graphs.cc:147) compile-train-graphs: succeeded for 484 graphs, failed for 0
# Accounting: time=7 threads=1
# Ended (code 0) at Wed Oct 31 21:58:48 EDT 2018, elapsed time 7 seconds
