# compile-train-graphs --read-disambig-syms=data/lang_v1/phones/disambig.int exp2/mono/tree exp2/mono/0.mdl data/lang_v1/L.fst "ark:sym2int.pl --map-oov 6 -f 2- data/lang_v1/words.txt < data/st_ihm_all/train_15k/split30/17/text|" "ark:|gzip -c >exp2/mono/fsts.17.gz" 
# Started at Wed Oct 31 21:58:46 EDT 2018
#
compile-train-graphs --read-disambig-syms=data/lang_v1/phones/disambig.int exp2/mono/tree exp2/mono/0.mdl data/lang_v1/L.fst 'ark:sym2int.pl --map-oov 6 -f 2- data/lang_v1/words.txt < data/st_ihm_all/train_15k/split30/17/text|' 'ark:|gzip -c >exp2/mono/fsts.17.gz' 
sym2int.pl: replacing AGA with 6
sym2int.pl: replacing BLA with 6
sym2int.pl: replacing BLA with 6
sym2int.pl: replacing LIKELIHOODS with 6
sym2int.pl: replacing N with 6
sym2int.pl: replacing REALISE with 6
sym2int.pl: replacing CEPSTRAL with 6
sym2int.pl: replacing B with 6
sym2int.pl: replacing J with 6
sym2int.pl: replacing D with 6
sym2int.pl: replacing F with 6
sym2int.pl: replacing TRIPHONE with 6
sym2int.pl: replacing COMPUTATIONALLY with 6
sym2int.pl: replacing WAV with 6
sym2int.pl: replacing F with 6
sym2int.pl: replacing Y with 6
sym2int.pl: replacing FIFT with 6
sym2int.pl: replacing INTERSPEECH with 6
sym2int.pl: replacing LINKI with 6
sym2int.pl: replacing THA with 6
sym2int.pl: not warning for OOVs any more times
** Replaced 86 instances of OOVs with 6
LOG (compile-train-graphs[5.4.105~1-4fda]:main():compile-train-graphs.cc:147) compile-train-graphs: succeeded for 504 graphs, failed for 0
# Accounting: time=7 threads=1
# Ended (code 0) at Wed Oct 31 21:58:53 EDT 2018, elapsed time 7 seconds
