# compile-train-graphs --read-disambig-syms=data/lang_v1/phones/disambig.int exp2/mono/tree exp2/mono/0.mdl data/lang_v1/L.fst "ark:sym2int.pl --map-oov 6 -f 2- data/lang_v1/words.txt < data/st_ihm_all/train_15k/split30/22/text|" "ark:|gzip -c >exp2/mono/fsts.22.gz" 
# Started at Wed Oct 31 21:58:48 EDT 2018
#
compile-train-graphs --read-disambig-syms=data/lang_v1/phones/disambig.int exp2/mono/tree exp2/mono/0.mdl data/lang_v1/L.fst 'ark:sym2int.pl --map-oov 6 -f 2- data/lang_v1/words.txt < data/st_ihm_all/train_15k/split30/22/text|' 'ark:|gzip -c >exp2/mono/fsts.22.gz' 
sym2int.pl: replacing EXTENSIBLE with 6
sym2int.pl: replacing C with 6
sym2int.pl: replacing Y with 6
sym2int.pl: replacing DISACTIVATE with 6
sym2int.pl: replacing B with 6
sym2int.pl: replacing Y with 6
sym2int.pl: replacing D with 6
sym2int.pl: replacing O with 6
sym2int.pl: replacing POSSI with 6
sym2int.pl: replacing N with 6
sym2int.pl: replacing STYLISED with 6
sym2int.pl: replacing Y with 6
sym2int.pl: replacing F with 6
sym2int.pl: replacing FOCU with 6
sym2int.pl: replacing N with 6
sym2int.pl: replacing B with 6
sym2int.pl: replacing MANDO with 6
sym2int.pl: replacing COF with 6
sym2int.pl: replacing O with 6
sym2int.pl: replacing TW with 6
sym2int.pl: not warning for OOVs any more times
** Replaced 58 instances of OOVs with 6
LOG (compile-train-graphs[5.4.105~1-4fda]:main():compile-train-graphs.cc:147) compile-train-graphs: succeeded for 509 graphs, failed for 0
# Accounting: time=8 threads=1
# Ended (code 0) at Wed Oct 31 21:58:56 EDT 2018, elapsed time 8 seconds
