# gmm-est --write-occs=exp2/mono/14.occs --mix-up=473 --power=0.25 exp2/mono/13.mdl "gmm-sum-accs - exp2/mono/13.*.acc|" exp2/mono/14.mdl 
# Started at Wed Oct 31 22:10:54 EDT 2018
#
gmm-est --write-occs=exp2/mono/14.occs --mix-up=473 --power=0.25 exp2/mono/13.mdl 'gmm-sum-accs - exp2/mono/13.*.acc|' exp2/mono/14.mdl 
gmm-sum-accs - exp2/mono/13.1.acc exp2/mono/13.10.acc exp2/mono/13.11.acc exp2/mono/13.12.acc exp2/mono/13.13.acc exp2/mono/13.14.acc exp2/mono/13.15.acc exp2/mono/13.16.acc exp2/mono/13.17.acc exp2/mono/13.18.acc exp2/mono/13.19.acc exp2/mono/13.2.acc exp2/mono/13.20.acc exp2/mono/13.21.acc exp2/mono/13.22.acc exp2/mono/13.23.acc exp2/mono/13.24.acc exp2/mono/13.25.acc exp2/mono/13.26.acc exp2/mono/13.27.acc exp2/mono/13.28.acc exp2/mono/13.29.acc exp2/mono/13.3.acc exp2/mono/13.30.acc exp2/mono/13.4.acc exp2/mono/13.5.acc exp2/mono/13.6.acc exp2/mono/13.7.acc exp2/mono/13.8.acc exp2/mono/13.9.acc 
LOG (gmm-sum-accs[5.4.105~1-4fda]:main():gmm-sum-accs.cc:63) Summed 30 stats, total count 3.92592e+06, avg like/frame -99.8067
LOG (gmm-sum-accs[5.4.105~1-4fda]:main():gmm-sum-accs.cc:66) Total count of stats is 3.92592e+06
LOG (gmm-sum-accs[5.4.105~1-4fda]:main():gmm-sum-accs.cc:67) Written stats to -
LOG (gmm-est[5.4.105~1-4fda]:MleUpdate():transition-model.cc:517) TransitionModel::Update, objf change is 0 per frame over 3.92592e+06 frames. 
LOG (gmm-est[5.4.105~1-4fda]:MleUpdate():transition-model.cc:520) 16 probabilities floored, 202 out of 568 transition-states skipped due to insuffient data (it is normal to have some skipped.)
LOG (gmm-est[5.4.105~1-4fda]:main():gmm-est.cc:102) Transition model update: Overall 0 log-like improvement per frame over 3.92592e+06 frames.
WARNING (gmm-est[5.4.105~1-4fda]:MleDiagGmmUpdate():mle-diag-gmm.cc:365) Gaussian has too little data but not removing it because it is the last Gaussian: i = 0, occ = 0, weight = 1
WARNING (gmm-est[5.4.105~1-4fda]:MleDiagGmmUpdate():mle-diag-gmm.cc:365) Gaussian has too little data but not removing it because it is the last Gaussian: i = 0, occ = 0, weight = 1
WARNING (gmm-est[5.4.105~1-4fda]:MleDiagGmmUpdate():mle-diag-gmm.cc:365) Gaussian has too little data but not removing it because it is the last Gaussian: i = 0, occ = 0, weight = 1
WARNING (gmm-est[5.4.105~1-4fda]:MleDiagGmmUpdate():mle-diag-gmm.cc:365) Gaussian has too little data but not removing it because it is the last Gaussian: i = 0, occ = 0, weight = 1
WARNING (gmm-est[5.4.105~1-4fda]:MleDiagGmmUpdate():mle-diag-gmm.cc:365) Gaussian has too little data but not removing it because it is the last Gaussian: i = 0, occ = 0, weight = 1
WARNING (gmm-est[5.4.105~1-4fda]:MleDiagGmmUpdate():mle-diag-gmm.cc:365) Gaussian has too little data but not removing it because it is the last Gaussian: i = 0, occ = 0, weight = 1
WARNING (gmm-est[5.4.105~1-4fda]:MleDiagGmmUpdate():mle-diag-gmm.cc:365) Gaussian has too little data but not removing it because it is the last Gaussian: i = 0, occ = 0, weight = 1
WARNING (gmm-est[5.4.105~1-4fda]:MleDiagGmmUpdate():mle-diag-gmm.cc:365) Gaussian has too little data but not removing it because it is the last Gaussian: i = 0, occ = 0, weight = 1
WARNING (gmm-est[5.4.105~1-4fda]:MleDiagGmmUpdate():mle-diag-gmm.cc:365) Gaussian has too little data but not removing it because it is the last Gaussian: i = 0, occ = 0, weight = 1
WARNING (gmm-est[5.4.105~1-4fda]:MleDiagGmmUpdate():mle-diag-gmm.cc:365) Gaussian has too little data but not removing it because it is the last Gaussian: i = 0, occ = 0, weight = 1
LOG (gmm-est[5.4.105~1-4fda]:MleAmDiagGmmUpdate():mle-am-diag-gmm.cc:225) 0 variance elements floored in 0 Gaussians, out of 445
LOG (gmm-est[5.4.105~1-4fda]:MleAmDiagGmmUpdate():mle-am-diag-gmm.cc:229) Removed 0 Gaussians due to counts < --min-gaussian-occupancy=10 and --remove-low-count-gaussians=true
LOG (gmm-est[5.4.105~1-4fda]:main():gmm-est.cc:113) GMM update: Overall 0.0416658 objective function improvement per frame over 3.92592e+06 frames
LOG (gmm-est[5.4.105~1-4fda]:main():gmm-est.cc:116) GMM update: Overall avg like per frame = -99.8067 over 3.92592e+06 frames.
LOG (gmm-est[5.4.105~1-4fda]:SplitByCount():am-diag-gmm.cc:116) Split 137 states with target = 473, power = 0.25, perturb_factor = 0.01 and min_count = 20, split #Gauss from 445 to 473
LOG (gmm-est[5.4.105~1-4fda]:main():gmm-est.cc:146) Written model to exp2/mono/14.mdl
# Accounting: time=0 threads=1
# Ended (code 0) at Wed Oct 31 22:10:54 EDT 2018, elapsed time 0 seconds
