# gmm-est --write-occs=exp2/mono/34.occs --mix-up=977 --power=0.25 exp2/mono/33.mdl "gmm-sum-accs - exp2/mono/33.*.acc|" exp2/mono/34.mdl 
# Started at Wed Oct 31 22:17:52 EDT 2018
#
gmm-est --write-occs=exp2/mono/34.occs --mix-up=977 --power=0.25 exp2/mono/33.mdl 'gmm-sum-accs - exp2/mono/33.*.acc|' exp2/mono/34.mdl 
gmm-sum-accs - exp2/mono/33.1.acc exp2/mono/33.10.acc exp2/mono/33.11.acc exp2/mono/33.12.acc exp2/mono/33.13.acc exp2/mono/33.14.acc exp2/mono/33.15.acc exp2/mono/33.16.acc exp2/mono/33.17.acc exp2/mono/33.18.acc exp2/mono/33.19.acc exp2/mono/33.2.acc exp2/mono/33.20.acc exp2/mono/33.21.acc exp2/mono/33.22.acc exp2/mono/33.23.acc exp2/mono/33.24.acc exp2/mono/33.25.acc exp2/mono/33.26.acc exp2/mono/33.27.acc exp2/mono/33.28.acc exp2/mono/33.29.acc exp2/mono/33.3.acc exp2/mono/33.30.acc exp2/mono/33.4.acc exp2/mono/33.5.acc exp2/mono/33.6.acc exp2/mono/33.7.acc exp2/mono/33.8.acc exp2/mono/33.9.acc 
LOG (gmm-sum-accs[5.4.105~1-4fda]:main():gmm-sum-accs.cc:63) Summed 30 stats, total count 3.92602e+06, avg like/frame -98.4839
LOG (gmm-sum-accs[5.4.105~1-4fda]:main():gmm-sum-accs.cc:66) Total count of stats is 3.92602e+06
LOG (gmm-sum-accs[5.4.105~1-4fda]:main():gmm-sum-accs.cc:67) Written stats to -
LOG (gmm-est[5.4.105~1-4fda]:MleUpdate():transition-model.cc:517) TransitionModel::Update, objf change is 0 per frame over 3.92602e+06 frames. 
LOG (gmm-est[5.4.105~1-4fda]:MleUpdate():transition-model.cc:520) 16 probabilities floored, 203 out of 568 transition-states skipped due to insuffient data (it is normal to have some skipped.)
LOG (gmm-est[5.4.105~1-4fda]:main():gmm-est.cc:102) Transition model update: Overall 0 log-like improvement per frame over 3.92602e+06 frames.
WARNING (gmm-est[5.4.105~1-4fda]:MleDiagGmmUpdate():mle-diag-gmm.cc:365) Gaussian has too little data but not removing it because it is the last Gaussian: i = 0, occ = 0, weight = 1
WARNING (gmm-est[5.4.105~1-4fda]:MleDiagGmmUpdate():mle-diag-gmm.cc:365) Gaussian has too little data but not removing it because it is the last Gaussian: i = 0, occ = 0, weight = 1
WARNING (gmm-est[5.4.105~1-4fda]:MleDiagGmmUpdate():mle-diag-gmm.cc:365) Gaussian has too little data but not removing it because it is the last Gaussian: i = 0, occ = 0, weight = 1
WARNING (gmm-est[5.4.105~1-4fda]:MleDiagGmmUpdate():mle-diag-gmm.cc:365) Gaussian has too little data but not removing it because it is the last Gaussian: i = 0, occ = 0, weight = 1
WARNING (gmm-est[5.4.105~1-4fda]:MleDiagGmmUpdate():mle-diag-gmm.cc:365) Gaussian has too little data but not removing it because it is the last Gaussian: i = 0, occ = 0, weight = 1
WARNING (gmm-est[5.4.105~1-4fda]:MleDiagGmmUpdate():mle-diag-gmm.cc:365) Gaussian has too little data but not removing it because it is the last Gaussian: i = 0, occ = 0, weight = 1
WARNING (gmm-est[5.4.105~1-4fda]:MleDiagGmmUpdate():mle-diag-gmm.cc:365) Gaussian has too little data but not removing it because it is the last Gaussian: i = 0, occ = 0, weight = 1
WARNING (gmm-est[5.4.105~1-4fda]:MleDiagGmmUpdate():mle-diag-gmm.cc:365) Gaussian has too little data but not removing it because it is the last Gaussian: i = 0, occ = 0, weight = 1
WARNING (gmm-est[5.4.105~1-4fda]:MleDiagGmmUpdate():mle-diag-gmm.cc:365) Gaussian has too little data but not removing it because it is the last Gaussian: i = 0, occ = 0, weight = 1
WARNING (gmm-est[5.4.105~1-4fda]:MleDiagGmmUpdate():mle-diag-gmm.cc:365) Gaussian has too little data but not removing it because it is the last Gaussian: i = 0, occ = 0, weight = 1
LOG (gmm-est[5.4.105~1-4fda]:MleAmDiagGmmUpdate():mle-am-diag-gmm.cc:225) 0 variance elements floored in 0 Gaussians, out of 982
LOG (gmm-est[5.4.105~1-4fda]:MleAmDiagGmmUpdate():mle-am-diag-gmm.cc:229) Removed 0 Gaussians due to counts < --min-gaussian-occupancy=10 and --remove-low-count-gaussians=true
LOG (gmm-est[5.4.105~1-4fda]:main():gmm-est.cc:113) GMM update: Overall 0.0161732 objective function improvement per frame over 3.92602e+06 frames
LOG (gmm-est[5.4.105~1-4fda]:main():gmm-est.cc:116) GMM update: Overall avg like per frame = -98.4839 over 3.92602e+06 frames.
LOG (gmm-est[5.4.105~1-4fda]:SplitByCount():am-diag-gmm.cc:116) Split 137 states with target = 977, power = 0.25, perturb_factor = 0.01 and min_count = 20, split #Gauss from 982 to 982
LOG (gmm-est[5.4.105~1-4fda]:main():gmm-est.cc:146) Written model to exp2/mono/34.mdl
# Accounting: time=1 threads=1
# Ended (code 0) at Wed Oct 31 22:17:53 EDT 2018, elapsed time 1 seconds
