# gmm-est --write-occs=exp2/mono/39.occs --mix-up=977 --power=0.25 exp2/mono/38.mdl "gmm-sum-accs - exp2/mono/38.*.acc|" exp2/mono/39.mdl 
# Started at Wed Oct 31 22:19:40 EDT 2018
#
gmm-est --write-occs=exp2/mono/39.occs --mix-up=977 --power=0.25 exp2/mono/38.mdl 'gmm-sum-accs - exp2/mono/38.*.acc|' exp2/mono/39.mdl 
gmm-sum-accs - exp2/mono/38.1.acc exp2/mono/38.10.acc exp2/mono/38.11.acc exp2/mono/38.12.acc exp2/mono/38.13.acc exp2/mono/38.14.acc exp2/mono/38.15.acc exp2/mono/38.16.acc exp2/mono/38.17.acc exp2/mono/38.18.acc exp2/mono/38.19.acc exp2/mono/38.2.acc exp2/mono/38.20.acc exp2/mono/38.21.acc exp2/mono/38.22.acc exp2/mono/38.23.acc exp2/mono/38.24.acc exp2/mono/38.25.acc exp2/mono/38.26.acc exp2/mono/38.27.acc exp2/mono/38.28.acc exp2/mono/38.29.acc exp2/mono/38.3.acc exp2/mono/38.30.acc exp2/mono/38.4.acc exp2/mono/38.5.acc exp2/mono/38.6.acc exp2/mono/38.7.acc exp2/mono/38.8.acc exp2/mono/38.9.acc 
LOG (gmm-sum-accs[5.4.105~1-4fda]:main():gmm-sum-accs.cc:63) Summed 30 stats, total count 3.92643e+06, avg like/frame -98.3324
LOG (gmm-sum-accs[5.4.105~1-4fda]:main():gmm-sum-accs.cc:66) Total count of stats is 3.92643e+06
LOG (gmm-sum-accs[5.4.105~1-4fda]:main():gmm-sum-accs.cc:67) Written stats to -
LOG (gmm-est[5.4.105~1-4fda]:MleUpdate():transition-model.cc:517) TransitionModel::Update, objf change is 3.70394e-05 per frame over 3.92643e+06 frames. 
LOG (gmm-est[5.4.105~1-4fda]:MleUpdate():transition-model.cc:520) 16 probabilities floored, 203 out of 568 transition-states skipped due to insuffient data (it is normal to have some skipped.)
LOG (gmm-est[5.4.105~1-4fda]:main():gmm-est.cc:102) Transition model update: Overall 3.70394e-05 log-like improvement per frame over 3.92643e+06 frames.
WARNING (gmm-est[5.4.105~1-4fda]:MleDiagGmmUpdate():mle-diag-gmm.cc:365) Gaussian has too little data but not removing it because it is the last Gaussian: i = 0, occ = 0, weight = 1
WARNING (gmm-est[5.4.105~1-4fda]:MleDiagGmmUpdate():mle-diag-gmm.cc:365) Gaussian has too little data but not removing it because it is the last Gaussian: i = 0, occ = 0, weight = 1
WARNING (gmm-est[5.4.105~1-4fda]:MleDiagGmmUpdate():mle-diag-gmm.cc:365) Gaussian has too little data but not removing it because it is the last Gaussian: i = 0, occ = 0, weight = 1
WARNING (gmm-est[5.4.105~1-4fda]:MleDiagGmmUpdate():mle-diag-gmm.cc:365) Gaussian has too little data but not removing it because it is the last Gaussian: i = 0, occ = 0, weight = 1
WARNING (gmm-est[5.4.105~1-4fda]:MleDiagGmmUpdate():mle-diag-gmm.cc:365) Gaussian has too little data but not removing it because it is the last Gaussian: i = 0, occ = 0, weight = 1
WARNING (gmm-est[5.4.105~1-4fda]:MleDiagGmmUpdate():mle-diag-gmm.cc:365) Gaussian has too little data but not removing it because it is the last Gaussian: i = 0, occ = 0, weight = 1
WARNING (gmm-est[5.4.105~1-4fda]:MleDiagGmmUpdate():mle-diag-gmm.cc:365) Gaussian has too little data but not removing it because it is the last Gaussian: i = 0, occ = 0, weight = 1
WARNING (gmm-est[5.4.105~1-4fda]:MleDiagGmmUpdate():mle-diag-gmm.cc:365) Gaussian has too little data but not removing it because it is the last Gaussian: i = 0, occ = 0, weight = 1
WARNING (gmm-est[5.4.105~1-4fda]:MleDiagGmmUpdate():mle-diag-gmm.cc:365) Gaussian has too little data but not removing it because it is the last Gaussian: i = 0, occ = 0, weight = 1
WARNING (gmm-est[5.4.105~1-4fda]:MleDiagGmmUpdate():mle-diag-gmm.cc:365) Gaussian has too little data but not removing it because it is the last Gaussian: i = 0, occ = 0, weight = 1
LOG (gmm-est[5.4.105~1-4fda]:MleAmDiagGmmUpdate():mle-am-diag-gmm.cc:225) 0 variance elements floored in 0 Gaussians, out of 982
LOG (gmm-est[5.4.105~1-4fda]:MleAmDiagGmmUpdate():mle-am-diag-gmm.cc:229) Removed 0 Gaussians due to counts < --min-gaussian-occupancy=10 and --remove-low-count-gaussians=true
LOG (gmm-est[5.4.105~1-4fda]:main():gmm-est.cc:113) GMM update: Overall 0.0115024 objective function improvement per frame over 3.92643e+06 frames
LOG (gmm-est[5.4.105~1-4fda]:main():gmm-est.cc:116) GMM update: Overall avg like per frame = -98.3324 over 3.92643e+06 frames.
LOG (gmm-est[5.4.105~1-4fda]:SplitByCount():am-diag-gmm.cc:116) Split 137 states with target = 977, power = 0.25, perturb_factor = 0.01 and min_count = 20, split #Gauss from 982 to 983
LOG (gmm-est[5.4.105~1-4fda]:main():gmm-est.cc:146) Written model to exp2/mono/39.mdl
# Accounting: time=0 threads=1
# Ended (code 0) at Wed Oct 31 22:19:40 EDT 2018, elapsed time 0 seconds
