# gmm-acc-stats-ali exp2/tri4a/25.mdl "ark,s,cs:apply-cmvn  --utt2spk=ark:data/st_ihm_all/train/split30/14/utt2spk scp:data/st_ihm_all/train/split30/14/cmvn.scp scp:data/st_ihm_all/train/split30/14/feats.scp ark:- | splice-feats --left-context=3 --right-context=3 ark:- ark:- | transform-feats exp2/tri3a_ali/final.mat ark:- ark:- | transform-feats --utt2spk=ark:data/st_ihm_all/train/split30/14/utt2spk ark:exp2/tri4a/trans.14 ark:- ark:- |" "ark,s,cs:gunzip -c exp2/tri4a/ali.14.gz|" exp2/tri4a/25.14.acc 
# Started at Thu Nov  1 02:44:16 EDT 2018
#
gmm-acc-stats-ali exp2/tri4a/25.mdl 'ark,s,cs:apply-cmvn  --utt2spk=ark:data/st_ihm_all/train/split30/14/utt2spk scp:data/st_ihm_all/train/split30/14/cmvn.scp scp:data/st_ihm_all/train/split30/14/feats.scp ark:- | splice-feats --left-context=3 --right-context=3 ark:- ark:- | transform-feats exp2/tri3a_ali/final.mat ark:- ark:- | transform-feats --utt2spk=ark:data/st_ihm_all/train/split30/14/utt2spk ark:exp2/tri4a/trans.14 ark:- ark:- |' 'ark,s,cs:gunzip -c exp2/tri4a/ali.14.gz|' exp2/tri4a/25.14.acc 
splice-feats --left-context=3 --right-context=3 ark:- ark:- 
transform-feats exp2/tri3a_ali/final.mat ark:- ark:- 
transform-feats --utt2spk=ark:data/st_ihm_all/train/split30/14/utt2spk ark:exp2/tri4a/trans.14 ark:- ark:- 
apply-cmvn --utt2spk=ark:data/st_ihm_all/train/split30/14/utt2spk scp:data/st_ihm_all/train/split30/14/cmvn.scp scp:data/st_ihm_all/train/split30/14/feats.scp ark:- 
LOG (gmm-acc-stats-ali[5.4.105~1-4fda]:main():gmm-acc-stats-ali.cc:105) Processed 50 utterances; for utterance AMI_ES2013c_H00_FEE049_0024270_0024643 avg. like is -48.3066 over 371 frames.
LOG (gmm-acc-stats-ali[5.4.105~1-4fda]:main():gmm-acc-stats-ali.cc:105) Processed 100 utterances; for utterance AMI_ES2013c_H00_FEE049_0129609_0129656 avg. like is -51.1782 over 45 frames.
LOG (gmm-acc-stats-ali[5.4.105~1-4fda]:main():gmm-acc-stats-ali.cc:105) Processed 150 utterances; for utterance AMI_ES2013c_H00_FEE049_0205746_0205804 avg. like is -41.3275 over 56 frames.
LOG (gmm-acc-stats-ali[5.4.105~1-4fda]:main():gmm-acc-stats-ali.cc:105) Processed 200 utterances; for utterance AMI_ES2013c_H01_FEE050_0026273_0026299 avg. like is -45.5167 over 24 frames.
LOG (gmm-acc-stats-ali[5.4.105~1-4fda]:main():gmm-acc-stats-ali.cc:105) Processed 250 utterances; for utterance AMI_ES2013c_H01_FEE050_0104656_0105008 avg. like is -52.3923 over 350 frames.
LOG (gmm-acc-stats-ali[5.4.105~1-4fda]:main():gmm-acc-stats-ali.cc:105) Processed 300 utterances; for utterance AMI_ES2013c_H01_FEE050_0182299_0182317 avg. like is -40.3633 over 16 frames.
LOG (gmm-acc-stats-ali[5.4.105~1-4fda]:main():gmm-acc-stats-ali.cc:105) Processed 350 utterances; for utterance AMI_ES2013c_H02_FEE051_0121448_0122041 avg. like is -49.5284 over 591 frames.
LOG (gmm-acc-stats-ali[5.4.105~1-4fda]:main():gmm-acc-stats-ali.cc:105) Processed 400 utterances; for utterance AMI_ES2013c_H02_FEE051_0159336_0159921 avg. like is -49.6873 over 583 frames.
LOG (gmm-acc-stats-ali[5.4.105~1-4fda]:main():gmm-acc-stats-ali.cc:105) Processed 450 utterances; for utterance AMI_ES2013c_H02_FEE051_0184654_0185504 avg. like is -49.0883 over 848 frames.
LOG (gmm-acc-stats-ali[5.4.105~1-4fda]:main():gmm-acc-stats-ali.cc:105) Processed 500 utterances; for utterance AMI_ES2013c_H03_FEE052_0045316_0045400 avg. like is -48.3653 over 82 frames.
LOG (gmm-acc-stats-ali[5.4.105~1-4fda]:main():gmm-acc-stats-ali.cc:105) Processed 550 utterances; for utterance AMI_ES2013c_H03_FEE052_0073379_0073701 avg. like is -51.4016 over 320 frames.
LOG (gmm-acc-stats-ali[5.4.105~1-4fda]:main():gmm-acc-stats-ali.cc:105) Processed 600 utterances; for utterance AMI_ES2013c_H03_FEE052_0172392_0172454 avg. like is -42.6977 over 60 frames.
LOG (gmm-acc-stats-ali[5.4.105~1-4fda]:main():gmm-acc-stats-ali.cc:105) Processed 650 utterances; for utterance AMI_ES2013d_H00_FEE049_0006270_0006716 avg. like is -49.7513 over 444 frames.
LOG (gmm-acc-stats-ali[5.4.105~1-4fda]:main():gmm-acc-stats-ali.cc:105) Processed 700 utterances; for utterance AMI_ES2013d_H00_FEE049_0039572_0039591 avg. like is -51.1831 over 17 frames.
LOG (gmm-acc-stats-ali[5.4.105~1-4fda]:main():gmm-acc-stats-ali.cc:105) Processed 750 utterances; for utterance AMI_ES2013d_H00_FEE049_0140412_0140902 avg. like is -48.9161 over 488 frames.
LOG (gmm-acc-stats-ali[5.4.105~1-4fda]:main():gmm-acc-stats-ali.cc:105) Processed 800 utterances; for utterance AMI_ES2013d_H00_FEE049_0167359_0168036 avg. like is -45.6028 over 675 frames.
LOG (gmm-acc-stats-ali[5.4.105~1-4fda]:main():gmm-acc-stats-ali.cc:105) Processed 850 utterances; for utterance AMI_ES2013d_H01_FEE050_0076380_0076406 avg. like is -56.3606 over 24 frames.
LOG (gmm-acc-stats-ali[5.4.105~1-4fda]:main():gmm-acc-stats-ali.cc:105) Processed 900 utterances; for utterance AMI_ES2013d_H01_FEE050_0160145_0160686 avg. like is -52.2657 over 539 frames.
LOG (gmm-acc-stats-ali[5.4.105~1-4fda]:main():gmm-acc-stats-ali.cc:105) Processed 950 utterances; for utterance AMI_ES2013d_H02_FEE051_0050031_0050706 avg. like is -48.6606 over 673 frames.
LOG (gmm-acc-stats-ali[5.4.105~1-4fda]:main():gmm-acc-stats-ali.cc:105) Processed 1000 utterances; for utterance AMI_ES2013d_H02_FEE051_0106504_0107116 avg. like is -52.9191 over 610 frames.
WARNING (gmm-acc-stats-ali[5.4.105~1-4fda]:main():gmm-acc-stats-ali.cc:79) No alignment for utterance AMI_ES2013d_H02_FEE051_0171149_0171739
LOG (gmm-acc-stats-ali[5.4.105~1-4fda]:main():gmm-acc-stats-ali.cc:105) Processed 1050 utterances; for utterance AMI_ES2013d_H02_FEE051_0176143_0176221 avg. like is -50.4639 over 76 frames.
LOG (gmm-acc-stats-ali[5.4.105~1-4fda]:main():gmm-acc-stats-ali.cc:105) Processed 1100 utterances; for utterance AMI_ES2013d_H03_FEE052_0091602_0091651 avg. like is -54.709 over 47 frames.
LOG (gmm-acc-stats-ali[5.4.105~1-4fda]:main():gmm-acc-stats-ali.cc:105) Processed 1150 utterances; for utterance AMI_ES2013d_H03_FEE052_0115597_0115858 avg. like is -52.538 over 259 frames.
LOG (gmm-acc-stats-ali[5.4.105~1-4fda]:main():gmm-acc-stats-ali.cc:105) Processed 1200 utterances; for utterance AMI_ES2013d_H03_FEE052_0181682_0182308 avg. like is -47.658 over 624 frames.
LOG (gmm-acc-stats-ali[5.4.105~1-4fda]:main():gmm-acc-stats-ali.cc:105) Processed 1250 utterances; for utterance AMI_ES2014a_H00_MEE053_0025942_0026232 avg. like is -55.8758 over 288 frames.
LOG (gmm-acc-stats-ali[5.4.105~1-4fda]:main():gmm-acc-stats-ali.cc:105) Processed 1300 utterances; for utterance AMI_ES2014a_H00_MEE053_0071987_0072090 avg. like is -50.5992 over 101 frames.
LOG (gmm-acc-stats-ali[5.4.105~1-4fda]:main():gmm-acc-stats-ali.cc:105) Processed 1350 utterances; for utterance AMI_ES2014a_H00_MEE053_0111109_0111288 avg. like is -50.6916 over 177 frames.
LOG (gmm-acc-stats-ali[5.4.105~1-4fda]:main():gmm-acc-stats-ali.cc:105) Processed 1400 utterances; for utterance AMI_ES2014a_H01_MEE054_0093097_0093348 avg. like is -49.0761 over 249 frames.
LOG (gmm-acc-stats-ali[5.4.105~1-4fda]:main():gmm-acc-stats-ali.cc:105) Processed 1450 utterances; for utterance AMI_ES2014a_H03_MEE056_0025475_0025606 avg. like is -48.7592 over 129 frames.
LOG (gmm-acc-stats-ali[5.4.105~1-4fda]:main():gmm-acc-stats-ali.cc:105) Processed 1500 utterances; for utterance AMI_ES2014a_H03_MEE056_0103970_0104009 avg. like is -42.3578 over 37 frames.
LOG (gmm-acc-stats-ali[5.4.105~1-4fda]:main():gmm-acc-stats-ali.cc:105) Processed 1550 utterances; for utterance AMI_ES2014b_H00_MEE053_0073869_0074781 avg. like is -48.675 over 910 frames.
LOG (gmm-acc-stats-ali[5.4.105~1-4fda]:main():gmm-acc-stats-ali.cc:105) Processed 1600 utterances; for utterance AMI_ES2014b_H00_MEE053_0138367_0139182 avg. like is -53.5769 over 813 frames.
LOG (gmm-acc-stats-ali[5.4.105~1-4fda]:main():gmm-acc-stats-ali.cc:105) Processed 1650 utterances; for utterance AMI_ES2014b_H00_MEE053_0169214_0169328 avg. like is -46.5599 over 112 frames.
LOG (gmm-acc-stats-ali[5.4.105~1-4fda]:main():gmm-acc-stats-ali.cc:105) Processed 1700 utterances; for utterance AMI_ES2014b_H00_MEE053_0215873_0216000 avg. like is -52.6006 over 125 frames.
LOG (gmm-acc-stats-ali[5.4.105~1-4fda]:main():gmm-acc-stats-ali.cc:105) Processed 1750 utterances; for utterance AMI_ES2014b_H01_MEE054_0035361_0035970 avg. like is -50.3889 over 607 frames.
LOG (gmm-acc-stats-ali[5.4.105~1-4fda]:main():gmm-acc-stats-ali.cc:105) Processed 1800 utterances; for utterance AMI_ES2014b_H01_MEE054_0059188_0059374 avg. like is -45.681 over 184 frames.
LOG (gmm-acc-stats-ali[5.4.105~1-4fda]:main():gmm-acc-stats-ali.cc:105) Processed 1850 utterances; for utterance AMI_ES2014b_H01_MEE054_0154367_0154411 avg. like is -40.8604 over 42 frames.
LOG (gmm-acc-stats-ali[5.4.105~1-4fda]:main():gmm-acc-stats-ali.cc:105) Processed 1900 utterances; for utterance AMI_ES2014b_H01_MEE054_0208780_0208907 avg. like is -48.5212 over 125 frames.
LOG (gmm-acc-stats-ali[5.4.105~1-4fda]:main():gmm-acc-stats-ali.cc:105) Processed 1950 utterances; for utterance AMI_ES2014b_H02_FEE055_0066978_0067328 avg. like is -50.3451 over 348 frames.
LOG (gmm-acc-stats-ali[5.4.105~1-4fda]:main():gmm-acc-stats-ali.cc:105) Processed 2000 utterances; for utterance AMI_ES2014b_H02_FEE055_0174628_0174718 avg. like is -43.6784 over 88 frames.
LOG (gmm-acc-stats-ali[5.4.105~1-4fda]:main():gmm-acc-stats-ali.cc:105) Processed 2050 utterances; for utterance AMI_ES2014b_H02_FEE055_0228042_0228654 avg. like is -49.8293 over 610 frames.
LOG (gmm-acc-stats-ali[5.4.105~1-4fda]:main():gmm-acc-stats-ali.cc:105) Processed 2100 utterances; for utterance AMI_ES2014b_H03_MEE056_0126838_0127513 avg. like is -46.3459 over 673 frames.
LOG (gmm-acc-stats-ali[5.4.105~1-4fda]:main():gmm-acc-stats-ali.cc:105) Processed 2150 utterances; for utterance AMI_ES2014b_H03_MEE056_0170845_0170897 avg. like is -45.1446 over 50 frames.
LOG (gmm-acc-stats-ali[5.4.105~1-4fda]:main():gmm-acc-stats-ali.cc:105) Processed 2200 utterances; for utterance AMI_ES2014b_H03_MEE056_0212762_0212963 avg. like is -55.989 over 199 frames.
LOG (gmm-acc-stats-ali[5.4.105~1-4fda]:main():gmm-acc-stats-ali.cc:105) Processed 2250 utterances; for utterance AMI_ES2014c_H00_MEE053_0039965_0040016 avg. like is -42.993 over 49 frames.
LOG (gmm-acc-stats-ali[5.4.105~1-4fda]:main():gmm-acc-stats-ali.cc:105) Processed 2300 utterances; for utterance AMI_ES2014c_H00_MEE053_0085195_0085227 avg. like is -50.9857 over 30 frames.
LOG (gmm-acc-stats-ali[5.4.105~1-4fda]:main():gmm-acc-stats-ali.cc:105) Processed 2350 utterances; for utterance AMI_ES2014c_H00_MEE053_0151710_0152233 avg. like is -53.3436 over 521 frames.
LOG (gmm-acc-stats-ali[5.4.105~1-4fda]:main():gmm-acc-stats-ali.cc:105) Processed 2400 utterances; for utterance AMI_ES2014c_H00_MEE053_0185619_0185717 avg. like is -47.3291 over 96 frames.
LOG (gmm-acc-stats-ali[5.4.105~1-4fda]:main():gmm-acc-stats-ali.cc:105) Processed 2450 utterances; for utterance AMI_ES2014c_H01_MEE054_0029856_0030677 avg. like is -48.5899 over 819 frames.
LOG (gmm-acc-stats-ali[5.4.105~1-4fda]:main():gmm-acc-stats-ali.cc:105) Processed 2500 utterances; for utterance AMI_ES2014c_H01_MEE054_0055763_0055784 avg. like is -54.7653 over 19 frames.
WARNING (gmm-acc-stats-ali[5.4.105~1-4fda]:main():gmm-acc-stats-ali.cc:79) No alignment for utterance AMI_ES2014c_H01_MEE054_0070772_0071054
LOG (gmm-acc-stats-ali[5.4.105~1-4fda]:main():gmm-acc-stats-ali.cc:105) Processed 2550 utterances; for utterance AMI_ES2014c_H01_MEE054_0096572_0096782 avg. like is -52.0175 over 208 frames.
LOG (gmm-acc-stats-ali[5.4.105~1-4fda]:main():gmm-acc-stats-ali.cc:105) Processed 2600 utterances; for utterance AMI_ES2014c_H01_MEE054_0174711_0175127 avg. like is -50.0965 over 414 frames.
LOG (gmm-acc-stats-ali[5.4.105~1-4fda]:main():gmm-acc-stats-ali.cc:105) Processed 2650 utterances; for utterance AMI_ES2014c_H01_MEE054_0226658_0226717 avg. like is -49.5607 over 57 frames.
LOG (gmm-acc-stats-ali[5.4.105~1-4fda]:main():gmm-acc-stats-ali.cc:105) Processed 2700 utterances; for utterance AMI_ES2014c_H02_FEE055_0101629_0102054 avg. like is -51.657 over 423 frames.
WARNING (gmm-acc-stats-ali[5.4.105~1-4fda]:main():gmm-acc-stats-ali.cc:79) No alignment for utterance AMI_ES2014c_H02_FEE055_0125845_0125975
LOG (gmm-acc-stats-ali[5.4.105~1-4fda]:main():gmm-acc-stats-ali.cc:105) Processed 2750 utterances; for utterance AMI_ES2014c_H02_FEE055_0155989_0156004 avg. like is -57.4056 over 13 frames.
LOG (gmm-acc-stats-ali[5.4.105~1-4fda]:main():gmm-acc-stats-ali.cc:105) Processed 2800 utterances; for utterance AMI_ES2014c_H02_FEE055_0216431_0216467 avg. like is -49.7472 over 34 frames.
LOG (gmm-acc-stats-ali[5.4.105~1-4fda]:main():gmm-acc-stats-ali.cc:105) Processed 2850 utterances; for utterance AMI_ES2014c_H03_MEE056_0133084_0133406 avg. like is -51.9676 over 320 frames.
LOG (gmm-acc-stats-ali[5.4.105~1-4fda]:main():gmm-acc-stats-ali.cc:105) Processed 2900 utterances; for utterance AMI_ES2014c_H03_MEE056_0169143_0169198 avg. like is -55.4772 over 53 frames.
LOG (gmm-acc-stats-ali[5.4.105~1-4fda]:main():gmm-acc-stats-ali.cc:105) Processed 2950 utterances; for utterance AMI_ES2014c_H03_MEE056_0208844_0208969 avg. like is -56.2709 over 123 frames.
LOG (gmm-acc-stats-ali[5.4.105~1-4fda]:main():gmm-acc-stats-ali.cc:105) Processed 3000 utterances; for utterance AMI_ES2014d_H00_MEE053_0027160_0027961 avg. like is -53.0207 over 799 frames.
LOG (gmm-acc-stats-ali[5.4.105~1-4fda]:main():gmm-acc-stats-ali.cc:105) Processed 3050 utterances; for utterance AMI_ES2014d_H00_MEE053_0061617_0061801 avg. like is -48.7803 over 182 frames.
LOG (gmm-acc-stats-ali[5.4.105~1-4fda]:main():gmm-acc-stats-ali.cc:105) Processed 3100 utterances; for utterance AMI_ES2014d_H00_MEE053_0117722_0118274 avg. like is -52.5635 over 550 frames.
LOG (gmm-acc-stats-ali[5.4.105~1-4fda]:main():gmm-acc-stats-ali.cc:105) Processed 3150 utterances; for utterance AMI_ES2014d_H00_MEE053_0146917_0147362 avg. like is -52.8894 over 443 frames.
LOG (gmm-acc-stats-ali[5.4.105~1-4fda]:main():gmm-acc-stats-ali.cc:105) Processed 3200 utterances; for utterance AMI_ES2014d_H00_MEE053_0182378_0182512 avg. like is -53.4018 over 132 frames.
LOG (gmm-acc-stats-ali[5.4.105~1-4fda]:main():gmm-acc-stats-ali.cc:105) Processed 3250 utterances; for utterance AMI_ES2014d_H00_MEE053_0235578_0235620 avg. like is -51.9999 over 40 frames.
LOG (gmm-acc-stats-ali[5.4.105~1-4fda]:main():gmm-acc-stats-ali.cc:105) Processed 3300 utterances; for utterance AMI_ES2014d_H00_MEE053_0268241_0268276 avg. like is -57.6498 over 33 frames.
LOG (gmm-acc-stats-ali[5.4.105~1-4fda]:main():gmm-acc-stats-ali.cc:105) Processed 3350 utterances; for utterance AMI_ES2014d_H01_MEE054_0044846_0044878 avg. like is -37.6055 over 30 frames.
LOG (gmm-acc-stats-ali[5.4.105~1-4fda]:main():gmm-acc-stats-ali.cc:105) Processed 3400 utterances; for utterance AMI_ES2014d_H01_MEE054_0128500_0128588 avg. like is -48.3291 over 86 frames.
LOG (gmm-acc-stats-ali[5.4.105~1-4fda]:main():gmm-acc-stats-ali.cc:105) Processed 3450 utterances; for utterance AMI_ES2014d_H01_MEE054_0169646_0170315 avg. like is -49.9515 over 667 frames.
LOG (gmm-acc-stats-ali[5.4.105~1-4fda]:main():gmm-acc-stats-ali.cc:105) Processed 3500 utterances; for utterance AMI_ES2014d_H01_MEE054_0239590_0239663 avg. like is -49.8476 over 71 frames.
LOG (gmm-acc-stats-ali[5.4.105~1-4fda]:main():gmm-acc-stats-ali.cc:105) Processed 3550 utterances; for utterance AMI_ES2014d_H02_FEE055_0068099_0068457 avg. like is -54.285 over 356 frames.
LOG (gmm-acc-stats-ali[5.4.105~1-4fda]:main():gmm-acc-stats-ali.cc:105) Processed 3600 utterances; for utterance AMI_ES2014d_H02_FEE055_0185945_0186153 avg. like is -48.815 over 206 frames.
LOG (gmm-acc-stats-ali[5.4.105~1-4fda]:main():gmm-acc-stats-ali.cc:105) Processed 3650 utterances; for utterance AMI_ES2014d_H03_MEE056_0008145_0008267 avg. like is -54.0781 over 120 frames.
LOG (gmm-acc-stats-ali[5.4.105~1-4fda]:main():gmm-acc-stats-ali.cc:105) Processed 3700 utterances; for utterance AMI_ES2014d_H03_MEE056_0064629_0064675 avg. like is -48.0525 over 44 frames.
LOG (gmm-acc-stats-ali[5.4.105~1-4fda]:main():gmm-acc-stats-ali.cc:105) Processed 3750 utterances; for utterance AMI_ES2014d_H03_MEE056_0097992_0098037 avg. like is -52.7464 over 43 frames.
LOG (gmm-acc-stats-ali[5.4.105~1-4fda]:main():gmm-acc-stats-ali.cc:105) Processed 3800 utterances; for utterance AMI_ES2014d_H03_MEE056_0132680_0132783 avg. like is -51.5913 over 101 frames.
LOG (gmm-acc-stats-ali[5.4.105~1-4fda]:main():gmm-acc-stats-ali.cc:105) Processed 3850 utterances; for utterance AMI_ES2014d_H03_MEE056_0170109_0170139 avg. like is -43.9056 over 28 frames.
LOG (gmm-acc-stats-ali[5.4.105~1-4fda]:main():gmm-acc-stats-ali.cc:105) Processed 3900 utterances; for utterance AMI_ES2014d_H03_MEE056_0194357_0194443 avg. like is -47.18 over 84 frames.
LOG (gmm-acc-stats-ali[5.4.105~1-4fda]:main():gmm-acc-stats-ali.cc:105) Processed 3950 utterances; for utterance AMI_ES2014d_H03_MEE056_0236639_0236690 avg. like is -51.8162 over 49 frames.
LOG (gmm-acc-stats-ali[5.4.105~1-4fda]:main():gmm-acc-stats-ali.cc:105) Processed 4000 utterances; for utterance AMI_ES2014d_H03_MEE056_0274901_0274939 avg. like is -39.9877 over 36 frames.
LOG (apply-cmvn[5.4.105~1-4fda]:main():apply-cmvn.cc:162) Applied cepstral mean normalization to 4024 utterances, errors on 0
LOG (transform-feats[5.4.105~1-4fda]:main():transform-feats.cc:158) Overall average [pseudo-]logdet is -92.7184 over 1.13337e+06 frames.
LOG (transform-feats[5.4.105~1-4fda]:main():transform-feats.cc:161) Applied transform to 4024 utterances; 0 had errors.
LOG (transform-feats[5.4.105~1-4fda]:main():transform-feats.cc:158) Overall average logdet is 4.01325 over 1.13337e+06 frames.
LOG (transform-feats[5.4.105~1-4fda]:main():transform-feats.cc:161) Applied transform to 4024 utterances; 0 had errors.
LOG (gmm-acc-stats-ali[5.4.105~1-4fda]:main():gmm-acc-stats-ali.cc:112) Done 4021 files, 3 with errors.
LOG (gmm-acc-stats-ali[5.4.105~1-4fda]:main():gmm-acc-stats-ali.cc:115) Overall avg like per frame (Gaussian only) = -50.806 over 1132371 frames.
LOG (gmm-acc-stats-ali[5.4.105~1-4fda]:main():gmm-acc-stats-ali.cc:123) Written accs.
# Accounting: time=27 threads=1
# Ended (code 0) at Thu Nov  1 02:44:43 EDT 2018, elapsed time 27 seconds
