# gmm-acc-stats-ali exp2/tri4a/4.mdl "ark,s,cs:apply-cmvn  --utt2spk=ark:data/st_ihm_all/train/split30/6/utt2spk scp:data/st_ihm_all/train/split30/6/cmvn.scp scp:data/st_ihm_all/train/split30/6/feats.scp ark:- | splice-feats --left-context=3 --right-context=3 ark:- ark:- | transform-feats exp2/tri3a_ali/final.mat ark:- ark:- | transform-feats --utt2spk=ark:data/st_ihm_all/train/split30/6/utt2spk ark:exp2/tri4a/trans.6 ark:- ark:- |" "ark,s,cs:gunzip -c exp2/tri4a/ali.6.gz|" exp2/tri4a/4.6.acc 
# Started at Thu Nov  1 02:07:34 EDT 2018
#
gmm-acc-stats-ali exp2/tri4a/4.mdl 'ark,s,cs:apply-cmvn  --utt2spk=ark:data/st_ihm_all/train/split30/6/utt2spk scp:data/st_ihm_all/train/split30/6/cmvn.scp scp:data/st_ihm_all/train/split30/6/feats.scp ark:- | splice-feats --left-context=3 --right-context=3 ark:- ark:- | transform-feats exp2/tri3a_ali/final.mat ark:- ark:- | transform-feats --utt2spk=ark:data/st_ihm_all/train/split30/6/utt2spk ark:exp2/tri4a/trans.6 ark:- ark:- |' 'ark,s,cs:gunzip -c exp2/tri4a/ali.6.gz|' exp2/tri4a/4.6.acc 
splice-feats --left-context=3 --right-context=3 ark:- ark:- 
transform-feats --utt2spk=ark:data/st_ihm_all/train/split30/6/utt2spk ark:exp2/tri4a/trans.6 ark:- ark:- 
transform-feats exp2/tri3a_ali/final.mat ark:- ark:- 
apply-cmvn --utt2spk=ark:data/st_ihm_all/train/split30/6/utt2spk scp:data/st_ihm_all/train/split30/6/cmvn.scp scp:data/st_ihm_all/train/split30/6/feats.scp ark:- 
LOG (gmm-acc-stats-ali[5.4.105~1-4fda]:main():gmm-acc-stats-ali.cc:105) Processed 50 utterances; for utterance AMI_EN2004a_H02_FEO079_0101744_0101773 avg. like is -42.0406 over 27 frames.
LOG (gmm-acc-stats-ali[5.4.105~1-4fda]:main():gmm-acc-stats-ali.cc:105) Processed 100 utterances; for utterance AMI_EN2004a_H02_FEO079_0145278_0145407 avg. like is -55.201 over 127 frames.
LOG (gmm-acc-stats-ali[5.4.105~1-4fda]:main():gmm-acc-stats-ali.cc:105) Processed 150 utterances; for utterance AMI_EN2004a_H02_FEO079_0184334_0184622 avg. like is -54.516 over 286 frames.
LOG (gmm-acc-stats-ali[5.4.105~1-4fda]:main():gmm-acc-stats-ali.cc:105) Processed 200 utterances; for utterance AMI_EN2004a_H02_FEO079_0237180_0237248 avg. like is -51.2155 over 66 frames.
LOG (gmm-acc-stats-ali[5.4.105~1-4fda]:main():gmm-acc-stats-ali.cc:105) Processed 250 utterances; for utterance AMI_EN2004a_H02_FEO079_0298975_0299009 avg. like is -60.7271 over 32 frames.
LOG (gmm-acc-stats-ali[5.4.105~1-4fda]:main():gmm-acc-stats-ali.cc:105) Processed 300 utterances; for utterance AMI_EN2004a_H03_FEE081_0050058_0050088 avg. like is -40.9762 over 28 frames.
LOG (gmm-acc-stats-ali[5.4.105~1-4fda]:main():gmm-acc-stats-ali.cc:105) Processed 350 utterances; for utterance AMI_EN2004a_H03_FEE081_0192313_0192711 avg. like is -65.3443 over 396 frames.
LOG (gmm-acc-stats-ali[5.4.105~1-4fda]:main():gmm-acc-stats-ali.cc:105) Processed 400 utterances; for utterance AMI_EN2004a_H03_FEE081_0246927_0246959 avg. like is -55.2093 over 30 frames.
LOG (gmm-acc-stats-ali[5.4.105~1-4fda]:main():gmm-acc-stats-ali.cc:105) Processed 450 utterances; for utterance AMI_EN2004a_H03_FEE081_0331823_0331926 avg. like is -55.1253 over 101 frames.
WARNING (gmm-acc-stats-ali[5.4.105~1-4fda]:main():gmm-acc-stats-ali.cc:79) No alignment for utterance AMI_EN2005a_H00_MEO082_0040876_0042313
LOG (gmm-acc-stats-ali[5.4.105~1-4fda]:main():gmm-acc-stats-ali.cc:105) Processed 500 utterances; for utterance AMI_EN2005a_H00_MEO082_0042313_0043884 avg. like is -60.5207 over 1569 frames.
LOG (gmm-acc-stats-ali[5.4.105~1-4fda]:main():gmm-acc-stats-ali.cc:105) Processed 550 utterances; for utterance AMI_EN2005a_H00_MEO082_0070076_0070658 avg. like is -55.2039 over 580 frames.
LOG (gmm-acc-stats-ali[5.4.105~1-4fda]:main():gmm-acc-stats-ali.cc:105) Processed 600 utterances; for utterance AMI_EN2005a_H00_MEO082_0147420_0147451 avg. like is -41.7974 over 29 frames.
LOG (gmm-acc-stats-ali[5.4.105~1-4fda]:main():gmm-acc-stats-ali.cc:105) Processed 650 utterances; for utterance AMI_EN2005a_H00_MEO082_0188536_0189113 avg. like is -56.425 over 575 frames.
LOG (gmm-acc-stats-ali[5.4.105~1-4fda]:main():gmm-acc-stats-ali.cc:105) Processed 700 utterances; for utterance AMI_EN2005a_H00_MEO082_0223467_0223548 avg. like is -52.3719 over 79 frames.
LOG (gmm-acc-stats-ali[5.4.105~1-4fda]:main():gmm-acc-stats-ali.cc:105) Processed 750 utterances; for utterance AMI_EN2005a_H00_MEO082_0257307_0257517 avg. like is -52.4114 over 208 frames.
LOG (gmm-acc-stats-ali[5.4.105~1-4fda]:main():gmm-acc-stats-ali.cc:105) Processed 800 utterances; for utterance AMI_EN2005a_H00_MEO082_0307549_0307591 avg. like is -46.2757 over 40 frames.
LOG (gmm-acc-stats-ali[5.4.105~1-4fda]:main():gmm-acc-stats-ali.cc:105) Processed 850 utterances; for utterance AMI_EN2005a_H00_MEO082_0410007_0410050 avg. like is -56.6331 over 41 frames.
LOG (gmm-acc-stats-ali[5.4.105~1-4fda]:main():gmm-acc-stats-ali.cc:105) Processed 900 utterances; for utterance AMI_EN2005a_H00_MEO082_0482741_0482795 avg. like is -46.5367 over 52 frames.
LOG (gmm-acc-stats-ali[5.4.105~1-4fda]:main():gmm-acc-stats-ali.cc:105) Processed 950 utterances; for utterance AMI_EN2005a_H01_FEE083_0045110_0045349 avg. like is -51.9039 over 237 frames.
LOG (gmm-acc-stats-ali[5.4.105~1-4fda]:main():gmm-acc-stats-ali.cc:105) Processed 1000 utterances; for utterance AMI_EN2005a_H01_FEE083_0091568_0091595 avg. like is -50.3915 over 25 frames.
WARNING (gmm-acc-stats-ali[5.4.105~1-4fda]:main():gmm-acc-stats-ali.cc:79) No alignment for utterance AMI_EN2005a_H01_FEE083_0103206_0103373
LOG (gmm-acc-stats-ali[5.4.105~1-4fda]:main():gmm-acc-stats-ali.cc:105) Processed 1050 utterances; for utterance AMI_EN2005a_H01_FEE083_0142588_0142961 avg. like is -55.6615 over 371 frames.
LOG (gmm-acc-stats-ali[5.4.105~1-4fda]:main():gmm-acc-stats-ali.cc:105) Processed 1100 utterances; for utterance AMI_EN2005a_H01_FEE083_0195739_0197278 avg. like is -51.0387 over 1537 frames.
LOG (gmm-acc-stats-ali[5.4.105~1-4fda]:main():gmm-acc-stats-ali.cc:105) Processed 1150 utterances; for utterance AMI_EN2005a_H01_FEE083_0245261_0245331 avg. like is -50.5918 over 68 frames.
LOG (gmm-acc-stats-ali[5.4.105~1-4fda]:main():gmm-acc-stats-ali.cc:105) Processed 1200 utterances; for utterance AMI_EN2005a_H01_FEE083_0298422_0298518 avg. like is -52.2965 over 94 frames.
LOG (gmm-acc-stats-ali[5.4.105~1-4fda]:main():gmm-acc-stats-ali.cc:105) Processed 1250 utterances; for utterance AMI_EN2005a_H01_FEE083_0343230_0343268 avg. like is -43.5657 over 36 frames.
LOG (gmm-acc-stats-ali[5.4.105~1-4fda]:main():gmm-acc-stats-ali.cc:105) Processed 1300 utterances; for utterance AMI_EN2005a_H01_FEE083_0383763_0384001 avg. like is -53.666 over 236 frames.
LOG (gmm-acc-stats-ali[5.4.105~1-4fda]:main():gmm-acc-stats-ali.cc:105) Processed 1350 utterances; for utterance AMI_EN2005a_H01_FEE083_0417560_0417691 avg. like is -53.1207 over 129 frames.
LOG (gmm-acc-stats-ali[5.4.105~1-4fda]:main():gmm-acc-stats-ali.cc:105) Processed 1400 utterances; for utterance AMI_EN2005a_H01_FEE083_0448742_0448929 avg. like is -55.3613 over 185 frames.
LOG (gmm-acc-stats-ali[5.4.105~1-4fda]:main():gmm-acc-stats-ali.cc:105) Processed 1450 utterances; for utterance AMI_EN2005a_H01_FEE083_0483879_0484024 avg. like is -55.6992 over 143 frames.
LOG (gmm-acc-stats-ali[5.4.105~1-4fda]:main():gmm-acc-stats-ali.cc:105) Processed 1500 utterances; for utterance AMI_EN2005a_H01_FEE083_0521356_0521727 avg. like is -50.9245 over 369 frames.
LOG (gmm-acc-stats-ali[5.4.105~1-4fda]:main():gmm-acc-stats-ali.cc:105) Processed 1550 utterances; for utterance AMI_EN2005a_H02_FEO084_0491395_0491988 avg. like is -54.2736 over 591 frames.
LOG (gmm-acc-stats-ali[5.4.105~1-4fda]:main():gmm-acc-stats-ali.cc:105) Processed 1600 utterances; for utterance AMI_EN2005a_H03_FEE085_0067852_0068578 avg. like is -53.6324 over 724 frames.
LOG (gmm-acc-stats-ali[5.4.105~1-4fda]:main():gmm-acc-stats-ali.cc:105) Processed 1650 utterances; for utterance AMI_EN2005a_H03_FEE085_0124327_0124611 avg. like is -54.5408 over 282 frames.
LOG (gmm-acc-stats-ali[5.4.105~1-4fda]:main():gmm-acc-stats-ali.cc:105) Processed 1700 utterances; for utterance AMI_EN2005a_H03_FEE085_0238623_0239073 avg. like is -58.6738 over 448 frames.
LOG (gmm-acc-stats-ali[5.4.105~1-4fda]:main():gmm-acc-stats-ali.cc:105) Processed 1750 utterances; for utterance AMI_EN2005a_H03_FEE085_0275090_0275600 avg. like is -53.4101 over 508 frames.
LOG (gmm-acc-stats-ali[5.4.105~1-4fda]:main():gmm-acc-stats-ali.cc:105) Processed 1800 utterances; for utterance AMI_EN2005a_H03_FEE085_0340418_0340831 avg. like is -53.037 over 411 frames.
LOG (gmm-acc-stats-ali[5.4.105~1-4fda]:main():gmm-acc-stats-ali.cc:105) Processed 1850 utterances; for utterance AMI_EN2005a_H03_FEE085_0377726_0378223 avg. like is -51.4703 over 495 frames.
LOG (gmm-acc-stats-ali[5.4.105~1-4fda]:main():gmm-acc-stats-ali.cc:105) Processed 1900 utterances; for utterance AMI_EN2005a_H03_FEE085_0409282_0410013 avg. like is -52.1384 over 729 frames.
LOG (gmm-acc-stats-ali[5.4.105~1-4fda]:main():gmm-acc-stats-ali.cc:105) Processed 1950 utterances; for utterance AMI_EN2005a_H03_FEE085_0449928_0450059 avg. like is -53.3302 over 129 frames.
LOG (gmm-acc-stats-ali[5.4.105~1-4fda]:main():gmm-acc-stats-ali.cc:105) Processed 2000 utterances; for utterance AMI_EN2005a_H03_FEE085_0481535_0482010 avg. like is -52.6104 over 473 frames.
LOG (gmm-acc-stats-ali[5.4.105~1-4fda]:main():gmm-acc-stats-ali.cc:105) Processed 2050 utterances; for utterance AMI_EN2005a_H03_FEE085_0522955_0522992 avg. like is -61.0653 over 35 frames.
LOG (gmm-acc-stats-ali[5.4.105~1-4fda]:main():gmm-acc-stats-ali.cc:105) Processed 2100 utterances; for utterance AMI_EN2006a_H00_MEE089_0022948_0022989 avg. like is -55.2187 over 39 frames.
LOG (gmm-acc-stats-ali[5.4.105~1-4fda]:main():gmm-acc-stats-ali.cc:105) Processed 2150 utterances; for utterance AMI_EN2006a_H00_MEE089_0093722_0093892 avg. like is -58.4593 over 168 frames.
LOG (gmm-acc-stats-ali[5.4.105~1-4fda]:main():gmm-acc-stats-ali.cc:105) Processed 2200 utterances; for utterance AMI_EN2006a_H00_MEE089_0150097_0150255 avg. like is -51.87 over 156 frames.
LOG (gmm-acc-stats-ali[5.4.105~1-4fda]:main():gmm-acc-stats-ali.cc:105) Processed 2250 utterances; for utterance AMI_EN2006a_H00_MEE089_0224490_0224683 avg. like is -54.9963 over 191 frames.
LOG (gmm-acc-stats-ali[5.4.105~1-4fda]:main():gmm-acc-stats-ali.cc:105) Processed 2300 utterances; for utterance AMI_EN2006a_H00_MEE089_0309567_0309755 avg. like is -49.7045 over 186 frames.
LOG (gmm-acc-stats-ali[5.4.105~1-4fda]:main():gmm-acc-stats-ali.cc:105) Processed 2350 utterances; for utterance AMI_EN2006a_H01_FEE087_0009306_0009364 avg. like is -43.2117 over 56 frames.
WARNING (gmm-acc-stats-ali[5.4.105~1-4fda]:main():gmm-acc-stats-ali.cc:79) No alignment for utterance AMI_EN2006a_H01_FEE087_0011765_0011956
LOG (gmm-acc-stats-ali[5.4.105~1-4fda]:main():gmm-acc-stats-ali.cc:105) Processed 2400 utterances; for utterance AMI_EN2006a_H01_FEE087_0032091_0032277 avg. like is -53.5038 over 184 frames.
LOG (gmm-acc-stats-ali[5.4.105~1-4fda]:main():gmm-acc-stats-ali.cc:105) Processed 2450 utterances; for utterance AMI_EN2006a_H01_FEE087_0056274_0056670 avg. like is -50.6345 over 394 frames.
LOG (gmm-acc-stats-ali[5.4.105~1-4fda]:main():gmm-acc-stats-ali.cc:105) Processed 2500 utterances; for utterance AMI_EN2006a_H01_FEE087_0085131_0085257 avg. like is -47.0745 over 124 frames.
LOG (gmm-acc-stats-ali[5.4.105~1-4fda]:main():gmm-acc-stats-ali.cc:105) Processed 2550 utterances; for utterance AMI_EN2006a_H01_FEE087_0113608_0113666 avg. like is -49.1079 over 56 frames.
LOG (gmm-acc-stats-ali[5.4.105~1-4fda]:main():gmm-acc-stats-ali.cc:105) Processed 2600 utterances; for utterance AMI_EN2006a_H01_FEE087_0144666_0144898 avg. like is -51.8629 over 230 frames.
LOG (gmm-acc-stats-ali[5.4.105~1-4fda]:main():gmm-acc-stats-ali.cc:105) Processed 2650 utterances; for utterance AMI_EN2006a_H01_FEE087_0175938_0176051 avg. like is -47.5983 over 111 frames.
LOG (gmm-acc-stats-ali[5.4.105~1-4fda]:main():gmm-acc-stats-ali.cc:105) Processed 2700 utterances; for utterance AMI_EN2006a_H01_FEE087_0205973_0206423 avg. like is -53.7671 over 448 frames.
LOG (gmm-acc-stats-ali[5.4.105~1-4fda]:main():gmm-acc-stats-ali.cc:105) Processed 2750 utterances; for utterance AMI_EN2006a_H01_FEE087_0234138_0234321 avg. like is -50.6908 over 181 frames.
LOG (gmm-acc-stats-ali[5.4.105~1-4fda]:main():gmm-acc-stats-ali.cc:105) Processed 2800 utterances; for utterance AMI_EN2006a_H01_FEE087_0259802_0259838 avg. like is -46.5631 over 34 frames.
LOG (gmm-acc-stats-ali[5.4.105~1-4fda]:main():gmm-acc-stats-ali.cc:105) Processed 2850 utterances; for utterance AMI_EN2006a_H01_FEE087_0290788_0291081 avg. like is -52.6832 over 291 frames.
LOG (gmm-acc-stats-ali[5.4.105~1-4fda]:main():gmm-acc-stats-ali.cc:105) Processed 2900 utterances; for utterance AMI_EN2006a_H01_FEE087_0321969_0322246 avg. like is -46.7392 over 275 frames.
WARNING (gmm-acc-stats-ali[5.4.105~1-4fda]:main():gmm-acc-stats-ali.cc:79) No alignment for utterance AMI_EN2006a_H01_FEE087_0343007_0343111
LOG (gmm-acc-stats-ali[5.4.105~1-4fda]:main():gmm-acc-stats-ali.cc:105) Processed 2950 utterances; for utterance AMI_EN2006a_H01_FEE087_0349711_0349818 avg. like is -53.7773 over 105 frames.
LOG (gmm-acc-stats-ali[5.4.105~1-4fda]:main():gmm-acc-stats-ali.cc:105) Processed 3000 utterances; for utterance AMI_EN2006a_H02_FEE088_0033542_0033589 avg. like is -50.0733 over 45 frames.
LOG (gmm-acc-stats-ali[5.4.105~1-4fda]:main():gmm-acc-stats-ali.cc:105) Processed 3050 utterances; for utterance AMI_EN2006a_H02_FEE088_0057741_0057780 avg. like is -48.9398 over 37 frames.
LOG (gmm-acc-stats-ali[5.4.105~1-4fda]:main():gmm-acc-stats-ali.cc:105) Processed 3100 utterances; for utterance AMI_EN2006a_H02_FEE088_0088856_0089675 avg. like is -54.5384 over 817 frames.
LOG (gmm-acc-stats-ali[5.4.105~1-4fda]:main():gmm-acc-stats-ali.cc:105) Processed 3150 utterances; for utterance AMI_EN2006a_H02_FEE088_0116798_0116823 avg. like is -69.6154 over 23 frames.
LOG (gmm-acc-stats-ali[5.4.105~1-4fda]:main():gmm-acc-stats-ali.cc:105) Processed 3200 utterances; for utterance AMI_EN2006a_H02_FEE088_0149053_0149264 avg. like is -55.3431 over 209 frames.
LOG (gmm-acc-stats-ali[5.4.105~1-4fda]:main():gmm-acc-stats-ali.cc:105) Processed 3250 utterances; for utterance AMI_EN2006a_H02_FEE088_0178944_0179100 avg. like is -52.5645 over 154 frames.
WARNING (gmm-acc-stats-ali[5.4.105~1-4fda]:main():gmm-acc-stats-ali.cc:79) No alignment for utterance AMI_EN2006a_H02_FEE088_0216223_0216257
LOG (gmm-acc-stats-ali[5.4.105~1-4fda]:main():gmm-acc-stats-ali.cc:105) Processed 3300 utterances; for utterance AMI_EN2006a_H02_FEE088_0219992_0220029 avg. like is -56.6477 over 35 frames.
LOG (gmm-acc-stats-ali[5.4.105~1-4fda]:main():gmm-acc-stats-ali.cc:105) Processed 3350 utterances; for utterance AMI_EN2006a_H02_FEE088_0244855_0244988 avg. like is -55.9091 over 131 frames.
LOG (gmm-acc-stats-ali[5.4.105~1-4fda]:main():gmm-acc-stats-ali.cc:105) Processed 3400 utterances; for utterance AMI_EN2006a_H02_FEE088_0273263_0273501 avg. like is -50.6814 over 236 frames.
LOG (gmm-acc-stats-ali[5.4.105~1-4fda]:main():gmm-acc-stats-ali.cc:105) Processed 3450 utterances; for utterance AMI_EN2006a_H02_FEE088_0300324_0300390 avg. like is -46.2289 over 64 frames.
LOG (gmm-acc-stats-ali[5.4.105~1-4fda]:main():gmm-acc-stats-ali.cc:105) Processed 3500 utterances; for utterance AMI_EN2006a_H02_FEE088_0322200_0322228 avg. like is -48.7279 over 26 frames.
WARNING (gmm-acc-stats-ali[5.4.105~1-4fda]:main():gmm-acc-stats-ali.cc:79) No alignment for utterance AMI_EN2006a_H02_FEE088_0325532_0325633
LOG (gmm-acc-stats-ali[5.4.105~1-4fda]:main():gmm-acc-stats-ali.cc:105) Processed 3550 utterances; for utterance AMI_EN2006a_H02_FEE088_0349943_0350068 avg. like is -57.7697 over 123 frames.
WARNING (gmm-acc-stats-ali[5.4.105~1-4fda]:main():gmm-acc-stats-ali.cc:79) No alignment for utterance AMI_EN2006a_H03_MEO086_0011841_0012241
WARNING (gmm-acc-stats-ali[5.4.105~1-4fda]:main():gmm-acc-stats-ali.cc:79) No alignment for utterance AMI_EN2006a_H03_MEO086_0026877_0027019
LOG (gmm-acc-stats-ali[5.4.105~1-4fda]:main():gmm-acc-stats-ali.cc:105) Processed 3600 utterances; for utterance AMI_EN2006a_H03_MEO086_0129536_0129577 avg. like is -47.6148 over 39 frames.
LOG (gmm-acc-stats-ali[5.4.105~1-4fda]:main():gmm-acc-stats-ali.cc:105) Processed 3650 utterances; for utterance AMI_EN2006b_H00_MEE089_0019049_0019333 avg. like is -67.3525 over 282 frames.
LOG (gmm-acc-stats-ali[5.4.105~1-4fda]:main():gmm-acc-stats-ali.cc:105) Processed 3700 utterances; for utterance AMI_EN2006b_H00_MEE089_0077282_0077441 avg. like is -52.2638 over 157 frames.
LOG (gmm-acc-stats-ali[5.4.105~1-4fda]:main():gmm-acc-stats-ali.cc:105) Processed 3750 utterances; for utterance AMI_EN2006b_H00_MEE089_0154680_0154755 avg. like is -57.7081 over 73 frames.
LOG (gmm-acc-stats-ali[5.4.105~1-4fda]:main():gmm-acc-stats-ali.cc:105) Processed 3800 utterances; for utterance AMI_EN2006b_H00_MEE089_0224426_0225409 avg. like is -52.0261 over 981 frames.
LOG (gmm-acc-stats-ali[5.4.105~1-4fda]:main():gmm-acc-stats-ali.cc:105) Processed 3850 utterances; for utterance AMI_EN2006b_H00_MEE089_0298987_0299004 avg. like is -65.755 over 15 frames.
LOG (gmm-acc-stats-ali[5.4.105~1-4fda]:main():gmm-acc-stats-ali.cc:105) Processed 3900 utterances; for utterance AMI_EN2006b_H01_FEE087_0027117_0027258 avg. like is -53.9534 over 139 frames.
LOG (apply-cmvn[5.4.105~1-4fda]:main():apply-cmvn.cc:162) Applied cepstral mean normalization to 3954 utterances, errors on 0
LOG (transform-feats[5.4.105~1-4fda]:main():transform-feats.cc:158) Overall average [pseudo-]logdet is -92.7184 over 969621 frames.
LOG (transform-feats[5.4.105~1-4fda]:main():transform-feats.cc:161) Applied transform to 3954 utterances; 0 had errors.
LOG (transform-feats[5.4.105~1-4fda]:main():transform-feats.cc:158) Overall average logdet is 1.43436 over 969621 frames.
LOG (transform-feats[5.4.105~1-4fda]:main():transform-feats.cc:161) Applied transform to 3954 utterances; 0 had errors.
LOG (gmm-acc-stats-ali[5.4.105~1-4fda]:main():gmm-acc-stats-ali.cc:112) Done 3946 files, 8 with errors.
LOG (gmm-acc-stats-ali[5.4.105~1-4fda]:main():gmm-acc-stats-ali.cc:115) Overall avg like per frame (Gaussian only) = -54.1227 over 967061 frames.
LOG (gmm-acc-stats-ali[5.4.105~1-4fda]:main():gmm-acc-stats-ali.cc:123) Written accs.
# Accounting: time=14 threads=1
# Ended (code 0) at Thu Nov  1 02:07:48 EDT 2018, elapsed time 14 seconds
