# gmm-acc-stats-ali exp2/tri4a/27.mdl "ark,s,cs:apply-cmvn  --utt2spk=ark:data/st_ihm_all/train/split30/15/utt2spk scp:data/st_ihm_all/train/split30/15/cmvn.scp scp:data/st_ihm_all/train/split30/15/feats.scp ark:- | splice-feats --left-context=3 --right-context=3 ark:- ark:- | transform-feats exp2/tri3a_ali/final.mat ark:- ark:- | transform-feats --utt2spk=ark:data/st_ihm_all/train/split30/15/utt2spk ark:exp2/tri4a/trans.15 ark:- ark:- |" "ark,s,cs:gunzip -c exp2/tri4a/ali.15.gz|" exp2/tri4a/27.15.acc 
# Started at Thu Nov  1 02:46:16 EDT 2018
#
gmm-acc-stats-ali exp2/tri4a/27.mdl 'ark,s,cs:apply-cmvn  --utt2spk=ark:data/st_ihm_all/train/split30/15/utt2spk scp:data/st_ihm_all/train/split30/15/cmvn.scp scp:data/st_ihm_all/train/split30/15/feats.scp ark:- | splice-feats --left-context=3 --right-context=3 ark:- ark:- | transform-feats exp2/tri3a_ali/final.mat ark:- ark:- | transform-feats --utt2spk=ark:data/st_ihm_all/train/split30/15/utt2spk ark:exp2/tri4a/trans.15 ark:- ark:- |' 'ark,s,cs:gunzip -c exp2/tri4a/ali.15.gz|' exp2/tri4a/27.15.acc 
apply-cmvn --utt2spk=ark:data/st_ihm_all/train/split30/15/utt2spk scp:data/st_ihm_all/train/split30/15/cmvn.scp scp:data/st_ihm_all/train/split30/15/feats.scp ark:- 
splice-feats --left-context=3 --right-context=3 ark:- ark:- 
transform-feats --utt2spk=ark:data/st_ihm_all/train/split30/15/utt2spk ark:exp2/tri4a/trans.15 ark:- ark:- 
transform-feats exp2/tri3a_ali/final.mat ark:- ark:- 
LOG (gmm-acc-stats-ali[5.4.105~1-4fda]:main():gmm-acc-stats-ali.cc:105) Processed 50 utterances; for utterance AMI_ES2015a_H00_FEE057_0035476_0035600 avg. like is -36.9792 over 122 frames.
LOG (gmm-acc-stats-ali[5.4.105~1-4fda]:main():gmm-acc-stats-ali.cc:105) Processed 100 utterances; for utterance AMI_ES2015a_H00_FEE057_0084779_0085449 avg. like is -48.0655 over 668 frames.
LOG (gmm-acc-stats-ali[5.4.105~1-4fda]:main():gmm-acc-stats-ali.cc:105) Processed 150 utterances; for utterance AMI_ES2015a_H00_FEE057_0111966_0113117 avg. like is -48.2825 over 1149 frames.
LOG (gmm-acc-stats-ali[5.4.105~1-4fda]:main():gmm-acc-stats-ali.cc:105) Processed 200 utterances; for utterance AMI_ES2015a_H01_FEE058_0064030_0064235 avg. like is -55.2151 over 203 frames.
LOG (gmm-acc-stats-ali[5.4.105~1-4fda]:main():gmm-acc-stats-ali.cc:105) Processed 250 utterances; for utterance AMI_ES2015a_H02_FEE059_0064329_0064991 avg. like is -55.1966 over 660 frames.
LOG (gmm-acc-stats-ali[5.4.105~1-4fda]:main():gmm-acc-stats-ali.cc:105) Processed 300 utterances; for utterance AMI_ES2015a_H03_FEE060_0076012_0076362 avg. like is -54.2385 over 348 frames.
LOG (gmm-acc-stats-ali[5.4.105~1-4fda]:main():gmm-acc-stats-ali.cc:105) Processed 350 utterances; for utterance AMI_ES2015b_H00_FEE057_0031604_0032137 avg. like is -47.9215 over 531 frames.
LOG (gmm-acc-stats-ali[5.4.105~1-4fda]:main():gmm-acc-stats-ali.cc:105) Processed 400 utterances; for utterance AMI_ES2015b_H00_FEE057_0108443_0108945 avg. like is -53.4407 over 500 frames.
LOG (gmm-acc-stats-ali[5.4.105~1-4fda]:main():gmm-acc-stats-ali.cc:105) Processed 450 utterances; for utterance AMI_ES2015b_H00_FEE057_0162624_0163018 avg. like is -48.8277 over 392 frames.
LOG (gmm-acc-stats-ali[5.4.105~1-4fda]:main():gmm-acc-stats-ali.cc:105) Processed 500 utterances; for utterance AMI_ES2015b_H00_FEE057_0186530_0186917 avg. like is -52.1268 over 385 frames.
LOG (gmm-acc-stats-ali[5.4.105~1-4fda]:main():gmm-acc-stats-ali.cc:105) Processed 550 utterances; for utterance AMI_ES2015b_H00_FEE057_0215466_0215629 avg. like is -47.5698 over 161 frames.
LOG (gmm-acc-stats-ali[5.4.105~1-4fda]:main():gmm-acc-stats-ali.cc:105) Processed 600 utterances; for utterance AMI_ES2015b_H01_FEE058_0010802_0010959 avg. like is -48.4479 over 155 frames.
LOG (gmm-acc-stats-ali[5.4.105~1-4fda]:main():gmm-acc-stats-ali.cc:105) Processed 650 utterances; for utterance AMI_ES2015b_H01_FEE058_0036401_0036873 avg. like is -49.136 over 470 frames.
LOG (gmm-acc-stats-ali[5.4.105~1-4fda]:main():gmm-acc-stats-ali.cc:105) Processed 700 utterances; for utterance AMI_ES2015b_H01_FEE058_0080409_0080427 avg. like is -51.3586 over 16 frames.
LOG (gmm-acc-stats-ali[5.4.105~1-4fda]:main():gmm-acc-stats-ali.cc:105) Processed 750 utterances; for utterance AMI_ES2015b_H01_FEE058_0157485_0157527 avg. like is -53.3298 over 40 frames.
LOG (gmm-acc-stats-ali[5.4.105~1-4fda]:main():gmm-acc-stats-ali.cc:105) Processed 800 utterances; for utterance AMI_ES2015b_H01_FEE058_0190830_0190904 avg. like is -46.201 over 72 frames.
LOG (gmm-acc-stats-ali[5.4.105~1-4fda]:main():gmm-acc-stats-ali.cc:105) Processed 850 utterances; for utterance AMI_ES2015b_H01_FEE058_0221615_0221909 avg. like is -51.6584 over 292 frames.
LOG (gmm-acc-stats-ali[5.4.105~1-4fda]:main():gmm-acc-stats-ali.cc:105) Processed 900 utterances; for utterance AMI_ES2015b_H02_FEE059_0072624_0073740 avg. like is -49.3025 over 1114 frames.
LOG (gmm-acc-stats-ali[5.4.105~1-4fda]:main():gmm-acc-stats-ali.cc:105) Processed 950 utterances; for utterance AMI_ES2015b_H02_FEE059_0173483_0174012 avg. like is -51.7511 over 527 frames.
LOG (gmm-acc-stats-ali[5.4.105~1-4fda]:main():gmm-acc-stats-ali.cc:105) Processed 1000 utterances; for utterance AMI_ES2015b_H02_FEE059_0215767_0215875 avg. like is -36.851 over 106 frames.
LOG (gmm-acc-stats-ali[5.4.105~1-4fda]:main():gmm-acc-stats-ali.cc:105) Processed 1050 utterances; for utterance AMI_ES2015b_H03_FEE060_0089581_0089897 avg. like is -47.19 over 314 frames.
LOG (gmm-acc-stats-ali[5.4.105~1-4fda]:main():gmm-acc-stats-ali.cc:105) Processed 1100 utterances; for utterance AMI_ES2015b_H03_FEE060_0109008_0109077 avg. like is -35.5972 over 67 frames.
LOG (gmm-acc-stats-ali[5.4.105~1-4fda]:main():gmm-acc-stats-ali.cc:105) Processed 1150 utterances; for utterance AMI_ES2015b_H03_FEE060_0127396_0127591 avg. like is -49.1348 over 193 frames.
LOG (gmm-acc-stats-ali[5.4.105~1-4fda]:main():gmm-acc-stats-ali.cc:105) Processed 1200 utterances; for utterance AMI_ES2015b_H03_FEE060_0157848_0157973 avg. like is -59.2387 over 123 frames.
LOG (gmm-acc-stats-ali[5.4.105~1-4fda]:main():gmm-acc-stats-ali.cc:105) Processed 1250 utterances; for utterance AMI_ES2015b_H03_FEE060_0207571_0207632 avg. like is -47.2099 over 59 frames.
LOG (gmm-acc-stats-ali[5.4.105~1-4fda]:main():gmm-acc-stats-ali.cc:105) Processed 1300 utterances; for utterance AMI_ES2015c_H00_FEE057_0024263_0024301 avg. like is -51.4367 over 36 frames.
LOG (gmm-acc-stats-ali[5.4.105~1-4fda]:main():gmm-acc-stats-ali.cc:105) Processed 1350 utterances; for utterance AMI_ES2015c_H00_FEE057_0063292_0063515 avg. like is -49.2643 over 221 frames.
LOG (gmm-acc-stats-ali[5.4.105~1-4fda]:main():gmm-acc-stats-ali.cc:105) Processed 1400 utterances; for utterance AMI_ES2015c_H00_FEE057_0107677_0107759 avg. like is -39.7391 over 80 frames.
LOG (gmm-acc-stats-ali[5.4.105~1-4fda]:main():gmm-acc-stats-ali.cc:105) Processed 1450 utterances; for utterance AMI_ES2015c_H00_FEE057_0153197_0153583 avg. like is -49.7405 over 384 frames.
LOG (gmm-acc-stats-ali[5.4.105~1-4fda]:main():gmm-acc-stats-ali.cc:105) Processed 1500 utterances; for utterance AMI_ES2015c_H00_FEE057_0176547_0176702 avg. like is -53.6018 over 153 frames.
LOG (gmm-acc-stats-ali[5.4.105~1-4fda]:main():gmm-acc-stats-ali.cc:105) Processed 1550 utterances; for utterance AMI_ES2015c_H00_FEE057_0202011_0202473 avg. like is -47.6831 over 460 frames.
LOG (gmm-acc-stats-ali[5.4.105~1-4fda]:main():gmm-acc-stats-ali.cc:105) Processed 1600 utterances; for utterance AMI_ES2015c_H01_FEE058_0020295_0020805 avg. like is -51.2298 over 508 frames.
LOG (gmm-acc-stats-ali[5.4.105~1-4fda]:main():gmm-acc-stats-ali.cc:105) Processed 1650 utterances; for utterance AMI_ES2015c_H01_FEE058_0042589_0042728 avg. like is -53.3608 over 137 frames.
LOG (gmm-acc-stats-ali[5.4.105~1-4fda]:main():gmm-acc-stats-ali.cc:105) Processed 1700 utterances; for utterance AMI_ES2015c_H01_FEE058_0065022_0065091 avg. like is -43.706 over 67 frames.
LOG (gmm-acc-stats-ali[5.4.105~1-4fda]:main():gmm-acc-stats-ali.cc:105) Processed 1750 utterances; for utterance AMI_ES2015c_H01_FEE058_0102534_0103025 avg. like is -50.6521 over 489 frames.
LOG (gmm-acc-stats-ali[5.4.105~1-4fda]:main():gmm-acc-stats-ali.cc:105) Processed 1800 utterances; for utterance AMI_ES2015c_H01_FEE058_0164936_0165409 avg. like is -49.2198 over 471 frames.
LOG (gmm-acc-stats-ali[5.4.105~1-4fda]:main():gmm-acc-stats-ali.cc:105) Processed 1850 utterances; for utterance AMI_ES2015c_H01_FEE058_0199577_0199692 avg. like is -46.3914 over 113 frames.
LOG (gmm-acc-stats-ali[5.4.105~1-4fda]:main():gmm-acc-stats-ali.cc:105) Processed 1900 utterances; for utterance AMI_ES2015c_H02_FEE059_0076897_0077101 avg. like is -46.6851 over 202 frames.
LOG (gmm-acc-stats-ali[5.4.105~1-4fda]:main():gmm-acc-stats-ali.cc:105) Processed 1950 utterances; for utterance AMI_ES2015c_H02_FEE059_0102510_0102616 avg. like is -47.9774 over 104 frames.
LOG (gmm-acc-stats-ali[5.4.105~1-4fda]:main():gmm-acc-stats-ali.cc:105) Processed 2000 utterances; for utterance AMI_ES2015c_H02_FEE059_0180288_0180736 avg. like is -53.3068 over 446 frames.
LOG (gmm-acc-stats-ali[5.4.105~1-4fda]:main():gmm-acc-stats-ali.cc:105) Processed 2050 utterances; for utterance AMI_ES2015c_H03_FEE060_0067447_0067695 avg. like is -49.7257 over 246 frames.
LOG (gmm-acc-stats-ali[5.4.105~1-4fda]:main():gmm-acc-stats-ali.cc:105) Processed 2100 utterances; for utterance AMI_ES2015c_H03_FEE060_0131930_0132303 avg. like is -47.2841 over 371 frames.
LOG (gmm-acc-stats-ali[5.4.105~1-4fda]:main():gmm-acc-stats-ali.cc:105) Processed 2150 utterances; for utterance AMI_ES2015c_H03_FEE060_0172189_0172300 avg. like is -51.0356 over 109 frames.
LOG (gmm-acc-stats-ali[5.4.105~1-4fda]:main():gmm-acc-stats-ali.cc:105) Processed 2200 utterances; for utterance AMI_ES2015d_H00_FEE057_0008395_0008448 avg. like is -48.2551 over 51 frames.
LOG (gmm-acc-stats-ali[5.4.105~1-4fda]:main():gmm-acc-stats-ali.cc:105) Processed 2250 utterances; for utterance AMI_ES2015d_H00_FEE057_0038491_0038571 avg. like is -54.8303 over 78 frames.
LOG (gmm-acc-stats-ali[5.4.105~1-4fda]:main():gmm-acc-stats-ali.cc:105) Processed 2300 utterances; for utterance AMI_ES2015d_H00_FEE057_0074859_0074930 avg. like is -54.7283 over 69 frames.
WARNING (gmm-acc-stats-ali[5.4.105~1-4fda]:main():gmm-acc-stats-ali.cc:79) No alignment for utterance AMI_ES2015d_H00_FEE057_0081698_0081710
LOG (gmm-acc-stats-ali[5.4.105~1-4fda]:main():gmm-acc-stats-ali.cc:105) Processed 2350 utterances; for utterance AMI_ES2015d_H00_FEE057_0107383_0107454 avg. like is -48.64 over 69 frames.
LOG (gmm-acc-stats-ali[5.4.105~1-4fda]:main():gmm-acc-stats-ali.cc:105) Processed 2400 utterances; for utterance AMI_ES2015d_H00_FEE057_0142144_0142384 avg. like is -55.7906 over 238 frames.
LOG (gmm-acc-stats-ali[5.4.105~1-4fda]:main():gmm-acc-stats-ali.cc:105) Processed 2450 utterances; for utterance AMI_ES2015d_H00_FEE057_0159004_0159443 avg. like is -49.4003 over 437 frames.
LOG (gmm-acc-stats-ali[5.4.105~1-4fda]:main():gmm-acc-stats-ali.cc:105) Processed 2500 utterances; for utterance AMI_ES2015d_H00_FEE057_0185424_0185446 avg. like is -67.6678 over 20 frames.
LOG (gmm-acc-stats-ali[5.4.105~1-4fda]:main():gmm-acc-stats-ali.cc:105) Processed 2550 utterances; for utterance AMI_ES2015d_H01_FEE058_0036500_0036945 avg. like is -53.3093 over 443 frames.
LOG (gmm-acc-stats-ali[5.4.105~1-4fda]:main():gmm-acc-stats-ali.cc:105) Processed 2600 utterances; for utterance AMI_ES2015d_H01_FEE058_0079822_0079988 avg. like is -54.1976 over 164 frames.
LOG (gmm-acc-stats-ali[5.4.105~1-4fda]:main():gmm-acc-stats-ali.cc:105) Processed 2650 utterances; for utterance AMI_ES2015d_H01_FEE058_0110031_0110086 avg. like is -46.5287 over 53 frames.
LOG (gmm-acc-stats-ali[5.4.105~1-4fda]:main():gmm-acc-stats-ali.cc:105) Processed 2700 utterances; for utterance AMI_ES2015d_H01_FEE058_0140799_0140975 avg. like is -48.2344 over 174 frames.
LOG (gmm-acc-stats-ali[5.4.105~1-4fda]:main():gmm-acc-stats-ali.cc:105) Processed 2750 utterances; for utterance AMI_ES2015d_H01_FEE058_0178506_0178577 avg. like is -32.8581 over 69 frames.
LOG (gmm-acc-stats-ali[5.4.105~1-4fda]:main():gmm-acc-stats-ali.cc:105) Processed 2800 utterances; for utterance AMI_ES2015d_H02_FEE059_0024181_0024311 avg. like is -43.1476 over 128 frames.
LOG (gmm-acc-stats-ali[5.4.105~1-4fda]:main():gmm-acc-stats-ali.cc:105) Processed 2850 utterances; for utterance AMI_ES2015d_H02_FEE059_0077071_0077136 avg. like is -37.0016 over 63 frames.
LOG (gmm-acc-stats-ali[5.4.105~1-4fda]:main():gmm-acc-stats-ali.cc:105) Processed 2900 utterances; for utterance AMI_ES2015d_H02_FEE059_0106139_0106192 avg. like is -48.929 over 51 frames.
LOG (gmm-acc-stats-ali[5.4.105~1-4fda]:main():gmm-acc-stats-ali.cc:105) Processed 2950 utterances; for utterance AMI_ES2015d_H02_FEE059_0134374_0134539 avg. like is -57.6748 over 163 frames.
LOG (gmm-acc-stats-ali[5.4.105~1-4fda]:main():gmm-acc-stats-ali.cc:105) Processed 3000 utterances; for utterance AMI_ES2015d_H02_FEE059_0192149_0192172 avg. like is -62.8277 over 21 frames.
LOG (gmm-acc-stats-ali[5.4.105~1-4fda]:main():gmm-acc-stats-ali.cc:105) Processed 3050 utterances; for utterance AMI_ES2015d_H03_FEE060_0062940_0063463 avg. like is -44.3552 over 521 frames.
LOG (gmm-acc-stats-ali[5.4.105~1-4fda]:main():gmm-acc-stats-ali.cc:105) Processed 3100 utterances; for utterance AMI_ES2015d_H03_FEE060_0084860_0084899 avg. like is -49.4777 over 37 frames.
WARNING (gmm-acc-stats-ali[5.4.105~1-4fda]:main():gmm-acc-stats-ali.cc:79) No alignment for utterance AMI_ES2015d_H03_FEE060_0095961_0096754
LOG (gmm-acc-stats-ali[5.4.105~1-4fda]:main():gmm-acc-stats-ali.cc:105) Processed 3150 utterances; for utterance AMI_ES2015d_H03_FEE060_0106848_0107278 avg. like is -56.9834 over 428 frames.
LOG (gmm-acc-stats-ali[5.4.105~1-4fda]:main():gmm-acc-stats-ali.cc:105) Processed 3200 utterances; for utterance AMI_ES2015d_H03_FEE060_0128468_0128558 avg. like is -46.5034 over 88 frames.
LOG (gmm-acc-stats-ali[5.4.105~1-4fda]:main():gmm-acc-stats-ali.cc:105) Processed 3250 utterances; for utterance AMI_ES2015d_H03_FEE060_0180897_0181009 avg. like is -56.5008 over 110 frames.
LOG (gmm-acc-stats-ali[5.4.105~1-4fda]:main():gmm-acc-stats-ali.cc:105) Processed 3300 utterances; for utterance AMI_ES2016a_H00_MEE061_0037686_0038642 avg. like is -51.7517 over 954 frames.
LOG (gmm-acc-stats-ali[5.4.105~1-4fda]:main():gmm-acc-stats-ali.cc:105) Processed 3350 utterances; for utterance AMI_ES2016a_H00_MEE061_0093348_0093457 avg. like is -55.4283 over 107 frames.
LOG (gmm-acc-stats-ali[5.4.105~1-4fda]:main():gmm-acc-stats-ali.cc:105) Processed 3400 utterances; for utterance AMI_ES2016a_H00_MEE061_0133126_0133851 avg. like is -49.849 over 723 frames.
LOG (gmm-acc-stats-ali[5.4.105~1-4fda]:main():gmm-acc-stats-ali.cc:105) Processed 3450 utterances; for utterance AMI_ES2016a_H01_MEO062_0113232_0113804 avg. like is -51.505 over 570 frames.
LOG (gmm-acc-stats-ali[5.4.105~1-4fda]:main():gmm-acc-stats-ali.cc:105) Processed 3500 utterances; for utterance AMI_ES2016a_H02_MEE063_0037290_0037404 avg. like is -58.1463 over 112 frames.
LOG (gmm-acc-stats-ali[5.4.105~1-4fda]:main():gmm-acc-stats-ali.cc:105) Processed 3550 utterances; for utterance AMI_ES2016a_H02_MEE063_0085500_0085758 avg. like is -50.6469 over 256 frames.
LOG (gmm-acc-stats-ali[5.4.105~1-4fda]:main():gmm-acc-stats-ali.cc:105) Processed 3600 utterances; for utterance AMI_ES2016a_H03_FEE064_0087606_0087834 avg. like is -61.1643 over 226 frames.
LOG (gmm-acc-stats-ali[5.4.105~1-4fda]:main():gmm-acc-stats-ali.cc:105) Processed 3650 utterances; for utterance AMI_ES2016b_H00_MEE061_0017038_0017892 avg. like is -48.9151 over 852 frames.
LOG (gmm-acc-stats-ali[5.4.105~1-4fda]:main():gmm-acc-stats-ali.cc:105) Processed 3700 utterances; for utterance AMI_ES2016b_H00_MEE061_0122607_0122687 avg. like is -46.9876 over 78 frames.
LOG (gmm-acc-stats-ali[5.4.105~1-4fda]:main():gmm-acc-stats-ali.cc:105) Processed 3750 utterances; for utterance AMI_ES2016b_H00_MEE061_0148724_0149029 avg. like is -49.423 over 303 frames.
LOG (gmm-acc-stats-ali[5.4.105~1-4fda]:main():gmm-acc-stats-ali.cc:105) Processed 3800 utterances; for utterance AMI_ES2016b_H00_MEE061_0179354_0179420 avg. like is -47.1445 over 64 frames.
LOG (gmm-acc-stats-ali[5.4.105~1-4fda]:main():gmm-acc-stats-ali.cc:105) Processed 3850 utterances; for utterance AMI_ES2016b_H00_MEE061_0211541_0211584 avg. like is -49.4315 over 41 frames.
LOG (gmm-acc-stats-ali[5.4.105~1-4fda]:main():gmm-acc-stats-ali.cc:105) Processed 3900 utterances; for utterance AMI_ES2016b_H01_MEO062_0093350_0094206 avg. like is -52.1416 over 854 frames.
LOG (gmm-acc-stats-ali[5.4.105~1-4fda]:main():gmm-acc-stats-ali.cc:105) Processed 3950 utterances; for utterance AMI_ES2016b_H01_MEO062_0114714_0115132 avg. like is -48.4467 over 416 frames.
LOG (gmm-acc-stats-ali[5.4.105~1-4fda]:main():gmm-acc-stats-ali.cc:105) Processed 4000 utterances; for utterance AMI_ES2016b_H01_MEO062_0204349_0204394 avg. like is -55.5013 over 43 frames.
LOG (apply-cmvn[5.4.105~1-4fda]:main():apply-cmvn.cc:162) Applied cepstral mean normalization to 4039 utterances, errors on 0
LOG (transform-feats[5.4.105~1-4fda]:main():transform-feats.cc:158) Overall average [pseudo-]logdet is -92.7184 over 983401 frames.
LOG (transform-feats[5.4.105~1-4fda]:main():transform-feats.cc:161) Applied transform to 4039 utterances; 0 had errors.
LOG (transform-feats[5.4.105~1-4fda]:main():transform-feats.cc:158) Overall average logdet is 3.32134 over 983401 frames.
LOG (transform-feats[5.4.105~1-4fda]:main():transform-feats.cc:161) Applied transform to 4039 utterances; 0 had errors.
LOG (gmm-acc-stats-ali[5.4.105~1-4fda]:main():gmm-acc-stats-ali.cc:112) Done 4037 files, 2 with errors.
LOG (gmm-acc-stats-ali[5.4.105~1-4fda]:main():gmm-acc-stats-ali.cc:115) Overall avg like per frame (Gaussian only) = -50.0289 over 982600 frames.
LOG (gmm-acc-stats-ali[5.4.105~1-4fda]:main():gmm-acc-stats-ali.cc:123) Written accs.
# Accounting: time=24 threads=1
# Ended (code 0) at Thu Nov  1 02:46:40 EDT 2018, elapsed time 24 seconds
