# gmm-acc-stats-ali exp2/tri4a/19.mdl "ark,s,cs:apply-cmvn  --utt2spk=ark:data/st_ihm_all/train/split30/22/utt2spk scp:data/st_ihm_all/train/split30/22/cmvn.scp scp:data/st_ihm_all/train/split30/22/feats.scp ark:- | splice-feats --left-context=3 --right-context=3 ark:- ark:- | transform-feats exp2/tri3a_ali/final.mat ark:- ark:- | transform-feats --utt2spk=ark:data/st_ihm_all/train/split30/22/utt2spk ark:exp2/tri4a/trans.22 ark:- ark:- |" "ark,s,cs:gunzip -c exp2/tri4a/ali.22.gz|" exp2/tri4a/19.22.acc 
# Started at Thu Nov  1 02:33:04 EDT 2018
#
gmm-acc-stats-ali exp2/tri4a/19.mdl 'ark,s,cs:apply-cmvn  --utt2spk=ark:data/st_ihm_all/train/split30/22/utt2spk scp:data/st_ihm_all/train/split30/22/cmvn.scp scp:data/st_ihm_all/train/split30/22/feats.scp ark:- | splice-feats --left-context=3 --right-context=3 ark:- ark:- | transform-feats exp2/tri3a_ali/final.mat ark:- ark:- | transform-feats --utt2spk=ark:data/st_ihm_all/train/split30/22/utt2spk ark:exp2/tri4a/trans.22 ark:- ark:- |' 'ark,s,cs:gunzip -c exp2/tri4a/ali.22.gz|' exp2/tri4a/19.22.acc 
apply-cmvn --utt2spk=ark:data/st_ihm_all/train/split30/22/utt2spk scp:data/st_ihm_all/train/split30/22/cmvn.scp scp:data/st_ihm_all/train/split30/22/feats.scp ark:- 
splice-feats --left-context=3 --right-context=3 ark:- ark:- 
transform-feats --utt2spk=ark:data/st_ihm_all/train/split30/22/utt2spk ark:exp2/tri4a/trans.22 ark:- ark:- 
transform-feats exp2/tri3a_ali/final.mat ark:- ark:- 
LOG (gmm-acc-stats-ali[5.4.105~1-4fda]:main():gmm-acc-stats-ali.cc:105) Processed 50 utterances; for utterance AMI_IS1004c_H00_MIO019_0147850_0147921 avg. like is -53.4405 over 69 frames.
LOG (gmm-acc-stats-ali[5.4.105~1-4fda]:main():gmm-acc-stats-ali.cc:105) Processed 100 utterances; for utterance AMI_IS1004c_H00_MIO019_0204428_0204797 avg. like is -51.5375 over 367 frames.
LOG (gmm-acc-stats-ali[5.4.105~1-4fda]:main():gmm-acc-stats-ali.cc:105) Processed 150 utterances; for utterance AMI_IS1004c_H01_MIE090_0041957_0042412 avg. like is -51.73 over 453 frames.
LOG (gmm-acc-stats-ali[5.4.105~1-4fda]:main():gmm-acc-stats-ali.cc:105) Processed 200 utterances; for utterance AMI_IS1004c_H01_MIE090_0079535_0080228 avg. like is -48.4459 over 691 frames.
LOG (gmm-acc-stats-ali[5.4.105~1-4fda]:main():gmm-acc-stats-ali.cc:105) Processed 250 utterances; for utterance AMI_IS1004c_H01_MIE090_0111507_0111549 avg. like is -64.4731 over 40 frames.
LOG (gmm-acc-stats-ali[5.4.105~1-4fda]:main():gmm-acc-stats-ali.cc:105) Processed 300 utterances; for utterance AMI_IS1004c_H01_MIE090_0154574_0154972 avg. like is -49.6313 over 396 frames.
LOG (gmm-acc-stats-ali[5.4.105~1-4fda]:main():gmm-acc-stats-ali.cc:105) Processed 350 utterances; for utterance AMI_IS1004c_H01_MIE090_0203367_0203392 avg. like is -49.1053 over 23 frames.
LOG (gmm-acc-stats-ali[5.4.105~1-4fda]:main():gmm-acc-stats-ali.cc:105) Processed 400 utterances; for utterance AMI_IS1004c_H02_MIO022_0069573_0069607 avg. like is -53.0705 over 32 frames.
LOG (gmm-acc-stats-ali[5.4.105~1-4fda]:main():gmm-acc-stats-ali.cc:105) Processed 450 utterances; for utterance AMI_IS1004c_H02_MIO022_0148107_0148857 avg. like is -47.5825 over 748 frames.
LOG (gmm-acc-stats-ali[5.4.105~1-4fda]:main():gmm-acc-stats-ali.cc:105) Processed 500 utterances; for utterance AMI_IS1004c_H02_MIO022_0184494_0184582 avg. like is -59.9148 over 86 frames.
LOG (gmm-acc-stats-ali[5.4.105~1-4fda]:main():gmm-acc-stats-ali.cc:105) Processed 550 utterances; for utterance AMI_IS1004c_H03_MIO047_0013438_0014096 avg. like is -50.0723 over 656 frames.
LOG (gmm-acc-stats-ali[5.4.105~1-4fda]:main():gmm-acc-stats-ali.cc:105) Processed 600 utterances; for utterance AMI_IS1004c_H03_MIO047_0045124_0045490 avg. like is -52.8409 over 364 frames.
LOG (gmm-acc-stats-ali[5.4.105~1-4fda]:main():gmm-acc-stats-ali.cc:105) Processed 650 utterances; for utterance AMI_IS1004c_H03_MIO047_0115632_0115649 avg. like is -54.676 over 15 frames.
LOG (gmm-acc-stats-ali[5.4.105~1-4fda]:main():gmm-acc-stats-ali.cc:105) Processed 700 utterances; for utterance AMI_IS1004d_H00_MIO019_0008125_0008545 avg. like is -50.756 over 418 frames.
LOG (gmm-acc-stats-ali[5.4.105~1-4fda]:main():gmm-acc-stats-ali.cc:105) Processed 750 utterances; for utterance AMI_IS1004d_H00_MIO019_0046656_0046695 avg. like is -60.5351 over 37 frames.
LOG (gmm-acc-stats-ali[5.4.105~1-4fda]:main():gmm-acc-stats-ali.cc:105) Processed 800 utterances; for utterance AMI_IS1004d_H00_MIO019_0091247_0091279 avg. like is -43.8303 over 30 frames.
LOG (gmm-acc-stats-ali[5.4.105~1-4fda]:main():gmm-acc-stats-ali.cc:105) Processed 850 utterances; for utterance AMI_IS1004d_H00_MIO019_0120748_0120952 avg. like is -47.2181 over 202 frames.
LOG (gmm-acc-stats-ali[5.4.105~1-4fda]:main():gmm-acc-stats-ali.cc:105) Processed 900 utterances; for utterance AMI_IS1004d_H00_MIO019_0142628_0142801 avg. like is -56.2326 over 171 frames.
LOG (gmm-acc-stats-ali[5.4.105~1-4fda]:main():gmm-acc-stats-ali.cc:105) Processed 950 utterances; for utterance AMI_IS1004d_H00_MIO019_0167343_0167427 avg. like is -51.8017 over 82 frames.
LOG (gmm-acc-stats-ali[5.4.105~1-4fda]:main():gmm-acc-stats-ali.cc:105) Processed 1000 utterances; for utterance AMI_IS1004d_H01_MIE090_0024072_0024209 avg. like is -56.8315 over 135 frames.
LOG (gmm-acc-stats-ali[5.4.105~1-4fda]:main():gmm-acc-stats-ali.cc:105) Processed 1050 utterances; for utterance AMI_IS1004d_H01_MIE090_0078575_0078605 avg. like is -53.6339 over 28 frames.
LOG (gmm-acc-stats-ali[5.4.105~1-4fda]:main():gmm-acc-stats-ali.cc:105) Processed 1100 utterances; for utterance AMI_IS1004d_H01_MIE090_0111542_0111606 avg. like is -23.8448 over 62 frames.
LOG (gmm-acc-stats-ali[5.4.105~1-4fda]:main():gmm-acc-stats-ali.cc:105) Processed 1150 utterances; for utterance AMI_IS1004d_H01_MIE090_0162904_0163305 avg. like is -50.4525 over 399 frames.
LOG (gmm-acc-stats-ali[5.4.105~1-4fda]:main():gmm-acc-stats-ali.cc:105) Processed 1200 utterances; for utterance AMI_IS1004d_H02_MIO022_0024230_0024301 avg. like is -59.3344 over 69 frames.
LOG (gmm-acc-stats-ali[5.4.105~1-4fda]:main():gmm-acc-stats-ali.cc:105) Processed 1250 utterances; for utterance AMI_IS1004d_H02_MIO022_0057090_0057783 avg. like is -49.0405 over 691 frames.
LOG (gmm-acc-stats-ali[5.4.105~1-4fda]:main():gmm-acc-stats-ali.cc:105) Processed 1300 utterances; for utterance AMI_IS1004d_H02_MIO022_0090899_0090991 avg. like is -51.9894 over 90 frames.
LOG (gmm-acc-stats-ali[5.4.105~1-4fda]:main():gmm-acc-stats-ali.cc:105) Processed 1350 utterances; for utterance AMI_IS1004d_H02_MIO022_0140124_0140155 avg. like is -36.3167 over 29 frames.
LOG (gmm-acc-stats-ali[5.4.105~1-4fda]:main():gmm-acc-stats-ali.cc:105) Processed 1400 utterances; for utterance AMI_IS1004d_H02_MIO022_0189662_0189742 avg. like is -61.3656 over 78 frames.
LOG (gmm-acc-stats-ali[5.4.105~1-4fda]:main():gmm-acc-stats-ali.cc:105) Processed 1450 utterances; for utterance AMI_IS1004d_H03_MIO047_0060762_0060794 avg. like is -48.5717 over 30 frames.
LOG (gmm-acc-stats-ali[5.4.105~1-4fda]:main():gmm-acc-stats-ali.cc:105) Processed 1500 utterances; for utterance AMI_IS1004d_H03_MIO047_0094956_0095117 avg. like is -59.0634 over 159 frames.
LOG (gmm-acc-stats-ali[5.4.105~1-4fda]:main():gmm-acc-stats-ali.cc:105) Processed 1550 utterances; for utterance AMI_IS1004d_H03_MIO047_0168446_0169071 avg. like is -57.8448 over 623 frames.
LOG (gmm-acc-stats-ali[5.4.105~1-4fda]:main():gmm-acc-stats-ali.cc:105) Processed 1600 utterances; for utterance AMI_IS1005a_H00_MIO055_0059069_0059090 avg. like is -62.2789 over 19 frames.
LOG (gmm-acc-stats-ali[5.4.105~1-4fda]:main():gmm-acc-stats-ali.cc:105) Processed 1650 utterances; for utterance AMI_IS1005a_H00_MIO055_0097615_0097830 avg. like is -43.5672 over 213 frames.
LOG (gmm-acc-stats-ali[5.4.105~1-4fda]:main():gmm-acc-stats-ali.cc:105) Processed 1700 utterances; for utterance AMI_IS1005a_H01_MIO077_0074466_0075509 avg. like is -48.44 over 1041 frames.
LOG (gmm-acc-stats-ali[5.4.105~1-4fda]:main():gmm-acc-stats-ali.cc:105) Processed 1750 utterances; for utterance AMI_IS1005a_H02_MIO076_0078768_0078811 avg. like is -48.1086 over 41 frames.
LOG (gmm-acc-stats-ali[5.4.105~1-4fda]:main():gmm-acc-stats-ali.cc:105) Processed 1800 utterances; for utterance AMI_IS1005a_H03_MIE002_0090798_0090902 avg. like is -50.1318 over 102 frames.
LOG (gmm-acc-stats-ali[5.4.105~1-4fda]:main():gmm-acc-stats-ali.cc:105) Processed 1850 utterances; for utterance AMI_IS1005b_H00_MIO055_0090292_0090621 avg. like is -50.4156 over 327 frames.
LOG (gmm-acc-stats-ali[5.4.105~1-4fda]:main():gmm-acc-stats-ali.cc:105) Processed 1900 utterances; for utterance AMI_IS1005b_H00_MIO055_0141200_0141365 avg. like is -43.8388 over 163 frames.
LOG (gmm-acc-stats-ali[5.4.105~1-4fda]:main():gmm-acc-stats-ali.cc:105) Processed 1950 utterances; for utterance AMI_IS1005b_H00_MIO055_0173125_0173664 avg. like is -49.5887 over 537 frames.
LOG (gmm-acc-stats-ali[5.4.105~1-4fda]:main():gmm-acc-stats-ali.cc:105) Processed 2000 utterances; for utterance AMI_IS1005b_H00_MIO055_0214800_0214889 avg. like is -57.4912 over 87 frames.
LOG (gmm-acc-stats-ali[5.4.105~1-4fda]:main():gmm-acc-stats-ali.cc:105) Processed 2050 utterances; for utterance AMI_IS1005b_H01_MIO077_0102909_0104348 avg. like is -48.2802 over 1437 frames.
LOG (gmm-acc-stats-ali[5.4.105~1-4fda]:main():gmm-acc-stats-ali.cc:105) Processed 2100 utterances; for utterance AMI_IS1005b_H01_MIO077_0147269_0147776 avg. like is -50.2009 over 505 frames.
LOG (gmm-acc-stats-ali[5.4.105~1-4fda]:main():gmm-acc-stats-ali.cc:105) Processed 2150 utterances; for utterance AMI_IS1005b_H01_MIO077_0187934_0188067 avg. like is -48.9091 over 131 frames.
LOG (gmm-acc-stats-ali[5.4.105~1-4fda]:main():gmm-acc-stats-ali.cc:105) Processed 2200 utterances; for utterance AMI_IS1005b_H02_MIO076_0062165_0064920 avg. like is -47.2977 over 2753 frames.
LOG (gmm-acc-stats-ali[5.4.105~1-4fda]:main():gmm-acc-stats-ali.cc:105) Processed 2250 utterances; for utterance AMI_IS1005b_H02_MIO076_0168924_0169337 avg. like is -53.7776 over 411 frames.
LOG (gmm-acc-stats-ali[5.4.105~1-4fda]:main():gmm-acc-stats-ali.cc:105) Processed 2300 utterances; for utterance AMI_IS1005b_H03_MIE002_0019834_0020878 avg. like is -47.8183 over 1042 frames.
LOG (gmm-acc-stats-ali[5.4.105~1-4fda]:main():gmm-acc-stats-ali.cc:105) Processed 2350 utterances; for utterance AMI_IS1005b_H03_MIE002_0110394_0110423 avg. like is -59.0966 over 27 frames.
LOG (gmm-acc-stats-ali[5.4.105~1-4fda]:main():gmm-acc-stats-ali.cc:105) Processed 2400 utterances; for utterance AMI_IS1005b_H03_MIE002_0179201_0179233 avg. like is -49.1948 over 30 frames.
WARNING (gmm-acc-stats-ali[5.4.105~1-4fda]:main():gmm-acc-stats-ali.cc:79) No alignment for utterance AMI_IS1005b_H03_MIE002_0193749_0193902
LOG (gmm-acc-stats-ali[5.4.105~1-4fda]:main():gmm-acc-stats-ali.cc:105) Processed 2450 utterances; for utterance AMI_IS1005c_H00_MIO055_0024323_0024477 avg. like is -56.0624 over 152 frames.
LOG (gmm-acc-stats-ali[5.4.105~1-4fda]:main():gmm-acc-stats-ali.cc:105) Processed 2500 utterances; for utterance AMI_IS1005c_H00_MIO055_0104413_0105700 avg. like is -50.7693 over 1285 frames.
LOG (gmm-acc-stats-ali[5.4.105~1-4fda]:main():gmm-acc-stats-ali.cc:105) Processed 2550 utterances; for utterance AMI_IS1005c_H00_MIO055_0145053_0145107 avg. like is -46.8288 over 52 frames.
LOG (gmm-acc-stats-ali[5.4.105~1-4fda]:main():gmm-acc-stats-ali.cc:105) Processed 2600 utterances; for utterance AMI_IS1005c_H00_MIO055_0179274_0179319 avg. like is -50.6719 over 43 frames.
LOG (gmm-acc-stats-ali[5.4.105~1-4fda]:main():gmm-acc-stats-ali.cc:105) Processed 2650 utterances; for utterance AMI_IS1005c_H01_MIO077_0071061_0071477 avg. like is -47.2778 over 414 frames.
LOG (gmm-acc-stats-ali[5.4.105~1-4fda]:main():gmm-acc-stats-ali.cc:105) Processed 2700 utterances; for utterance AMI_IS1005c_H01_MIO077_0101737_0101961 avg. like is -54.1797 over 222 frames.
LOG (gmm-acc-stats-ali[5.4.105~1-4fda]:main():gmm-acc-stats-ali.cc:105) Processed 2750 utterances; for utterance AMI_IS1005c_H01_MIO077_0147407_0147758 avg. like is -47.8506 over 349 frames.
LOG (gmm-acc-stats-ali[5.4.105~1-4fda]:main():gmm-acc-stats-ali.cc:105) Processed 2800 utterances; for utterance AMI_IS1005c_H02_MIO076_0034118_0034158 avg. like is -53.3124 over 38 frames.
LOG (gmm-acc-stats-ali[5.4.105~1-4fda]:main():gmm-acc-stats-ali.cc:105) Processed 2850 utterances; for utterance AMI_IS1005c_H02_MIO076_0113188_0113231 avg. like is -39.2609 over 41 frames.
LOG (gmm-acc-stats-ali[5.4.105~1-4fda]:main():gmm-acc-stats-ali.cc:105) Processed 2900 utterances; for utterance AMI_IS1005c_H02_MIO076_0185466_0185491 avg. like is -36.9424 over 23 frames.
LOG (gmm-acc-stats-ali[5.4.105~1-4fda]:main():gmm-acc-stats-ali.cc:105) Processed 2950 utterances; for utterance AMI_IS1005c_H03_MIE002_0089813_0089939 avg. like is -51.7237 over 124 frames.
LOG (gmm-acc-stats-ali[5.4.105~1-4fda]:main():gmm-acc-stats-ali.cc:105) Processed 3000 utterances; for utterance AMI_IS1005c_H03_MIE002_0188034_0188064 avg. like is -56.0718 over 28 frames.
LOG (gmm-acc-stats-ali[5.4.105~1-4fda]:main():gmm-acc-stats-ali.cc:105) Processed 3050 utterances; for utterance AMI_IS1006a_H00_FIO041_0036583_0036892 avg. like is -57.3643 over 307 frames.
LOG (gmm-acc-stats-ali[5.4.105~1-4fda]:main():gmm-acc-stats-ali.cc:105) Processed 3100 utterances; for utterance AMI_IS1006a_H00_FIO041_0075733_0076591 avg. like is -48.6929 over 856 frames.
LOG (gmm-acc-stats-ali[5.4.105~1-4fda]:main():gmm-acc-stats-ali.cc:105) Processed 3150 utterances; for utterance AMI_IS1006a_H01_MIO040_0049426_0049510 avg. like is -56.8415 over 82 frames.
LOG (gmm-acc-stats-ali[5.4.105~1-4fda]:main():gmm-acc-stats-ali.cc:105) Processed 3200 utterances; for utterance AMI_IS1006a_H02_MIO078_0041687_0041705 avg. like is -47.9738 over 16 frames.
LOG (gmm-acc-stats-ali[5.4.105~1-4fda]:main():gmm-acc-stats-ali.cc:105) Processed 3250 utterances; for utterance AMI_IS1006a_H02_MIO078_0079164_0079523 avg. like is -54.8697 over 357 frames.
LOG (gmm-acc-stats-ali[5.4.105~1-4fda]:main():gmm-acc-stats-ali.cc:105) Processed 3300 utterances; for utterance AMI_IS1006a_H03_MIO008_0039200_0039590 avg. like is -48.456 over 388 frames.
LOG (gmm-acc-stats-ali[5.4.105~1-4fda]:main():gmm-acc-stats-ali.cc:105) Processed 3350 utterances; for utterance AMI_IS1006a_H03_MIO008_0078570_0078757 avg. like is -53.4565 over 185 frames.
LOG (gmm-acc-stats-ali[5.4.105~1-4fda]:main():gmm-acc-stats-ali.cc:105) Processed 3400 utterances; for utterance AMI_IS1006b_H00_FIO041_0069317_0069387 avg. like is -37.6802 over 68 frames.
LOG (gmm-acc-stats-ali[5.4.105~1-4fda]:main():gmm-acc-stats-ali.cc:105) Processed 3450 utterances; for utterance AMI_IS1006b_H00_FIO041_0160942_0160969 avg. like is -46.1734 over 25 frames.
LOG (gmm-acc-stats-ali[5.4.105~1-4fda]:main():gmm-acc-stats-ali.cc:105) Processed 3500 utterances; for utterance AMI_IS1006b_H00_FIO041_0205261_0205505 avg. like is -45.1648 over 242 frames.
LOG (gmm-acc-stats-ali[5.4.105~1-4fda]:main():gmm-acc-stats-ali.cc:105) Processed 3550 utterances; for utterance AMI_IS1006b_H01_MIO040_0076807_0077001 avg. like is -50.5352 over 192 frames.
LOG (gmm-acc-stats-ali[5.4.105~1-4fda]:main():gmm-acc-stats-ali.cc:105) Processed 3600 utterances; for utterance AMI_IS1006b_H01_MIO040_0104520_0104689 avg. like is -47.7478 over 167 frames.
WARNING (gmm-acc-stats-ali[5.4.105~1-4fda]:main():gmm-acc-stats-ali.cc:79) No alignment for utterance AMI_IS1006b_H01_MIO040_0117999_0118434
LOG (gmm-acc-stats-ali[5.4.105~1-4fda]:main():gmm-acc-stats-ali.cc:105) Processed 3650 utterances; for utterance AMI_IS1006b_H01_MIO040_0187982_0188204 avg. like is -52.9074 over 220 frames.
LOG (gmm-acc-stats-ali[5.4.105~1-4fda]:main():gmm-acc-stats-ali.cc:105) Processed 3700 utterances; for utterance AMI_IS1006b_H02_MIO078_0083058_0083371 avg. like is -49.9804 over 311 frames.
LOG (gmm-acc-stats-ali[5.4.105~1-4fda]:main():gmm-acc-stats-ali.cc:105) Processed 3750 utterances; for utterance AMI_IS1006b_H02_MIO078_0149424_0150270 avg. like is -49.4373 over 844 frames.
LOG (gmm-acc-stats-ali[5.4.105~1-4fda]:main():gmm-acc-stats-ali.cc:105) Processed 3800 utterances; for utterance AMI_IS1006b_H02_MIO078_0189979_0190095 avg. like is -55.4984 over 114 frames.
LOG (gmm-acc-stats-ali[5.4.105~1-4fda]:main():gmm-acc-stats-ali.cc:105) Processed 3850 utterances; for utterance AMI_IS1006b_H03_MIO008_0022052_0022558 avg. like is -50.1441 over 504 frames.
LOG (gmm-acc-stats-ali[5.4.105~1-4fda]:main():gmm-acc-stats-ali.cc:105) Processed 3900 utterances; for utterance AMI_IS1006b_H03_MIO008_0056145_0057016 avg. like is -50.3085 over 869 frames.
LOG (gmm-acc-stats-ali[5.4.105~1-4fda]:main():gmm-acc-stats-ali.cc:105) Processed 3950 utterances; for utterance AMI_IS1006b_H03_MIO008_0121140_0121626 avg. like is -50.7978 over 484 frames.
LOG (gmm-acc-stats-ali[5.4.105~1-4fda]:main():gmm-acc-stats-ali.cc:105) Processed 4000 utterances; for utterance AMI_IS1006b_H03_MIO008_0189236_0189269 avg. like is -53.4943 over 31 frames.
LOG (gmm-acc-stats-ali[5.4.105~1-4fda]:main():gmm-acc-stats-ali.cc:105) Processed 4050 utterances; for utterance AMI_IS1006c_H00_FIO041_0033881_0034273 avg. like is -49.8397 over 390 frames.
LOG (apply-cmvn[5.4.105~1-4fda]:main():apply-cmvn.cc:162) Applied cepstral mean normalization to 4102 utterances, errors on 0
LOG (gmm-acc-stats-ali[5.4.105~1-4fda]:main():gmm-acc-stats-ali.cc:105) Processed 4100 utterances; for utterance AMI_IS1006c_H00_FIO041_0094531_0094822 avg. like is -68.7366 over 289 frames.
LOG (transform-feats[5.4.105~1-4fda]:main():transform-feats.cc:158) Overall average [pseudo-]logdet is -92.7184 over 1.16433e+06 frames.
LOG (transform-feats[5.4.105~1-4fda]:main():transform-feats.cc:161) Applied transform to 4102 utterances; 0 had errors.
LOG (transform-feats[5.4.105~1-4fda]:main():transform-feats.cc:158) Overall average logdet is 4.39093 over 1.16433e+06 frames.
LOG (transform-feats[5.4.105~1-4fda]:main():transform-feats.cc:161) Applied transform to 4102 utterances; 0 had errors.
LOG (gmm-acc-stats-ali[5.4.105~1-4fda]:main():gmm-acc-stats-ali.cc:112) Done 4100 files, 2 with errors.
LOG (gmm-acc-stats-ali[5.4.105~1-4fda]:main():gmm-acc-stats-ali.cc:115) Overall avg like per frame (Gaussian only) = -51.0107 over 1163750 frames.
LOG (gmm-acc-stats-ali[5.4.105~1-4fda]:main():gmm-acc-stats-ali.cc:123) Written accs.
# Accounting: time=22 threads=1
# Ended (code 0) at Thu Nov  1 02:33:26 EDT 2018, elapsed time 22 seconds
