# gmm-acc-stats-ali exp2/tri4a/24.mdl "ark,s,cs:apply-cmvn  --utt2spk=ark:data/st_ihm_all/train/split30/7/utt2spk scp:data/st_ihm_all/train/split30/7/cmvn.scp scp:data/st_ihm_all/train/split30/7/feats.scp ark:- | splice-feats --left-context=3 --right-context=3 ark:- ark:- | transform-feats exp2/tri3a_ali/final.mat ark:- ark:- | transform-feats --utt2spk=ark:data/st_ihm_all/train/split30/7/utt2spk ark:exp2/tri4a/trans.7 ark:- ark:- |" "ark,s,cs:gunzip -c exp2/tri4a/ali.7.gz|" exp2/tri4a/24.7.acc 
# Started at Thu Nov  1 02:43:19 EDT 2018
#
gmm-acc-stats-ali exp2/tri4a/24.mdl 'ark,s,cs:apply-cmvn  --utt2spk=ark:data/st_ihm_all/train/split30/7/utt2spk scp:data/st_ihm_all/train/split30/7/cmvn.scp scp:data/st_ihm_all/train/split30/7/feats.scp ark:- | splice-feats --left-context=3 --right-context=3 ark:- ark:- | transform-feats exp2/tri3a_ali/final.mat ark:- ark:- | transform-feats --utt2spk=ark:data/st_ihm_all/train/split30/7/utt2spk ark:exp2/tri4a/trans.7 ark:- ark:- |' 'ark,s,cs:gunzip -c exp2/tri4a/ali.7.gz|' exp2/tri4a/24.7.acc 
transform-feats --utt2spk=ark:data/st_ihm_all/train/split30/7/utt2spk ark:exp2/tri4a/trans.7 ark:- ark:- 
apply-cmvn --utt2spk=ark:data/st_ihm_all/train/split30/7/utt2spk scp:data/st_ihm_all/train/split30/7/cmvn.scp scp:data/st_ihm_all/train/split30/7/feats.scp ark:- 
splice-feats --left-context=3 --right-context=3 ark:- ark:- 
transform-feats exp2/tri3a_ali/final.mat ark:- ark:- 
LOG (gmm-acc-stats-ali[5.4.105~1-4fda]:main():gmm-acc-stats-ali.cc:105) Processed 50 utterances; for utterance AMI_EN2006b_H01_FEE087_0075191_0075277 avg. like is -51.8614 over 84 frames.
LOG (gmm-acc-stats-ali[5.4.105~1-4fda]:main():gmm-acc-stats-ali.cc:105) Processed 100 utterances; for utterance AMI_EN2006b_H01_FEE087_0096280_0096393 avg. like is -49.2908 over 111 frames.
LOG (gmm-acc-stats-ali[5.4.105~1-4fda]:main():gmm-acc-stats-ali.cc:105) Processed 150 utterances; for utterance AMI_EN2006b_H01_FEE087_0120096_0120165 avg. like is -38.9996 over 67 frames.
LOG (gmm-acc-stats-ali[5.4.105~1-4fda]:main():gmm-acc-stats-ali.cc:105) Processed 200 utterances; for utterance AMI_EN2006b_H01_FEE087_0143747_0143967 avg. like is -53.6547 over 218 frames.
LOG (gmm-acc-stats-ali[5.4.105~1-4fda]:main():gmm-acc-stats-ali.cc:105) Processed 250 utterances; for utterance AMI_EN2006b_H01_FEE087_0169880_0170054 avg. like is -53.8079 over 172 frames.
LOG (gmm-acc-stats-ali[5.4.105~1-4fda]:main():gmm-acc-stats-ali.cc:105) Processed 300 utterances; for utterance AMI_EN2006b_H01_FEE087_0192712_0192911 avg. like is -54.394 over 197 frames.
LOG (gmm-acc-stats-ali[5.4.105~1-4fda]:main():gmm-acc-stats-ali.cc:105) Processed 350 utterances; for utterance AMI_EN2006b_H01_FEE087_0217698_0218042 avg. like is -47.673 over 342 frames.
WARNING (gmm-acc-stats-ali[5.4.105~1-4fda]:main():gmm-acc-stats-ali.cc:79) No alignment for utterance AMI_EN2006b_H01_FEE087_0220241_0220257
LOG (gmm-acc-stats-ali[5.4.105~1-4fda]:main():gmm-acc-stats-ali.cc:105) Processed 400 utterances; for utterance AMI_EN2006b_H01_FEE087_0247940_0248292 avg. like is -55.536 over 350 frames.
LOG (gmm-acc-stats-ali[5.4.105~1-4fda]:main():gmm-acc-stats-ali.cc:105) Processed 450 utterances; for utterance AMI_EN2006b_H01_FEE087_0276226_0276577 avg. like is -48.6146 over 349 frames.
LOG (gmm-acc-stats-ali[5.4.105~1-4fda]:main():gmm-acc-stats-ali.cc:105) Processed 500 utterances; for utterance AMI_EN2006b_H02_FEE088_0005109_0005228 avg. like is -53.9502 over 117 frames.
LOG (gmm-acc-stats-ali[5.4.105~1-4fda]:main():gmm-acc-stats-ali.cc:105) Processed 550 utterances; for utterance AMI_EN2006b_H02_FEE088_0032499_0032827 avg. like is -47.4934 over 326 frames.
WARNING (gmm-acc-stats-ali[5.4.105~1-4fda]:main():gmm-acc-stats-ali.cc:79) No alignment for utterance AMI_EN2006b_H02_FEE088_0047563_0047697
LOG (gmm-acc-stats-ali[5.4.105~1-4fda]:main():gmm-acc-stats-ali.cc:105) Processed 600 utterances; for utterance AMI_EN2006b_H02_FEE088_0060362_0060383 avg. like is -44.9968 over 19 frames.
LOG (gmm-acc-stats-ali[5.4.105~1-4fda]:main():gmm-acc-stats-ali.cc:105) Processed 650 utterances; for utterance AMI_EN2006b_H02_FEE088_0086353_0086627 avg. like is -43.7553 over 272 frames.
LOG (gmm-acc-stats-ali[5.4.105~1-4fda]:main():gmm-acc-stats-ali.cc:105) Processed 700 utterances; for utterance AMI_EN2006b_H02_FEE088_0108109_0108182 avg. like is -47.688 over 71 frames.
LOG (gmm-acc-stats-ali[5.4.105~1-4fda]:main():gmm-acc-stats-ali.cc:105) Processed 750 utterances; for utterance AMI_EN2006b_H02_FEE088_0132598_0133041 avg. like is -51.9397 over 441 frames.
LOG (gmm-acc-stats-ali[5.4.105~1-4fda]:main():gmm-acc-stats-ali.cc:105) Processed 800 utterances; for utterance AMI_EN2006b_H02_FEE088_0159842_0160053 avg. like is -49.4423 over 209 frames.
LOG (gmm-acc-stats-ali[5.4.105~1-4fda]:main():gmm-acc-stats-ali.cc:105) Processed 850 utterances; for utterance AMI_EN2006b_H02_FEE088_0188233_0188403 avg. like is -48.1493 over 168 frames.
LOG (gmm-acc-stats-ali[5.4.105~1-4fda]:main():gmm-acc-stats-ali.cc:105) Processed 900 utterances; for utterance AMI_EN2006b_H02_FEE088_0213044_0213100 avg. like is -42.457 over 54 frames.
LOG (gmm-acc-stats-ali[5.4.105~1-4fda]:main():gmm-acc-stats-ali.cc:105) Processed 950 utterances; for utterance AMI_EN2006b_H02_FEE088_0238083_0238394 avg. like is -48.3207 over 309 frames.
LOG (gmm-acc-stats-ali[5.4.105~1-4fda]:main():gmm-acc-stats-ali.cc:105) Processed 1000 utterances; for utterance AMI_EN2006b_H02_FEE088_0272643_0272769 avg. like is -48.9774 over 124 frames.
LOG (gmm-acc-stats-ali[5.4.105~1-4fda]:main():gmm-acc-stats-ali.cc:105) Processed 1050 utterances; for utterance AMI_EN2006b_H02_FEE088_0295591_0295813 avg. like is -49.4355 over 220 frames.
LOG (gmm-acc-stats-ali[5.4.105~1-4fda]:main():gmm-acc-stats-ali.cc:105) Processed 1100 utterances; for utterance AMI_EN2006b_H03_MEO086_0169073_0169098 avg. like is -46.3737 over 23 frames.
LOG (gmm-acc-stats-ali[5.4.105~1-4fda]:main():gmm-acc-stats-ali.cc:105) Processed 1150 utterances; for utterance AMI_EN2009b_H00_MEE095_0010582_0010842 avg. like is -49.3981 over 258 frames.
LOG (gmm-acc-stats-ali[5.4.105~1-4fda]:main():gmm-acc-stats-ali.cc:105) Processed 1200 utterances; for utterance AMI_EN2009b_H00_MEE095_0044990_0045304 avg. like is -47.1225 over 312 frames.
LOG (gmm-acc-stats-ali[5.4.105~1-4fda]:main():gmm-acc-stats-ali.cc:105) Processed 1250 utterances; for utterance AMI_EN2009b_H00_MEE095_0086530_0086556 avg. like is -45.5689 over 24 frames.
LOG (gmm-acc-stats-ali[5.4.105~1-4fda]:main():gmm-acc-stats-ali.cc:105) Processed 1300 utterances; for utterance AMI_EN2009b_H00_MEE095_0139097_0139368 avg. like is -47.9617 over 269 frames.
LOG (gmm-acc-stats-ali[5.4.105~1-4fda]:main():gmm-acc-stats-ali.cc:105) Processed 1350 utterances; for utterance AMI_EN2009b_H00_MEE095_0210396_0210508 avg. like is -51.6914 over 110 frames.
LOG (gmm-acc-stats-ali[5.4.105~1-4fda]:main():gmm-acc-stats-ali.cc:105) Processed 1400 utterances; for utterance AMI_EN2009b_H01_FEE083_0011541_0011813 avg. like is -49.5216 over 270 frames.
LOG (gmm-acc-stats-ali[5.4.105~1-4fda]:main():gmm-acc-stats-ali.cc:105) Processed 1450 utterances; for utterance AMI_EN2009b_H01_FEE083_0033377_0033409 avg. like is -43.9383 over 30 frames.
LOG (gmm-acc-stats-ali[5.4.105~1-4fda]:main():gmm-acc-stats-ali.cc:105) Processed 1500 utterances; for utterance AMI_EN2009b_H01_FEE083_0061792_0061849 avg. like is -37.0218 over 55 frames.
LOG (gmm-acc-stats-ali[5.4.105~1-4fda]:main():gmm-acc-stats-ali.cc:105) Processed 1550 utterances; for utterance AMI_EN2009b_H01_FEE083_0085156_0085770 avg. like is -51.2633 over 612 frames.
WARNING (gmm-acc-stats-ali[5.4.105~1-4fda]:main():gmm-acc-stats-ali.cc:79) No alignment for utterance AMI_EN2009b_H01_FEE083_0085770_0086449
LOG (gmm-acc-stats-ali[5.4.105~1-4fda]:main():gmm-acc-stats-ali.cc:105) Processed 1600 utterances; for utterance AMI_EN2009b_H01_FEE083_0112935_0113024 avg. like is -52.1581 over 87 frames.
LOG (gmm-acc-stats-ali[5.4.105~1-4fda]:main():gmm-acc-stats-ali.cc:105) Processed 1650 utterances; for utterance AMI_EN2009b_H01_FEE083_0140406_0140436 avg. like is -31.7546 over 28 frames.
LOG (gmm-acc-stats-ali[5.4.105~1-4fda]:main():gmm-acc-stats-ali.cc:105) Processed 1700 utterances; for utterance AMI_EN2009b_H01_FEE083_0170061_0170321 avg. like is -49.4979 over 258 frames.
LOG (gmm-acc-stats-ali[5.4.105~1-4fda]:main():gmm-acc-stats-ali.cc:105) Processed 1750 utterances; for utterance AMI_EN2009b_H01_FEE083_0192943_0193241 avg. like is -45.8229 over 296 frames.
WARNING (gmm-acc-stats-ali[5.4.105~1-4fda]:main():gmm-acc-stats-ali.cc:79) No alignment for utterance AMI_EN2009b_H01_FEE083_0206275_0206485
LOG (gmm-acc-stats-ali[5.4.105~1-4fda]:main():gmm-acc-stats-ali.cc:105) Processed 1800 utterances; for utterance AMI_EN2009b_H01_FEE083_0217580_0217902 avg. like is -45.0344 over 320 frames.
LOG (gmm-acc-stats-ali[5.4.105~1-4fda]:main():gmm-acc-stats-ali.cc:105) Processed 1850 utterances; for utterance AMI_EN2009b_H02_MEE094_0023083_0023194 avg. like is -54.3577 over 109 frames.
LOG (gmm-acc-stats-ali[5.4.105~1-4fda]:main():gmm-acc-stats-ali.cc:105) Processed 1900 utterances; for utterance AMI_EN2009b_H02_MEE094_0060544_0061075 avg. like is -51.1885 over 529 frames.
LOG (gmm-acc-stats-ali[5.4.105~1-4fda]:main():gmm-acc-stats-ali.cc:105) Processed 1950 utterances; for utterance AMI_EN2009b_H02_MEE094_0097928_0097955 avg. like is -53.3209 over 25 frames.
LOG (gmm-acc-stats-ali[5.4.105~1-4fda]:main():gmm-acc-stats-ali.cc:105) Processed 2000 utterances; for utterance AMI_EN2009b_H02_MEE094_0139546_0139671 avg. like is -49.3792 over 123 frames.
LOG (gmm-acc-stats-ali[5.4.105~1-4fda]:main():gmm-acc-stats-ali.cc:105) Processed 2050 utterances; for utterance AMI_EN2009b_H02_MEE094_0162183_0162360 avg. like is -53.8826 over 175 frames.
LOG (gmm-acc-stats-ali[5.4.105~1-4fda]:main():gmm-acc-stats-ali.cc:105) Processed 2100 utterances; for utterance AMI_EN2009b_H02_MEE094_0195473_0195709 avg. like is -49.913 over 234 frames.
LOG (gmm-acc-stats-ali[5.4.105~1-4fda]:main():gmm-acc-stats-ali.cc:105) Processed 2150 utterances; for utterance AMI_EN2009c_H00_MEE095_0002356_0002689 avg. like is -59.5309 over 331 frames.
WARNING (gmm-acc-stats-ali[5.4.105~1-4fda]:main():gmm-acc-stats-ali.cc:79) No alignment for utterance AMI_EN2009c_H00_MEE095_0019048_0019365
LOG (gmm-acc-stats-ali[5.4.105~1-4fda]:main():gmm-acc-stats-ali.cc:105) Processed 2200 utterances; for utterance AMI_EN2009c_H00_MEE095_0033486_0034294 avg. like is -54.0673 over 806 frames.
LOG (gmm-acc-stats-ali[5.4.105~1-4fda]:main():gmm-acc-stats-ali.cc:105) Processed 2250 utterances; for utterance AMI_EN2009c_H00_MEE095_0087594_0088068 avg. like is -52.8102 over 472 frames.
LOG (gmm-acc-stats-ali[5.4.105~1-4fda]:main():gmm-acc-stats-ali.cc:105) Processed 2300 utterances; for utterance AMI_EN2009c_H00_MEE095_0156003_0156145 avg. like is -52.7727 over 140 frames.
LOG (gmm-acc-stats-ali[5.4.105~1-4fda]:main():gmm-acc-stats-ali.cc:105) Processed 2350 utterances; for utterance AMI_EN2009c_H00_MEE095_0183597_0183697 avg. like is -50.2046 over 98 frames.
LOG (gmm-acc-stats-ali[5.4.105~1-4fda]:main():gmm-acc-stats-ali.cc:105) Processed 2400 utterances; for utterance AMI_EN2009c_H00_MEE095_0232333_0232444 avg. like is -49.8458 over 109 frames.
LOG (gmm-acc-stats-ali[5.4.105~1-4fda]:main():gmm-acc-stats-ali.cc:105) Processed 2450 utterances; for utterance AMI_EN2009c_H00_MEE095_0272716_0272852 avg. like is -53.143 over 134 frames.
WARNING (gmm-acc-stats-ali[5.4.105~1-4fda]:main():gmm-acc-stats-ali.cc:79) No alignment for utterance AMI_EN2009c_H01_FEE083_0002392_0002574
LOG (gmm-acc-stats-ali[5.4.105~1-4fda]:main():gmm-acc-stats-ali.cc:105) Processed 2500 utterances; for utterance AMI_EN2009c_H01_FEE083_0004413_0004474 avg. like is -60.7729 over 59 frames.
LOG (gmm-acc-stats-ali[5.4.105~1-4fda]:main():gmm-acc-stats-ali.cc:105) Processed 2550 utterances; for utterance AMI_EN2009c_H01_FEE083_0031656_0032164 avg. like is -48.3626 over 506 frames.
LOG (gmm-acc-stats-ali[5.4.105~1-4fda]:main():gmm-acc-stats-ali.cc:105) Processed 2600 utterances; for utterance AMI_EN2009c_H01_FEE083_0057697_0058174 avg. like is -50.2987 over 475 frames.
WARNING (gmm-acc-stats-ali[5.4.105~1-4fda]:main():gmm-acc-stats-ali.cc:79) No alignment for utterance AMI_EN2009c_H01_FEE083_0069047_0069142
LOG (gmm-acc-stats-ali[5.4.105~1-4fda]:main():gmm-acc-stats-ali.cc:105) Processed 2650 utterances; for utterance AMI_EN2009c_H01_FEE083_0084892_0085052 avg. like is -58.0259 over 158 frames.
LOG (gmm-acc-stats-ali[5.4.105~1-4fda]:main():gmm-acc-stats-ali.cc:105) Processed 2700 utterances; for utterance AMI_EN2009c_H01_FEE083_0109999_0110275 avg. like is -44.5506 over 274 frames.
LOG (gmm-acc-stats-ali[5.4.105~1-4fda]:main():gmm-acc-stats-ali.cc:105) Processed 2750 utterances; for utterance AMI_EN2009c_H01_FEE083_0132682_0132756 avg. like is -33.0705 over 72 frames.
LOG (gmm-acc-stats-ali[5.4.105~1-4fda]:main():gmm-acc-stats-ali.cc:105) Processed 2800 utterances; for utterance AMI_EN2009c_H01_FEE083_0160442_0160592 avg. like is -54.5163 over 148 frames.
LOG (gmm-acc-stats-ali[5.4.105~1-4fda]:main():gmm-acc-stats-ali.cc:105) Processed 2850 utterances; for utterance AMI_EN2009c_H01_FEE083_0184447_0184667 avg. like is -50.3069 over 218 frames.
WARNING (gmm-acc-stats-ali[5.4.105~1-4fda]:main():gmm-acc-stats-ali.cc:79) No alignment for utterance AMI_EN2009c_H01_FEE083_0186978_0187151
LOG (gmm-acc-stats-ali[5.4.105~1-4fda]:main():gmm-acc-stats-ali.cc:105) Processed 2900 utterances; for utterance AMI_EN2009c_H01_FEE083_0207096_0207142 avg. like is -44.4984 over 44 frames.
LOG (gmm-acc-stats-ali[5.4.105~1-4fda]:main():gmm-acc-stats-ali.cc:105) Processed 2950 utterances; for utterance AMI_EN2009c_H01_FEE083_0242490_0242689 avg. like is -47.5374 over 197 frames.
LOG (gmm-acc-stats-ali[5.4.105~1-4fda]:main():gmm-acc-stats-ali.cc:105) Processed 3000 utterances; for utterance AMI_EN2009c_H01_FEE083_0281694_0282294 avg. like is -49.2312 over 598 frames.
LOG (gmm-acc-stats-ali[5.4.105~1-4fda]:main():gmm-acc-stats-ali.cc:105) Processed 3050 utterances; for utterance AMI_EN2009c_H02_MEE094_0043847_0044178 avg. like is -48.4381 over 329 frames.
LOG (gmm-acc-stats-ali[5.4.105~1-4fda]:main():gmm-acc-stats-ali.cc:105) Processed 3100 utterances; for utterance AMI_EN2009c_H02_MEE094_0078346_0079687 avg. like is -49.9179 over 1339 frames.
LOG (gmm-acc-stats-ali[5.4.105~1-4fda]:main():gmm-acc-stats-ali.cc:105) Processed 3150 utterances; for utterance AMI_EN2009c_H02_MEE094_0124433_0124704 avg. like is -56.5252 over 269 frames.
LOG (gmm-acc-stats-ali[5.4.105~1-4fda]:main():gmm-acc-stats-ali.cc:105) Processed 3200 utterances; for utterance AMI_EN2009c_H02_MEE094_0159180_0159219 avg. like is -41.2067 over 37 frames.
LOG (gmm-acc-stats-ali[5.4.105~1-4fda]:main():gmm-acc-stats-ali.cc:105) Processed 3250 utterances; for utterance AMI_EN2009c_H02_MEE094_0199323_0199393 avg. like is -47.2634 over 68 frames.
LOG (gmm-acc-stats-ali[5.4.105~1-4fda]:main():gmm-acc-stats-ali.cc:105) Processed 3300 utterances; for utterance AMI_EN2009c_H02_MEE094_0228223_0228246 avg. like is -46.0033 over 21 frames.
LOG (gmm-acc-stats-ali[5.4.105~1-4fda]:main():gmm-acc-stats-ali.cc:105) Processed 3350 utterances; for utterance AMI_EN2009c_H02_MEE094_0265345_0265560 avg. like is -53.6379 over 213 frames.
LOG (gmm-acc-stats-ali[5.4.105~1-4fda]:main():gmm-acc-stats-ali.cc:105) Processed 3400 utterances; for utterance AMI_EN2009d_H00_FEE083_0000601_0000853 avg. like is -50.143 over 250 frames.
LOG (gmm-acc-stats-ali[5.4.105~1-4fda]:main():gmm-acc-stats-ali.cc:105) Processed 3450 utterances; for utterance AMI_EN2009d_H00_FEE083_0027014_0027039 avg. like is -43.8429 over 23 frames.
LOG (gmm-acc-stats-ali[5.4.105~1-4fda]:main():gmm-acc-stats-ali.cc:105) Processed 3500 utterances; for utterance AMI_EN2009d_H00_FEE083_0067756_0067788 avg. like is -45.3394 over 30 frames.
WARNING (gmm-acc-stats-ali[5.4.105~1-4fda]:main():gmm-acc-stats-ali.cc:79) No alignment for utterance AMI_EN2009d_H00_FEE083_0074644_0074769
LOG (gmm-acc-stats-ali[5.4.105~1-4fda]:main():gmm-acc-stats-ali.cc:105) Processed 3550 utterances; for utterance AMI_EN2009d_H00_FEE083_0100974_0101493 avg. like is -55.5689 over 517 frames.
LOG (gmm-acc-stats-ali[5.4.105~1-4fda]:main():gmm-acc-stats-ali.cc:105) Processed 3600 utterances; for utterance AMI_EN2009d_H00_FEE083_0134817_0134844 avg. like is -54.4483 over 25 frames.
LOG (gmm-acc-stats-ali[5.4.105~1-4fda]:main():gmm-acc-stats-ali.cc:105) Processed 3650 utterances; for utterance AMI_EN2009d_H00_FEE083_0179057_0179388 avg. like is -50.9437 over 329 frames.
LOG (gmm-acc-stats-ali[5.4.105~1-4fda]:main():gmm-acc-stats-ali.cc:105) Processed 3700 utterances; for utterance AMI_EN2009d_H00_FEE083_0203914_0204325 avg. like is -49.5081 over 409 frames.
WARNING (gmm-acc-stats-ali[5.4.105~1-4fda]:main():gmm-acc-stats-ali.cc:79) No alignment for utterance AMI_EN2009d_H00_FEE083_0207344_0207544
LOG (gmm-acc-stats-ali[5.4.105~1-4fda]:main():gmm-acc-stats-ali.cc:105) Processed 3750 utterances; for utterance AMI_EN2009d_H00_FEE083_0244044_0244111 avg. like is -59.0805 over 65 frames.
LOG (gmm-acc-stats-ali[5.4.105~1-4fda]:main():gmm-acc-stats-ali.cc:105) Processed 3800 utterances; for utterance AMI_EN2009d_H00_FEE083_0288850_0289268 avg. like is -48.2601 over 416 frames.
LOG (gmm-acc-stats-ali[5.4.105~1-4fda]:main():gmm-acc-stats-ali.cc:105) Processed 3850 utterances; for utterance AMI_EN2009d_H00_FEE083_0327255_0327311 avg. like is -47.6442 over 54 frames.
LOG (gmm-acc-stats-ali[5.4.105~1-4fda]:main():gmm-acc-stats-ali.cc:105) Processed 3900 utterances; for utterance AMI_EN2009d_H00_FEE083_0366255_0367006 avg. like is -51.1004 over 749 frames.
LOG (apply-cmvn[5.4.105~1-4fda]:main():apply-cmvn.cc:162) Applied cepstral mean normalization to 3967 utterances, errors on 0
LOG (transform-feats[5.4.105~1-4fda]:main():transform-feats.cc:158) Overall average [pseudo-]logdet is -92.7184 over 923640 frames.
LOG (transform-feats[5.4.105~1-4fda]:main():transform-feats.cc:161) Applied transform to 3967 utterances; 0 had errors.
LOG (gmm-acc-stats-ali[5.4.105~1-4fda]:main():gmm-acc-stats-ali.cc:105) Processed 3950 utterances; for utterance AMI_EN2009d_H00_FEE083_0405399_0405551 avg. like is -55.6546 over 150 frames.
LOG (transform-feats[5.4.105~1-4fda]:main():transform-feats.cc:158) Overall average logdet is 0.885081 over 923640 frames.
LOG (transform-feats[5.4.105~1-4fda]:main():transform-feats.cc:161) Applied transform to 3967 utterances; 0 had errors.
LOG (gmm-acc-stats-ali[5.4.105~1-4fda]:main():gmm-acc-stats-ali.cc:112) Done 3957 files, 10 with errors.
LOG (gmm-acc-stats-ali[5.4.105~1-4fda]:main():gmm-acc-stats-ali.cc:115) Overall avg like per frame (Gaussian only) = -50.8934 over 921529 frames.
LOG (gmm-acc-stats-ali[5.4.105~1-4fda]:main():gmm-acc-stats-ali.cc:123) Written accs.
# Accounting: time=20 threads=1
# Ended (code 0) at Thu Nov  1 02:43:39 EDT 2018, elapsed time 20 seconds
