# gmm-acc-stats-ali exp2/tri4a/4.mdl "ark,s,cs:apply-cmvn  --utt2spk=ark:data/st_ihm_all/train/split30/12/utt2spk scp:data/st_ihm_all/train/split30/12/cmvn.scp scp:data/st_ihm_all/train/split30/12/feats.scp ark:- | splice-feats --left-context=3 --right-context=3 ark:- ark:- | transform-feats exp2/tri3a_ali/final.mat ark:- ark:- | transform-feats --utt2spk=ark:data/st_ihm_all/train/split30/12/utt2spk ark:exp2/tri4a/trans.12 ark:- ark:- |" "ark,s,cs:gunzip -c exp2/tri4a/ali.12.gz|" exp2/tri4a/4.12.acc 
# Started at Thu Nov  1 02:07:34 EDT 2018
#
gmm-acc-stats-ali exp2/tri4a/4.mdl 'ark,s,cs:apply-cmvn  --utt2spk=ark:data/st_ihm_all/train/split30/12/utt2spk scp:data/st_ihm_all/train/split30/12/cmvn.scp scp:data/st_ihm_all/train/split30/12/feats.scp ark:- | splice-feats --left-context=3 --right-context=3 ark:- ark:- | transform-feats exp2/tri3a_ali/final.mat ark:- ark:- | transform-feats --utt2spk=ark:data/st_ihm_all/train/split30/12/utt2spk ark:exp2/tri4a/trans.12 ark:- ark:- |' 'ark,s,cs:gunzip -c exp2/tri4a/ali.12.gz|' exp2/tri4a/4.12.acc 
transform-feats exp2/tri3a_ali/final.mat ark:- ark:- 
splice-feats --left-context=3 --right-context=3 ark:- ark:- 
transform-feats --utt2spk=ark:data/st_ihm_all/train/split30/12/utt2spk ark:exp2/tri4a/trans.12 ark:- ark:- 
apply-cmvn --utt2spk=ark:data/st_ihm_all/train/split30/12/utt2spk scp:data/st_ihm_all/train/split30/12/cmvn.scp scp:data/st_ihm_all/train/split30/12/feats.scp ark:- 
LOG (gmm-acc-stats-ali[5.4.105~1-4fda]:main():gmm-acc-stats-ali.cc:105) Processed 50 utterances; for utterance AMI_ES2008c_H03_FEE032_0111108_0111774 avg. like is -51.5316 over 664 frames.
WARNING (gmm-acc-stats-ali[5.4.105~1-4fda]:main():gmm-acc-stats-ali.cc:79) No alignment for utterance AMI_ES2008c_H03_FEE032_0136866_0137054
LOG (gmm-acc-stats-ali[5.4.105~1-4fda]:main():gmm-acc-stats-ali.cc:105) Processed 100 utterances; for utterance AMI_ES2008c_H03_FEE032_0154123_0154566 avg. like is -60.5168 over 441 frames.
LOG (gmm-acc-stats-ali[5.4.105~1-4fda]:main():gmm-acc-stats-ali.cc:105) Processed 150 utterances; for utterance AMI_ES2008d_H00_FEE029_0039404_0039977 avg. like is -55.5634 over 571 frames.
LOG (gmm-acc-stats-ali[5.4.105~1-4fda]:main():gmm-acc-stats-ali.cc:105) Processed 200 utterances; for utterance AMI_ES2008d_H00_FEE029_0080455_0080575 avg. like is -58.1042 over 118 frames.
LOG (gmm-acc-stats-ali[5.4.105~1-4fda]:main():gmm-acc-stats-ali.cc:105) Processed 250 utterances; for utterance AMI_ES2008d_H00_FEE029_0126044_0126709 avg. like is -53.9452 over 663 frames.
LOG (gmm-acc-stats-ali[5.4.105~1-4fda]:main():gmm-acc-stats-ali.cc:105) Processed 300 utterances; for utterance AMI_ES2008d_H00_FEE029_0146468_0146520 avg. like is -53.4655 over 50 frames.
LOG (gmm-acc-stats-ali[5.4.105~1-4fda]:main():gmm-acc-stats-ali.cc:105) Processed 350 utterances; for utterance AMI_ES2008d_H00_FEE029_0177419_0177614 avg. like is -61.7523 over 193 frames.
WARNING (gmm-acc-stats-ali[5.4.105~1-4fda]:main():gmm-acc-stats-ali.cc:79) No alignment for utterance AMI_ES2008d_H00_FEE029_0183123_0183540
LOG (gmm-acc-stats-ali[5.4.105~1-4fda]:main():gmm-acc-stats-ali.cc:105) Processed 400 utterances; for utterance AMI_ES2008d_H00_FEE029_0210942_0210965 avg. like is -36.793 over 21 frames.
LOG (gmm-acc-stats-ali[5.4.105~1-4fda]:main():gmm-acc-stats-ali.cc:105) Processed 450 utterances; for utterance AMI_ES2008d_H00_FEE029_0247862_0248225 avg. like is -56.6262 over 361 frames.
WARNING (gmm-acc-stats-ali[5.4.105~1-4fda]:main():gmm-acc-stats-ali.cc:79) No alignment for utterance AMI_ES2008d_H00_FEE029_0253244_0253527
LOG (gmm-acc-stats-ali[5.4.105~1-4fda]:main():gmm-acc-stats-ali.cc:105) Processed 500 utterances; for utterance AMI_ES2008d_H01_FEE030_0043583_0043631 avg. like is -57.9518 over 46 frames.
WARNING (gmm-acc-stats-ali[5.4.105~1-4fda]:main():gmm-acc-stats-ali.cc:79) No alignment for utterance AMI_ES2008d_H01_FEE030_0089434_0089646
LOG (gmm-acc-stats-ali[5.4.105~1-4fda]:main():gmm-acc-stats-ali.cc:105) Processed 550 utterances; for utterance AMI_ES2008d_H01_FEE030_0094322_0094437 avg. like is -51.2799 over 113 frames.
LOG (gmm-acc-stats-ali[5.4.105~1-4fda]:main():gmm-acc-stats-ali.cc:105) Processed 600 utterances; for utterance AMI_ES2008d_H01_FEE030_0140345_0140473 avg. like is -57.712 over 126 frames.
WARNING (gmm-acc-stats-ali[5.4.105~1-4fda]:main():gmm-acc-stats-ali.cc:79) No alignment for utterance AMI_ES2008d_H01_FEE030_0151976_0152290
LOG (gmm-acc-stats-ali[5.4.105~1-4fda]:main():gmm-acc-stats-ali.cc:105) Processed 650 utterances; for utterance AMI_ES2008d_H01_FEE030_0172129_0172747 avg. like is -54.2379 over 616 frames.
WARNING (gmm-acc-stats-ali[5.4.105~1-4fda]:main():gmm-acc-stats-ali.cc:79) No alignment for utterance AMI_ES2008d_H01_FEE030_0175414_0176168
WARNING (gmm-acc-stats-ali[5.4.105~1-4fda]:main():gmm-acc-stats-ali.cc:79) No alignment for utterance AMI_ES2008d_H01_FEE030_0183286_0183665
LOG (gmm-acc-stats-ali[5.4.105~1-4fda]:main():gmm-acc-stats-ali.cc:105) Processed 700 utterances; for utterance AMI_ES2008d_H01_FEE030_0216571_0216623 avg. like is -50.3896 over 50 frames.
LOG (gmm-acc-stats-ali[5.4.105~1-4fda]:main():gmm-acc-stats-ali.cc:105) Processed 750 utterances; for utterance AMI_ES2008d_H01_FEE030_0243336_0243369 avg. like is -48.6831 over 31 frames.
LOG (gmm-acc-stats-ali[5.4.105~1-4fda]:main():gmm-acc-stats-ali.cc:105) Processed 800 utterances; for utterance AMI_ES2008d_H02_MEE031_0033780_0034055 avg. like is -51.5159 over 273 frames.
LOG (gmm-acc-stats-ali[5.4.105~1-4fda]:main():gmm-acc-stats-ali.cc:105) Processed 850 utterances; for utterance AMI_ES2008d_H02_MEE031_0111222_0111245 avg. like is -51.9964 over 21 frames.
LOG (gmm-acc-stats-ali[5.4.105~1-4fda]:main():gmm-acc-stats-ali.cc:105) Processed 900 utterances; for utterance AMI_ES2008d_H03_FEE032_0049956_0050744 avg. like is -55.1397 over 786 frames.
WARNING (gmm-acc-stats-ali[5.4.105~1-4fda]:main():gmm-acc-stats-ali.cc:79) No alignment for utterance AMI_ES2008d_H03_FEE032_0086527_0086557
LOG (gmm-acc-stats-ali[5.4.105~1-4fda]:main():gmm-acc-stats-ali.cc:105) Processed 950 utterances; for utterance AMI_ES2008d_H03_FEE032_0091790_0091826 avg. like is -46.1507 over 34 frames.
WARNING (gmm-acc-stats-ali[5.4.105~1-4fda]:main():gmm-acc-stats-ali.cc:79) No alignment for utterance AMI_ES2008d_H03_FEE032_0097191_0097214
LOG (gmm-acc-stats-ali[5.4.105~1-4fda]:main():gmm-acc-stats-ali.cc:105) Processed 1000 utterances; for utterance AMI_ES2008d_H03_FEE032_0127832_0127888 avg. like is -67.4934 over 54 frames.
WARNING (gmm-acc-stats-ali[5.4.105~1-4fda]:main():gmm-acc-stats-ali.cc:79) No alignment for utterance AMI_ES2008d_H03_FEE032_0149892_0150107
WARNING (gmm-acc-stats-ali[5.4.105~1-4fda]:main():gmm-acc-stats-ali.cc:79) No alignment for utterance AMI_ES2008d_H03_FEE032_0175224_0175416
WARNING (gmm-acc-stats-ali[5.4.105~1-4fda]:main():gmm-acc-stats-ali.cc:79) No alignment for utterance AMI_ES2008d_H03_FEE032_0183146_0183379
WARNING (gmm-acc-stats-ali[5.4.105~1-4fda]:main():gmm-acc-stats-ali.cc:79) No alignment for utterance AMI_ES2008d_H03_FEE032_0189144_0189760
WARNING (gmm-acc-stats-ali[5.4.105~1-4fda]:main():gmm-acc-stats-ali.cc:79) No alignment for utterance AMI_ES2008d_H03_FEE032_0189760_0190188
LOG (gmm-acc-stats-ali[5.4.105~1-4fda]:main():gmm-acc-stats-ali.cc:105) Processed 1050 utterances; for utterance AMI_ES2008d_H03_FEE032_0192324_0192958 avg. like is -56.6522 over 632 frames.
WARNING (gmm-acc-stats-ali[5.4.105~1-4fda]:main():gmm-acc-stats-ali.cc:79) No alignment for utterance AMI_ES2008d_H03_FEE032_0221911_0222252
WARNING (gmm-acc-stats-ali[5.4.105~1-4fda]:main():gmm-acc-stats-ali.cc:79) No alignment for utterance AMI_ES2008d_H03_FEE032_0255271_0256121
LOG (gmm-acc-stats-ali[5.4.105~1-4fda]:main():gmm-acc-stats-ali.cc:105) Processed 1100 utterances; for utterance AMI_ES2009a_H00_MEE033_0004629_0005198 avg. like is -54.9212 over 567 frames.
LOG (gmm-acc-stats-ali[5.4.105~1-4fda]:main():gmm-acc-stats-ali.cc:105) Processed 1150 utterances; for utterance AMI_ES2009a_H00_MEE033_0036279_0036531 avg. like is -52.6445 over 250 frames.
LOG (gmm-acc-stats-ali[5.4.105~1-4fda]:main():gmm-acc-stats-ali.cc:105) Processed 1200 utterances; for utterance AMI_ES2009a_H00_MEE033_0058684_0058852 avg. like is -62.3105 over 166 frames.
LOG (gmm-acc-stats-ali[5.4.105~1-4fda]:main():gmm-acc-stats-ali.cc:105) Processed 1250 utterances; for utterance AMI_ES2009a_H00_MEE033_0078348_0078619 avg. like is -56.3485 over 269 frames.
LOG (gmm-acc-stats-ali[5.4.105~1-4fda]:main():gmm-acc-stats-ali.cc:105) Processed 1300 utterances; for utterance AMI_ES2009a_H00_MEE033_0107120_0107923 avg. like is -54.2558 over 801 frames.
LOG (gmm-acc-stats-ali[5.4.105~1-4fda]:main():gmm-acc-stats-ali.cc:105) Processed 1350 utterances; for utterance AMI_ES2009a_H00_MEE033_0138618_0138787 avg. like is -49.3943 over 167 frames.
LOG (gmm-acc-stats-ali[5.4.105~1-4fda]:main():gmm-acc-stats-ali.cc:105) Processed 1400 utterances; for utterance AMI_ES2009a_H01_MEE034_0094632_0094700 avg. like is -37.2868 over 66 frames.
LOG (gmm-acc-stats-ali[5.4.105~1-4fda]:main():gmm-acc-stats-ali.cc:105) Processed 1450 utterances; for utterance AMI_ES2009a_H02_MEE035_0061387_0061444 avg. like is -57.2556 over 55 frames.
LOG (gmm-acc-stats-ali[5.4.105~1-4fda]:main():gmm-acc-stats-ali.cc:105) Processed 1500 utterances; for utterance AMI_ES2009a_H03_FEE036_0013862_0014201 avg. like is -58.471 over 337 frames.
LOG (gmm-acc-stats-ali[5.4.105~1-4fda]:main():gmm-acc-stats-ali.cc:105) Processed 1550 utterances; for utterance AMI_ES2009a_H03_FEE036_0058591_0058634 avg. like is -51.5482 over 41 frames.
LOG (gmm-acc-stats-ali[5.4.105~1-4fda]:main():gmm-acc-stats-ali.cc:105) Processed 1600 utterances; for utterance AMI_ES2009a_H03_FEE036_0101031_0101702 avg. like is -52.2527 over 669 frames.
LOG (gmm-acc-stats-ali[5.4.105~1-4fda]:main():gmm-acc-stats-ali.cc:105) Processed 1650 utterances; for utterance AMI_ES2009a_H03_FEE036_0126672_0127118 avg. like is -53.9701 over 444 frames.
LOG (gmm-acc-stats-ali[5.4.105~1-4fda]:main():gmm-acc-stats-ali.cc:105) Processed 1700 utterances; for utterance AMI_ES2009b_H00_MEE033_0026295_0027464 avg. like is -54.4559 over 1167 frames.
LOG (gmm-acc-stats-ali[5.4.105~1-4fda]:main():gmm-acc-stats-ali.cc:105) Processed 1750 utterances; for utterance AMI_ES2009b_H00_MEE033_0079684_0080272 avg. like is -55.8225 over 586 frames.
LOG (gmm-acc-stats-ali[5.4.105~1-4fda]:main():gmm-acc-stats-ali.cc:105) Processed 1800 utterances; for utterance AMI_ES2009b_H00_MEE033_0111413_0112544 avg. like is -57.2377 over 1129 frames.
LOG (gmm-acc-stats-ali[5.4.105~1-4fda]:main():gmm-acc-stats-ali.cc:105) Processed 1850 utterances; for utterance AMI_ES2009b_H00_MEE033_0141533_0142001 avg. like is -55.0617 over 466 frames.
LOG (gmm-acc-stats-ali[5.4.105~1-4fda]:main():gmm-acc-stats-ali.cc:105) Processed 1900 utterances; for utterance AMI_ES2009b_H01_MEE034_0077830_0077883 avg. like is -39.8118 over 51 frames.
LOG (gmm-acc-stats-ali[5.4.105~1-4fda]:main():gmm-acc-stats-ali.cc:105) Processed 1950 utterances; for utterance AMI_ES2009b_H02_MEE035_0042864_0043781 avg. like is -52.4975 over 915 frames.
LOG (gmm-acc-stats-ali[5.4.105~1-4fda]:main():gmm-acc-stats-ali.cc:105) Processed 2000 utterances; for utterance AMI_ES2009b_H03_FEE036_0047896_0048036 avg. like is -57.2515 over 138 frames.
LOG (gmm-acc-stats-ali[5.4.105~1-4fda]:main():gmm-acc-stats-ali.cc:105) Processed 2050 utterances; for utterance AMI_ES2009b_H03_FEE036_0079572_0079624 avg. like is -58.7988 over 50 frames.
LOG (gmm-acc-stats-ali[5.4.105~1-4fda]:main():gmm-acc-stats-ali.cc:105) Processed 2100 utterances; for utterance AMI_ES2009b_H03_FEE036_0127200_0127256 avg. like is -38.8251 over 54 frames.
LOG (gmm-acc-stats-ali[5.4.105~1-4fda]:main():gmm-acc-stats-ali.cc:105) Processed 2150 utterances; for utterance AMI_ES2009c_H00_MEE033_0029527_0029667 avg. like is -49.456 over 138 frames.
LOG (gmm-acc-stats-ali[5.4.105~1-4fda]:main():gmm-acc-stats-ali.cc:105) Processed 2200 utterances; for utterance AMI_ES2009c_H00_MEE033_0099871_0099939 avg. like is -57.9037 over 66 frames.
LOG (gmm-acc-stats-ali[5.4.105~1-4fda]:main():gmm-acc-stats-ali.cc:105) Processed 2250 utterances; for utterance AMI_ES2009c_H00_MEE033_0135394_0135425 avg. like is -54.046 over 29 frames.
LOG (gmm-acc-stats-ali[5.4.105~1-4fda]:main():gmm-acc-stats-ali.cc:105) Processed 2300 utterances; for utterance AMI_ES2009c_H00_MEE033_0174370_0174544 avg. like is -50.3184 over 172 frames.
LOG (gmm-acc-stats-ali[5.4.105~1-4fda]:main():gmm-acc-stats-ali.cc:105) Processed 2350 utterances; for utterance AMI_ES2009c_H01_MEE034_0017340_0018003 avg. like is -54.8322 over 661 frames.
LOG (gmm-acc-stats-ali[5.4.105~1-4fda]:main():gmm-acc-stats-ali.cc:105) Processed 2400 utterances; for utterance AMI_ES2009c_H01_MEE034_0093040_0094194 avg. like is -53.4478 over 1152 frames.
LOG (gmm-acc-stats-ali[5.4.105~1-4fda]:main():gmm-acc-stats-ali.cc:105) Processed 2450 utterances; for utterance AMI_ES2009c_H01_MEE034_0169385_0169551 avg. like is -50.2234 over 164 frames.
LOG (gmm-acc-stats-ali[5.4.105~1-4fda]:main():gmm-acc-stats-ali.cc:105) Processed 2500 utterances; for utterance AMI_ES2009c_H02_MEE035_0080852_0081711 avg. like is -53.8958 over 857 frames.
LOG (gmm-acc-stats-ali[5.4.105~1-4fda]:main():gmm-acc-stats-ali.cc:105) Processed 2550 utterances; for utterance AMI_ES2009c_H03_FEE036_0028485_0028545 avg. like is -49.0564 over 58 frames.
LOG (gmm-acc-stats-ali[5.4.105~1-4fda]:main():gmm-acc-stats-ali.cc:105) Processed 2600 utterances; for utterance AMI_ES2009c_H03_FEE036_0059274_0059616 avg. like is -51.3587 over 340 frames.
LOG (gmm-acc-stats-ali[5.4.105~1-4fda]:main():gmm-acc-stats-ali.cc:105) Processed 2650 utterances; for utterance AMI_ES2009c_H03_FEE036_0121324_0122548 avg. like is -55.5951 over 1222 frames.
LOG (gmm-acc-stats-ali[5.4.105~1-4fda]:main():gmm-acc-stats-ali.cc:105) Processed 2700 utterances; for utterance AMI_ES2009c_H03_FEE036_0165960_0165995 avg. like is -54.4457 over 33 frames.
LOG (gmm-acc-stats-ali[5.4.105~1-4fda]:main():gmm-acc-stats-ali.cc:105) Processed 2750 utterances; for utterance AMI_ES2009d_H00_MEE033_0016928_0017869 avg. like is -53.7762 over 939 frames.
LOG (gmm-acc-stats-ali[5.4.105~1-4fda]:main():gmm-acc-stats-ali.cc:105) Processed 2800 utterances; for utterance AMI_ES2009d_H00_MEE033_0082596_0083259 avg. like is -56.745 over 661 frames.
LOG (gmm-acc-stats-ali[5.4.105~1-4fda]:main():gmm-acc-stats-ali.cc:105) Processed 2850 utterances; for utterance AMI_ES2009d_H00_MEE033_0142058_0142413 avg. like is -55.2789 over 353 frames.
LOG (gmm-acc-stats-ali[5.4.105~1-4fda]:main():gmm-acc-stats-ali.cc:105) Processed 2900 utterances; for utterance AMI_ES2009d_H00_MEE033_0168292_0168328 avg. like is -61.7749 over 34 frames.
LOG (gmm-acc-stats-ali[5.4.105~1-4fda]:main():gmm-acc-stats-ali.cc:105) Processed 2950 utterances; for utterance AMI_ES2009d_H00_MEE033_0198594_0198996 avg. like is -53.845 over 400 frames.
LOG (gmm-acc-stats-ali[5.4.105~1-4fda]:main():gmm-acc-stats-ali.cc:105) Processed 3000 utterances; for utterance AMI_ES2009d_H01_MEE034_0039598_0040137 avg. like is -55.9691 over 537 frames.
LOG (gmm-acc-stats-ali[5.4.105~1-4fda]:main():gmm-acc-stats-ali.cc:105) Processed 3050 utterances; for utterance AMI_ES2009d_H01_MEE034_0102247_0102265 avg. like is -45.9868 over 16 frames.
LOG (gmm-acc-stats-ali[5.4.105~1-4fda]:main():gmm-acc-stats-ali.cc:105) Processed 3100 utterances; for utterance AMI_ES2009d_H01_MEE034_0153976_0154768 avg. like is -55.0777 over 790 frames.
LOG (gmm-acc-stats-ali[5.4.105~1-4fda]:main():gmm-acc-stats-ali.cc:105) Processed 3150 utterances; for utterance AMI_ES2009d_H02_MEE035_0027095_0028473 avg. like is -55.0017 over 1376 frames.
LOG (gmm-acc-stats-ali[5.4.105~1-4fda]:main():gmm-acc-stats-ali.cc:105) Processed 3200 utterances; for utterance AMI_ES2009d_H02_MEE035_0119209_0120102 avg. like is -53.2661 over 891 frames.
LOG (gmm-acc-stats-ali[5.4.105~1-4fda]:main():gmm-acc-stats-ali.cc:105) Processed 3250 utterances; for utterance AMI_ES2009d_H02_MEE035_0209196_0209315 avg. like is -60.2497 over 117 frames.
LOG (gmm-acc-stats-ali[5.4.105~1-4fda]:main():gmm-acc-stats-ali.cc:105) Processed 3300 utterances; for utterance AMI_ES2009d_H03_FEE036_0060092_0060139 avg. like is -58.155 over 45 frames.
LOG (gmm-acc-stats-ali[5.4.105~1-4fda]:main():gmm-acc-stats-ali.cc:105) Processed 3350 utterances; for utterance AMI_ES2009d_H03_FEE036_0104914_0106069 avg. like is -55.6874 over 1153 frames.
LOG (gmm-acc-stats-ali[5.4.105~1-4fda]:main():gmm-acc-stats-ali.cc:105) Processed 3400 utterances; for utterance AMI_ES2009d_H03_FEE036_0139874_0139927 avg. like is -52.4611 over 51 frames.
WARNING (gmm-acc-stats-ali[5.4.105~1-4fda]:main():gmm-acc-stats-ali.cc:79) No alignment for utterance AMI_ES2009d_H03_FEE036_0170545_0171215
LOG (gmm-acc-stats-ali[5.4.105~1-4fda]:main():gmm-acc-stats-ali.cc:105) Processed 3450 utterances; for utterance AMI_ES2009d_H03_FEE036_0173932_0174177 avg. like is -56.6696 over 243 frames.
LOG (gmm-acc-stats-ali[5.4.105~1-4fda]:main():gmm-acc-stats-ali.cc:105) Processed 3500 utterances; for utterance AMI_ES2009d_H03_FEE036_0207896_0208027 avg. like is -53.1515 over 129 frames.
WARNING (gmm-acc-stats-ali[5.4.105~1-4fda]:main():gmm-acc-stats-ali.cc:79) No alignment for utterance AMI_ES2010a_H00_FEE037_0028302_0028402
LOG (gmm-acc-stats-ali[5.4.105~1-4fda]:main():gmm-acc-stats-ali.cc:105) Processed 3550 utterances; for utterance AMI_ES2010a_H00_FEE037_0030000_0030354 avg. like is -54.9247 over 352 frames.
LOG (gmm-acc-stats-ali[5.4.105~1-4fda]:main():gmm-acc-stats-ali.cc:105) Processed 3600 utterances; for utterance AMI_ES2010a_H00_FEE037_0051945_0052036 avg. like is -50.7475 over 89 frames.
LOG (gmm-acc-stats-ali[5.4.105~1-4fda]:main():gmm-acc-stats-ali.cc:105) Processed 3650 utterances; for utterance AMI_ES2010a_H01_FEE038_0043849_0043947 avg. like is -50.7939 over 96 frames.
LOG (gmm-acc-stats-ali[5.4.105~1-4fda]:main():gmm-acc-stats-ali.cc:105) Processed 3700 utterances; for utterance AMI_ES2010a_H03_FEE040_0026839_0027039 avg. like is -54.0423 over 198 frames.
LOG (gmm-acc-stats-ali[5.4.105~1-4fda]:main():gmm-acc-stats-ali.cc:105) Processed 3750 utterances; for utterance AMI_ES2010b_H00_FEE037_0019030_0019056 avg. like is -56.7024 over 24 frames.
LOG (gmm-acc-stats-ali[5.4.105~1-4fda]:main():gmm-acc-stats-ali.cc:105) Processed 3800 utterances; for utterance AMI_ES2010b_H00_FEE037_0067727_0067805 avg. like is -48.0347 over 76 frames.
LOG (gmm-acc-stats-ali[5.4.105~1-4fda]:main():gmm-acc-stats-ali.cc:105) Processed 3850 utterances; for utterance AMI_ES2010b_H00_FEE037_0100313_0101099 avg. like is -52.2456 over 784 frames.
LOG (gmm-acc-stats-ali[5.4.105~1-4fda]:main():gmm-acc-stats-ali.cc:105) Processed 3900 utterances; for utterance AMI_ES2010b_H00_FEE037_0126217_0126267 avg. like is -53.2616 over 48 frames.
LOG (gmm-acc-stats-ali[5.4.105~1-4fda]:main():gmm-acc-stats-ali.cc:105) Processed 3950 utterances; for utterance AMI_ES2010b_H00_FEE037_0154436_0155156 avg. like is -52.2438 over 718 frames.
LOG (apply-cmvn[5.4.105~1-4fda]:main():apply-cmvn.cc:162) Applied cepstral mean normalization to 4000 utterances, errors on 0
LOG (transform-feats[5.4.105~1-4fda]:main():transform-feats.cc:158) Overall average [pseudo-]logdet is -92.7184 over 1.07214e+06 frames.
LOG (transform-feats[5.4.105~1-4fda]:main():transform-feats.cc:161) Applied transform to 4000 utterances; 0 had errors.
LOG (transform-feats[5.4.105~1-4fda]:main():transform-feats.cc:158) Overall average logdet is 2.11438 over 1.07214e+06 frames.
LOG (transform-feats[5.4.105~1-4fda]:main():transform-feats.cc:161) Applied transform to 4000 utterances; 0 had errors.
LOG (gmm-acc-stats-ali[5.4.105~1-4fda]:main():gmm-acc-stats-ali.cc:112) Done 3982 files, 18 with errors.
LOG (gmm-acc-stats-ali[5.4.105~1-4fda]:main():gmm-acc-stats-ali.cc:115) Overall avg like per frame (Gaussian only) = -54.6092 over 1065930 frames.
LOG (gmm-acc-stats-ali[5.4.105~1-4fda]:main():gmm-acc-stats-ali.cc:123) Written accs.
# Accounting: time=14 threads=1
# Ended (code 0) at Thu Nov  1 02:07:48 EDT 2018, elapsed time 14 seconds
