# acc-tree-stats --ci-phones=1:2:3:4:5:6:7:8:9:10:11:12:13:14:15:16:17:18:19:20 exp2/tri3a_ali/final.mdl "ark,s,cs:apply-cmvn  --utt2spk=ark:data/st_ihm_all/train/split30/16/utt2spk scp:data/st_ihm_all/train/split30/16/cmvn.scp scp:data/st_ihm_all/train/split30/16/feats.scp ark:- | splice-feats --left-context=3 --right-context=3 ark:- ark:- | transform-feats exp2/tri3a_ali/final.mat ark:- ark:- | transform-feats --utt2spk=ark:data/st_ihm_all/train/split30/16/utt2spk ark,s,cs:exp2/tri3a_ali/trans.16 ark:- ark:- |" "ark:gunzip -c exp2/tri3a_ali/ali.16.gz|" exp2/tri4a/16.treeacc 
# Started at Thu Nov  1 01:51:55 EDT 2018
#
acc-tree-stats --ci-phones=1:2:3:4:5:6:7:8:9:10:11:12:13:14:15:16:17:18:19:20 exp2/tri3a_ali/final.mdl 'ark,s,cs:apply-cmvn  --utt2spk=ark:data/st_ihm_all/train/split30/16/utt2spk scp:data/st_ihm_all/train/split30/16/cmvn.scp scp:data/st_ihm_all/train/split30/16/feats.scp ark:- | splice-feats --left-context=3 --right-context=3 ark:- ark:- | transform-feats exp2/tri3a_ali/final.mat ark:- ark:- | transform-feats --utt2spk=ark:data/st_ihm_all/train/split30/16/utt2spk ark,s,cs:exp2/tri3a_ali/trans.16 ark:- ark:- |' 'ark:gunzip -c exp2/tri3a_ali/ali.16.gz|' exp2/tri4a/16.treeacc 
splice-feats --left-context=3 --right-context=3 ark:- ark:- 
transform-feats exp2/tri3a_ali/final.mat ark:- ark:- 
apply-cmvn --utt2spk=ark:data/st_ihm_all/train/split30/16/utt2spk scp:data/st_ihm_all/train/split30/16/cmvn.scp scp:data/st_ihm_all/train/split30/16/feats.scp ark:- 
transform-feats --utt2spk=ark:data/st_ihm_all/train/split30/16/utt2spk ark,s,cs:exp2/tri3a_ali/trans.16 ark:- ark:- 
LOG (acc-tree-stats[5.4.105~1-4fda]:main():acc-tree-stats.cc:101) Processed 1000 utterances.
LOG (acc-tree-stats[5.4.105~1-4fda]:main():acc-tree-stats.cc:101) Processed 2000 utterances.
LOG (acc-tree-stats[5.4.105~1-4fda]:main():acc-tree-stats.cc:101) Processed 3000 utterances.
LOG (acc-tree-stats[5.4.105~1-4fda]:main():acc-tree-stats.cc:101) Processed 4000 utterances.
LOG (apply-cmvn[5.4.105~1-4fda]:main():apply-cmvn.cc:162) Applied cepstral mean normalization to 4044 utterances, errors on 0
LOG (transform-feats[5.4.105~1-4fda]:main():transform-feats.cc:158) Overall average [pseudo-]logdet is -92.7184 over 1.10363e+06 frames.
LOG (transform-feats[5.4.105~1-4fda]:main():transform-feats.cc:161) Applied transform to 4044 utterances; 0 had errors.
LOG (transform-feats[5.4.105~1-4fda]:main():transform-feats.cc:158) Overall average logdet is 2.70628 over 1.10363e+06 frames.
LOG (transform-feats[5.4.105~1-4fda]:main():transform-feats.cc:161) Applied transform to 4044 utterances; 0 had errors.
LOG (acc-tree-stats[5.4.105~1-4fda]:main():acc-tree-stats.cc:118) Accumulated stats for 4043 files, 1 failed due to no alignment, 0 failed for other reasons.
LOG (acc-tree-stats[5.4.105~1-4fda]:main():acc-tree-stats.cc:121) Number of separate stats (context-dependent states) is 41329
# Accounting: time=24 threads=1
# Ended (code 0) at Thu Nov  1 01:52:19 EDT 2018, elapsed time 24 seconds
