# compile-train-graphs --read-disambig-syms=data/lang_v1/phones/disambig.int exp2/tri4a/tree exp2/tri4a/1.mdl data/lang_v1/L.fst "ark:utils/sym2int.pl --map-oov 6 -f 2- data/lang_v1/words.txt < data/st_ihm_all/train/split30/23/text |" "ark:|gzip -c >exp2/tri4a/fsts.23.gz" 
# Started at Thu Nov  1 01:55:42 EDT 2018
#
compile-train-graphs --read-disambig-syms=data/lang_v1/phones/disambig.int exp2/tri4a/tree exp2/tri4a/1.mdl data/lang_v1/L.fst 'ark:utils/sym2int.pl --map-oov 6 -f 2- data/lang_v1/words.txt < data/st_ihm_all/train/split30/23/text |' 'ark:|gzip -c >exp2/tri4a/fsts.23.gz' 
sym2int.pl: replacing NEIGHBOUR with 6
sym2int.pl: replacing IRADIUM with 6
sym2int.pl: replacing WIL with 6
sym2int.pl: replacing MODELLING with 6
sym2int.pl: replacing FANCINESS with 6
sym2int.pl: replacing W with 6
sym2int.pl: replacing W with 6
sym2int.pl: replacing 'S with 6
sym2int.pl: replacing E with 6
sym2int.pl: replacing DECISI with 6
sym2int.pl: replacing JUS with 6
sym2int.pl: replacing DOUB with 6
sym2int.pl: replacing W with 6
sym2int.pl: replacing MODELLING with 6
sym2int.pl: replacing RAMARO with 6
sym2int.pl: replacing F with 6
sym2int.pl: replacing D with 6
sym2int.pl: replacing W with 6
sym2int.pl: replacing PRI with 6
sym2int.pl: replacing Y with 6
sym2int.pl: not warning for OOVs any more times
** Replaced 382 instances of OOVs with 6
LOG (compile-train-graphs[5.4.105~1-4fda]:main():compile-train-graphs.cc:147) compile-train-graphs: succeeded for 4115 graphs, failed for 0
# Accounting: time=73 threads=1
# Ended (code 0) at Thu Nov  1 01:56:55 EDT 2018, elapsed time 73 seconds
