# compile-train-graphs --read-disambig-syms=data/lang_v1/phones/disambig.int exp2/tri4a/tree exp2/tri4a/1.mdl data/lang_v1/L.fst "ark:utils/sym2int.pl --map-oov 6 -f 2- data/lang_v1/words.txt < data/st_ihm_all/train/split30/4/text |" "ark:|gzip -c >exp2/tri4a/fsts.4.gz" 
# Started at Thu Nov  1 01:54:23 EDT 2018
#
compile-train-graphs --read-disambig-syms=data/lang_v1/phones/disambig.int exp2/tri4a/tree exp2/tri4a/1.mdl data/lang_v1/L.fst 'ark:utils/sym2int.pl --map-oov 6 -f 2- data/lang_v1/words.txt < data/st_ihm_all/train/split30/4/text |' 'ark:|gzip -c >exp2/tri4a/fsts.4.gz' 
sym2int.pl: replacing where with 6
sym2int.pl: replacing is with 6
sym2int.pl: replacing the with 6
sym2int.pl: replacing where with 6
sym2int.pl: replacing is with 6
sym2int.pl: replacing the with 6
sym2int.pl: replacing tate with 6
sym2int.pl: replacing modern with 6
sym2int.pl: replacing where with 6
sym2int.pl: replacing is with 6
sym2int.pl: replacing the with 6
sym2int.pl: replacing tate with 6
sym2int.pl: replacing modern with 6
sym2int.pl: replacing where with 6
sym2int.pl: replacing is with 6
sym2int.pl: replacing piccadilly*z with 6
sym2int.pl: replacing circus with 6
sym2int.pl: replacing which with 6
sym2int.pl: replacing bus with 6
sym2int.pl: replacing can with 6
sym2int.pl: not warning for OOVs any more times
** Replaced 5869 instances of OOVs with 6
LOG (compile-train-graphs[5.4.105~1-4fda]:main():compile-train-graphs.cc:147) compile-train-graphs: succeeded for 3945 graphs, failed for 0
# Accounting: time=83 threads=1
# Ended (code 0) at Thu Nov  1 01:55:46 EDT 2018, elapsed time 83 seconds
