# ali-to-post "ark:gunzip -c exp2/tri4a/ali.25.gz|" ark:- | weight-silence-post 0.0 1:2:3:4:5:6:7:8:9:10:11:12:13:14:15:16:17:18:19:20 exp2/tri4a/6.mdl ark:- ark:- | gmm-est-fmllr --fmllr-update-type=full --spk2utt=ark:data/st_ihm_all/train/split30/25/spk2utt exp2/tri4a/6.mdl "ark,s,cs:apply-cmvn  --utt2spk=ark:data/st_ihm_all/train/split30/25/utt2spk scp:data/st_ihm_all/train/split30/25/cmvn.scp scp:data/st_ihm_all/train/split30/25/feats.scp ark:- | splice-feats --left-context=3 --right-context=3 ark:- ark:- | transform-feats exp2/tri3a_ali/final.mat ark:- ark:- | transform-feats --utt2spk=ark:data/st_ihm_all/train/split30/25/utt2spk ark:exp2/tri4a/trans.25 ark:- ark:- |" ark:- ark:exp2/tri4a/tmp_trans.25 
# Started at Thu Nov  1 02:10:58 EDT 2018
#
weight-silence-post 0.0 1:2:3:4:5:6:7:8:9:10:11:12:13:14:15:16:17:18:19:20 exp2/tri4a/6.mdl ark:- ark:- 
ali-to-post 'ark:gunzip -c exp2/tri4a/ali.25.gz|' ark:- 
gmm-est-fmllr --fmllr-update-type=full --spk2utt=ark:data/st_ihm_all/train/split30/25/spk2utt exp2/tri4a/6.mdl 'ark,s,cs:apply-cmvn  --utt2spk=ark:data/st_ihm_all/train/split30/25/utt2spk scp:data/st_ihm_all/train/split30/25/cmvn.scp scp:data/st_ihm_all/train/split30/25/feats.scp ark:- | splice-feats --left-context=3 --right-context=3 ark:- ark:- | transform-feats exp2/tri3a_ali/final.mat ark:- ark:- | transform-feats --utt2spk=ark:data/st_ihm_all/train/split30/25/utt2spk ark:exp2/tri4a/trans.25 ark:- ark:- |' ark:- ark:exp2/tri4a/tmp_trans.25 
transform-feats exp2/tri3a_ali/final.mat ark:- ark:- 
apply-cmvn --utt2spk=ark:data/st_ihm_all/train/split30/25/utt2spk scp:data/st_ihm_all/train/split30/25/cmvn.scp scp:data/st_ihm_all/train/split30/25/feats.scp ark:- 
splice-feats --left-context=3 --right-context=3 ark:- ark:- 
transform-feats --utt2spk=ark:data/st_ihm_all/train/split30/25/utt2spk ark:exp2/tri4a/trans.25 ark:- ark:- 
LOG (gmm-est-fmllr[5.4.105~1-4fda]:ComputeFmllrMatrixDiagGmmFull():fmllr-diag-gmm.cc:262) fMLLR objf improvement is 0.176379 per frame over 1736 frames.
LOG (gmm-est-fmllr[5.4.105~1-4fda]:main():gmm-est-fmllr.cc:143) For speaker AMI_TS3006a_H02_MTD022ID-10, auxf-impr from fMLLR is 0.176379, over 1736 frames.
LOG (gmm-est-fmllr[5.4.105~1-4fda]:ComputeFmllrMatrixDiagGmmFull():fmllr-diag-gmm.cc:262) fMLLR objf improvement is 0.150011 per frame over 1434 frames.
LOG (gmm-est-fmllr[5.4.105~1-4fda]:main():gmm-est-fmllr.cc:143) For speaker AMI_TS3006a_H03_MTD024ME-01, auxf-impr from fMLLR is 0.150011, over 1434 frames.
LOG (gmm-est-fmllr[5.4.105~1-4fda]:ComputeFmllrMatrixDiagGmmFull():fmllr-diag-gmm.cc:262) fMLLR objf improvement is 0.129906 per frame over 1657 frames.
LOG (gmm-est-fmllr[5.4.105~1-4fda]:main():gmm-est-fmllr.cc:143) For speaker AMI_TS3006a_H03_MTD024ME-02, auxf-impr from fMLLR is 0.129906, over 1657 frames.
LOG (gmm-est-fmllr[5.4.105~1-4fda]:ComputeFmllrMatrixDiagGmmFull():fmllr-diag-gmm.cc:262) fMLLR objf improvement is 0.196084 per frame over 1574 frames.
LOG (gmm-est-fmllr[5.4.105~1-4fda]:main():gmm-est-fmllr.cc:143) For speaker AMI_TS3006a_H03_MTD024ME-03, auxf-impr from fMLLR is 0.196084, over 1574 frames.
LOG (gmm-est-fmllr[5.4.105~1-4fda]:ComputeFmllrMatrixDiagGmmFull():fmllr-diag-gmm.cc:262) fMLLR objf improvement is 0.105219 per frame over 1880 frames.
LOG (gmm-est-fmllr[5.4.105~1-4fda]:main():gmm-est-fmllr.cc:143) For speaker AMI_TS3006a_H03_MTD024ME-04, auxf-impr from fMLLR is 0.105219, over 1880 frames.
LOG (gmm-est-fmllr[5.4.105~1-4fda]:ComputeFmllrMatrixDiagGmmFull():fmllr-diag-gmm.cc:262) fMLLR objf improvement is 0.142803 per frame over 2222 frames.
LOG (gmm-est-fmllr[5.4.105~1-4fda]:main():gmm-est-fmllr.cc:143) For speaker AMI_TS3006a_H03_MTD024ME-05, auxf-impr from fMLLR is 0.142803, over 2222 frames.
LOG (gmm-est-fmllr[5.4.105~1-4fda]:ComputeFmllrMatrixDiagGmmFull():fmllr-diag-gmm.cc:262) fMLLR objf improvement is 0.126465 per frame over 2247 frames.
LOG (gmm-est-fmllr[5.4.105~1-4fda]:main():gmm-est-fmllr.cc:143) For speaker AMI_TS3006a_H03_MTD024ME-06, auxf-impr from fMLLR is 0.126465, over 2247 frames.
LOG (gmm-est-fmllr[5.4.105~1-4fda]:ComputeFmllrMatrixDiagGmmFull():fmllr-diag-gmm.cc:262) fMLLR objf improvement is 0.11048 per frame over 2391 frames.
LOG (gmm-est-fmllr[5.4.105~1-4fda]:main():gmm-est-fmllr.cc:143) For speaker AMI_TS3006a_H03_MTD024ME-07, auxf-impr from fMLLR is 0.11048, over 2391 frames.
LOG (gmm-est-fmllr[5.4.105~1-4fda]:ComputeFmllrMatrixDiagGmmFull():fmllr-diag-gmm.cc:262) fMLLR objf improvement is 0.0961789 per frame over 2143 frames.
LOG (gmm-est-fmllr[5.4.105~1-4fda]:main():gmm-est-fmllr.cc:143) For speaker AMI_TS3006a_H03_MTD024ME-08, auxf-impr from fMLLR is 0.0961789, over 2143 frames.
LOG (gmm-est-fmllr[5.4.105~1-4fda]:ComputeFmllrMatrixDiagGmmFull():fmllr-diag-gmm.cc:262) fMLLR objf improvement is 0.0815985 per frame over 2224 frames.
LOG (gmm-est-fmllr[5.4.105~1-4fda]:main():gmm-est-fmllr.cc:143) For speaker AMI_TS3006a_H03_MTD024ME-09, auxf-impr from fMLLR is 0.0815985, over 2224 frames.
LOG (gmm-est-fmllr[5.4.105~1-4fda]:ComputeFmllrMatrixDiagGmmFull():fmllr-diag-gmm.cc:262) fMLLR objf improvement is 0.198446 per frame over 1243 frames.
LOG (gmm-est-fmllr[5.4.105~1-4fda]:main():gmm-est-fmllr.cc:143) For speaker AMI_TS3006a_H03_MTD024ME-10, auxf-impr from fMLLR is 0.198446, over 1243 frames.
LOG (gmm-est-fmllr[5.4.105~1-4fda]:ComputeFmllrMatrixDiagGmmFull():fmllr-diag-gmm.cc:262) fMLLR objf improvement is 0.10725 per frame over 2066 frames.
LOG (gmm-est-fmllr[5.4.105~1-4fda]:main():gmm-est-fmllr.cc:143) For speaker AMI_TS3006b_H00_MTD021PM-01, auxf-impr from fMLLR is 0.10725, over 2066 frames.
LOG (gmm-est-fmllr[5.4.105~1-4fda]:ComputeFmllrMatrixDiagGmmFull():fmllr-diag-gmm.cc:262) fMLLR objf improvement is 0.143505 per frame over 1754 frames.
LOG (gmm-est-fmllr[5.4.105~1-4fda]:main():gmm-est-fmllr.cc:143) For speaker AMI_TS3006b_H00_MTD021PM-02, auxf-impr from fMLLR is 0.143505, over 1754 frames.
LOG (gmm-est-fmllr[5.4.105~1-4fda]:ComputeFmllrMatrixDiagGmmFull():fmllr-diag-gmm.cc:262) fMLLR objf improvement is 0.0778205 per frame over 2264 frames.
LOG (gmm-est-fmllr[5.4.105~1-4fda]:main():gmm-est-fmllr.cc:143) For speaker AMI_TS3006b_H00_MTD021PM-03, auxf-impr from fMLLR is 0.0778205, over 2264 frames.
LOG (gmm-est-fmllr[5.4.105~1-4fda]:ComputeFmllrMatrixDiagGmmFull():fmllr-diag-gmm.cc:262) fMLLR objf improvement is 0.136213 per frame over 1437 frames.
LOG (gmm-est-fmllr[5.4.105~1-4fda]:main():gmm-est-fmllr.cc:143) For speaker AMI_TS3006b_H00_MTD021PM-04, auxf-impr from fMLLR is 0.136213, over 1437 frames.
LOG (gmm-est-fmllr[5.4.105~1-4fda]:ComputeFmllrMatrixDiagGmmFull():fmllr-diag-gmm.cc:262) fMLLR objf improvement is 0.112453 per frame over 2161 frames.
LOG (gmm-est-fmllr[5.4.105~1-4fda]:main():gmm-est-fmllr.cc:143) For speaker AMI_TS3006b_H00_MTD021PM-05, auxf-impr from fMLLR is 0.112453, over 2161 frames.
LOG (gmm-est-fmllr[5.4.105~1-4fda]:ComputeFmllrMatrixDiagGmmFull():fmllr-diag-gmm.cc:262) fMLLR objf improvement is 0.158845 per frame over 1851 frames.
LOG (gmm-est-fmllr[5.4.105~1-4fda]:main():gmm-est-fmllr.cc:143) For speaker AMI_TS3006b_H00_MTD021PM-06, auxf-impr from fMLLR is 0.158845, over 1851 frames.
LOG (gmm-est-fmllr[5.4.105~1-4fda]:ComputeFmllrMatrixDiagGmmFull():fmllr-diag-gmm.cc:262) fMLLR objf improvement is 0.149848 per frame over 1923 frames.
LOG (gmm-est-fmllr[5.4.105~1-4fda]:main():gmm-est-fmllr.cc:143) For speaker AMI_TS3006b_H00_MTD021PM-07, auxf-impr from fMLLR is 0.149848, over 1923 frames.
LOG (gmm-est-fmllr[5.4.105~1-4fda]:ComputeFmllrMatrixDiagGmmFull():fmllr-diag-gmm.cc:262) fMLLR objf improvement is 0.140979 per frame over 2128 frames.
LOG (gmm-est-fmllr[5.4.105~1-4fda]:main():gmm-est-fmllr.cc:143) For speaker AMI_TS3006b_H00_MTD021PM-08, auxf-impr from fMLLR is 0.140979, over 2128 frames.
LOG (gmm-est-fmllr[5.4.105~1-4fda]:ComputeFmllrMatrixDiagGmmFull():fmllr-diag-gmm.cc:262) fMLLR objf improvement is 0.123912 per frame over 1731 frames.
LOG (gmm-est-fmllr[5.4.105~1-4fda]:main():gmm-est-fmllr.cc:143) For speaker AMI_TS3006b_H00_MTD021PM-09, auxf-impr from fMLLR is 0.123912, over 1731 frames.
LOG (gmm-est-fmllr[5.4.105~1-4fda]:ComputeFmllrMatrixDiagGmmFull():fmllr-diag-gmm.cc:262) fMLLR objf improvement is 0.119737 per frame over 1947 frames.
LOG (gmm-est-fmllr[5.4.105~1-4fda]:main():gmm-est-fmllr.cc:143) For speaker AMI_TS3006b_H00_MTD021PM-10, auxf-impr from fMLLR is 0.119737, over 1947 frames.
LOG (gmm-est-fmllr[5.4.105~1-4fda]:ComputeFmllrMatrixDiagGmmFull():fmllr-diag-gmm.cc:262) fMLLR objf improvement is 0.101214 per frame over 2227 frames.
LOG (gmm-est-fmllr[5.4.105~1-4fda]:main():gmm-est-fmllr.cc:143) For speaker AMI_TS3006b_H00_MTD021PM-11, auxf-impr from fMLLR is 0.101214, over 2227 frames.
LOG (gmm-est-fmllr[5.4.105~1-4fda]:ComputeFmllrMatrixDiagGmmFull():fmllr-diag-gmm.cc:262) fMLLR objf improvement is 0.0779589 per frame over 2308 frames.
LOG (gmm-est-fmllr[5.4.105~1-4fda]:main():gmm-est-fmllr.cc:143) For speaker AMI_TS3006b_H00_MTD021PM-12, auxf-impr from fMLLR is 0.0779589, over 2308 frames.
LOG (gmm-est-fmllr[5.4.105~1-4fda]:ComputeFmllrMatrixDiagGmmFull():fmllr-diag-gmm.cc:262) fMLLR objf improvement is 0.0863884 per frame over 2521 frames.
LOG (gmm-est-fmllr[5.4.105~1-4fda]:main():gmm-est-fmllr.cc:143) For speaker AMI_TS3006b_H00_MTD021PM-13, auxf-impr from fMLLR is 0.0863884, over 2521 frames.
LOG (gmm-est-fmllr[5.4.105~1-4fda]:ComputeFmllrMatrixDiagGmmFull():fmllr-diag-gmm.cc:262) fMLLR objf improvement is 0.136479 per frame over 1878 frames.
LOG (gmm-est-fmllr[5.4.105~1-4fda]:main():gmm-est-fmllr.cc:143) For speaker AMI_TS3006b_H00_MTD021PM-14, auxf-impr from fMLLR is 0.136479, over 1878 frames.
LOG (gmm-est-fmllr[5.4.105~1-4fda]:ComputeFmllrMatrixDiagGmmFull():fmllr-diag-gmm.cc:262) fMLLR objf improvement is 0.0982966 per frame over 2068 frames.
LOG (gmm-est-fmllr[5.4.105~1-4fda]:main():gmm-est-fmllr.cc:143) For speaker AMI_TS3006b_H00_MTD021PM-15, auxf-impr from fMLLR is 0.0982966, over 2068 frames.
LOG (gmm-est-fmllr[5.4.105~1-4fda]:ComputeFmllrMatrixDiagGmmFull():fmllr-diag-gmm.cc:262) fMLLR objf improvement is 0.12057 per frame over 1824 frames.
LOG (gmm-est-fmllr[5.4.105~1-4fda]:main():gmm-est-fmllr.cc:143) For speaker AMI_TS3006b_H00_MTD021PM-16, auxf-impr from fMLLR is 0.12057, over 1824 frames.
LOG (gmm-est-fmllr[5.4.105~1-4fda]:ComputeFmllrMatrixDiagGmmFull():fmllr-diag-gmm.cc:262) fMLLR objf improvement is 0.118266 per frame over 1447 frames.
LOG (gmm-est-fmllr[5.4.105~1-4fda]:main():gmm-est-fmllr.cc:143) For speaker AMI_TS3006b_H00_MTD021PM-17, auxf-impr from fMLLR is 0.118266, over 1447 frames.
LOG (gmm-est-fmllr[5.4.105~1-4fda]:ComputeFmllrMatrixDiagGmmFull():fmllr-diag-gmm.cc:262) fMLLR objf improvement is 0.105865 per frame over 2297 frames.
LOG (gmm-est-fmllr[5.4.105~1-4fda]:main():gmm-est-fmllr.cc:143) For speaker AMI_TS3006b_H00_MTD021PM-18, auxf-impr from fMLLR is 0.105865, over 2297 frames.
LOG (gmm-est-fmllr[5.4.105~1-4fda]:ComputeFmllrMatrixDiagGmmFull():fmllr-diag-gmm.cc:262) fMLLR objf improvement is 0.130745 per frame over 2254 frames.
LOG (gmm-est-fmllr[5.4.105~1-4fda]:main():gmm-est-fmllr.cc:143) For speaker AMI_TS3006b_H00_MTD021PM-19, auxf-impr from fMLLR is 0.130745, over 2254 frames.
LOG (gmm-est-fmllr[5.4.105~1-4fda]:ComputeFmllrMatrixDiagGmmFull():fmllr-diag-gmm.cc:262) fMLLR objf improvement is 0.0882493 per frame over 2219 frames.
LOG (gmm-est-fmllr[5.4.105~1-4fda]:main():gmm-est-fmllr.cc:143) For speaker AMI_TS3006b_H00_MTD021PM-20, auxf-impr from fMLLR is 0.0882493, over 2219 frames.
LOG (gmm-est-fmllr[5.4.105~1-4fda]:ComputeFmllrMatrixDiagGmmFull():fmllr-diag-gmm.cc:262) fMLLR objf improvement is 0.0747054 per frame over 2440 frames.
LOG (gmm-est-fmllr[5.4.105~1-4fda]:main():gmm-est-fmllr.cc:143) For speaker AMI_TS3006b_H00_MTD021PM-21, auxf-impr from fMLLR is 0.0747054, over 2440 frames.
LOG (gmm-est-fmllr[5.4.105~1-4fda]:ComputeFmllrMatrixDiagGmmFull():fmllr-diag-gmm.cc:262) fMLLR objf improvement is 0.110896 per frame over 1817 frames.
LOG (gmm-est-fmllr[5.4.105~1-4fda]:main():gmm-est-fmllr.cc:143) For speaker AMI_TS3006b_H00_MTD021PM-22, auxf-impr from fMLLR is 0.110896, over 1817 frames.
LOG (gmm-est-fmllr[5.4.105~1-4fda]:ComputeFmllrMatrixDiagGmmFull():fmllr-diag-gmm.cc:262) fMLLR objf improvement is 0.0818719 per frame over 2120 frames.
LOG (gmm-est-fmllr[5.4.105~1-4fda]:main():gmm-est-fmllr.cc:143) For speaker AMI_TS3006b_H00_MTD021PM-23, auxf-impr from fMLLR is 0.0818719, over 2120 frames.
LOG (gmm-est-fmllr[5.4.105~1-4fda]:ComputeFmllrMatrixDiagGmmFull():fmllr-diag-gmm.cc:262) fMLLR objf improvement is 0.114124 per frame over 1855 frames.
LOG (gmm-est-fmllr[5.4.105~1-4fda]:main():gmm-est-fmllr.cc:143) For speaker AMI_TS3006b_H00_MTD021PM-24, auxf-impr from fMLLR is 0.114124, over 1855 frames.
LOG (gmm-est-fmllr[5.4.105~1-4fda]:ComputeFmllrMatrixDiagGmmFull():fmllr-diag-gmm.cc:262) fMLLR objf improvement is 0.164024 per frame over 1611 frames.
LOG (gmm-est-fmllr[5.4.105~1-4fda]:main():gmm-est-fmllr.cc:143) For speaker AMI_TS3006b_H01_MTD023UID-01, auxf-impr from fMLLR is 0.164024, over 1611 frames.
LOG (gmm-est-fmllr[5.4.105~1-4fda]:ComputeFmllrMatrixDiagGmmFull():fmllr-diag-gmm.cc:262) fMLLR objf improvement is 0.135309 per frame over 1807 frames.
LOG (gmm-est-fmllr[5.4.105~1-4fda]:main():gmm-est-fmllr.cc:143) For speaker AMI_TS3006b_H01_MTD023UID-02, auxf-impr from fMLLR is 0.135309, over 1807 frames.
LOG (gmm-est-fmllr[5.4.105~1-4fda]:ComputeFmllrMatrixDiagGmmFull():fmllr-diag-gmm.cc:262) fMLLR objf improvement is 0.153006 per frame over 2115 frames.
LOG (gmm-est-fmllr[5.4.105~1-4fda]:main():gmm-est-fmllr.cc:143) For speaker AMI_TS3006b_H01_MTD023UID-03, auxf-impr from fMLLR is 0.153006, over 2115 frames.
LOG (gmm-est-fmllr[5.4.105~1-4fda]:ComputeFmllrMatrixDiagGmmFull():fmllr-diag-gmm.cc:262) fMLLR objf improvement is 0.106054 per frame over 2041 frames.
LOG (gmm-est-fmllr[5.4.105~1-4fda]:main():gmm-est-fmllr.cc:143) For speaker AMI_TS3006b_H01_MTD023UID-04, auxf-impr from fMLLR is 0.106054, over 2041 frames.
LOG (gmm-est-fmllr[5.4.105~1-4fda]:ComputeFmllrMatrixDiagGmmFull():fmllr-diag-gmm.cc:262) fMLLR objf improvement is 0.107341 per frame over 2150 frames.
LOG (gmm-est-fmllr[5.4.105~1-4fda]:main():gmm-est-fmllr.cc:143) For speaker AMI_TS3006b_H01_MTD023UID-05, auxf-impr from fMLLR is 0.107341, over 2150 frames.
LOG (gmm-est-fmllr[5.4.105~1-4fda]:ComputeFmllrMatrixDiagGmmFull():fmllr-diag-gmm.cc:262) fMLLR objf improvement is 0.143328 per frame over 1906 frames.
LOG (gmm-est-fmllr[5.4.105~1-4fda]:main():gmm-est-fmllr.cc:143) For speaker AMI_TS3006b_H01_MTD023UID-06, auxf-impr from fMLLR is 0.143328, over 1906 frames.
LOG (gmm-est-fmllr[5.4.105~1-4fda]:ComputeFmllrMatrixDiagGmmFull():fmllr-diag-gmm.cc:262) fMLLR objf improvement is 0.135857 per frame over 1793 frames.
LOG (gmm-est-fmllr[5.4.105~1-4fda]:main():gmm-est-fmllr.cc:143) For speaker AMI_TS3006b_H01_MTD023UID-07, auxf-impr from fMLLR is 0.135857, over 1793 frames.
LOG (gmm-est-fmllr[5.4.105~1-4fda]:ComputeFmllrMatrixDiagGmmFull():fmllr-diag-gmm.cc:262) fMLLR objf improvement is 0.127336 per frame over 2274 frames.
LOG (gmm-est-fmllr[5.4.105~1-4fda]:main():gmm-est-fmllr.cc:143) For speaker AMI_TS3006b_H01_MTD023UID-08, auxf-impr from fMLLR is 0.127336, over 2274 frames.
LOG (gmm-est-fmllr[5.4.105~1-4fda]:ComputeFmllrMatrixDiagGmmFull():fmllr-diag-gmm.cc:262) fMLLR objf improvement is 0.114578 per frame over 1928 frames.
LOG (gmm-est-fmllr[5.4.105~1-4fda]:main():gmm-est-fmllr.cc:143) For speaker AMI_TS3006b_H01_MTD023UID-09, auxf-impr from fMLLR is 0.114578, over 1928 frames.
LOG (gmm-est-fmllr[5.4.105~1-4fda]:ComputeFmllrMatrixDiagGmmFull():fmllr-diag-gmm.cc:262) fMLLR objf improvement is 0.115784 per frame over 2271 frames.
LOG (gmm-est-fmllr[5.4.105~1-4fda]:main():gmm-est-fmllr.cc:143) For speaker AMI_TS3006b_H01_MTD023UID-10, auxf-impr from fMLLR is 0.115784, over 2271 frames.
LOG (gmm-est-fmllr[5.4.105~1-4fda]:ComputeFmllrMatrixDiagGmmFull():fmllr-diag-gmm.cc:262) fMLLR objf improvement is 0.11065 per frame over 1953 frames.
LOG (gmm-est-fmllr[5.4.105~1-4fda]:main():gmm-est-fmllr.cc:143) For speaker AMI_TS3006b_H01_MTD023UID-11, auxf-impr from fMLLR is 0.11065, over 1953 frames.
LOG (gmm-est-fmllr[5.4.105~1-4fda]:ComputeFmllrMatrixDiagGmmFull():fmllr-diag-gmm.cc:262) fMLLR objf improvement is 0.127146 per frame over 1989 frames.
LOG (gmm-est-fmllr[5.4.105~1-4fda]:main():gmm-est-fmllr.cc:143) For speaker AMI_TS3006b_H01_MTD023UID-12, auxf-impr from fMLLR is 0.127146, over 1989 frames.
LOG (gmm-est-fmllr[5.4.105~1-4fda]:ComputeFmllrMatrixDiagGmmFull():fmllr-diag-gmm.cc:262) fMLLR objf improvement is 0.133736 per frame over 2071 frames.
LOG (gmm-est-fmllr[5.4.105~1-4fda]:main():gmm-est-fmllr.cc:143) For speaker AMI_TS3006b_H01_MTD023UID-13, auxf-impr from fMLLR is 0.133736, over 2071 frames.
LOG (gmm-est-fmllr[5.4.105~1-4fda]:ComputeFmllrMatrixDiagGmmFull():fmllr-diag-gmm.cc:262) fMLLR objf improvement is 0.11071 per frame over 2184 frames.
LOG (gmm-est-fmllr[5.4.105~1-4fda]:main():gmm-est-fmllr.cc:143) For speaker AMI_TS3006b_H01_MTD023UID-14, auxf-impr from fMLLR is 0.11071, over 2184 frames.
LOG (gmm-est-fmllr[5.4.105~1-4fda]:ComputeFmllrMatrixDiagGmmFull():fmllr-diag-gmm.cc:262) fMLLR objf improvement is 0.190426 per frame over 1957 frames.
LOG (gmm-est-fmllr[5.4.105~1-4fda]:main():gmm-est-fmllr.cc:143) For speaker AMI_TS3006b_H01_MTD023UID-15, auxf-impr from fMLLR is 0.190426, over 1957 frames.
WARNING (gmm-est-fmllr[5.4.105~1-4fda]:Update():fmllr-diag-gmm.cc:162) Not updating fMLLR since below min-count: count is 344
LOG (gmm-est-fmllr[5.4.105~1-4fda]:main():gmm-est-fmllr.cc:143) For speaker AMI_TS3006b_H01_MTD023UID-16, auxf-impr from fMLLR is 0, over 344 frames.
LOG (gmm-est-fmllr[5.4.105~1-4fda]:ComputeFmllrMatrixDiagGmmFull():fmllr-diag-gmm.cc:262) fMLLR objf improvement is 0.0771015 per frame over 2100 frames.
LOG (gmm-est-fmllr[5.4.105~1-4fda]:main():gmm-est-fmllr.cc:143) For speaker AMI_TS3006b_H02_MTD022ID-01, auxf-impr from fMLLR is 0.0771015, over 2100 frames.
LOG (gmm-est-fmllr[5.4.105~1-4fda]:ComputeFmllrMatrixDiagGmmFull():fmllr-diag-gmm.cc:262) fMLLR objf improvement is 0.181281 per frame over 900 frames.
LOG (gmm-est-fmllr[5.4.105~1-4fda]:main():gmm-est-fmllr.cc:143) For speaker AMI_TS3006b_H02_MTD022ID-02, auxf-impr from fMLLR is 0.181281, over 900 frames.
LOG (gmm-est-fmllr[5.4.105~1-4fda]:ComputeFmllrMatrixDiagGmmFull():fmllr-diag-gmm.cc:262) fMLLR objf improvement is 0.0888472 per frame over 2292 frames.
LOG (gmm-est-fmllr[5.4.105~1-4fda]:main():gmm-est-fmllr.cc:143) For speaker AMI_TS3006b_H02_MTD022ID-03, auxf-impr from fMLLR is 0.0888472, over 2292 frames.
LOG (gmm-est-fmllr[5.4.105~1-4fda]:ComputeFmllrMatrixDiagGmmFull():fmllr-diag-gmm.cc:262) fMLLR objf improvement is 0.100426 per frame over 1946 frames.
LOG (gmm-est-fmllr[5.4.105~1-4fda]:main():gmm-est-fmllr.cc:143) For speaker AMI_TS3006b_H02_MTD022ID-04, auxf-impr from fMLLR is 0.100426, over 1946 frames.
LOG (gmm-est-fmllr[5.4.105~1-4fda]:ComputeFmllrMatrixDiagGmmFull():fmllr-diag-gmm.cc:262) fMLLR objf improvement is 0.119032 per frame over 1897 frames.
LOG (gmm-est-fmllr[5.4.105~1-4fda]:main():gmm-est-fmllr.cc:143) For speaker AMI_TS3006b_H02_MTD022ID-05, auxf-impr from fMLLR is 0.119032, over 1897 frames.
LOG (gmm-est-fmllr[5.4.105~1-4fda]:ComputeFmllrMatrixDiagGmmFull():fmllr-diag-gmm.cc:262) fMLLR objf improvement is 0.111075 per frame over 2131 frames.
LOG (gmm-est-fmllr[5.4.105~1-4fda]:main():gmm-est-fmllr.cc:143) For speaker AMI_TS3006b_H02_MTD022ID-06, auxf-impr from fMLLR is 0.111075, over 2131 frames.
LOG (gmm-est-fmllr[5.4.105~1-4fda]:ComputeFmllrMatrixDiagGmmFull():fmllr-diag-gmm.cc:262) fMLLR objf improvement is 0.102658 per frame over 2015 frames.
LOG (gmm-est-fmllr[5.4.105~1-4fda]:main():gmm-est-fmllr.cc:143) For speaker AMI_TS3006b_H02_MTD022ID-07, auxf-impr from fMLLR is 0.102658, over 2015 frames.
LOG (gmm-est-fmllr[5.4.105~1-4fda]:ComputeFmllrMatrixDiagGmmFull():fmllr-diag-gmm.cc:262) fMLLR objf improvement is 0.165698 per frame over 1529 frames.
LOG (gmm-est-fmllr[5.4.105~1-4fda]:main():gmm-est-fmllr.cc:143) For speaker AMI_TS3006b_H02_MTD022ID-08, auxf-impr from fMLLR is 0.165698, over 1529 frames.
LOG (gmm-est-fmllr[5.4.105~1-4fda]:ComputeFmllrMatrixDiagGmmFull():fmllr-diag-gmm.cc:262) fMLLR objf improvement is 0.153936 per frame over 2025 frames.
LOG (gmm-est-fmllr[5.4.105~1-4fda]:main():gmm-est-fmllr.cc:143) For speaker AMI_TS3006b_H02_MTD022ID-09, auxf-impr from fMLLR is 0.153936, over 2025 frames.
LOG (gmm-est-fmllr[5.4.105~1-4fda]:ComputeFmllrMatrixDiagGmmFull():fmllr-diag-gmm.cc:262) fMLLR objf improvement is 0.0945103 per frame over 2079 frames.
LOG (gmm-est-fmllr[5.4.105~1-4fda]:main():gmm-est-fmllr.cc:143) For speaker AMI_TS3006b_H02_MTD022ID-10, auxf-impr from fMLLR is 0.0945102, over 2079 frames.
LOG (gmm-est-fmllr[5.4.105~1-4fda]:ComputeFmllrMatrixDiagGmmFull():fmllr-diag-gmm.cc:262) fMLLR objf improvement is 0.0962925 per frame over 1864 frames.
LOG (gmm-est-fmllr[5.4.105~1-4fda]:main():gmm-est-fmllr.cc:143) For speaker AMI_TS3006b_H02_MTD022ID-11, auxf-impr from fMLLR is 0.0962925, over 1864 frames.
LOG (gmm-est-fmllr[5.4.105~1-4fda]:ComputeFmllrMatrixDiagGmmFull():fmllr-diag-gmm.cc:262) fMLLR objf improvement is 0.156773 per frame over 1869 frames.
LOG (gmm-est-fmllr[5.4.105~1-4fda]:main():gmm-est-fmllr.cc:143) For speaker AMI_TS3006b_H02_MTD022ID-12, auxf-impr from fMLLR is 0.156773, over 1869 frames.
LOG (gmm-est-fmllr[5.4.105~1-4fda]:ComputeFmllrMatrixDiagGmmFull():fmllr-diag-gmm.cc:262) fMLLR objf improvement is 0.108871 per frame over 2270 frames.
LOG (gmm-est-fmllr[5.4.105~1-4fda]:main():gmm-est-fmllr.cc:143) For speaker AMI_TS3006b_H02_MTD022ID-13, auxf-impr from fMLLR is 0.108871, over 2270 frames.
LOG (gmm-est-fmllr[5.4.105~1-4fda]:ComputeFmllrMatrixDiagGmmFull():fmllr-diag-gmm.cc:262) fMLLR objf improvement is 0.0785527 per frame over 2128 frames.
LOG (gmm-est-fmllr[5.4.105~1-4fda]:main():gmm-est-fmllr.cc:143) For speaker AMI_TS3006b_H02_MTD022ID-14, auxf-impr from fMLLR is 0.0785527, over 2128 frames.
LOG (gmm-est-fmllr[5.4.105~1-4fda]:ComputeFmllrMatrixDiagGmmFull():fmllr-diag-gmm.cc:262) fMLLR objf improvement is 0.0916048 per frame over 2214 frames.
LOG (gmm-est-fmllr[5.4.105~1-4fda]:main():gmm-est-fmllr.cc:143) For speaker AMI_TS3006b_H02_MTD022ID-15, auxf-impr from fMLLR is 0.0916048, over 2214 frames.
LOG (gmm-est-fmllr[5.4.105~1-4fda]:ComputeFmllrMatrixDiagGmmFull():fmllr-diag-gmm.cc:262) fMLLR objf improvement is 0.103482 per frame over 2114 frames.
LOG (gmm-est-fmllr[5.4.105~1-4fda]:main():gmm-est-fmllr.cc:143) For speaker AMI_TS3006b_H02_MTD022ID-16, auxf-impr from fMLLR is 0.103482, over 2114 frames.
LOG (gmm-est-fmllr[5.4.105~1-4fda]:ComputeFmllrMatrixDiagGmmFull():fmllr-diag-gmm.cc:262) fMLLR objf improvement is 0.102495 per frame over 1947 frames.
LOG (gmm-est-fmllr[5.4.105~1-4fda]:main():gmm-est-fmllr.cc:143) For speaker AMI_TS3006b_H02_MTD022ID-17, auxf-impr from fMLLR is 0.102495, over 1947 frames.
LOG (gmm-est-fmllr[5.4.105~1-4fda]:ComputeFmllrMatrixDiagGmmFull():fmllr-diag-gmm.cc:262) fMLLR objf improvement is 0.105449 per frame over 1952 frames.
LOG (gmm-est-fmllr[5.4.105~1-4fda]:main():gmm-est-fmllr.cc:143) For speaker AMI_TS3006b_H02_MTD022ID-18, auxf-impr from fMLLR is 0.105449, over 1952 frames.
LOG (gmm-est-fmllr[5.4.105~1-4fda]:ComputeFmllrMatrixDiagGmmFull():fmllr-diag-gmm.cc:262) fMLLR objf improvement is 0.123229 per frame over 1756 frames.
LOG (gmm-est-fmllr[5.4.105~1-4fda]:main():gmm-est-fmllr.cc:143) For speaker AMI_TS3006b_H03_MTD024ME-01, auxf-impr from fMLLR is 0.123229, over 1756 frames.
LOG (gmm-est-fmllr[5.4.105~1-4fda]:ComputeFmllrMatrixDiagGmmFull():fmllr-diag-gmm.cc:262) fMLLR objf improvement is 0.101771 per frame over 2340 frames.
LOG (gmm-est-fmllr[5.4.105~1-4fda]:main():gmm-est-fmllr.cc:143) For speaker AMI_TS3006b_H03_MTD024ME-02, auxf-impr from fMLLR is 0.101771, over 2340 frames.
LOG (gmm-est-fmllr[5.4.105~1-4fda]:ComputeFmllrMatrixDiagGmmFull():fmllr-diag-gmm.cc:262) fMLLR objf improvement is 0.126973 per frame over 2225 frames.
LOG (gmm-est-fmllr[5.4.105~1-4fda]:main():gmm-est-fmllr.cc:143) For speaker AMI_TS3006b_H03_MTD024ME-03, auxf-impr from fMLLR is 0.126973, over 2225 frames.
LOG (gmm-est-fmllr[5.4.105~1-4fda]:ComputeFmllrMatrixDiagGmmFull():fmllr-diag-gmm.cc:262) fMLLR objf improvement is 0.146082 per frame over 2216 frames.
LOG (gmm-est-fmllr[5.4.105~1-4fda]:main():gmm-est-fmllr.cc:143) For speaker AMI_TS3006b_H03_MTD024ME-04, auxf-impr from fMLLR is 0.146082, over 2216 frames.
LOG (gmm-est-fmllr[5.4.105~1-4fda]:ComputeFmllrMatrixDiagGmmFull():fmllr-diag-gmm.cc:262) fMLLR objf improvement is 0.104016 per frame over 2097 frames.
LOG (gmm-est-fmllr[5.4.105~1-4fda]:main():gmm-est-fmllr.cc:143) For speaker AMI_TS3006b_H03_MTD024ME-05, auxf-impr from fMLLR is 0.104016, over 2097 frames.
LOG (gmm-est-fmllr[5.4.105~1-4fda]:ComputeFmllrMatrixDiagGmmFull():fmllr-diag-gmm.cc:262) fMLLR objf improvement is 0.107864 per frame over 2393 frames.
LOG (gmm-est-fmllr[5.4.105~1-4fda]:main():gmm-est-fmllr.cc:143) For speaker AMI_TS3006b_H03_MTD024ME-06, auxf-impr from fMLLR is 0.107864, over 2393 frames.
LOG (gmm-est-fmllr[5.4.105~1-4fda]:ComputeFmllrMatrixDiagGmmFull():fmllr-diag-gmm.cc:262) fMLLR objf improvement is 0.127703 per frame over 1767 frames.
LOG (gmm-est-fmllr[5.4.105~1-4fda]:main():gmm-est-fmllr.cc:143) For speaker AMI_TS3006b_H03_MTD024ME-07, auxf-impr from fMLLR is 0.127703, over 1767 frames.
LOG (gmm-est-fmllr[5.4.105~1-4fda]:ComputeFmllrMatrixDiagGmmFull():fmllr-diag-gmm.cc:262) fMLLR objf improvement is 0.119609 per frame over 2231 frames.
LOG (gmm-est-fmllr[5.4.105~1-4fda]:main():gmm-est-fmllr.cc:143) For speaker AMI_TS3006b_H03_MTD024ME-08, auxf-impr from fMLLR is 0.119609, over 2231 frames.
LOG (gmm-est-fmllr[5.4.105~1-4fda]:ComputeFmllrMatrixDiagGmmFull():fmllr-diag-gmm.cc:262) fMLLR objf improvement is 0.17014 per frame over 1894 frames.
LOG (gmm-est-fmllr[5.4.105~1-4fda]:main():gmm-est-fmllr.cc:143) For speaker AMI_TS3006b_H03_MTD024ME-09, auxf-impr from fMLLR is 0.17014, over 1894 frames.
LOG (gmm-est-fmllr[5.4.105~1-4fda]:ComputeFmllrMatrixDiagGmmFull():fmllr-diag-gmm.cc:262) fMLLR objf improvement is 0.103028 per frame over 2243 frames.
LOG (gmm-est-fmllr[5.4.105~1-4fda]:main():gmm-est-fmllr.cc:143) For speaker AMI_TS3006b_H03_MTD024ME-10, auxf-impr from fMLLR is 0.103028, over 2243 frames.
LOG (gmm-est-fmllr[5.4.105~1-4fda]:ComputeFmllrMatrixDiagGmmFull():fmllr-diag-gmm.cc:262) fMLLR objf improvement is 0.120381 per frame over 1667 frames.
LOG (gmm-est-fmllr[5.4.105~1-4fda]:main():gmm-est-fmllr.cc:143) For speaker AMI_TS3006b_H03_MTD024ME-11, auxf-impr from fMLLR is 0.120381, over 1667 frames.
LOG (gmm-est-fmllr[5.4.105~1-4fda]:ComputeFmllrMatrixDiagGmmFull():fmllr-diag-gmm.cc:262) fMLLR objf improvement is 0.0804038 per frame over 2066 frames.
LOG (gmm-est-fmllr[5.4.105~1-4fda]:main():gmm-est-fmllr.cc:143) For speaker AMI_TS3006b_H03_MTD024ME-12, auxf-impr from fMLLR is 0.0804038, over 2066 frames.
LOG (gmm-est-fmllr[5.4.105~1-4fda]:ComputeFmllrMatrixDiagGmmFull():fmllr-diag-gmm.cc:262) fMLLR objf improvement is 0.0788966 per frame over 2180 frames.
LOG (gmm-est-fmllr[5.4.105~1-4fda]:main():gmm-est-fmllr.cc:143) For speaker AMI_TS3006b_H03_MTD024ME-13, auxf-impr from fMLLR is 0.0788966, over 2180 frames.
LOG (gmm-est-fmllr[5.4.105~1-4fda]:ComputeFmllrMatrixDiagGmmFull():fmllr-diag-gmm.cc:262) fMLLR objf improvement is 0.0948804 per frame over 2016 frames.
LOG (gmm-est-fmllr[5.4.105~1-4fda]:main():gmm-est-fmllr.cc:143) For speaker AMI_TS3006b_H03_MTD024ME-14, auxf-impr from fMLLR is 0.0948804, over 2016 frames.
LOG (gmm-est-fmllr[5.4.105~1-4fda]:ComputeFmllrMatrixDiagGmmFull():fmllr-diag-gmm.cc:262) fMLLR objf improvement is 0.113511 per frame over 2152 frames.
LOG (gmm-est-fmllr[5.4.105~1-4fda]:main():gmm-est-fmllr.cc:143) For speaker AMI_TS3006b_H03_MTD024ME-15, auxf-impr from fMLLR is 0.113511, over 2152 frames.
LOG (gmm-est-fmllr[5.4.105~1-4fda]:ComputeFmllrMatrixDiagGmmFull():fmllr-diag-gmm.cc:262) fMLLR objf improvement is 0.105779 per frame over 1893 frames.
LOG (gmm-est-fmllr[5.4.105~1-4fda]:main():gmm-est-fmllr.cc:143) For speaker AMI_TS3006b_H03_MTD024ME-16, auxf-impr from fMLLR is 0.105779, over 1893 frames.
LOG (gmm-est-fmllr[5.4.105~1-4fda]:ComputeFmllrMatrixDiagGmmFull():fmllr-diag-gmm.cc:262) fMLLR objf improvement is 0.147585 per frame over 1707 frames.
LOG (gmm-est-fmllr[5.4.105~1-4fda]:main():gmm-est-fmllr.cc:143) For speaker AMI_TS3006b_H03_MTD024ME-17, auxf-impr from fMLLR is 0.147585, over 1707 frames.
LOG (gmm-est-fmllr[5.4.105~1-4fda]:ComputeFmllrMatrixDiagGmmFull():fmllr-diag-gmm.cc:262) fMLLR objf improvement is 0.0920642 per frame over 2040 frames.
LOG (gmm-est-fmllr[5.4.105~1-4fda]:main():gmm-est-fmllr.cc:143) For speaker AMI_TS3006b_H03_MTD024ME-18, auxf-impr from fMLLR is 0.0920642, over 2040 frames.
LOG (gmm-est-fmllr[5.4.105~1-4fda]:ComputeFmllrMatrixDiagGmmFull():fmllr-diag-gmm.cc:262) fMLLR objf improvement is 0.173877 per frame over 2025 frames.
LOG (gmm-est-fmllr[5.4.105~1-4fda]:main():gmm-est-fmllr.cc:143) For speaker AMI_TS3006b_H03_MTD024ME-19, auxf-impr from fMLLR is 0.173877, over 2025 frames.
LOG (gmm-est-fmllr[5.4.105~1-4fda]:ComputeFmllrMatrixDiagGmmFull():fmllr-diag-gmm.cc:262) fMLLR objf improvement is 0.0784263 per frame over 2233 frames.
LOG (gmm-est-fmllr[5.4.105~1-4fda]:main():gmm-est-fmllr.cc:143) For speaker AMI_TS3006b_H03_MTD024ME-20, auxf-impr from fMLLR is 0.0784263, over 2233 frames.
LOG (gmm-est-fmllr[5.4.105~1-4fda]:ComputeFmllrMatrixDiagGmmFull():fmllr-diag-gmm.cc:262) fMLLR objf improvement is 0.120225 per frame over 1881 frames.
LOG (gmm-est-fmllr[5.4.105~1-4fda]:main():gmm-est-fmllr.cc:143) For speaker AMI_TS3006b_H03_MTD024ME-21, auxf-impr from fMLLR is 0.120225, over 1881 frames.
LOG (gmm-est-fmllr[5.4.105~1-4fda]:ComputeFmllrMatrixDiagGmmFull():fmllr-diag-gmm.cc:262) fMLLR objf improvement is 0.0729498 per frame over 2248 frames.
LOG (gmm-est-fmllr[5.4.105~1-4fda]:main():gmm-est-fmllr.cc:143) For speaker AMI_TS3006b_H03_MTD024ME-22, auxf-impr from fMLLR is 0.0729498, over 2248 frames.
LOG (gmm-est-fmllr[5.4.105~1-4fda]:ComputeFmllrMatrixDiagGmmFull():fmllr-diag-gmm.cc:262) fMLLR objf improvement is 0.0792212 per frame over 2090 frames.
LOG (gmm-est-fmllr[5.4.105~1-4fda]:main():gmm-est-fmllr.cc:143) For speaker AMI_TS3006b_H03_MTD024ME-23, auxf-impr from fMLLR is 0.0792212, over 2090 frames.
LOG (gmm-est-fmllr[5.4.105~1-4fda]:ComputeFmllrMatrixDiagGmmFull():fmllr-diag-gmm.cc:262) fMLLR objf improvement is 0.103267 per frame over 2065 frames.
LOG (gmm-est-fmllr[5.4.105~1-4fda]:main():gmm-est-fmllr.cc:143) For speaker AMI_TS3006b_H03_MTD024ME-24, auxf-impr from fMLLR is 0.103267, over 2065 frames.
LOG (gmm-est-fmllr[5.4.105~1-4fda]:ComputeFmllrMatrixDiagGmmFull():fmllr-diag-gmm.cc:262) fMLLR objf improvement is 0.130289 per frame over 1502 frames.
LOG (gmm-est-fmllr[5.4.105~1-4fda]:main():gmm-est-fmllr.cc:143) For speaker AMI_TS3006b_H03_MTD024ME-25, auxf-impr from fMLLR is 0.130289, over 1502 frames.
LOG (gmm-est-fmllr[5.4.105~1-4fda]:ComputeFmllrMatrixDiagGmmFull():fmllr-diag-gmm.cc:262) fMLLR objf improvement is 0.104506 per frame over 2185 frames.
LOG (gmm-est-fmllr[5.4.105~1-4fda]:main():gmm-est-fmllr.cc:143) For speaker AMI_TS3006b_H03_MTD024ME-26, auxf-impr from fMLLR is 0.104506, over 2185 frames.
LOG (gmm-est-fmllr[5.4.105~1-4fda]:ComputeFmllrMatrixDiagGmmFull():fmllr-diag-gmm.cc:262) fMLLR objf improvement is 0.148246 per frame over 2009 frames.
LOG (gmm-est-fmllr[5.4.105~1-4fda]:main():gmm-est-fmllr.cc:143) For speaker AMI_TS3006b_H03_MTD024ME-27, auxf-impr from fMLLR is 0.148246, over 2009 frames.
LOG (gmm-est-fmllr[5.4.105~1-4fda]:ComputeFmllrMatrixDiagGmmFull():fmllr-diag-gmm.cc:262) fMLLR objf improvement is 0.110372 per frame over 1849 frames.
LOG (gmm-est-fmllr[5.4.105~1-4fda]:main():gmm-est-fmllr.cc:143) For speaker AMI_TS3006b_H03_MTD024ME-28, auxf-impr from fMLLR is 0.110372, over 1849 frames.
LOG (gmm-est-fmllr[5.4.105~1-4fda]:ComputeFmllrMatrixDiagGmmFull():fmllr-diag-gmm.cc:262) fMLLR objf improvement is 0.100857 per frame over 2134 frames.
LOG (gmm-est-fmllr[5.4.105~1-4fda]:main():gmm-est-fmllr.cc:143) For speaker AMI_TS3006b_H03_MTD024ME-29, auxf-impr from fMLLR is 0.100857, over 2134 frames.
LOG (gmm-est-fmllr[5.4.105~1-4fda]:ComputeFmllrMatrixDiagGmmFull():fmllr-diag-gmm.cc:262) fMLLR objf improvement is 0.113369 per frame over 2049 frames.
LOG (gmm-est-fmllr[5.4.105~1-4fda]:main():gmm-est-fmllr.cc:143) For speaker AMI_TS3006b_H03_MTD024ME-30, auxf-impr from fMLLR is 0.113369, over 2049 frames.
LOG (gmm-est-fmllr[5.4.105~1-4fda]:ComputeFmllrMatrixDiagGmmFull():fmllr-diag-gmm.cc:262) fMLLR objf improvement is 0.105429 per frame over 1608 frames.
LOG (gmm-est-fmllr[5.4.105~1-4fda]:main():gmm-est-fmllr.cc:143) For speaker AMI_TS3006b_H03_MTD024ME-31, auxf-impr from fMLLR is 0.105429, over 1608 frames.
LOG (gmm-est-fmllr[5.4.105~1-4fda]:ComputeFmllrMatrixDiagGmmFull():fmllr-diag-gmm.cc:262) fMLLR objf improvement is 0.135784 per frame over 2006 frames.
LOG (gmm-est-fmllr[5.4.105~1-4fda]:main():gmm-est-fmllr.cc:143) For speaker AMI_TS3006b_H03_MTD024ME-32, auxf-impr from fMLLR is 0.135784, over 2006 frames.
LOG (gmm-est-fmllr[5.4.105~1-4fda]:ComputeFmllrMatrixDiagGmmFull():fmllr-diag-gmm.cc:262) fMLLR objf improvement is 0.088496 per frame over 2372 frames.
LOG (gmm-est-fmllr[5.4.105~1-4fda]:main():gmm-est-fmllr.cc:143) For speaker AMI_TS3006b_H03_MTD024ME-33, auxf-impr from fMLLR is 0.088496, over 2372 frames.
LOG (gmm-est-fmllr[5.4.105~1-4fda]:ComputeFmllrMatrixDiagGmmFull():fmllr-diag-gmm.cc:262) fMLLR objf improvement is 0.111384 per frame over 2115 frames.
LOG (gmm-est-fmllr[5.4.105~1-4fda]:main():gmm-est-fmllr.cc:143) For speaker AMI_TS3006b_H03_MTD024ME-34, auxf-impr from fMLLR is 0.111384, over 2115 frames.
LOG (gmm-est-fmllr[5.4.105~1-4fda]:ComputeFmllrMatrixDiagGmmFull():fmllr-diag-gmm.cc:262) fMLLR objf improvement is 0.0807886 per frame over 2134 frames.
LOG (gmm-est-fmllr[5.4.105~1-4fda]:main():gmm-est-fmllr.cc:143) For speaker AMI_TS3006b_H03_MTD024ME-35, auxf-impr from fMLLR is 0.0807886, over 2134 frames.
LOG (gmm-est-fmllr[5.4.105~1-4fda]:ComputeFmllrMatrixDiagGmmFull():fmllr-diag-gmm.cc:262) fMLLR objf improvement is 0.0887069 per frame over 2005 frames.
LOG (gmm-est-fmllr[5.4.105~1-4fda]:main():gmm-est-fmllr.cc:143) For speaker AMI_TS3006b_H03_MTD024ME-36, auxf-impr from fMLLR is 0.0887069, over 2005 frames.
LOG (gmm-est-fmllr[5.4.105~1-4fda]:ComputeFmllrMatrixDiagGmmFull():fmllr-diag-gmm.cc:262) fMLLR objf improvement is 0.0962335 per frame over 2157 frames.
LOG (gmm-est-fmllr[5.4.105~1-4fda]:main():gmm-est-fmllr.cc:143) For speaker AMI_TS3006b_H03_MTD024ME-37, auxf-impr from fMLLR is 0.0962335, over 2157 frames.
LOG (gmm-est-fmllr[5.4.105~1-4fda]:ComputeFmllrMatrixDiagGmmFull():fmllr-diag-gmm.cc:262) fMLLR objf improvement is 0.117675 per frame over 1893 frames.
LOG (gmm-est-fmllr[5.4.105~1-4fda]:main():gmm-est-fmllr.cc:143) For speaker AMI_TS3006b_H03_MTD024ME-38, auxf-impr from fMLLR is 0.117675, over 1893 frames.
WARNING (gmm-est-fmllr[5.4.105~1-4fda]:Update():fmllr-diag-gmm.cc:162) Not updating fMLLR since below min-count: count is 413
LOG (gmm-est-fmllr[5.4.105~1-4fda]:main():gmm-est-fmllr.cc:143) For speaker AMI_TS3006b_H03_MTD024ME-39, auxf-impr from fMLLR is 0, over 413 frames.
LOG (gmm-est-fmllr[5.4.105~1-4fda]:ComputeFmllrMatrixDiagGmmFull():fmllr-diag-gmm.cc:262) fMLLR objf improvement is 0.146854 per frame over 1359 frames.
LOG (gmm-est-fmllr[5.4.105~1-4fda]:main():gmm-est-fmllr.cc:143) For speaker AMI_TS3006c_H00_MTD021PM-01, auxf-impr from fMLLR is 0.146854, over 1359 frames.
LOG (gmm-est-fmllr[5.4.105~1-4fda]:ComputeFmllrMatrixDiagGmmFull():fmllr-diag-gmm.cc:262) fMLLR objf improvement is 0.0973776 per frame over 1973 frames.
LOG (gmm-est-fmllr[5.4.105~1-4fda]:main():gmm-est-fmllr.cc:143) For speaker AMI_TS3006c_H00_MTD021PM-02, auxf-impr from fMLLR is 0.0973776, over 1973 frames.
LOG (gmm-est-fmllr[5.4.105~1-4fda]:ComputeFmllrMatrixDiagGmmFull():fmllr-diag-gmm.cc:262) fMLLR objf improvement is 0.157175 per frame over 1533 frames.
LOG (gmm-est-fmllr[5.4.105~1-4fda]:main():gmm-est-fmllr.cc:143) For speaker AMI_TS3006c_H00_MTD021PM-03, auxf-impr from fMLLR is 0.157175, over 1533 frames.
LOG (gmm-est-fmllr[5.4.105~1-4fda]:ComputeFmllrMatrixDiagGmmFull():fmllr-diag-gmm.cc:262) fMLLR objf improvement is 0.0888923 per frame over 2213 frames.
LOG (gmm-est-fmllr[5.4.105~1-4fda]:main():gmm-est-fmllr.cc:143) For speaker AMI_TS3006c_H00_MTD021PM-04, auxf-impr from fMLLR is 0.0888923, over 2213 frames.
LOG (gmm-est-fmllr[5.4.105~1-4fda]:ComputeFmllrMatrixDiagGmmFull():fmllr-diag-gmm.cc:262) fMLLR objf improvement is 0.13056 per frame over 1988 frames.
LOG (gmm-est-fmllr[5.4.105~1-4fda]:main():gmm-est-fmllr.cc:143) For speaker AMI_TS3006c_H00_MTD021PM-05, auxf-impr from fMLLR is 0.13056, over 1988 frames.
LOG (gmm-est-fmllr[5.4.105~1-4fda]:ComputeFmllrMatrixDiagGmmFull():fmllr-diag-gmm.cc:262) fMLLR objf improvement is 0.0960995 per frame over 2289 frames.
LOG (gmm-est-fmllr[5.4.105~1-4fda]:main():gmm-est-fmllr.cc:143) For speaker AMI_TS3006c_H00_MTD021PM-06, auxf-impr from fMLLR is 0.0960995, over 2289 frames.
LOG (gmm-est-fmllr[5.4.105~1-4fda]:ComputeFmllrMatrixDiagGmmFull():fmllr-diag-gmm.cc:262) fMLLR objf improvement is 0.124982 per frame over 1432 frames.
LOG (gmm-est-fmllr[5.4.105~1-4fda]:main():gmm-est-fmllr.cc:143) For speaker AMI_TS3006c_H00_MTD021PM-07, auxf-impr from fMLLR is 0.124982, over 1432 frames.
LOG (gmm-est-fmllr[5.4.105~1-4fda]:ComputeFmllrMatrixDiagGmmFull():fmllr-diag-gmm.cc:262) fMLLR objf improvement is 0.0960978 per frame over 2331 frames.
LOG (gmm-est-fmllr[5.4.105~1-4fda]:main():gmm-est-fmllr.cc:143) For speaker AMI_TS3006c_H00_MTD021PM-08, auxf-impr from fMLLR is 0.0960978, over 2331 frames.
LOG (gmm-est-fmllr[5.4.105~1-4fda]:ComputeFmllrMatrixDiagGmmFull():fmllr-diag-gmm.cc:262) fMLLR objf improvement is 0.131014 per frame over 2020 frames.
LOG (gmm-est-fmllr[5.4.105~1-4fda]:main():gmm-est-fmllr.cc:143) For speaker AMI_TS3006c_H00_MTD021PM-09, auxf-impr from fMLLR is 0.131014, over 2020 frames.
LOG (gmm-est-fmllr[5.4.105~1-4fda]:ComputeFmllrMatrixDiagGmmFull():fmllr-diag-gmm.cc:262) fMLLR objf improvement is 0.103425 per frame over 2614 frames.
LOG (gmm-est-fmllr[5.4.105~1-4fda]:main():gmm-est-fmllr.cc:143) For speaker AMI_TS3006c_H00_MTD021PM-10, auxf-impr from fMLLR is 0.103425, over 2614 frames.
LOG (gmm-est-fmllr[5.4.105~1-4fda]:ComputeFmllrMatrixDiagGmmFull():fmllr-diag-gmm.cc:262) fMLLR objf improvement is 0.146241 per frame over 1489 frames.
LOG (gmm-est-fmllr[5.4.105~1-4fda]:main():gmm-est-fmllr.cc:143) For speaker AMI_TS3006c_H00_MTD021PM-11, auxf-impr from fMLLR is 0.146241, over 1489 frames.
LOG (gmm-est-fmllr[5.4.105~1-4fda]:ComputeFmllrMatrixDiagGmmFull():fmllr-diag-gmm.cc:262) fMLLR objf improvement is 0.104603 per frame over 1940 frames.
LOG (gmm-est-fmllr[5.4.105~1-4fda]:main():gmm-est-fmllr.cc:143) For speaker AMI_TS3006c_H00_MTD021PM-12, auxf-impr from fMLLR is 0.104603, over 1940 frames.
LOG (gmm-est-fmllr[5.4.105~1-4fda]:ComputeFmllrMatrixDiagGmmFull():fmllr-diag-gmm.cc:262) fMLLR objf improvement is 0.0887811 per frame over 2212 frames.
LOG (gmm-est-fmllr[5.4.105~1-4fda]:main():gmm-est-fmllr.cc:143) For speaker AMI_TS3006c_H00_MTD021PM-13, auxf-impr from fMLLR is 0.0887811, over 2212 frames.
LOG (gmm-est-fmllr[5.4.105~1-4fda]:ComputeFmllrMatrixDiagGmmFull():fmllr-diag-gmm.cc:262) fMLLR objf improvement is 0.104072 per frame over 2161 frames.
LOG (gmm-est-fmllr[5.4.105~1-4fda]:main():gmm-est-fmllr.cc:143) For speaker AMI_TS3006c_H00_MTD021PM-14, auxf-impr from fMLLR is 0.104072, over 2161 frames.
LOG (gmm-est-fmllr[5.4.105~1-4fda]:ComputeFmllrMatrixDiagGmmFull():fmllr-diag-gmm.cc:262) fMLLR objf improvement is 0.117765 per frame over 2176 frames.
LOG (gmm-est-fmllr[5.4.105~1-4fda]:main():gmm-est-fmllr.cc:143) For speaker AMI_TS3006c_H00_MTD021PM-15, auxf-impr from fMLLR is 0.117765, over 2176 frames.
LOG (gmm-est-fmllr[5.4.105~1-4fda]:ComputeFmllrMatrixDiagGmmFull():fmllr-diag-gmm.cc:262) fMLLR objf improvement is 0.143502 per frame over 1784 frames.
LOG (gmm-est-fmllr[5.4.105~1-4fda]:main():gmm-est-fmllr.cc:143) For speaker AMI_TS3006c_H00_MTD021PM-16, auxf-impr from fMLLR is 0.143502, over 1784 frames.
LOG (gmm-est-fmllr[5.4.105~1-4fda]:ComputeFmllrMatrixDiagGmmFull():fmllr-diag-gmm.cc:262) fMLLR objf improvement is 0.10668 per frame over 2160 frames.
LOG (gmm-est-fmllr[5.4.105~1-4fda]:main():gmm-est-fmllr.cc:143) For speaker AMI_TS3006c_H00_MTD021PM-17, auxf-impr from fMLLR is 0.10668, over 2160 frames.
LOG (gmm-est-fmllr[5.4.105~1-4fda]:ComputeFmllrMatrixDiagGmmFull():fmllr-diag-gmm.cc:262) fMLLR objf improvement is 0.117078 per frame over 1934 frames.
LOG (gmm-est-fmllr[5.4.105~1-4fda]:main():gmm-est-fmllr.cc:143) For speaker AMI_TS3006c_H00_MTD021PM-18, auxf-impr from fMLLR is 0.117078, over 1934 frames.
LOG (gmm-est-fmllr[5.4.105~1-4fda]:ComputeFmllrMatrixDiagGmmFull():fmllr-diag-gmm.cc:262) fMLLR objf improvement is 0.120038 per frame over 1216 frames.
LOG (gmm-est-fmllr[5.4.105~1-4fda]:main():gmm-est-fmllr.cc:143) For speaker AMI_TS3006c_H00_MTD021PM-19, auxf-impr from fMLLR is 0.120038, over 1216 frames.
LOG (gmm-est-fmllr[5.4.105~1-4fda]:ComputeFmllrMatrixDiagGmmFull():fmllr-diag-gmm.cc:262) fMLLR objf improvement is 0.169447 per frame over 1569 frames.
LOG (gmm-est-fmllr[5.4.105~1-4fda]:main():gmm-est-fmllr.cc:143) For speaker AMI_TS3006c_H01_MTD023UID-01, auxf-impr from fMLLR is 0.169447, over 1569 frames.
LOG (gmm-est-fmllr[5.4.105~1-4fda]:ComputeFmllrMatrixDiagGmmFull():fmllr-diag-gmm.cc:262) fMLLR objf improvement is 0.104385 per frame over 2017 frames.
LOG (gmm-est-fmllr[5.4.105~1-4fda]:main():gmm-est-fmllr.cc:143) For speaker AMI_TS3006c_H01_MTD023UID-02, auxf-impr from fMLLR is 0.104385, over 2017 frames.
LOG (gmm-est-fmllr[5.4.105~1-4fda]:ComputeFmllrMatrixDiagGmmFull():fmllr-diag-gmm.cc:262) fMLLR objf improvement is 0.177524 per frame over 1940 frames.
LOG (gmm-est-fmllr[5.4.105~1-4fda]:main():gmm-est-fmllr.cc:143) For speaker AMI_TS3006c_H01_MTD023UID-03, auxf-impr from fMLLR is 0.177524, over 1940 frames.
LOG (gmm-est-fmllr[5.4.105~1-4fda]:ComputeFmllrMatrixDiagGmmFull():fmllr-diag-gmm.cc:262) fMLLR objf improvement is 0.119745 per frame over 2066 frames.
LOG (gmm-est-fmllr[5.4.105~1-4fda]:main():gmm-est-fmllr.cc:143) For speaker AMI_TS3006c_H01_MTD023UID-04, auxf-impr from fMLLR is 0.119745, over 2066 frames.
LOG (gmm-est-fmllr[5.4.105~1-4fda]:ComputeFmllrMatrixDiagGmmFull():fmllr-diag-gmm.cc:262) fMLLR objf improvement is 0.149082 per frame over 2033 frames.
LOG (gmm-est-fmllr[5.4.105~1-4fda]:main():gmm-est-fmllr.cc:143) For speaker AMI_TS3006c_H01_MTD023UID-05, auxf-impr from fMLLR is 0.149082, over 2033 frames.
LOG (gmm-est-fmllr[5.4.105~1-4fda]:ComputeFmllrMatrixDiagGmmFull():fmllr-diag-gmm.cc:262) fMLLR objf improvement is 0.151447 per frame over 1944 frames.
LOG (gmm-est-fmllr[5.4.105~1-4fda]:main():gmm-est-fmllr.cc:143) For speaker AMI_TS3006c_H01_MTD023UID-06, auxf-impr from fMLLR is 0.151447, over 1944 frames.
LOG (gmm-est-fmllr[5.4.105~1-4fda]:ComputeFmllrMatrixDiagGmmFull():fmllr-diag-gmm.cc:262) fMLLR objf improvement is 0.1286 per frame over 2219 frames.
LOG (gmm-est-fmllr[5.4.105~1-4fda]:main():gmm-est-fmllr.cc:143) For speaker AMI_TS3006c_H01_MTD023UID-07, auxf-impr from fMLLR is 0.1286, over 2219 frames.
LOG (gmm-est-fmllr[5.4.105~1-4fda]:ComputeFmllrMatrixDiagGmmFull():fmllr-diag-gmm.cc:262) fMLLR objf improvement is 0.107164 per frame over 2411 frames.
LOG (gmm-est-fmllr[5.4.105~1-4fda]:main():gmm-est-fmllr.cc:143) For speaker AMI_TS3006c_H01_MTD023UID-08, auxf-impr from fMLLR is 0.107164, over 2411 frames.
LOG (gmm-est-fmllr[5.4.105~1-4fda]:ComputeFmllrMatrixDiagGmmFull():fmllr-diag-gmm.cc:262) fMLLR objf improvement is 0.0914891 per frame over 2132 frames.
LOG (gmm-est-fmllr[5.4.105~1-4fda]:main():gmm-est-fmllr.cc:143) For speaker AMI_TS3006c_H01_MTD023UID-09, auxf-impr from fMLLR is 0.0914891, over 2132 frames.
LOG (gmm-est-fmllr[5.4.105~1-4fda]:ComputeFmllrMatrixDiagGmmFull():fmllr-diag-gmm.cc:262) fMLLR objf improvement is 0.120847 per frame over 1869 frames.
LOG (gmm-est-fmllr[5.4.105~1-4fda]:main():gmm-est-fmllr.cc:143) For speaker AMI_TS3006c_H01_MTD023UID-10, auxf-impr from fMLLR is 0.120847, over 1869 frames.
LOG (gmm-est-fmllr[5.4.105~1-4fda]:ComputeFmllrMatrixDiagGmmFull():fmllr-diag-gmm.cc:262) fMLLR objf improvement is 0.112882 per frame over 2116 frames.
LOG (gmm-est-fmllr[5.4.105~1-4fda]:main():gmm-est-fmllr.cc:143) For speaker AMI_TS3006c_H01_MTD023UID-11, auxf-impr from fMLLR is 0.112882, over 2116 frames.
LOG (gmm-est-fmllr[5.4.105~1-4fda]:ComputeFmllrMatrixDiagGmmFull():fmllr-diag-gmm.cc:262) fMLLR objf improvement is 0.0912484 per frame over 2336 frames.
LOG (gmm-est-fmllr[5.4.105~1-4fda]:main():gmm-est-fmllr.cc:143) For speaker AMI_TS3006c_H01_MTD023UID-12, auxf-impr from fMLLR is 0.0912484, over 2336 frames.
LOG (gmm-est-fmllr[5.4.105~1-4fda]:ComputeFmllrMatrixDiagGmmFull():fmllr-diag-gmm.cc:262) fMLLR objf improvement is 0.124203 per frame over 1858 frames.
LOG (gmm-est-fmllr[5.4.105~1-4fda]:main():gmm-est-fmllr.cc:143) For speaker AMI_TS3006c_H01_MTD023UID-13, auxf-impr from fMLLR is 0.124203, over 1858 frames.
LOG (gmm-est-fmllr[5.4.105~1-4fda]:ComputeFmllrMatrixDiagGmmFull():fmllr-diag-gmm.cc:262) fMLLR objf improvement is 0.107674 per frame over 1781 frames.
LOG (gmm-est-fmllr[5.4.105~1-4fda]:main():gmm-est-fmllr.cc:143) For speaker AMI_TS3006c_H01_MTD023UID-14, auxf-impr from fMLLR is 0.107674, over 1781 frames.
LOG (gmm-est-fmllr[5.4.105~1-4fda]:ComputeFmllrMatrixDiagGmmFull():fmllr-diag-gmm.cc:262) fMLLR objf improvement is 0.110134 per frame over 2271 frames.
LOG (gmm-est-fmllr[5.4.105~1-4fda]:main():gmm-est-fmllr.cc:143) For speaker AMI_TS3006c_H01_MTD023UID-15, auxf-impr from fMLLR is 0.110134, over 2271 frames.
LOG (gmm-est-fmllr[5.4.105~1-4fda]:ComputeFmllrMatrixDiagGmmFull():fmllr-diag-gmm.cc:262) fMLLR objf improvement is 0.113207 per frame over 2135 frames.
LOG (gmm-est-fmllr[5.4.105~1-4fda]:main():gmm-est-fmllr.cc:143) For speaker AMI_TS3006c_H01_MTD023UID-16, auxf-impr from fMLLR is 0.113207, over 2135 frames.
LOG (ali-to-post[5.4.105~1-4fda]:main():ali-to-post.cc:73) Converted 4117 alignments.
LOG (weight-silence-post[5.4.105~1-4fda]:main():weight-silence-post.cc:95) Done 4117 posteriors.
WARNING (gmm-est-fmllr[5.4.105~1-4fda]:main():gmm-est-fmllr.cc:118) Did not find posteriors for utterance AMI_TS3006c_H01_MTD023UID_0248533_0248581
LOG (gmm-est-fmllr[5.4.105~1-4fda]:ComputeFmllrMatrixDiagGmmFull():fmllr-diag-gmm.cc:262) fMLLR objf improvement is 0.143949 per frame over 1628 frames.
LOG (gmm-est-fmllr[5.4.105~1-4fda]:main():gmm-est-fmllr.cc:143) For speaker AMI_TS3006c_H01_MTD023UID-17, auxf-impr from fMLLR is 0.143949, over 1628 frames.
LOG (gmm-est-fmllr[5.4.105~1-4fda]:ComputeFmllrMatrixDiagGmmFull():fmllr-diag-gmm.cc:262) fMLLR objf improvement is 0.388522 per frame over 730 frames.
LOG (gmm-est-fmllr[5.4.105~1-4fda]:main():gmm-est-fmllr.cc:143) For speaker AMI_TS3006c_H01_MTD023UID-18, auxf-impr from fMLLR is 0.388522, over 730 frames.
LOG (gmm-est-fmllr[5.4.105~1-4fda]:ComputeFmllrMatrixDiagGmmFull():fmllr-diag-gmm.cc:262) fMLLR objf improvement is 0.214266 per frame over 1325 frames.
LOG (gmm-est-fmllr[5.4.105~1-4fda]:main():gmm-est-fmllr.cc:143) For speaker AMI_TS3006c_H02_MTD022ID-01, auxf-impr from fMLLR is 0.214266, over 1325 frames.
LOG (gmm-est-fmllr[5.4.105~1-4fda]:ComputeFmllrMatrixDiagGmmFull():fmllr-diag-gmm.cc:262) fMLLR objf improvement is 0.106045 per frame over 1939 frames.
LOG (gmm-est-fmllr[5.4.105~1-4fda]:main():gmm-est-fmllr.cc:143) For speaker AMI_TS3006c_H02_MTD022ID-02, auxf-impr from fMLLR is 0.106045, over 1939 frames.
LOG (gmm-est-fmllr[5.4.105~1-4fda]:ComputeFmllrMatrixDiagGmmFull():fmllr-diag-gmm.cc:262) fMLLR objf improvement is 0.119756 per frame over 2317 frames.
LOG (gmm-est-fmllr[5.4.105~1-4fda]:main():gmm-est-fmllr.cc:143) For speaker AMI_TS3006c_H02_MTD022ID-03, auxf-impr from fMLLR is 0.119756, over 2317 frames.
LOG (gmm-est-fmllr[5.4.105~1-4fda]:ComputeFmllrMatrixDiagGmmFull():fmllr-diag-gmm.cc:262) fMLLR objf improvement is 0.134935 per frame over 2022 frames.
LOG (gmm-est-fmllr[5.4.105~1-4fda]:main():gmm-est-fmllr.cc:143) For speaker AMI_TS3006c_H02_MTD022ID-04, auxf-impr from fMLLR is 0.134935, over 2022 frames.
LOG (gmm-est-fmllr[5.4.105~1-4fda]:ComputeFmllrMatrixDiagGmmFull():fmllr-diag-gmm.cc:262) fMLLR objf improvement is 0.0979466 per frame over 2255 frames.
LOG (gmm-est-fmllr[5.4.105~1-4fda]:main():gmm-est-fmllr.cc:143) For speaker AMI_TS3006c_H02_MTD022ID-05, auxf-impr from fMLLR is 0.0979466, over 2255 frames.
LOG (gmm-est-fmllr[5.4.105~1-4fda]:ComputeFmllrMatrixDiagGmmFull():fmllr-diag-gmm.cc:262) fMLLR objf improvement is 0.101187 per frame over 2333 frames.
LOG (gmm-est-fmllr[5.4.105~1-4fda]:main():gmm-est-fmllr.cc:143) For speaker AMI_TS3006c_H02_MTD022ID-06, auxf-impr from fMLLR is 0.101187, over 2333 frames.
LOG (gmm-est-fmllr[5.4.105~1-4fda]:ComputeFmllrMatrixDiagGmmFull():fmllr-diag-gmm.cc:262) fMLLR objf improvement is 0.113364 per frame over 2360 frames.
LOG (gmm-est-fmllr[5.4.105~1-4fda]:main():gmm-est-fmllr.cc:143) For speaker AMI_TS3006c_H02_MTD022ID-07, auxf-impr from fMLLR is 0.113364, over 2360 frames.
LOG (gmm-est-fmllr[5.4.105~1-4fda]:ComputeFmllrMatrixDiagGmmFull():fmllr-diag-gmm.cc:262) fMLLR objf improvement is 0.101315 per frame over 2230 frames.
LOG (gmm-est-fmllr[5.4.105~1-4fda]:main():gmm-est-fmllr.cc:143) For speaker AMI_TS3006c_H02_MTD022ID-08, auxf-impr from fMLLR is 0.101315, over 2230 frames.
LOG (gmm-est-fmllr[5.4.105~1-4fda]:ComputeFmllrMatrixDiagGmmFull():fmllr-diag-gmm.cc:262) fMLLR objf improvement is 0.109026 per frame over 2208 frames.
LOG (gmm-est-fmllr[5.4.105~1-4fda]:main():gmm-est-fmllr.cc:143) For speaker AMI_TS3006c_H02_MTD022ID-09, auxf-impr from fMLLR is 0.109026, over 2208 frames.
LOG (gmm-est-fmllr[5.4.105~1-4fda]:ComputeFmllrMatrixDiagGmmFull():fmllr-diag-gmm.cc:262) fMLLR objf improvement is 0.123272 per frame over 1771 frames.
LOG (gmm-est-fmllr[5.4.105~1-4fda]:main():gmm-est-fmllr.cc:143) For speaker AMI_TS3006c_H02_MTD022ID-10, auxf-impr from fMLLR is 0.123272, over 1771 frames.
LOG (gmm-est-fmllr[5.4.105~1-4fda]:ComputeFmllrMatrixDiagGmmFull():fmllr-diag-gmm.cc:262) fMLLR objf improvement is 0.089386 per frame over 2124 frames.
LOG (gmm-est-fmllr[5.4.105~1-4fda]:main():gmm-est-fmllr.cc:143) For speaker AMI_TS3006c_H02_MTD022ID-11, auxf-impr from fMLLR is 0.089386, over 2124 frames.
LOG (gmm-est-fmllr[5.4.105~1-4fda]:ComputeFmllrMatrixDiagGmmFull():fmllr-diag-gmm.cc:262) fMLLR objf improvement is 0.0918874 per frame over 2189 frames.
LOG (gmm-est-fmllr[5.4.105~1-4fda]:main():gmm-est-fmllr.cc:143) For speaker AMI_TS3006c_H02_MTD022ID-12, auxf-impr from fMLLR is 0.0918874, over 2189 frames.
LOG (gmm-est-fmllr[5.4.105~1-4fda]:ComputeFmllrMatrixDiagGmmFull():fmllr-diag-gmm.cc:262) fMLLR objf improvement is 0.0870887 per frame over 2472 frames.
LOG (gmm-est-fmllr[5.4.105~1-4fda]:main():gmm-est-fmllr.cc:143) For speaker AMI_TS3006c_H02_MTD022ID-13, auxf-impr from fMLLR is 0.0870887, over 2472 frames.
LOG (gmm-est-fmllr[5.4.105~1-4fda]:ComputeFmllrMatrixDiagGmmFull():fmllr-diag-gmm.cc:262) fMLLR objf improvement is 0.114852 per frame over 2426 frames.
LOG (gmm-est-fmllr[5.4.105~1-4fda]:main():gmm-est-fmllr.cc:143) For speaker AMI_TS3006c_H02_MTD022ID-14, auxf-impr from fMLLR is 0.114852, over 2426 frames.
LOG (gmm-est-fmllr[5.4.105~1-4fda]:ComputeFmllrMatrixDiagGmmFull():fmllr-diag-gmm.cc:262) fMLLR objf improvement is 0.101445 per frame over 2459 frames.
LOG (gmm-est-fmllr[5.4.105~1-4fda]:main():gmm-est-fmllr.cc:143) For speaker AMI_TS3006c_H02_MTD022ID-15, auxf-impr from fMLLR is 0.101445, over 2459 frames.
LOG (gmm-est-fmllr[5.4.105~1-4fda]:ComputeFmllrMatrixDiagGmmFull():fmllr-diag-gmm.cc:262) fMLLR objf improvement is 0.106248 per frame over 1764 frames.
LOG (gmm-est-fmllr[5.4.105~1-4fda]:main():gmm-est-fmllr.cc:143) For speaker AMI_TS3006c_H02_MTD022ID-16, auxf-impr from fMLLR is 0.106248, over 1764 frames.
LOG (gmm-est-fmllr[5.4.105~1-4fda]:ComputeFmllrMatrixDiagGmmFull():fmllr-diag-gmm.cc:262) fMLLR objf improvement is 0.109142 per frame over 2142 frames.
LOG (gmm-est-fmllr[5.4.105~1-4fda]:main():gmm-est-fmllr.cc:143) For speaker AMI_TS3006c_H02_MTD022ID-17, auxf-impr from fMLLR is 0.109142, over 2142 frames.
LOG (gmm-est-fmllr[5.4.105~1-4fda]:ComputeFmllrMatrixDiagGmmFull():fmllr-diag-gmm.cc:262) fMLLR objf improvement is 0.0945085 per frame over 2024 frames.
LOG (gmm-est-fmllr[5.4.105~1-4fda]:main():gmm-est-fmllr.cc:143) For speaker AMI_TS3006c_H02_MTD022ID-18, auxf-impr from fMLLR is 0.0945085, over 2024 frames.
LOG (gmm-est-fmllr[5.4.105~1-4fda]:ComputeFmllrMatrixDiagGmmFull():fmllr-diag-gmm.cc:262) fMLLR objf improvement is 0.10989 per frame over 2157 frames.
LOG (gmm-est-fmllr[5.4.105~1-4fda]:main():gmm-est-fmllr.cc:143) For speaker AMI_TS3006c_H02_MTD022ID-19, auxf-impr from fMLLR is 0.10989, over 2157 frames.
LOG (gmm-est-fmllr[5.4.105~1-4fda]:ComputeFmllrMatrixDiagGmmFull():fmllr-diag-gmm.cc:262) fMLLR objf improvement is 0.108281 per frame over 1777 frames.
LOG (gmm-est-fmllr[5.4.105~1-4fda]:main():gmm-est-fmllr.cc:143) For speaker AMI_TS3006c_H02_MTD022ID-20, auxf-impr from fMLLR is 0.108281, over 1777 frames.
LOG (gmm-est-fmllr[5.4.105~1-4fda]:ComputeFmllrMatrixDiagGmmFull():fmllr-diag-gmm.cc:262) fMLLR objf improvement is 0.11399 per frame over 1645 frames.
LOG (gmm-est-fmllr[5.4.105~1-4fda]:main():gmm-est-fmllr.cc:143) For speaker AMI_TS3006c_H02_MTD022ID-21, auxf-impr from fMLLR is 0.11399, over 1645 frames.
LOG (gmm-est-fmllr[5.4.105~1-4fda]:ComputeFmllrMatrixDiagGmmFull():fmllr-diag-gmm.cc:262) fMLLR objf improvement is 0.0823924 per frame over 2409 frames.
LOG (gmm-est-fmllr[5.4.105~1-4fda]:main():gmm-est-fmllr.cc:143) For speaker AMI_TS3006c_H02_MTD022ID-22, auxf-impr from fMLLR is 0.0823924, over 2409 frames.
LOG (gmm-est-fmllr[5.4.105~1-4fda]:ComputeFmllrMatrixDiagGmmFull():fmllr-diag-gmm.cc:262) fMLLR objf improvement is 0.105673 per frame over 1964 frames.
LOG (gmm-est-fmllr[5.4.105~1-4fda]:main():gmm-est-fmllr.cc:143) For speaker AMI_TS3006c_H02_MTD022ID-23, auxf-impr from fMLLR is 0.105673, over 1964 frames.
LOG (gmm-est-fmllr[5.4.105~1-4fda]:ComputeFmllrMatrixDiagGmmFull():fmllr-diag-gmm.cc:262) fMLLR objf improvement is 0.0892048 per frame over 2297 frames.
LOG (gmm-est-fmllr[5.4.105~1-4fda]:main():gmm-est-fmllr.cc:143) For speaker AMI_TS3006c_H02_MTD022ID-24, auxf-impr from fMLLR is 0.0892048, over 2297 frames.
LOG (gmm-est-fmllr[5.4.105~1-4fda]:ComputeFmllrMatrixDiagGmmFull():fmllr-diag-gmm.cc:262) fMLLR objf improvement is 0.0900794 per frame over 2373 frames.
LOG (gmm-est-fmllr[5.4.105~1-4fda]:main():gmm-est-fmllr.cc:143) For speaker AMI_TS3006c_H02_MTD022ID-25, auxf-impr from fMLLR is 0.0900794, over 2373 frames.
LOG (gmm-est-fmllr[5.4.105~1-4fda]:ComputeFmllrMatrixDiagGmmFull():fmllr-diag-gmm.cc:262) fMLLR objf improvement is 0.131807 per frame over 2181 frames.
LOG (gmm-est-fmllr[5.4.105~1-4fda]:main():gmm-est-fmllr.cc:143) For speaker AMI_TS3006c_H02_MTD022ID-26, auxf-impr from fMLLR is 0.131807, over 2181 frames.
LOG (gmm-est-fmllr[5.4.105~1-4fda]:ComputeFmllrMatrixDiagGmmFull():fmllr-diag-gmm.cc:262) fMLLR objf improvement is 0.0817885 per frame over 2132 frames.
LOG (gmm-est-fmllr[5.4.105~1-4fda]:main():gmm-est-fmllr.cc:143) For speaker AMI_TS3006c_H02_MTD022ID-27, auxf-impr from fMLLR is 0.0817885, over 2132 frames.
LOG (gmm-est-fmllr[5.4.105~1-4fda]:ComputeFmllrMatrixDiagGmmFull():fmllr-diag-gmm.cc:262) fMLLR objf improvement is 0.0860612 per frame over 2277 frames.
LOG (gmm-est-fmllr[5.4.105~1-4fda]:main():gmm-est-fmllr.cc:143) For speaker AMI_TS3006c_H02_MTD022ID-28, auxf-impr from fMLLR is 0.0860612, over 2277 frames.
LOG (gmm-est-fmllr[5.4.105~1-4fda]:ComputeFmllrMatrixDiagGmmFull():fmllr-diag-gmm.cc:262) fMLLR objf improvement is 0.117721 per frame over 1823 frames.
LOG (gmm-est-fmllr[5.4.105~1-4fda]:main():gmm-est-fmllr.cc:143) For speaker AMI_TS3006c_H02_MTD022ID-29, auxf-impr from fMLLR is 0.117721, over 1823 frames.
LOG (gmm-est-fmllr[5.4.105~1-4fda]:ComputeFmllrMatrixDiagGmmFull():fmllr-diag-gmm.cc:262) fMLLR objf improvement is 0.0918249 per frame over 2247 frames.
LOG (gmm-est-fmllr[5.4.105~1-4fda]:main():gmm-est-fmllr.cc:143) For speaker AMI_TS3006c_H02_MTD022ID-30, auxf-impr from fMLLR is 0.0918249, over 2247 frames.
LOG (gmm-est-fmllr[5.4.105~1-4fda]:ComputeFmllrMatrixDiagGmmFull():fmllr-diag-gmm.cc:262) fMLLR objf improvement is 0.136234 per frame over 2070 frames.
LOG (gmm-est-fmllr[5.4.105~1-4fda]:main():gmm-est-fmllr.cc:143) For speaker AMI_TS3006c_H02_MTD022ID-31, auxf-impr from fMLLR is 0.136234, over 2070 frames.
LOG (gmm-est-fmllr[5.4.105~1-4fda]:ComputeFmllrMatrixDiagGmmFull():fmllr-diag-gmm.cc:262) fMLLR objf improvement is 0.108928 per frame over 2039 frames.
LOG (gmm-est-fmllr[5.4.105~1-4fda]:main():gmm-est-fmllr.cc:143) For speaker AMI_TS3006c_H02_MTD022ID-32, auxf-impr from fMLLR is 0.108928, over 2039 frames.
LOG (gmm-est-fmllr[5.4.105~1-4fda]:ComputeFmllrMatrixDiagGmmFull():fmllr-diag-gmm.cc:262) fMLLR objf improvement is 0.205994 per frame over 1756 frames.
LOG (gmm-est-fmllr[5.4.105~1-4fda]:main():gmm-est-fmllr.cc:143) For speaker AMI_TS3006c_H02_MTD022ID-33, auxf-impr from fMLLR is 0.205994, over 1756 frames.
LOG (gmm-est-fmllr[5.4.105~1-4fda]:ComputeFmllrMatrixDiagGmmFull():fmllr-diag-gmm.cc:262) fMLLR objf improvement is 0.0863733 per frame over 2010 frames.
LOG (gmm-est-fmllr[5.4.105~1-4fda]:main():gmm-est-fmllr.cc:143) For speaker AMI_TS3006c_H02_MTD022ID-34, auxf-impr from fMLLR is 0.0863733, over 2010 frames.
LOG (gmm-est-fmllr[5.4.105~1-4fda]:ComputeFmllrMatrixDiagGmmFull():fmllr-diag-gmm.cc:262) fMLLR objf improvement is 0.10091 per frame over 2090 frames.
LOG (gmm-est-fmllr[5.4.105~1-4fda]:main():gmm-est-fmllr.cc:143) For speaker AMI_TS3006c_H02_MTD022ID-35, auxf-impr from fMLLR is 0.10091, over 2090 frames.
LOG (gmm-est-fmllr[5.4.105~1-4fda]:ComputeFmllrMatrixDiagGmmFull():fmllr-diag-gmm.cc:262) fMLLR objf improvement is 0.150656 per frame over 1631 frames.
LOG (gmm-est-fmllr[5.4.105~1-4fda]:main():gmm-est-fmllr.cc:143) For speaker AMI_TS3006c_H02_MTD022ID-36, auxf-impr from fMLLR is 0.150656, over 1631 frames.
LOG (gmm-est-fmllr[5.4.105~1-4fda]:ComputeFmllrMatrixDiagGmmFull():fmllr-diag-gmm.cc:262) fMLLR objf improvement is 0.26449 per frame over 591 frames.
LOG (gmm-est-fmllr[5.4.105~1-4fda]:main():gmm-est-fmllr.cc:143) For speaker AMI_TS3006c_H02_MTD022ID-37, auxf-impr from fMLLR is 0.26449, over 591 frames.
LOG (gmm-est-fmllr[5.4.105~1-4fda]:ComputeFmllrMatrixDiagGmmFull():fmllr-diag-gmm.cc:262) fMLLR objf improvement is 0.124436 per frame over 1451 frames.
LOG (gmm-est-fmllr[5.4.105~1-4fda]:main():gmm-est-fmllr.cc:143) For speaker AMI_TS3006c_H03_MTD024ME-01, auxf-impr from fMLLR is 0.124436, over 1451 frames.
LOG (gmm-est-fmllr[5.4.105~1-4fda]:ComputeFmllrMatrixDiagGmmFull():fmllr-diag-gmm.cc:262) fMLLR objf improvement is 0.135048 per frame over 1949 frames.
LOG (gmm-est-fmllr[5.4.105~1-4fda]:main():gmm-est-fmllr.cc:143) For speaker AMI_TS3006c_H03_MTD024ME-02, auxf-impr from fMLLR is 0.135048, over 1949 frames.
LOG (gmm-est-fmllr[5.4.105~1-4fda]:ComputeFmllrMatrixDiagGmmFull():fmllr-diag-gmm.cc:262) fMLLR objf improvement is 0.144638 per frame over 2417 frames.
LOG (gmm-est-fmllr[5.4.105~1-4fda]:main():gmm-est-fmllr.cc:143) For speaker AMI_TS3006c_H03_MTD024ME-03, auxf-impr from fMLLR is 0.144638, over 2417 frames.
LOG (gmm-est-fmllr[5.4.105~1-4fda]:ComputeFmllrMatrixDiagGmmFull():fmllr-diag-gmm.cc:262) fMLLR objf improvement is 0.129039 per frame over 2354 frames.
LOG (gmm-est-fmllr[5.4.105~1-4fda]:main():gmm-est-fmllr.cc:143) For speaker AMI_TS3006c_H03_MTD024ME-04, auxf-impr from fMLLR is 0.129039, over 2354 frames.
LOG (gmm-est-fmllr[5.4.105~1-4fda]:ComputeFmllrMatrixDiagGmmFull():fmllr-diag-gmm.cc:262) fMLLR objf improvement is 0.114047 per frame over 2381 frames.
LOG (gmm-est-fmllr[5.4.105~1-4fda]:main():gmm-est-fmllr.cc:143) For speaker AMI_TS3006c_H03_MTD024ME-05, auxf-impr from fMLLR is 0.114047, over 2381 frames.
LOG (gmm-est-fmllr[5.4.105~1-4fda]:ComputeFmllrMatrixDiagGmmFull():fmllr-diag-gmm.cc:262) fMLLR objf improvement is 0.157053 per frame over 2016 frames.
LOG (gmm-est-fmllr[5.4.105~1-4fda]:main():gmm-est-fmllr.cc:143) For speaker AMI_TS3006c_H03_MTD024ME-06, auxf-impr from fMLLR is 0.157053, over 2016 frames.
LOG (gmm-est-fmllr[5.4.105~1-4fda]:ComputeFmllrMatrixDiagGmmFull():fmllr-diag-gmm.cc:262) fMLLR objf improvement is 0.107039 per frame over 1953 frames.
LOG (gmm-est-fmllr[5.4.105~1-4fda]:main():gmm-est-fmllr.cc:143) For speaker AMI_TS3006c_H03_MTD024ME-07, auxf-impr from fMLLR is 0.107039, over 1953 frames.
LOG (gmm-est-fmllr[5.4.105~1-4fda]:ComputeFmllrMatrixDiagGmmFull():fmllr-diag-gmm.cc:262) fMLLR objf improvement is 0.0794939 per frame over 1959 frames.
LOG (gmm-est-fmllr[5.4.105~1-4fda]:main():gmm-est-fmllr.cc:143) For speaker AMI_TS3006c_H03_MTD024ME-08, auxf-impr from fMLLR is 0.0794939, over 1959 frames.
LOG (gmm-est-fmllr[5.4.105~1-4fda]:ComputeFmllrMatrixDiagGmmFull():fmllr-diag-gmm.cc:262) fMLLR objf improvement is 0.0954687 per frame over 2104 frames.
LOG (gmm-est-fmllr[5.4.105~1-4fda]:main():gmm-est-fmllr.cc:143) For speaker AMI_TS3006c_H03_MTD024ME-09, auxf-impr from fMLLR is 0.0954687, over 2104 frames.
LOG (gmm-est-fmllr[5.4.105~1-4fda]:ComputeFmllrMatrixDiagGmmFull():fmllr-diag-gmm.cc:262) fMLLR objf improvement is 0.159991 per frame over 1712 frames.
LOG (gmm-est-fmllr[5.4.105~1-4fda]:main():gmm-est-fmllr.cc:143) For speaker AMI_TS3006c_H03_MTD024ME-10, auxf-impr from fMLLR is 0.159991, over 1712 frames.
LOG (gmm-est-fmllr[5.4.105~1-4fda]:ComputeFmllrMatrixDiagGmmFull():fmllr-diag-gmm.cc:262) fMLLR objf improvement is 0.0854104 per frame over 2153 frames.
LOG (gmm-est-fmllr[5.4.105~1-4fda]:main():gmm-est-fmllr.cc:143) For speaker AMI_TS3006c_H03_MTD024ME-11, auxf-impr from fMLLR is 0.0854104, over 2153 frames.
LOG (gmm-est-fmllr[5.4.105~1-4fda]:ComputeFmllrMatrixDiagGmmFull():fmllr-diag-gmm.cc:262) fMLLR objf improvement is 0.0857191 per frame over 1979 frames.
LOG (gmm-est-fmllr[5.4.105~1-4fda]:main():gmm-est-fmllr.cc:143) For speaker AMI_TS3006c_H03_MTD024ME-12, auxf-impr from fMLLR is 0.0857191, over 1979 frames.
LOG (gmm-est-fmllr[5.4.105~1-4fda]:ComputeFmllrMatrixDiagGmmFull():fmllr-diag-gmm.cc:262) fMLLR objf improvement is 0.0927883 per frame over 2296 frames.
LOG (gmm-est-fmllr[5.4.105~1-4fda]:main():gmm-est-fmllr.cc:143) For speaker AMI_TS3006c_H03_MTD024ME-13, auxf-impr from fMLLR is 0.0927883, over 2296 frames.
LOG (gmm-est-fmllr[5.4.105~1-4fda]:ComputeFmllrMatrixDiagGmmFull():fmllr-diag-gmm.cc:262) fMLLR objf improvement is 0.0860366 per frame over 2287 frames.
LOG (gmm-est-fmllr[5.4.105~1-4fda]:main():gmm-est-fmllr.cc:143) For speaker AMI_TS3006c_H03_MTD024ME-14, auxf-impr from fMLLR is 0.0860366, over 2287 frames.
LOG (gmm-est-fmllr[5.4.105~1-4fda]:ComputeFmllrMatrixDiagGmmFull():fmllr-diag-gmm.cc:262) fMLLR objf improvement is 0.122215 per frame over 1958 frames.
LOG (gmm-est-fmllr[5.4.105~1-4fda]:main():gmm-est-fmllr.cc:143) For speaker AMI_TS3006c_H03_MTD024ME-15, auxf-impr from fMLLR is 0.122215, over 1958 frames.
LOG (gmm-est-fmllr[5.4.105~1-4fda]:ComputeFmllrMatrixDiagGmmFull():fmllr-diag-gmm.cc:262) fMLLR objf improvement is 0.104301 per frame over 2305 frames.
LOG (gmm-est-fmllr[5.4.105~1-4fda]:main():gmm-est-fmllr.cc:143) For speaker AMI_TS3006c_H03_MTD024ME-16, auxf-impr from fMLLR is 0.104301, over 2305 frames.
LOG (gmm-est-fmllr[5.4.105~1-4fda]:ComputeFmllrMatrixDiagGmmFull():fmllr-diag-gmm.cc:262) fMLLR objf improvement is 0.123448 per frame over 1924 frames.
LOG (gmm-est-fmllr[5.4.105~1-4fda]:main():gmm-est-fmllr.cc:143) For speaker AMI_TS3006c_H03_MTD024ME-17, auxf-impr from fMLLR is 0.123448, over 1924 frames.
LOG (gmm-est-fmllr[5.4.105~1-4fda]:ComputeFmllrMatrixDiagGmmFull():fmllr-diag-gmm.cc:262) fMLLR objf improvement is 0.109527 per frame over 2150 frames.
LOG (gmm-est-fmllr[5.4.105~1-4fda]:main():gmm-est-fmllr.cc:143) For speaker AMI_TS3006c_H03_MTD024ME-18, auxf-impr from fMLLR is 0.109527, over 2150 frames.
LOG (gmm-est-fmllr[5.4.105~1-4fda]:ComputeFmllrMatrixDiagGmmFull():fmllr-diag-gmm.cc:262) fMLLR objf improvement is 0.0943246 per frame over 1917 frames.
LOG (gmm-est-fmllr[5.4.105~1-4fda]:main():gmm-est-fmllr.cc:143) For speaker AMI_TS3006c_H03_MTD024ME-19, auxf-impr from fMLLR is 0.0943246, over 1917 frames.
LOG (gmm-est-fmllr[5.4.105~1-4fda]:ComputeFmllrMatrixDiagGmmFull():fmllr-diag-gmm.cc:262) fMLLR objf improvement is 0.0955525 per frame over 2215 frames.
LOG (gmm-est-fmllr[5.4.105~1-4fda]:main():gmm-est-fmllr.cc:143) For speaker AMI_TS3006c_H03_MTD024ME-20, auxf-impr from fMLLR is 0.0955525, over 2215 frames.
LOG (gmm-est-fmllr[5.4.105~1-4fda]:ComputeFmllrMatrixDiagGmmFull():fmllr-diag-gmm.cc:262) fMLLR objf improvement is 0.122634 per frame over 2009 frames.
LOG (gmm-est-fmllr[5.4.105~1-4fda]:main():gmm-est-fmllr.cc:143) For speaker AMI_TS3006c_H03_MTD024ME-21, auxf-impr from fMLLR is 0.122634, over 2009 frames.
LOG (gmm-est-fmllr[5.4.105~1-4fda]:ComputeFmllrMatrixDiagGmmFull():fmllr-diag-gmm.cc:262) fMLLR objf improvement is 0.143934 per frame over 1923 frames.
LOG (gmm-est-fmllr[5.4.105~1-4fda]:main():gmm-est-fmllr.cc:143) For speaker AMI_TS3006c_H03_MTD024ME-22, auxf-impr from fMLLR is 0.143934, over 1923 frames.
LOG (gmm-est-fmllr[5.4.105~1-4fda]:ComputeFmllrMatrixDiagGmmFull():fmllr-diag-gmm.cc:262) fMLLR objf improvement is 0.0940656 per frame over 1971 frames.
LOG (gmm-est-fmllr[5.4.105~1-4fda]:main():gmm-est-fmllr.cc:143) For speaker AMI_TS3006c_H03_MTD024ME-23, auxf-impr from fMLLR is 0.0940656, over 1971 frames.
LOG (gmm-est-fmllr[5.4.105~1-4fda]:ComputeFmllrMatrixDiagGmmFull():fmllr-diag-gmm.cc:262) fMLLR objf improvement is 0.0796466 per frame over 2289 frames.
LOG (gmm-est-fmllr[5.4.105~1-4fda]:main():gmm-est-fmllr.cc:143) For speaker AMI_TS3006c_H03_MTD024ME-24, auxf-impr from fMLLR is 0.0796466, over 2289 frames.
LOG (gmm-est-fmllr[5.4.105~1-4fda]:ComputeFmllrMatrixDiagGmmFull():fmllr-diag-gmm.cc:262) fMLLR objf improvement is 0.130886 per frame over 1593 frames.
LOG (gmm-est-fmllr[5.4.105~1-4fda]:main():gmm-est-fmllr.cc:143) For speaker AMI_TS3006c_H03_MTD024ME-25, auxf-impr from fMLLR is 0.130886, over 1593 frames.
LOG (gmm-est-fmllr[5.4.105~1-4fda]:ComputeFmllrMatrixDiagGmmFull():fmllr-diag-gmm.cc:262) fMLLR objf improvement is 0.159071 per frame over 1740 frames.
LOG (gmm-est-fmllr[5.4.105~1-4fda]:main():gmm-est-fmllr.cc:143) For speaker AMI_TS3006c_H03_MTD024ME-26, auxf-impr from fMLLR is 0.159071, over 1740 frames.
LOG (gmm-est-fmllr[5.4.105~1-4fda]:ComputeFmllrMatrixDiagGmmFull():fmllr-diag-gmm.cc:262) fMLLR objf improvement is 0.09501 per frame over 2110 frames.
LOG (gmm-est-fmllr[5.4.105~1-4fda]:main():gmm-est-fmllr.cc:143) For speaker AMI_TS3006c_H03_MTD024ME-27, auxf-impr from fMLLR is 0.09501, over 2110 frames.
LOG (gmm-est-fmllr[5.4.105~1-4fda]:ComputeFmllrMatrixDiagGmmFull():fmllr-diag-gmm.cc:262) fMLLR objf improvement is 0.198124 per frame over 588 frames.
LOG (gmm-est-fmllr[5.4.105~1-4fda]:main():gmm-est-fmllr.cc:143) For speaker AMI_TS3006c_H03_MTD024ME-28, auxf-impr from fMLLR is 0.198124, over 588 frames.
LOG (gmm-est-fmllr[5.4.105~1-4fda]:ComputeFmllrMatrixDiagGmmFull():fmllr-diag-gmm.cc:262) fMLLR objf improvement is 0.0982393 per frame over 2333 frames.
LOG (gmm-est-fmllr[5.4.105~1-4fda]:main():gmm-est-fmllr.cc:143) For speaker AMI_TS3006d_H00_MTD021PM-01, auxf-impr from fMLLR is 0.0982393, over 2333 frames.
LOG (gmm-est-fmllr[5.4.105~1-4fda]:ComputeFmllrMatrixDiagGmmFull():fmllr-diag-gmm.cc:262) fMLLR objf improvement is 0.12815 per frame over 2198 frames.
LOG (gmm-est-fmllr[5.4.105~1-4fda]:main():gmm-est-fmllr.cc:143) For speaker AMI_TS3006d_H00_MTD021PM-02, auxf-impr from fMLLR is 0.12815, over 2198 frames.
LOG (gmm-est-fmllr[5.4.105~1-4fda]:ComputeFmllrMatrixDiagGmmFull():fmllr-diag-gmm.cc:262) fMLLR objf improvement is 0.123242 per frame over 1881 frames.
LOG (gmm-est-fmllr[5.4.105~1-4fda]:main():gmm-est-fmllr.cc:143) For speaker AMI_TS3006d_H00_MTD021PM-03, auxf-impr from fMLLR is 0.123242, over 1881 frames.
LOG (gmm-est-fmllr[5.4.105~1-4fda]:ComputeFmllrMatrixDiagGmmFull():fmllr-diag-gmm.cc:262) fMLLR objf improvement is 0.139411 per frame over 2047 frames.
LOG (gmm-est-fmllr[5.4.105~1-4fda]:main():gmm-est-fmllr.cc:143) For speaker AMI_TS3006d_H00_MTD021PM-04, auxf-impr from fMLLR is 0.139411, over 2047 frames.
LOG (gmm-est-fmllr[5.4.105~1-4fda]:ComputeFmllrMatrixDiagGmmFull():fmllr-diag-gmm.cc:262) fMLLR objf improvement is 0.0849575 per frame over 1986 frames.
LOG (gmm-est-fmllr[5.4.105~1-4fda]:main():gmm-est-fmllr.cc:143) For speaker AMI_TS3006d_H00_MTD021PM-05, auxf-impr from fMLLR is 0.0849575, over 1986 frames.
LOG (gmm-est-fmllr[5.4.105~1-4fda]:ComputeFmllrMatrixDiagGmmFull():fmllr-diag-gmm.cc:262) fMLLR objf improvement is 0.0796092 per frame over 2095 frames.
LOG (gmm-est-fmllr[5.4.105~1-4fda]:main():gmm-est-fmllr.cc:143) For speaker AMI_TS3006d_H00_MTD021PM-06, auxf-impr from fMLLR is 0.0796092, over 2095 frames.
LOG (gmm-est-fmllr[5.4.105~1-4fda]:ComputeFmllrMatrixDiagGmmFull():fmllr-diag-gmm.cc:262) fMLLR objf improvement is 0.0979525 per frame over 2156 frames.
LOG (gmm-est-fmllr[5.4.105~1-4fda]:main():gmm-est-fmllr.cc:143) For speaker AMI_TS3006d_H00_MTD021PM-07, auxf-impr from fMLLR is 0.0979525, over 2156 frames.
LOG (gmm-est-fmllr[5.4.105~1-4fda]:ComputeFmllrMatrixDiagGmmFull():fmllr-diag-gmm.cc:262) fMLLR objf improvement is 0.120459 per frame over 2122 frames.
LOG (gmm-est-fmllr[5.4.105~1-4fda]:main():gmm-est-fmllr.cc:143) For speaker AMI_TS3006d_H00_MTD021PM-08, auxf-impr from fMLLR is 0.120459, over 2122 frames.
LOG (gmm-est-fmllr[5.4.105~1-4fda]:ComputeFmllrMatrixDiagGmmFull():fmllr-diag-gmm.cc:262) fMLLR objf improvement is 0.134463 per frame over 1938 frames.
LOG (gmm-est-fmllr[5.4.105~1-4fda]:main():gmm-est-fmllr.cc:143) For speaker AMI_TS3006d_H00_MTD021PM-09, auxf-impr from fMLLR is 0.134463, over 1938 frames.
LOG (gmm-est-fmllr[5.4.105~1-4fda]:ComputeFmllrMatrixDiagGmmFull():fmllr-diag-gmm.cc:262) fMLLR objf improvement is 0.0885228 per frame over 1965 frames.
LOG (gmm-est-fmllr[5.4.105~1-4fda]:main():gmm-est-fmllr.cc:143) For speaker AMI_TS3006d_H00_MTD021PM-10, auxf-impr from fMLLR is 0.0885228, over 1965 frames.
LOG (gmm-est-fmllr[5.4.105~1-4fda]:ComputeFmllrMatrixDiagGmmFull():fmllr-diag-gmm.cc:262) fMLLR objf improvement is 0.224558 per frame over 741 frames.
LOG (gmm-est-fmllr[5.4.105~1-4fda]:main():gmm-est-fmllr.cc:143) For speaker AMI_TS3006d_H00_MTD021PM-11, auxf-impr from fMLLR is 0.224558, over 741 frames.
LOG (gmm-est-fmllr[5.4.105~1-4fda]:ComputeFmllrMatrixDiagGmmFull():fmllr-diag-gmm.cc:262) fMLLR objf improvement is 0.106504 per frame over 2356 frames.
LOG (gmm-est-fmllr[5.4.105~1-4fda]:main():gmm-est-fmllr.cc:143) For speaker AMI_TS3006d_H00_MTD021PM-12, auxf-impr from fMLLR is 0.106504, over 2356 frames.
LOG (gmm-est-fmllr[5.4.105~1-4fda]:ComputeFmllrMatrixDiagGmmFull():fmllr-diag-gmm.cc:262) fMLLR objf improvement is 0.245994 per frame over 1825 frames.
LOG (gmm-est-fmllr[5.4.105~1-4fda]:main():gmm-est-fmllr.cc:143) For speaker AMI_TS3006d_H00_MTD021PM-13, auxf-impr from fMLLR is 0.245994, over 1825 frames.
LOG (gmm-est-fmllr[5.4.105~1-4fda]:ComputeFmllrMatrixDiagGmmFull():fmllr-diag-gmm.cc:262) fMLLR objf improvement is 0.214719 per frame over 1389 frames.
LOG (gmm-est-fmllr[5.4.105~1-4fda]:main():gmm-est-fmllr.cc:143) For speaker AMI_TS3006d_H00_MTD021PM-14, auxf-impr from fMLLR is 0.214719, over 1389 frames.
LOG (gmm-est-fmllr[5.4.105~1-4fda]:ComputeFmllrMatrixDiagGmmFull():fmllr-diag-gmm.cc:262) fMLLR objf improvement is 0.152877 per frame over 1832 frames.
LOG (gmm-est-fmllr[5.4.105~1-4fda]:main():gmm-est-fmllr.cc:143) For speaker AMI_TS3006d_H00_MTD021PM-15, auxf-impr from fMLLR is 0.152877, over 1832 frames.
LOG (gmm-est-fmllr[5.4.105~1-4fda]:ComputeFmllrMatrixDiagGmmFull():fmllr-diag-gmm.cc:262) fMLLR objf improvement is 0.15781 per frame over 1140 frames.
LOG (gmm-est-fmllr[5.4.105~1-4fda]:main():gmm-est-fmllr.cc:143) For speaker AMI_TS3006d_H00_MTD021PM-16, auxf-impr from fMLLR is 0.157809, over 1140 frames.
LOG (gmm-est-fmllr[5.4.105~1-4fda]:ComputeFmllrMatrixDiagGmmFull():fmllr-diag-gmm.cc:262) fMLLR objf improvement is 0.148842 per frame over 1611 frames.
LOG (gmm-est-fmllr[5.4.105~1-4fda]:main():gmm-est-fmllr.cc:143) For speaker AMI_TS3006d_H00_MTD021PM-17, auxf-impr from fMLLR is 0.148842, over 1611 frames.
LOG (gmm-est-fmllr[5.4.105~1-4fda]:ComputeFmllrMatrixDiagGmmFull():fmllr-diag-gmm.cc:262) fMLLR objf improvement is 0.135466 per frame over 1312 frames.
LOG (gmm-est-fmllr[5.4.105~1-4fda]:main():gmm-est-fmllr.cc:143) For speaker AMI_TS3006d_H00_MTD021PM-18, auxf-impr from fMLLR is 0.135466, over 1312 frames.
LOG (gmm-est-fmllr[5.4.105~1-4fda]:ComputeFmllrMatrixDiagGmmFull():fmllr-diag-gmm.cc:262) fMLLR objf improvement is 0.134565 per frame over 1508 frames.
LOG (gmm-est-fmllr[5.4.105~1-4fda]:main():gmm-est-fmllr.cc:143) For speaker AMI_TS3006d_H00_MTD021PM-19, auxf-impr from fMLLR is 0.134565, over 1508 frames.
LOG (gmm-est-fmllr[5.4.105~1-4fda]:ComputeFmllrMatrixDiagGmmFull():fmllr-diag-gmm.cc:262) fMLLR objf improvement is 0.220542 per frame over 1204 frames.
LOG (gmm-est-fmllr[5.4.105~1-4fda]:main():gmm-est-fmllr.cc:143) For speaker AMI_TS3006d_H00_MTD021PM-20, auxf-impr from fMLLR is 0.220542, over 1204 frames.
LOG (gmm-est-fmllr[5.4.105~1-4fda]:ComputeFmllrMatrixDiagGmmFull():fmllr-diag-gmm.cc:262) fMLLR objf improvement is 0.184287 per frame over 1878 frames.
LOG (gmm-est-fmllr[5.4.105~1-4fda]:main():gmm-est-fmllr.cc:143) For speaker AMI_TS3006d_H00_MTD021PM-21, auxf-impr from fMLLR is 0.184287, over 1878 frames.
LOG (gmm-est-fmllr[5.4.105~1-4fda]:ComputeFmllrMatrixDiagGmmFull():fmllr-diag-gmm.cc:262) fMLLR objf improvement is 0.122492 per frame over 1799 frames.
LOG (gmm-est-fmllr[5.4.105~1-4fda]:main():gmm-est-fmllr.cc:143) For speaker AMI_TS3006d_H00_MTD021PM-22, auxf-impr from fMLLR is 0.122492, over 1799 frames.
LOG (gmm-est-fmllr[5.4.105~1-4fda]:ComputeFmllrMatrixDiagGmmFull():fmllr-diag-gmm.cc:262) fMLLR objf improvement is 0.153781 per frame over 1475 frames.
LOG (gmm-est-fmllr[5.4.105~1-4fda]:main():gmm-est-fmllr.cc:143) For speaker AMI_TS3006d_H00_MTD021PM-23, auxf-impr from fMLLR is 0.153781, over 1475 frames.
LOG (gmm-est-fmllr[5.4.105~1-4fda]:ComputeFmllrMatrixDiagGmmFull():fmllr-diag-gmm.cc:262) fMLLR objf improvement is 0.134549 per frame over 2027 frames.
LOG (gmm-est-fmllr[5.4.105~1-4fda]:main():gmm-est-fmllr.cc:143) For speaker AMI_TS3006d_H00_MTD021PM-24, auxf-impr from fMLLR is 0.134549, over 2027 frames.
LOG (gmm-est-fmllr[5.4.105~1-4fda]:ComputeFmllrMatrixDiagGmmFull():fmllr-diag-gmm.cc:262) fMLLR objf improvement is 0.090395 per frame over 2149 frames.
LOG (gmm-est-fmllr[5.4.105~1-4fda]:main():gmm-est-fmllr.cc:143) For speaker AMI_TS3006d_H00_MTD021PM-25, auxf-impr from fMLLR is 0.090395, over 2149 frames.
LOG (gmm-est-fmllr[5.4.105~1-4fda]:ComputeFmllrMatrixDiagGmmFull():fmllr-diag-gmm.cc:262) fMLLR objf improvement is 0.158619 per frame over 1387 frames.
LOG (gmm-est-fmllr[5.4.105~1-4fda]:main():gmm-est-fmllr.cc:143) For speaker AMI_TS3006d_H00_MTD021PM-26, auxf-impr from fMLLR is 0.158619, over 1387 frames.
LOG (gmm-est-fmllr[5.4.105~1-4fda]:ComputeFmllrMatrixDiagGmmFull():fmllr-diag-gmm.cc:262) fMLLR objf improvement is 0.191856 per frame over 1170 frames.
LOG (gmm-est-fmllr[5.4.105~1-4fda]:main():gmm-est-fmllr.cc:143) For speaker AMI_TS3006d_H00_MTD021PM-27, auxf-impr from fMLLR is 0.191856, over 1170 frames.
LOG (gmm-est-fmllr[5.4.105~1-4fda]:ComputeFmllrMatrixDiagGmmFull():fmllr-diag-gmm.cc:262) fMLLR objf improvement is 0.0848063 per frame over 2431 frames.
LOG (gmm-est-fmllr[5.4.105~1-4fda]:main():gmm-est-fmllr.cc:143) For speaker AMI_TS3006d_H00_MTD021PM-28, auxf-impr from fMLLR is 0.0848063, over 2431 frames.
LOG (gmm-est-fmllr[5.4.105~1-4fda]:ComputeFmllrMatrixDiagGmmFull():fmllr-diag-gmm.cc:262) fMLLR objf improvement is 0.10581 per frame over 2341 frames.
LOG (gmm-est-fmllr[5.4.105~1-4fda]:main():gmm-est-fmllr.cc:143) For speaker AMI_TS3006d_H00_MTD021PM-29, auxf-impr from fMLLR is 0.10581, over 2341 frames.
LOG (gmm-est-fmllr[5.4.105~1-4fda]:ComputeFmllrMatrixDiagGmmFull():fmllr-diag-gmm.cc:262) fMLLR objf improvement is 0.191642 per frame over 1856 frames.
LOG (gmm-est-fmllr[5.4.105~1-4fda]:main():gmm-est-fmllr.cc:143) For speaker AMI_TS3006d_H00_MTD021PM-30, auxf-impr from fMLLR is 0.191642, over 1856 frames.
WARNING (gmm-est-fmllr[5.4.105~1-4fda]:Update():fmllr-diag-gmm.cc:162) Not updating fMLLR since below min-count: count is 492
LOG (gmm-est-fmllr[5.4.105~1-4fda]:main():gmm-est-fmllr.cc:143) For speaker AMI_TS3006d_H00_MTD021PM-31, auxf-impr from fMLLR is 0, over 492 frames.
LOG (gmm-est-fmllr[5.4.105~1-4fda]:ComputeFmllrMatrixDiagGmmFull():fmllr-diag-gmm.cc:262) fMLLR objf improvement is 0.105751 per frame over 2110 frames.
LOG (gmm-est-fmllr[5.4.105~1-4fda]:main():gmm-est-fmllr.cc:143) For speaker AMI_TS3006d_H01_MTD023UID-01, auxf-impr from fMLLR is 0.105751, over 2110 frames.
LOG (gmm-est-fmllr[5.4.105~1-4fda]:ComputeFmllrMatrixDiagGmmFull():fmllr-diag-gmm.cc:262) fMLLR objf improvement is 0.0976184 per frame over 2038 frames.
LOG (gmm-est-fmllr[5.4.105~1-4fda]:main():gmm-est-fmllr.cc:143) For speaker AMI_TS3006d_H01_MTD023UID-02, auxf-impr from fMLLR is 0.0976184, over 2038 frames.
LOG (gmm-est-fmllr[5.4.105~1-4fda]:ComputeFmllrMatrixDiagGmmFull():fmllr-diag-gmm.cc:262) fMLLR objf improvement is 0.101391 per frame over 2170 frames.
LOG (gmm-est-fmllr[5.4.105~1-4fda]:main():gmm-est-fmllr.cc:143) For speaker AMI_TS3006d_H01_MTD023UID-03, auxf-impr from fMLLR is 0.101391, over 2170 frames.
LOG (gmm-est-fmllr[5.4.105~1-4fda]:ComputeFmllrMatrixDiagGmmFull():fmllr-diag-gmm.cc:262) fMLLR objf improvement is 0.10077 per frame over 1910 frames.
LOG (gmm-est-fmllr[5.4.105~1-4fda]:main():gmm-est-fmllr.cc:143) For speaker AMI_TS3006d_H01_MTD023UID-04, auxf-impr from fMLLR is 0.10077, over 1910 frames.
LOG (gmm-est-fmllr[5.4.105~1-4fda]:ComputeFmllrMatrixDiagGmmFull():fmllr-diag-gmm.cc:262) fMLLR objf improvement is 0.108866 per frame over 2094 frames.
LOG (gmm-est-fmllr[5.4.105~1-4fda]:main():gmm-est-fmllr.cc:143) For speaker AMI_TS3006d_H01_MTD023UID-05, auxf-impr from fMLLR is 0.108866, over 2094 frames.
LOG (gmm-est-fmllr[5.4.105~1-4fda]:ComputeFmllrMatrixDiagGmmFull():fmllr-diag-gmm.cc:262) fMLLR objf improvement is 0.120444 per frame over 2082 frames.
LOG (gmm-est-fmllr[5.4.105~1-4fda]:main():gmm-est-fmllr.cc:143) For speaker AMI_TS3006d_H01_MTD023UID-06, auxf-impr from fMLLR is 0.120444, over 2082 frames.
LOG (gmm-est-fmllr[5.4.105~1-4fda]:ComputeFmllrMatrixDiagGmmFull():fmllr-diag-gmm.cc:262) fMLLR objf improvement is 0.153854 per frame over 1564 frames.
LOG (gmm-est-fmllr[5.4.105~1-4fda]:main():gmm-est-fmllr.cc:143) For speaker AMI_TS3006d_H01_MTD023UID-07, auxf-impr from fMLLR is 0.153854, over 1564 frames.
LOG (gmm-est-fmllr[5.4.105~1-4fda]:ComputeFmllrMatrixDiagGmmFull():fmllr-diag-gmm.cc:262) fMLLR objf improvement is 0.125648 per frame over 2155 frames.
LOG (gmm-est-fmllr[5.4.105~1-4fda]:main():gmm-est-fmllr.cc:143) For speaker AMI_TS3006d_H01_MTD023UID-08, auxf-impr from fMLLR is 0.125648, over 2155 frames.
LOG (gmm-est-fmllr[5.4.105~1-4fda]:ComputeFmllrMatrixDiagGmmFull():fmllr-diag-gmm.cc:262) fMLLR objf improvement is 0.194142 per frame over 1224 frames.
LOG (gmm-est-fmllr[5.4.105~1-4fda]:main():gmm-est-fmllr.cc:143) For speaker AMI_TS3006d_H01_MTD023UID-09, auxf-impr from fMLLR is 0.194142, over 1224 frames.
LOG (gmm-est-fmllr[5.4.105~1-4fda]:ComputeFmllrMatrixDiagGmmFull():fmllr-diag-gmm.cc:262) fMLLR objf improvement is 0.118319 per frame over 1985 frames.
LOG (gmm-est-fmllr[5.4.105~1-4fda]:main():gmm-est-fmllr.cc:143) For speaker AMI_TS3006d_H01_MTD023UID-10, auxf-impr from fMLLR is 0.118319, over 1985 frames.
LOG (gmm-est-fmllr[5.4.105~1-4fda]:ComputeFmllrMatrixDiagGmmFull():fmllr-diag-gmm.cc:262) fMLLR objf improvement is 0.165513 per frame over 2040 frames.
LOG (gmm-est-fmllr[5.4.105~1-4fda]:main():gmm-est-fmllr.cc:143) For speaker AMI_TS3006d_H01_MTD023UID-11, auxf-impr from fMLLR is 0.165513, over 2040 frames.
LOG (gmm-est-fmllr[5.4.105~1-4fda]:ComputeFmllrMatrixDiagGmmFull():fmllr-diag-gmm.cc:262) fMLLR objf improvement is 0.155486 per frame over 1532 frames.
LOG (gmm-est-fmllr[5.4.105~1-4fda]:main():gmm-est-fmllr.cc:143) For speaker AMI_TS3006d_H01_MTD023UID-12, auxf-impr from fMLLR is 0.155486, over 1532 frames.
LOG (gmm-est-fmllr[5.4.105~1-4fda]:ComputeFmllrMatrixDiagGmmFull():fmllr-diag-gmm.cc:262) fMLLR objf improvement is 0.14972 per frame over 1619 frames.
LOG (gmm-est-fmllr[5.4.105~1-4fda]:main():gmm-est-fmllr.cc:143) For speaker AMI_TS3006d_H01_MTD023UID-13, auxf-impr from fMLLR is 0.14972, over 1619 frames.
LOG (gmm-est-fmllr[5.4.105~1-4fda]:ComputeFmllrMatrixDiagGmmFull():fmllr-diag-gmm.cc:262) fMLLR objf improvement is 0.137002 per frame over 1946 frames.
LOG (gmm-est-fmllr[5.4.105~1-4fda]:main():gmm-est-fmllr.cc:143) For speaker AMI_TS3006d_H01_MTD023UID-14, auxf-impr from fMLLR is 0.137002, over 1946 frames.
LOG (gmm-est-fmllr[5.4.105~1-4fda]:ComputeFmllrMatrixDiagGmmFull():fmllr-diag-gmm.cc:262) fMLLR objf improvement is 0.132218 per frame over 1915 frames.
LOG (gmm-est-fmllr[5.4.105~1-4fda]:main():gmm-est-fmllr.cc:143) For speaker AMI_TS3006d_H01_MTD023UID-15, auxf-impr from fMLLR is 0.132218, over 1915 frames.
LOG (gmm-est-fmllr[5.4.105~1-4fda]:ComputeFmllrMatrixDiagGmmFull():fmllr-diag-gmm.cc:262) fMLLR objf improvement is 0.293164 per frame over 830 frames.
LOG (gmm-est-fmllr[5.4.105~1-4fda]:main():gmm-est-fmllr.cc:143) For speaker AMI_TS3006d_H01_MTD023UID-16, auxf-impr from fMLLR is 0.293164, over 830 frames.
LOG (gmm-est-fmllr[5.4.105~1-4fda]:ComputeFmllrMatrixDiagGmmFull():fmllr-diag-gmm.cc:262) fMLLR objf improvement is 0.0703227 per frame over 2405 frames.
LOG (gmm-est-fmllr[5.4.105~1-4fda]:main():gmm-est-fmllr.cc:143) For speaker AMI_TS3006d_H02_MTD022ID-01, auxf-impr from fMLLR is 0.0703226, over 2405 frames.
LOG (gmm-est-fmllr[5.4.105~1-4fda]:ComputeFmllrMatrixDiagGmmFull():fmllr-diag-gmm.cc:262) fMLLR objf improvement is 0.074973 per frame over 2482 frames.
LOG (gmm-est-fmllr[5.4.105~1-4fda]:main():gmm-est-fmllr.cc:143) For speaker AMI_TS3006d_H02_MTD022ID-02, auxf-impr from fMLLR is 0.074973, over 2482 frames.
LOG (gmm-est-fmllr[5.4.105~1-4fda]:ComputeFmllrMatrixDiagGmmFull():fmllr-diag-gmm.cc:262) fMLLR objf improvement is 0.0852809 per frame over 2390 frames.
LOG (gmm-est-fmllr[5.4.105~1-4fda]:main():gmm-est-fmllr.cc:143) For speaker AMI_TS3006d_H02_MTD022ID-03, auxf-impr from fMLLR is 0.0852809, over 2390 frames.
LOG (gmm-est-fmllr[5.4.105~1-4fda]:ComputeFmllrMatrixDiagGmmFull():fmllr-diag-gmm.cc:262) fMLLR objf improvement is 0.107147 per frame over 2169 frames.
LOG (gmm-est-fmllr[5.4.105~1-4fda]:main():gmm-est-fmllr.cc:143) For speaker AMI_TS3006d_H02_MTD022ID-04, auxf-impr from fMLLR is 0.107147, over 2169 frames.
LOG (gmm-est-fmllr[5.4.105~1-4fda]:ComputeFmllrMatrixDiagGmmFull():fmllr-diag-gmm.cc:262) fMLLR objf improvement is 0.0845438 per frame over 2232 frames.
LOG (gmm-est-fmllr[5.4.105~1-4fda]:main():gmm-est-fmllr.cc:143) For speaker AMI_TS3006d_H02_MTD022ID-05, auxf-impr from fMLLR is 0.0845438, over 2232 frames.
LOG (gmm-est-fmllr[5.4.105~1-4fda]:ComputeFmllrMatrixDiagGmmFull():fmllr-diag-gmm.cc:262) fMLLR objf improvement is 0.083942 per frame over 2238 frames.
LOG (gmm-est-fmllr[5.4.105~1-4fda]:main():gmm-est-fmllr.cc:143) For speaker AMI_TS3006d_H02_MTD022ID-06, auxf-impr from fMLLR is 0.083942, over 2238 frames.
LOG (gmm-est-fmllr[5.4.105~1-4fda]:ComputeFmllrMatrixDiagGmmFull():fmllr-diag-gmm.cc:262) fMLLR objf improvement is 0.102243 per frame over 2089 frames.
LOG (gmm-est-fmllr[5.4.105~1-4fda]:main():gmm-est-fmllr.cc:143) For speaker AMI_TS3006d_H02_MTD022ID-07, auxf-impr from fMLLR is 0.102243, over 2089 frames.
LOG (gmm-est-fmllr[5.4.105~1-4fda]:ComputeFmllrMatrixDiagGmmFull():fmllr-diag-gmm.cc:262) fMLLR objf improvement is 0.0980371 per frame over 1818 frames.
LOG (gmm-est-fmllr[5.4.105~1-4fda]:main():gmm-est-fmllr.cc:143) For speaker AMI_TS3006d_H02_MTD022ID-08, auxf-impr from fMLLR is 0.0980371, over 1818 frames.
LOG (gmm-est-fmllr[5.4.105~1-4fda]:ComputeFmllrMatrixDiagGmmFull():fmllr-diag-gmm.cc:262) fMLLR objf improvement is 0.134629 per frame over 2101 frames.
LOG (gmm-est-fmllr[5.4.105~1-4fda]:main():gmm-est-fmllr.cc:143) For speaker AMI_TS3006d_H02_MTD022ID-09, auxf-impr from fMLLR is 0.134629, over 2101 frames.
LOG (gmm-est-fmllr[5.4.105~1-4fda]:ComputeFmllrMatrixDiagGmmFull():fmllr-diag-gmm.cc:262) fMLLR objf improvement is 0.10523 per frame over 1971 frames.
LOG (gmm-est-fmllr[5.4.105~1-4fda]:main():gmm-est-fmllr.cc:143) For speaker AMI_TS3006d_H02_MTD022ID-10, auxf-impr from fMLLR is 0.10523, over 1971 frames.
LOG (gmm-est-fmllr[5.4.105~1-4fda]:ComputeFmllrMatrixDiagGmmFull():fmllr-diag-gmm.cc:262) fMLLR objf improvement is 0.140685 per frame over 1760 frames.
LOG (gmm-est-fmllr[5.4.105~1-4fda]:main():gmm-est-fmllr.cc:143) For speaker AMI_TS3006d_H02_MTD022ID-11, auxf-impr from fMLLR is 0.140685, over 1760 frames.
LOG (gmm-est-fmllr[5.4.105~1-4fda]:ComputeFmllrMatrixDiagGmmFull():fmllr-diag-gmm.cc:262) fMLLR objf improvement is 0.0983521 per frame over 2371 frames.
LOG (gmm-est-fmllr[5.4.105~1-4fda]:main():gmm-est-fmllr.cc:143) For speaker AMI_TS3006d_H02_MTD022ID-12, auxf-impr from fMLLR is 0.0983521, over 2371 frames.
LOG (gmm-est-fmllr[5.4.105~1-4fda]:ComputeFmllrMatrixDiagGmmFull():fmllr-diag-gmm.cc:262) fMLLR objf improvement is 0.0894262 per frame over 2100 frames.
LOG (gmm-est-fmllr[5.4.105~1-4fda]:main():gmm-est-fmllr.cc:143) For speaker AMI_TS3006d_H02_MTD022ID-13, auxf-impr from fMLLR is 0.0894262, over 2100 frames.
LOG (gmm-est-fmllr[5.4.105~1-4fda]:ComputeFmllrMatrixDiagGmmFull():fmllr-diag-gmm.cc:262) fMLLR objf improvement is 0.146013 per frame over 1703 frames.
LOG (gmm-est-fmllr[5.4.105~1-4fda]:main():gmm-est-fmllr.cc:143) For speaker AMI_TS3006d_H02_MTD022ID-14, auxf-impr from fMLLR is 0.146013, over 1703 frames.
LOG (gmm-est-fmllr[5.4.105~1-4fda]:ComputeFmllrMatrixDiagGmmFull():fmllr-diag-gmm.cc:262) fMLLR objf improvement is 0.0794601 per frame over 2160 frames.
LOG (gmm-est-fmllr[5.4.105~1-4fda]:main():gmm-est-fmllr.cc:143) For speaker AMI_TS3006d_H02_MTD022ID-15, auxf-impr from fMLLR is 0.0794601, over 2160 frames.
LOG (gmm-est-fmllr[5.4.105~1-4fda]:ComputeFmllrMatrixDiagGmmFull():fmllr-diag-gmm.cc:262) fMLLR objf improvement is 0.0831246 per frame over 2191 frames.
LOG (gmm-est-fmllr[5.4.105~1-4fda]:main():gmm-est-fmllr.cc:143) For speaker AMI_TS3006d_H02_MTD022ID-16, auxf-impr from fMLLR is 0.0831246, over 2191 frames.
LOG (gmm-est-fmllr[5.4.105~1-4fda]:ComputeFmllrMatrixDiagGmmFull():fmllr-diag-gmm.cc:262) fMLLR objf improvement is 0.0766369 per frame over 2419 frames.
LOG (gmm-est-fmllr[5.4.105~1-4fda]:main():gmm-est-fmllr.cc:143) For speaker AMI_TS3006d_H02_MTD022ID-17, auxf-impr from fMLLR is 0.0766369, over 2419 frames.
LOG (gmm-est-fmllr[5.4.105~1-4fda]:ComputeFmllrMatrixDiagGmmFull():fmllr-diag-gmm.cc:262) fMLLR objf improvement is 0.115376 per frame over 1756 frames.
LOG (gmm-est-fmllr[5.4.105~1-4fda]:main():gmm-est-fmllr.cc:143) For speaker AMI_TS3006d_H02_MTD022ID-18, auxf-impr from fMLLR is 0.115376, over 1756 frames.
LOG (gmm-est-fmllr[5.4.105~1-4fda]:ComputeFmllrMatrixDiagGmmFull():fmllr-diag-gmm.cc:262) fMLLR objf improvement is 0.0944541 per frame over 2100 frames.
LOG (gmm-est-fmllr[5.4.105~1-4fda]:main():gmm-est-fmllr.cc:143) For speaker AMI_TS3006d_H02_MTD022ID-19, auxf-impr from fMLLR is 0.0944541, over 2100 frames.
LOG (gmm-est-fmllr[5.4.105~1-4fda]:ComputeFmllrMatrixDiagGmmFull():fmllr-diag-gmm.cc:262) fMLLR objf improvement is 0.101188 per frame over 2135 frames.
LOG (gmm-est-fmllr[5.4.105~1-4fda]:main():gmm-est-fmllr.cc:143) For speaker AMI_TS3006d_H02_MTD022ID-20, auxf-impr from fMLLR is 0.101188, over 2135 frames.
LOG (gmm-est-fmllr[5.4.105~1-4fda]:ComputeFmllrMatrixDiagGmmFull():fmllr-diag-gmm.cc:262) fMLLR objf improvement is 0.101168 per frame over 2098 frames.
LOG (gmm-est-fmllr[5.4.105~1-4fda]:main():gmm-est-fmllr.cc:143) For speaker AMI_TS3006d_H02_MTD022ID-21, auxf-impr from fMLLR is 0.101168, over 2098 frames.
LOG (gmm-est-fmllr[5.4.105~1-4fda]:ComputeFmllrMatrixDiagGmmFull():fmllr-diag-gmm.cc:262) fMLLR objf improvement is 0.114297 per frame over 1792 frames.
LOG (gmm-est-fmllr[5.4.105~1-4fda]:main():gmm-est-fmllr.cc:143) For speaker AMI_TS3006d_H02_MTD022ID-22, auxf-impr from fMLLR is 0.114297, over 1792 frames.
LOG (gmm-est-fmllr[5.4.105~1-4fda]:ComputeFmllrMatrixDiagGmmFull():fmllr-diag-gmm.cc:262) fMLLR objf improvement is 0.0944089 per frame over 2376 frames.
LOG (gmm-est-fmllr[5.4.105~1-4fda]:main():gmm-est-fmllr.cc:143) For speaker AMI_TS3006d_H02_MTD022ID-23, auxf-impr from fMLLR is 0.0944088, over 2376 frames.
LOG (gmm-est-fmllr[5.4.105~1-4fda]:ComputeFmllrMatrixDiagGmmFull():fmllr-diag-gmm.cc:262) fMLLR objf improvement is 0.102215 per frame over 1893 frames.
LOG (gmm-est-fmllr[5.4.105~1-4fda]:main():gmm-est-fmllr.cc:143) For speaker AMI_TS3006d_H02_MTD022ID-24, auxf-impr from fMLLR is 0.102215, over 1893 frames.
LOG (gmm-est-fmllr[5.4.105~1-4fda]:ComputeFmllrMatrixDiagGmmFull():fmllr-diag-gmm.cc:262) fMLLR objf improvement is 0.128152 per frame over 2266 frames.
LOG (gmm-est-fmllr[5.4.105~1-4fda]:main():gmm-est-fmllr.cc:143) For speaker AMI_TS3006d_H02_MTD022ID-25, auxf-impr from fMLLR is 0.128152, over 2266 frames.
LOG (gmm-est-fmllr[5.4.105~1-4fda]:ComputeFmllrMatrixDiagGmmFull():fmllr-diag-gmm.cc:262) fMLLR objf improvement is 0.142661 per frame over 1352 frames.
LOG (gmm-est-fmllr[5.4.105~1-4fda]:main():gmm-est-fmllr.cc:143) For speaker AMI_TS3006d_H02_MTD022ID-26, auxf-impr from fMLLR is 0.142661, over 1352 frames.
LOG (gmm-est-fmllr[5.4.105~1-4fda]:ComputeFmllrMatrixDiagGmmFull():fmllr-diag-gmm.cc:262) fMLLR objf improvement is 0.0998353 per frame over 2075 frames.
LOG (gmm-est-fmllr[5.4.105~1-4fda]:main():gmm-est-fmllr.cc:143) For speaker AMI_TS3006d_H03_MTD024ME-01, auxf-impr from fMLLR is 0.0998353, over 2075 frames.
LOG (gmm-est-fmllr[5.4.105~1-4fda]:ComputeFmllrMatrixDiagGmmFull():fmllr-diag-gmm.cc:262) fMLLR objf improvement is 0.0816409 per frame over 2551 frames.
LOG (gmm-est-fmllr[5.4.105~1-4fda]:main():gmm-est-fmllr.cc:143) For speaker AMI_TS3006d_H03_MTD024ME-02, auxf-impr from fMLLR is 0.0816409, over 2551 frames.
LOG (gmm-est-fmllr[5.4.105~1-4fda]:ComputeFmllrMatrixDiagGmmFull():fmllr-diag-gmm.cc:262) fMLLR objf improvement is 0.0938394 per frame over 2419 frames.
LOG (gmm-est-fmllr[5.4.105~1-4fda]:main():gmm-est-fmllr.cc:143) For speaker AMI_TS3006d_H03_MTD024ME-03, auxf-impr from fMLLR is 0.0938394, over 2419 frames.
LOG (gmm-est-fmllr[5.4.105~1-4fda]:ComputeFmllrMatrixDiagGmmFull():fmllr-diag-gmm.cc:262) fMLLR objf improvement is 0.099799 per frame over 2335 frames.
LOG (gmm-est-fmllr[5.4.105~1-4fda]:main():gmm-est-fmllr.cc:143) For speaker AMI_TS3006d_H03_MTD024ME-04, auxf-impr from fMLLR is 0.099799, over 2335 frames.
LOG (gmm-est-fmllr[5.4.105~1-4fda]:ComputeFmllrMatrixDiagGmmFull():fmllr-diag-gmm.cc:262) fMLLR objf improvement is 0.0878698 per frame over 2165 frames.
LOG (gmm-est-fmllr[5.4.105~1-4fda]:main():gmm-est-fmllr.cc:143) For speaker AMI_TS3006d_H03_MTD024ME-05, auxf-impr from fMLLR is 0.0878698, over 2165 frames.
LOG (gmm-est-fmllr[5.4.105~1-4fda]:ComputeFmllrMatrixDiagGmmFull():fmllr-diag-gmm.cc:262) fMLLR objf improvement is 0.0813565 per frame over 2424 frames.
LOG (gmm-est-fmllr[5.4.105~1-4fda]:main():gmm-est-fmllr.cc:143) For speaker AMI_TS3006d_H03_MTD024ME-06, auxf-impr from fMLLR is 0.0813565, over 2424 frames.
LOG (gmm-est-fmllr[5.4.105~1-4fda]:ComputeFmllrMatrixDiagGmmFull():fmllr-diag-gmm.cc:262) fMLLR objf improvement is 0.0971087 per frame over 2077 frames.
LOG (gmm-est-fmllr[5.4.105~1-4fda]:main():gmm-est-fmllr.cc:143) For speaker AMI_TS3006d_H03_MTD024ME-07, auxf-impr from fMLLR is 0.0971087, over 2077 frames.
LOG (gmm-est-fmllr[5.4.105~1-4fda]:ComputeFmllrMatrixDiagGmmFull():fmllr-diag-gmm.cc:262) fMLLR objf improvement is 0.0985532 per frame over 2011 frames.
LOG (gmm-est-fmllr[5.4.105~1-4fda]:main():gmm-est-fmllr.cc:143) For speaker AMI_TS3006d_H03_MTD024ME-08, auxf-impr from fMLLR is 0.0985532, over 2011 frames.
LOG (gmm-est-fmllr[5.4.105~1-4fda]:ComputeFmllrMatrixDiagGmmFull():fmllr-diag-gmm.cc:262) fMLLR objf improvement is 0.0773887 per frame over 2282 frames.
LOG (gmm-est-fmllr[5.4.105~1-4fda]:main():gmm-est-fmllr.cc:143) For speaker AMI_TS3006d_H03_MTD024ME-09, auxf-impr from fMLLR is 0.0773887, over 2282 frames.
LOG (gmm-est-fmllr[5.4.105~1-4fda]:ComputeFmllrMatrixDiagGmmFull():fmllr-diag-gmm.cc:262) fMLLR objf improvement is 0.0814776 per frame over 2143 frames.
LOG (gmm-est-fmllr[5.4.105~1-4fda]:main():gmm-est-fmllr.cc:143) For speaker AMI_TS3006d_H03_MTD024ME-10, auxf-impr from fMLLR is 0.0814776, over 2143 frames.
LOG (gmm-est-fmllr[5.4.105~1-4fda]:ComputeFmllrMatrixDiagGmmFull():fmllr-diag-gmm.cc:262) fMLLR objf improvement is 0.0807879 per frame over 2238 frames.
LOG (gmm-est-fmllr[5.4.105~1-4fda]:main():gmm-est-fmllr.cc:143) For speaker AMI_TS3006d_H03_MTD024ME-11, auxf-impr from fMLLR is 0.0807879, over 2238 frames.
LOG (gmm-est-fmllr[5.4.105~1-4fda]:ComputeFmllrMatrixDiagGmmFull():fmllr-diag-gmm.cc:262) fMLLR objf improvement is 0.111084 per frame over 2169 frames.
LOG (gmm-est-fmllr[5.4.105~1-4fda]:main():gmm-est-fmllr.cc:143) For speaker AMI_TS3006d_H03_MTD024ME-12, auxf-impr from fMLLR is 0.111084, over 2169 frames.
LOG (gmm-est-fmllr[5.4.105~1-4fda]:ComputeFmllrMatrixDiagGmmFull():fmllr-diag-gmm.cc:262) fMLLR objf improvement is 0.105314 per frame over 1853 frames.
LOG (gmm-est-fmllr[5.4.105~1-4fda]:main():gmm-est-fmllr.cc:143) For speaker AMI_TS3006d_H03_MTD024ME-13, auxf-impr from fMLLR is 0.105314, over 1853 frames.
LOG (gmm-est-fmllr[5.4.105~1-4fda]:ComputeFmllrMatrixDiagGmmFull():fmllr-diag-gmm.cc:262) fMLLR objf improvement is 0.12012 per frame over 2241 frames.
LOG (gmm-est-fmllr[5.4.105~1-4fda]:main():gmm-est-fmllr.cc:143) For speaker AMI_TS3006d_H03_MTD024ME-14, auxf-impr from fMLLR is 0.12012, over 2241 frames.
LOG (gmm-est-fmllr[5.4.105~1-4fda]:ComputeFmllrMatrixDiagGmmFull():fmllr-diag-gmm.cc:262) fMLLR objf improvement is 0.144991 per frame over 2147 frames.
LOG (gmm-est-fmllr[5.4.105~1-4fda]:main():gmm-est-fmllr.cc:143) For speaker AMI_TS3006d_H03_MTD024ME-15, auxf-impr from fMLLR is 0.144991, over 2147 frames.
LOG (gmm-est-fmllr[5.4.105~1-4fda]:ComputeFmllrMatrixDiagGmmFull():fmllr-diag-gmm.cc:262) fMLLR objf improvement is 0.094057 per frame over 2450 frames.
LOG (gmm-est-fmllr[5.4.105~1-4fda]:main():gmm-est-fmllr.cc:143) For speaker AMI_TS3006d_H03_MTD024ME-16, auxf-impr from fMLLR is 0.094057, over 2450 frames.
LOG (gmm-est-fmllr[5.4.105~1-4fda]:ComputeFmllrMatrixDiagGmmFull():fmllr-diag-gmm.cc:262) fMLLR objf improvement is 0.114356 per frame over 1888 frames.
LOG (gmm-est-fmllr[5.4.105~1-4fda]:main():gmm-est-fmllr.cc:143) For speaker AMI_TS3006d_H03_MTD024ME-17, auxf-impr from fMLLR is 0.114356, over 1888 frames.
LOG (gmm-est-fmllr[5.4.105~1-4fda]:ComputeFmllrMatrixDiagGmmFull():fmllr-diag-gmm.cc:262) fMLLR objf improvement is 0.147651 per frame over 1614 frames.
LOG (gmm-est-fmllr[5.4.105~1-4fda]:main():gmm-est-fmllr.cc:143) For speaker AMI_TS3006d_H03_MTD024ME-18, auxf-impr from fMLLR is 0.147651, over 1614 frames.
LOG (gmm-est-fmllr[5.4.105~1-4fda]:ComputeFmllrMatrixDiagGmmFull():fmllr-diag-gmm.cc:262) fMLLR objf improvement is 0.0831013 per frame over 2064 frames.
LOG (gmm-est-fmllr[5.4.105~1-4fda]:main():gmm-est-fmllr.cc:143) For speaker AMI_TS3006d_H03_MTD024ME-19, auxf-impr from fMLLR is 0.0831013, over 2064 frames.
LOG (apply-cmvn[5.4.105~1-4fda]:main():apply-cmvn.cc:162) Applied cepstral mean normalization to 4118 utterances, errors on 0
LOG (gmm-est-fmllr[5.4.105~1-4fda]:ComputeFmllrMatrixDiagGmmFull():fmllr-diag-gmm.cc:262) fMLLR objf improvement is 0.0997718 per frame over 2134 frames.
LOG (gmm-est-fmllr[5.4.105~1-4fda]:main():gmm-est-fmllr.cc:143) For speaker AMI_TS3006d_H03_MTD024ME-20, auxf-impr from fMLLR is 0.0997718, over 2134 frames.
LOG (transform-feats[5.4.105~1-4fda]:main():transform-feats.cc:158) Overall average [pseudo-]logdet is -92.7184 over 824972 frames.
LOG (transform-feats[5.4.105~1-4fda]:main():transform-feats.cc:161) Applied transform to 4118 utterances; 0 had errors.
LOG (transform-feats[5.4.105~1-4fda]:main():transform-feats.cc:158) Overall average logdet is 4.84999 over 824972 frames.
LOG (transform-feats[5.4.105~1-4fda]:main():transform-feats.cc:161) Applied transform to 4118 utterances; 0 had errors.
LOG (gmm-est-fmllr[5.4.105~1-4fda]:ComputeFmllrMatrixDiagGmmFull():fmllr-diag-gmm.cc:262) fMLLR objf improvement is 0.128136 per frame over 1831 frames.
LOG (gmm-est-fmllr[5.4.105~1-4fda]:main():gmm-est-fmllr.cc:143) For speaker AMI_TS3006d_H03_MTD024ME-21, auxf-impr from fMLLR is 0.128136, over 1831 frames.
LOG (gmm-est-fmllr[5.4.105~1-4fda]:main():gmm-est-fmllr.cc:188) Done 4117 files, 1 with no posts, 0 with other errors.
LOG (gmm-est-fmllr[5.4.105~1-4fda]:main():gmm-est-fmllr.cc:190) Overall fMLLR auxf impr per frame is 0.115102 over 599557 frames.
# Accounting: time=99 threads=1
# Ended (code 0) at Thu Nov  1 02:12:37 EDT 2018, elapsed time 99 seconds
