# ali-to-post "ark:gunzip -c exp2/tri4a/ali.25.gz|" ark:- | weight-silence-post 0.0 1:2:3:4:5:6:7:8:9:10:11:12:13:14:15:16:17:18:19:20 exp2/tri4a/4.mdl ark:- ark:- | gmm-est-fmllr --fmllr-update-type=full --spk2utt=ark:data/st_ihm_all/train/split30/25/spk2utt exp2/tri4a/4.mdl "ark,s,cs:apply-cmvn  --utt2spk=ark:data/st_ihm_all/train/split30/25/utt2spk scp:data/st_ihm_all/train/split30/25/cmvn.scp scp:data/st_ihm_all/train/split30/25/feats.scp ark:- | splice-feats --left-context=3 --right-context=3 ark:- ark:- | transform-feats exp2/tri3a_ali/final.mat ark:- ark:- | transform-feats --utt2spk=ark:data/st_ihm_all/train/split30/25/utt2spk ark:exp2/tri4a/trans.25 ark:- ark:- |" ark:- ark:exp2/tri4a/tmp_trans.25 
# Started at Thu Nov  1 02:05:21 EDT 2018
#
weight-silence-post 0.0 1:2:3:4:5:6:7:8:9:10:11:12:13:14:15:16:17:18:19:20 exp2/tri4a/4.mdl ark:- ark:- 
gmm-est-fmllr --fmllr-update-type=full --spk2utt=ark:data/st_ihm_all/train/split30/25/spk2utt exp2/tri4a/4.mdl 'ark,s,cs:apply-cmvn  --utt2spk=ark:data/st_ihm_all/train/split30/25/utt2spk scp:data/st_ihm_all/train/split30/25/cmvn.scp scp:data/st_ihm_all/train/split30/25/feats.scp ark:- | splice-feats --left-context=3 --right-context=3 ark:- ark:- | transform-feats exp2/tri3a_ali/final.mat ark:- ark:- | transform-feats --utt2spk=ark:data/st_ihm_all/train/split30/25/utt2spk ark:exp2/tri4a/trans.25 ark:- ark:- |' ark:- ark:exp2/tri4a/tmp_trans.25 
ali-to-post 'ark:gunzip -c exp2/tri4a/ali.25.gz|' ark:- 
apply-cmvn --utt2spk=ark:data/st_ihm_all/train/split30/25/utt2spk scp:data/st_ihm_all/train/split30/25/cmvn.scp scp:data/st_ihm_all/train/split30/25/feats.scp ark:- 
transform-feats --utt2spk=ark:data/st_ihm_all/train/split30/25/utt2spk ark:exp2/tri4a/trans.25 ark:- ark:- 
splice-feats --left-context=3 --right-context=3 ark:- ark:- 
transform-feats exp2/tri3a_ali/final.mat ark:- ark:- 
LOG (gmm-est-fmllr[5.4.105~1-4fda]:ComputeFmllrMatrixDiagGmmFull():fmllr-diag-gmm.cc:262) fMLLR objf improvement is 0.0625315 per frame over 1736 frames.
LOG (gmm-est-fmllr[5.4.105~1-4fda]:main():gmm-est-fmllr.cc:143) For speaker AMI_TS3006a_H02_MTD022ID-10, auxf-impr from fMLLR is 0.0625315, over 1736 frames.
LOG (gmm-est-fmllr[5.4.105~1-4fda]:ComputeFmllrMatrixDiagGmmFull():fmllr-diag-gmm.cc:262) fMLLR objf improvement is 0.0600368 per frame over 1434 frames.
LOG (gmm-est-fmllr[5.4.105~1-4fda]:main():gmm-est-fmllr.cc:143) For speaker AMI_TS3006a_H03_MTD024ME-01, auxf-impr from fMLLR is 0.0600368, over 1434 frames.
LOG (gmm-est-fmllr[5.4.105~1-4fda]:ComputeFmllrMatrixDiagGmmFull():fmllr-diag-gmm.cc:262) fMLLR objf improvement is 0.0498289 per frame over 1657 frames.
LOG (gmm-est-fmllr[5.4.105~1-4fda]:main():gmm-est-fmllr.cc:143) For speaker AMI_TS3006a_H03_MTD024ME-02, auxf-impr from fMLLR is 0.0498288, over 1657 frames.
LOG (gmm-est-fmllr[5.4.105~1-4fda]:ComputeFmllrMatrixDiagGmmFull():fmllr-diag-gmm.cc:262) fMLLR objf improvement is 0.0499071 per frame over 1574 frames.
LOG (gmm-est-fmllr[5.4.105~1-4fda]:main():gmm-est-fmllr.cc:143) For speaker AMI_TS3006a_H03_MTD024ME-03, auxf-impr from fMLLR is 0.0499071, over 1574 frames.
LOG (gmm-est-fmllr[5.4.105~1-4fda]:ComputeFmllrMatrixDiagGmmFull():fmllr-diag-gmm.cc:262) fMLLR objf improvement is 0.0442154 per frame over 1880 frames.
LOG (gmm-est-fmllr[5.4.105~1-4fda]:main():gmm-est-fmllr.cc:143) For speaker AMI_TS3006a_H03_MTD024ME-04, auxf-impr from fMLLR is 0.0442154, over 1880 frames.
LOG (gmm-est-fmllr[5.4.105~1-4fda]:ComputeFmllrMatrixDiagGmmFull():fmllr-diag-gmm.cc:262) fMLLR objf improvement is 0.0579648 per frame over 2222 frames.
LOG (gmm-est-fmllr[5.4.105~1-4fda]:main():gmm-est-fmllr.cc:143) For speaker AMI_TS3006a_H03_MTD024ME-05, auxf-impr from fMLLR is 0.0579648, over 2222 frames.
LOG (gmm-est-fmllr[5.4.105~1-4fda]:ComputeFmllrMatrixDiagGmmFull():fmllr-diag-gmm.cc:262) fMLLR objf improvement is 0.0571326 per frame over 2247 frames.
LOG (gmm-est-fmllr[5.4.105~1-4fda]:main():gmm-est-fmllr.cc:143) For speaker AMI_TS3006a_H03_MTD024ME-06, auxf-impr from fMLLR is 0.0571326, over 2247 frames.
LOG (gmm-est-fmllr[5.4.105~1-4fda]:ComputeFmllrMatrixDiagGmmFull():fmllr-diag-gmm.cc:262) fMLLR objf improvement is 0.0620066 per frame over 2391 frames.
LOG (gmm-est-fmllr[5.4.105~1-4fda]:main():gmm-est-fmllr.cc:143) For speaker AMI_TS3006a_H03_MTD024ME-07, auxf-impr from fMLLR is 0.0620066, over 2391 frames.
LOG (gmm-est-fmllr[5.4.105~1-4fda]:ComputeFmllrMatrixDiagGmmFull():fmllr-diag-gmm.cc:262) fMLLR objf improvement is 0.0594113 per frame over 2143 frames.
LOG (gmm-est-fmllr[5.4.105~1-4fda]:main():gmm-est-fmllr.cc:143) For speaker AMI_TS3006a_H03_MTD024ME-08, auxf-impr from fMLLR is 0.0594113, over 2143 frames.
LOG (gmm-est-fmllr[5.4.105~1-4fda]:ComputeFmllrMatrixDiagGmmFull():fmllr-diag-gmm.cc:262) fMLLR objf improvement is 0.0520911 per frame over 2224 frames.
LOG (gmm-est-fmllr[5.4.105~1-4fda]:main():gmm-est-fmllr.cc:143) For speaker AMI_TS3006a_H03_MTD024ME-09, auxf-impr from fMLLR is 0.0520911, over 2224 frames.
LOG (gmm-est-fmllr[5.4.105~1-4fda]:ComputeFmllrMatrixDiagGmmFull():fmllr-diag-gmm.cc:262) fMLLR objf improvement is 0.0677701 per frame over 1243 frames.
LOG (gmm-est-fmllr[5.4.105~1-4fda]:main():gmm-est-fmllr.cc:143) For speaker AMI_TS3006a_H03_MTD024ME-10, auxf-impr from fMLLR is 0.0677701, over 1243 frames.
LOG (gmm-est-fmllr[5.4.105~1-4fda]:ComputeFmllrMatrixDiagGmmFull():fmllr-diag-gmm.cc:262) fMLLR objf improvement is 0.0559571 per frame over 2066 frames.
LOG (gmm-est-fmllr[5.4.105~1-4fda]:main():gmm-est-fmllr.cc:143) For speaker AMI_TS3006b_H00_MTD021PM-01, auxf-impr from fMLLR is 0.0559571, over 2066 frames.
LOG (gmm-est-fmllr[5.4.105~1-4fda]:ComputeFmllrMatrixDiagGmmFull():fmllr-diag-gmm.cc:262) fMLLR objf improvement is 0.0505129 per frame over 1754 frames.
LOG (gmm-est-fmllr[5.4.105~1-4fda]:main():gmm-est-fmllr.cc:143) For speaker AMI_TS3006b_H00_MTD021PM-02, auxf-impr from fMLLR is 0.0505129, over 1754 frames.
LOG (gmm-est-fmllr[5.4.105~1-4fda]:ComputeFmllrMatrixDiagGmmFull():fmllr-diag-gmm.cc:262) fMLLR objf improvement is 0.0398363 per frame over 2264 frames.
LOG (gmm-est-fmllr[5.4.105~1-4fda]:main():gmm-est-fmllr.cc:143) For speaker AMI_TS3006b_H00_MTD021PM-03, auxf-impr from fMLLR is 0.0398363, over 2264 frames.
LOG (gmm-est-fmllr[5.4.105~1-4fda]:ComputeFmllrMatrixDiagGmmFull():fmllr-diag-gmm.cc:262) fMLLR objf improvement is 0.0669458 per frame over 1437 frames.
LOG (gmm-est-fmllr[5.4.105~1-4fda]:main():gmm-est-fmllr.cc:143) For speaker AMI_TS3006b_H00_MTD021PM-04, auxf-impr from fMLLR is 0.0669458, over 1437 frames.
LOG (gmm-est-fmllr[5.4.105~1-4fda]:ComputeFmllrMatrixDiagGmmFull():fmllr-diag-gmm.cc:262) fMLLR objf improvement is 0.0479849 per frame over 2161 frames.
LOG (gmm-est-fmllr[5.4.105~1-4fda]:main():gmm-est-fmllr.cc:143) For speaker AMI_TS3006b_H00_MTD021PM-05, auxf-impr from fMLLR is 0.0479849, over 2161 frames.
LOG (gmm-est-fmllr[5.4.105~1-4fda]:ComputeFmllrMatrixDiagGmmFull():fmllr-diag-gmm.cc:262) fMLLR objf improvement is 0.0531179 per frame over 1851 frames.
LOG (gmm-est-fmllr[5.4.105~1-4fda]:main():gmm-est-fmllr.cc:143) For speaker AMI_TS3006b_H00_MTD021PM-06, auxf-impr from fMLLR is 0.0531179, over 1851 frames.
LOG (gmm-est-fmllr[5.4.105~1-4fda]:ComputeFmllrMatrixDiagGmmFull():fmllr-diag-gmm.cc:262) fMLLR objf improvement is 0.067588 per frame over 1923 frames.
LOG (gmm-est-fmllr[5.4.105~1-4fda]:main():gmm-est-fmllr.cc:143) For speaker AMI_TS3006b_H00_MTD021PM-07, auxf-impr from fMLLR is 0.067588, over 1923 frames.
LOG (gmm-est-fmllr[5.4.105~1-4fda]:ComputeFmllrMatrixDiagGmmFull():fmllr-diag-gmm.cc:262) fMLLR objf improvement is 0.061271 per frame over 2128 frames.
LOG (gmm-est-fmllr[5.4.105~1-4fda]:main():gmm-est-fmllr.cc:143) For speaker AMI_TS3006b_H00_MTD021PM-08, auxf-impr from fMLLR is 0.061271, over 2128 frames.
LOG (gmm-est-fmllr[5.4.105~1-4fda]:ComputeFmllrMatrixDiagGmmFull():fmllr-diag-gmm.cc:262) fMLLR objf improvement is 0.0631736 per frame over 1731 frames.
LOG (gmm-est-fmllr[5.4.105~1-4fda]:main():gmm-est-fmllr.cc:143) For speaker AMI_TS3006b_H00_MTD021PM-09, auxf-impr from fMLLR is 0.0631736, over 1731 frames.
LOG (gmm-est-fmllr[5.4.105~1-4fda]:ComputeFmllrMatrixDiagGmmFull():fmllr-diag-gmm.cc:262) fMLLR objf improvement is 0.0482413 per frame over 1947 frames.
LOG (gmm-est-fmllr[5.4.105~1-4fda]:main():gmm-est-fmllr.cc:143) For speaker AMI_TS3006b_H00_MTD021PM-10, auxf-impr from fMLLR is 0.0482413, over 1947 frames.
LOG (gmm-est-fmllr[5.4.105~1-4fda]:ComputeFmllrMatrixDiagGmmFull():fmllr-diag-gmm.cc:262) fMLLR objf improvement is 0.054502 per frame over 2227 frames.
LOG (gmm-est-fmllr[5.4.105~1-4fda]:main():gmm-est-fmllr.cc:143) For speaker AMI_TS3006b_H00_MTD021PM-11, auxf-impr from fMLLR is 0.054502, over 2227 frames.
LOG (gmm-est-fmllr[5.4.105~1-4fda]:ComputeFmllrMatrixDiagGmmFull():fmllr-diag-gmm.cc:262) fMLLR objf improvement is 0.0615336 per frame over 2308 frames.
LOG (gmm-est-fmllr[5.4.105~1-4fda]:main():gmm-est-fmllr.cc:143) For speaker AMI_TS3006b_H00_MTD021PM-12, auxf-impr from fMLLR is 0.0615336, over 2308 frames.
LOG (gmm-est-fmllr[5.4.105~1-4fda]:ComputeFmllrMatrixDiagGmmFull():fmllr-diag-gmm.cc:262) fMLLR objf improvement is 0.0471539 per frame over 2521 frames.
LOG (gmm-est-fmllr[5.4.105~1-4fda]:main():gmm-est-fmllr.cc:143) For speaker AMI_TS3006b_H00_MTD021PM-13, auxf-impr from fMLLR is 0.0471539, over 2521 frames.
LOG (gmm-est-fmllr[5.4.105~1-4fda]:ComputeFmllrMatrixDiagGmmFull():fmllr-diag-gmm.cc:262) fMLLR objf improvement is 0.0546979 per frame over 1878 frames.
LOG (gmm-est-fmllr[5.4.105~1-4fda]:main():gmm-est-fmllr.cc:143) For speaker AMI_TS3006b_H00_MTD021PM-14, auxf-impr from fMLLR is 0.0546979, over 1878 frames.
LOG (gmm-est-fmllr[5.4.105~1-4fda]:ComputeFmllrMatrixDiagGmmFull():fmllr-diag-gmm.cc:262) fMLLR objf improvement is 0.0506759 per frame over 2068 frames.
LOG (gmm-est-fmllr[5.4.105~1-4fda]:main():gmm-est-fmllr.cc:143) For speaker AMI_TS3006b_H00_MTD021PM-15, auxf-impr from fMLLR is 0.0506759, over 2068 frames.
LOG (gmm-est-fmllr[5.4.105~1-4fda]:ComputeFmllrMatrixDiagGmmFull():fmllr-diag-gmm.cc:262) fMLLR objf improvement is 0.0532794 per frame over 1824 frames.
LOG (gmm-est-fmllr[5.4.105~1-4fda]:main():gmm-est-fmllr.cc:143) For speaker AMI_TS3006b_H00_MTD021PM-16, auxf-impr from fMLLR is 0.0532794, over 1824 frames.
LOG (gmm-est-fmllr[5.4.105~1-4fda]:ComputeFmllrMatrixDiagGmmFull():fmllr-diag-gmm.cc:262) fMLLR objf improvement is 0.0595555 per frame over 1447 frames.
LOG (gmm-est-fmllr[5.4.105~1-4fda]:main():gmm-est-fmllr.cc:143) For speaker AMI_TS3006b_H00_MTD021PM-17, auxf-impr from fMLLR is 0.0595555, over 1447 frames.
LOG (gmm-est-fmllr[5.4.105~1-4fda]:ComputeFmllrMatrixDiagGmmFull():fmllr-diag-gmm.cc:262) fMLLR objf improvement is 0.0414986 per frame over 2297 frames.
LOG (gmm-est-fmllr[5.4.105~1-4fda]:main():gmm-est-fmllr.cc:143) For speaker AMI_TS3006b_H00_MTD021PM-18, auxf-impr from fMLLR is 0.0414986, over 2297 frames.
LOG (gmm-est-fmllr[5.4.105~1-4fda]:ComputeFmllrMatrixDiagGmmFull():fmllr-diag-gmm.cc:262) fMLLR objf improvement is 0.053759 per frame over 2254 frames.
LOG (gmm-est-fmllr[5.4.105~1-4fda]:main():gmm-est-fmllr.cc:143) For speaker AMI_TS3006b_H00_MTD021PM-19, auxf-impr from fMLLR is 0.053759, over 2254 frames.
LOG (gmm-est-fmllr[5.4.105~1-4fda]:ComputeFmllrMatrixDiagGmmFull():fmllr-diag-gmm.cc:262) fMLLR objf improvement is 0.0422778 per frame over 2219 frames.
LOG (gmm-est-fmllr[5.4.105~1-4fda]:main():gmm-est-fmllr.cc:143) For speaker AMI_TS3006b_H00_MTD021PM-20, auxf-impr from fMLLR is 0.0422778, over 2219 frames.
LOG (gmm-est-fmllr[5.4.105~1-4fda]:ComputeFmllrMatrixDiagGmmFull():fmllr-diag-gmm.cc:262) fMLLR objf improvement is 0.0457455 per frame over 2440 frames.
LOG (gmm-est-fmllr[5.4.105~1-4fda]:main():gmm-est-fmllr.cc:143) For speaker AMI_TS3006b_H00_MTD021PM-21, auxf-impr from fMLLR is 0.0457455, over 2440 frames.
LOG (gmm-est-fmllr[5.4.105~1-4fda]:ComputeFmllrMatrixDiagGmmFull():fmllr-diag-gmm.cc:262) fMLLR objf improvement is 0.0480064 per frame over 1817 frames.
LOG (gmm-est-fmllr[5.4.105~1-4fda]:main():gmm-est-fmllr.cc:143) For speaker AMI_TS3006b_H00_MTD021PM-22, auxf-impr from fMLLR is 0.0480064, over 1817 frames.
LOG (gmm-est-fmllr[5.4.105~1-4fda]:ComputeFmllrMatrixDiagGmmFull():fmllr-diag-gmm.cc:262) fMLLR objf improvement is 0.048689 per frame over 2120 frames.
LOG (gmm-est-fmllr[5.4.105~1-4fda]:main():gmm-est-fmllr.cc:143) For speaker AMI_TS3006b_H00_MTD021PM-23, auxf-impr from fMLLR is 0.048689, over 2120 frames.
LOG (gmm-est-fmllr[5.4.105~1-4fda]:ComputeFmllrMatrixDiagGmmFull():fmllr-diag-gmm.cc:262) fMLLR objf improvement is 0.0615071 per frame over 1855 frames.
LOG (gmm-est-fmllr[5.4.105~1-4fda]:main():gmm-est-fmllr.cc:143) For speaker AMI_TS3006b_H00_MTD021PM-24, auxf-impr from fMLLR is 0.0615071, over 1855 frames.
LOG (gmm-est-fmllr[5.4.105~1-4fda]:ComputeFmllrMatrixDiagGmmFull():fmllr-diag-gmm.cc:262) fMLLR objf improvement is 0.0562405 per frame over 1611 frames.
LOG (gmm-est-fmllr[5.4.105~1-4fda]:main():gmm-est-fmllr.cc:143) For speaker AMI_TS3006b_H01_MTD023UID-01, auxf-impr from fMLLR is 0.0562405, over 1611 frames.
LOG (gmm-est-fmllr[5.4.105~1-4fda]:ComputeFmllrMatrixDiagGmmFull():fmllr-diag-gmm.cc:262) fMLLR objf improvement is 0.0485547 per frame over 1807 frames.
LOG (gmm-est-fmllr[5.4.105~1-4fda]:main():gmm-est-fmllr.cc:143) For speaker AMI_TS3006b_H01_MTD023UID-02, auxf-impr from fMLLR is 0.0485547, over 1807 frames.
LOG (gmm-est-fmllr[5.4.105~1-4fda]:ComputeFmllrMatrixDiagGmmFull():fmllr-diag-gmm.cc:262) fMLLR objf improvement is 0.0589959 per frame over 2115 frames.
LOG (gmm-est-fmllr[5.4.105~1-4fda]:main():gmm-est-fmllr.cc:143) For speaker AMI_TS3006b_H01_MTD023UID-03, auxf-impr from fMLLR is 0.0589959, over 2115 frames.
LOG (gmm-est-fmllr[5.4.105~1-4fda]:ComputeFmllrMatrixDiagGmmFull():fmllr-diag-gmm.cc:262) fMLLR objf improvement is 0.0577272 per frame over 2041 frames.
LOG (gmm-est-fmllr[5.4.105~1-4fda]:main():gmm-est-fmllr.cc:143) For speaker AMI_TS3006b_H01_MTD023UID-04, auxf-impr from fMLLR is 0.0577272, over 2041 frames.
LOG (gmm-est-fmllr[5.4.105~1-4fda]:ComputeFmllrMatrixDiagGmmFull():fmllr-diag-gmm.cc:262) fMLLR objf improvement is 0.0585442 per frame over 2150 frames.
LOG (gmm-est-fmllr[5.4.105~1-4fda]:main():gmm-est-fmllr.cc:143) For speaker AMI_TS3006b_H01_MTD023UID-05, auxf-impr from fMLLR is 0.0585442, over 2150 frames.
LOG (gmm-est-fmllr[5.4.105~1-4fda]:ComputeFmllrMatrixDiagGmmFull():fmllr-diag-gmm.cc:262) fMLLR objf improvement is 0.0527298 per frame over 1906 frames.
LOG (gmm-est-fmllr[5.4.105~1-4fda]:main():gmm-est-fmllr.cc:143) For speaker AMI_TS3006b_H01_MTD023UID-06, auxf-impr from fMLLR is 0.0527298, over 1906 frames.
LOG (gmm-est-fmllr[5.4.105~1-4fda]:ComputeFmllrMatrixDiagGmmFull():fmllr-diag-gmm.cc:262) fMLLR objf improvement is 0.0629303 per frame over 1793 frames.
LOG (gmm-est-fmllr[5.4.105~1-4fda]:main():gmm-est-fmllr.cc:143) For speaker AMI_TS3006b_H01_MTD023UID-07, auxf-impr from fMLLR is 0.0629303, over 1793 frames.
LOG (gmm-est-fmllr[5.4.105~1-4fda]:ComputeFmllrMatrixDiagGmmFull():fmllr-diag-gmm.cc:262) fMLLR objf improvement is 0.063538 per frame over 2274 frames.
LOG (gmm-est-fmllr[5.4.105~1-4fda]:main():gmm-est-fmllr.cc:143) For speaker AMI_TS3006b_H01_MTD023UID-08, auxf-impr from fMLLR is 0.063538, over 2274 frames.
LOG (gmm-est-fmllr[5.4.105~1-4fda]:ComputeFmllrMatrixDiagGmmFull():fmllr-diag-gmm.cc:262) fMLLR objf improvement is 0.0543441 per frame over 1928 frames.
LOG (gmm-est-fmllr[5.4.105~1-4fda]:main():gmm-est-fmllr.cc:143) For speaker AMI_TS3006b_H01_MTD023UID-09, auxf-impr from fMLLR is 0.0543441, over 1928 frames.
LOG (gmm-est-fmllr[5.4.105~1-4fda]:ComputeFmllrMatrixDiagGmmFull():fmllr-diag-gmm.cc:262) fMLLR objf improvement is 0.0513007 per frame over 2271 frames.
LOG (gmm-est-fmllr[5.4.105~1-4fda]:main():gmm-est-fmllr.cc:143) For speaker AMI_TS3006b_H01_MTD023UID-10, auxf-impr from fMLLR is 0.0513007, over 2271 frames.
LOG (gmm-est-fmllr[5.4.105~1-4fda]:ComputeFmllrMatrixDiagGmmFull():fmllr-diag-gmm.cc:262) fMLLR objf improvement is 0.0550175 per frame over 1953 frames.
LOG (gmm-est-fmllr[5.4.105~1-4fda]:main():gmm-est-fmllr.cc:143) For speaker AMI_TS3006b_H01_MTD023UID-11, auxf-impr from fMLLR is 0.0550175, over 1953 frames.
LOG (gmm-est-fmllr[5.4.105~1-4fda]:ComputeFmllrMatrixDiagGmmFull():fmllr-diag-gmm.cc:262) fMLLR objf improvement is 0.0584239 per frame over 1989 frames.
LOG (gmm-est-fmllr[5.4.105~1-4fda]:main():gmm-est-fmllr.cc:143) For speaker AMI_TS3006b_H01_MTD023UID-12, auxf-impr from fMLLR is 0.0584239, over 1989 frames.
LOG (gmm-est-fmllr[5.4.105~1-4fda]:ComputeFmllrMatrixDiagGmmFull():fmllr-diag-gmm.cc:262) fMLLR objf improvement is 0.0569202 per frame over 2071 frames.
LOG (gmm-est-fmllr[5.4.105~1-4fda]:main():gmm-est-fmllr.cc:143) For speaker AMI_TS3006b_H01_MTD023UID-13, auxf-impr from fMLLR is 0.0569202, over 2071 frames.
LOG (gmm-est-fmllr[5.4.105~1-4fda]:ComputeFmllrMatrixDiagGmmFull():fmllr-diag-gmm.cc:262) fMLLR objf improvement is 0.0574075 per frame over 2184 frames.
LOG (gmm-est-fmllr[5.4.105~1-4fda]:main():gmm-est-fmllr.cc:143) For speaker AMI_TS3006b_H01_MTD023UID-14, auxf-impr from fMLLR is 0.0574075, over 2184 frames.
LOG (gmm-est-fmllr[5.4.105~1-4fda]:ComputeFmllrMatrixDiagGmmFull():fmllr-diag-gmm.cc:262) fMLLR objf improvement is 0.0522518 per frame over 1957 frames.
LOG (gmm-est-fmllr[5.4.105~1-4fda]:main():gmm-est-fmllr.cc:143) For speaker AMI_TS3006b_H01_MTD023UID-15, auxf-impr from fMLLR is 0.0522518, over 1957 frames.
WARNING (gmm-est-fmllr[5.4.105~1-4fda]:Update():fmllr-diag-gmm.cc:162) Not updating fMLLR since below min-count: count is 344
LOG (gmm-est-fmllr[5.4.105~1-4fda]:main():gmm-est-fmllr.cc:143) For speaker AMI_TS3006b_H01_MTD023UID-16, auxf-impr from fMLLR is 0, over 344 frames.
LOG (gmm-est-fmllr[5.4.105~1-4fda]:ComputeFmllrMatrixDiagGmmFull():fmllr-diag-gmm.cc:262) fMLLR objf improvement is 0.0399953 per frame over 2100 frames.
LOG (gmm-est-fmllr[5.4.105~1-4fda]:main():gmm-est-fmllr.cc:143) For speaker AMI_TS3006b_H02_MTD022ID-01, auxf-impr from fMLLR is 0.0399953, over 2100 frames.
LOG (gmm-est-fmllr[5.4.105~1-4fda]:ComputeFmllrMatrixDiagGmmFull():fmllr-diag-gmm.cc:262) fMLLR objf improvement is 0.0606006 per frame over 900 frames.
LOG (gmm-est-fmllr[5.4.105~1-4fda]:main():gmm-est-fmllr.cc:143) For speaker AMI_TS3006b_H02_MTD022ID-02, auxf-impr from fMLLR is 0.0606006, over 900 frames.
LOG (gmm-est-fmllr[5.4.105~1-4fda]:ComputeFmllrMatrixDiagGmmFull():fmllr-diag-gmm.cc:262) fMLLR objf improvement is 0.0437745 per frame over 2292 frames.
LOG (gmm-est-fmllr[5.4.105~1-4fda]:main():gmm-est-fmllr.cc:143) For speaker AMI_TS3006b_H02_MTD022ID-03, auxf-impr from fMLLR is 0.0437745, over 2292 frames.
LOG (gmm-est-fmllr[5.4.105~1-4fda]:ComputeFmllrMatrixDiagGmmFull():fmllr-diag-gmm.cc:262) fMLLR objf improvement is 0.0484598 per frame over 1946 frames.
LOG (gmm-est-fmllr[5.4.105~1-4fda]:main():gmm-est-fmllr.cc:143) For speaker AMI_TS3006b_H02_MTD022ID-04, auxf-impr from fMLLR is 0.0484598, over 1946 frames.
LOG (gmm-est-fmllr[5.4.105~1-4fda]:ComputeFmllrMatrixDiagGmmFull():fmllr-diag-gmm.cc:262) fMLLR objf improvement is 0.0542123 per frame over 1897 frames.
LOG (gmm-est-fmllr[5.4.105~1-4fda]:main():gmm-est-fmllr.cc:143) For speaker AMI_TS3006b_H02_MTD022ID-05, auxf-impr from fMLLR is 0.0542123, over 1897 frames.
LOG (gmm-est-fmllr[5.4.105~1-4fda]:ComputeFmllrMatrixDiagGmmFull():fmllr-diag-gmm.cc:262) fMLLR objf improvement is 0.0592633 per frame over 2131 frames.
LOG (gmm-est-fmllr[5.4.105~1-4fda]:main():gmm-est-fmllr.cc:143) For speaker AMI_TS3006b_H02_MTD022ID-06, auxf-impr from fMLLR is 0.0592633, over 2131 frames.
LOG (gmm-est-fmllr[5.4.105~1-4fda]:ComputeFmllrMatrixDiagGmmFull():fmllr-diag-gmm.cc:262) fMLLR objf improvement is 0.0477774 per frame over 2015 frames.
LOG (gmm-est-fmllr[5.4.105~1-4fda]:main():gmm-est-fmllr.cc:143) For speaker AMI_TS3006b_H02_MTD022ID-07, auxf-impr from fMLLR is 0.0477774, over 2015 frames.
LOG (gmm-est-fmllr[5.4.105~1-4fda]:ComputeFmllrMatrixDiagGmmFull():fmllr-diag-gmm.cc:262) fMLLR objf improvement is 0.0692433 per frame over 1529 frames.
LOG (gmm-est-fmllr[5.4.105~1-4fda]:main():gmm-est-fmllr.cc:143) For speaker AMI_TS3006b_H02_MTD022ID-08, auxf-impr from fMLLR is 0.0692433, over 1529 frames.
LOG (gmm-est-fmllr[5.4.105~1-4fda]:ComputeFmllrMatrixDiagGmmFull():fmllr-diag-gmm.cc:262) fMLLR objf improvement is 0.0567602 per frame over 2025 frames.
LOG (gmm-est-fmllr[5.4.105~1-4fda]:main():gmm-est-fmllr.cc:143) For speaker AMI_TS3006b_H02_MTD022ID-09, auxf-impr from fMLLR is 0.0567602, over 2025 frames.
LOG (gmm-est-fmllr[5.4.105~1-4fda]:ComputeFmllrMatrixDiagGmmFull():fmllr-diag-gmm.cc:262) fMLLR objf improvement is 0.0550966 per frame over 2079 frames.
LOG (gmm-est-fmllr[5.4.105~1-4fda]:main():gmm-est-fmllr.cc:143) For speaker AMI_TS3006b_H02_MTD022ID-10, auxf-impr from fMLLR is 0.0550966, over 2079 frames.
LOG (gmm-est-fmllr[5.4.105~1-4fda]:ComputeFmllrMatrixDiagGmmFull():fmllr-diag-gmm.cc:262) fMLLR objf improvement is 0.0605301 per frame over 1864 frames.
LOG (gmm-est-fmllr[5.4.105~1-4fda]:main():gmm-est-fmllr.cc:143) For speaker AMI_TS3006b_H02_MTD022ID-11, auxf-impr from fMLLR is 0.0605301, over 1864 frames.
LOG (gmm-est-fmllr[5.4.105~1-4fda]:ComputeFmllrMatrixDiagGmmFull():fmllr-diag-gmm.cc:262) fMLLR objf improvement is 0.0529078 per frame over 1869 frames.
LOG (gmm-est-fmllr[5.4.105~1-4fda]:main():gmm-est-fmllr.cc:143) For speaker AMI_TS3006b_H02_MTD022ID-12, auxf-impr from fMLLR is 0.0529078, over 1869 frames.
LOG (gmm-est-fmllr[5.4.105~1-4fda]:ComputeFmllrMatrixDiagGmmFull():fmllr-diag-gmm.cc:262) fMLLR objf improvement is 0.0582195 per frame over 2270 frames.
LOG (gmm-est-fmllr[5.4.105~1-4fda]:main():gmm-est-fmllr.cc:143) For speaker AMI_TS3006b_H02_MTD022ID-13, auxf-impr from fMLLR is 0.0582195, over 2270 frames.
LOG (gmm-est-fmllr[5.4.105~1-4fda]:ComputeFmllrMatrixDiagGmmFull():fmllr-diag-gmm.cc:262) fMLLR objf improvement is 0.049572 per frame over 2128 frames.
LOG (gmm-est-fmllr[5.4.105~1-4fda]:main():gmm-est-fmllr.cc:143) For speaker AMI_TS3006b_H02_MTD022ID-14, auxf-impr from fMLLR is 0.049572, over 2128 frames.
LOG (gmm-est-fmllr[5.4.105~1-4fda]:ComputeFmllrMatrixDiagGmmFull():fmllr-diag-gmm.cc:262) fMLLR objf improvement is 0.0438487 per frame over 2214 frames.
LOG (gmm-est-fmllr[5.4.105~1-4fda]:main():gmm-est-fmllr.cc:143) For speaker AMI_TS3006b_H02_MTD022ID-15, auxf-impr from fMLLR is 0.0438487, over 2214 frames.
LOG (gmm-est-fmllr[5.4.105~1-4fda]:ComputeFmllrMatrixDiagGmmFull():fmllr-diag-gmm.cc:262) fMLLR objf improvement is 0.0522285 per frame over 2114 frames.
LOG (gmm-est-fmllr[5.4.105~1-4fda]:main():gmm-est-fmllr.cc:143) For speaker AMI_TS3006b_H02_MTD022ID-16, auxf-impr from fMLLR is 0.0522285, over 2114 frames.
LOG (gmm-est-fmllr[5.4.105~1-4fda]:ComputeFmllrMatrixDiagGmmFull():fmllr-diag-gmm.cc:262) fMLLR objf improvement is 0.0611202 per frame over 1947 frames.
LOG (gmm-est-fmllr[5.4.105~1-4fda]:main():gmm-est-fmllr.cc:143) For speaker AMI_TS3006b_H02_MTD022ID-17, auxf-impr from fMLLR is 0.0611202, over 1947 frames.
LOG (gmm-est-fmllr[5.4.105~1-4fda]:ComputeFmllrMatrixDiagGmmFull():fmllr-diag-gmm.cc:262) fMLLR objf improvement is 0.0445682 per frame over 1952 frames.
LOG (gmm-est-fmllr[5.4.105~1-4fda]:main():gmm-est-fmllr.cc:143) For speaker AMI_TS3006b_H02_MTD022ID-18, auxf-impr from fMLLR is 0.0445682, over 1952 frames.
LOG (gmm-est-fmllr[5.4.105~1-4fda]:ComputeFmllrMatrixDiagGmmFull():fmllr-diag-gmm.cc:262) fMLLR objf improvement is 0.0532455 per frame over 1756 frames.
LOG (gmm-est-fmllr[5.4.105~1-4fda]:main():gmm-est-fmllr.cc:143) For speaker AMI_TS3006b_H03_MTD024ME-01, auxf-impr from fMLLR is 0.0532455, over 1756 frames.
LOG (gmm-est-fmllr[5.4.105~1-4fda]:ComputeFmllrMatrixDiagGmmFull():fmllr-diag-gmm.cc:262) fMLLR objf improvement is 0.0427935 per frame over 2340 frames.
LOG (gmm-est-fmllr[5.4.105~1-4fda]:main():gmm-est-fmllr.cc:143) For speaker AMI_TS3006b_H03_MTD024ME-02, auxf-impr from fMLLR is 0.0427935, over 2340 frames.
LOG (gmm-est-fmllr[5.4.105~1-4fda]:ComputeFmllrMatrixDiagGmmFull():fmllr-diag-gmm.cc:262) fMLLR objf improvement is 0.0531419 per frame over 2225 frames.
LOG (gmm-est-fmllr[5.4.105~1-4fda]:main():gmm-est-fmllr.cc:143) For speaker AMI_TS3006b_H03_MTD024ME-03, auxf-impr from fMLLR is 0.0531419, over 2225 frames.
LOG (gmm-est-fmllr[5.4.105~1-4fda]:ComputeFmllrMatrixDiagGmmFull():fmllr-diag-gmm.cc:262) fMLLR objf improvement is 0.0588207 per frame over 2216 frames.
LOG (gmm-est-fmllr[5.4.105~1-4fda]:main():gmm-est-fmllr.cc:143) For speaker AMI_TS3006b_H03_MTD024ME-04, auxf-impr from fMLLR is 0.0588207, over 2216 frames.
LOG (gmm-est-fmllr[5.4.105~1-4fda]:ComputeFmllrMatrixDiagGmmFull():fmllr-diag-gmm.cc:262) fMLLR objf improvement is 0.0551676 per frame over 2097 frames.
LOG (gmm-est-fmllr[5.4.105~1-4fda]:main():gmm-est-fmllr.cc:143) For speaker AMI_TS3006b_H03_MTD024ME-05, auxf-impr from fMLLR is 0.0551676, over 2097 frames.
LOG (gmm-est-fmllr[5.4.105~1-4fda]:ComputeFmllrMatrixDiagGmmFull():fmllr-diag-gmm.cc:262) fMLLR objf improvement is 0.0538897 per frame over 2393 frames.
LOG (gmm-est-fmllr[5.4.105~1-4fda]:main():gmm-est-fmllr.cc:143) For speaker AMI_TS3006b_H03_MTD024ME-06, auxf-impr from fMLLR is 0.0538897, over 2393 frames.
LOG (gmm-est-fmllr[5.4.105~1-4fda]:ComputeFmllrMatrixDiagGmmFull():fmllr-diag-gmm.cc:262) fMLLR objf improvement is 0.0550235 per frame over 1767 frames.
LOG (gmm-est-fmllr[5.4.105~1-4fda]:main():gmm-est-fmllr.cc:143) For speaker AMI_TS3006b_H03_MTD024ME-07, auxf-impr from fMLLR is 0.0550235, over 1767 frames.
LOG (gmm-est-fmllr[5.4.105~1-4fda]:ComputeFmllrMatrixDiagGmmFull():fmllr-diag-gmm.cc:262) fMLLR objf improvement is 0.0579792 per frame over 2231 frames.
LOG (gmm-est-fmllr[5.4.105~1-4fda]:main():gmm-est-fmllr.cc:143) For speaker AMI_TS3006b_H03_MTD024ME-08, auxf-impr from fMLLR is 0.0579792, over 2231 frames.
LOG (gmm-est-fmllr[5.4.105~1-4fda]:ComputeFmllrMatrixDiagGmmFull():fmllr-diag-gmm.cc:262) fMLLR objf improvement is 0.0724332 per frame over 1894 frames.
LOG (gmm-est-fmllr[5.4.105~1-4fda]:main():gmm-est-fmllr.cc:143) For speaker AMI_TS3006b_H03_MTD024ME-09, auxf-impr from fMLLR is 0.0724332, over 1894 frames.
LOG (gmm-est-fmllr[5.4.105~1-4fda]:ComputeFmllrMatrixDiagGmmFull():fmllr-diag-gmm.cc:262) fMLLR objf improvement is 0.0657005 per frame over 2243 frames.
LOG (gmm-est-fmllr[5.4.105~1-4fda]:main():gmm-est-fmllr.cc:143) For speaker AMI_TS3006b_H03_MTD024ME-10, auxf-impr from fMLLR is 0.0657005, over 2243 frames.
LOG (gmm-est-fmllr[5.4.105~1-4fda]:ComputeFmllrMatrixDiagGmmFull():fmllr-diag-gmm.cc:262) fMLLR objf improvement is 0.0658644 per frame over 1667 frames.
LOG (gmm-est-fmllr[5.4.105~1-4fda]:main():gmm-est-fmllr.cc:143) For speaker AMI_TS3006b_H03_MTD024ME-11, auxf-impr from fMLLR is 0.0658644, over 1667 frames.
LOG (gmm-est-fmllr[5.4.105~1-4fda]:ComputeFmllrMatrixDiagGmmFull():fmllr-diag-gmm.cc:262) fMLLR objf improvement is 0.056668 per frame over 2066 frames.
LOG (gmm-est-fmllr[5.4.105~1-4fda]:main():gmm-est-fmllr.cc:143) For speaker AMI_TS3006b_H03_MTD024ME-12, auxf-impr from fMLLR is 0.056668, over 2066 frames.
LOG (gmm-est-fmllr[5.4.105~1-4fda]:ComputeFmllrMatrixDiagGmmFull():fmllr-diag-gmm.cc:262) fMLLR objf improvement is 0.0552188 per frame over 2180 frames.
LOG (gmm-est-fmllr[5.4.105~1-4fda]:main():gmm-est-fmllr.cc:143) For speaker AMI_TS3006b_H03_MTD024ME-13, auxf-impr from fMLLR is 0.0552188, over 2180 frames.
LOG (gmm-est-fmllr[5.4.105~1-4fda]:ComputeFmllrMatrixDiagGmmFull():fmllr-diag-gmm.cc:262) fMLLR objf improvement is 0.0545611 per frame over 2016 frames.
LOG (gmm-est-fmllr[5.4.105~1-4fda]:main():gmm-est-fmllr.cc:143) For speaker AMI_TS3006b_H03_MTD024ME-14, auxf-impr from fMLLR is 0.0545611, over 2016 frames.
LOG (gmm-est-fmllr[5.4.105~1-4fda]:ComputeFmllrMatrixDiagGmmFull():fmllr-diag-gmm.cc:262) fMLLR objf improvement is 0.0514424 per frame over 2152 frames.
LOG (gmm-est-fmllr[5.4.105~1-4fda]:main():gmm-est-fmllr.cc:143) For speaker AMI_TS3006b_H03_MTD024ME-15, auxf-impr from fMLLR is 0.0514424, over 2152 frames.
LOG (gmm-est-fmllr[5.4.105~1-4fda]:ComputeFmllrMatrixDiagGmmFull():fmllr-diag-gmm.cc:262) fMLLR objf improvement is 0.0554737 per frame over 1893 frames.
LOG (gmm-est-fmllr[5.4.105~1-4fda]:main():gmm-est-fmllr.cc:143) For speaker AMI_TS3006b_H03_MTD024ME-16, auxf-impr from fMLLR is 0.0554737, over 1893 frames.
LOG (gmm-est-fmllr[5.4.105~1-4fda]:ComputeFmllrMatrixDiagGmmFull():fmllr-diag-gmm.cc:262) fMLLR objf improvement is 0.0748303 per frame over 1707 frames.
LOG (gmm-est-fmllr[5.4.105~1-4fda]:main():gmm-est-fmllr.cc:143) For speaker AMI_TS3006b_H03_MTD024ME-17, auxf-impr from fMLLR is 0.0748303, over 1707 frames.
LOG (gmm-est-fmllr[5.4.105~1-4fda]:ComputeFmllrMatrixDiagGmmFull():fmllr-diag-gmm.cc:262) fMLLR objf improvement is 0.0482259 per frame over 2040 frames.
LOG (gmm-est-fmllr[5.4.105~1-4fda]:main():gmm-est-fmllr.cc:143) For speaker AMI_TS3006b_H03_MTD024ME-18, auxf-impr from fMLLR is 0.0482259, over 2040 frames.
LOG (gmm-est-fmllr[5.4.105~1-4fda]:ComputeFmllrMatrixDiagGmmFull():fmllr-diag-gmm.cc:262) fMLLR objf improvement is 0.080327 per frame over 2025 frames.
LOG (gmm-est-fmllr[5.4.105~1-4fda]:main():gmm-est-fmllr.cc:143) For speaker AMI_TS3006b_H03_MTD024ME-19, auxf-impr from fMLLR is 0.080327, over 2025 frames.
LOG (gmm-est-fmllr[5.4.105~1-4fda]:ComputeFmllrMatrixDiagGmmFull():fmllr-diag-gmm.cc:262) fMLLR objf improvement is 0.0542073 per frame over 2233 frames.
LOG (gmm-est-fmllr[5.4.105~1-4fda]:main():gmm-est-fmllr.cc:143) For speaker AMI_TS3006b_H03_MTD024ME-20, auxf-impr from fMLLR is 0.0542073, over 2233 frames.
LOG (gmm-est-fmllr[5.4.105~1-4fda]:ComputeFmllrMatrixDiagGmmFull():fmllr-diag-gmm.cc:262) fMLLR objf improvement is 0.06468 per frame over 1881 frames.
LOG (gmm-est-fmllr[5.4.105~1-4fda]:main():gmm-est-fmllr.cc:143) For speaker AMI_TS3006b_H03_MTD024ME-21, auxf-impr from fMLLR is 0.06468, over 1881 frames.
LOG (gmm-est-fmllr[5.4.105~1-4fda]:ComputeFmllrMatrixDiagGmmFull():fmllr-diag-gmm.cc:262) fMLLR objf improvement is 0.049256 per frame over 2248 frames.
LOG (gmm-est-fmllr[5.4.105~1-4fda]:main():gmm-est-fmllr.cc:143) For speaker AMI_TS3006b_H03_MTD024ME-22, auxf-impr from fMLLR is 0.049256, over 2248 frames.
LOG (gmm-est-fmllr[5.4.105~1-4fda]:ComputeFmllrMatrixDiagGmmFull():fmllr-diag-gmm.cc:262) fMLLR objf improvement is 0.0504789 per frame over 2090 frames.
LOG (gmm-est-fmllr[5.4.105~1-4fda]:main():gmm-est-fmllr.cc:143) For speaker AMI_TS3006b_H03_MTD024ME-23, auxf-impr from fMLLR is 0.0504789, over 2090 frames.
LOG (gmm-est-fmllr[5.4.105~1-4fda]:ComputeFmllrMatrixDiagGmmFull():fmllr-diag-gmm.cc:262) fMLLR objf improvement is 0.0550218 per frame over 2065 frames.
LOG (gmm-est-fmllr[5.4.105~1-4fda]:main():gmm-est-fmllr.cc:143) For speaker AMI_TS3006b_H03_MTD024ME-24, auxf-impr from fMLLR is 0.0550218, over 2065 frames.
LOG (gmm-est-fmllr[5.4.105~1-4fda]:ComputeFmllrMatrixDiagGmmFull():fmllr-diag-gmm.cc:262) fMLLR objf improvement is 0.061909 per frame over 1502 frames.
LOG (gmm-est-fmllr[5.4.105~1-4fda]:main():gmm-est-fmllr.cc:143) For speaker AMI_TS3006b_H03_MTD024ME-25, auxf-impr from fMLLR is 0.061909, over 1502 frames.
LOG (gmm-est-fmllr[5.4.105~1-4fda]:ComputeFmllrMatrixDiagGmmFull():fmllr-diag-gmm.cc:262) fMLLR objf improvement is 0.0593643 per frame over 2185 frames.
LOG (gmm-est-fmllr[5.4.105~1-4fda]:main():gmm-est-fmllr.cc:143) For speaker AMI_TS3006b_H03_MTD024ME-26, auxf-impr from fMLLR is 0.0593643, over 2185 frames.
LOG (gmm-est-fmllr[5.4.105~1-4fda]:ComputeFmllrMatrixDiagGmmFull():fmllr-diag-gmm.cc:262) fMLLR objf improvement is 0.0618788 per frame over 2009 frames.
LOG (gmm-est-fmllr[5.4.105~1-4fda]:main():gmm-est-fmllr.cc:143) For speaker AMI_TS3006b_H03_MTD024ME-27, auxf-impr from fMLLR is 0.0618788, over 2009 frames.
LOG (gmm-est-fmllr[5.4.105~1-4fda]:ComputeFmllrMatrixDiagGmmFull():fmllr-diag-gmm.cc:262) fMLLR objf improvement is 0.0534189 per frame over 1849 frames.
LOG (gmm-est-fmllr[5.4.105~1-4fda]:main():gmm-est-fmllr.cc:143) For speaker AMI_TS3006b_H03_MTD024ME-28, auxf-impr from fMLLR is 0.0534189, over 1849 frames.
LOG (gmm-est-fmllr[5.4.105~1-4fda]:ComputeFmllrMatrixDiagGmmFull():fmllr-diag-gmm.cc:262) fMLLR objf improvement is 0.0572882 per frame over 2134 frames.
LOG (gmm-est-fmllr[5.4.105~1-4fda]:main():gmm-est-fmllr.cc:143) For speaker AMI_TS3006b_H03_MTD024ME-29, auxf-impr from fMLLR is 0.0572882, over 2134 frames.
LOG (gmm-est-fmllr[5.4.105~1-4fda]:ComputeFmllrMatrixDiagGmmFull():fmllr-diag-gmm.cc:262) fMLLR objf improvement is 0.0528321 per frame over 2049 frames.
LOG (gmm-est-fmllr[5.4.105~1-4fda]:main():gmm-est-fmllr.cc:143) For speaker AMI_TS3006b_H03_MTD024ME-30, auxf-impr from fMLLR is 0.0528321, over 2049 frames.
LOG (gmm-est-fmllr[5.4.105~1-4fda]:ComputeFmllrMatrixDiagGmmFull():fmllr-diag-gmm.cc:262) fMLLR objf improvement is 0.0496055 per frame over 1608 frames.
LOG (gmm-est-fmllr[5.4.105~1-4fda]:main():gmm-est-fmllr.cc:143) For speaker AMI_TS3006b_H03_MTD024ME-31, auxf-impr from fMLLR is 0.0496055, over 1608 frames.
LOG (gmm-est-fmllr[5.4.105~1-4fda]:ComputeFmllrMatrixDiagGmmFull():fmllr-diag-gmm.cc:262) fMLLR objf improvement is 0.0660114 per frame over 2006 frames.
LOG (gmm-est-fmllr[5.4.105~1-4fda]:main():gmm-est-fmllr.cc:143) For speaker AMI_TS3006b_H03_MTD024ME-32, auxf-impr from fMLLR is 0.0660114, over 2006 frames.
LOG (gmm-est-fmllr[5.4.105~1-4fda]:ComputeFmllrMatrixDiagGmmFull():fmllr-diag-gmm.cc:262) fMLLR objf improvement is 0.0459384 per frame over 2372 frames.
LOG (gmm-est-fmllr[5.4.105~1-4fda]:main():gmm-est-fmllr.cc:143) For speaker AMI_TS3006b_H03_MTD024ME-33, auxf-impr from fMLLR is 0.0459384, over 2372 frames.
LOG (gmm-est-fmllr[5.4.105~1-4fda]:ComputeFmllrMatrixDiagGmmFull():fmllr-diag-gmm.cc:262) fMLLR objf improvement is 0.0495526 per frame over 2115 frames.
LOG (gmm-est-fmllr[5.4.105~1-4fda]:main():gmm-est-fmllr.cc:143) For speaker AMI_TS3006b_H03_MTD024ME-34, auxf-impr from fMLLR is 0.0495526, over 2115 frames.
LOG (gmm-est-fmllr[5.4.105~1-4fda]:ComputeFmllrMatrixDiagGmmFull():fmllr-diag-gmm.cc:262) fMLLR objf improvement is 0.0424452 per frame over 2134 frames.
LOG (gmm-est-fmllr[5.4.105~1-4fda]:main():gmm-est-fmllr.cc:143) For speaker AMI_TS3006b_H03_MTD024ME-35, auxf-impr from fMLLR is 0.0424452, over 2134 frames.
LOG (gmm-est-fmllr[5.4.105~1-4fda]:ComputeFmllrMatrixDiagGmmFull():fmllr-diag-gmm.cc:262) fMLLR objf improvement is 0.0578471 per frame over 2005 frames.
LOG (gmm-est-fmllr[5.4.105~1-4fda]:main():gmm-est-fmllr.cc:143) For speaker AMI_TS3006b_H03_MTD024ME-36, auxf-impr from fMLLR is 0.0578471, over 2005 frames.
LOG (gmm-est-fmllr[5.4.105~1-4fda]:ComputeFmllrMatrixDiagGmmFull():fmllr-diag-gmm.cc:262) fMLLR objf improvement is 0.0532817 per frame over 2157 frames.
LOG (gmm-est-fmllr[5.4.105~1-4fda]:main():gmm-est-fmllr.cc:143) For speaker AMI_TS3006b_H03_MTD024ME-37, auxf-impr from fMLLR is 0.0532817, over 2157 frames.
LOG (gmm-est-fmllr[5.4.105~1-4fda]:ComputeFmllrMatrixDiagGmmFull():fmllr-diag-gmm.cc:262) fMLLR objf improvement is 0.0549356 per frame over 1893 frames.
LOG (gmm-est-fmllr[5.4.105~1-4fda]:main():gmm-est-fmllr.cc:143) For speaker AMI_TS3006b_H03_MTD024ME-38, auxf-impr from fMLLR is 0.0549356, over 1893 frames.
WARNING (gmm-est-fmllr[5.4.105~1-4fda]:Update():fmllr-diag-gmm.cc:162) Not updating fMLLR since below min-count: count is 413
LOG (gmm-est-fmllr[5.4.105~1-4fda]:main():gmm-est-fmllr.cc:143) For speaker AMI_TS3006b_H03_MTD024ME-39, auxf-impr from fMLLR is 0, over 413 frames.
LOG (gmm-est-fmllr[5.4.105~1-4fda]:ComputeFmllrMatrixDiagGmmFull():fmllr-diag-gmm.cc:262) fMLLR objf improvement is 0.0506907 per frame over 1359 frames.
LOG (gmm-est-fmllr[5.4.105~1-4fda]:main():gmm-est-fmllr.cc:143) For speaker AMI_TS3006c_H00_MTD021PM-01, auxf-impr from fMLLR is 0.0506907, over 1359 frames.
LOG (gmm-est-fmllr[5.4.105~1-4fda]:ComputeFmllrMatrixDiagGmmFull():fmllr-diag-gmm.cc:262) fMLLR objf improvement is 0.061317 per frame over 1973 frames.
LOG (gmm-est-fmllr[5.4.105~1-4fda]:main():gmm-est-fmllr.cc:143) For speaker AMI_TS3006c_H00_MTD021PM-02, auxf-impr from fMLLR is 0.061317, over 1973 frames.
LOG (gmm-est-fmllr[5.4.105~1-4fda]:ComputeFmllrMatrixDiagGmmFull():fmllr-diag-gmm.cc:262) fMLLR objf improvement is 0.069162 per frame over 1533 frames.
LOG (gmm-est-fmllr[5.4.105~1-4fda]:main():gmm-est-fmllr.cc:143) For speaker AMI_TS3006c_H00_MTD021PM-03, auxf-impr from fMLLR is 0.069162, over 1533 frames.
LOG (gmm-est-fmllr[5.4.105~1-4fda]:ComputeFmllrMatrixDiagGmmFull():fmllr-diag-gmm.cc:262) fMLLR objf improvement is 0.0433041 per frame over 2213 frames.
LOG (gmm-est-fmllr[5.4.105~1-4fda]:main():gmm-est-fmllr.cc:143) For speaker AMI_TS3006c_H00_MTD021PM-04, auxf-impr from fMLLR is 0.0433041, over 2213 frames.
LOG (gmm-est-fmllr[5.4.105~1-4fda]:ComputeFmllrMatrixDiagGmmFull():fmllr-diag-gmm.cc:262) fMLLR objf improvement is 0.058467 per frame over 1988 frames.
LOG (gmm-est-fmllr[5.4.105~1-4fda]:main():gmm-est-fmllr.cc:143) For speaker AMI_TS3006c_H00_MTD021PM-05, auxf-impr from fMLLR is 0.058467, over 1988 frames.
LOG (gmm-est-fmllr[5.4.105~1-4fda]:ComputeFmllrMatrixDiagGmmFull():fmllr-diag-gmm.cc:262) fMLLR objf improvement is 0.0492155 per frame over 2289 frames.
LOG (gmm-est-fmllr[5.4.105~1-4fda]:main():gmm-est-fmllr.cc:143) For speaker AMI_TS3006c_H00_MTD021PM-06, auxf-impr from fMLLR is 0.0492155, over 2289 frames.
LOG (gmm-est-fmllr[5.4.105~1-4fda]:ComputeFmllrMatrixDiagGmmFull():fmllr-diag-gmm.cc:262) fMLLR objf improvement is 0.0507547 per frame over 1432 frames.
LOG (gmm-est-fmllr[5.4.105~1-4fda]:main():gmm-est-fmllr.cc:143) For speaker AMI_TS3006c_H00_MTD021PM-07, auxf-impr from fMLLR is 0.0507547, over 1432 frames.
LOG (gmm-est-fmllr[5.4.105~1-4fda]:ComputeFmllrMatrixDiagGmmFull():fmllr-diag-gmm.cc:262) fMLLR objf improvement is 0.0440697 per frame over 2331 frames.
LOG (gmm-est-fmllr[5.4.105~1-4fda]:main():gmm-est-fmllr.cc:143) For speaker AMI_TS3006c_H00_MTD021PM-08, auxf-impr from fMLLR is 0.0440697, over 2331 frames.
LOG (gmm-est-fmllr[5.4.105~1-4fda]:ComputeFmllrMatrixDiagGmmFull():fmllr-diag-gmm.cc:262) fMLLR objf improvement is 0.0515717 per frame over 2020 frames.
LOG (gmm-est-fmllr[5.4.105~1-4fda]:main():gmm-est-fmllr.cc:143) For speaker AMI_TS3006c_H00_MTD021PM-09, auxf-impr from fMLLR is 0.0515717, over 2020 frames.
LOG (gmm-est-fmllr[5.4.105~1-4fda]:ComputeFmllrMatrixDiagGmmFull():fmllr-diag-gmm.cc:262) fMLLR objf improvement is 0.050711 per frame over 2614 frames.
LOG (gmm-est-fmllr[5.4.105~1-4fda]:main():gmm-est-fmllr.cc:143) For speaker AMI_TS3006c_H00_MTD021PM-10, auxf-impr from fMLLR is 0.050711, over 2614 frames.
LOG (gmm-est-fmllr[5.4.105~1-4fda]:ComputeFmllrMatrixDiagGmmFull():fmllr-diag-gmm.cc:262) fMLLR objf improvement is 0.0796735 per frame over 1489 frames.
LOG (gmm-est-fmllr[5.4.105~1-4fda]:main():gmm-est-fmllr.cc:143) For speaker AMI_TS3006c_H00_MTD021PM-11, auxf-impr from fMLLR is 0.0796735, over 1489 frames.
LOG (gmm-est-fmllr[5.4.105~1-4fda]:ComputeFmllrMatrixDiagGmmFull():fmllr-diag-gmm.cc:262) fMLLR objf improvement is 0.051185 per frame over 1940 frames.
LOG (gmm-est-fmllr[5.4.105~1-4fda]:main():gmm-est-fmllr.cc:143) For speaker AMI_TS3006c_H00_MTD021PM-12, auxf-impr from fMLLR is 0.051185, over 1940 frames.
LOG (gmm-est-fmllr[5.4.105~1-4fda]:ComputeFmllrMatrixDiagGmmFull():fmllr-diag-gmm.cc:262) fMLLR objf improvement is 0.0565188 per frame over 2212 frames.
LOG (gmm-est-fmllr[5.4.105~1-4fda]:main():gmm-est-fmllr.cc:143) For speaker AMI_TS3006c_H00_MTD021PM-13, auxf-impr from fMLLR is 0.0565188, over 2212 frames.
LOG (gmm-est-fmllr[5.4.105~1-4fda]:ComputeFmllrMatrixDiagGmmFull():fmllr-diag-gmm.cc:262) fMLLR objf improvement is 0.0531533 per frame over 2161 frames.
LOG (gmm-est-fmllr[5.4.105~1-4fda]:main():gmm-est-fmllr.cc:143) For speaker AMI_TS3006c_H00_MTD021PM-14, auxf-impr from fMLLR is 0.0531533, over 2161 frames.
LOG (gmm-est-fmllr[5.4.105~1-4fda]:ComputeFmllrMatrixDiagGmmFull():fmllr-diag-gmm.cc:262) fMLLR objf improvement is 0.0469136 per frame over 2176 frames.
LOG (gmm-est-fmllr[5.4.105~1-4fda]:main():gmm-est-fmllr.cc:143) For speaker AMI_TS3006c_H00_MTD021PM-15, auxf-impr from fMLLR is 0.0469136, over 2176 frames.
LOG (gmm-est-fmllr[5.4.105~1-4fda]:ComputeFmllrMatrixDiagGmmFull():fmllr-diag-gmm.cc:262) fMLLR objf improvement is 0.0558365 per frame over 1784 frames.
LOG (gmm-est-fmllr[5.4.105~1-4fda]:main():gmm-est-fmllr.cc:143) For speaker AMI_TS3006c_H00_MTD021PM-16, auxf-impr from fMLLR is 0.0558365, over 1784 frames.
LOG (gmm-est-fmllr[5.4.105~1-4fda]:ComputeFmllrMatrixDiagGmmFull():fmllr-diag-gmm.cc:262) fMLLR objf improvement is 0.0459518 per frame over 2160 frames.
LOG (gmm-est-fmllr[5.4.105~1-4fda]:main():gmm-est-fmllr.cc:143) For speaker AMI_TS3006c_H00_MTD021PM-17, auxf-impr from fMLLR is 0.0459518, over 2160 frames.
LOG (gmm-est-fmllr[5.4.105~1-4fda]:ComputeFmllrMatrixDiagGmmFull():fmllr-diag-gmm.cc:262) fMLLR objf improvement is 0.04636 per frame over 1934 frames.
LOG (gmm-est-fmllr[5.4.105~1-4fda]:main():gmm-est-fmllr.cc:143) For speaker AMI_TS3006c_H00_MTD021PM-18, auxf-impr from fMLLR is 0.04636, over 1934 frames.
LOG (gmm-est-fmllr[5.4.105~1-4fda]:ComputeFmllrMatrixDiagGmmFull():fmllr-diag-gmm.cc:262) fMLLR objf improvement is 0.0609713 per frame over 1216 frames.
LOG (gmm-est-fmllr[5.4.105~1-4fda]:main():gmm-est-fmllr.cc:143) For speaker AMI_TS3006c_H00_MTD021PM-19, auxf-impr from fMLLR is 0.0609713, over 1216 frames.
LOG (gmm-est-fmllr[5.4.105~1-4fda]:ComputeFmllrMatrixDiagGmmFull():fmllr-diag-gmm.cc:262) fMLLR objf improvement is 0.0523205 per frame over 1569 frames.
LOG (gmm-est-fmllr[5.4.105~1-4fda]:main():gmm-est-fmllr.cc:143) For speaker AMI_TS3006c_H01_MTD023UID-01, auxf-impr from fMLLR is 0.0523205, over 1569 frames.
LOG (gmm-est-fmllr[5.4.105~1-4fda]:ComputeFmllrMatrixDiagGmmFull():fmllr-diag-gmm.cc:262) fMLLR objf improvement is 0.0472289 per frame over 2017 frames.
LOG (gmm-est-fmllr[5.4.105~1-4fda]:main():gmm-est-fmllr.cc:143) For speaker AMI_TS3006c_H01_MTD023UID-02, auxf-impr from fMLLR is 0.0472289, over 2017 frames.
LOG (gmm-est-fmllr[5.4.105~1-4fda]:ComputeFmllrMatrixDiagGmmFull():fmllr-diag-gmm.cc:262) fMLLR objf improvement is 0.0525511 per frame over 1940 frames.
LOG (gmm-est-fmllr[5.4.105~1-4fda]:main():gmm-est-fmllr.cc:143) For speaker AMI_TS3006c_H01_MTD023UID-03, auxf-impr from fMLLR is 0.0525511, over 1940 frames.
LOG (gmm-est-fmllr[5.4.105~1-4fda]:ComputeFmllrMatrixDiagGmmFull():fmllr-diag-gmm.cc:262) fMLLR objf improvement is 0.0558813 per frame over 2066 frames.
LOG (gmm-est-fmllr[5.4.105~1-4fda]:main():gmm-est-fmllr.cc:143) For speaker AMI_TS3006c_H01_MTD023UID-04, auxf-impr from fMLLR is 0.0558813, over 2066 frames.
LOG (gmm-est-fmllr[5.4.105~1-4fda]:ComputeFmllrMatrixDiagGmmFull():fmllr-diag-gmm.cc:262) fMLLR objf improvement is 0.0584544 per frame over 2033 frames.
LOG (gmm-est-fmllr[5.4.105~1-4fda]:main():gmm-est-fmllr.cc:143) For speaker AMI_TS3006c_H01_MTD023UID-05, auxf-impr from fMLLR is 0.0584544, over 2033 frames.
LOG (gmm-est-fmllr[5.4.105~1-4fda]:ComputeFmllrMatrixDiagGmmFull():fmllr-diag-gmm.cc:262) fMLLR objf improvement is 0.0547483 per frame over 1944 frames.
LOG (gmm-est-fmllr[5.4.105~1-4fda]:main():gmm-est-fmllr.cc:143) For speaker AMI_TS3006c_H01_MTD023UID-06, auxf-impr from fMLLR is 0.0547483, over 1944 frames.
LOG (gmm-est-fmllr[5.4.105~1-4fda]:ComputeFmllrMatrixDiagGmmFull():fmllr-diag-gmm.cc:262) fMLLR objf improvement is 0.0466822 per frame over 2219 frames.
LOG (gmm-est-fmllr[5.4.105~1-4fda]:main():gmm-est-fmllr.cc:143) For speaker AMI_TS3006c_H01_MTD023UID-07, auxf-impr from fMLLR is 0.0466822, over 2219 frames.
LOG (gmm-est-fmllr[5.4.105~1-4fda]:ComputeFmllrMatrixDiagGmmFull():fmllr-diag-gmm.cc:262) fMLLR objf improvement is 0.0491477 per frame over 2411 frames.
LOG (gmm-est-fmllr[5.4.105~1-4fda]:main():gmm-est-fmllr.cc:143) For speaker AMI_TS3006c_H01_MTD023UID-08, auxf-impr from fMLLR is 0.0491477, over 2411 frames.
LOG (gmm-est-fmllr[5.4.105~1-4fda]:ComputeFmllrMatrixDiagGmmFull():fmllr-diag-gmm.cc:262) fMLLR objf improvement is 0.0441862 per frame over 2132 frames.
LOG (gmm-est-fmllr[5.4.105~1-4fda]:main():gmm-est-fmllr.cc:143) For speaker AMI_TS3006c_H01_MTD023UID-09, auxf-impr from fMLLR is 0.0441862, over 2132 frames.
LOG (gmm-est-fmllr[5.4.105~1-4fda]:ComputeFmllrMatrixDiagGmmFull():fmllr-diag-gmm.cc:262) fMLLR objf improvement is 0.0525369 per frame over 1869 frames.
LOG (gmm-est-fmllr[5.4.105~1-4fda]:main():gmm-est-fmllr.cc:143) For speaker AMI_TS3006c_H01_MTD023UID-10, auxf-impr from fMLLR is 0.0525369, over 1869 frames.
LOG (gmm-est-fmllr[5.4.105~1-4fda]:ComputeFmllrMatrixDiagGmmFull():fmllr-diag-gmm.cc:262) fMLLR objf improvement is 0.052955 per frame over 2116 frames.
LOG (gmm-est-fmllr[5.4.105~1-4fda]:main():gmm-est-fmllr.cc:143) For speaker AMI_TS3006c_H01_MTD023UID-11, auxf-impr from fMLLR is 0.052955, over 2116 frames.
LOG (gmm-est-fmllr[5.4.105~1-4fda]:ComputeFmllrMatrixDiagGmmFull():fmllr-diag-gmm.cc:262) fMLLR objf improvement is 0.0404855 per frame over 2336 frames.
LOG (gmm-est-fmllr[5.4.105~1-4fda]:main():gmm-est-fmllr.cc:143) For speaker AMI_TS3006c_H01_MTD023UID-12, auxf-impr from fMLLR is 0.0404855, over 2336 frames.
LOG (gmm-est-fmllr[5.4.105~1-4fda]:ComputeFmllrMatrixDiagGmmFull():fmllr-diag-gmm.cc:262) fMLLR objf improvement is 0.0494909 per frame over 1858 frames.
LOG (gmm-est-fmllr[5.4.105~1-4fda]:main():gmm-est-fmllr.cc:143) For speaker AMI_TS3006c_H01_MTD023UID-13, auxf-impr from fMLLR is 0.0494909, over 1858 frames.
LOG (gmm-est-fmllr[5.4.105~1-4fda]:ComputeFmllrMatrixDiagGmmFull():fmllr-diag-gmm.cc:262) fMLLR objf improvement is 0.0495212 per frame over 1781 frames.
LOG (gmm-est-fmllr[5.4.105~1-4fda]:main():gmm-est-fmllr.cc:143) For speaker AMI_TS3006c_H01_MTD023UID-14, auxf-impr from fMLLR is 0.0495212, over 1781 frames.
LOG (gmm-est-fmllr[5.4.105~1-4fda]:ComputeFmllrMatrixDiagGmmFull():fmllr-diag-gmm.cc:262) fMLLR objf improvement is 0.0470625 per frame over 2271 frames.
LOG (gmm-est-fmllr[5.4.105~1-4fda]:main():gmm-est-fmllr.cc:143) For speaker AMI_TS3006c_H01_MTD023UID-15, auxf-impr from fMLLR is 0.0470625, over 2271 frames.
LOG (gmm-est-fmllr[5.4.105~1-4fda]:ComputeFmllrMatrixDiagGmmFull():fmllr-diag-gmm.cc:262) fMLLR objf improvement is 0.0453139 per frame over 2135 frames.
LOG (gmm-est-fmllr[5.4.105~1-4fda]:main():gmm-est-fmllr.cc:143) For speaker AMI_TS3006c_H01_MTD023UID-16, auxf-impr from fMLLR is 0.0453139, over 2135 frames.
LOG (ali-to-post[5.4.105~1-4fda]:main():ali-to-post.cc:73) Converted 4117 alignments.
LOG (weight-silence-post[5.4.105~1-4fda]:main():weight-silence-post.cc:95) Done 4117 posteriors.
WARNING (gmm-est-fmllr[5.4.105~1-4fda]:main():gmm-est-fmllr.cc:118) Did not find posteriors for utterance AMI_TS3006c_H01_MTD023UID_0248533_0248581
LOG (gmm-est-fmllr[5.4.105~1-4fda]:ComputeFmllrMatrixDiagGmmFull():fmllr-diag-gmm.cc:262) fMLLR objf improvement is 0.0534074 per frame over 1628 frames.
LOG (gmm-est-fmllr[5.4.105~1-4fda]:main():gmm-est-fmllr.cc:143) For speaker AMI_TS3006c_H01_MTD023UID-17, auxf-impr from fMLLR is 0.0534074, over 1628 frames.
LOG (gmm-est-fmllr[5.4.105~1-4fda]:ComputeFmllrMatrixDiagGmmFull():fmllr-diag-gmm.cc:262) fMLLR objf improvement is 0.119156 per frame over 730 frames.
LOG (gmm-est-fmllr[5.4.105~1-4fda]:main():gmm-est-fmllr.cc:143) For speaker AMI_TS3006c_H01_MTD023UID-18, auxf-impr from fMLLR is 0.119156, over 730 frames.
LOG (gmm-est-fmllr[5.4.105~1-4fda]:ComputeFmllrMatrixDiagGmmFull():fmllr-diag-gmm.cc:262) fMLLR objf improvement is 0.0591576 per frame over 1325 frames.
LOG (gmm-est-fmllr[5.4.105~1-4fda]:main():gmm-est-fmllr.cc:143) For speaker AMI_TS3006c_H02_MTD022ID-01, auxf-impr from fMLLR is 0.0591576, over 1325 frames.
LOG (gmm-est-fmllr[5.4.105~1-4fda]:ComputeFmllrMatrixDiagGmmFull():fmllr-diag-gmm.cc:262) fMLLR objf improvement is 0.0462329 per frame over 1939 frames.
LOG (gmm-est-fmllr[5.4.105~1-4fda]:main():gmm-est-fmllr.cc:143) For speaker AMI_TS3006c_H02_MTD022ID-02, auxf-impr from fMLLR is 0.0462329, over 1939 frames.
LOG (gmm-est-fmllr[5.4.105~1-4fda]:ComputeFmllrMatrixDiagGmmFull():fmllr-diag-gmm.cc:262) fMLLR objf improvement is 0.0489234 per frame over 2317 frames.
LOG (gmm-est-fmllr[5.4.105~1-4fda]:main():gmm-est-fmllr.cc:143) For speaker AMI_TS3006c_H02_MTD022ID-03, auxf-impr from fMLLR is 0.0489234, over 2317 frames.
LOG (gmm-est-fmllr[5.4.105~1-4fda]:ComputeFmllrMatrixDiagGmmFull():fmllr-diag-gmm.cc:262) fMLLR objf improvement is 0.0455666 per frame over 2022 frames.
LOG (gmm-est-fmllr[5.4.105~1-4fda]:main():gmm-est-fmllr.cc:143) For speaker AMI_TS3006c_H02_MTD022ID-04, auxf-impr from fMLLR is 0.0455666, over 2022 frames.
LOG (gmm-est-fmllr[5.4.105~1-4fda]:ComputeFmllrMatrixDiagGmmFull():fmllr-diag-gmm.cc:262) fMLLR objf improvement is 0.0528504 per frame over 2255 frames.
LOG (gmm-est-fmllr[5.4.105~1-4fda]:main():gmm-est-fmllr.cc:143) For speaker AMI_TS3006c_H02_MTD022ID-05, auxf-impr from fMLLR is 0.0528504, over 2255 frames.
LOG (gmm-est-fmllr[5.4.105~1-4fda]:ComputeFmllrMatrixDiagGmmFull():fmllr-diag-gmm.cc:262) fMLLR objf improvement is 0.0611216 per frame over 2333 frames.
LOG (gmm-est-fmllr[5.4.105~1-4fda]:main():gmm-est-fmllr.cc:143) For speaker AMI_TS3006c_H02_MTD022ID-06, auxf-impr from fMLLR is 0.0611216, over 2333 frames.
LOG (gmm-est-fmllr[5.4.105~1-4fda]:ComputeFmllrMatrixDiagGmmFull():fmllr-diag-gmm.cc:262) fMLLR objf improvement is 0.0474158 per frame over 2360 frames.
LOG (gmm-est-fmllr[5.4.105~1-4fda]:main():gmm-est-fmllr.cc:143) For speaker AMI_TS3006c_H02_MTD022ID-07, auxf-impr from fMLLR is 0.0474158, over 2360 frames.
LOG (gmm-est-fmllr[5.4.105~1-4fda]:ComputeFmllrMatrixDiagGmmFull():fmllr-diag-gmm.cc:262) fMLLR objf improvement is 0.0566783 per frame over 2230 frames.
LOG (gmm-est-fmllr[5.4.105~1-4fda]:main():gmm-est-fmllr.cc:143) For speaker AMI_TS3006c_H02_MTD022ID-08, auxf-impr from fMLLR is 0.0566783, over 2230 frames.
LOG (gmm-est-fmllr[5.4.105~1-4fda]:ComputeFmllrMatrixDiagGmmFull():fmllr-diag-gmm.cc:262) fMLLR objf improvement is 0.0576486 per frame over 2208 frames.
LOG (gmm-est-fmllr[5.4.105~1-4fda]:main():gmm-est-fmllr.cc:143) For speaker AMI_TS3006c_H02_MTD022ID-09, auxf-impr from fMLLR is 0.0576486, over 2208 frames.
LOG (gmm-est-fmllr[5.4.105~1-4fda]:ComputeFmllrMatrixDiagGmmFull():fmllr-diag-gmm.cc:262) fMLLR objf improvement is 0.0539128 per frame over 1771 frames.
LOG (gmm-est-fmllr[5.4.105~1-4fda]:main():gmm-est-fmllr.cc:143) For speaker AMI_TS3006c_H02_MTD022ID-10, auxf-impr from fMLLR is 0.0539128, over 1771 frames.
LOG (gmm-est-fmllr[5.4.105~1-4fda]:ComputeFmllrMatrixDiagGmmFull():fmllr-diag-gmm.cc:262) fMLLR objf improvement is 0.0541873 per frame over 2124 frames.
LOG (gmm-est-fmllr[5.4.105~1-4fda]:main():gmm-est-fmllr.cc:143) For speaker AMI_TS3006c_H02_MTD022ID-11, auxf-impr from fMLLR is 0.0541873, over 2124 frames.
LOG (gmm-est-fmllr[5.4.105~1-4fda]:ComputeFmllrMatrixDiagGmmFull():fmllr-diag-gmm.cc:262) fMLLR objf improvement is 0.045869 per frame over 2189 frames.
LOG (gmm-est-fmllr[5.4.105~1-4fda]:main():gmm-est-fmllr.cc:143) For speaker AMI_TS3006c_H02_MTD022ID-12, auxf-impr from fMLLR is 0.045869, over 2189 frames.
LOG (gmm-est-fmllr[5.4.105~1-4fda]:ComputeFmllrMatrixDiagGmmFull():fmllr-diag-gmm.cc:262) fMLLR objf improvement is 0.0569689 per frame over 2472 frames.
LOG (gmm-est-fmllr[5.4.105~1-4fda]:main():gmm-est-fmllr.cc:143) For speaker AMI_TS3006c_H02_MTD022ID-13, auxf-impr from fMLLR is 0.0569689, over 2472 frames.
LOG (gmm-est-fmllr[5.4.105~1-4fda]:ComputeFmllrMatrixDiagGmmFull():fmllr-diag-gmm.cc:262) fMLLR objf improvement is 0.0457028 per frame over 2426 frames.
LOG (gmm-est-fmllr[5.4.105~1-4fda]:main():gmm-est-fmllr.cc:143) For speaker AMI_TS3006c_H02_MTD022ID-14, auxf-impr from fMLLR is 0.0457028, over 2426 frames.
LOG (gmm-est-fmllr[5.4.105~1-4fda]:ComputeFmllrMatrixDiagGmmFull():fmllr-diag-gmm.cc:262) fMLLR objf improvement is 0.0476633 per frame over 2459 frames.
LOG (gmm-est-fmllr[5.4.105~1-4fda]:main():gmm-est-fmllr.cc:143) For speaker AMI_TS3006c_H02_MTD022ID-15, auxf-impr from fMLLR is 0.0476633, over 2459 frames.
LOG (gmm-est-fmllr[5.4.105~1-4fda]:ComputeFmllrMatrixDiagGmmFull():fmllr-diag-gmm.cc:262) fMLLR objf improvement is 0.0542452 per frame over 1764 frames.
LOG (gmm-est-fmllr[5.4.105~1-4fda]:main():gmm-est-fmllr.cc:143) For speaker AMI_TS3006c_H02_MTD022ID-16, auxf-impr from fMLLR is 0.0542452, over 1764 frames.
LOG (gmm-est-fmllr[5.4.105~1-4fda]:ComputeFmllrMatrixDiagGmmFull():fmllr-diag-gmm.cc:262) fMLLR objf improvement is 0.0553974 per frame over 2142 frames.
LOG (gmm-est-fmllr[5.4.105~1-4fda]:main():gmm-est-fmllr.cc:143) For speaker AMI_TS3006c_H02_MTD022ID-17, auxf-impr from fMLLR is 0.0553974, over 2142 frames.
LOG (gmm-est-fmllr[5.4.105~1-4fda]:ComputeFmllrMatrixDiagGmmFull():fmllr-diag-gmm.cc:262) fMLLR objf improvement is 0.0532038 per frame over 2024 frames.
LOG (gmm-est-fmllr[5.4.105~1-4fda]:main():gmm-est-fmllr.cc:143) For speaker AMI_TS3006c_H02_MTD022ID-18, auxf-impr from fMLLR is 0.0532038, over 2024 frames.
LOG (gmm-est-fmllr[5.4.105~1-4fda]:ComputeFmllrMatrixDiagGmmFull():fmllr-diag-gmm.cc:262) fMLLR objf improvement is 0.0534071 per frame over 2157 frames.
LOG (gmm-est-fmllr[5.4.105~1-4fda]:main():gmm-est-fmllr.cc:143) For speaker AMI_TS3006c_H02_MTD022ID-19, auxf-impr from fMLLR is 0.0534071, over 2157 frames.
LOG (gmm-est-fmllr[5.4.105~1-4fda]:ComputeFmllrMatrixDiagGmmFull():fmllr-diag-gmm.cc:262) fMLLR objf improvement is 0.0621939 per frame over 1777 frames.
LOG (gmm-est-fmllr[5.4.105~1-4fda]:main():gmm-est-fmllr.cc:143) For speaker AMI_TS3006c_H02_MTD022ID-20, auxf-impr from fMLLR is 0.0621939, over 1777 frames.
LOG (gmm-est-fmllr[5.4.105~1-4fda]:ComputeFmllrMatrixDiagGmmFull():fmllr-diag-gmm.cc:262) fMLLR objf improvement is 0.0736156 per frame over 1645 frames.
LOG (gmm-est-fmllr[5.4.105~1-4fda]:main():gmm-est-fmllr.cc:143) For speaker AMI_TS3006c_H02_MTD022ID-21, auxf-impr from fMLLR is 0.0736156, over 1645 frames.
LOG (gmm-est-fmllr[5.4.105~1-4fda]:ComputeFmllrMatrixDiagGmmFull():fmllr-diag-gmm.cc:262) fMLLR objf improvement is 0.0448773 per frame over 2409 frames.
LOG (gmm-est-fmllr[5.4.105~1-4fda]:main():gmm-est-fmllr.cc:143) For speaker AMI_TS3006c_H02_MTD022ID-22, auxf-impr from fMLLR is 0.0448773, over 2409 frames.
LOG (gmm-est-fmllr[5.4.105~1-4fda]:ComputeFmllrMatrixDiagGmmFull():fmllr-diag-gmm.cc:262) fMLLR objf improvement is 0.0604996 per frame over 1964 frames.
LOG (gmm-est-fmllr[5.4.105~1-4fda]:main():gmm-est-fmllr.cc:143) For speaker AMI_TS3006c_H02_MTD022ID-23, auxf-impr from fMLLR is 0.0604996, over 1964 frames.
LOG (gmm-est-fmllr[5.4.105~1-4fda]:ComputeFmllrMatrixDiagGmmFull():fmllr-diag-gmm.cc:262) fMLLR objf improvement is 0.0516434 per frame over 2297 frames.
LOG (gmm-est-fmllr[5.4.105~1-4fda]:main():gmm-est-fmllr.cc:143) For speaker AMI_TS3006c_H02_MTD022ID-24, auxf-impr from fMLLR is 0.0516434, over 2297 frames.
LOG (gmm-est-fmllr[5.4.105~1-4fda]:ComputeFmllrMatrixDiagGmmFull():fmllr-diag-gmm.cc:262) fMLLR objf improvement is 0.0549233 per frame over 2373 frames.
LOG (gmm-est-fmllr[5.4.105~1-4fda]:main():gmm-est-fmllr.cc:143) For speaker AMI_TS3006c_H02_MTD022ID-25, auxf-impr from fMLLR is 0.0549233, over 2373 frames.
LOG (gmm-est-fmllr[5.4.105~1-4fda]:ComputeFmllrMatrixDiagGmmFull():fmllr-diag-gmm.cc:262) fMLLR objf improvement is 0.0517457 per frame over 2181 frames.
LOG (gmm-est-fmllr[5.4.105~1-4fda]:main():gmm-est-fmllr.cc:143) For speaker AMI_TS3006c_H02_MTD022ID-26, auxf-impr from fMLLR is 0.0517457, over 2181 frames.
LOG (gmm-est-fmllr[5.4.105~1-4fda]:ComputeFmllrMatrixDiagGmmFull():fmllr-diag-gmm.cc:262) fMLLR objf improvement is 0.0469098 per frame over 2132 frames.
LOG (gmm-est-fmllr[5.4.105~1-4fda]:main():gmm-est-fmllr.cc:143) For speaker AMI_TS3006c_H02_MTD022ID-27, auxf-impr from fMLLR is 0.0469098, over 2132 frames.
LOG (gmm-est-fmllr[5.4.105~1-4fda]:ComputeFmllrMatrixDiagGmmFull():fmllr-diag-gmm.cc:262) fMLLR objf improvement is 0.0518479 per frame over 2277 frames.
LOG (gmm-est-fmllr[5.4.105~1-4fda]:main():gmm-est-fmllr.cc:143) For speaker AMI_TS3006c_H02_MTD022ID-28, auxf-impr from fMLLR is 0.0518479, over 2277 frames.
LOG (gmm-est-fmllr[5.4.105~1-4fda]:ComputeFmllrMatrixDiagGmmFull():fmllr-diag-gmm.cc:262) fMLLR objf improvement is 0.0753801 per frame over 1823 frames.
LOG (gmm-est-fmllr[5.4.105~1-4fda]:main():gmm-est-fmllr.cc:143) For speaker AMI_TS3006c_H02_MTD022ID-29, auxf-impr from fMLLR is 0.0753801, over 1823 frames.
LOG (gmm-est-fmllr[5.4.105~1-4fda]:ComputeFmllrMatrixDiagGmmFull():fmllr-diag-gmm.cc:262) fMLLR objf improvement is 0.0495835 per frame over 2247 frames.
LOG (gmm-est-fmllr[5.4.105~1-4fda]:main():gmm-est-fmllr.cc:143) For speaker AMI_TS3006c_H02_MTD022ID-30, auxf-impr from fMLLR is 0.0495835, over 2247 frames.
LOG (gmm-est-fmllr[5.4.105~1-4fda]:ComputeFmllrMatrixDiagGmmFull():fmllr-diag-gmm.cc:262) fMLLR objf improvement is 0.0444133 per frame over 2070 frames.
LOG (gmm-est-fmllr[5.4.105~1-4fda]:main():gmm-est-fmllr.cc:143) For speaker AMI_TS3006c_H02_MTD022ID-31, auxf-impr from fMLLR is 0.0444133, over 2070 frames.
LOG (gmm-est-fmllr[5.4.105~1-4fda]:ComputeFmllrMatrixDiagGmmFull():fmllr-diag-gmm.cc:262) fMLLR objf improvement is 0.0398116 per frame over 2039 frames.
LOG (gmm-est-fmllr[5.4.105~1-4fda]:main():gmm-est-fmllr.cc:143) For speaker AMI_TS3006c_H02_MTD022ID-32, auxf-impr from fMLLR is 0.0398116, over 2039 frames.
LOG (gmm-est-fmllr[5.4.105~1-4fda]:ComputeFmllrMatrixDiagGmmFull():fmllr-diag-gmm.cc:262) fMLLR objf improvement is 0.0539401 per frame over 1756 frames.
LOG (gmm-est-fmllr[5.4.105~1-4fda]:main():gmm-est-fmllr.cc:143) For speaker AMI_TS3006c_H02_MTD022ID-33, auxf-impr from fMLLR is 0.0539401, over 1756 frames.
LOG (gmm-est-fmllr[5.4.105~1-4fda]:ComputeFmllrMatrixDiagGmmFull():fmllr-diag-gmm.cc:262) fMLLR objf improvement is 0.043802 per frame over 2010 frames.
LOG (gmm-est-fmllr[5.4.105~1-4fda]:main():gmm-est-fmllr.cc:143) For speaker AMI_TS3006c_H02_MTD022ID-34, auxf-impr from fMLLR is 0.043802, over 2010 frames.
LOG (gmm-est-fmllr[5.4.105~1-4fda]:ComputeFmllrMatrixDiagGmmFull():fmllr-diag-gmm.cc:262) fMLLR objf improvement is 0.0489809 per frame over 2090 frames.
LOG (gmm-est-fmllr[5.4.105~1-4fda]:main():gmm-est-fmllr.cc:143) For speaker AMI_TS3006c_H02_MTD022ID-35, auxf-impr from fMLLR is 0.0489809, over 2090 frames.
LOG (gmm-est-fmllr[5.4.105~1-4fda]:ComputeFmllrMatrixDiagGmmFull():fmllr-diag-gmm.cc:262) fMLLR objf improvement is 0.0538247 per frame over 1631 frames.
LOG (gmm-est-fmllr[5.4.105~1-4fda]:main():gmm-est-fmllr.cc:143) For speaker AMI_TS3006c_H02_MTD022ID-36, auxf-impr from fMLLR is 0.0538247, over 1631 frames.
LOG (gmm-est-fmllr[5.4.105~1-4fda]:ComputeFmllrMatrixDiagGmmFull():fmllr-diag-gmm.cc:262) fMLLR objf improvement is 0.0909281 per frame over 591 frames.
LOG (gmm-est-fmllr[5.4.105~1-4fda]:main():gmm-est-fmllr.cc:143) For speaker AMI_TS3006c_H02_MTD022ID-37, auxf-impr from fMLLR is 0.0909281, over 591 frames.
LOG (gmm-est-fmllr[5.4.105~1-4fda]:ComputeFmllrMatrixDiagGmmFull():fmllr-diag-gmm.cc:262) fMLLR objf improvement is 0.0541679 per frame over 1451 frames.
LOG (gmm-est-fmllr[5.4.105~1-4fda]:main():gmm-est-fmllr.cc:143) For speaker AMI_TS3006c_H03_MTD024ME-01, auxf-impr from fMLLR is 0.0541679, over 1451 frames.
LOG (gmm-est-fmllr[5.4.105~1-4fda]:ComputeFmllrMatrixDiagGmmFull():fmllr-diag-gmm.cc:262) fMLLR objf improvement is 0.0637096 per frame over 1949 frames.
LOG (gmm-est-fmllr[5.4.105~1-4fda]:main():gmm-est-fmllr.cc:143) For speaker AMI_TS3006c_H03_MTD024ME-02, auxf-impr from fMLLR is 0.0637096, over 1949 frames.
LOG (gmm-est-fmllr[5.4.105~1-4fda]:ComputeFmllrMatrixDiagGmmFull():fmllr-diag-gmm.cc:262) fMLLR objf improvement is 0.0515922 per frame over 2417 frames.
LOG (gmm-est-fmllr[5.4.105~1-4fda]:main():gmm-est-fmllr.cc:143) For speaker AMI_TS3006c_H03_MTD024ME-03, auxf-impr from fMLLR is 0.0515922, over 2417 frames.
LOG (gmm-est-fmllr[5.4.105~1-4fda]:ComputeFmllrMatrixDiagGmmFull():fmllr-diag-gmm.cc:262) fMLLR objf improvement is 0.0582084 per frame over 2354 frames.
LOG (gmm-est-fmllr[5.4.105~1-4fda]:main():gmm-est-fmllr.cc:143) For speaker AMI_TS3006c_H03_MTD024ME-04, auxf-impr from fMLLR is 0.0582084, over 2354 frames.
LOG (gmm-est-fmllr[5.4.105~1-4fda]:ComputeFmllrMatrixDiagGmmFull():fmllr-diag-gmm.cc:262) fMLLR objf improvement is 0.0625021 per frame over 2381 frames.
LOG (gmm-est-fmllr[5.4.105~1-4fda]:main():gmm-est-fmllr.cc:143) For speaker AMI_TS3006c_H03_MTD024ME-05, auxf-impr from fMLLR is 0.062502, over 2381 frames.
LOG (gmm-est-fmllr[5.4.105~1-4fda]:ComputeFmllrMatrixDiagGmmFull():fmllr-diag-gmm.cc:262) fMLLR objf improvement is 0.0563752 per frame over 2016 frames.
LOG (gmm-est-fmllr[5.4.105~1-4fda]:main():gmm-est-fmllr.cc:143) For speaker AMI_TS3006c_H03_MTD024ME-06, auxf-impr from fMLLR is 0.0563752, over 2016 frames.
LOG (gmm-est-fmllr[5.4.105~1-4fda]:ComputeFmllrMatrixDiagGmmFull():fmllr-diag-gmm.cc:262) fMLLR objf improvement is 0.0537919 per frame over 1953 frames.
LOG (gmm-est-fmllr[5.4.105~1-4fda]:main():gmm-est-fmllr.cc:143) For speaker AMI_TS3006c_H03_MTD024ME-07, auxf-impr from fMLLR is 0.0537919, over 1953 frames.
LOG (gmm-est-fmllr[5.4.105~1-4fda]:ComputeFmllrMatrixDiagGmmFull():fmllr-diag-gmm.cc:262) fMLLR objf improvement is 0.0599591 per frame over 1959 frames.
LOG (gmm-est-fmllr[5.4.105~1-4fda]:main():gmm-est-fmllr.cc:143) For speaker AMI_TS3006c_H03_MTD024ME-08, auxf-impr from fMLLR is 0.0599591, over 1959 frames.
LOG (gmm-est-fmllr[5.4.105~1-4fda]:ComputeFmllrMatrixDiagGmmFull():fmllr-diag-gmm.cc:262) fMLLR objf improvement is 0.0512927 per frame over 2104 frames.
LOG (gmm-est-fmllr[5.4.105~1-4fda]:main():gmm-est-fmllr.cc:143) For speaker AMI_TS3006c_H03_MTD024ME-09, auxf-impr from fMLLR is 0.0512927, over 2104 frames.
LOG (gmm-est-fmllr[5.4.105~1-4fda]:ComputeFmllrMatrixDiagGmmFull():fmllr-diag-gmm.cc:262) fMLLR objf improvement is 0.0624897 per frame over 1712 frames.
LOG (gmm-est-fmllr[5.4.105~1-4fda]:main():gmm-est-fmllr.cc:143) For speaker AMI_TS3006c_H03_MTD024ME-10, auxf-impr from fMLLR is 0.0624897, over 1712 frames.
LOG (gmm-est-fmllr[5.4.105~1-4fda]:ComputeFmllrMatrixDiagGmmFull():fmllr-diag-gmm.cc:262) fMLLR objf improvement is 0.0558074 per frame over 2153 frames.
LOG (gmm-est-fmllr[5.4.105~1-4fda]:main():gmm-est-fmllr.cc:143) For speaker AMI_TS3006c_H03_MTD024ME-11, auxf-impr from fMLLR is 0.0558074, over 2153 frames.
LOG (gmm-est-fmllr[5.4.105~1-4fda]:ComputeFmllrMatrixDiagGmmFull():fmllr-diag-gmm.cc:262) fMLLR objf improvement is 0.053444 per frame over 1979 frames.
LOG (gmm-est-fmllr[5.4.105~1-4fda]:main():gmm-est-fmllr.cc:143) For speaker AMI_TS3006c_H03_MTD024ME-12, auxf-impr from fMLLR is 0.053444, over 1979 frames.
LOG (gmm-est-fmllr[5.4.105~1-4fda]:ComputeFmllrMatrixDiagGmmFull():fmllr-diag-gmm.cc:262) fMLLR objf improvement is 0.0658674 per frame over 2296 frames.
LOG (gmm-est-fmllr[5.4.105~1-4fda]:main():gmm-est-fmllr.cc:143) For speaker AMI_TS3006c_H03_MTD024ME-13, auxf-impr from fMLLR is 0.0658674, over 2296 frames.
LOG (gmm-est-fmllr[5.4.105~1-4fda]:ComputeFmllrMatrixDiagGmmFull():fmllr-diag-gmm.cc:262) fMLLR objf improvement is 0.0623151 per frame over 2287 frames.
LOG (gmm-est-fmllr[5.4.105~1-4fda]:main():gmm-est-fmllr.cc:143) For speaker AMI_TS3006c_H03_MTD024ME-14, auxf-impr from fMLLR is 0.0623151, over 2287 frames.
LOG (gmm-est-fmllr[5.4.105~1-4fda]:ComputeFmllrMatrixDiagGmmFull():fmllr-diag-gmm.cc:262) fMLLR objf improvement is 0.0715788 per frame over 1958 frames.
LOG (gmm-est-fmllr[5.4.105~1-4fda]:main():gmm-est-fmllr.cc:143) For speaker AMI_TS3006c_H03_MTD024ME-15, auxf-impr from fMLLR is 0.0715788, over 1958 frames.
LOG (gmm-est-fmllr[5.4.105~1-4fda]:ComputeFmllrMatrixDiagGmmFull():fmllr-diag-gmm.cc:262) fMLLR objf improvement is 0.0615048 per frame over 2305 frames.
LOG (gmm-est-fmllr[5.4.105~1-4fda]:main():gmm-est-fmllr.cc:143) For speaker AMI_TS3006c_H03_MTD024ME-16, auxf-impr from fMLLR is 0.0615048, over 2305 frames.
LOG (gmm-est-fmllr[5.4.105~1-4fda]:ComputeFmllrMatrixDiagGmmFull():fmllr-diag-gmm.cc:262) fMLLR objf improvement is 0.051367 per frame over 1924 frames.
LOG (gmm-est-fmllr[5.4.105~1-4fda]:main():gmm-est-fmllr.cc:143) For speaker AMI_TS3006c_H03_MTD024ME-17, auxf-impr from fMLLR is 0.051367, over 1924 frames.
LOG (gmm-est-fmllr[5.4.105~1-4fda]:ComputeFmllrMatrixDiagGmmFull():fmllr-diag-gmm.cc:262) fMLLR objf improvement is 0.0605991 per frame over 2150 frames.
LOG (gmm-est-fmllr[5.4.105~1-4fda]:main():gmm-est-fmllr.cc:143) For speaker AMI_TS3006c_H03_MTD024ME-18, auxf-impr from fMLLR is 0.0605991, over 2150 frames.
LOG (gmm-est-fmllr[5.4.105~1-4fda]:ComputeFmllrMatrixDiagGmmFull():fmllr-diag-gmm.cc:262) fMLLR objf improvement is 0.0581826 per frame over 1917 frames.
LOG (gmm-est-fmllr[5.4.105~1-4fda]:main():gmm-est-fmllr.cc:143) For speaker AMI_TS3006c_H03_MTD024ME-19, auxf-impr from fMLLR is 0.0581826, over 1917 frames.
LOG (gmm-est-fmllr[5.4.105~1-4fda]:ComputeFmllrMatrixDiagGmmFull():fmllr-diag-gmm.cc:262) fMLLR objf improvement is 0.0600637 per frame over 2215 frames.
LOG (gmm-est-fmllr[5.4.105~1-4fda]:main():gmm-est-fmllr.cc:143) For speaker AMI_TS3006c_H03_MTD024ME-20, auxf-impr from fMLLR is 0.0600637, over 2215 frames.
LOG (gmm-est-fmllr[5.4.105~1-4fda]:ComputeFmllrMatrixDiagGmmFull():fmllr-diag-gmm.cc:262) fMLLR objf improvement is 0.0594172 per frame over 2009 frames.
LOG (gmm-est-fmllr[5.4.105~1-4fda]:main():gmm-est-fmllr.cc:143) For speaker AMI_TS3006c_H03_MTD024ME-21, auxf-impr from fMLLR is 0.0594172, over 2009 frames.
LOG (gmm-est-fmllr[5.4.105~1-4fda]:ComputeFmllrMatrixDiagGmmFull():fmllr-diag-gmm.cc:262) fMLLR objf improvement is 0.060977 per frame over 1923 frames.
LOG (gmm-est-fmllr[5.4.105~1-4fda]:main():gmm-est-fmllr.cc:143) For speaker AMI_TS3006c_H03_MTD024ME-22, auxf-impr from fMLLR is 0.060977, over 1923 frames.
LOG (gmm-est-fmllr[5.4.105~1-4fda]:ComputeFmllrMatrixDiagGmmFull():fmllr-diag-gmm.cc:262) fMLLR objf improvement is 0.0565321 per frame over 1971 frames.
LOG (gmm-est-fmllr[5.4.105~1-4fda]:main():gmm-est-fmllr.cc:143) For speaker AMI_TS3006c_H03_MTD024ME-23, auxf-impr from fMLLR is 0.0565321, over 1971 frames.
LOG (gmm-est-fmllr[5.4.105~1-4fda]:ComputeFmllrMatrixDiagGmmFull():fmllr-diag-gmm.cc:262) fMLLR objf improvement is 0.0500799 per frame over 2289 frames.
LOG (gmm-est-fmllr[5.4.105~1-4fda]:main():gmm-est-fmllr.cc:143) For speaker AMI_TS3006c_H03_MTD024ME-24, auxf-impr from fMLLR is 0.0500799, over 2289 frames.
LOG (gmm-est-fmllr[5.4.105~1-4fda]:ComputeFmllrMatrixDiagGmmFull():fmllr-diag-gmm.cc:262) fMLLR objf improvement is 0.0500021 per frame over 1593 frames.
LOG (gmm-est-fmllr[5.4.105~1-4fda]:main():gmm-est-fmllr.cc:143) For speaker AMI_TS3006c_H03_MTD024ME-25, auxf-impr from fMLLR is 0.0500021, over 1593 frames.
LOG (gmm-est-fmllr[5.4.105~1-4fda]:ComputeFmllrMatrixDiagGmmFull():fmllr-diag-gmm.cc:262) fMLLR objf improvement is 0.0521069 per frame over 1740 frames.
LOG (gmm-est-fmllr[5.4.105~1-4fda]:main():gmm-est-fmllr.cc:143) For speaker AMI_TS3006c_H03_MTD024ME-26, auxf-impr from fMLLR is 0.0521069, over 1740 frames.
LOG (gmm-est-fmllr[5.4.105~1-4fda]:ComputeFmllrMatrixDiagGmmFull():fmllr-diag-gmm.cc:262) fMLLR objf improvement is 0.0490017 per frame over 2110 frames.
LOG (gmm-est-fmllr[5.4.105~1-4fda]:main():gmm-est-fmllr.cc:143) For speaker AMI_TS3006c_H03_MTD024ME-27, auxf-impr from fMLLR is 0.0490017, over 2110 frames.
LOG (gmm-est-fmllr[5.4.105~1-4fda]:ComputeFmllrMatrixDiagGmmFull():fmllr-diag-gmm.cc:262) fMLLR objf improvement is 0.12743 per frame over 588 frames.
LOG (gmm-est-fmllr[5.4.105~1-4fda]:main():gmm-est-fmllr.cc:143) For speaker AMI_TS3006c_H03_MTD024ME-28, auxf-impr from fMLLR is 0.12743, over 588 frames.
LOG (gmm-est-fmllr[5.4.105~1-4fda]:ComputeFmllrMatrixDiagGmmFull():fmllr-diag-gmm.cc:262) fMLLR objf improvement is 0.0442789 per frame over 2333 frames.
LOG (gmm-est-fmllr[5.4.105~1-4fda]:main():gmm-est-fmllr.cc:143) For speaker AMI_TS3006d_H00_MTD021PM-01, auxf-impr from fMLLR is 0.0442789, over 2333 frames.
LOG (gmm-est-fmllr[5.4.105~1-4fda]:ComputeFmllrMatrixDiagGmmFull():fmllr-diag-gmm.cc:262) fMLLR objf improvement is 0.0835459 per frame over 2198 frames.
LOG (gmm-est-fmllr[5.4.105~1-4fda]:main():gmm-est-fmllr.cc:143) For speaker AMI_TS3006d_H00_MTD021PM-02, auxf-impr from fMLLR is 0.0835459, over 2198 frames.
LOG (gmm-est-fmllr[5.4.105~1-4fda]:ComputeFmllrMatrixDiagGmmFull():fmllr-diag-gmm.cc:262) fMLLR objf improvement is 0.056014 per frame over 1881 frames.
LOG (gmm-est-fmllr[5.4.105~1-4fda]:main():gmm-est-fmllr.cc:143) For speaker AMI_TS3006d_H00_MTD021PM-03, auxf-impr from fMLLR is 0.056014, over 1881 frames.
LOG (gmm-est-fmllr[5.4.105~1-4fda]:ComputeFmllrMatrixDiagGmmFull():fmllr-diag-gmm.cc:262) fMLLR objf improvement is 0.0656086 per frame over 2047 frames.
LOG (gmm-est-fmllr[5.4.105~1-4fda]:main():gmm-est-fmllr.cc:143) For speaker AMI_TS3006d_H00_MTD021PM-04, auxf-impr from fMLLR is 0.0656086, over 2047 frames.
LOG (gmm-est-fmllr[5.4.105~1-4fda]:ComputeFmllrMatrixDiagGmmFull():fmllr-diag-gmm.cc:262) fMLLR objf improvement is 0.0534843 per frame over 1986 frames.
LOG (gmm-est-fmllr[5.4.105~1-4fda]:main():gmm-est-fmllr.cc:143) For speaker AMI_TS3006d_H00_MTD021PM-05, auxf-impr from fMLLR is 0.0534843, over 1986 frames.
LOG (gmm-est-fmllr[5.4.105~1-4fda]:ComputeFmllrMatrixDiagGmmFull():fmllr-diag-gmm.cc:262) fMLLR objf improvement is 0.0556305 per frame over 2095 frames.
LOG (gmm-est-fmllr[5.4.105~1-4fda]:main():gmm-est-fmllr.cc:143) For speaker AMI_TS3006d_H00_MTD021PM-06, auxf-impr from fMLLR is 0.0556305, over 2095 frames.
LOG (gmm-est-fmllr[5.4.105~1-4fda]:ComputeFmllrMatrixDiagGmmFull():fmllr-diag-gmm.cc:262) fMLLR objf improvement is 0.0523362 per frame over 2156 frames.
LOG (gmm-est-fmllr[5.4.105~1-4fda]:main():gmm-est-fmllr.cc:143) For speaker AMI_TS3006d_H00_MTD021PM-07, auxf-impr from fMLLR is 0.0523362, over 2156 frames.
LOG (gmm-est-fmllr[5.4.105~1-4fda]:ComputeFmllrMatrixDiagGmmFull():fmllr-diag-gmm.cc:262) fMLLR objf improvement is 0.0470582 per frame over 2122 frames.
LOG (gmm-est-fmllr[5.4.105~1-4fda]:main():gmm-est-fmllr.cc:143) For speaker AMI_TS3006d_H00_MTD021PM-08, auxf-impr from fMLLR is 0.0470582, over 2122 frames.
LOG (gmm-est-fmllr[5.4.105~1-4fda]:ComputeFmllrMatrixDiagGmmFull():fmllr-diag-gmm.cc:262) fMLLR objf improvement is 0.0608674 per frame over 1938 frames.
LOG (gmm-est-fmllr[5.4.105~1-4fda]:main():gmm-est-fmllr.cc:143) For speaker AMI_TS3006d_H00_MTD021PM-09, auxf-impr from fMLLR is 0.0608674, over 1938 frames.
LOG (gmm-est-fmllr[5.4.105~1-4fda]:ComputeFmllrMatrixDiagGmmFull():fmllr-diag-gmm.cc:262) fMLLR objf improvement is 0.0573081 per frame over 1965 frames.
LOG (gmm-est-fmllr[5.4.105~1-4fda]:main():gmm-est-fmllr.cc:143) For speaker AMI_TS3006d_H00_MTD021PM-10, auxf-impr from fMLLR is 0.0573081, over 1965 frames.
LOG (gmm-est-fmllr[5.4.105~1-4fda]:ComputeFmllrMatrixDiagGmmFull():fmllr-diag-gmm.cc:262) fMLLR objf improvement is 0.120098 per frame over 741 frames.
LOG (gmm-est-fmllr[5.4.105~1-4fda]:main():gmm-est-fmllr.cc:143) For speaker AMI_TS3006d_H00_MTD021PM-11, auxf-impr from fMLLR is 0.120098, over 741 frames.
LOG (gmm-est-fmllr[5.4.105~1-4fda]:ComputeFmllrMatrixDiagGmmFull():fmllr-diag-gmm.cc:262) fMLLR objf improvement is 0.0399769 per frame over 2356 frames.
LOG (gmm-est-fmllr[5.4.105~1-4fda]:main():gmm-est-fmllr.cc:143) For speaker AMI_TS3006d_H00_MTD021PM-12, auxf-impr from fMLLR is 0.0399769, over 2356 frames.
LOG (gmm-est-fmllr[5.4.105~1-4fda]:ComputeFmllrMatrixDiagGmmFull():fmllr-diag-gmm.cc:262) fMLLR objf improvement is 0.0682352 per frame over 1825 frames.
LOG (gmm-est-fmllr[5.4.105~1-4fda]:main():gmm-est-fmllr.cc:143) For speaker AMI_TS3006d_H00_MTD021PM-13, auxf-impr from fMLLR is 0.0682352, over 1825 frames.
LOG (gmm-est-fmllr[5.4.105~1-4fda]:ComputeFmllrMatrixDiagGmmFull():fmllr-diag-gmm.cc:262) fMLLR objf improvement is 0.056976 per frame over 1389 frames.
LOG (gmm-est-fmllr[5.4.105~1-4fda]:main():gmm-est-fmllr.cc:143) For speaker AMI_TS3006d_H00_MTD021PM-14, auxf-impr from fMLLR is 0.056976, over 1389 frames.
LOG (gmm-est-fmllr[5.4.105~1-4fda]:ComputeFmllrMatrixDiagGmmFull():fmllr-diag-gmm.cc:262) fMLLR objf improvement is 0.046867 per frame over 1832 frames.
LOG (gmm-est-fmllr[5.4.105~1-4fda]:main():gmm-est-fmllr.cc:143) For speaker AMI_TS3006d_H00_MTD021PM-15, auxf-impr from fMLLR is 0.046867, over 1832 frames.
LOG (gmm-est-fmllr[5.4.105~1-4fda]:ComputeFmllrMatrixDiagGmmFull():fmllr-diag-gmm.cc:262) fMLLR objf improvement is 0.0768585 per frame over 1140 frames.
LOG (gmm-est-fmllr[5.4.105~1-4fda]:main():gmm-est-fmllr.cc:143) For speaker AMI_TS3006d_H00_MTD021PM-16, auxf-impr from fMLLR is 0.0768585, over 1140 frames.
LOG (gmm-est-fmllr[5.4.105~1-4fda]:ComputeFmllrMatrixDiagGmmFull():fmllr-diag-gmm.cc:262) fMLLR objf improvement is 0.0464016 per frame over 1611 frames.
LOG (gmm-est-fmllr[5.4.105~1-4fda]:main():gmm-est-fmllr.cc:143) For speaker AMI_TS3006d_H00_MTD021PM-17, auxf-impr from fMLLR is 0.0464016, over 1611 frames.
LOG (gmm-est-fmllr[5.4.105~1-4fda]:ComputeFmllrMatrixDiagGmmFull():fmllr-diag-gmm.cc:262) fMLLR objf improvement is 0.0528408 per frame over 1312 frames.
LOG (gmm-est-fmllr[5.4.105~1-4fda]:main():gmm-est-fmllr.cc:143) For speaker AMI_TS3006d_H00_MTD021PM-18, auxf-impr from fMLLR is 0.0528408, over 1312 frames.
LOG (gmm-est-fmllr[5.4.105~1-4fda]:ComputeFmllrMatrixDiagGmmFull():fmllr-diag-gmm.cc:262) fMLLR objf improvement is 0.0533191 per frame over 1508 frames.
LOG (gmm-est-fmllr[5.4.105~1-4fda]:main():gmm-est-fmllr.cc:143) For speaker AMI_TS3006d_H00_MTD021PM-19, auxf-impr from fMLLR is 0.0533191, over 1508 frames.
LOG (gmm-est-fmllr[5.4.105~1-4fda]:ComputeFmllrMatrixDiagGmmFull():fmllr-diag-gmm.cc:262) fMLLR objf improvement is 0.0922381 per frame over 1204 frames.
LOG (gmm-est-fmllr[5.4.105~1-4fda]:main():gmm-est-fmllr.cc:143) For speaker AMI_TS3006d_H00_MTD021PM-20, auxf-impr from fMLLR is 0.0922381, over 1204 frames.
LOG (gmm-est-fmllr[5.4.105~1-4fda]:ComputeFmllrMatrixDiagGmmFull():fmllr-diag-gmm.cc:262) fMLLR objf improvement is 0.0546391 per frame over 1878 frames.
LOG (gmm-est-fmllr[5.4.105~1-4fda]:main():gmm-est-fmllr.cc:143) For speaker AMI_TS3006d_H00_MTD021PM-21, auxf-impr from fMLLR is 0.0546391, over 1878 frames.
LOG (gmm-est-fmllr[5.4.105~1-4fda]:ComputeFmllrMatrixDiagGmmFull():fmllr-diag-gmm.cc:262) fMLLR objf improvement is 0.0549204 per frame over 1799 frames.
LOG (gmm-est-fmllr[5.4.105~1-4fda]:main():gmm-est-fmllr.cc:143) For speaker AMI_TS3006d_H00_MTD021PM-22, auxf-impr from fMLLR is 0.0549204, over 1799 frames.
LOG (gmm-est-fmllr[5.4.105~1-4fda]:ComputeFmllrMatrixDiagGmmFull():fmllr-diag-gmm.cc:262) fMLLR objf improvement is 0.0566757 per frame over 1475 frames.
LOG (gmm-est-fmllr[5.4.105~1-4fda]:main():gmm-est-fmllr.cc:143) For speaker AMI_TS3006d_H00_MTD021PM-23, auxf-impr from fMLLR is 0.0566757, over 1475 frames.
LOG (gmm-est-fmllr[5.4.105~1-4fda]:ComputeFmllrMatrixDiagGmmFull():fmllr-diag-gmm.cc:262) fMLLR objf improvement is 0.0501072 per frame over 2027 frames.
LOG (gmm-est-fmllr[5.4.105~1-4fda]:main():gmm-est-fmllr.cc:143) For speaker AMI_TS3006d_H00_MTD021PM-24, auxf-impr from fMLLR is 0.0501072, over 2027 frames.
LOG (gmm-est-fmllr[5.4.105~1-4fda]:ComputeFmllrMatrixDiagGmmFull():fmllr-diag-gmm.cc:262) fMLLR objf improvement is 0.0519069 per frame over 2149 frames.
LOG (gmm-est-fmllr[5.4.105~1-4fda]:main():gmm-est-fmllr.cc:143) For speaker AMI_TS3006d_H00_MTD021PM-25, auxf-impr from fMLLR is 0.0519069, over 2149 frames.
LOG (gmm-est-fmllr[5.4.105~1-4fda]:ComputeFmllrMatrixDiagGmmFull():fmllr-diag-gmm.cc:262) fMLLR objf improvement is 0.0645228 per frame over 1387 frames.
LOG (gmm-est-fmllr[5.4.105~1-4fda]:main():gmm-est-fmllr.cc:143) For speaker AMI_TS3006d_H00_MTD021PM-26, auxf-impr from fMLLR is 0.0645228, over 1387 frames.
LOG (gmm-est-fmllr[5.4.105~1-4fda]:ComputeFmllrMatrixDiagGmmFull():fmllr-diag-gmm.cc:262) fMLLR objf improvement is 0.095426 per frame over 1170 frames.
LOG (gmm-est-fmllr[5.4.105~1-4fda]:main():gmm-est-fmllr.cc:143) For speaker AMI_TS3006d_H00_MTD021PM-27, auxf-impr from fMLLR is 0.095426, over 1170 frames.
LOG (gmm-est-fmllr[5.4.105~1-4fda]:ComputeFmllrMatrixDiagGmmFull():fmllr-diag-gmm.cc:262) fMLLR objf improvement is 0.0401769 per frame over 2431 frames.
LOG (gmm-est-fmllr[5.4.105~1-4fda]:main():gmm-est-fmllr.cc:143) For speaker AMI_TS3006d_H00_MTD021PM-28, auxf-impr from fMLLR is 0.0401768, over 2431 frames.
LOG (gmm-est-fmllr[5.4.105~1-4fda]:ComputeFmllrMatrixDiagGmmFull():fmllr-diag-gmm.cc:262) fMLLR objf improvement is 0.0588173 per frame over 2341 frames.
LOG (gmm-est-fmllr[5.4.105~1-4fda]:main():gmm-est-fmllr.cc:143) For speaker AMI_TS3006d_H00_MTD021PM-29, auxf-impr from fMLLR is 0.0588173, over 2341 frames.
LOG (gmm-est-fmllr[5.4.105~1-4fda]:ComputeFmllrMatrixDiagGmmFull():fmllr-diag-gmm.cc:262) fMLLR objf improvement is 0.0483814 per frame over 1856 frames.
LOG (gmm-est-fmllr[5.4.105~1-4fda]:main():gmm-est-fmllr.cc:143) For speaker AMI_TS3006d_H00_MTD021PM-30, auxf-impr from fMLLR is 0.0483814, over 1856 frames.
WARNING (gmm-est-fmllr[5.4.105~1-4fda]:Update():fmllr-diag-gmm.cc:162) Not updating fMLLR since below min-count: count is 492
LOG (gmm-est-fmllr[5.4.105~1-4fda]:main():gmm-est-fmllr.cc:143) For speaker AMI_TS3006d_H00_MTD021PM-31, auxf-impr from fMLLR is 0, over 492 frames.
LOG (gmm-est-fmllr[5.4.105~1-4fda]:ComputeFmllrMatrixDiagGmmFull():fmllr-diag-gmm.cc:262) fMLLR objf improvement is 0.0442823 per frame over 2110 frames.
LOG (gmm-est-fmllr[5.4.105~1-4fda]:main():gmm-est-fmllr.cc:143) For speaker AMI_TS3006d_H01_MTD023UID-01, auxf-impr from fMLLR is 0.0442823, over 2110 frames.
LOG (gmm-est-fmllr[5.4.105~1-4fda]:ComputeFmllrMatrixDiagGmmFull():fmllr-diag-gmm.cc:262) fMLLR objf improvement is 0.0440694 per frame over 2038 frames.
LOG (gmm-est-fmllr[5.4.105~1-4fda]:main():gmm-est-fmllr.cc:143) For speaker AMI_TS3006d_H01_MTD023UID-02, auxf-impr from fMLLR is 0.0440694, over 2038 frames.
LOG (gmm-est-fmllr[5.4.105~1-4fda]:ComputeFmllrMatrixDiagGmmFull():fmllr-diag-gmm.cc:262) fMLLR objf improvement is 0.0578629 per frame over 2170 frames.
LOG (gmm-est-fmllr[5.4.105~1-4fda]:main():gmm-est-fmllr.cc:143) For speaker AMI_TS3006d_H01_MTD023UID-03, auxf-impr from fMLLR is 0.0578629, over 2170 frames.
LOG (gmm-est-fmllr[5.4.105~1-4fda]:ComputeFmllrMatrixDiagGmmFull():fmllr-diag-gmm.cc:262) fMLLR objf improvement is 0.0455988 per frame over 1910 frames.
LOG (gmm-est-fmllr[5.4.105~1-4fda]:main():gmm-est-fmllr.cc:143) For speaker AMI_TS3006d_H01_MTD023UID-04, auxf-impr from fMLLR is 0.0455988, over 1910 frames.
LOG (gmm-est-fmllr[5.4.105~1-4fda]:ComputeFmllrMatrixDiagGmmFull():fmllr-diag-gmm.cc:262) fMLLR objf improvement is 0.0513525 per frame over 2094 frames.
LOG (gmm-est-fmllr[5.4.105~1-4fda]:main():gmm-est-fmllr.cc:143) For speaker AMI_TS3006d_H01_MTD023UID-05, auxf-impr from fMLLR is 0.0513525, over 2094 frames.
LOG (gmm-est-fmllr[5.4.105~1-4fda]:ComputeFmllrMatrixDiagGmmFull():fmllr-diag-gmm.cc:262) fMLLR objf improvement is 0.0446733 per frame over 2082 frames.
LOG (gmm-est-fmllr[5.4.105~1-4fda]:main():gmm-est-fmllr.cc:143) For speaker AMI_TS3006d_H01_MTD023UID-06, auxf-impr from fMLLR is 0.0446733, over 2082 frames.
LOG (gmm-est-fmllr[5.4.105~1-4fda]:ComputeFmllrMatrixDiagGmmFull():fmllr-diag-gmm.cc:262) fMLLR objf improvement is 0.0593118 per frame over 1564 frames.
LOG (gmm-est-fmllr[5.4.105~1-4fda]:main():gmm-est-fmllr.cc:143) For speaker AMI_TS3006d_H01_MTD023UID-07, auxf-impr from fMLLR is 0.0593118, over 1564 frames.
LOG (gmm-est-fmllr[5.4.105~1-4fda]:ComputeFmllrMatrixDiagGmmFull():fmllr-diag-gmm.cc:262) fMLLR objf improvement is 0.0415132 per frame over 2155 frames.
LOG (gmm-est-fmllr[5.4.105~1-4fda]:main():gmm-est-fmllr.cc:143) For speaker AMI_TS3006d_H01_MTD023UID-08, auxf-impr from fMLLR is 0.0415132, over 2155 frames.
LOG (gmm-est-fmllr[5.4.105~1-4fda]:ComputeFmllrMatrixDiagGmmFull():fmllr-diag-gmm.cc:262) fMLLR objf improvement is 0.060369 per frame over 1224 frames.
LOG (gmm-est-fmllr[5.4.105~1-4fda]:main():gmm-est-fmllr.cc:143) For speaker AMI_TS3006d_H01_MTD023UID-09, auxf-impr from fMLLR is 0.060369, over 1224 frames.
LOG (gmm-est-fmllr[5.4.105~1-4fda]:ComputeFmllrMatrixDiagGmmFull():fmllr-diag-gmm.cc:262) fMLLR objf improvement is 0.0474339 per frame over 1985 frames.
LOG (gmm-est-fmllr[5.4.105~1-4fda]:main():gmm-est-fmllr.cc:143) For speaker AMI_TS3006d_H01_MTD023UID-10, auxf-impr from fMLLR is 0.0474339, over 1985 frames.
LOG (gmm-est-fmllr[5.4.105~1-4fda]:ComputeFmllrMatrixDiagGmmFull():fmllr-diag-gmm.cc:262) fMLLR objf improvement is 0.0526262 per frame over 2040 frames.
LOG (gmm-est-fmllr[5.4.105~1-4fda]:main():gmm-est-fmllr.cc:143) For speaker AMI_TS3006d_H01_MTD023UID-11, auxf-impr from fMLLR is 0.0526262, over 2040 frames.
LOG (gmm-est-fmllr[5.4.105~1-4fda]:ComputeFmllrMatrixDiagGmmFull():fmllr-diag-gmm.cc:262) fMLLR objf improvement is 0.0453955 per frame over 1532 frames.
LOG (gmm-est-fmllr[5.4.105~1-4fda]:main():gmm-est-fmllr.cc:143) For speaker AMI_TS3006d_H01_MTD023UID-12, auxf-impr from fMLLR is 0.0453955, over 1532 frames.
LOG (gmm-est-fmllr[5.4.105~1-4fda]:ComputeFmllrMatrixDiagGmmFull():fmllr-diag-gmm.cc:262) fMLLR objf improvement is 0.0543612 per frame over 1619 frames.
LOG (gmm-est-fmllr[5.4.105~1-4fda]:main():gmm-est-fmllr.cc:143) For speaker AMI_TS3006d_H01_MTD023UID-13, auxf-impr from fMLLR is 0.0543612, over 1619 frames.
LOG (gmm-est-fmllr[5.4.105~1-4fda]:ComputeFmllrMatrixDiagGmmFull():fmllr-diag-gmm.cc:262) fMLLR objf improvement is 0.0438008 per frame over 1946 frames.
LOG (gmm-est-fmllr[5.4.105~1-4fda]:main():gmm-est-fmllr.cc:143) For speaker AMI_TS3006d_H01_MTD023UID-14, auxf-impr from fMLLR is 0.0438008, over 1946 frames.
LOG (gmm-est-fmllr[5.4.105~1-4fda]:ComputeFmllrMatrixDiagGmmFull():fmllr-diag-gmm.cc:262) fMLLR objf improvement is 0.0535151 per frame over 1915 frames.
LOG (gmm-est-fmllr[5.4.105~1-4fda]:main():gmm-est-fmllr.cc:143) For speaker AMI_TS3006d_H01_MTD023UID-15, auxf-impr from fMLLR is 0.0535151, over 1915 frames.
LOG (gmm-est-fmllr[5.4.105~1-4fda]:ComputeFmllrMatrixDiagGmmFull():fmllr-diag-gmm.cc:262) fMLLR objf improvement is 0.0679517 per frame over 830 frames.
LOG (gmm-est-fmllr[5.4.105~1-4fda]:main():gmm-est-fmllr.cc:143) For speaker AMI_TS3006d_H01_MTD023UID-16, auxf-impr from fMLLR is 0.0679517, over 830 frames.
LOG (gmm-est-fmllr[5.4.105~1-4fda]:ComputeFmllrMatrixDiagGmmFull():fmllr-diag-gmm.cc:262) fMLLR objf improvement is 0.0458164 per frame over 2405 frames.
LOG (gmm-est-fmllr[5.4.105~1-4fda]:main():gmm-est-fmllr.cc:143) For speaker AMI_TS3006d_H02_MTD022ID-01, auxf-impr from fMLLR is 0.0458164, over 2405 frames.
LOG (gmm-est-fmllr[5.4.105~1-4fda]:ComputeFmllrMatrixDiagGmmFull():fmllr-diag-gmm.cc:262) fMLLR objf improvement is 0.0608774 per frame over 2482 frames.
LOG (gmm-est-fmllr[5.4.105~1-4fda]:main():gmm-est-fmllr.cc:143) For speaker AMI_TS3006d_H02_MTD022ID-02, auxf-impr from fMLLR is 0.0608774, over 2482 frames.
LOG (gmm-est-fmllr[5.4.105~1-4fda]:ComputeFmllrMatrixDiagGmmFull():fmllr-diag-gmm.cc:262) fMLLR objf improvement is 0.0402401 per frame over 2390 frames.
LOG (gmm-est-fmllr[5.4.105~1-4fda]:main():gmm-est-fmllr.cc:143) For speaker AMI_TS3006d_H02_MTD022ID-03, auxf-impr from fMLLR is 0.0402401, over 2390 frames.
LOG (gmm-est-fmllr[5.4.105~1-4fda]:ComputeFmllrMatrixDiagGmmFull():fmllr-diag-gmm.cc:262) fMLLR objf improvement is 0.050078 per frame over 2169 frames.
LOG (gmm-est-fmllr[5.4.105~1-4fda]:main():gmm-est-fmllr.cc:143) For speaker AMI_TS3006d_H02_MTD022ID-04, auxf-impr from fMLLR is 0.050078, over 2169 frames.
LOG (gmm-est-fmllr[5.4.105~1-4fda]:ComputeFmllrMatrixDiagGmmFull():fmllr-diag-gmm.cc:262) fMLLR objf improvement is 0.0436071 per frame over 2232 frames.
LOG (gmm-est-fmllr[5.4.105~1-4fda]:main():gmm-est-fmllr.cc:143) For speaker AMI_TS3006d_H02_MTD022ID-05, auxf-impr from fMLLR is 0.0436071, over 2232 frames.
LOG (gmm-est-fmllr[5.4.105~1-4fda]:ComputeFmllrMatrixDiagGmmFull():fmllr-diag-gmm.cc:262) fMLLR objf improvement is 0.0462693 per frame over 2238 frames.
LOG (gmm-est-fmllr[5.4.105~1-4fda]:main():gmm-est-fmllr.cc:143) For speaker AMI_TS3006d_H02_MTD022ID-06, auxf-impr from fMLLR is 0.0462693, over 2238 frames.
LOG (gmm-est-fmllr[5.4.105~1-4fda]:ComputeFmllrMatrixDiagGmmFull():fmllr-diag-gmm.cc:262) fMLLR objf improvement is 0.0537007 per frame over 2089 frames.
LOG (gmm-est-fmllr[5.4.105~1-4fda]:main():gmm-est-fmllr.cc:143) For speaker AMI_TS3006d_H02_MTD022ID-07, auxf-impr from fMLLR is 0.0537007, over 2089 frames.
LOG (gmm-est-fmllr[5.4.105~1-4fda]:ComputeFmllrMatrixDiagGmmFull():fmllr-diag-gmm.cc:262) fMLLR objf improvement is 0.0496027 per frame over 1818 frames.
LOG (gmm-est-fmllr[5.4.105~1-4fda]:main():gmm-est-fmllr.cc:143) For speaker AMI_TS3006d_H02_MTD022ID-08, auxf-impr from fMLLR is 0.0496027, over 1818 frames.
LOG (gmm-est-fmllr[5.4.105~1-4fda]:ComputeFmllrMatrixDiagGmmFull():fmllr-diag-gmm.cc:262) fMLLR objf improvement is 0.042847 per frame over 2101 frames.
LOG (gmm-est-fmllr[5.4.105~1-4fda]:main():gmm-est-fmllr.cc:143) For speaker AMI_TS3006d_H02_MTD022ID-09, auxf-impr from fMLLR is 0.042847, over 2101 frames.
LOG (gmm-est-fmllr[5.4.105~1-4fda]:ComputeFmllrMatrixDiagGmmFull():fmllr-diag-gmm.cc:262) fMLLR objf improvement is 0.0512985 per frame over 1971 frames.
LOG (gmm-est-fmllr[5.4.105~1-4fda]:main():gmm-est-fmllr.cc:143) For speaker AMI_TS3006d_H02_MTD022ID-10, auxf-impr from fMLLR is 0.0512985, over 1971 frames.
LOG (gmm-est-fmllr[5.4.105~1-4fda]:ComputeFmllrMatrixDiagGmmFull():fmllr-diag-gmm.cc:262) fMLLR objf improvement is 0.0606406 per frame over 1760 frames.
LOG (gmm-est-fmllr[5.4.105~1-4fda]:main():gmm-est-fmllr.cc:143) For speaker AMI_TS3006d_H02_MTD022ID-11, auxf-impr from fMLLR is 0.0606406, over 1760 frames.
LOG (gmm-est-fmllr[5.4.105~1-4fda]:ComputeFmllrMatrixDiagGmmFull():fmllr-diag-gmm.cc:262) fMLLR objf improvement is 0.0452971 per frame over 2371 frames.
LOG (gmm-est-fmllr[5.4.105~1-4fda]:main():gmm-est-fmllr.cc:143) For speaker AMI_TS3006d_H02_MTD022ID-12, auxf-impr from fMLLR is 0.0452971, over 2371 frames.
LOG (gmm-est-fmllr[5.4.105~1-4fda]:ComputeFmllrMatrixDiagGmmFull():fmllr-diag-gmm.cc:262) fMLLR objf improvement is 0.0435193 per frame over 2100 frames.
LOG (gmm-est-fmllr[5.4.105~1-4fda]:main():gmm-est-fmllr.cc:143) For speaker AMI_TS3006d_H02_MTD022ID-13, auxf-impr from fMLLR is 0.0435193, over 2100 frames.
LOG (gmm-est-fmllr[5.4.105~1-4fda]:ComputeFmllrMatrixDiagGmmFull():fmllr-diag-gmm.cc:262) fMLLR objf improvement is 0.0471382 per frame over 1703 frames.
LOG (gmm-est-fmllr[5.4.105~1-4fda]:main():gmm-est-fmllr.cc:143) For speaker AMI_TS3006d_H02_MTD022ID-14, auxf-impr from fMLLR is 0.0471382, over 1703 frames.
LOG (gmm-est-fmllr[5.4.105~1-4fda]:ComputeFmllrMatrixDiagGmmFull():fmllr-diag-gmm.cc:262) fMLLR objf improvement is 0.0510082 per frame over 2160 frames.
LOG (gmm-est-fmllr[5.4.105~1-4fda]:main():gmm-est-fmllr.cc:143) For speaker AMI_TS3006d_H02_MTD022ID-15, auxf-impr from fMLLR is 0.0510082, over 2160 frames.
LOG (gmm-est-fmllr[5.4.105~1-4fda]:ComputeFmllrMatrixDiagGmmFull():fmllr-diag-gmm.cc:262) fMLLR objf improvement is 0.0559783 per frame over 2191 frames.
LOG (gmm-est-fmllr[5.4.105~1-4fda]:main():gmm-est-fmllr.cc:143) For speaker AMI_TS3006d_H02_MTD022ID-16, auxf-impr from fMLLR is 0.0559783, over 2191 frames.
LOG (gmm-est-fmllr[5.4.105~1-4fda]:ComputeFmllrMatrixDiagGmmFull():fmllr-diag-gmm.cc:262) fMLLR objf improvement is 0.0417722 per frame over 2419 frames.
LOG (gmm-est-fmllr[5.4.105~1-4fda]:main():gmm-est-fmllr.cc:143) For speaker AMI_TS3006d_H02_MTD022ID-17, auxf-impr from fMLLR is 0.0417722, over 2419 frames.
LOG (gmm-est-fmllr[5.4.105~1-4fda]:ComputeFmllrMatrixDiagGmmFull():fmllr-diag-gmm.cc:262) fMLLR objf improvement is 0.0522428 per frame over 1756 frames.
LOG (gmm-est-fmllr[5.4.105~1-4fda]:main():gmm-est-fmllr.cc:143) For speaker AMI_TS3006d_H02_MTD022ID-18, auxf-impr from fMLLR is 0.0522428, over 1756 frames.
LOG (gmm-est-fmllr[5.4.105~1-4fda]:ComputeFmllrMatrixDiagGmmFull():fmllr-diag-gmm.cc:262) fMLLR objf improvement is 0.0379334 per frame over 2100 frames.
LOG (gmm-est-fmllr[5.4.105~1-4fda]:main():gmm-est-fmllr.cc:143) For speaker AMI_TS3006d_H02_MTD022ID-19, auxf-impr from fMLLR is 0.0379334, over 2100 frames.
LOG (gmm-est-fmllr[5.4.105~1-4fda]:ComputeFmllrMatrixDiagGmmFull():fmllr-diag-gmm.cc:262) fMLLR objf improvement is 0.0570308 per frame over 2135 frames.
LOG (gmm-est-fmllr[5.4.105~1-4fda]:main():gmm-est-fmllr.cc:143) For speaker AMI_TS3006d_H02_MTD022ID-20, auxf-impr from fMLLR is 0.0570308, over 2135 frames.
LOG (gmm-est-fmllr[5.4.105~1-4fda]:ComputeFmllrMatrixDiagGmmFull():fmllr-diag-gmm.cc:262) fMLLR objf improvement is 0.0410948 per frame over 2098 frames.
LOG (gmm-est-fmllr[5.4.105~1-4fda]:main():gmm-est-fmllr.cc:143) For speaker AMI_TS3006d_H02_MTD022ID-21, auxf-impr from fMLLR is 0.0410948, over 2098 frames.
LOG (gmm-est-fmllr[5.4.105~1-4fda]:ComputeFmllrMatrixDiagGmmFull():fmllr-diag-gmm.cc:262) fMLLR objf improvement is 0.0487736 per frame over 1792 frames.
LOG (gmm-est-fmllr[5.4.105~1-4fda]:main():gmm-est-fmllr.cc:143) For speaker AMI_TS3006d_H02_MTD022ID-22, auxf-impr from fMLLR is 0.0487736, over 1792 frames.
LOG (gmm-est-fmllr[5.4.105~1-4fda]:ComputeFmllrMatrixDiagGmmFull():fmllr-diag-gmm.cc:262) fMLLR objf improvement is 0.0446095 per frame over 2376 frames.
LOG (gmm-est-fmllr[5.4.105~1-4fda]:main():gmm-est-fmllr.cc:143) For speaker AMI_TS3006d_H02_MTD022ID-23, auxf-impr from fMLLR is 0.0446095, over 2376 frames.
LOG (gmm-est-fmllr[5.4.105~1-4fda]:ComputeFmllrMatrixDiagGmmFull():fmllr-diag-gmm.cc:262) fMLLR objf improvement is 0.0559612 per frame over 1893 frames.
LOG (gmm-est-fmllr[5.4.105~1-4fda]:main():gmm-est-fmllr.cc:143) For speaker AMI_TS3006d_H02_MTD022ID-24, auxf-impr from fMLLR is 0.0559612, over 1893 frames.
LOG (gmm-est-fmllr[5.4.105~1-4fda]:ComputeFmllrMatrixDiagGmmFull():fmllr-diag-gmm.cc:262) fMLLR objf improvement is 0.053592 per frame over 2266 frames.
LOG (gmm-est-fmllr[5.4.105~1-4fda]:main():gmm-est-fmllr.cc:143) For speaker AMI_TS3006d_H02_MTD022ID-25, auxf-impr from fMLLR is 0.053592, over 2266 frames.
LOG (gmm-est-fmllr[5.4.105~1-4fda]:ComputeFmllrMatrixDiagGmmFull():fmllr-diag-gmm.cc:262) fMLLR objf improvement is 0.0588307 per frame over 1352 frames.
LOG (gmm-est-fmllr[5.4.105~1-4fda]:main():gmm-est-fmllr.cc:143) For speaker AMI_TS3006d_H02_MTD022ID-26, auxf-impr from fMLLR is 0.0588307, over 1352 frames.
LOG (gmm-est-fmllr[5.4.105~1-4fda]:ComputeFmllrMatrixDiagGmmFull():fmllr-diag-gmm.cc:262) fMLLR objf improvement is 0.0476219 per frame over 2075 frames.
LOG (gmm-est-fmllr[5.4.105~1-4fda]:main():gmm-est-fmllr.cc:143) For speaker AMI_TS3006d_H03_MTD024ME-01, auxf-impr from fMLLR is 0.0476219, over 2075 frames.
LOG (gmm-est-fmllr[5.4.105~1-4fda]:ComputeFmllrMatrixDiagGmmFull():fmllr-diag-gmm.cc:262) fMLLR objf improvement is 0.0469803 per frame over 2551 frames.
LOG (gmm-est-fmllr[5.4.105~1-4fda]:main():gmm-est-fmllr.cc:143) For speaker AMI_TS3006d_H03_MTD024ME-02, auxf-impr from fMLLR is 0.0469803, over 2551 frames.
LOG (gmm-est-fmllr[5.4.105~1-4fda]:ComputeFmllrMatrixDiagGmmFull():fmllr-diag-gmm.cc:262) fMLLR objf improvement is 0.0504817 per frame over 2419 frames.
LOG (gmm-est-fmllr[5.4.105~1-4fda]:main():gmm-est-fmllr.cc:143) For speaker AMI_TS3006d_H03_MTD024ME-03, auxf-impr from fMLLR is 0.0504817, over 2419 frames.
LOG (gmm-est-fmllr[5.4.105~1-4fda]:ComputeFmllrMatrixDiagGmmFull():fmllr-diag-gmm.cc:262) fMLLR objf improvement is 0.061229 per frame over 2335 frames.
LOG (gmm-est-fmllr[5.4.105~1-4fda]:main():gmm-est-fmllr.cc:143) For speaker AMI_TS3006d_H03_MTD024ME-04, auxf-impr from fMLLR is 0.061229, over 2335 frames.
LOG (gmm-est-fmllr[5.4.105~1-4fda]:ComputeFmllrMatrixDiagGmmFull():fmllr-diag-gmm.cc:262) fMLLR objf improvement is 0.0651099 per frame over 2165 frames.
LOG (gmm-est-fmllr[5.4.105~1-4fda]:main():gmm-est-fmllr.cc:143) For speaker AMI_TS3006d_H03_MTD024ME-05, auxf-impr from fMLLR is 0.0651099, over 2165 frames.
LOG (gmm-est-fmllr[5.4.105~1-4fda]:ComputeFmllrMatrixDiagGmmFull():fmllr-diag-gmm.cc:262) fMLLR objf improvement is 0.0613941 per frame over 2424 frames.
LOG (gmm-est-fmllr[5.4.105~1-4fda]:main():gmm-est-fmllr.cc:143) For speaker AMI_TS3006d_H03_MTD024ME-06, auxf-impr from fMLLR is 0.0613941, over 2424 frames.
LOG (gmm-est-fmllr[5.4.105~1-4fda]:ComputeFmllrMatrixDiagGmmFull():fmllr-diag-gmm.cc:262) fMLLR objf improvement is 0.0575283 per frame over 2077 frames.
LOG (gmm-est-fmllr[5.4.105~1-4fda]:main():gmm-est-fmllr.cc:143) For speaker AMI_TS3006d_H03_MTD024ME-07, auxf-impr from fMLLR is 0.0575283, over 2077 frames.
LOG (gmm-est-fmllr[5.4.105~1-4fda]:ComputeFmllrMatrixDiagGmmFull():fmllr-diag-gmm.cc:262) fMLLR objf improvement is 0.0431047 per frame over 2011 frames.
LOG (gmm-est-fmllr[5.4.105~1-4fda]:main():gmm-est-fmllr.cc:143) For speaker AMI_TS3006d_H03_MTD024ME-08, auxf-impr from fMLLR is 0.0431047, over 2011 frames.
LOG (gmm-est-fmllr[5.4.105~1-4fda]:ComputeFmllrMatrixDiagGmmFull():fmllr-diag-gmm.cc:262) fMLLR objf improvement is 0.0453288 per frame over 2282 frames.
LOG (gmm-est-fmllr[5.4.105~1-4fda]:main():gmm-est-fmllr.cc:143) For speaker AMI_TS3006d_H03_MTD024ME-09, auxf-impr from fMLLR is 0.0453288, over 2282 frames.
LOG (gmm-est-fmllr[5.4.105~1-4fda]:ComputeFmllrMatrixDiagGmmFull():fmllr-diag-gmm.cc:262) fMLLR objf improvement is 0.0487648 per frame over 2143 frames.
LOG (gmm-est-fmllr[5.4.105~1-4fda]:main():gmm-est-fmllr.cc:143) For speaker AMI_TS3006d_H03_MTD024ME-10, auxf-impr from fMLLR is 0.0487648, over 2143 frames.
LOG (gmm-est-fmllr[5.4.105~1-4fda]:ComputeFmllrMatrixDiagGmmFull():fmllr-diag-gmm.cc:262) fMLLR objf improvement is 0.0455546 per frame over 2238 frames.
LOG (gmm-est-fmllr[5.4.105~1-4fda]:main():gmm-est-fmllr.cc:143) For speaker AMI_TS3006d_H03_MTD024ME-11, auxf-impr from fMLLR is 0.0455546, over 2238 frames.
LOG (gmm-est-fmllr[5.4.105~1-4fda]:ComputeFmllrMatrixDiagGmmFull():fmllr-diag-gmm.cc:262) fMLLR objf improvement is 0.0506718 per frame over 2169 frames.
LOG (gmm-est-fmllr[5.4.105~1-4fda]:main():gmm-est-fmllr.cc:143) For speaker AMI_TS3006d_H03_MTD024ME-12, auxf-impr from fMLLR is 0.0506718, over 2169 frames.
LOG (gmm-est-fmllr[5.4.105~1-4fda]:ComputeFmllrMatrixDiagGmmFull():fmllr-diag-gmm.cc:262) fMLLR objf improvement is 0.0544024 per frame over 1853 frames.
LOG (gmm-est-fmllr[5.4.105~1-4fda]:main():gmm-est-fmllr.cc:143) For speaker AMI_TS3006d_H03_MTD024ME-13, auxf-impr from fMLLR is 0.0544024, over 1853 frames.
LOG (gmm-est-fmllr[5.4.105~1-4fda]:ComputeFmllrMatrixDiagGmmFull():fmllr-diag-gmm.cc:262) fMLLR objf improvement is 0.0508257 per frame over 2241 frames.
LOG (gmm-est-fmllr[5.4.105~1-4fda]:main():gmm-est-fmllr.cc:143) For speaker AMI_TS3006d_H03_MTD024ME-14, auxf-impr from fMLLR is 0.0508257, over 2241 frames.
LOG (gmm-est-fmllr[5.4.105~1-4fda]:ComputeFmllrMatrixDiagGmmFull():fmllr-diag-gmm.cc:262) fMLLR objf improvement is 0.051675 per frame over 2147 frames.
LOG (gmm-est-fmllr[5.4.105~1-4fda]:main():gmm-est-fmllr.cc:143) For speaker AMI_TS3006d_H03_MTD024ME-15, auxf-impr from fMLLR is 0.051675, over 2147 frames.
LOG (gmm-est-fmllr[5.4.105~1-4fda]:ComputeFmllrMatrixDiagGmmFull():fmllr-diag-gmm.cc:262) fMLLR objf improvement is 0.0521313 per frame over 2450 frames.
LOG (gmm-est-fmllr[5.4.105~1-4fda]:main():gmm-est-fmllr.cc:143) For speaker AMI_TS3006d_H03_MTD024ME-16, auxf-impr from fMLLR is 0.0521313, over 2450 frames.
LOG (gmm-est-fmllr[5.4.105~1-4fda]:ComputeFmllrMatrixDiagGmmFull():fmllr-diag-gmm.cc:262) fMLLR objf improvement is 0.0511004 per frame over 1888 frames.
LOG (gmm-est-fmllr[5.4.105~1-4fda]:main():gmm-est-fmllr.cc:143) For speaker AMI_TS3006d_H03_MTD024ME-17, auxf-impr from fMLLR is 0.0511004, over 1888 frames.
LOG (gmm-est-fmllr[5.4.105~1-4fda]:ComputeFmllrMatrixDiagGmmFull():fmllr-diag-gmm.cc:262) fMLLR objf improvement is 0.0714924 per frame over 1614 frames.
LOG (gmm-est-fmllr[5.4.105~1-4fda]:main():gmm-est-fmllr.cc:143) For speaker AMI_TS3006d_H03_MTD024ME-18, auxf-impr from fMLLR is 0.0714924, over 1614 frames.
LOG (gmm-est-fmllr[5.4.105~1-4fda]:ComputeFmllrMatrixDiagGmmFull():fmllr-diag-gmm.cc:262) fMLLR objf improvement is 0.0493315 per frame over 2064 frames.
LOG (gmm-est-fmllr[5.4.105~1-4fda]:main():gmm-est-fmllr.cc:143) For speaker AMI_TS3006d_H03_MTD024ME-19, auxf-impr from fMLLR is 0.0493315, over 2064 frames.
LOG (apply-cmvn[5.4.105~1-4fda]:main():apply-cmvn.cc:162) Applied cepstral mean normalization to 4118 utterances, errors on 0
LOG (gmm-est-fmllr[5.4.105~1-4fda]:ComputeFmllrMatrixDiagGmmFull():fmllr-diag-gmm.cc:262) fMLLR objf improvement is 0.0627197 per frame over 2134 frames.
LOG (gmm-est-fmllr[5.4.105~1-4fda]:main():gmm-est-fmllr.cc:143) For speaker AMI_TS3006d_H03_MTD024ME-20, auxf-impr from fMLLR is 0.0627197, over 2134 frames.
LOG (transform-feats[5.4.105~1-4fda]:main():transform-feats.cc:158) Overall average [pseudo-]logdet is -92.7184 over 824972 frames.
LOG (transform-feats[5.4.105~1-4fda]:main():transform-feats.cc:161) Applied transform to 4118 utterances; 0 had errors.
LOG (transform-feats[5.4.105~1-4fda]:main():transform-feats.cc:158) Overall average logdet is 4.66672 over 824972 frames.
LOG (transform-feats[5.4.105~1-4fda]:main():transform-feats.cc:161) Applied transform to 4118 utterances; 0 had errors.
LOG (gmm-est-fmllr[5.4.105~1-4fda]:ComputeFmllrMatrixDiagGmmFull():fmllr-diag-gmm.cc:262) fMLLR objf improvement is 0.0568518 per frame over 1831 frames.
LOG (gmm-est-fmllr[5.4.105~1-4fda]:main():gmm-est-fmllr.cc:143) For speaker AMI_TS3006d_H03_MTD024ME-21, auxf-impr from fMLLR is 0.0568518, over 1831 frames.
LOG (gmm-est-fmllr[5.4.105~1-4fda]:main():gmm-est-fmllr.cc:188) Done 4117 files, 1 with no posts, 0 with other errors.
LOG (gmm-est-fmllr[5.4.105~1-4fda]:main():gmm-est-fmllr.cc:190) Overall fMLLR auxf impr per frame is 0.0538441 over 599557 frames.
# Accounting: time=99 threads=1
# Ended (code 0) at Thu Nov  1 02:07:00 EDT 2018, elapsed time 99 seconds
