# gmm-est --power=0.2 --write-occs=exp2/tri4a/8.occs --mix-up=23000 exp2/tri4a/7.mdl "gmm-sum-accs - exp2/tri4a/7.*.acc |" exp2/tri4a/8.mdl 
# Started at Thu Nov  1 02:14:22 EDT 2018
#
gmm-est --power=0.2 --write-occs=exp2/tri4a/8.occs --mix-up=23000 exp2/tri4a/7.mdl 'gmm-sum-accs - exp2/tri4a/7.*.acc |' exp2/tri4a/8.mdl 
gmm-sum-accs - exp2/tri4a/7.1.acc exp2/tri4a/7.10.acc exp2/tri4a/7.11.acc exp2/tri4a/7.12.acc exp2/tri4a/7.13.acc exp2/tri4a/7.14.acc exp2/tri4a/7.15.acc exp2/tri4a/7.16.acc exp2/tri4a/7.17.acc exp2/tri4a/7.18.acc exp2/tri4a/7.19.acc exp2/tri4a/7.2.acc exp2/tri4a/7.20.acc exp2/tri4a/7.21.acc exp2/tri4a/7.22.acc exp2/tri4a/7.23.acc exp2/tri4a/7.24.acc exp2/tri4a/7.25.acc exp2/tri4a/7.26.acc exp2/tri4a/7.27.acc exp2/tri4a/7.28.acc exp2/tri4a/7.29.acc exp2/tri4a/7.3.acc exp2/tri4a/7.30.acc exp2/tri4a/7.4.acc exp2/tri4a/7.5.acc exp2/tri4a/7.6.acc exp2/tri4a/7.7.acc exp2/tri4a/7.8.acc exp2/tri4a/7.9.acc 
LOG (gmm-sum-accs[5.4.105~1-4fda]:main():gmm-sum-accs.cc:63) Summed 30 stats, total count 3.19259e+07, avg like/frame -53.8164
LOG (gmm-sum-accs[5.4.105~1-4fda]:main():gmm-sum-accs.cc:66) Total count of stats is 3.19259e+07
LOG (gmm-sum-accs[5.4.105~1-4fda]:main():gmm-sum-accs.cc:67) Written stats to -
LOG (gmm-est[5.4.105~1-4fda]:MleUpdate():transition-model.cc:517) TransitionModel::Update, objf change is -5.20511e-12 per frame over 3.19259e+07 frames. 
LOG (gmm-est[5.4.105~1-4fda]:MleUpdate():transition-model.cc:520) 119 probabilities floored, 6661 out of 13628 transition-states skipped due to insuffient data (it is normal to have some skipped.)
LOG (gmm-est[5.4.105~1-4fda]:main():gmm-est.cc:102) Transition model update: Overall -5.20511e-12 log-like improvement per frame over 3.19259e+07 frames.
WARNING (gmm-est[5.4.105~1-4fda]:MleDiagGmmUpdate():mle-diag-gmm.cc:365) Gaussian has too little data but not removing it because it is the last Gaussian: i = 0, occ = 0, weight = 1
WARNING (gmm-est[5.4.105~1-4fda]:MleDiagGmmUpdate():mle-diag-gmm.cc:365) Gaussian has too little data but not removing it because it is the last Gaussian: i = 0, occ = 0, weight = 1
LOG (gmm-est[5.4.105~1-4fda]:MleAmDiagGmmUpdate():mle-am-diag-gmm.cc:225) 0 variance elements floored in 0 Gaussians, out of 20000
LOG (gmm-est[5.4.105~1-4fda]:MleAmDiagGmmUpdate():mle-am-diag-gmm.cc:229) Removed 0 Gaussians due to counts < --min-gaussian-occupancy=10 and --remove-low-count-gaussians=true
LOG (gmm-est[5.4.105~1-4fda]:main():gmm-est.cc:113) GMM update: Overall 0.184668 objective function improvement per frame over 3.1926e+07 frames
LOG (gmm-est[5.4.105~1-4fda]:main():gmm-est.cc:116) GMM update: Overall avg like per frame = -53.8164 over 3.19259e+07 frames.
LOG (gmm-est[5.4.105~1-4fda]:SplitByCount():am-diag-gmm.cc:116) Split 3992 states with target = 23000, power = 0.2, perturb_factor = 0.01 and min_count = 20, split #Gauss from 20000 to 23000
LOG (gmm-est[5.4.105~1-4fda]:main():gmm-est.cc:146) Written model to exp2/tri4a/8.mdl
# Accounting: time=4 threads=1
# Ended (code 0) at Thu Nov  1 02:14:26 EDT 2018, elapsed time 4 seconds
