# gmm-est --power=0.2 --write-occs=exp2/tri4a/31.occs --mix-up=80000 exp2/tri4a/30.mdl "gmm-sum-accs - exp2/tri4a/30.*.acc |" exp2/tri4a/31.mdl 
# Started at Thu Nov  1 02:56:48 EDT 2018
#
gmm-est --power=0.2 --write-occs=exp2/tri4a/31.occs --mix-up=80000 exp2/tri4a/30.mdl 'gmm-sum-accs - exp2/tri4a/30.*.acc |' exp2/tri4a/31.mdl 
gmm-sum-accs - exp2/tri4a/30.1.acc exp2/tri4a/30.10.acc exp2/tri4a/30.11.acc exp2/tri4a/30.12.acc exp2/tri4a/30.13.acc exp2/tri4a/30.14.acc exp2/tri4a/30.15.acc exp2/tri4a/30.16.acc exp2/tri4a/30.17.acc exp2/tri4a/30.18.acc exp2/tri4a/30.19.acc exp2/tri4a/30.2.acc exp2/tri4a/30.20.acc exp2/tri4a/30.21.acc exp2/tri4a/30.22.acc exp2/tri4a/30.23.acc exp2/tri4a/30.24.acc exp2/tri4a/30.25.acc exp2/tri4a/30.26.acc exp2/tri4a/30.27.acc exp2/tri4a/30.28.acc exp2/tri4a/30.29.acc exp2/tri4a/30.3.acc exp2/tri4a/30.30.acc exp2/tri4a/30.4.acc exp2/tri4a/30.5.acc exp2/tri4a/30.6.acc exp2/tri4a/30.7.acc exp2/tri4a/30.8.acc exp2/tri4a/30.9.acc 
LOG (gmm-sum-accs[5.4.105~1-4fda]:main():gmm-sum-accs.cc:63) Summed 30 stats, total count 3.19287e+07, avg like/frame -51.1166
LOG (gmm-sum-accs[5.4.105~1-4fda]:main():gmm-sum-accs.cc:66) Total count of stats is 3.19287e+07
LOG (gmm-sum-accs[5.4.105~1-4fda]:main():gmm-sum-accs.cc:67) Written stats to -
LOG (gmm-est[5.4.105~1-4fda]:MleUpdate():transition-model.cc:517) TransitionModel::Update, objf change is 3.6875e-05 per frame over 3.19288e+07 frames. 
LOG (gmm-est[5.4.105~1-4fda]:MleUpdate():transition-model.cc:520) 155 probabilities floored, 6657 out of 13628 transition-states skipped due to insuffient data (it is normal to have some skipped.)
LOG (gmm-est[5.4.105~1-4fda]:main():gmm-est.cc:102) Transition model update: Overall 3.6875e-05 log-like improvement per frame over 3.19288e+07 frames.
WARNING (gmm-est[5.4.105~1-4fda]:MleDiagGmmUpdate():mle-diag-gmm.cc:365) Gaussian has too little data but not removing it because it is the last Gaussian: i = 0, occ = 0, weight = 1
WARNING (gmm-est[5.4.105~1-4fda]:MleDiagGmmUpdate():mle-diag-gmm.cc:365) Gaussian has too little data but not removing it because it is the last Gaussian: i = 0, occ = 0, weight = 1
LOG (gmm-est[5.4.105~1-4fda]:MleAmDiagGmmUpdate():mle-am-diag-gmm.cc:225) 0 variance elements floored in 0 Gaussians, out of 80000
LOG (gmm-est[5.4.105~1-4fda]:MleAmDiagGmmUpdate():mle-am-diag-gmm.cc:229) Removed 0 Gaussians due to counts < --min-gaussian-occupancy=10 and --remove-low-count-gaussians=true
LOG (gmm-est[5.4.105~1-4fda]:main():gmm-est.cc:113) GMM update: Overall 0.0307854 objective function improvement per frame over 3.19288e+07 frames
LOG (gmm-est[5.4.105~1-4fda]:main():gmm-est.cc:116) GMM update: Overall avg like per frame = -51.1166 over 3.19287e+07 frames.
LOG (gmm-est[5.4.105~1-4fda]:SplitByCount():am-diag-gmm.cc:116) Split 3992 states with target = 80000, power = 0.2, perturb_factor = 0.01 and min_count = 20, split #Gauss from 80000 to 80077
LOG (gmm-est[5.4.105~1-4fda]:main():gmm-est.cc:146) Written model to exp2/tri4a/31.mdl
# Accounting: time=9 threads=1
# Ended (code 0) at Thu Nov  1 02:56:57 EDT 2018, elapsed time 9 seconds
