# gmm-est --power=0.2 --write-occs=exp2/tri4a/26.occs --mix-up=77000 exp2/tri4a/25.mdl "gmm-sum-accs - exp2/tri4a/25.*.acc |" exp2/tri4a/26.mdl 
# Started at Thu Nov  1 02:45:07 EDT 2018
#
gmm-est --power=0.2 --write-occs=exp2/tri4a/26.occs --mix-up=77000 exp2/tri4a/25.mdl 'gmm-sum-accs - exp2/tri4a/25.*.acc |' exp2/tri4a/26.mdl 
gmm-sum-accs - exp2/tri4a/25.1.acc exp2/tri4a/25.10.acc exp2/tri4a/25.11.acc exp2/tri4a/25.12.acc exp2/tri4a/25.13.acc exp2/tri4a/25.14.acc exp2/tri4a/25.15.acc exp2/tri4a/25.16.acc exp2/tri4a/25.17.acc exp2/tri4a/25.18.acc exp2/tri4a/25.19.acc exp2/tri4a/25.2.acc exp2/tri4a/25.20.acc exp2/tri4a/25.21.acc exp2/tri4a/25.22.acc exp2/tri4a/25.23.acc exp2/tri4a/25.24.acc exp2/tri4a/25.25.acc exp2/tri4a/25.26.acc exp2/tri4a/25.27.acc exp2/tri4a/25.28.acc exp2/tri4a/25.29.acc exp2/tri4a/25.3.acc exp2/tri4a/25.30.acc exp2/tri4a/25.4.acc exp2/tri4a/25.5.acc exp2/tri4a/25.6.acc exp2/tri4a/25.7.acc exp2/tri4a/25.8.acc exp2/tri4a/25.9.acc 
LOG (gmm-sum-accs[5.4.105~1-4fda]:main():gmm-sum-accs.cc:63) Summed 30 stats, total count 3.19252e+07, avg like/frame -51.3267
LOG (gmm-sum-accs[5.4.105~1-4fda]:main():gmm-sum-accs.cc:66) Total count of stats is 3.19252e+07
LOG (gmm-sum-accs[5.4.105~1-4fda]:main():gmm-sum-accs.cc:67) Written stats to -
LOG (gmm-est[5.4.105~1-4fda]:MleUpdate():transition-model.cc:517) TransitionModel::Update, objf change is -4.43601e-12 per frame over 3.19252e+07 frames. 
LOG (gmm-est[5.4.105~1-4fda]:MleUpdate():transition-model.cc:520) 151 probabilities floored, 6656 out of 13628 transition-states skipped due to insuffient data (it is normal to have some skipped.)
LOG (gmm-est[5.4.105~1-4fda]:main():gmm-est.cc:102) Transition model update: Overall -4.43601e-12 log-like improvement per frame over 3.19252e+07 frames.
WARNING (gmm-est[5.4.105~1-4fda]:MleDiagGmmUpdate():mle-diag-gmm.cc:365) Gaussian has too little data but not removing it because it is the last Gaussian: i = 0, occ = 0, weight = 1
WARNING (gmm-est[5.4.105~1-4fda]:MleDiagGmmUpdate():mle-diag-gmm.cc:365) Gaussian has too little data but not removing it because it is the last Gaussian: i = 0, occ = 0, weight = 1
LOG (gmm-est[5.4.105~1-4fda]:MleAmDiagGmmUpdate():mle-am-diag-gmm.cc:225) 0 variance elements floored in 0 Gaussians, out of 74000
LOG (gmm-est[5.4.105~1-4fda]:MleAmDiagGmmUpdate():mle-am-diag-gmm.cc:229) Removed 0 Gaussians due to counts < --min-gaussian-occupancy=10 and --remove-low-count-gaussians=true
LOG (gmm-est[5.4.105~1-4fda]:main():gmm-est.cc:113) GMM update: Overall 0.0194165 objective function improvement per frame over 3.19252e+07 frames
LOG (gmm-est[5.4.105~1-4fda]:main():gmm-est.cc:116) GMM update: Overall avg like per frame = -51.3267 over 3.19252e+07 frames.
LOG (gmm-est[5.4.105~1-4fda]:SplitByCount():am-diag-gmm.cc:116) Split 3992 states with target = 77000, power = 0.2, perturb_factor = 0.01 and min_count = 20, split #Gauss from 74000 to 77000
LOG (gmm-est[5.4.105~1-4fda]:main():gmm-est.cc:146) Written model to exp2/tri4a/26.mdl
# Accounting: time=8 threads=1
# Ended (code 0) at Thu Nov  1 02:45:15 EDT 2018, elapsed time 8 seconds
