# gmm-est --power=0.2 --write-occs=exp2/tri4a/19.occs --mix-up=56000 exp2/tri4a/18.mdl "gmm-sum-accs - exp2/tri4a/18.*.acc |" exp2/tri4a/19.mdl 
# Started at Thu Nov  1 02:32:35 EDT 2018
#
gmm-est --power=0.2 --write-occs=exp2/tri4a/19.occs --mix-up=56000 exp2/tri4a/18.mdl 'gmm-sum-accs - exp2/tri4a/18.*.acc |' exp2/tri4a/19.mdl 
gmm-sum-accs - exp2/tri4a/18.1.acc exp2/tri4a/18.10.acc exp2/tri4a/18.11.acc exp2/tri4a/18.12.acc exp2/tri4a/18.13.acc exp2/tri4a/18.14.acc exp2/tri4a/18.15.acc exp2/tri4a/18.16.acc exp2/tri4a/18.17.acc exp2/tri4a/18.18.acc exp2/tri4a/18.19.acc exp2/tri4a/18.2.acc exp2/tri4a/18.20.acc exp2/tri4a/18.21.acc exp2/tri4a/18.22.acc exp2/tri4a/18.23.acc exp2/tri4a/18.24.acc exp2/tri4a/18.25.acc exp2/tri4a/18.26.acc exp2/tri4a/18.27.acc exp2/tri4a/18.28.acc exp2/tri4a/18.29.acc exp2/tri4a/18.3.acc exp2/tri4a/18.30.acc exp2/tri4a/18.4.acc exp2/tri4a/18.5.acc exp2/tri4a/18.6.acc exp2/tri4a/18.7.acc exp2/tri4a/18.8.acc exp2/tri4a/18.9.acc 
LOG (gmm-sum-accs[5.4.105~1-4fda]:main():gmm-sum-accs.cc:63) Summed 30 stats, total count 3.19234e+07, avg like/frame -51.7615
LOG (gmm-sum-accs[5.4.105~1-4fda]:main():gmm-sum-accs.cc:66) Total count of stats is 3.19234e+07
LOG (gmm-sum-accs[5.4.105~1-4fda]:main():gmm-sum-accs.cc:67) Written stats to -
LOG (gmm-est[5.4.105~1-4fda]:MleUpdate():transition-model.cc:517) TransitionModel::Update, objf change is -1.97467e-11 per frame over 3.19233e+07 frames. 
LOG (gmm-est[5.4.105~1-4fda]:MleUpdate():transition-model.cc:520) 147 probabilities floored, 6651 out of 13628 transition-states skipped due to insuffient data (it is normal to have some skipped.)
LOG (gmm-est[5.4.105~1-4fda]:main():gmm-est.cc:102) Transition model update: Overall -1.97467e-11 log-like improvement per frame over 3.19233e+07 frames.
WARNING (gmm-est[5.4.105~1-4fda]:MleDiagGmmUpdate():mle-diag-gmm.cc:365) Gaussian has too little data but not removing it because it is the last Gaussian: i = 0, occ = 0, weight = 1
WARNING (gmm-est[5.4.105~1-4fda]:MleDiagGmmUpdate():mle-diag-gmm.cc:365) Gaussian has too little data but not removing it because it is the last Gaussian: i = 0, occ = 0, weight = 1
LOG (gmm-est[5.4.105~1-4fda]:MleAmDiagGmmUpdate():mle-am-diag-gmm.cc:225) 0 variance elements floored in 0 Gaussians, out of 53000
LOG (gmm-est[5.4.105~1-4fda]:MleAmDiagGmmUpdate():mle-am-diag-gmm.cc:229) Removed 0 Gaussians due to counts < --min-gaussian-occupancy=10 and --remove-low-count-gaussians=true
LOG (gmm-est[5.4.105~1-4fda]:main():gmm-est.cc:113) GMM update: Overall 0.0323453 objective function improvement per frame over 3.19233e+07 frames
LOG (gmm-est[5.4.105~1-4fda]:main():gmm-est.cc:116) GMM update: Overall avg like per frame = -51.7615 over 3.19234e+07 frames.
LOG (gmm-est[5.4.105~1-4fda]:SplitByCount():am-diag-gmm.cc:116) Split 3992 states with target = 56000, power = 0.2, perturb_factor = 0.01 and min_count = 20, split #Gauss from 53000 to 56000
LOG (gmm-est[5.4.105~1-4fda]:main():gmm-est.cc:146) Written model to exp2/tri4a/19.mdl
# Accounting: time=6 threads=1
# Ended (code 0) at Thu Nov  1 02:32:41 EDT 2018, elapsed time 6 seconds
